<?xml version="1.0" encoding="utf-8"?>
<graph>
  <header>
    <info name = "RTEHunter-mode" value = "inactive"/>
    <info name = "FindBugs2Graph-mode" value = "full"/>
    <info name = "FaultHunter-mode" value = "inactive"/>
    <info name = "AndroidHunter-mode" value = "inactive"/>
    <info name = "DuplicatedCodeFinder-mode" value = "full"/>
    <info name = "asg" value = "java"/>
    <info name = "LIM2Metrics-mode" value = "full"/>
    <info name = "PMD2Graph-mode" value = "full"/>
  </header>
  <data>
    <node name = "L102" type = "Component">
      <attribute type = "string" name = "Name" context = "attribute" value = "&lt;System&gt;"/>
      <attribute type = "string" name = "LongName" context = "attribute" value = "&lt;System&gt;"/>
      <attribute type = "string" name = "ChangesetID" context = "attribute" value = ""/>
      <attribute type = "string" name = "AnalysisTime" context = "attribute" value = "now"/>
      <attribute type = "int" name = "CCL" context = "metric" value = "35"/>
      <attribute type = "int" name = "CCO" context = "metric" value = "135"/>
      <attribute type = "float" name = "CEE" context = "metric" value = "1414.18"/>
      <attribute type = "int" name = "CI" context = "metric" value = "89"/>
      <attribute type = "int" name = "LDC" context = "metric" value = "972"/>
      <attribute type = "int" name = "LLDC" context = "metric" value = "896"/>
      <attribute type = "float" name = "CC" context = "metric" value = "0.0346151"/>
      <attribute type = "float" name = "CLLC" context = "metric" value = "0.0286793"/>
      <attribute type = "float" name = "CLC" context = "metric" value = "0.021264"/>
      <attribute type = "float" name = "NCR" context = "metric" value = "0.105882"/>
      <attribute type = "float" name = "CR" context = "metric" value = "0.0125585"/>
      <attribute type = "float" name = "CEG" context = "metric" value = "0.173118"/>
      <attribute type = "int" name = "PMD_UEC" context = "metric" value = "44"/>
      <attribute type = "int" name = "PMD_ASAML" context = "metric" value = "22"/>
      <attribute type = "int" name = "PMD_DP" context = "metric" value = "165"/>
      <attribute type = "int" name = "PMD_IF" context = "metric" value = "66"/>
      <attribute type = "int" name = "PMD_SiDTE" context = "metric" value = "165"/>
      <attribute type = "int" name = "PMD_UEM" context = "metric" value = "368"/>
      <attribute type = "int" name = "PMD_DNEJLE" context = "metric" value = "4"/>
      <attribute type = "int" name = "PMD_SCN" context = "metric" value = "33"/>
      <attribute type = "int" name = "PMD_LI" context = "metric" value = "3"/>
      <attribute type = "int" name = "PMD_UDO" context = "metric" value = "143"/>
      <attribute type = "int" name = "PMD_ATRET" context = "metric" value = "98"/>
      <attribute type = "int" name = "PMD_UnM" context = "metric" value = "19"/>
      <attribute type = "int" name = "PMD_ACT" context = "metric" value = "40"/>
      <attribute type = "int" name = "PMD_CSB" context = "metric" value = "14"/>
      <attribute type = "int" name = "PMD_EMIACSBA" context = "metric" value = "15"/>
      <attribute type = "int" name = "PMD_ARE" context = "metric" value = "4"/>
      <attribute type = "int" name = "PMD_FDSBASOC" context = "metric" value = "119"/>
      <attribute type = "int" name = "PMD_LoC" context = "metric" value = "4"/>
      <attribute type = "int" name = "PMD_UALIOV" context = "metric" value = "1"/>
      <attribute type = "int" name = "PMD_ECB" context = "metric" value = "39"/>
      <attribute type = "int" name = "PMD_CCOM" context = "metric" value = "11"/>
      <attribute type = "int" name = "PMD_UCIE" context = "metric" value = "4"/>
      <attribute type = "int" name = "PMD_NTSS" context = "metric" value = "1"/>
      <attribute type = "int" name = "PMD_ADL" context = "metric" value = "63"/>
      <attribute type = "int" name = "PMD_AFS" context = "metric" value = "4"/>
      <attribute type = "int" name = "PMD_UTWR" context = "metric" value = "6"/>
      <attribute type = "int" name = "PMD_UA" context = "metric" value = "6"/>
      <attribute type = "int" name = "PMD_ACGE" context = "metric" value = "29"/>
      <attribute type = "int" name = "PMD_UV" context = "metric" value = "48"/>
      <attribute type = "int" name = "PMD_LFIC" context = "metric" value = "17"/>
      <attribute type = "int" name = "PMD_SP" context = "metric" value = "7"/>
      <attribute type = "int" name = "PMD_ARLV" context = "metric" value = "5"/>
      <attribute type = "int" name = "PMD_ARP" context = "metric" value = "5"/>
      <attribute type = "int" name = "PMD_ICB" context = "metric" value = "21"/>
      <attribute type = "int" name = "PMD_ClR" context = "metric" value = "30"/>
      <attribute type = "int" name = "PMD_AIO" context = "metric" value = "4"/>
      <attribute type = "int" name = "PMD_SBE" context = "metric" value = "2"/>
      <attribute type = "int" name = "PMD_USAI" context = "metric" value = "20"/>
      <attribute type = "int" name = "PMD_FLCBF" context = "metric" value = "3"/>
      <attribute type = "int" name = "PMD_CWOPCSBF" context = "metric" value = "10"/>
      <attribute type = "int" name = "PMD_SMN" context = "metric" value = "130"/>
      <attribute type = "int" name = "PMD_RFI" context = "metric" value = "58"/>
      <attribute type = "int" name = "PMD_PST" context = "metric" value = "16"/>
      <attribute type = "int" name = "PMD_DNTVM" context = "metric" value = "2"/>
      <attribute type = "int" name = "PMD_UFQN" context = "metric" value = "69"/>
      <attribute type = "int" name = "PMD_JUASIM" context = "metric" value = "1330"/>
      <attribute type = "int" name = "PMD_UASIOAT" context = "metric" value = "34"/>
      <attribute type = "int" name = "PMD_JUTCTMA" context = "metric" value = "317"/>
      <attribute type = "int" name = "PMD_CIS" context = "metric" value = "3"/>
      <attribute type = "int" name = "PMD_SF" context = "metric" value = "4"/>
      <attribute type = "int" name = "PMD_EN" context = "metric" value = "9"/>
      <attribute type = "int" name = "PMD_SBA" context = "metric" value = "23"/>
      <attribute type = "int" name = "PMD_UAEIOAT" context = "metric" value = "9"/>
      <attribute type = "int" name = "PMD_JUTSIA" context = "metric" value = "288"/>
      <attribute type = "int" name = "PMD_TCWTC" context = "metric" value = "3"/>
      <attribute type = "int" name = "PMD_UBA" context = "metric" value = "8"/>
      <attribute type = "int" name = "PMD_EO" context = "metric" value = "1"/>
      <attribute type = "int" name = "PMD_ALEI" context = "metric" value = "2"/>
      <attribute type = "int" name = "PMD_EWS" context = "metric" value = "4"/>
      <attribute type = "int" name = "PMD_TMSI" context = "metric" value = "52"/>
      <attribute type = "int" name = "PMD_SBR" context = "metric" value = "2"/>
      <attribute type = "int" name = "PMD_UC" context = "metric" value = "6"/>
      <attribute type = "int" name = "PMD_CLA" context = "metric" value = "1"/>
      <attribute type = "int" name = "PMD_ATNPE" context = "metric" value = "31"/>
      <attribute type = "int" name = "PMD_AbCWAM" context = "metric" value = "4"/>
      <attribute type = "int" name = "PMD_ACWAM" context = "metric" value = "12"/>
      <attribute type = "int" name = "PMD_UAVE" context = "metric" value = "7"/>
      <attribute type = "int" name = "PMD_DTC" context = "metric" value = "1"/>
      <attribute type = "int" name = "PMD_APST" context = "metric" value = "2"/>
      <attribute type = "int" name = "PMD_AFNMMN" context = "metric" value = "17"/>
      <attribute type = "int" name = "PMD_ULBR" context = "metric" value = "6"/>
      <attribute type = "int" name = "PMD_UnI" context = "metric" value = "7"/>
      <attribute type = "int" name = "PMD_CASR" context = "metric" value = "1"/>
      <attribute type = "int" name = "PMD_ULV" context = "metric" value = "1"/>
      <attribute type = "int" name = "PMD_ATG" context = "metric" value = "5"/>
      <attribute type = "int" name = "PMD_FLVC" context = "metric" value = "1"/>
      <attribute type = "int" name = "PMD_AUEIS" context = "metric" value = "5"/>
      <attribute type = "int" name = "PMD_AES" context = "metric" value = "3"/>
      <attribute type = "int" name = "PMD_ACNPE" context = "metric" value = "4"/>
      <attribute type = "int" name = "PMD_UUINL" context = "metric" value = "4"/>
      <attribute type = "int" name = "PMD_AFNMTN" context = "metric" value = "1"/>
      <attribute type = "int" name = "PMD_BGMN" context = "metric" value = "2"/>
      <attribute type = "int" name = "PMD_UATIOAE" context = "metric" value = "5"/>
      <attribute type = "int" name = "PMD_ASBF" context = "metric" value = "13"/>
      <attribute type = "int" name = "PMD_ABSALIL" context = "metric" value = "1"/>
      <attribute type = "int" name = "PMD_FFCBS" context = "metric" value = "3"/>
      <attribute type = "int" name = "PMD_DC" context = "metric" value = "2"/>
      <attribute type = "int" name = "PMD_UPM" context = "metric" value = "1"/>
      <attribute type = "int" name = "PMD_ISB" context = "metric" value = "2"/>
      <attribute type = "int" name = "PMD_DNEJLT" context = "metric" value = "1"/>
      <attribute type = "int" name = "PMD_SEMN" context = "metric" value = "1"/>
      <attribute type = "int" name = "PMD_ODPL" context = "metric" value = "1"/>
      <attribute type = "int" name = "PMD_UOM" context = "metric" value = "2"/>
      <attribute type = "int" name = "PMD_AISD" context = "metric" value = "1"/>
      <attribute type = "int" name = "Documentation Rules" context = "metricgroup" value = "412"/>
      <attribute type = "int" name = "Multithreading Rules" context = "metricgroup" value = "28"/>
      <attribute type = "int" name = "Code Style Rules" context = "metricgroup" value = "826"/>
      <attribute type = "int" name = "Design Rules" context = "metricgroup" value = "460"/>
      <attribute type = "int" name = "Error Prone Rules" context = "metricgroup" value = "241"/>
      <attribute type = "int" name = "Best Practice Rules" context = "metricgroup" value = "2143"/>
      <attribute type = "int" name = "Performance Rules" context = "metricgroup" value = "70"/>
      <attribute type = "int" name = "TLLOC" context = "metric" value = "31242"/>
      <attribute type = "int" name = "TLOC" context = "metric" value = "45711"/>
      <attribute type = "float" name = "TAD" context = "metric" value = "0.191035"/>
      <attribute type = "int" name = "TNA" context = "metric" value = "968"/>
      <attribute type = "int" name = "TNCL" context = "metric" value = "1423"/>
      <attribute type = "int" name = "TNEN" context = "metric" value = "8"/>
      <attribute type = "int" name = "TNFI" context = "metric" value = "450"/>
      <attribute type = "int" name = "TNG" context = "metric" value = "331"/>
      <attribute type = "int" name = "TNIN" context = "metric" value = "42"/>
      <attribute type = "int" name = "TNM" context = "metric" value = "4329"/>
      <attribute type = "int" name = "TNOS" context = "metric" value = "9420"/>
      <attribute type = "int" name = "TNPA" context = "metric" value = "324"/>
      <attribute type = "int" name = "TNPCL" context = "metric" value = "1058"/>
      <attribute type = "int" name = "TNPEN" context = "metric" value = "1"/>
      <attribute type = "int" name = "TNPIN" context = "metric" value = "41"/>
      <attribute type = "int" name = "TNPKG" context = "metric" value = "64"/>
      <attribute type = "int" name = "TNPM" context = "metric" value = "3455"/>
      <attribute type = "int" name = "TNS" context = "metric" value = "33"/>
      <attribute type = "int" name = "TPDA" context = "metric" value = "797"/>
      <attribute type = "int" name = "TPUA" context = "metric" value = "3375"/>
      <attribute type = "int" name = "TCLOC" context = "metric" value = "7510"/>
      <attribute type = "int" name = "TNDI" context = "metric" value = "91"/>
      <attribute type = "float" name = "TCD" context = "metric" value = "0.193796"/>
      <attribute type = "int" name = "WarningBlocker" context = "metric" value = "0"/>
      <attribute type = "int" name = "WarningCritical" context = "metric" value = "163"/>
      <attribute type = "int" name = "WarningMajor" context = "metric" value = "802"/>
      <attribute type = "int" name = "WarningMinor" context = "metric" value = "3215"/>
      <attribute type = "int" name = "WarningInfo" context = "metric" value = "0"/>
    </node>
  </data>
</graph>
