<?xml version="1.0" encoding="UTF-8"?>
<pmd xmlns="http://pmd.sourceforge.net/report/2.0.0" xmlns:xsi="http://www.w3.org/2001/XMLSchema-instance" xsi:schemaLocation="http://pmd.sourceforge.net/report/2.0.0 http://pmd.sourceforge.net/report_2_0_0.xsd" version="6.32.0" timestamp="2022-04-02T17:18:14.021">
<file name="C:\Users\Deyan\Downloads\junit4-r4.13.2\src\main\java\junit\extensions\ActiveTestSuite.java">
<violation beginline="17" endline="18" begincolumn="12" endcolumn="5" rule="UncommentedEmptyConstructor" ruleset="Documentation" package="junit.extensions" class="ActiveTestSuite" method="ActiveTestSuite" externalInfoUrl="https://pmd.github.io/pmd/pmd_rules_java_documentation.html#uncommentedemptyconstructor" priority="3">
Document empty constructor
</violation>
<violation beginline="56" endline="64" begincolumn="18" endcolumn="5" rule="AvoidSynchronizedAtMethodLevel" ruleset="Multithreading" package="junit.extensions" class="ActiveTestSuite" method="waitUntilFinished" externalInfoUrl="https://pmd.github.io/pmd/pmd_rules_java_multithreading.html#avoidsynchronizedatmethodlevel" priority="3">
Use block level rather than method level synchronization
</violation>
<violation beginline="56" endline="64" begincolumn="5" endcolumn="5" rule="DefaultPackage" ruleset="Code Style" package="junit.extensions" class="ActiveTestSuite" externalInfoUrl="https://pmd.github.io/pmd/pmd_rules_java_codestyle.html#defaultpackage" priority="3">
Use explicit scoping instead of the default package private level
</violation>
<violation beginline="66" endline="69" begincolumn="25" endcolumn="5" rule="AvoidSynchronizedAtMethodLevel" ruleset="Multithreading" package="junit.extensions" class="ActiveTestSuite" method="runFinished" externalInfoUrl="https://pmd.github.io/pmd/pmd_rules_java_multithreading.html#avoidsynchronizedatmethodlevel" priority="3">
Use block level rather than method level synchronization
</violation>
</file>
<file name="C:\Users\Deyan\Downloads\junit4-r4.13.2\src\main\java\junit\extensions\RepeatedTest.java">
<violation beginline="10" endline="10" begincolumn="17" endcolumn="28" rule="ImmutableField" ruleset="Design" package="junit.extensions" class="RepeatedTest" variable="fTimesRepeat" externalInfoUrl="https://pmd.github.io/pmd/pmd_rules_java_design.html#immutablefield" priority="3">
Private field 'fTimesRepeat' could be made final; it is only initialized in the declaration or constructor.
</violation>
</file>
<file name="C:\Users\Deyan\Downloads\junit4-r4.13.2\src\main\java\junit\extensions\TestSetup.java">
<violation beginline="21" endline="21" begincolumn="42" endcolumn="50" rule="SignatureDeclareThrowsException" ruleset="Design" package="junit.extensions" class="TestSetup" method="protect" externalInfoUrl="https://pmd.github.io/pmd/pmd_rules_java_design.html#signaturedeclarethrowsexception" priority="3">
A method/constructor should not explicitly throw java.lang.Exception
</violation>
<violation beginline="33" endline="34" begincolumn="45" endcolumn="5" rule="UncommentedEmptyMethodBody" ruleset="Documentation" package="junit.extensions" class="TestSetup" method="setUp" externalInfoUrl="https://pmd.github.io/pmd/pmd_rules_java_documentation.html#uncommentedemptymethodbody" priority="3">
Document empty method body
</violation>
<violation beginline="40" endline="41" begincolumn="48" endcolumn="5" rule="UncommentedEmptyMethodBody" ruleset="Documentation" package="junit.extensions" class="TestSetup" method="tearDown" externalInfoUrl="https://pmd.github.io/pmd/pmd_rules_java_documentation.html#uncommentedemptymethodbody" priority="3">
Document empty method body
</violation>
</file>
<file name="C:\Users\Deyan\Downloads\junit4-r4.13.2\src\main\java\junit\framework\Assert.java">
<violation beginline="13" endline="14" begincolumn="15" endcolumn="5" rule="UncommentedEmptyConstructor" ruleset="Documentation" package="junit.framework" class="Assert" method="Assert" externalInfoUrl="https://pmd.github.io/pmd/pmd_rules_java_documentation.html#uncommentedemptyconstructor" priority="3">
Document empty constructor
</violation>
<violation beginline="119" endline="119" begincolumn="15" endcolumn="50" rule="LogicInversion" ruleset="Design" package="junit.framework" class="Assert" method="assertEquals" externalInfoUrl="https://pmd.github.io/pmd/pmd_rules_java_design.html#logicinversion" priority="3">
Use opposite operator instead of the logic complement operator.
</violation>
<violation beginline="141" endline="141" begincolumn="15" endcolumn="50" rule="LogicInversion" ruleset="Design" package="junit.framework" class="Assert" method="assertEquals" externalInfoUrl="https://pmd.github.io/pmd/pmd_rules_java_design.html#logicinversion" priority="3">
Use opposite operator instead of the logic complement operator.
</violation>
</file>
<file name="C:\Users\Deyan\Downloads\junit4-r4.13.2\src\main\java\junit\framework\AssertionFailedError.java">
<violation beginline="6" endline="6" begincolumn="43" endcolumn="56" rule="DoNotExtendJavaLangError" ruleset="Design" package="junit.framework" class="AssertionFailedError" externalInfoUrl="https://pmd.github.io/pmd/pmd_rules_java_design.html#donotextendjavalangerror" priority="3">
Exceptions should not extend java.lang.Error
</violation>
<violation beginline="13" endline="14" begincolumn="12" endcolumn="5" rule="UncommentedEmptyConstructor" ruleset="Documentation" package="junit.framework" class="AssertionFailedError" method="AssertionFailedError" externalInfoUrl="https://pmd.github.io/pmd/pmd_rules_java_documentation.html#uncommentedemptyconstructor" priority="3">
Document empty constructor
</violation>
</file>
<file name="C:\Users\Deyan\Downloads\junit4-r4.13.2\src\main\java\junit\framework\ComparisonCompactor.java">
<violation beginline="9" endline="9" begincolumn="17" endcolumn="30" rule="ImmutableField" ruleset="Design" package="junit.framework" class="ComparisonCompactor" variable="fContextLength" externalInfoUrl="https://pmd.github.io/pmd/pmd_rules_java_design.html#immutablefield" priority="3">
Private field 'fContextLength' could be made final; it is only initialized in the declaration or constructor.
</violation>
<violation beginline="10" endline="10" begincolumn="20" endcolumn="28" rule="ImmutableField" ruleset="Design" package="junit.framework" class="ComparisonCompactor" variable="fExpected" externalInfoUrl="https://pmd.github.io/pmd/pmd_rules_java_design.html#immutablefield" priority="3">
Private field 'fExpected' could be made final; it is only initialized in the declaration or constructor.
</violation>
<violation beginline="11" endline="11" begincolumn="20" endcolumn="26" rule="ImmutableField" ruleset="Design" package="junit.framework" class="ComparisonCompactor" variable="fActual" externalInfoUrl="https://pmd.github.io/pmd/pmd_rules_java_design.html#immutablefield" priority="3">
Private field 'fActual' could be made final; it is only initialized in the declaration or constructor.
</violation>
<violation beginline="40" endline="40" begincolumn="20" endcolumn="20" rule="UseStringBufferForStringAppends" ruleset="Performance" package="junit.framework" class="ComparisonCompactor" method="compactString" externalInfoUrl="https://pmd.github.io/pmd/pmd_rules_java_performance.html#usestringbufferforstringappends" priority="3">
Prefer StringBuilder (non-synchronized) or StringBuffer (synchronized) over += for concatenating strings
</violation>
</file>
<file name="C:\Users\Deyan\Downloads\junit4-r4.13.2\src\main\java\junit\framework\ComparisonFailure.java">
<violation beginline="12" endline="12" begincolumn="20" endcolumn="28" rule="ImmutableField" ruleset="Design" package="junit.framework" class="ComparisonFailure" variable="fExpected" externalInfoUrl="https://pmd.github.io/pmd/pmd_rules_java_design.html#immutablefield" priority="3">
Private field 'fExpected' could be made final; it is only initialized in the declaration or constructor.
</violation>
<violation beginline="13" endline="13" begincolumn="20" endcolumn="26" rule="ImmutableField" ruleset="Design" package="junit.framework" class="ComparisonFailure" variable="fActual" externalInfoUrl="https://pmd.github.io/pmd/pmd_rules_java_design.html#immutablefield" priority="3">
Private field 'fActual' could be made final; it is only initialized in the declaration or constructor.
</violation>
</file>
<file name="C:\Users\Deyan\Downloads\junit4-r4.13.2\src\main\java\junit\framework\JUnit4TestAdapterCache.java">
<violation beginline="32" endline="42" begincolumn="5" endcolumn="5" rule="DefaultPackage" ruleset="Code Style" package="junit.framework" class="JUnit4TestAdapterCache" externalInfoUrl="https://pmd.github.io/pmd/pmd_rules_java_codestyle.html#defaultpackage" priority="3">
Use explicit scoping instead of the default package private level
</violation>
<violation beginline="69" endline="69" begincolumn="37" endcolumn="57" rule="UseDiamondOperator" ruleset="Code Style" package="junit.framework" class="JUnit4TestAdapterCache" method="asTestList" externalInfoUrl="https://pmd.github.io/pmd/pmd_rules_java_codestyle.html#usediamondoperator" priority="3">
Explicit type arguments can be replaced by Diamond Operator
</violation>
</file>
<file name="C:\Users\Deyan\Downloads\junit4-r4.13.2\src\main\java\junit\framework\JUnit4TestCaseFacade.java">
<violation beginline="23" endline="23" begincolumn="19" endcolumn="34" rule="AvoidThrowingRawExceptionTypes" ruleset="Design" package="junit.framework" class="JUnit4TestCaseFacade" method="run" externalInfoUrl="https://pmd.github.io/pmd/pmd_rules_java_design.html#avoidthrowingrawexceptiontypes" priority="1">
Avoid throwing raw exception types.
</violation>
</file>
<file name="C:\Users\Deyan\Downloads\junit4-r4.13.2\src\main\java\junit\framework\Protectable.java">
<violation beginline="13" endline="13" begincolumn="21" endcolumn="52" rule="UnnecessaryModifier" ruleset="Code Style" package="junit.framework" class="Protectable" method="protect" externalInfoUrl="https://pmd.github.io/pmd/pmd_rules_java_codestyle.html#unnecessarymodifier" priority="3">
Unnecessary modifiers 'public abstract' on method 'protect': the method is declared in an interface type
</violation>
</file>
<file name="C:\Users\Deyan\Downloads\junit4-r4.13.2\src\main\java\junit\framework\Test.java">
<violation beginline="8" endline="18" begincolumn="8" endcolumn="1" rule="ShortClassName" ruleset="Code Style" package="junit.framework" class="Test" externalInfoUrl="https://pmd.github.io/pmd/pmd_rules_java_codestyle.html#shortclassname" priority="4">
Avoid short class names like Test
</violation>
<violation beginline="12" endline="12" begincolumn="21" endcolumn="41" rule="UnnecessaryModifier" ruleset="Code Style" package="junit.framework" class="Test" method="countTestCases" externalInfoUrl="https://pmd.github.io/pmd/pmd_rules_java_codestyle.html#unnecessarymodifier" priority="3">
Unnecessary modifiers 'public abstract' on method 'countTestCases': the method is declared in an interface type
</violation>
<violation beginline="17" endline="17" begincolumn="21" endcolumn="48" rule="UnnecessaryModifier" ruleset="Code Style" package="junit.framework" class="Test" method="run" externalInfoUrl="https://pmd.github.io/pmd/pmd_rules_java_codestyle.html#unnecessarymodifier" priority="3">
Unnecessary modifiers 'public abstract' on method 'run': the method is declared in an interface type
</violation>
</file>
<file name="C:\Users\Deyan\Downloads\junit4-r4.13.2\src\main\java\junit\framework\TestCase.java">
<violation beginline="143" endline="145" begincolumn="11" endcolumn="9" rule="AvoidCatchingThrowable" ruleset="Error Prone" package="junit.framework" class="TestCase" method="runBare" externalInfoUrl="https://pmd.github.io/pmd/pmd_rules_java_errorprone.html#avoidcatchingthrowable" priority="3">
A catch statement should never catch throwable since it includes errors.
</violation>
<violation beginline="148" endline="150" begincolumn="15" endcolumn="13" rule="AvoidCatchingThrowable" ruleset="Error Prone" package="junit.framework" class="TestCase" method="runBare" externalInfoUrl="https://pmd.github.io/pmd/pmd_rules_java_errorprone.html#avoidcatchingthrowable" priority="3">
A catch statement should never catch throwable since it includes errors.
</violation>
<violation beginline="149" endline="149" begincolumn="40" endcolumn="63" rule="ControlStatementBraces" ruleset="Code Style" package="junit.framework" class="TestCase" method="runBare" externalInfoUrl="https://pmd.github.io/pmd/pmd_rules_java_codestyle.html#controlstatementbraces" priority="3">
This statement should have braces
</violation>
<violation beginline="152" endline="152" begincolumn="32" endcolumn="47" rule="ControlStatementBraces" ruleset="Code Style" package="junit.framework" class="TestCase" method="runBare" externalInfoUrl="https://pmd.github.io/pmd/pmd_rules_java_codestyle.html#controlstatementbraces" priority="3">
This statement should have braces
</violation>
<violation beginline="474" endline="474" begincolumn="35" endcolumn="43" rule="SignatureDeclareThrowsException" ruleset="Design" package="junit.framework" class="TestCase" method="setUp" externalInfoUrl="https://pmd.github.io/pmd/pmd_rules_java_design.html#signaturedeclarethrowsexception" priority="3">
A method/constructor should not explicitly throw java.lang.Exception
</violation>
<violation beginline="474" endline="475" begincolumn="15" endcolumn="5" rule="EmptyMethodInAbstractClassShouldBeAbstract" ruleset="Code Style" package="junit.framework" class="TestCase" method="setUp" externalInfoUrl="https://pmd.github.io/pmd/pmd_rules_java_codestyle.html#emptymethodinabstractclassshouldbeabstract" priority="1">
An empty method in an abstract class should be abstract instead
</violation>
<violation beginline="474" endline="475" begincolumn="45" endcolumn="5" rule="UncommentedEmptyMethodBody" ruleset="Documentation" package="junit.framework" class="TestCase" method="setUp" externalInfoUrl="https://pmd.github.io/pmd/pmd_rules_java_documentation.html#uncommentedemptymethodbody" priority="3">
Document empty method body
</violation>
<violation beginline="481" endline="481" begincolumn="38" endcolumn="46" rule="SignatureDeclareThrowsException" ruleset="Design" package="junit.framework" class="TestCase" method="tearDown" externalInfoUrl="https://pmd.github.io/pmd/pmd_rules_java_design.html#signaturedeclarethrowsexception" priority="3">
A method/constructor should not explicitly throw java.lang.Exception
</violation>
<violation beginline="481" endline="482" begincolumn="15" endcolumn="5" rule="EmptyMethodInAbstractClassShouldBeAbstract" ruleset="Code Style" package="junit.framework" class="TestCase" method="tearDown" externalInfoUrl="https://pmd.github.io/pmd/pmd_rules_java_codestyle.html#emptymethodinabstractclassshouldbeabstract" priority="1">
An empty method in an abstract class should be abstract instead
</violation>
<violation beginline="481" endline="482" begincolumn="48" endcolumn="5" rule="UncommentedEmptyMethodBody" ruleset="Documentation" package="junit.framework" class="TestCase" method="tearDown" externalInfoUrl="https://pmd.github.io/pmd/pmd_rules_java_documentation.html#uncommentedemptymethodbody" priority="3">
Document empty method body
</violation>
</file>
<file name="C:\Users\Deyan\Downloads\junit4-r4.13.2\src\main\java\junit\framework\TestListener.java">
<violation beginline="10" endline="10" begincolumn="12" endcolumn="49" rule="UnnecessaryModifier" ruleset="Code Style" package="junit.framework" class="TestListener" method="addError" externalInfoUrl="https://pmd.github.io/pmd/pmd_rules_java_codestyle.html#unnecessarymodifier" priority="3">
Unnecessary modifier 'public' on method 'addError': the method is declared in an interface type
</violation>
<violation beginline="15" endline="15" begincolumn="12" endcolumn="62" rule="UnnecessaryModifier" ruleset="Code Style" package="junit.framework" class="TestListener" method="addFailure" externalInfoUrl="https://pmd.github.io/pmd/pmd_rules_java_codestyle.html#unnecessarymodifier" priority="3">
Unnecessary modifier 'public' on method 'addFailure': the method is declared in an interface type
</violation>
<violation beginline="20" endline="20" begincolumn="12" endcolumn="35" rule="UnnecessaryModifier" ruleset="Code Style" package="junit.framework" class="TestListener" method="endTest" externalInfoUrl="https://pmd.github.io/pmd/pmd_rules_java_codestyle.html#unnecessarymodifier" priority="3">
Unnecessary modifier 'public' on method 'endTest': the method is declared in an interface type
</violation>
<violation beginline="25" endline="25" begincolumn="12" endcolumn="37" rule="UnnecessaryModifier" ruleset="Code Style" package="junit.framework" class="TestListener" method="startTest" externalInfoUrl="https://pmd.github.io/pmd/pmd_rules_java_codestyle.html#unnecessarymodifier" priority="3">
Unnecessary modifier 'public' on method 'startTest': the method is declared in an interface type
</violation>
</file>
<file name="C:\Users\Deyan\Downloads\junit4-r4.13.2\src\main\java\junit\framework\TestResult.java">
<violation beginline="25" endline="25" begincolumn="21" endcolumn="48" rule="UseDiamondOperator" ruleset="Code Style" package="junit.framework" class="TestResult" method="TestResult" externalInfoUrl="https://pmd.github.io/pmd/pmd_rules_java_codestyle.html#usediamondoperator" priority="3">
Explicit type arguments can be replaced by Diamond Operator
</violation>
<violation beginline="26" endline="26" begincolumn="19" endcolumn="46" rule="UseDiamondOperator" ruleset="Code Style" package="junit.framework" class="TestResult" method="TestResult" externalInfoUrl="https://pmd.github.io/pmd/pmd_rules_java_codestyle.html#usediamondoperator" priority="3">
Explicit type arguments can be replaced by Diamond Operator
</violation>
<violation beginline="27" endline="27" begincolumn="22" endcolumn="50" rule="UseDiamondOperator" ruleset="Code Style" package="junit.framework" class="TestResult" method="TestResult" externalInfoUrl="https://pmd.github.io/pmd/pmd_rules_java_codestyle.html#usediamondoperator" priority="3">
Explicit type arguments can be replaced by Diamond Operator
</violation>
<violation beginline="36" endline="41" begincolumn="25" endcolumn="5" rule="AvoidSynchronizedAtMethodLevel" ruleset="Multithreading" package="junit.framework" class="TestResult" method="addError" externalInfoUrl="https://pmd.github.io/pmd/pmd_rules_java_multithreading.html#avoidsynchronizedatmethodlevel" priority="3">
Use block level rather than method level synchronization
</violation>
<violation beginline="47" endline="52" begincolumn="25" endcolumn="5" rule="AvoidSynchronizedAtMethodLevel" ruleset="Multithreading" package="junit.framework" class="TestResult" method="addFailure" externalInfoUrl="https://pmd.github.io/pmd/pmd_rules_java_multithreading.html#avoidsynchronizedatmethodlevel" priority="3">
Use block level rather than method level synchronization
</violation>
<violation beginline="57" endline="59" begincolumn="25" endcolumn="5" rule="AvoidSynchronizedAtMethodLevel" ruleset="Multithreading" package="junit.framework" class="TestResult" method="addListener" externalInfoUrl="https://pmd.github.io/pmd/pmd_rules_java_multithreading.html#avoidsynchronizedatmethodlevel" priority="3">
Use block level rather than method level synchronization
</violation>
<violation beginline="64" endline="66" begincolumn="25" endcolumn="5" rule="AvoidSynchronizedAtMethodLevel" ruleset="Multithreading" package="junit.framework" class="TestResult" method="removeListener" externalInfoUrl="https://pmd.github.io/pmd/pmd_rules_java_multithreading.html#avoidsynchronizedatmethodlevel" priority="3">
Use block level rather than method level synchronization
</violation>
<violation beginline="71" endline="75" begincolumn="26" endcolumn="5" rule="AvoidSynchronizedAtMethodLevel" ruleset="Multithreading" package="junit.framework" class="TestResult" method="cloneListeners" externalInfoUrl="https://pmd.github.io/pmd/pmd_rules_java_multithreading.html#avoidsynchronizedatmethodlevel" priority="3">
Use block level rather than method level synchronization
</violation>
<violation beginline="72" endline="72" begincolumn="37" endcolumn="65" rule="UseDiamondOperator" ruleset="Code Style" package="junit.framework" class="TestResult" method="cloneListeners" externalInfoUrl="https://pmd.github.io/pmd/pmd_rules_java_codestyle.html#usediamondoperator" priority="3">
Explicit type arguments can be replaced by Diamond Operator
</violation>
<violation beginline="89" endline="91" begincolumn="25" endcolumn="5" rule="AvoidSynchronizedAtMethodLevel" ruleset="Multithreading" package="junit.framework" class="TestResult" method="errorCount" externalInfoUrl="https://pmd.github.io/pmd/pmd_rules_java_multithreading.html#avoidsynchronizedatmethodlevel" priority="3">
Use block level rather than method level synchronization
</violation>
<violation beginline="96" endline="98" begincolumn="25" endcolumn="5" rule="AvoidSynchronizedAtMethodLevel" ruleset="Multithreading" package="junit.framework" class="TestResult" method="errors" externalInfoUrl="https://pmd.github.io/pmd/pmd_rules_java_multithreading.html#avoidsynchronizedatmethodlevel" priority="3">
Use block level rather than method level synchronization
</violation>
<violation beginline="104" endline="106" begincolumn="25" endcolumn="5" rule="AvoidSynchronizedAtMethodLevel" ruleset="Multithreading" package="junit.framework" class="TestResult" method="failureCount" externalInfoUrl="https://pmd.github.io/pmd/pmd_rules_java_multithreading.html#avoidsynchronizedatmethodlevel" priority="3">
Use block level rather than method level synchronization
</violation>
<violation beginline="111" endline="113" begincolumn="25" endcolumn="5" rule="AvoidSynchronizedAtMethodLevel" ruleset="Multithreading" package="junit.framework" class="TestResult" method="failures" externalInfoUrl="https://pmd.github.io/pmd/pmd_rules_java_multithreading.html#avoidsynchronizedatmethodlevel" priority="3">
Use block level rather than method level synchronization
</violation>
<violation beginline="133" endline="135" begincolumn="25" endcolumn="5" rule="AvoidSynchronizedAtMethodLevel" ruleset="Multithreading" package="junit.framework" class="TestResult" method="runCount" externalInfoUrl="https://pmd.github.io/pmd/pmd_rules_java_multithreading.html#avoidsynchronizedatmethodlevel" priority="3">
Use block level rather than method level synchronization
</violation>
<violation beginline="145" endline="147" begincolumn="11" endcolumn="9" rule="AvoidRethrowingException" ruleset="Design" package="junit.framework" class="TestResult" method="runProtected" externalInfoUrl="https://pmd.github.io/pmd/pmd_rules_java_design.html#avoidrethrowingexception" priority="3">
A catch statement that catches an exception only to rethrow it should be avoided.
</violation>
<violation beginline="147" endline="149" begincolumn="11" endcolumn="9" rule="AvoidCatchingThrowable" ruleset="Error Prone" package="junit.framework" class="TestResult" method="runProtected" externalInfoUrl="https://pmd.github.io/pmd/pmd_rules_java_errorprone.html#avoidcatchingthrowable" priority="3">
A catch statement should never catch throwable since it includes errors.
</violation>
<violation beginline="155" endline="157" begincolumn="25" endcolumn="5" rule="AvoidSynchronizedAtMethodLevel" ruleset="Multithreading" package="junit.framework" class="TestResult" method="shouldStop" externalInfoUrl="https://pmd.github.io/pmd/pmd_rules_java_multithreading.html#avoidsynchronizedatmethodlevel" priority="3">
Use block level rather than method level synchronization
</violation>
<violation beginline="175" endline="177" begincolumn="25" endcolumn="5" rule="AvoidSynchronizedAtMethodLevel" ruleset="Multithreading" package="junit.framework" class="TestResult" method="stop" externalInfoUrl="https://pmd.github.io/pmd/pmd_rules_java_multithreading.html#avoidsynchronizedatmethodlevel" priority="3">
Use block level rather than method level synchronization
</violation>
<violation beginline="182" endline="184" begincolumn="25" endcolumn="5" rule="AvoidSynchronizedAtMethodLevel" ruleset="Multithreading" package="junit.framework" class="TestResult" method="wasSuccessful" externalInfoUrl="https://pmd.github.io/pmd/pmd_rules_java_multithreading.html#avoidsynchronizedatmethodlevel" priority="3">
Use block level rather than method level synchronization
</violation>
</file>
<file name="C:\Users\Deyan\Downloads\junit4-r4.13.2\src\main\java\junit\framework\TestSuite.java">
<violation beginline="83" endline="85" begincolumn="11" endcolumn="9" rule="EmptyCatchBlock" ruleset="Error Prone" package="junit.framework" class="TestSuite" method="getTestConstructor" externalInfoUrl="https://pmd.github.io/pmd/pmd_rules_java_errorprone.html#emptycatchblock" priority="3">
Avoid empty catch blocks
</violation>
<violation beginline="101" endline="101" begincolumn="13" endcolumn="25" rule="FieldDeclarationsShouldBeAtStartOfClass" ruleset="Code Style" package="junit.framework" class="TestSuite" variable="VariableDeclaratorId" externalInfoUrl="https://pmd.github.io/pmd/pmd_rules_java_codestyle.html#fielddeclarationsshouldbeatstartofclass" priority="3">
Fields should be declared at the top of the class, before any method declarations, constructors, initializers or inner classes.
</violation>
<violation beginline="103" endline="103" begincolumn="13" endcolumn="24" rule="LooseCoupling" ruleset="Best Practices" package="junit.framework" class="TestSuite" externalInfoUrl="https://pmd.github.io/pmd/pmd_rules_java_bestpractices.html#loosecoupling" priority="3">
Avoid using implementation types like 'Vector'; use the interface instead
</violation>
<violation beginline="103" endline="103" begincolumn="35" endcolumn="54" rule="UseDiamondOperator" ruleset="Code Style" package="junit.framework" class="TestSuite" externalInfoUrl="https://pmd.github.io/pmd/pmd_rules_java_codestyle.html#usediamondoperator" priority="3">
Explicit type arguments can be replaced by Diamond Operator
</violation>
<violation beginline="103" endline="103" begincolumn="13" endcolumn="55" rule="FieldDeclarationsShouldBeAtStartOfClass" ruleset="Code Style" package="junit.framework" class="TestSuite" variable="VariableDeclaratorId" externalInfoUrl="https://pmd.github.io/pmd/pmd_rules_java_codestyle.html#fielddeclarationsshouldbeatstartofclass" priority="3">
Fields should be declared at the top of the class, before any method declarations, constructors, initializers or inner classes.
</violation>
<violation beginline="103" endline="103" begincolumn="26" endcolumn="31" rule="ImmutableField" ruleset="Design" package="junit.framework" class="TestSuite" variable="fTests" externalInfoUrl="https://pmd.github.io/pmd/pmd_rules_java_design.html#immutablefield" priority="3">
Private field 'fTests' could be made final; it is only initialized in the declaration or constructor.
</violation>
<violation beginline="103" endline="103" begincolumn="39" endcolumn="50" rule="UseArrayListInsteadOfVector" ruleset="Performance" package="junit.framework" class="TestSuite" externalInfoUrl="https://pmd.github.io/pmd/pmd_rules_java_performance.html#usearraylistinsteadofvector" priority="3">
Use ArrayList instead of Vector
</violation>
<violation beginline="108" endline="109" begincolumn="12" endcolumn="5" rule="UncommentedEmptyConstructor" ruleset="Documentation" package="junit.framework" class="TestSuite" method="TestSuite" externalInfoUrl="https://pmd.github.io/pmd/pmd_rules_java_documentation.html#uncommentedemptyconstructor" priority="3">
Document empty constructor
</violation>
<violation beginline="118" endline="118" begincolumn="9" endcolumn="38" rule="ConstructorCallsOverridableMethod" ruleset="Error Prone" package="junit.framework" class="TestSuite" method="TestSuite" externalInfoUrl="https://pmd.github.io/pmd/pmd_rules_java_errorprone.html#constructorcallsoverridablemethod" priority="1">
Overridable method 'addTest' called during object construction
</violation>
<violation beginline="136" endline="136" begincolumn="30" endcolumn="52" rule="UseDiamondOperator" ruleset="Code Style" package="junit.framework" class="TestSuite" method="addTestsFromTestCase" externalInfoUrl="https://pmd.github.io/pmd/pmd_rules_java_codestyle.html#usediamondoperator" priority="3">
Explicit type arguments can be replaced by Diamond Operator
</violation>
<violation beginline="143" endline="143" begincolumn="13" endcolumn="23" rule="UseCollectionIsEmpty" ruleset="Best Practices" package="junit.framework" class="TestSuite" method="addTestsFromTestCase" externalInfoUrl="https://pmd.github.io/pmd/pmd_rules_java_bestpractices.html#usecollectionisempty" priority="3">
Substitute calls to size() == 0 (or size() != 0, size() &gt; 0, size() &lt; 1) with calls to isEmpty()
</violation>
<violation beginline="155" endline="155" begincolumn="9" endcolumn="21" rule="ConstructorCallsOverridableMethod" ruleset="Error Prone" package="junit.framework" class="TestSuite" method="TestSuite" externalInfoUrl="https://pmd.github.io/pmd/pmd_rules_java_errorprone.html#constructorcallsoverridablemethod" priority="1">
Overridable method 'setName' called during object construction
</violation>
<violation beginline="162" endline="162" begincolumn="9" endcolumn="21" rule="ConstructorCallsOverridableMethod" ruleset="Error Prone" package="junit.framework" class="TestSuite" method="TestSuite" externalInfoUrl="https://pmd.github.io/pmd/pmd_rules_java_errorprone.html#constructorcallsoverridablemethod" priority="1">
Overridable method 'setName' called during object construction
</violation>
<violation beginline="172" endline="172" begincolumn="13" endcolumn="43" rule="ConstructorCallsOverridableMethod" ruleset="Error Prone" package="junit.framework" class="TestSuite" method="TestSuite" externalInfoUrl="https://pmd.github.io/pmd/pmd_rules_java_errorprone.html#constructorcallsoverridablemethod" priority="1">
Overridable method 'addTest' called during object construction
</violation>
<violation beginline="191" endline="191" begincolumn="9" endcolumn="21" rule="ConstructorCallsOverridableMethod" ruleset="Error Prone" package="junit.framework" class="TestSuite" method="TestSuite" externalInfoUrl="https://pmd.github.io/pmd/pmd_rules_java_errorprone.html#constructorcallsoverridablemethod" priority="1">
Overridable method 'setName' called during object construction
</violation>
</file>
<file name="C:\Users\Deyan\Downloads\junit4-r4.13.2\src\main\java\junit\runner\BaseTestRunner.java">
<violation beginline="33" endline="33" begincolumn="5" endcolumn="40" rule="DefaultPackage" ruleset="Code Style" package="junit.runner" class="BaseTestRunner" externalInfoUrl="https://pmd.github.io/pmd/pmd_rules_java_codestyle.html#defaultpackage" priority="3">
Use explicit scoping instead of the default package private level
</violation>
<violation beginline="34" endline="34" begincolumn="5" endcolumn="40" rule="DefaultPackage" ruleset="Code Style" package="junit.runner" class="BaseTestRunner" externalInfoUrl="https://pmd.github.io/pmd/pmd_rules_java_codestyle.html#defaultpackage" priority="3">
Use explicit scoping instead of the default package private level
</violation>
<violation beginline="35" endline="35" begincolumn="5" endcolumn="28" rule="DefaultPackage" ruleset="Code Style" package="junit.runner" class="BaseTestRunner" externalInfoUrl="https://pmd.github.io/pmd/pmd_rules_java_codestyle.html#defaultpackage" priority="3">
Use explicit scoping instead of the default package private level
</violation>
<violation beginline="40" endline="42" begincolumn="25" endcolumn="5" rule="AvoidSynchronizedAtMethodLevel" ruleset="Multithreading" package="junit.runner" class="BaseTestRunner" method="startTest" externalInfoUrl="https://pmd.github.io/pmd/pmd_rules_java_multithreading.html#avoidsynchronizedatmethodlevel" priority="3">
Use block level rather than method level synchronization
</violation>
<violation beginline="49" endline="54" begincolumn="9" endcolumn="9" rule="NonThreadSafeSingleton" ruleset="Multithreading" package="junit.runner" class="BaseTestRunner" method="getPreferences" externalInfoUrl="https://pmd.github.io/pmd/pmd_rules_java_multithreading.html#nonthreadsafesingleton" priority="3">
Singleton is not thread safe
</violation>
<violation beginline="51" endline="51" begincolumn="41" endcolumn="46" rule="AvoidDuplicateLiterals" ruleset="Error Prone" package="junit.runner" class="BaseTestRunner" method="getPreferences" externalInfoUrl="https://pmd.github.io/pmd/pmd_rules_java_errorprone.html#avoidduplicateliterals" priority="3">
The String literal "true" appears 4 times in this file; the first occurrence is on line 51
</violation>
<violation beginline="59" endline="59" begincolumn="36" endcolumn="51" rule="AvoidFileStream" ruleset="Performance" package="junit.runner" class="BaseTestRunner" method="savePreferences" externalInfoUrl="https://pmd.github.io/pmd/pmd_rules_java_performance.html#avoidfilestream" priority="1">
Avoid instantiating FileInputStream, FileOutputStream, FileReader, or FileWriter
</violation>
<violation beginline="60" endline="64" begincolumn="9" endcolumn="9" rule="UseTryWithResources" ruleset="Best Practices" package="junit.runner" class="BaseTestRunner" method="savePreferences" externalInfoUrl="https://pmd.github.io/pmd/pmd_rules_java_bestpractices.html#usetrywithresources" priority="3">
Consider using a try-with-resources statement instead of explicitly closing the resource
</violation>
<violation beginline="71" endline="73" begincolumn="25" endcolumn="5" rule="AvoidSynchronizedAtMethodLevel" ruleset="Multithreading" package="junit.runner" class="BaseTestRunner" method="endTest" externalInfoUrl="https://pmd.github.io/pmd/pmd_rules_java_multithreading.html#avoidsynchronizedatmethodlevel" priority="3">
Use block level rather than method level synchronization
</violation>
<violation beginline="75" endline="77" begincolumn="25" endcolumn="5" rule="AvoidSynchronizedAtMethodLevel" ruleset="Multithreading" package="junit.runner" class="BaseTestRunner" method="addError" externalInfoUrl="https://pmd.github.io/pmd/pmd_rules_java_multithreading.html#avoidsynchronizedatmethodlevel" priority="3">
Use block level rather than method level synchronization
</violation>
<violation beginline="79" endline="81" begincolumn="25" endcolumn="5" rule="AvoidSynchronizedAtMethodLevel" ruleset="Multithreading" package="junit.runner" class="BaseTestRunner" method="addFailure" externalInfoUrl="https://pmd.github.io/pmd/pmd_rules_java_multithreading.html#avoidsynchronizedatmethodlevel" priority="3">
Use block level rather than method level synchronization
</violation>
<violation beginline="100" endline="100" begincolumn="30" endcolumn="33" rule="UnusedAssignment" ruleset="Best Practices" package="junit.runner" class="BaseTestRunner" method="getTest" externalInfoUrl="https://pmd.github.io/pmd/pmd_rules_java_bestpractices.html#unusedassignment" priority="3">
The initializer for variable 'testClass' is never used (overwritten on line 102)
</violation>
<violation beginline="110" endline="110" begincolumn="18" endcolumn="26" rule="AvoidCatchingGenericException" ruleset="Design" package="junit.runner" class="BaseTestRunner" method="getTest" externalInfoUrl="https://pmd.github.io/pmd/pmd_rules_java_design.html#avoidcatchinggenericexception" priority="3">
Avoid catching generic exceptions such as NullPointerException, RuntimeException, Exception in try-catch block
</violation>
<violation beginline="114" endline="114" begincolumn="30" endcolumn="33" rule="UnusedAssignment" ruleset="Best Practices" package="junit.runner" class="BaseTestRunner" method="getTest" externalInfoUrl="https://pmd.github.io/pmd/pmd_rules_java_bestpractices.html#unusedassignment" priority="3">
The initializer for variable 'suiteMethod' is never used (overwritten on line 116)
</violation>
<violation beginline="117" endline="117" begincolumn="18" endcolumn="26" rule="AvoidCatchingGenericException" ruleset="Design" package="junit.runner" class="BaseTestRunner" method="getTest" externalInfoUrl="https://pmd.github.io/pmd/pmd_rules_java_design.html#avoidcatchinggenericexception" priority="3">
Avoid catching generic exceptions such as NullPointerException, RuntimeException, Exception in try-catch block
</violation>
<violation beginline="126" endline="126" begincolumn="21" endcolumn="24" rule="UnusedAssignment" ruleset="Best Practices" package="junit.runner" class="BaseTestRunner" method="getTest" externalInfoUrl="https://pmd.github.io/pmd/pmd_rules_java_bestpractices.html#unusedassignment" priority="3">
The initializer for variable 'test' is never used (overwritten on line 128)
</violation>
<violation beginline="155" endline="155" begincolumn="39" endcolumn="51" rule="UseVarargs" ruleset="Best Practices" package="junit.runner" class="BaseTestRunner" method="processArguments" variable="args" externalInfoUrl="https://pmd.github.io/pmd/pmd_rules_java_bestpractices.html#usevarargs" priority="4">
Consider using varargs for methods or constructors which take an array the last parameter.
</violation>
<violation beginline="158" endline="158" begincolumn="17" endcolumn="44" rule="LiteralsFirstInComparisons" ruleset="Best Practices" package="junit.runner" class="BaseTestRunner" method="processArguments" externalInfoUrl="https://pmd.github.io/pmd/pmd_rules_java_bestpractices.html#literalsfirstincomparisons" priority="3">
Position literals first in String comparisons
</violation>
<violation beginline="160" endline="160" begincolumn="24" endcolumn="55" rule="LiteralsFirstInComparisons" ruleset="Best Practices" package="junit.runner" class="BaseTestRunner" method="processArguments" externalInfoUrl="https://pmd.github.io/pmd/pmd_rules_java_bestpractices.html#literalsfirstincomparisons" priority="3">
Position literals first in String comparisons
</violation>
<violation beginline="162" endline="162" begincolumn="24" endcolumn="43" rule="LiteralsFirstInComparisons" ruleset="Best Practices" package="junit.runner" class="BaseTestRunner" method="processArguments" externalInfoUrl="https://pmd.github.io/pmd/pmd_rules_java_bestpractices.html#literalsfirstincomparisons" priority="3">
Position literals first in String comparisons
</violation>
<violation beginline="166" endline="166" begincolumn="21" endcolumn="38" rule="SystemPrintln" ruleset="Best Practices" package="junit.runner" class="BaseTestRunner" method="processArguments" externalInfoUrl="https://pmd.github.io/pmd/pmd_rules_java_bestpractices.html#systemprintln" priority="2">
System.out.println is used
</violation>
<violation beginline="168" endline="168" begincolumn="17" endcolumn="17" rule="AvoidReassigningLoopVariables" ruleset="Best Practices" package="junit.runner" class="BaseTestRunner" method="processArguments" externalInfoUrl="https://pmd.github.io/pmd/pmd_rules_java_bestpractices.html#avoidreassigningloopvariables" priority="3">
Avoid reassigning the loop control variable 'i'
</violation>
<violation beginline="196" endline="196" begincolumn="42" endcolumn="42" rule="AvoidReassigningParameters" ruleset="Best Practices" package="junit.runner" class="BaseTestRunner" method="truncate" variable="s" externalInfoUrl="https://pmd.github.io/pmd/pmd_rules_java_bestpractices.html#avoidreassigningparameters" priority="2">
Avoid reassigning parameters such as 's'
</violation>
<violation beginline="219" endline="220" begincolumn="15" endcolumn="5" rule="EmptyMethodInAbstractClassShouldBeAbstract" ruleset="Code Style" package="junit.runner" class="BaseTestRunner" method="clearStatus" externalInfoUrl="https://pmd.github.io/pmd/pmd_rules_java_codestyle.html#emptymethodinabstractclassshouldbeabstract" priority="1">
An empty method in an abstract class should be abstract instead
</violation>
<violation beginline="223" endline="223" begincolumn="16" endcolumn="54" rule="LiteralsFirstInComparisons" ruleset="Best Practices" package="junit.runner" class="BaseTestRunner" method="useReloadingTestSuiteLoader" externalInfoUrl="https://pmd.github.io/pmd/pmd_rules_java_bestpractices.html#literalsfirstincomparisons" priority="3">
Position literals first in String comparisons
</violation>
<violation beginline="233" endline="246" begincolumn="9" endcolumn="9" rule="UseTryWithResources" ruleset="Best Practices" package="junit.runner" class="BaseTestRunner" method="readPreferences" externalInfoUrl="https://pmd.github.io/pmd/pmd_rules_java_bestpractices.html#usetrywithresources" priority="3">
Consider using a try-with-resources statement instead of explicitly closing the resource
</violation>
<violation beginline="234" endline="234" begincolumn="22" endcolumn="36" rule="AvoidFileStream" ruleset="Performance" package="junit.runner" class="BaseTestRunner" method="readPreferences" externalInfoUrl="https://pmd.github.io/pmd/pmd_rules_java_performance.html#avoidfilestream" priority="1">
Avoid instantiating FileInputStream, FileOutputStream, FileReader, or FileWriter
</violation>
<violation beginline="238" endline="239" begincolumn="11" endcolumn="9" rule="IdenticalCatchBranches" ruleset="Code Style" package="junit.runner" class="BaseTestRunner" method="readPreferences" externalInfoUrl="https://pmd.github.io/pmd/pmd_rules_java_codestyle.html#identicalcatchbranches" priority="3">
'catch' branch identical to 'IOException' branch
</violation>
<violation beginline="244" endline="245" begincolumn="15" endcolumn="13" rule="EmptyCatchBlock" ruleset="Error Prone" package="junit.runner" class="BaseTestRunner" method="readPreferences" externalInfoUrl="https://pmd.github.io/pmd/pmd_rules_java_errorprone.html#emptycatchblock" priority="3">
Avoid empty catch blocks
</violation>
<violation beginline="261" endline="262" begincolumn="11" endcolumn="9" rule="EmptyCatchBlock" ruleset="Error Prone" package="junit.runner" class="BaseTestRunner" method="getPreference" externalInfoUrl="https://pmd.github.io/pmd/pmd_rules_java_errorprone.html#emptycatchblock" priority="3">
Avoid empty catch blocks
</violation>
<violation beginline="283" endline="283" begincolumn="22" endcolumn="23" rule="CloseResource" ruleset="Error Prone" package="junit.runner" class="BaseTestRunner" method="getFilteredTrace" variable="sr" externalInfoUrl="https://pmd.github.io/pmd/pmd_rules_java_errorprone.html#closeresource" priority="3">
Ensure that resources like this StringReader object are closed after use
</violation>
<violation beginline="284" endline="284" begincolumn="24" endcolumn="25" rule="CloseResource" ruleset="Error Prone" package="junit.runner" class="BaseTestRunner" method="getFilteredTrace" variable="br" externalInfoUrl="https://pmd.github.io/pmd/pmd_rules_java_errorprone.html#closeresource" priority="3">
Ensure that resources like this StringReader object are closed after use
</violation>
<violation beginline="288" endline="288" begincolumn="20" endcolumn="49" rule="AssignmentInOperand" ruleset="Error Prone" package="junit.runner" class="BaseTestRunner" method="getFilteredTrace" externalInfoUrl="https://pmd.github.io/pmd/pmd_rules_java_errorprone.html#assignmentinoperand" priority="3">
Avoid assignments in operands
</violation>
<violation beginline="293" endline="293" begincolumn="18" endcolumn="26" rule="AvoidCatchingGenericException" ruleset="Design" package="junit.runner" class="BaseTestRunner" method="getFilteredTrace" externalInfoUrl="https://pmd.github.io/pmd/pmd_rules_java_design.html#avoidcatchinggenericexception" priority="3">
Avoid catching generic exceptions such as NullPointerException, RuntimeException, Exception in try-catch block
</violation>
<violation beginline="300" endline="300" begincolumn="81" endcolumn="85" rule="SimplifyBooleanExpressions" ruleset="Design" package="junit.runner" class="BaseTestRunner" method="showStackRaw" externalInfoUrl="https://pmd.github.io/pmd/pmd_rules_java_design.html#simplifybooleanexpressions" priority="3">
Avoid unnecessary comparisons in boolean expressions
</violation>
<violation beginline="300" endline="300" begincolumn="17" endcolumn="59" rule="LiteralsFirstInComparisons" ruleset="Best Practices" package="junit.runner" class="BaseTestRunner" method="showStackRaw" externalInfoUrl="https://pmd.github.io/pmd/pmd_rules_java_bestpractices.html#literalsfirstincomparisons" priority="3">
Position literals first in String comparisons
</violation>
<violation beginline="303" endline="320" begincolumn="5" endcolumn="5" rule="DefaultPackage" ruleset="Code Style" package="junit.runner" class="BaseTestRunner" externalInfoUrl="https://pmd.github.io/pmd/pmd_rules_java_codestyle.html#defaultpackage" priority="3">
Use explicit scoping instead of the default package private level
</violation>
<violation beginline="304" endline="313" begincolumn="18" endcolumn="9" rule="UseShortArrayInitializer" ruleset="Code Style" package="junit.runner" class="BaseTestRunner" method="filterLine" variable="patterns" externalInfoUrl="https://pmd.github.io/pmd/pmd_rules_java_codestyle.html#useshortarrayinitializer" priority="3">
Array initialization can be written shorter
</violation>
<violation beginline="314" endline="318" begincolumn="9" endcolumn="9" rule="ForLoopCanBeForeach" ruleset="Best Practices" package="junit.runner" class="BaseTestRunner" method="filterLine" externalInfoUrl="https://pmd.github.io/pmd/pmd_rules_java_bestpractices.html#forloopcanbeforeach" priority="3">
This for loop can be replaced by a foreach loop
</violation>
</file>
<file name="C:\Users\Deyan\Downloads\junit4-r4.13.2\src\main\java\junit\runner\Version.java">
<violation beginline="6" endline="18" begincolumn="8" endcolumn="1" rule="ClassWithOnlyPrivateConstructorsShouldBeFinal" ruleset="Design" package="junit.runner" class="Version" externalInfoUrl="https://pmd.github.io/pmd/pmd_rules_java_design.html#classwithonlyprivateconstructorsshouldbefinal" priority="1">
A class which only has private constructors should be final
</violation>
<violation beginline="11" endline="13" begincolumn="16" endcolumn="2" rule="ShortMethodName" ruleset="Code Style" package="junit.runner" class="Version" method="id" externalInfoUrl="https://pmd.github.io/pmd/pmd_rules_java_codestyle.html#shortmethodname" priority="3">
Avoid using short method names
</violation>
<violation beginline="16" endline="16" begincolumn="3" endcolumn="20" rule="SystemPrintln" ruleset="Best Practices" package="junit.runner" class="Version" method="main" externalInfoUrl="https://pmd.github.io/pmd/pmd_rules_java_bestpractices.html#systemprintln" priority="2">
System.out.println is used
</violation>
</file>
<file name="C:\Users\Deyan\Downloads\junit4-r4.13.2\src\main\java\junit\textui\ResultPrinter.java">
<violation beginline="15" endline="15" begincolumn="5" endcolumn="24" rule="DefaultPackage" ruleset="Code Style" package="junit.textui" class="ResultPrinter" externalInfoUrl="https://pmd.github.io/pmd/pmd_rules_java_codestyle.html#defaultpackage" priority="3">
Use explicit scoping instead of the default package private level
</violation>
<violation beginline="16" endline="16" begincolumn="9" endcolumn="19" rule="RedundantFieldInitializer" ruleset="Performance" package="junit.textui" class="ResultPrinter" variable="fColumn" externalInfoUrl="https://pmd.github.io/pmd/pmd_rules_java_performance.html#redundantfieldinitializer" priority="3">
Avoid using redundant field initializer for 'fColumn'
</violation>
<violation beginline="16" endline="16" begincolumn="5" endcolumn="20" rule="DefaultPackage" ruleset="Code Style" package="junit.textui" class="ResultPrinter" externalInfoUrl="https://pmd.github.io/pmd/pmd_rules_java_codestyle.html#defaultpackage" priority="3">
Use explicit scoping instead of the default package private level
</violation>
<violation beginline="24" endline="29" begincolumn="18" endcolumn="5" rule="AvoidSynchronizedAtMethodLevel" ruleset="Multithreading" package="junit.textui" class="ResultPrinter" method="print" externalInfoUrl="https://pmd.github.io/pmd/pmd_rules_java_multithreading.html#avoidsynchronizedatmethodlevel" priority="3">
Use block level rather than method level synchronization
</violation>
<violation beginline="24" endline="29" begincolumn="5" endcolumn="5" rule="DefaultPackage" ruleset="Code Style" package="junit.textui" class="ResultPrinter" externalInfoUrl="https://pmd.github.io/pmd/pmd_rules_java_codestyle.html#defaultpackage" priority="3">
Use explicit scoping instead of the default package private level
</violation>
<violation beginline="31" endline="34" begincolumn="5" endcolumn="5" rule="DefaultPackage" ruleset="Code Style" package="junit.textui" class="ResultPrinter" externalInfoUrl="https://pmd.github.io/pmd/pmd_rules_java_codestyle.html#defaultpackage" priority="3">
Use explicit scoping instead of the default package private level
</violation>
<violation beginline="52" endline="52" begincolumn="25" endcolumn="31" rule="ControlStatementBraces" ruleset="Code Style" package="junit.textui" class="ResultPrinter" method="printDefects" externalInfoUrl="https://pmd.github.io/pmd/pmd_rules_java_codestyle.html#controlstatementbraces" priority="3">
This statement should have braces
</violation>
<violation beginline="123" endline="124" begincolumn="36" endcolumn="5" rule="UncommentedEmptyMethodBody" ruleset="Documentation" package="junit.textui" class="ResultPrinter" method="endTest" externalInfoUrl="https://pmd.github.io/pmd/pmd_rules_java_documentation.html#uncommentedemptymethodbody" priority="3">
Document empty method body
</violation>
<violation beginline="131" endline="131" begincolumn="13" endcolumn="27" rule="AssignmentInOperand" ruleset="Error Prone" package="junit.textui" class="ResultPrinter" method="startTest" externalInfoUrl="https://pmd.github.io/pmd/pmd_rules_java_errorprone.html#assignmentinoperand" priority="3">
Avoid assignments in operands
</violation>
</file>
<file name="C:\Users\Deyan\Downloads\junit4-r4.13.2\src\main\java\junit\textui\TestRunner.java">
<violation beginline="90" endline="91" begincolumn="64" endcolumn="5" rule="UncommentedEmptyMethodBody" ruleset="Documentation" package="junit.textui" class="TestRunner" method="testFailed" externalInfoUrl="https://pmd.github.io/pmd/pmd_rules_java_documentation.html#uncommentedemptymethodbody" priority="3">
Document empty method body
</violation>
<violation beginline="94" endline="95" begincolumn="46" endcolumn="5" rule="UncommentedEmptyMethodBody" ruleset="Documentation" package="junit.textui" class="TestRunner" method="testStarted" externalInfoUrl="https://pmd.github.io/pmd/pmd_rules_java_documentation.html#uncommentedemptymethodbody" priority="3">
Document empty method body
</violation>
<violation beginline="98" endline="99" begincolumn="44" endcolumn="5" rule="UncommentedEmptyMethodBody" ruleset="Documentation" package="junit.textui" class="TestRunner" method="testEnded" externalInfoUrl="https://pmd.github.io/pmd/pmd_rules_java_documentation.html#uncommentedemptymethodbody" priority="3">
Document empty method body
</violation>
<violation beginline="126" endline="126" begincolumn="20" endcolumn="26" rule="ControlStatementBraces" ruleset="Code Style" package="junit.textui" class="TestRunner" method="pause" externalInfoUrl="https://pmd.github.io/pmd/pmd_rules_java_codestyle.html#controlstatementbraces" priority="3">
This statement should have braces
</violation>
<violation beginline="130" endline="130" begincolumn="18" endcolumn="26" rule="AvoidCatchingGenericException" ruleset="Design" package="junit.textui" class="TestRunner" method="pause" externalInfoUrl="https://pmd.github.io/pmd/pmd_rules_java_design.html#avoidcatchinggenericexception" priority="3">
Avoid catching generic exceptions such as NullPointerException, RuntimeException, Exception in try-catch block
</violation>
<violation beginline="130" endline="131" begincolumn="11" endcolumn="9" rule="EmptyCatchBlock" ruleset="Error Prone" package="junit.textui" class="TestRunner" method="pause" externalInfoUrl="https://pmd.github.io/pmd/pmd_rules_java_errorprone.html#emptycatchblock" priority="3">
Avoid empty catch blocks
</violation>
<violation beginline="142" endline="142" begincolumn="18" endcolumn="26" rule="AvoidCatchingGenericException" ruleset="Design" package="junit.textui" class="TestRunner" method="main" externalInfoUrl="https://pmd.github.io/pmd/pmd_rules_java_design.html#avoidcatchinggenericexception" priority="3">
Avoid catching generic exceptions such as NullPointerException, RuntimeException, Exception in try-catch block
</violation>
<violation beginline="143" endline="143" begincolumn="13" endcolumn="30" rule="SystemPrintln" ruleset="Best Practices" package="junit.textui" class="TestRunner" method="main" externalInfoUrl="https://pmd.github.io/pmd/pmd_rules_java_bestpractices.html#systemprintln" priority="2">
System.err.println is used
</violation>
<violation beginline="152" endline="152" begincolumn="51" endcolumn="59" rule="SignatureDeclareThrowsException" ruleset="Design" package="junit.textui" class="TestRunner" method="start" externalInfoUrl="https://pmd.github.io/pmd/pmd_rules_java_design.html#signaturedeclarethrowsexception" priority="3">
A method/constructor should not explicitly throw java.lang.Exception
</violation>
<violation beginline="152" endline="152" begincolumn="29" endcolumn="41" rule="UseVarargs" ruleset="Best Practices" package="junit.textui" class="TestRunner" method="start" variable="args" externalInfoUrl="https://pmd.github.io/pmd/pmd_rules_java_bestpractices.html#usevarargs" priority="4">
Consider using varargs for methods or constructors which take an array the last parameter.
</violation>
<violation beginline="158" endline="158" begincolumn="17" endcolumn="39" rule="LiteralsFirstInComparisons" ruleset="Best Practices" package="junit.textui" class="TestRunner" method="start" externalInfoUrl="https://pmd.github.io/pmd/pmd_rules_java_bestpractices.html#literalsfirstincomparisons" priority="3">
Position literals first in String comparisons
</violation>
<violation beginline="160" endline="160" begincolumn="24" endcolumn="43" rule="LiteralsFirstInComparisons" ruleset="Best Practices" package="junit.textui" class="TestRunner" method="start" externalInfoUrl="https://pmd.github.io/pmd/pmd_rules_java_bestpractices.html#literalsfirstincomparisons" priority="3">
Position literals first in String comparisons
</violation>
<violation beginline="161" endline="161" begincolumn="52" endcolumn="52" rule="AvoidReassigningLoopVariables" ruleset="Best Practices" package="junit.textui" class="TestRunner" method="start" externalInfoUrl="https://pmd.github.io/pmd/pmd_rules_java_bestpractices.html#avoidreassigningloopvariables" priority="3">
Avoid reassigning the loop control variable 'i'
</violation>
<violation beginline="162" endline="162" begincolumn="24" endcolumn="43" rule="LiteralsFirstInComparisons" ruleset="Best Practices" package="junit.textui" class="TestRunner" method="start" externalInfoUrl="https://pmd.github.io/pmd/pmd_rules_java_bestpractices.html#literalsfirstincomparisons" priority="3">
Position literals first in String comparisons
</violation>
<violation beginline="163" endline="163" begincolumn="37" endcolumn="37" rule="AvoidReassigningLoopVariables" ruleset="Best Practices" package="junit.textui" class="TestRunner" method="start" externalInfoUrl="https://pmd.github.io/pmd/pmd_rules_java_bestpractices.html#avoidreassigningloopvariables" priority="3">
Avoid reassigning the loop control variable 'i'
</violation>
<violation beginline="167" endline="167" begincolumn="24" endcolumn="43" rule="LiteralsFirstInComparisons" ruleset="Best Practices" package="junit.textui" class="TestRunner" method="start" externalInfoUrl="https://pmd.github.io/pmd/pmd_rules_java_bestpractices.html#literalsfirstincomparisons" priority="3">
Position literals first in String comparisons
</violation>
<violation beginline="168" endline="168" begincolumn="17" endcolumn="34" rule="SystemPrintln" ruleset="Best Practices" package="junit.textui" class="TestRunner" method="start" externalInfoUrl="https://pmd.github.io/pmd/pmd_rules_java_bestpractices.html#systemprintln" priority="2">
System.err.println is used
</violation>
<violation beginline="174" endline="174" begincolumn="13" endcolumn="31" rule="LiteralsFirstInComparisons" ruleset="Best Practices" package="junit.textui" class="TestRunner" method="start" externalInfoUrl="https://pmd.github.io/pmd/pmd_rules_java_bestpractices.html#literalsfirstincomparisons" priority="3">
Position literals first in String comparisons
</violation>
<violation beginline="175" endline="175" begincolumn="23" endcolumn="31" rule="AvoidThrowingRawExceptionTypes" ruleset="Design" package="junit.textui" class="TestRunner" method="start" externalInfoUrl="https://pmd.github.io/pmd/pmd_rules_java_design.html#avoidthrowingrawexceptiontypes" priority="1">
Avoid throwing raw exception types.
</violation>
<violation beginline="179" endline="179" begincolumn="18" endcolumn="34" rule="LiteralsFirstInComparisons" ruleset="Best Practices" package="junit.textui" class="TestRunner" method="start" externalInfoUrl="https://pmd.github.io/pmd/pmd_rules_java_bestpractices.html#literalsfirstincomparisons" priority="3">
Position literals first in String comparisons
</violation>
<violation beginline="184" endline="184" begincolumn="18" endcolumn="26" rule="AvoidCatchingGenericException" ruleset="Design" package="junit.textui" class="TestRunner" method="start" externalInfoUrl="https://pmd.github.io/pmd/pmd_rules_java_design.html#avoidcatchinggenericexception" priority="3">
Avoid catching generic exceptions such as NullPointerException, RuntimeException, Exception in try-catch block
</violation>
<violation beginline="185" endline="185" begincolumn="23" endcolumn="31" rule="AvoidThrowingRawExceptionTypes" ruleset="Design" package="junit.textui" class="TestRunner" method="start" externalInfoUrl="https://pmd.github.io/pmd/pmd_rules_java_design.html#avoidthrowingrawexceptiontypes" priority="1">
Avoid throwing raw exception types.
</violation>
<violation beginline="185" endline="185" begincolumn="13" endcolumn="77" rule="PreserveStackTrace" ruleset="Best Practices" package="junit.textui" class="TestRunner" method="start" externalInfoUrl="https://pmd.github.io/pmd/pmd_rules_java_bestpractices.html#preservestacktrace" priority="3">
New exception is thrown in catch block, original stack trace may be lost
</violation>
<violation beginline="189" endline="189" begincolumn="95" endcolumn="103" rule="SignatureDeclareThrowsException" ruleset="Design" package="junit.textui" class="TestRunner" method="runSingleMethod" externalInfoUrl="https://pmd.github.io/pmd/pmd_rules_java_design.html#signaturedeclarethrowsexception" priority="3">
A method/constructor should not explicitly throw java.lang.Exception
</violation>
<violation beginline="197" endline="197" begincolumn="9" endcolumn="26" rule="SystemPrintln" ruleset="Best Practices" package="junit.textui" class="TestRunner" method="runFailed" externalInfoUrl="https://pmd.github.io/pmd/pmd_rules_java_bestpractices.html#systemprintln" priority="2">
System.err.println is used
</violation>
<violation beginline="198" endline="198" begincolumn="9" endcolumn="19" rule="DoNotTerminateVM" ruleset="Error Prone" package="junit.textui" class="TestRunner" method="runFailed" externalInfoUrl="https://pmd.github.io/pmd/pmd_rules_java_errorprone.html#donotterminatevm" priority="3">
System.exit() should not be used in J2EE/JEE apps
</violation>
</file>
<file name="C:\Users\Deyan\Downloads\junit4-r4.13.2\src\main\java\org\junit\Assert.java">
<violation beginline="29" endline="30" begincolumn="15" endcolumn="5" rule="UncommentedEmptyConstructor" ruleset="Documentation" package="org.junit" class="Assert" method="Assert" externalInfoUrl="https://pmd.github.io/pmd/pmd_rules_java_documentation.html#uncommentedemptyconstructor" priority="3">
Document empty constructor
</violation>
<violation beginline="284" endline="284" begincolumn="13" endcolumn="28" rule="UseVarargs" ruleset="Best Practices" package="org.junit" class="Assert" method="assertArrayEquals" variable="actuals" externalInfoUrl="https://pmd.github.io/pmd/pmd_rules_java_bestpractices.html#usevarargs" priority="4">
Consider using varargs for methods or constructors which take an array the last parameter.
</violation>
<violation beginline="299" endline="299" begincolumn="62" endcolumn="77" rule="UseVarargs" ruleset="Best Practices" package="org.junit" class="Assert" method="assertArrayEquals" variable="actuals" externalInfoUrl="https://pmd.github.io/pmd/pmd_rules_java_bestpractices.html#usevarargs" priority="4">
Consider using varargs for methods or constructors which take an array the last parameter.
</violation>
<violation beginline="315" endline="315" begincolumn="13" endcolumn="29" rule="UseVarargs" ruleset="Best Practices" package="org.junit" class="Assert" method="assertArrayEquals" variable="actuals" externalInfoUrl="https://pmd.github.io/pmd/pmd_rules_java_bestpractices.html#usevarargs" priority="4">
Consider using varargs for methods or constructors which take an array the last parameter.
</violation>
<violation beginline="328" endline="328" begincolumn="63" endcolumn="79" rule="UseVarargs" ruleset="Best Practices" package="org.junit" class="Assert" method="assertArrayEquals" variable="actuals" externalInfoUrl="https://pmd.github.io/pmd/pmd_rules_java_bestpractices.html#usevarargs" priority="4">
Consider using varargs for methods or constructors which take an array the last parameter.
</violation>
<violation beginline="367" endline="367" begincolumn="13" endcolumn="26" rule="UseVarargs" ruleset="Best Practices" package="org.junit" class="Assert" method="assertArrayEquals" variable="actuals" externalInfoUrl="https://pmd.github.io/pmd/pmd_rules_java_bestpractices.html#usevarargs" priority="4">
Consider using varargs for methods or constructors which take an array the last parameter.
</violation>
<violation beginline="378" endline="378" begincolumn="60" endcolumn="73" rule="UseVarargs" ruleset="Best Practices" package="org.junit" class="Assert" method="assertArrayEquals" variable="actuals" externalInfoUrl="https://pmd.github.io/pmd/pmd_rules_java_bestpractices.html#usevarargs" priority="4">
Consider using varargs for methods or constructors which take an array the last parameter.
</violation>
<violation beginline="392" endline="392" begincolumn="13" endcolumn="27" rule="UseVarargs" ruleset="Best Practices" package="org.junit" class="Assert" method="assertArrayEquals" variable="actuals" externalInfoUrl="https://pmd.github.io/pmd/pmd_rules_java_bestpractices.html#usevarargs" priority="4">
Consider using varargs for methods or constructors which take an array the last parameter.
</violation>
<violation beginline="403" endline="403" begincolumn="61" endcolumn="75" rule="UseVarargs" ruleset="Best Practices" package="org.junit" class="Assert" method="assertArrayEquals" variable="actuals" externalInfoUrl="https://pmd.github.io/pmd/pmd_rules_java_bestpractices.html#usevarargs" priority="4">
Consider using varargs for methods or constructors which take an array the last parameter.
</violation>
<violation beginline="417" endline="417" begincolumn="13" endcolumn="25" rule="UseVarargs" ruleset="Best Practices" package="org.junit" class="Assert" method="assertArrayEquals" variable="actuals" externalInfoUrl="https://pmd.github.io/pmd/pmd_rules_java_bestpractices.html#usevarargs" priority="4">
Consider using varargs for methods or constructors which take an array the last parameter.
</violation>
<violation beginline="428" endline="428" begincolumn="59" endcolumn="71" rule="UseVarargs" ruleset="Best Practices" package="org.junit" class="Assert" method="assertArrayEquals" variable="actuals" externalInfoUrl="https://pmd.github.io/pmd/pmd_rules_java_bestpractices.html#usevarargs" priority="4">
Consider using varargs for methods or constructors which take an array the last parameter.
</violation>
<violation beginline="442" endline="442" begincolumn="13" endcolumn="26" rule="UseVarargs" ruleset="Best Practices" package="org.junit" class="Assert" method="assertArrayEquals" variable="actuals" externalInfoUrl="https://pmd.github.io/pmd/pmd_rules_java_bestpractices.html#usevarargs" priority="4">
Consider using varargs for methods or constructors which take an array the last parameter.
</violation>
<violation beginline="453" endline="453" begincolumn="60" endcolumn="73" rule="UseVarargs" ruleset="Best Practices" package="org.junit" class="Assert" method="assertArrayEquals" variable="actuals" externalInfoUrl="https://pmd.github.io/pmd/pmd_rules_java_bestpractices.html#usevarargs" priority="4">
Consider using varargs for methods or constructors which take an array the last parameter.
</violation>
<violation beginline="607" endline="609" begincolumn="9" endcolumn="9" rule="SimplifyBooleanReturns" ruleset="Design" package="org.junit" class="Assert" method="doubleIsDifferent" externalInfoUrl="https://pmd.github.io/pmd/pmd_rules_java_design.html#simplifybooleanreturns" priority="3">
Avoid unnecessary if..then..else statements when returning booleans
</violation>
<violation beginline="618" endline="620" begincolumn="9" endcolumn="9" rule="SimplifyBooleanReturns" ruleset="Design" package="org.junit" class="Assert" method="floatIsDifferent" externalInfoUrl="https://pmd.github.io/pmd/pmd_rules_java_design.html#simplifybooleanreturns" priority="3">
Avoid unnecessary if..then..else statements when returning booleans
</violation>
<violation beginline="838" endline="853" begincolumn="5" endcolumn="5" rule="DefaultPackage" ruleset="Code Style" package="org.junit" class="Assert" externalInfoUrl="https://pmd.github.io/pmd/pmd_rules_java_codestyle.html#defaultpackage" priority="3">
Use explicit scoping instead of the default package private level
</violation>
<violation beginline="881" endline="881" begincolumn="13" endcolumn="28" rule="UseVarargs" ruleset="Best Practices" package="org.junit" class="Assert" method="assertEquals" variable="actuals" externalInfoUrl="https://pmd.github.io/pmd/pmd_rules_java_bestpractices.html#usevarargs" priority="4">
Consider using varargs for methods or constructors which take an array the last parameter.
</violation>
<violation beginline="898" endline="898" begincolumn="57" endcolumn="72" rule="UseVarargs" ruleset="Best Practices" package="org.junit" class="Assert" method="assertEquals" variable="actuals" externalInfoUrl="https://pmd.github.io/pmd/pmd_rules_java_bestpractices.html#usevarargs" priority="4">
Consider using varargs for methods or constructors which take an array the last parameter.
</violation>
<violation beginline="1002" endline="1024" begincolumn="11" endcolumn="9" rule="AvoidCatchingThrowable" ruleset="Error Prone" package="org.junit" class="Assert" externalInfoUrl="https://pmd.github.io/pmd/pmd_rules_java_errorprone.html#avoidcatchingthrowable" priority="3">
A catch statement should never catch throwable since it includes errors.
</violation>
</file>
<file name="C:\Users\Deyan\Downloads\junit4-r4.13.2\src\main\java\org\junit\Assume.java">
<violation beginline="1" endline="169" begincolumn="1" endcolumn="2" rule="TooManyStaticImports" ruleset="Code Style" package="org.junit" class="Assume" externalInfoUrl="https://pmd.github.io/pmd/pmd_rules_java_codestyle.html#toomanystaticimports" priority="3">
Too many static imports may lead to messy code
</violation>
<violation beginline="43" endline="44" begincolumn="12" endcolumn="5" rule="UnnecessaryConstructor" ruleset="Code Style" package="org.junit" class="Assume" method="Assume" externalInfoUrl="https://pmd.github.io/pmd/pmd_rules_java_codestyle.html#unnecessaryconstructor" priority="3">
Avoid unnecessary constructors - the compiler will generate these for you
</violation>
<violation beginline="43" endline="44" begincolumn="12" endcolumn="5" rule="UncommentedEmptyConstructor" ruleset="Documentation" package="org.junit" class="Assume" method="Assume" externalInfoUrl="https://pmd.github.io/pmd/pmd_rules_java_documentation.html#uncommentedemptyconstructor" priority="3">
Document empty constructor
</violation>
<violation beginline="68" endline="68" begincolumn="17" endcolumn="63" rule="ControlStatementBraces" ruleset="Code Style" package="org.junit" class="Assume" method="assumeTrue" externalInfoUrl="https://pmd.github.io/pmd/pmd_rules_java_codestyle.html#controlstatementbraces" priority="3">
This statement should have braces
</violation>
</file>
<file name="C:\Users\Deyan\Downloads\junit4-r4.13.2\src\main\java\org\junit\AssumptionViolatedException.java">
<violation beginline="14" endline="14" begincolumn="50" endcolumn="95" rule="UnnecessaryFullyQualifiedName" ruleset="Code Style" package="org.junit" class="AssumptionViolatedException" externalInfoUrl="https://pmd.github.io/pmd/pmd_rules_java_codestyle.html#unnecessaryfullyqualifiedname" priority="4">
Unnecessary use of fully qualified name 'org.junit.internal.AssumptionViolatedException' due to existing same package import 'org.junit.*'
</violation>
</file>
<file name="C:\Users\Deyan\Downloads\junit4-r4.13.2\src\main\java\org\junit\ComparisonFailure.java">
<violation beginline="12" endline="12" begincolumn="40" endcolumn="53" rule="DoNotExtendJavaLangError" ruleset="Design" package="org.junit" class="ComparisonFailure" externalInfoUrl="https://pmd.github.io/pmd/pmd_rules_java_design.html#donotextendjavalangerror" priority="3">
Exceptions should not extend java.lang.Error
</violation>
<violation beginline="26" endline="26" begincolumn="20" endcolumn="28" rule="ImmutableField" ruleset="Design" package="org.junit" class="ComparisonFailure" variable="fExpected" externalInfoUrl="https://pmd.github.io/pmd/pmd_rules_java_design.html#immutablefield" priority="3">
Private field 'fExpected' could be made final; it is only initialized in the declaration or constructor.
</violation>
<violation beginline="27" endline="27" begincolumn="20" endcolumn="26" rule="ImmutableField" ruleset="Design" package="org.junit" class="ComparisonFailure" variable="fActual" externalInfoUrl="https://pmd.github.io/pmd/pmd_rules_java_design.html#immutablefield" priority="3">
Private field 'fActual' could be made final; it is only initialized in the declaration or constructor.
</violation>
</file>
<file name="C:\Users\Deyan\Downloads\junit4-r4.13.2\src\main\java\org\junit\Test.java">
<violation beginline="90" endline="95" begincolumn="12" endcolumn="5" rule="ShortClassName" ruleset="Code Style" package="org.junit" class="Test$None" externalInfoUrl="https://pmd.github.io/pmd/pmd_rules_java_codestyle.html#shortclassname" priority="4">
Avoid short class names like None
</violation>
<violation beginline="90" endline="90" begincolumn="31" endcolumn="39" rule="DoNotExtendJavaLangThrowable" ruleset="Error Prone" package="org.junit" class="Test$None" externalInfoUrl="https://pmd.github.io/pmd/pmd_rules_java_errorprone.html#donotextendjavalangthrowable" priority="3">
Exceptions should not extend java.lang.Throwable
</violation>
<violation beginline="90" endline="95" begincolumn="12" endcolumn="5" rule="UnnecessaryModifier" ruleset="Code Style" package="org.junit" class="Test$None" externalInfoUrl="https://pmd.github.io/pmd/pmd_rules_java_codestyle.html#unnecessarymodifier" priority="3">
Unnecessary modifier 'static' on class 'None': types nested within an interface type are implicitly static
</violation>
</file>
<file name="C:\Users\Deyan\Downloads\junit4-r4.13.2\src\main\java\org\junit\TestCouldNotBeSkippedException.java">
<violation beginline="16" endline="16" begincolumn="43" endcolumn="88" rule="UnnecessaryFullyQualifiedName" ruleset="Code Style" package="org.junit" class="TestCouldNotBeSkippedException" method="TestCouldNotBeSkippedException" externalInfoUrl="https://pmd.github.io/pmd/pmd_rules_java_codestyle.html#unnecessaryfullyqualifiedname" priority="4">
Unnecessary use of fully qualified name 'org.junit.internal.AssumptionViolatedException' due to existing same package import 'org.junit.*'
</violation>
</file>
<file name="C:\Users\Deyan\Downloads\junit4-r4.13.2\src\main\java\org\junit\experimental\ParallelComputer.java">
<violation beginline="15" endline="15" begincolumn="19" endcolumn="34" rule="AvoidFieldNameMatchingMethodName" ruleset="Error Prone" package="org.junit.experimental" class="ParallelComputer" variable="VariableDeclaratorId" externalInfoUrl="https://pmd.github.io/pmd/pmd_rules_java_errorprone.html#avoidfieldnamematchingmethodname" priority="3">
Field classes has the same name as a method
</violation>
<violation beginline="17" endline="17" begincolumn="19" endcolumn="34" rule="AvoidFieldNameMatchingMethodName" ruleset="Error Prone" package="org.junit.experimental" class="ParallelComputer" variable="VariableDeclaratorId" externalInfoUrl="https://pmd.github.io/pmd/pmd_rules_java_errorprone.html#avoidfieldnamematchingmethodname" priority="3">
Field methods has the same name as a method
</violation>
<violation beginline="55" endline="55" begincolumn="51" endcolumn="68" rule="UnnecessaryFullyQualifiedName" ruleset="Code Style" package="org.junit.experimental" class="ParallelComputer" method="getSuite" externalInfoUrl="https://pmd.github.io/pmd/pmd_rules_java_codestyle.html#unnecessaryfullyqualifiedname" priority="4">
Unnecessary use of fully qualified name 'java.lang.Class' due to existing implicit import 'java.lang.*'
</violation>
</file>
<file name="C:\Users\Deyan\Downloads\junit4-r4.13.2\src\main\java\org\junit\experimental\categories\Categories.java">
<violation beginline="167" endline="167" begincolumn="58" endcolumn="78" rule="UseVarargs" ruleset="Best Practices" package="org.junit.experimental.categories" class="Categories$CategoryFilter" method="CategoryFilter" variable="exclusions" externalInfoUrl="https://pmd.github.io/pmd/pmd_rules_java_bestpractices.html#usevarargs" priority="4">
Consider using varargs for methods or constructors which take an array the last parameter.
</violation>
<violation beginline="196" endline="196" begincolumn="27" endcolumn="37" rule="ConsecutiveLiteralAppends" ruleset="Performance" package="org.junit.experimental.categories" class="Categories$CategoryFilter" method="toString" variable="description" externalInfoUrl="https://pmd.github.io/pmd/pmd_rules_java_performance.html#consecutiveliteralappends" priority="3">
StringBuffer (or StringBuilder).append is called 2 consecutive times with literals. Use a single append with a single combined String.
</violation>
<violation beginline="278" endline="278" begincolumn="39" endcolumn="61" rule="UseDiamondOperator" ruleset="Code Style" package="org.junit.experimental.categories" class="Categories$CategoryFilter" method="categories" externalInfoUrl="https://pmd.github.io/pmd/pmd_rules_java_codestyle.html#usediamondoperator" priority="3">
Explicit type arguments can be replaced by Diamond Operator
</violation>
<violation beginline="299" endline="299" begincolumn="30" endcolumn="58" rule="UseDiamondOperator" ruleset="Code Style" package="org.junit.experimental.categories" class="Categories$CategoryFilter" method="copyAndRefine" externalInfoUrl="https://pmd.github.io/pmd/pmd_rules_java_codestyle.html#usediamondoperator" priority="3">
Explicit type arguments can be replaced by Diamond Operator
</violation>
<violation beginline="351" endline="351" begincolumn="44" endcolumn="61" rule="UseVarargs" ruleset="Best Practices" package="org.junit.experimental.categories" class="Categories" method="createSet" variable="classes" externalInfoUrl="https://pmd.github.io/pmd/pmd_rules_java_bestpractices.html#usevarargs" priority="4">
Consider using varargs for methods or constructors which take an array the last parameter.
</violation>
<violation beginline="359" endline="359" begincolumn="17" endcolumn="68" rule="AvoidThrowingNullPointerException" ruleset="Design" package="org.junit.experimental.categories" class="Categories" method="createSet" externalInfoUrl="https://pmd.github.io/pmd/pmd_rules_java_design.html#avoidthrowingnullpointerexception" priority="1">
Avoid throwing null pointer exceptions.
</violation>
</file>
<file name="C:\Users\Deyan\Downloads\junit4-r4.13.2\src\main\java\org\junit\experimental\categories\CategoryFilterFactory.java">
<violation beginline="37" endline="37" begincolumn="42" endcolumn="66" rule="UseDiamondOperator" ruleset="Code Style" package="org.junit.experimental.categories" class="CategoryFilterFactory" method="parseCategories" externalInfoUrl="https://pmd.github.io/pmd/pmd_rules_java_codestyle.html#usediamondoperator" priority="3">
Explicit type arguments can be replaced by Diamond Operator
</violation>
</file>
<file name="C:\Users\Deyan\Downloads\junit4-r4.13.2\src\main\java\org\junit\experimental\categories\CategoryValidator.java">
<violation beginline="45" endline="45" begincolumn="34" endcolumn="59" rule="UseDiamondOperator" ruleset="Code Style" package="org.junit.experimental.categories" class="CategoryValidator" method="validateAnnotatedMethod" externalInfoUrl="https://pmd.github.io/pmd/pmd_rules_java_codestyle.html#usediamondoperator" priority="3">
Explicit type arguments can be replaced by Diamond Operator
</violation>
</file>
<file name="C:\Users\Deyan\Downloads\junit4-r4.13.2\src\main\java\org\junit\experimental\max\MaxCore.java">
<violation beginline="32" endline="181" begincolumn="8" endcolumn="1" rule="ClassWithOnlyPrivateConstructorsShouldBeFinal" ruleset="Design" package="org.junit.experimental.max" class="MaxCore" externalInfoUrl="https://pmd.github.io/pmd/pmd_rules_java_design.html#classwithonlyprivateconstructorsshouldbefinal" priority="1">
A class which only has private constructors should be final
</violation>
<violation beginline="52" endline="52" begincolumn="19" endcolumn="37" rule="FieldDeclarationsShouldBeAtStartOfClass" ruleset="Code Style" package="org.junit.experimental.max" class="MaxCore" variable="VariableDeclaratorId" externalInfoUrl="https://pmd.github.io/pmd/pmd_rules_java_codestyle.html#fielddeclarationsshouldbeatstartofclass" priority="3">
Fields should be declared at the top of the class, before any method declarations, constructors, initializers or inner classes.
</violation>
<violation beginline="106" endline="106" begincolumn="38" endcolumn="60" rule="UseDiamondOperator" ruleset="Code Style" package="org.junit.experimental.max" class="MaxCore" method="constructLeafRequest" externalInfoUrl="https://pmd.github.io/pmd/pmd_rules_java_codestyle.html#usediamondoperator" priority="3">
Explicit type arguments can be replaced by Diamond Operator
</violation>
<violation beginline="124" endline="124" begincolumn="13" endcolumn="60" rule="LiteralsFirstInComparisons" ruleset="Best Practices" package="org.junit.experimental.max" class="MaxCore" method="buildRunner" externalInfoUrl="https://pmd.github.io/pmd/pmd_rules_java_bestpractices.html#literalsfirstincomparisons" priority="3">
Position literals first in String comparisons
</violation>
<violation beginline="136" endline="136" begincolumn="23" endcolumn="38" rule="AvoidThrowingRawExceptionTypes" ruleset="Design" package="org.junit.experimental.max" class="MaxCore" method="buildRunner" externalInfoUrl="https://pmd.github.io/pmd/pmd_rules_java_design.html#avoidthrowingrawexceptiontypes" priority="1">
Avoid throwing raw exception types.
</violation>
<violation beginline="163" endline="163" begincolumn="37" endcolumn="64" rule="UseDiamondOperator" ruleset="Code Style" package="org.junit.experimental.max" class="MaxCore" method="findLeaves" externalInfoUrl="https://pmd.github.io/pmd/pmd_rules_java_codestyle.html#usediamondoperator" priority="3">
Explicit type arguments can be replaced by Diamond Operator
</violation>
<violation beginline="170" endline="170" begincolumn="17" endcolumn="85" rule="LiteralsFirstInComparisons" ruleset="Best Practices" package="org.junit.experimental.max" class="MaxCore" method="findLeaves" externalInfoUrl="https://pmd.github.io/pmd/pmd_rules_java_bestpractices.html#literalsfirstincomparisons" priority="3">
Position literals first in String comparisons
</violation>
</file>
<file name="C:\Users\Deyan\Downloads\junit4-r4.13.2\src\main\java\org\junit\experimental\max\MaxHistory.java">
<violation beginline="38" endline="38" begincolumn="17" endcolumn="35" rule="AvoidPrintStackTrace" ruleset="Best Practices" package="org.junit.experimental.max" class="MaxHistory" method="forFolder" externalInfoUrl="https://pmd.github.io/pmd/pmd_rules_java_bestpractices.html#avoidprintstacktrace" priority="3">
Avoid printStackTrace(); use a logger call instead.
</violation>
<violation beginline="48" endline="48" begincolumn="40" endcolumn="54" rule="AvoidFileStream" ruleset="Performance" package="org.junit.experimental.max" class="MaxHistory" method="readHistory" externalInfoUrl="https://pmd.github.io/pmd/pmd_rules_java_performance.html#avoidfilestream" priority="1">
Avoid instantiating FileInputStream, FileOutputStream, FileReader, or FileWriter
</violation>
<violation beginline="49" endline="58" begincolumn="13" endcolumn="13" rule="UseTryWithResources" ruleset="Best Practices" package="org.junit.experimental.max" class="MaxHistory" method="readHistory" externalInfoUrl="https://pmd.github.io/pmd/pmd_rules_java_bestpractices.html#usetrywithresources" priority="3">
Consider using a try-with-resources statement instead of explicitly closing the resource
</violation>
<violation beginline="51" endline="55" begincolumn="17" endcolumn="17" rule="UseTryWithResources" ruleset="Best Practices" package="org.junit.experimental.max" class="MaxHistory" method="readHistory" externalInfoUrl="https://pmd.github.io/pmd/pmd_rules_java_bestpractices.html#usetrywithresources" priority="3">
Consider using a try-with-resources statement instead of explicitly closing the resource
</violation>
<violation beginline="59" endline="59" begincolumn="18" endcolumn="26" rule="AvoidCatchingGenericException" ruleset="Design" package="org.junit.experimental.max" class="MaxHistory" method="readHistory" externalInfoUrl="https://pmd.github.io/pmd/pmd_rules_java_design.html#avoidcatchinggenericexception" priority="3">
Avoid catching generic exceptions such as NullPointerException, RuntimeException, Exception in try-catch block
</violation>
<violation beginline="69" endline="69" begincolumn="50" endcolumn="76" rule="UseDiamondOperator" ruleset="Code Style" package="org.junit.experimental.max" class="MaxHistory" externalInfoUrl="https://pmd.github.io/pmd/pmd_rules_java_codestyle.html#usediamondoperator" priority="3">
Explicit type arguments can be replaced by Diamond Operator
</violation>
<violation beginline="69" endline="69" begincolumn="19" endcolumn="77" rule="FieldDeclarationsShouldBeAtStartOfClass" ruleset="Code Style" package="org.junit.experimental.max" class="MaxHistory" variable="VariableDeclaratorId" externalInfoUrl="https://pmd.github.io/pmd/pmd_rules_java_codestyle.html#fielddeclarationsshouldbeatstartofclass" priority="3">
Fields should be declared at the top of the class, before any method declarations, constructors, initializers or inner classes.
</violation>
<violation beginline="70" endline="70" begincolumn="58" endcolumn="84" rule="UseDiamondOperator" ruleset="Code Style" package="org.junit.experimental.max" class="MaxHistory" externalInfoUrl="https://pmd.github.io/pmd/pmd_rules_java_codestyle.html#usediamondoperator" priority="3">
Explicit type arguments can be replaced by Diamond Operator
</violation>
<violation beginline="70" endline="70" begincolumn="19" endcolumn="85" rule="FieldDeclarationsShouldBeAtStartOfClass" ruleset="Code Style" package="org.junit.experimental.max" class="MaxHistory" variable="VariableDeclaratorId" externalInfoUrl="https://pmd.github.io/pmd/pmd_rules_java_codestyle.html#fielddeclarationsshouldbeatstartofclass" priority="3">
Fields should be declared at the top of the class, before any method declarations, constructors, initializers or inner classes.
</violation>
<violation beginline="71" endline="71" begincolumn="19" endcolumn="37" rule="FieldDeclarationsShouldBeAtStartOfClass" ruleset="Code Style" package="org.junit.experimental.max" class="MaxHistory" variable="VariableDeclaratorId" externalInfoUrl="https://pmd.github.io/pmd/pmd_rules_java_codestyle.html#fielddeclarationsshouldbeatstartofclass" priority="3">
Fields should be declared at the top of the class, before any method declarations, constructors, initializers or inner classes.
</violation>
<violation beginline="79" endline="86" begincolumn="9" endcolumn="9" rule="UseTryWithResources" ruleset="Best Practices" package="org.junit.experimental.max" class="MaxHistory" method="save" externalInfoUrl="https://pmd.github.io/pmd/pmd_rules_java_bestpractices.html#usetrywithresources" priority="3">
Consider using a try-with-resources statement instead of explicitly closing the resource
</violation>
<violation beginline="80" endline="80" begincolumn="49" endcolumn="64" rule="AvoidFileStream" ruleset="Performance" package="org.junit.experimental.max" class="MaxHistory" method="save" externalInfoUrl="https://pmd.github.io/pmd/pmd_rules_java_performance.html#avoidfilestream" priority="1">
Avoid instantiating FileInputStream, FileOutputStream, FileReader, or FileWriter
</violation>
<violation beginline="89" endline="91" begincolumn="5" endcolumn="5" rule="DefaultPackage" ruleset="Code Style" package="org.junit.experimental.max" class="MaxHistory" externalInfoUrl="https://pmd.github.io/pmd/pmd_rules_java_codestyle.html#defaultpackage" priority="3">
Use explicit scoping instead of the default package private level
</violation>
<violation beginline="93" endline="95" begincolumn="5" endcolumn="5" rule="DefaultPackage" ruleset="Code Style" package="org.junit.experimental.max" class="MaxHistory" externalInfoUrl="https://pmd.github.io/pmd/pmd_rules_java_codestyle.html#defaultpackage" priority="3">
Use explicit scoping instead of the default package private level
</violation>
<violation beginline="97" endline="99" begincolumn="5" endcolumn="5" rule="DefaultPackage" ruleset="Code Style" package="org.junit.experimental.max" class="MaxHistory" externalInfoUrl="https://pmd.github.io/pmd/pmd_rules_java_codestyle.html#defaultpackage" priority="3">
Use explicit scoping instead of the default package private level
</violation>
<violation beginline="101" endline="103" begincolumn="5" endcolumn="5" rule="DefaultPackage" ruleset="Code Style" package="org.junit.experimental.max" class="MaxHistory" externalInfoUrl="https://pmd.github.io/pmd/pmd_rules_java_codestyle.html#defaultpackage" priority="3">
Use explicit scoping instead of the default package private level
</violation>
<violation beginline="105" endline="107" begincolumn="5" endcolumn="5" rule="DefaultPackage" ruleset="Code Style" package="org.junit.experimental.max" class="MaxHistory" externalInfoUrl="https://pmd.github.io/pmd/pmd_rules_java_codestyle.html#defaultpackage" priority="3">
Use explicit scoping instead of the default package private level
</violation>
<violation beginline="110" endline="110" begincolumn="22" endcolumn="33" rule="ImmutableField" ruleset="Design" package="org.junit.experimental.max" class="MaxHistory$RememberingListener" variable="overallStart" externalInfoUrl="https://pmd.github.io/pmd/pmd_rules_java_design.html#immutablefield" priority="3">
Private field 'overallStart' could be made final; it is only initialized in the declaration or constructor.
</violation>
<violation beginline="112" endline="112" begincolumn="49" endcolumn="80" rule="UseDiamondOperator" ruleset="Code Style" package="org.junit.experimental.max" class="MaxHistory$RememberingListener" externalInfoUrl="https://pmd.github.io/pmd/pmd_rules_java_codestyle.html#usediamondoperator" priority="3">
Explicit type arguments can be replaced by Diamond Operator
</violation>
<violation beginline="112" endline="112" begincolumn="40" endcolumn="45" rule="ImmutableField" ruleset="Design" package="org.junit.experimental.max" class="MaxHistory$RememberingListener" variable="starts" externalInfoUrl="https://pmd.github.io/pmd/pmd_rules_java_design.html#immutablefield" priority="3">
Private field 'starts' could be made final; it is only initialized in the declaration or constructor.
</violation>
</file>
<file name="C:\Users\Deyan\Downloads\junit4-r4.13.2\src\main\java\org\junit\experimental\results\FailureList.java">
<violation beginline="22" endline="22" begincolumn="22" endcolumn="30" rule="AvoidCatchingGenericException" ruleset="Design" package="org.junit.experimental.results" class="FailureList" method="result" externalInfoUrl="https://pmd.github.io/pmd/pmd_rules_java_design.html#avoidcatchinggenericexception" priority="3">
Avoid catching generic exceptions such as NullPointerException, RuntimeException, Exception in try-catch block
</violation>
<violation beginline="23" endline="23" begincolumn="27" endcolumn="42" rule="AvoidThrowingRawExceptionTypes" ruleset="Design" package="org.junit.experimental.results" class="FailureList" method="result" externalInfoUrl="https://pmd.github.io/pmd/pmd_rules_java_design.html#avoidthrowingrawexceptiontypes" priority="1">
Avoid throwing raw exception types.
</violation>
<violation beginline="23" endline="23" begincolumn="17" endcolumn="76" rule="PreserveStackTrace" ruleset="Best Practices" package="org.junit.experimental.results" class="FailureList" method="result" externalInfoUrl="https://pmd.github.io/pmd/pmd_rules_java_bestpractices.html#preservestacktrace" priority="3">
New exception is thrown in catch block, original stack trace may be lost
</violation>
</file>
<file name="C:\Users\Deyan\Downloads\junit4-r4.13.2\src\main\java\org\junit\experimental\results\ResultMatchers.java">
<violation beginline="23" endline="24" begincolumn="12" endcolumn="5" rule="UnnecessaryConstructor" ruleset="Code Style" package="org.junit.experimental.results" class="ResultMatchers" method="ResultMatchers" externalInfoUrl="https://pmd.github.io/pmd/pmd_rules_java_codestyle.html#unnecessaryconstructor" priority="3">
Avoid unnecessary constructors - the compiler will generate these for you
</violation>
<violation beginline="23" endline="24" begincolumn="12" endcolumn="5" rule="UncommentedEmptyConstructor" ruleset="Documentation" package="org.junit.experimental.results" class="ResultMatchers" method="ResultMatchers" externalInfoUrl="https://pmd.github.io/pmd/pmd_rules_java_documentation.html#uncommentedemptyconstructor" priority="3">
Document empty constructor
</violation>
</file>
<file name="C:\Users\Deyan\Downloads\junit4-r4.13.2\src\main\java\org\junit\experimental\runners\Enclosed.java">
<violation beginline="34" endline="34" begincolumn="53" endcolumn="76" rule="UseVarargs" ruleset="Best Practices" package="org.junit.experimental.runners" class="Enclosed" method="filterAbstractClasses" variable="classes" externalInfoUrl="https://pmd.github.io/pmd/pmd_rules_java_bestpractices.html#usevarargs" priority="4">
Consider using varargs for methods or constructors which take an array the last parameter.
</violation>
<violation beginline="35" endline="35" begincolumn="44" endcolumn="82" rule="UseDiamondOperator" ruleset="Code Style" package="org.junit.experimental.runners" class="Enclosed" method="filterAbstractClasses" externalInfoUrl="https://pmd.github.io/pmd/pmd_rules_java_codestyle.html#usediamondoperator" priority="3">
Explicit type arguments can be replaced by Diamond Operator
</violation>
<violation beginline="43" endline="43" begincolumn="16" endcolumn="70" rule="OptimizableToArrayCall" ruleset="Performance" package="org.junit.experimental.runners" class="Enclosed" method="filterAbstractClasses" externalInfoUrl="https://pmd.github.io/pmd/pmd_rules_java_performance.html#optimizabletoarraycall" priority="3">
This call to Collection.toArray() may be optimizable
</violation>
</file>
<file name="C:\Users\Deyan\Downloads\junit4-r4.13.2\src\main\java\org\junit\experimental\theories\ParameterSignature.java">
<violation beginline="13" endline="134" begincolumn="8" endcolumn="1" rule="ClassWithOnlyPrivateConstructorsShouldBeFinal" ruleset="Design" package="org.junit.experimental.theories" class="ParameterSignature" externalInfoUrl="https://pmd.github.io/pmd/pmd_rules_java_design.html#classwithonlyprivateconstructorsshouldbefinal" priority="1">
A class which only has private constructors should be final
</violation>
<violation beginline="18" endline="18" begincolumn="39" endcolumn="71" rule="UseDiamondOperator" ruleset="Code Style" package="org.junit.experimental.theories" class="ParameterSignature" method="buildConvertableTypesMap" externalInfoUrl="https://pmd.github.io/pmd/pmd_rules_java_codestyle.html#usediamondoperator" priority="3">
Explicit type arguments can be replaced by Diamond Operator
</violation>
<violation beginline="37" endline="37" begincolumn="19" endcolumn="47" rule="LooseCoupling" ruleset="Best Practices" package="org.junit.experimental.theories" class="ParameterSignature" method="signatures" externalInfoUrl="https://pmd.github.io/pmd/pmd_rules_java_bestpractices.html#loosecoupling" priority="3">
Avoid using implementation types like 'ArrayList'; use the interface instead
</violation>
<violation beginline="47" endline="47" begincolumn="20" endcolumn="48" rule="LooseCoupling" ruleset="Best Practices" package="org.junit.experimental.theories" class="ParameterSignature" method="signatures" externalInfoUrl="https://pmd.github.io/pmd/pmd_rules_java_bestpractices.html#loosecoupling" priority="3">
Avoid using implementation types like 'ArrayList'; use the interface instead
</violation>
<violation beginline="48" endline="48" begincolumn="40" endcolumn="74" rule="UseVarargs" ruleset="Best Practices" package="org.junit.experimental.theories" class="ParameterSignature" method="signatures" variable="parameterAnnotations" externalInfoUrl="https://pmd.github.io/pmd/pmd_rules_java_bestpractices.html#usevarargs" priority="4">
Consider using varargs for methods or constructors which take an array the last parameter.
</violation>
<violation beginline="49" endline="49" begincolumn="46" endcolumn="80" rule="UseDiamondOperator" ruleset="Code Style" package="org.junit.experimental.theories" class="ParameterSignature" method="signatures" externalInfoUrl="https://pmd.github.io/pmd/pmd_rules_java_codestyle.html#usediamondoperator" priority="3">
Explicit type arguments can be replaced by Diamond Operator
</violation>
<violation beginline="57" endline="57" begincolumn="19" endcolumn="32" rule="FieldDeclarationsShouldBeAtStartOfClass" ruleset="Code Style" package="org.junit.experimental.theories" class="ParameterSignature" variable="VariableDeclaratorId" externalInfoUrl="https://pmd.github.io/pmd/pmd_rules_java_codestyle.html#fielddeclarationsshouldbeatstartofclass" priority="3">
Fields should be declared at the top of the class, before any method declarations, constructors, initializers or inner classes.
</violation>
<violation beginline="59" endline="59" begincolumn="19" endcolumn="43" rule="FieldDeclarationsShouldBeAtStartOfClass" ruleset="Code Style" package="org.junit.experimental.theories" class="ParameterSignature" variable="VariableDeclaratorId" externalInfoUrl="https://pmd.github.io/pmd/pmd_rules_java_codestyle.html#fielddeclarationsshouldbeatstartofclass" priority="3">
Fields should be declared at the top of the class, before any method declarations, constructors, initializers or inner classes.
</violation>
<violation beginline="61" endline="61" begincolumn="47" endcolumn="70" rule="UseVarargs" ruleset="Best Practices" package="org.junit.experimental.theories" class="ParameterSignature" method="ParameterSignature" variable="annotations" externalInfoUrl="https://pmd.github.io/pmd/pmd_rules_java_bestpractices.html#usevarargs" priority="4">
Consider using varargs for methods or constructors which take an array the last parameter.
</violation>
</file>
<file name="C:\Users\Deyan\Downloads\junit4-r4.13.2\src\main\java\org\junit\experimental\theories\PotentialAssignment.java">
<violation beginline="9" endline="10" begincolumn="16" endcolumn="9" rule="UncommentedEmptyConstructor" ruleset="Documentation" package="org.junit.experimental.theories" class="PotentialAssignment$CouldNotGenerateValueException" method="CouldNotGenerateValueException" externalInfoUrl="https://pmd.github.io/pmd/pmd_rules_java_documentation.html#uncommentedemptyconstructor" priority="3">
Document empty constructor
</violation>
<violation beginline="38" endline="41" begincolumn="23" endcolumn="21" rule="AvoidCatchingThrowable" ruleset="Error Prone" package="org.junit.experimental.theories" class="PotentialAssignment" method="getDescription" externalInfoUrl="https://pmd.github.io/pmd/pmd_rules_java_errorprone.html#avoidcatchingthrowable" priority="3">
A catch statement should never catch throwable since it includes errors.
</violation>
</file>
<file name="C:\Users\Deyan\Downloads\junit4-r4.13.2\src\main\java\org\junit\experimental\theories\Theories.java">
<violation beginline="152" endline="152" begincolumn="19" endcolumn="40" rule="LogicInversion" ruleset="Design" package="org.junit.experimental.theories" class="Theories" method="validateParameterSupplier" externalInfoUrl="https://pmd.github.io/pmd/pmd_rules_java_design.html#logicinversion" priority="3">
Use opposite operator instead of the logic complement operator.
</violation>
<violation beginline="161" endline="161" begincolumn="45" endcolumn="102" rule="UseDiamondOperator" ruleset="Code Style" package="org.junit.experimental.theories" class="Theories" method="computeTestMethods" externalInfoUrl="https://pmd.github.io/pmd/pmd_rules_java_codestyle.html#usediamondoperator" priority="3">
Explicit type arguments can be replaced by Diamond Operator
</violation>
<violation beginline="174" endline="174" begincolumn="21" endcolumn="33" rule="RedundantFieldInitializer" ruleset="Performance" package="org.junit.experimental.theories" class="Theories$TheoryAnchor" variable="successes" externalInfoUrl="https://pmd.github.io/pmd/pmd_rules_java_performance.html#redundantfieldinitializer" priority="3">
Avoid using redundant field initializer for 'successes'
</violation>
<violation beginline="179" endline="179" begincolumn="72" endcolumn="115" rule="UseDiamondOperator" ruleset="Code Style" package="org.junit.experimental.theories" class="Theories$TheoryAnchor" externalInfoUrl="https://pmd.github.io/pmd/pmd_rules_java_codestyle.html#usediamondoperator" priority="3">
Explicit type arguments can be replaced by Diamond Operator
</violation>
<violation beginline="179" endline="179" begincolumn="51" endcolumn="68" rule="ImmutableField" ruleset="Design" package="org.junit.experimental.theories" class="Theories$TheoryAnchor" variable="fInvalidParameters" externalInfoUrl="https://pmd.github.io/pmd/pmd_rules_java_design.html#immutablefield" priority="3">
Private field 'fInvalidParameters' could be made final; it is only initialized in the declaration or constructor.
</violation>
<violation beginline="232" endline="232" begincolumn="37" endcolumn="45" rule="CloseResource" ruleset="Error Prone" package="org.junit.experimental.theories" class="Theories$TheoryAnchor" method="methodBlock" variable="statement" externalInfoUrl="https://pmd.github.io/pmd/pmd_rules_java_errorprone.html#closeresource" priority="3">
Ensure that resources like this Statement object are closed after use
</violation>
<violation beginline="241" endline="244" begincolumn="31" endcolumn="29" rule="AvoidCatchingThrowable" ruleset="Error Prone" package="org.junit.experimental.theories" class="Theories$TheoryAnchor" method="evaluate" externalInfoUrl="https://pmd.github.io/pmd/pmd_rules_java_errorprone.html#avoidcatchingthrowable" priority="3">
A catch statement should never catch throwable since it includes errors.
</violation>
</file>
<file name="C:\Users\Deyan\Downloads\junit4-r4.13.2\src\main\java\org\junit\experimental\theories\internal\AllMembersSupplier.java">
<violation beginline="36" endline="36" begincolumn="27" endcolumn="42" rule="AvoidThrowingRawExceptionTypes" ruleset="Design" package="org.junit.experimental.theories.internal" class="AllMembersSupplier$MethodParameterValue" method="getValue" externalInfoUrl="https://pmd.github.io/pmd/pmd_rules_java_design.html#avoidthrowingrawexceptiontypes" priority="1">
Avoid throwing raw exception types.
</violation>
<violation beginline="36" endline="37" begincolumn="17" endcolumn="66" rule="PreserveStackTrace" ruleset="Best Practices" package="org.junit.experimental.theories.internal" class="AllMembersSupplier$MethodParameterValue" method="getValue" externalInfoUrl="https://pmd.github.io/pmd/pmd_rules_java_bestpractices.html#preservestacktrace" priority="3">
New exception is thrown in catch block, original stack trace may be lost
</violation>
<violation beginline="39" endline="39" begincolumn="27" endcolumn="42" rule="AvoidThrowingRawExceptionTypes" ruleset="Design" package="org.junit.experimental.theories.internal" class="AllMembersSupplier$MethodParameterValue" method="getValue" externalInfoUrl="https://pmd.github.io/pmd/pmd_rules_java_design.html#avoidthrowingrawexceptiontypes" priority="1">
Avoid throwing raw exception types.
</violation>
<violation beginline="39" endline="40" begincolumn="17" endcolumn="82" rule="PreserveStackTrace" ruleset="Best Practices" package="org.junit.experimental.theories.internal" class="AllMembersSupplier$MethodParameterValue" method="getValue" externalInfoUrl="https://pmd.github.io/pmd/pmd_rules_java_bestpractices.html#preservestacktrace" priority="3">
New exception is thrown in catch block, original stack trace may be lost
</violation>
<violation beginline="41" endline="46" begincolumn="15" endcolumn="13" rule="AvoidCatchingThrowable" ruleset="Error Prone" package="org.junit.experimental.theories.internal" class="AllMembersSupplier$MethodParameterValue" method="getValue" externalInfoUrl="https://pmd.github.io/pmd/pmd_rules_java_errorprone.html#avoidcatchingthrowable" priority="3">
A catch statement should never catch throwable since it includes errors.
</violation>
<violation beginline="55" endline="55" begincolumn="19" endcolumn="34" rule="FieldDeclarationsShouldBeAtStartOfClass" ruleset="Code Style" package="org.junit.experimental.theories.internal" class="AllMembersSupplier" variable="VariableDeclaratorId" externalInfoUrl="https://pmd.github.io/pmd/pmd_rules_java_codestyle.html#fielddeclarationsshouldbeatstartofclass" priority="3">
Fields should be declared at the top of the class, before any method declarations, constructors, initializers or inner classes.
</violation>
<violation beginline="66" endline="66" begincolumn="42" endcolumn="77" rule="UseDiamondOperator" ruleset="Code Style" package="org.junit.experimental.theories.internal" class="AllMembersSupplier" method="getValueSources" externalInfoUrl="https://pmd.github.io/pmd/pmd_rules_java_codestyle.html#usediamondoperator" priority="3">
Explicit type arguments can be replaced by Diamond Operator
</violation>
<violation beginline="85" endline="92" begincolumn="19" endcolumn="17" rule="AvoidCatchingThrowable" ruleset="Error Prone" package="org.junit.experimental.theories.internal" class="AllMembersSupplier" method="addMultiPointMethods" externalInfoUrl="https://pmd.github.io/pmd/pmd_rules_java_errorprone.html#avoidcatchingthrowable" priority="3">
A catch statement should never catch throwable since it includes errors.
</violation>
<violation beginline="157" endline="157" begincolumn="23" endcolumn="38" rule="AvoidThrowingRawExceptionTypes" ruleset="Design" package="org.junit.experimental.theories.internal" class="AllMembersSupplier" method="getStaticFieldValue" externalInfoUrl="https://pmd.github.io/pmd/pmd_rules_java_design.html#avoidthrowingrawexceptiontypes" priority="1">
Avoid throwing raw exception types.
</violation>
<violation beginline="157" endline="158" begincolumn="13" endcolumn="79" rule="PreserveStackTrace" ruleset="Best Practices" package="org.junit.experimental.theories.internal" class="AllMembersSupplier" method="getStaticFieldValue" externalInfoUrl="https://pmd.github.io/pmd/pmd_rules_java_bestpractices.html#preservestacktrace" priority="3">
New exception is thrown in catch block, original stack trace may be lost
</violation>
<violation beginline="160" endline="160" begincolumn="23" endcolumn="38" rule="AvoidThrowingRawExceptionTypes" ruleset="Design" package="org.junit.experimental.theories.internal" class="AllMembersSupplier" method="getStaticFieldValue" externalInfoUrl="https://pmd.github.io/pmd/pmd_rules_java_design.html#avoidthrowingrawexceptiontypes" priority="1">
Avoid throwing raw exception types.
</violation>
<violation beginline="160" endline="161" begincolumn="13" endcolumn="76" rule="PreserveStackTrace" ruleset="Best Practices" package="org.junit.experimental.theories.internal" class="AllMembersSupplier" method="getStaticFieldValue" externalInfoUrl="https://pmd.github.io/pmd/pmd_rules_java_bestpractices.html#preservestacktrace" priority="3">
New exception is thrown in catch block, original stack trace may be lost
</violation>
<violation beginline="180" endline="180" begincolumn="41" endcolumn="62" rule="UseDiamondOperator" ruleset="Code Style" package="org.junit.experimental.theories.internal" class="AllMembersSupplier" method="getSingleDataPointFields" externalInfoUrl="https://pmd.github.io/pmd/pmd_rules_java_codestyle.html#usediamondoperator" priority="3">
Explicit type arguments can be replaced by Diamond Operator
</violation>
<violation beginline="191" endline="191" begincolumn="41" endcolumn="62" rule="UseDiamondOperator" ruleset="Code Style" package="org.junit.experimental.theories.internal" class="AllMembersSupplier" method="getDataPointsFields" externalInfoUrl="https://pmd.github.io/pmd/pmd_rules_java_codestyle.html#usediamondoperator" priority="3">
Explicit type arguments can be replaced by Diamond Operator
</violation>
</file>
<file name="C:\Users\Deyan\Downloads\junit4-r4.13.2\src\main\java\org\junit\experimental\theories\internal\Assignments.java">
<violation beginline="21" endline="153" begincolumn="8" endcolumn="1" rule="ClassWithOnlyPrivateConstructorsShouldBeFinal" ruleset="Design" package="org.junit.experimental.theories.internal" class="Assignments" externalInfoUrl="https://pmd.github.io/pmd/pmd_rules_java_design.html#classwithonlyprivateconstructorsshouldbefinal" priority="1">
A class which only has private constructors should be final
</violation>
<violation beginline="58" endline="58" begincolumn="58" endcolumn="101" rule="UseDiamondOperator" ruleset="Code Style" package="org.junit.experimental.theories.internal" class="Assignments" method="assignNext" externalInfoUrl="https://pmd.github.io/pmd/pmd_rules_java_codestyle.html#usediamondoperator" priority="3">
Explicit type arguments can be replaced by Diamond Operator
</violation>
<violation beginline="99" endline="99" begincolumn="20" endcolumn="28" rule="SignatureDeclareThrowsException" ruleset="Design" package="org.junit.experimental.theories.internal" class="Assignments" method="getSupplier" externalInfoUrl="https://pmd.github.io/pmd/pmd_rules_java_design.html#signaturedeclarethrowsexception" priority="3">
A method/constructor should not explicitly throw java.lang.Exception
</violation>
<violation beginline="111" endline="111" begincolumn="60" endcolumn="68" rule="SignatureDeclareThrowsException" ruleset="Design" package="org.junit.experimental.theories.internal" class="Assignments" method="buildParameterSupplierFromClass" externalInfoUrl="https://pmd.github.io/pmd/pmd_rules_java_design.html#signaturedeclarethrowsexception" priority="3">
A method/constructor should not explicitly throw java.lang.Exception
</violation>
<violation beginline="142" endline="142" begincolumn="9" endcolumn="41" rule="UnnecessaryLocalBeforeReturn" ruleset="Code Style" package="org.junit.experimental.theories.internal" class="Assignments" method="getConstructorParameterCount" externalInfoUrl="https://pmd.github.io/pmd/pmd_rules_java_codestyle.html#unnecessarylocalbeforereturn" priority="3">
Consider simply returning the value vs storing it in local variable 'constructorParameterCount'
</violation>
</file>
<file name="C:\Users\Deyan\Downloads\junit4-r4.13.2\src\main\java\org\junit\experimental\theories\internal\EnumSupplier.java">
<violation beginline="12" endline="12" begincolumn="22" endcolumn="29" rule="ImmutableField" ruleset="Design" package="org.junit.experimental.theories.internal" class="EnumSupplier" variable="enumType" externalInfoUrl="https://pmd.github.io/pmd/pmd_rules_java_design.html#immutablefield" priority="3">
Private field 'enumType' could be made final; it is only initialized in the declaration or constructor.
</violation>
<violation beginline="22" endline="22" begincolumn="49" endcolumn="84" rule="UseDiamondOperator" ruleset="Code Style" package="org.junit.experimental.theories.internal" class="EnumSupplier" method="getValueSources" externalInfoUrl="https://pmd.github.io/pmd/pmd_rules_java_codestyle.html#usediamondoperator" priority="3">
Explicit type arguments can be replaced by Diamond Operator
</violation>
</file>
<file name="C:\Users\Deyan\Downloads\junit4-r4.13.2\src\main\java\org\junit\experimental\theories\internal\ParameterizedAssertionError.java">
<violation beginline="7" endline="7" begincolumn="50" endcolumn="63" rule="DoNotExtendJavaLangError" ruleset="Design" package="org.junit.experimental.theories.internal" class="ParameterizedAssertionError" externalInfoUrl="https://pmd.github.io/pmd/pmd_rules_java_design.html#donotextendjavalangerror" priority="3">
Exceptions should not extend java.lang.Error
</violation>
<violation beginline="46" endline="48" begincolumn="11" endcolumn="9" rule="AvoidCatchingThrowable" ruleset="Error Prone" package="org.junit.experimental.theories.internal" class="ParameterizedAssertionError" method="stringValueOf" externalInfoUrl="https://pmd.github.io/pmd/pmd_rules_java_errorprone.html#avoidcatchingthrowable" priority="3">
A catch statement should never catch throwable since it includes errors.
</violation>
</file>
<file name="C:\Users\Deyan\Downloads\junit4-r4.13.2\src\main\java\org\junit\experimental\theories\internal\SpecificDataPointsSupplier.java">
<violation beginline="27" endline="27" begincolumn="47" endcolumn="68" rule="UseDiamondOperator" ruleset="Code Style" package="org.junit.experimental.theories.internal" class="SpecificDataPointsSupplier" method="getSingleDataPointFields" externalInfoUrl="https://pmd.github.io/pmd/pmd_rules_java_codestyle.html#usediamondoperator" priority="3">
Explicit type arguments can be replaced by Diamond Operator
</violation>
<violation beginline="44" endline="44" begincolumn="47" endcolumn="68" rule="UseDiamondOperator" ruleset="Code Style" package="org.junit.experimental.theories.internal" class="SpecificDataPointsSupplier" method="getDataPointsFields" externalInfoUrl="https://pmd.github.io/pmd/pmd_rules_java_codestyle.html#usediamondoperator" priority="3">
Explicit type arguments can be replaced by Diamond Operator
</violation>
<violation beginline="61" endline="61" begincolumn="58" endcolumn="89" rule="UseDiamondOperator" ruleset="Code Style" package="org.junit.experimental.theories.internal" class="SpecificDataPointsSupplier" method="getSingleDataPointMethods" externalInfoUrl="https://pmd.github.io/pmd/pmd_rules_java_codestyle.html#usediamondoperator" priority="3">
Explicit type arguments can be replaced by Diamond Operator
</violation>
<violation beginline="78" endline="78" begincolumn="58" endcolumn="89" rule="UseDiamondOperator" ruleset="Code Style" package="org.junit.experimental.theories.internal" class="SpecificDataPointsSupplier" method="getDataPointsMethods" externalInfoUrl="https://pmd.github.io/pmd/pmd_rules_java_codestyle.html#usediamondoperator" priority="3">
Explicit type arguments can be replaced by Diamond Operator
</violation>
</file>
<file name="C:\Users\Deyan\Downloads\junit4-r4.13.2\src\main\java\org\junit\experimental\theories\suppliers\TestedOnSupplier.java">
<violation beginline="17" endline="17" begincolumn="42" endcolumn="77" rule="UseDiamondOperator" ruleset="Code Style" package="org.junit.experimental.theories.suppliers" class="TestedOnSupplier" method="getValueSources" externalInfoUrl="https://pmd.github.io/pmd/pmd_rules_java_codestyle.html#usediamondoperator" priority="3">
Explicit type arguments can be replaced by Diamond Operator
</violation>
</file>
<file name="C:\Users\Deyan\Downloads\junit4-r4.13.2\src\main\java\org\junit\internal\ArrayComparisonFailure.java">
<violation beginline="13" endline="13" begincolumn="45" endcolumn="58" rule="DoNotExtendJavaLangError" ruleset="Design" package="org.junit.internal" class="ArrayComparisonFailure" externalInfoUrl="https://pmd.github.io/pmd/pmd_rules_java_design.html#donotextendjavalangerror" priority="3">
Exceptions should not extend java.lang.Error
</violation>
<violation beginline="22" endline="22" begincolumn="44" endcolumn="67" rule="UseDiamondOperator" ruleset="Code Style" package="org.junit.internal" class="ArrayComparisonFailure" externalInfoUrl="https://pmd.github.io/pmd/pmd_rules_java_codestyle.html#usediamondoperator" priority="3">
Explicit type arguments can be replaced by Diamond Operator
</violation>
<violation beginline="46" endline="48" begincolumn="25" endcolumn="5" rule="AvoidSynchronizedAtMethodLevel" ruleset="Multithreading" package="org.junit.internal" class="ArrayComparisonFailure" method="getCause" externalInfoUrl="https://pmd.github.io/pmd/pmd_rules_java_multithreading.html#avoidsynchronizedatmethodlevel" priority="3">
Use block level rather than method level synchronization
</violation>
<violation beginline="62" endline="62" begincolumn="9" endcolumn="24" rule="ConsecutiveAppendsShouldReuse" ruleset="Performance" package="org.junit.internal" class="ArrayComparisonFailure" method="getMessage" externalInfoUrl="https://pmd.github.io/pmd/pmd_rules_java_performance.html#consecutiveappendsshouldreuse" priority="3">
StringBuffer (or StringBuilder).append is called consecutively without reusing the target variable.
</violation>
</file>
<file name="C:\Users\Deyan\Downloads\junit4-r4.13.2\src\main\java\org\junit\internal\Checks.java">
<violation beginline="17" endline="17" begincolumn="13" endcolumn="45" rule="AvoidThrowingNullPointerException" ruleset="Design" package="org.junit.internal" class="Checks" externalInfoUrl="https://pmd.github.io/pmd/pmd_rules_java_design.html#avoidthrowingnullpointerexception" priority="1">
Avoid throwing null pointer exceptions.
</violation>
<violation beginline="33" endline="33" begincolumn="13" endcolumn="52" rule="AvoidThrowingNullPointerException" ruleset="Design" package="org.junit.internal" class="Checks" externalInfoUrl="https://pmd.github.io/pmd/pmd_rules_java_design.html#avoidthrowingnullpointerexception" priority="1">
Avoid throwing null pointer exceptions.
</violation>
</file>
<file name="C:\Users\Deyan\Downloads\junit4-r4.13.2\src\main\java\org\junit\internal\Classes.java">
<violation beginline="15" endline="16" begincolumn="12" endcolumn="5" rule="UnnecessaryConstructor" ruleset="Code Style" package="org.junit.internal" class="Classes" method="Classes" externalInfoUrl="https://pmd.github.io/pmd/pmd_rules_java_codestyle.html#unnecessaryconstructor" priority="3">
Avoid unnecessary constructors - the compiler will generate these for you
</violation>
<violation beginline="15" endline="16" begincolumn="12" endcolumn="5" rule="UncommentedEmptyConstructor" ruleset="Documentation" package="org.junit.internal" class="Classes" method="Classes" externalInfoUrl="https://pmd.github.io/pmd/pmd_rules_java_documentation.html#uncommentedemptyconstructor" priority="3">
Document empty constructor
</violation>
</file>
<file name="C:\Users\Deyan\Downloads\junit4-r4.13.2\src\main\java\org\junit\internal\ComparisonCriteria.java">
<violation beginline="94" endline="94" begincolumn="26" endcolumn="91" rule="FieldDeclarationsShouldBeAtStartOfClass" ruleset="Code Style" package="org.junit.internal" class="ComparisonCriteria" variable="VariableDeclaratorId" externalInfoUrl="https://pmd.github.io/pmd/pmd_rules_java_codestyle.html#fielddeclarationsshouldbeatstartofclass" priority="3">
Fields should be declared at the top of the class, before any method declarations, constructors, initializers or inner classes.
</violation>
</file>
<file name="C:\Users\Deyan\Downloads\junit4-r4.13.2\src\main\java\org\junit\internal\MethodSorter.java">
<violation beginline="9" endline="72" begincolumn="8" endcolumn="1" rule="ClassWithOnlyPrivateConstructorsShouldBeFinal" ruleset="Design" package="org.junit.internal" class="MethodSorter" externalInfoUrl="https://pmd.github.io/pmd/pmd_rules_java_design.html#classwithonlyprivateconstructorsshouldbefinal" priority="1">
A class which only has private constructors should be final
</violation>
</file>
<file name="C:\Users\Deyan\Downloads\junit4-r4.13.2\src\main\java\org\junit\internal\RealSystem.java">
<violation beginline="12" endline="12" begincolumn="9" endcolumn="19" rule="DoNotTerminateVM" ruleset="Error Prone" package="org.junit.internal" class="RealSystem" method="exit" externalInfoUrl="https://pmd.github.io/pmd/pmd_rules_java_errorprone.html#donotterminatevm" priority="3">
System.exit() should not be used in J2EE/JEE apps
</violation>
</file>
<file name="C:\Users\Deyan\Downloads\junit4-r4.13.2\src\main\java\org\junit\internal\SerializableMatcherDescription.java">
<violation beginline="18" endline="47" begincolumn="1" endcolumn="1" rule="ClassWithOnlyPrivateConstructorsShouldBeFinal" ruleset="Design" package="org.junit.internal" class="SerializableMatcherDescription" externalInfoUrl="https://pmd.github.io/pmd/pmd_rules_java_design.html#classwithonlyprivateconstructorsshouldbefinal" priority="1">
A class which only has private constructors should be final
</violation>
<violation beginline="18" endline="47" begincolumn="1" endcolumn="1" rule="MissingSerialVersionUID" ruleset="Error Prone" package="org.junit.internal" class="SerializableMatcherDescription" externalInfoUrl="https://pmd.github.io/pmd/pmd_rules_java_errorprone.html#missingserialversionuid" priority="3">
Classes implementing Serializable should set a serialVersionUID
</violation>
<violation beginline="40" endline="46" begincolumn="5" endcolumn="5" rule="DefaultPackage" ruleset="Code Style" package="org.junit.internal" class="SerializableMatcherDescription" externalInfoUrl="https://pmd.github.io/pmd/pmd_rules_java_codestyle.html#defaultpackage" priority="3">
Use explicit scoping instead of the default package private level
</violation>
</file>
<file name="C:\Users\Deyan\Downloads\junit4-r4.13.2\src\main\java\org\junit\internal\SerializableValueDescription.java">
<violation beginline="13" endline="38" begincolumn="1" endcolumn="1" rule="ClassWithOnlyPrivateConstructorsShouldBeFinal" ruleset="Design" package="org.junit.internal" class="SerializableValueDescription" externalInfoUrl="https://pmd.github.io/pmd/pmd_rules_java_design.html#classwithonlyprivateconstructorsshouldbefinal" priority="1">
A class which only has private constructors should be final
</violation>
<violation beginline="13" endline="38" begincolumn="1" endcolumn="1" rule="MissingSerialVersionUID" ruleset="Error Prone" package="org.junit.internal" class="SerializableValueDescription" externalInfoUrl="https://pmd.github.io/pmd/pmd_rules_java_errorprone.html#missingserialversionuid" priority="3">
Classes implementing Serializable should set a serialVersionUID
</violation>
<violation beginline="26" endline="32" begincolumn="5" endcolumn="5" rule="DefaultPackage" ruleset="Code Style" package="org.junit.internal" class="SerializableValueDescription" externalInfoUrl="https://pmd.github.io/pmd/pmd_rules_java_codestyle.html#defaultpackage" priority="3">
Use explicit scoping instead of the default package private level
</violation>
</file>
<file name="C:\Users\Deyan\Downloads\junit4-r4.13.2\src\main\java\org\junit\internal\TextListener.java">
<violation beginline="71" endline="71" begincolumn="32" endcolumn="33" rule="AddEmptyString" ruleset="Performance" package="org.junit.internal" class="TextListener" method="printFailures" externalInfoUrl="https://pmd.github.io/pmd/pmd_rules_java_performance.html#addemptystring" priority="3">
Do not add empty strings
</violation>
</file>
<file name="C:\Users\Deyan\Downloads\junit4-r4.13.2\src\main\java\org\junit\internal\Throwables.java">
<violation beginline="45" endline="45" begincolumn="68" endcolumn="76" rule="SignatureDeclareThrowsException" ruleset="Design" package="org.junit.internal" class="Throwables" method="rethrowAsException" externalInfoUrl="https://pmd.github.io/pmd/pmd_rules_java_design.html#signaturedeclarethrowsexception" priority="3">
A method/constructor should not explicitly throw java.lang.Exception
</violation>
<violation beginline="93" endline="93" begincolumn="45" endcolumn="85" rule="UseDiamondOperator" ruleset="Code Style" package="org.junit.internal" class="Throwables" method="getTrimmedStackTraceLines" externalInfoUrl="https://pmd.github.io/pmd/pmd_rules_java_codestyle.html#usediamondoperator" priority="3">
Explicit type arguments can be replaced by Diamond Operator
</violation>
<violation beginline="108" endline="108" begincolumn="26" endcolumn="68" rule="FieldDeclarationsShouldBeAtStartOfClass" ruleset="Code Style" package="org.junit.internal" class="Throwables" variable="VariableDeclaratorId" externalInfoUrl="https://pmd.github.io/pmd/pmd_rules_java_codestyle.html#fielddeclarationsshouldbeatstartofclass" priority="3">
Fields should be declared at the top of the class, before any method declarations, constructors, initializers or inner classes.
</violation>
<violation beginline="113" endline="115" begincolumn="11" endcolumn="9" rule="AvoidCatchingThrowable" ruleset="Error Prone" package="org.junit.internal" class="Throwables" method="initGetSuppressed" externalInfoUrl="https://pmd.github.io/pmd/pmd_rules_java_errorprone.html#avoidcatchingthrowable" priority="3">
A catch statement should never catch throwable since it includes errors.
</violation>
<violation beginline="125" endline="127" begincolumn="11" endcolumn="9" rule="AvoidCatchingThrowable" ruleset="Error Prone" package="org.junit.internal" class="Throwables" method="hasSuppressed" externalInfoUrl="https://pmd.github.io/pmd/pmd_rules_java_errorprone.html#avoidcatchingthrowable" priority="3">
A catch statement should never catch throwable since it includes errors.
</violation>
<violation beginline="133" endline="133" begincolumn="28" endcolumn="33" rule="CloseResource" ruleset="Error Prone" package="org.junit.internal" class="Throwables" method="getCauseStackTraceLines" variable="reader" externalInfoUrl="https://pmd.github.io/pmd/pmd_rules_java_errorprone.html#closeresource" priority="3">
Ensure that resources like this StringReader object are closed after use
</violation>
<violation beginline="135" endline="135" begincolumn="42" endcolumn="64" rule="UseDiamondOperator" ruleset="Code Style" package="org.junit.internal" class="Throwables" method="getCauseStackTraceLines" externalInfoUrl="https://pmd.github.io/pmd/pmd_rules_java_codestyle.html#usediamondoperator" priority="3">
Explicit type arguments can be replaced by Diamond Operator
</violation>
<violation beginline="139" endline="139" begincolumn="24" endcolumn="57" rule="AssignmentInOperand" ruleset="Error Prone" package="org.junit.internal" class="Throwables" method="getCauseStackTraceLines" externalInfoUrl="https://pmd.github.io/pmd/pmd_rules_java_errorprone.html#assignmentinoperand" priority="3">
Avoid assignments in operands
</violation>
<violation beginline="142" endline="142" begincolumn="32" endcolumn="65" rule="AssignmentInOperand" ruleset="Error Prone" package="org.junit.internal" class="Throwables" method="getCauseStackTraceLines" externalInfoUrl="https://pmd.github.io/pmd/pmd_rules_java_errorprone.html#assignmentinoperand" priority="3">
Avoid assignments in operands
</violation>
<violation beginline="148" endline="150" begincolumn="15" endcolumn="13" rule="EmptyCatchBlock" ruleset="Error Prone" package="org.junit.internal" class="Throwables" method="getCauseStackTraceLines" externalInfoUrl="https://pmd.github.io/pmd/pmd_rules_java_errorprone.html#emptycatchblock" priority="3">
Avoid empty catch blocks
</violation>
<violation beginline="230" endline="239" begincolumn="26" endcolumn="6" rule="FieldDeclarationsShouldBeAtStartOfClass" ruleset="Code Style" package="org.junit.internal" class="Throwables" variable="VariableDeclaratorId" externalInfoUrl="https://pmd.github.io/pmd/pmd_rules_java_codestyle.html#fielddeclarationsshouldbeatstartofclass" priority="3">
Fields should be declared at the top of the class, before any method declarations, constructors, initializers or inner classes.
</violation>
<violation beginline="241" endline="243" begincolumn="26" endcolumn="6" rule="FieldDeclarationsShouldBeAtStartOfClass" ruleset="Code Style" package="org.junit.internal" class="Throwables" variable="VariableDeclaratorId" externalInfoUrl="https://pmd.github.io/pmd/pmd_rules_java_codestyle.html#fielddeclarationsshouldbeatstartofclass" priority="3">
Fields should be declared at the top of the class, before any method declarations, constructors, initializers or inner classes.
</violation>
<violation beginline="250" endline="258" begincolumn="26" endcolumn="5" rule="FieldDeclarationsShouldBeAtStartOfClass" ruleset="Code Style" package="org.junit.internal" class="Throwables" variable="VariableDeclaratorId" externalInfoUrl="https://pmd.github.io/pmd/pmd_rules_java_codestyle.html#fielddeclarationsshouldbeatstartofclass" priority="3">
Fields should be declared at the top of the class, before any method declarations, constructors, initializers or inner classes.
</violation>
<violation beginline="264" endline="264" begincolumn="64" endcolumn="90" rule="UseVarargs" ruleset="Best Practices" package="org.junit.internal" class="Throwables" method="isMatchingMethod" variable="methodNamePrefixes" externalInfoUrl="https://pmd.github.io/pmd/pmd_rules_java_bestpractices.html#usevarargs" priority="4">
Consider using varargs for methods or constructors which take an array the last parameter.
</violation>
</file>
<file name="C:\Users\Deyan\Downloads\junit4-r4.13.2\src\main\java\org\junit\internal\builders\AnnotatedBuilder.java">
<violation beginline="102" endline="102" begincolumn="40" endcolumn="48" rule="SignatureDeclareThrowsException" ruleset="Design" package="org.junit.internal.builders" class="AnnotatedBuilder" method="buildRunner" externalInfoUrl="https://pmd.github.io/pmd/pmd_rules_java_design.html#signaturedeclarethrowsexception" priority="3">
A method/constructor should not explicitly throw java.lang.Exception
</violation>
<violation beginline="111" endline="112" begincolumn="17" endcolumn="75" rule="PreserveStackTrace" ruleset="Best Practices" package="org.junit.internal.builders" class="AnnotatedBuilder" method="buildRunner" externalInfoUrl="https://pmd.github.io/pmd/pmd_rules_java_bestpractices.html#preservestacktrace" priority="3">
New exception is thrown in catch block, original stack trace may be lost
</violation>
<violation beginline="111" endline="112" begincolumn="17" endcolumn="75" rule="PreserveStackTrace" ruleset="Best Practices" package="org.junit.internal.builders" class="AnnotatedBuilder" method="buildRunner" externalInfoUrl="https://pmd.github.io/pmd/pmd_rules_java_bestpractices.html#preservestacktrace" priority="3">
New exception is thrown in catch block, original stack trace may be lost
</violation>
</file>
<file name="C:\Users\Deyan\Downloads\junit4-r4.13.2\src\main\java\org\junit\internal\builders\JUnit3Builder.java">
<violation beginline="16" endline="18" begincolumn="5" endcolumn="5" rule="DefaultPackage" ruleset="Code Style" package="org.junit.internal.builders" class="JUnit3Builder" externalInfoUrl="https://pmd.github.io/pmd/pmd_rules_java_codestyle.html#defaultpackage" priority="3">
Use explicit scoping instead of the default package private level
</violation>
</file>
<file name="C:\Users\Deyan\Downloads\junit4-r4.13.2\src\main\java\org\junit\internal\management\ManagementFactory.java">
<violation beginline="18" endline="20" begincolumn="9" endcolumn="7" rule="EmptyCatchBlock" ruleset="Error Prone" package="org.junit.internal.management" class="ManagementFactory$FactoryHolder" externalInfoUrl="https://pmd.github.io/pmd/pmd_rules_java_errorprone.html#emptycatchblock" priority="3">
Avoid empty catch blocks
</violation>
<violation beginline="24" endline="41" begincolumn="5" endcolumn="5" rule="DefaultPackage" ruleset="Code Style" package="org.junit.internal.management" class="ManagementFactory$FactoryHolder" externalInfoUrl="https://pmd.github.io/pmd/pmd_rules_java_codestyle.html#defaultpackage" priority="3">
Use explicit scoping instead of the default package private level
</violation>
<violation beginline="28" endline="30" begincolumn="11" endcolumn="9" rule="EmptyCatchBlock" ruleset="Error Prone" package="org.junit.internal.management" class="ManagementFactory$FactoryHolder" method="getBeanObject" externalInfoUrl="https://pmd.github.io/pmd/pmd_rules_java_errorprone.html#emptycatchblock" priority="3">
Avoid empty catch blocks
</violation>
<violation beginline="30" endline="32" begincolumn="11" endcolumn="9" rule="IdenticalCatchBranches" ruleset="Code Style" package="org.junit.internal.management" class="ManagementFactory$FactoryHolder" method="getBeanObject" externalInfoUrl="https://pmd.github.io/pmd/pmd_rules_java_codestyle.html#identicalcatchbranches" priority="3">
'catch' branch identical to 'IllegalAccessException' branch
</violation>
<violation beginline="30" endline="32" begincolumn="11" endcolumn="9" rule="EmptyCatchBlock" ruleset="Error Prone" package="org.junit.internal.management" class="ManagementFactory$FactoryHolder" method="getBeanObject" externalInfoUrl="https://pmd.github.io/pmd/pmd_rules_java_errorprone.html#emptycatchblock" priority="3">
Avoid empty catch blocks
</violation>
<violation beginline="32" endline="34" begincolumn="11" endcolumn="9" rule="IdenticalCatchBranches" ruleset="Code Style" package="org.junit.internal.management" class="ManagementFactory$FactoryHolder" method="getBeanObject" externalInfoUrl="https://pmd.github.io/pmd/pmd_rules_java_codestyle.html#identicalcatchbranches" priority="3">
'catch' branch identical to 'IllegalAccessException' branch
</violation>
<violation beginline="32" endline="34" begincolumn="11" endcolumn="9" rule="EmptyCatchBlock" ruleset="Error Prone" package="org.junit.internal.management" class="ManagementFactory$FactoryHolder" method="getBeanObject" externalInfoUrl="https://pmd.github.io/pmd/pmd_rules_java_errorprone.html#emptycatchblock" priority="3">
Avoid empty catch blocks
</violation>
<violation beginline="34" endline="36" begincolumn="11" endcolumn="9" rule="IdenticalCatchBranches" ruleset="Code Style" package="org.junit.internal.management" class="ManagementFactory$FactoryHolder" method="getBeanObject" externalInfoUrl="https://pmd.github.io/pmd/pmd_rules_java_codestyle.html#identicalcatchbranches" priority="3">
'catch' branch identical to 'IllegalAccessException' branch
</violation>
<violation beginline="34" endline="36" begincolumn="11" endcolumn="9" rule="EmptyCatchBlock" ruleset="Error Prone" package="org.junit.internal.management" class="ManagementFactory$FactoryHolder" method="getBeanObject" externalInfoUrl="https://pmd.github.io/pmd/pmd_rules_java_errorprone.html#emptycatchblock" priority="3">
Avoid empty catch blocks
</violation>
<violation beginline="36" endline="38" begincolumn="11" endcolumn="9" rule="IdenticalCatchBranches" ruleset="Code Style" package="org.junit.internal.management" class="ManagementFactory$FactoryHolder" method="getBeanObject" externalInfoUrl="https://pmd.github.io/pmd/pmd_rules_java_codestyle.html#identicalcatchbranches" priority="3">
'catch' branch identical to 'IllegalAccessException' branch
</violation>
<violation beginline="36" endline="38" begincolumn="11" endcolumn="9" rule="EmptyCatchBlock" ruleset="Error Prone" package="org.junit.internal.management" class="ManagementFactory$FactoryHolder" method="getBeanObject" externalInfoUrl="https://pmd.github.io/pmd/pmd_rules_java_errorprone.html#emptycatchblock" priority="3">
Avoid empty catch blocks
</violation>
<violation beginline="48" endline="51" begincolumn="26" endcolumn="5" rule="UnnecessaryModifier" ruleset="Code Style" package="org.junit.internal.management" class="ManagementFactory$RuntimeHolder" method="getBean" externalInfoUrl="https://pmd.github.io/pmd/pmd_rules_java_codestyle.html#unnecessarymodifier" priority="3">
Unnecessary modifier 'final' on method 'getBean': private methods cannot be overridden
</violation>
<violation beginline="58" endline="61" begincolumn="26" endcolumn="5" rule="UnnecessaryModifier" ruleset="Code Style" package="org.junit.internal.management" class="ManagementFactory$ThreadHolder" method="getBean" externalInfoUrl="https://pmd.github.io/pmd/pmd_rules_java_codestyle.html#unnecessarymodifier" priority="3">
Unnecessary modifier 'final' on method 'getBean': private methods cannot be overridden
</violation>
</file>
<file name="C:\Users\Deyan\Downloads\junit4-r4.13.2\src\main\java\org\junit\internal\management\ReflectiveRuntimeMXBean.java">
<violation beginline="23" endline="25" begincolumn="9" endcolumn="7" rule="EmptyCatchBlock" ruleset="Error Prone" package="org.junit.internal.management" class="ReflectiveRuntimeMXBean$Holder" externalInfoUrl="https://pmd.github.io/pmd/pmd_rules_java_errorprone.html#emptycatchblock" priority="3">
Avoid empty catch blocks
</violation>
<violation beginline="25" endline="27" begincolumn="9" endcolumn="7" rule="IdenticalCatchBranches" ruleset="Code Style" package="org.junit.internal.management" class="ReflectiveRuntimeMXBean$Holder" externalInfoUrl="https://pmd.github.io/pmd/pmd_rules_java_codestyle.html#identicalcatchbranches" priority="3">
'catch' branch identical to 'ClassNotFoundException' branch
</violation>
<violation beginline="25" endline="27" begincolumn="9" endcolumn="7" rule="EmptyCatchBlock" ruleset="Error Prone" package="org.junit.internal.management" class="ReflectiveRuntimeMXBean$Holder" externalInfoUrl="https://pmd.github.io/pmd/pmd_rules_java_errorprone.html#emptycatchblock" priority="3">
Avoid empty catch blocks
</violation>
<violation beginline="27" endline="29" begincolumn="9" endcolumn="7" rule="IdenticalCatchBranches" ruleset="Code Style" package="org.junit.internal.management" class="ReflectiveRuntimeMXBean$Holder" externalInfoUrl="https://pmd.github.io/pmd/pmd_rules_java_codestyle.html#identicalcatchbranches" priority="3">
'catch' branch identical to 'ClassNotFoundException' branch
</violation>
<violation beginline="27" endline="29" begincolumn="9" endcolumn="7" rule="EmptyCatchBlock" ruleset="Error Prone" package="org.junit.internal.management" class="ReflectiveRuntimeMXBean$Holder" externalInfoUrl="https://pmd.github.io/pmd/pmd_rules_java_errorprone.html#emptycatchblock" priority="3">
Avoid empty catch blocks
</violation>
<violation beginline="47" endline="49" begincolumn="9" endcolumn="7" rule="EmptyCatchBlock" ruleset="Error Prone" package="org.junit.internal.management" class="ReflectiveRuntimeMXBean" method="getInputArguments" externalInfoUrl="https://pmd.github.io/pmd/pmd_rules_java_errorprone.html#emptycatchblock" priority="3">
Avoid empty catch blocks
</violation>
<violation beginline="49" endline="51" begincolumn="9" endcolumn="7" rule="IdenticalCatchBranches" ruleset="Code Style" package="org.junit.internal.management" class="ReflectiveRuntimeMXBean" method="getInputArguments" externalInfoUrl="https://pmd.github.io/pmd/pmd_rules_java_codestyle.html#identicalcatchbranches" priority="3">
'catch' branch identical to 'ClassCastException' branch
</violation>
<violation beginline="49" endline="51" begincolumn="9" endcolumn="7" rule="EmptyCatchBlock" ruleset="Error Prone" package="org.junit.internal.management" class="ReflectiveRuntimeMXBean" method="getInputArguments" externalInfoUrl="https://pmd.github.io/pmd/pmd_rules_java_errorprone.html#emptycatchblock" priority="3">
Avoid empty catch blocks
</violation>
<violation beginline="51" endline="53" begincolumn="9" endcolumn="7" rule="IdenticalCatchBranches" ruleset="Code Style" package="org.junit.internal.management" class="ReflectiveRuntimeMXBean" method="getInputArguments" externalInfoUrl="https://pmd.github.io/pmd/pmd_rules_java_codestyle.html#identicalcatchbranches" priority="3">
'catch' branch identical to 'ClassCastException' branch
</violation>
<violation beginline="51" endline="53" begincolumn="9" endcolumn="7" rule="EmptyCatchBlock" ruleset="Error Prone" package="org.junit.internal.management" class="ReflectiveRuntimeMXBean" method="getInputArguments" externalInfoUrl="https://pmd.github.io/pmd/pmd_rules_java_errorprone.html#emptycatchblock" priority="3">
Avoid empty catch blocks
</violation>
<violation beginline="53" endline="55" begincolumn="9" endcolumn="7" rule="IdenticalCatchBranches" ruleset="Code Style" package="org.junit.internal.management" class="ReflectiveRuntimeMXBean" method="getInputArguments" externalInfoUrl="https://pmd.github.io/pmd/pmd_rules_java_codestyle.html#identicalcatchbranches" priority="3">
'catch' branch identical to 'ClassCastException' branch
</violation>
<violation beginline="53" endline="55" begincolumn="9" endcolumn="7" rule="EmptyCatchBlock" ruleset="Error Prone" package="org.junit.internal.management" class="ReflectiveRuntimeMXBean" method="getInputArguments" externalInfoUrl="https://pmd.github.io/pmd/pmd_rules_java_errorprone.html#emptycatchblock" priority="3">
Avoid empty catch blocks
</violation>
</file>
<file name="C:\Users\Deyan\Downloads\junit4-r4.13.2\src\main\java\org\junit\internal\management\ReflectiveThreadMXBean.java">
<violation beginline="16" endline="16" begincolumn="5" endcolumn="47" rule="DefaultPackage" ruleset="Code Style" package="org.junit.internal.management" class="ReflectiveThreadMXBean$Holder" externalInfoUrl="https://pmd.github.io/pmd/pmd_rules_java_codestyle.html#defaultpackage" priority="3">
Use explicit scoping instead of the default package private level
</violation>
<violation beginline="17" endline="17" begincolumn="5" endcolumn="55" rule="DefaultPackage" ruleset="Code Style" package="org.junit.internal.management" class="ReflectiveThreadMXBean$Holder" externalInfoUrl="https://pmd.github.io/pmd/pmd_rules_java_codestyle.html#defaultpackage" priority="3">
Use explicit scoping instead of the default package private level
</violation>
<violation beginline="28" endline="30" begincolumn="9" endcolumn="7" rule="EmptyCatchBlock" ruleset="Error Prone" package="org.junit.internal.management" class="ReflectiveThreadMXBean$Holder" externalInfoUrl="https://pmd.github.io/pmd/pmd_rules_java_errorprone.html#emptycatchblock" priority="3">
Avoid empty catch blocks
</violation>
<violation beginline="30" endline="32" begincolumn="9" endcolumn="7" rule="IdenticalCatchBranches" ruleset="Code Style" package="org.junit.internal.management" class="ReflectiveThreadMXBean$Holder" externalInfoUrl="https://pmd.github.io/pmd/pmd_rules_java_codestyle.html#identicalcatchbranches" priority="3">
'catch' branch identical to 'ClassNotFoundException' branch
</violation>
<violation beginline="30" endline="32" begincolumn="9" endcolumn="7" rule="EmptyCatchBlock" ruleset="Error Prone" package="org.junit.internal.management" class="ReflectiveThreadMXBean$Holder" externalInfoUrl="https://pmd.github.io/pmd/pmd_rules_java_errorprone.html#emptycatchblock" priority="3">
Avoid empty catch blocks
</violation>
<violation beginline="32" endline="34" begincolumn="9" endcolumn="7" rule="IdenticalCatchBranches" ruleset="Code Style" package="org.junit.internal.management" class="ReflectiveThreadMXBean$Holder" externalInfoUrl="https://pmd.github.io/pmd/pmd_rules_java_codestyle.html#identicalcatchbranches" priority="3">
'catch' branch identical to 'ClassNotFoundException' branch
</violation>
<violation beginline="32" endline="34" begincolumn="9" endcolumn="7" rule="EmptyCatchBlock" ruleset="Error Prone" package="org.junit.internal.management" class="ReflectiveThreadMXBean$Holder" externalInfoUrl="https://pmd.github.io/pmd/pmd_rules_java_errorprone.html#emptycatchblock" priority="3">
Avoid empty catch blocks
</violation>
<violation beginline="50" endline="50" begincolumn="25" endcolumn="28" rule="UnusedAssignment" ruleset="Best Practices" package="org.junit.internal.management" class="ReflectiveThreadMXBean" method="getThreadCpuTime" externalInfoUrl="https://pmd.github.io/pmd/pmd_rules_java_bestpractices.html#unusedassignment" priority="3">
The initializer for variable 'error' is never used (overwritten on lines 54, 57, 60 and 63)
</violation>
<violation beginline="56" endline="59" begincolumn="9" endcolumn="7" rule="IdenticalCatchBranches" ruleset="Code Style" package="org.junit.internal.management" class="ReflectiveThreadMXBean" method="getThreadCpuTime" externalInfoUrl="https://pmd.github.io/pmd/pmd_rules_java_codestyle.html#identicalcatchbranches" priority="3">
'catch' branch identical to 'ClassCastException' branch
</violation>
<violation beginline="59" endline="62" begincolumn="9" endcolumn="7" rule="IdenticalCatchBranches" ruleset="Code Style" package="org.junit.internal.management" class="ReflectiveThreadMXBean" method="getThreadCpuTime" externalInfoUrl="https://pmd.github.io/pmd/pmd_rules_java_codestyle.html#identicalcatchbranches" priority="3">
'catch' branch identical to 'ClassCastException' branch
</violation>
<violation beginline="62" endline="65" begincolumn="9" endcolumn="7" rule="IdenticalCatchBranches" ruleset="Code Style" package="org.junit.internal.management" class="ReflectiveThreadMXBean" method="getThreadCpuTime" externalInfoUrl="https://pmd.github.io/pmd/pmd_rules_java_codestyle.html#identicalcatchbranches" priority="3">
'catch' branch identical to 'ClassCastException' branch
</violation>
<violation beginline="78" endline="80" begincolumn="9" endcolumn="7" rule="EmptyCatchBlock" ruleset="Error Prone" package="org.junit.internal.management" class="ReflectiveThreadMXBean" method="isThreadCpuTimeSupported" externalInfoUrl="https://pmd.github.io/pmd/pmd_rules_java_errorprone.html#emptycatchblock" priority="3">
Avoid empty catch blocks
</violation>
<violation beginline="80" endline="82" begincolumn="9" endcolumn="7" rule="IdenticalCatchBranches" ruleset="Code Style" package="org.junit.internal.management" class="ReflectiveThreadMXBean" method="isThreadCpuTimeSupported" externalInfoUrl="https://pmd.github.io/pmd/pmd_rules_java_codestyle.html#identicalcatchbranches" priority="3">
'catch' branch identical to 'ClassCastException' branch
</violation>
<violation beginline="80" endline="82" begincolumn="9" endcolumn="7" rule="EmptyCatchBlock" ruleset="Error Prone" package="org.junit.internal.management" class="ReflectiveThreadMXBean" method="isThreadCpuTimeSupported" externalInfoUrl="https://pmd.github.io/pmd/pmd_rules_java_errorprone.html#emptycatchblock" priority="3">
Avoid empty catch blocks
</violation>
<violation beginline="82" endline="84" begincolumn="9" endcolumn="7" rule="IdenticalCatchBranches" ruleset="Code Style" package="org.junit.internal.management" class="ReflectiveThreadMXBean" method="isThreadCpuTimeSupported" externalInfoUrl="https://pmd.github.io/pmd/pmd_rules_java_codestyle.html#identicalcatchbranches" priority="3">
'catch' branch identical to 'ClassCastException' branch
</violation>
<violation beginline="82" endline="84" begincolumn="9" endcolumn="7" rule="EmptyCatchBlock" ruleset="Error Prone" package="org.junit.internal.management" class="ReflectiveThreadMXBean" method="isThreadCpuTimeSupported" externalInfoUrl="https://pmd.github.io/pmd/pmd_rules_java_errorprone.html#emptycatchblock" priority="3">
Avoid empty catch blocks
</violation>
<violation beginline="84" endline="86" begincolumn="9" endcolumn="7" rule="IdenticalCatchBranches" ruleset="Code Style" package="org.junit.internal.management" class="ReflectiveThreadMXBean" method="isThreadCpuTimeSupported" externalInfoUrl="https://pmd.github.io/pmd/pmd_rules_java_codestyle.html#identicalcatchbranches" priority="3">
'catch' branch identical to 'ClassCastException' branch
</violation>
<violation beginline="84" endline="86" begincolumn="9" endcolumn="7" rule="EmptyCatchBlock" ruleset="Error Prone" package="org.junit.internal.management" class="ReflectiveThreadMXBean" method="isThreadCpuTimeSupported" externalInfoUrl="https://pmd.github.io/pmd/pmd_rules_java_errorprone.html#emptycatchblock" priority="3">
Avoid empty catch blocks
</violation>
</file>
<file name="C:\Users\Deyan\Downloads\junit4-r4.13.2\src\main\java\org\junit\internal\matchers\TypeSafeMatcher.java">
<violation beginline="18" endline="18" begincolumn="22" endcolumn="33" rule="ImmutableField" ruleset="Design" package="org.junit.internal.matchers" class="TypeSafeMatcher" variable="expectedType" externalInfoUrl="https://pmd.github.io/pmd/pmd_rules_java_design.html#immutablefield" priority="3">
Private field 'expectedType' could be made final; it is only initialized in the declaration or constructor.
</violation>
<violation beginline="39" endline="39" begincolumn="19" endcolumn="23" rule="AvoidThrowingRawExceptionTypes" ruleset="Design" package="org.junit.internal.matchers" class="TypeSafeMatcher" method="findExpectedType" externalInfoUrl="https://pmd.github.io/pmd/pmd_rules_java_design.html#avoidthrowingrawexceptiontypes" priority="1">
Avoid throwing raw exception types.
</violation>
</file>
<file name="C:\Users\Deyan\Downloads\junit4-r4.13.2\src\main\java\org\junit\internal\runners\ClassRoadie.java">
<violation beginline="20" endline="20" begincolumn="25" endcolumn="32" rule="ImmutableField" ruleset="Design" package="org.junit.internal.runners" class="ClassRoadie" variable="notifier" externalInfoUrl="https://pmd.github.io/pmd/pmd_rules_java_design.html#immutablefield" priority="3">
Private field 'notifier' could be made final; it is only initialized in the declaration or constructor.
</violation>
<violation beginline="21" endline="21" begincolumn="23" endcolumn="31" rule="ImmutableField" ruleset="Design" package="org.junit.internal.runners" class="ClassRoadie" variable="testClass" externalInfoUrl="https://pmd.github.io/pmd/pmd_rules_java_design.html#immutablefield" priority="3">
Private field 'testClass' could be made final; it is only initialized in the declaration or constructor.
</violation>
<violation beginline="22" endline="22" begincolumn="25" endcolumn="35" rule="ImmutableField" ruleset="Design" package="org.junit.internal.runners" class="ClassRoadie" variable="description" externalInfoUrl="https://pmd.github.io/pmd/pmd_rules_java_design.html#immutablefield" priority="3">
Private field 'description' could be made final; it is only initialized in the declaration or constructor.
</violation>
<violation beginline="45" endline="46" begincolumn="11" endcolumn="9" rule="EmptyCatchBlock" ruleset="Error Prone" package="org.junit.internal.runners" class="ClassRoadie" method="runProtected" externalInfoUrl="https://pmd.github.io/pmd/pmd_rules_java_errorprone.html#emptycatchblock" priority="3">
Avoid empty catch blocks
</violation>
<violation beginline="62" endline="62" begincolumn="13" endcolumn="37" rule="PreserveStackTrace" ruleset="Best Practices" package="org.junit.internal.runners" class="ClassRoadie" method="runBefores" externalInfoUrl="https://pmd.github.io/pmd/pmd_rules_java_bestpractices.html#preservestacktrace" priority="3">
New exception is thrown in catch block, original stack trace may be lost
</violation>
<violation beginline="63" endline="66" begincolumn="11" endcolumn="9" rule="AvoidCatchingThrowable" ruleset="Error Prone" package="org.junit.internal.runners" class="ClassRoadie" method="runBefores" externalInfoUrl="https://pmd.github.io/pmd/pmd_rules_java_errorprone.html#avoidcatchingthrowable" priority="3">
A catch statement should never catch throwable since it includes errors.
</violation>
<violation beginline="65" endline="65" begincolumn="13" endcolumn="37" rule="PreserveStackTrace" ruleset="Best Practices" package="org.junit.internal.runners" class="ClassRoadie" method="runBefores" externalInfoUrl="https://pmd.github.io/pmd/pmd_rules_java_bestpractices.html#preservestacktrace" priority="3">
New exception is thrown in catch block, original stack trace may be lost
</violation>
<violation beginline="76" endline="78" begincolumn="15" endcolumn="13" rule="AvoidCatchingThrowable" ruleset="Error Prone" package="org.junit.internal.runners" class="ClassRoadie" method="runAfters" externalInfoUrl="https://pmd.github.io/pmd/pmd_rules_java_errorprone.html#avoidcatchingthrowable" priority="3">
A catch statement should never catch throwable since it includes errors.
</violation>
</file>
<file name="C:\Users\Deyan\Downloads\junit4-r4.13.2\src\main\java\org\junit\internal\runners\ErrorReportingRunner.java">
<violation beginline="26" endline="26" begincolumn="13" endcolumn="83" rule="AvoidThrowingNullPointerException" ruleset="Design" package="org.junit.internal.runners" class="ErrorReportingRunner" method="ErrorReportingRunner" externalInfoUrl="https://pmd.github.io/pmd/pmd_rules_java_design.html#avoidthrowingnullpointerexception" priority="1">
Avoid throwing null pointer exceptions.
</violation>
<violation beginline="30" endline="30" begincolumn="17" endcolumn="76" rule="AvoidThrowingNullPointerException" ruleset="Design" package="org.junit.internal.runners" class="ErrorReportingRunner" method="ErrorReportingRunner" externalInfoUrl="https://pmd.github.io/pmd/pmd_rules_java_design.html#avoidthrowingnullpointerexception" priority="1">
Avoid throwing null pointer exceptions.
</violation>
<violation beginline="40" endline="40" begincolumn="24" endcolumn="27" rule="UnusedLocalVariable" ruleset="Best Practices" package="org.junit.internal.runners" class="ErrorReportingRunner" method="getDescription" variable="each" externalInfoUrl="https://pmd.github.io/pmd/pmd_rules_java_bestpractices.html#unusedlocalvariable" priority="3">
Avoid unused local variables such as 'each'.
</violation>
</file>
<file name="C:\Users\Deyan\Downloads\junit4-r4.13.2\src\main\java\org\junit\internal\runners\JUnit38ClassRunner.java">
<violation beginline="75" endline="75" begincolumn="22" endcolumn="31" rule="FieldDeclarationsShouldBeAtStartOfClass" ruleset="Code Style" package="org.junit.internal.runners" class="JUnit38ClassRunner" variable="VariableDeclaratorId" externalInfoUrl="https://pmd.github.io/pmd/pmd_rules_java_codestyle.html#fielddeclarationsshouldbeatstartofclass" priority="3">
Fields should be declared at the top of the class, before any method declarations, constructors, initializers or inner classes.
</violation>
<violation beginline="137" endline="138" begincolumn="11" endcolumn="9" rule="EmptyCatchBlock" ruleset="Error Prone" package="org.junit.internal.runners" class="JUnit38ClassRunner" method="getAnnotations" externalInfoUrl="https://pmd.github.io/pmd/pmd_rules_java_errorprone.html#emptycatchblock" priority="3">
Avoid empty catch blocks
</violation>
<violation beginline="138" endline="139" begincolumn="11" endcolumn="9" rule="IdenticalCatchBranches" ruleset="Code Style" package="org.junit.internal.runners" class="JUnit38ClassRunner" method="getAnnotations" externalInfoUrl="https://pmd.github.io/pmd/pmd_rules_java_codestyle.html#identicalcatchbranches" priority="3">
'catch' branch identical to 'SecurityException' branch
</violation>
<violation beginline="138" endline="139" begincolumn="11" endcolumn="9" rule="EmptyCatchBlock" ruleset="Error Prone" package="org.junit.internal.runners" class="JUnit38ClassRunner" method="getAnnotations" externalInfoUrl="https://pmd.github.io/pmd/pmd_rules_java_errorprone.html#emptycatchblock" priority="3">
Avoid empty catch blocks
</violation>
</file>
<file name="C:\Users\Deyan\Downloads\junit4-r4.13.2\src\main\java\org\junit\internal\runners\JUnit4ClassRunner.java">
<violation beginline="30" endline="30" begincolumn="23" endcolumn="31" rule="ImmutableField" ruleset="Design" package="org.junit.internal.runners" class="JUnit4ClassRunner" variable="testClass" externalInfoUrl="https://pmd.github.io/pmd/pmd_rules_java_design.html#immutablefield" priority="3">
Private field 'testClass' could be made final; it is only initialized in the declaration or constructor.
</violation>
<violation beginline="34" endline="34" begincolumn="23" endcolumn="38" rule="ConstructorCallsOverridableMethod" ruleset="Error Prone" package="org.junit.internal.runners" class="JUnit4ClassRunner" method="JUnit4ClassRunner" externalInfoUrl="https://pmd.github.io/pmd/pmd_rules_java_errorprone.html#constructorcallsoverridablemethod" priority="1">
Overridable method 'getTestMethods' called during object construction
</violation>
<violation beginline="35" endline="35" begincolumn="9" endcolumn="18" rule="ConstructorCallsOverridableMethod" ruleset="Error Prone" package="org.junit.internal.runners" class="JUnit4ClassRunner" method="JUnit4ClassRunner" externalInfoUrl="https://pmd.github.io/pmd/pmd_rules_java_errorprone.html#constructorcallsoverridablemethod" priority="1">
Overridable method 'validate' called during object construction
</violation>
<violation beginline="81" endline="81" begincolumn="42" endcolumn="50" rule="SignatureDeclareThrowsException" ruleset="Design" package="org.junit.internal.runners" class="JUnit4ClassRunner" method="createTest" externalInfoUrl="https://pmd.github.io/pmd/pmd_rules_java_design.html#signaturedeclarethrowsexception" priority="3">
A method/constructor should not explicitly throw java.lang.Exception
</violation>
<violation beginline="93" endline="93" begincolumn="18" endcolumn="26" rule="AvoidCatchingGenericException" ruleset="Design" package="org.junit.internal.runners" class="JUnit4ClassRunner" method="invokeTestMethod" externalInfoUrl="https://pmd.github.io/pmd/pmd_rules_java_design.html#avoidcatchinggenericexception" priority="3">
Avoid catching generic exceptions such as NullPointerException, RuntimeException, Exception in try-catch block
</violation>
</file>
<file name="C:\Users\Deyan\Downloads\junit4-r4.13.2\src\main\java\org\junit\internal\runners\MethodRoadie.java">
<violation beginline="30" endline="30" begincolumn="24" endcolumn="33" rule="ImmutableField" ruleset="Design" package="org.junit.internal.runners" class="MethodRoadie" variable="testMethod" externalInfoUrl="https://pmd.github.io/pmd/pmd_rules_java_design.html#immutablefield" priority="3">
Private field 'testMethod' could be made final; it is only initialized in the declaration or constructor.
</violation>
<violation beginline="63" endline="63" begincolumn="49" endcolumn="57" rule="SignatureDeclareThrowsException" ruleset="Design" package="org.junit.internal.runners" class="MethodRoadie" method="call" externalInfoUrl="https://pmd.github.io/pmd/pmd_rules_java_design.html#signaturedeclarethrowsexception" priority="3">
A method/constructor should not explicitly throw java.lang.Exception
</violation>
<violation beginline="79" endline="79" begincolumn="26" endcolumn="34" rule="AvoidCatchingGenericException" ruleset="Design" package="org.junit.internal.runners" class="MethodRoadie" method="run" externalInfoUrl="https://pmd.github.io/pmd/pmd_rules_java_design.html#avoidcatchinggenericexception" priority="3">
Avoid catching generic exceptions such as NullPointerException, RuntimeException, Exception in try-catch block
</violation>
<violation beginline="98" endline="99" begincolumn="11" endcolumn="9" rule="EmptyCatchBlock" ruleset="Error Prone" package="org.junit.internal.runners" class="MethodRoadie" method="runBeforesThenTestThenAfters" externalInfoUrl="https://pmd.github.io/pmd/pmd_rules_java_errorprone.html#emptycatchblock" priority="3">
Avoid empty catch blocks
</violation>
<violation beginline="99" endline="99" begincolumn="18" endcolumn="26" rule="AvoidCatchingGenericException" ruleset="Design" package="org.junit.internal.runners" class="MethodRoadie" method="runBeforesThenTestThenAfters" externalInfoUrl="https://pmd.github.io/pmd/pmd_rules_java_design.html#avoidcatchinggenericexception" priority="3">
Avoid catching generic exceptions such as NullPointerException, RuntimeException, Exception in try-catch block
</violation>
<violation beginline="100" endline="100" begincolumn="23" endcolumn="38" rule="AvoidThrowingRawExceptionTypes" ruleset="Design" package="org.junit.internal.runners" class="MethodRoadie" method="runBeforesThenTestThenAfters" externalInfoUrl="https://pmd.github.io/pmd/pmd_rules_java_design.html#avoidthrowingrawexceptiontypes" priority="1">
Avoid throwing raw exception types.
</violation>
<violation beginline="100" endline="100" begincolumn="13" endcolumn="93" rule="PreserveStackTrace" ruleset="Best Practices" package="org.junit.internal.runners" class="MethodRoadie" method="runBeforesThenTestThenAfters" externalInfoUrl="https://pmd.github.io/pmd/pmd_rules_java_bestpractices.html#preservestacktrace" priority="3">
New exception is thrown in catch block, original stack trace may be lost
</violation>
<violation beginline="123" endline="125" begincolumn="11" endcolumn="9" rule="AvoidCatchingThrowable" ruleset="Error Prone" package="org.junit.internal.runners" class="MethodRoadie" method="runTestMethod" externalInfoUrl="https://pmd.github.io/pmd/pmd_rules_java_errorprone.html#avoidcatchingthrowable" priority="3">
A catch statement should never catch throwable since it includes errors.
</violation>
<violation beginline="139" endline="139" begincolumn="13" endcolumn="37" rule="PreserveStackTrace" ruleset="Best Practices" package="org.junit.internal.runners" class="MethodRoadie" method="runBefores" externalInfoUrl="https://pmd.github.io/pmd/pmd_rules_java_bestpractices.html#preservestacktrace" priority="3">
New exception is thrown in catch block, original stack trace may be lost
</violation>
<violation beginline="140" endline="143" begincolumn="11" endcolumn="9" rule="AvoidCatchingThrowable" ruleset="Error Prone" package="org.junit.internal.runners" class="MethodRoadie" method="runBefores" externalInfoUrl="https://pmd.github.io/pmd/pmd_rules_java_errorprone.html#avoidcatchingthrowable" priority="3">
A catch statement should never catch throwable since it includes errors.
</violation>
<violation beginline="142" endline="142" begincolumn="13" endcolumn="37" rule="PreserveStackTrace" ruleset="Best Practices" package="org.junit.internal.runners" class="MethodRoadie" method="runBefores" externalInfoUrl="https://pmd.github.io/pmd/pmd_rules_java_bestpractices.html#preservestacktrace" priority="3">
New exception is thrown in catch block, original stack trace may be lost
</violation>
<violation beginline="153" endline="155" begincolumn="15" endcolumn="13" rule="AvoidCatchingThrowable" ruleset="Error Prone" package="org.junit.internal.runners" class="MethodRoadie" method="runAfters" externalInfoUrl="https://pmd.github.io/pmd/pmd_rules_java_errorprone.html#avoidcatchingthrowable" priority="3">
A catch statement should never catch throwable since it includes errors.
</violation>
</file>
<file name="C:\Users\Deyan\Downloads\junit4-r4.13.2\src\main\java\org\junit\internal\runners\MethodValidator.java">
<violation beginline="24" endline="24" begincolumn="44" endcolumn="69" rule="UseDiamondOperator" ruleset="Code Style" package="org.junit.internal.runners" class="MethodValidator" externalInfoUrl="https://pmd.github.io/pmd/pmd_rules_java_codestyle.html#usediamondoperator" priority="3">
Explicit type arguments can be replaced by Diamond Operator
</violation>
<violation beginline="26" endline="26" begincolumn="23" endcolumn="31" rule="ImmutableField" ruleset="Design" package="org.junit.internal.runners" class="MethodValidator" variable="testClass" externalInfoUrl="https://pmd.github.io/pmd/pmd_rules_java_design.html#immutablefield" priority="3">
Private field 'testClass' could be made final; it is only initialized in the declaration or constructor.
</violation>
<violation beginline="38" endline="38" begincolumn="13" endcolumn="24" rule="UseCollectionIsEmpty" ruleset="Best Practices" package="org.junit.internal.runners" class="MethodValidator" method="validateInstanceMethods" externalInfoUrl="https://pmd.github.io/pmd/pmd_rules_java_bestpractices.html#usecollectionisempty" priority="3">
Substitute calls to size() == 0 (or size() != 0, size() &gt; 0, size() &lt; 1) with calls to isEmpty()
</violation>
<violation beginline="64" endline="64" begincolumn="18" endcolumn="26" rule="AvoidCatchingGenericException" ruleset="Design" package="org.junit.internal.runners" class="MethodValidator" method="validateNoArgConstructor" externalInfoUrl="https://pmd.github.io/pmd/pmd_rules_java_design.html#avoidcatchinggenericexception" priority="3">
Avoid catching generic exceptions such as NullPointerException, RuntimeException, Exception in try-catch block
</violation>
<violation beginline="76" endline="76" begincolumn="42" endcolumn="50" rule="AvoidDuplicateLiterals" ruleset="Error Prone" package="org.junit.internal.runners" class="MethodValidator" method="validateTestMethods" externalInfoUrl="https://pmd.github.io/pmd/pmd_rules_java_errorprone.html#avoidduplicateliterals" priority="3">
The String literal "Method " appears 4 times in this file; the first occurrence is on line 76
</violation>
</file>
<file name="C:\Users\Deyan\Downloads\junit4-r4.13.2\src\main\java\org\junit\internal\runners\SuiteMethod.java">
<violation beginline="28" endline="28" begincolumn="30" endcolumn="33" rule="UnusedAssignment" ruleset="Best Practices" package="org.junit.internal.runners" class="SuiteMethod" method="testFromSuiteMethod" externalInfoUrl="https://pmd.github.io/pmd/pmd_rules_java_bestpractices.html#unusedassignment" priority="3">
The initializer for variable 'suiteMethod' is never used (overwritten on line 31)
</violation>
<violation beginline="29" endline="29" begincolumn="22" endcolumn="25" rule="UnusedAssignment" ruleset="Best Practices" package="org.junit.internal.runners" class="SuiteMethod" method="testFromSuiteMethod" externalInfoUrl="https://pmd.github.io/pmd/pmd_rules_java_bestpractices.html#unusedassignment" priority="3">
The initializer for variable 'suite' is never used (overwritten on line 35)
</violation>
<violation beginline="33" endline="33" begincolumn="27" endcolumn="35" rule="AvoidThrowingRawExceptionTypes" ruleset="Design" package="org.junit.internal.runners" class="SuiteMethod" method="testFromSuiteMethod" externalInfoUrl="https://pmd.github.io/pmd/pmd_rules_java_design.html#avoidthrowingrawexceptiontypes" priority="1">
Avoid throwing raw exception types.
</violation>
</file>
<file name="C:\Users\Deyan\Downloads\junit4-r4.13.2\src\main\java\org\junit\internal\runners\TestClass.java">
<violation beginline="34" endline="36" begincolumn="5" endcolumn="5" rule="DefaultPackage" ruleset="Code Style" package="org.junit.internal.runners" class="TestClass" externalInfoUrl="https://pmd.github.io/pmd/pmd_rules_java_codestyle.html#defaultpackage" priority="3">
Use explicit scoping instead of the default package private level
</violation>
<violation beginline="38" endline="40" begincolumn="5" endcolumn="5" rule="DefaultPackage" ruleset="Code Style" package="org.junit.internal.runners" class="TestClass" externalInfoUrl="https://pmd.github.io/pmd/pmd_rules_java_codestyle.html#defaultpackage" priority="3">
Use explicit scoping instead of the default package private level
</violation>
<violation beginline="43" endline="43" begincolumn="32" endcolumn="54" rule="UseDiamondOperator" ruleset="Code Style" package="org.junit.internal.runners" class="TestClass" method="getAnnotatedMethods" externalInfoUrl="https://pmd.github.io/pmd/pmd_rules_java_codestyle.html#usediamondoperator" priority="3">
Explicit type arguments can be replaced by Diamond Operator
</violation>
<violation beginline="88" endline="88" begincolumn="34" endcolumn="58" rule="UseDiamondOperator" ruleset="Code Style" package="org.junit.internal.runners" class="TestClass" method="getSuperClasses" externalInfoUrl="https://pmd.github.io/pmd/pmd_rules_java_codestyle.html#usediamondoperator" priority="3">
Explicit type arguments can be replaced by Diamond Operator
</violation>
<violation beginline="97" endline="97" begincolumn="51" endcolumn="67" rule="AvoidUncheckedExceptionsInSignatures" ruleset="Design" package="org.junit.internal.runners" class="TestClass" method="getConstructor" externalInfoUrl="https://pmd.github.io/pmd/pmd_rules_java_design.html#avoiduncheckedexceptionsinsignatures" priority="3">
A method or constructor should not explicitly declare unchecked exceptions in its 'throws' clause
</violation>
</file>
<file name="C:\Users\Deyan\Downloads\junit4-r4.13.2\src\main\java\org\junit\internal\runners\TestMethod.java">
<violation beginline="22" endline="22" begincolumn="23" endcolumn="31" rule="ImmutableField" ruleset="Design" package="org.junit.internal.runners" class="TestMethod" variable="testClass" externalInfoUrl="https://pmd.github.io/pmd/pmd_rules_java_design.html#immutablefield" priority="3">
Private field 'testClass' could be made final; it is only initialized in the declaration or constructor.
</violation>
<violation beginline="39" endline="39" begincolumn="9" endcolumn="23" rule="UnnecessaryLocalBeforeReturn" ruleset="Code Style" package="org.junit.internal.runners" class="TestMethod" method="getTimeout" externalInfoUrl="https://pmd.github.io/pmd/pmd_rules_java_codestyle.html#unnecessarylocalbeforereturn" priority="3">
Consider simply returning the value vs storing it in local variable 'timeout'
</violation>
<violation beginline="51" endline="53" begincolumn="5" endcolumn="5" rule="DefaultPackage" ruleset="Code Style" package="org.junit.internal.runners" class="TestMethod" externalInfoUrl="https://pmd.github.io/pmd/pmd_rules_java_codestyle.html#defaultpackage" priority="3">
Use explicit scoping instead of the default package private level
</violation>
<violation beginline="55" endline="57" begincolumn="5" endcolumn="5" rule="DefaultPackage" ruleset="Code Style" package="org.junit.internal.runners" class="TestMethod" externalInfoUrl="https://pmd.github.io/pmd/pmd_rules_java_codestyle.html#defaultpackage" priority="3">
Use explicit scoping instead of the default package private level
</violation>
<violation beginline="59" endline="61" begincolumn="5" endcolumn="5" rule="DefaultPackage" ruleset="Code Style" package="org.junit.internal.runners" class="TestMethod" externalInfoUrl="https://pmd.github.io/pmd/pmd_rules_java_codestyle.html#defaultpackage" priority="3">
Use explicit scoping instead of the default package private level
</violation>
<violation beginline="63" endline="65" begincolumn="5" endcolumn="5" rule="DefaultPackage" ruleset="Code Style" package="org.junit.internal.runners" class="TestMethod" externalInfoUrl="https://pmd.github.io/pmd/pmd_rules_java_codestyle.html#defaultpackage" priority="3">
Use explicit scoping instead of the default package private level
</violation>
<violation beginline="67" endline="67" begincolumn="44" endcolumn="67" rule="AvoidUncheckedExceptionsInSignatures" ruleset="Design" package="org.junit.internal.runners" class="TestMethod" method="invoke" externalInfoUrl="https://pmd.github.io/pmd/pmd_rules_java_design.html#avoiduncheckedexceptionsinsignatures" priority="3">
A method or constructor should not explicitly declare unchecked exceptions in its 'throws' clause
</violation>
</file>
<file name="C:\Users\Deyan\Downloads\junit4-r4.13.2\src\main\java\org\junit\internal\runners\rules\RuleMemberValidator.java">
<violation beginline="119" endline="119" begincolumn="31" endcolumn="60" rule="UseDiamondOperator" ruleset="Code Style" package="org.junit.internal.runners.rules" class="RuleMemberValidator$Builder" method="Builder" externalInfoUrl="https://pmd.github.io/pmd/pmd_rules_java_codestyle.html#usediamondoperator" priority="3">
Explicit type arguments can be replaced by Diamond Operator
</violation>
<violation beginline="122" endline="125" begincolumn="9" endcolumn="9" rule="DefaultPackage" ruleset="Code Style" package="org.junit.internal.runners.rules" class="RuleMemberValidator$Builder" externalInfoUrl="https://pmd.github.io/pmd/pmd_rules_java_codestyle.html#defaultpackage" priority="3">
Use explicit scoping instead of the default package private level
</violation>
<violation beginline="127" endline="130" begincolumn="9" endcolumn="9" rule="DefaultPackage" ruleset="Code Style" package="org.junit.internal.runners.rules" class="RuleMemberValidator$Builder" externalInfoUrl="https://pmd.github.io/pmd/pmd_rules_java_codestyle.html#defaultpackage" priority="3">
Use explicit scoping instead of the default package private level
</violation>
<violation beginline="132" endline="134" begincolumn="9" endcolumn="9" rule="DefaultPackage" ruleset="Code Style" package="org.junit.internal.runners.rules" class="RuleMemberValidator$Builder" externalInfoUrl="https://pmd.github.io/pmd/pmd_rules_java_codestyle.html#defaultpackage" priority="3">
Use explicit scoping instead of the default package private level
</violation>
</file>
<file name="C:\Users\Deyan\Downloads\junit4-r4.13.2\src\main\java\org\junit\internal\runners\statements\ExpectException.java">
<violation beginline="25" endline="32" begincolumn="11" endcolumn="9" rule="AvoidCatchingThrowable" ruleset="Error Prone" package="org.junit.internal.runners.statements" class="ExpectException" method="evaluate" externalInfoUrl="https://pmd.github.io/pmd/pmd_rules_java_errorprone.html#avoidcatchingthrowable" priority="3">
A catch statement should never catch throwable since it includes errors.
</violation>
<violation beginline="30" endline="30" begincolumn="27" endcolumn="35" rule="AvoidThrowingRawExceptionTypes" ruleset="Design" package="org.junit.internal.runners.statements" class="ExpectException" method="evaluate" externalInfoUrl="https://pmd.github.io/pmd/pmd_rules_java_design.html#avoidthrowingrawexceptiontypes" priority="1">
Avoid throwing raw exception types.
</violation>
</file>
<file name="C:\Users\Deyan\Downloads\junit4-r4.13.2\src\main\java\org\junit\internal\runners\statements\Fail.java">
<violation beginline="5" endline="16" begincolumn="8" endcolumn="1" rule="ShortClassName" ruleset="Code Style" package="org.junit.internal.runners.statements" class="Fail" externalInfoUrl="https://pmd.github.io/pmd/pmd_rules_java_codestyle.html#shortclassname" priority="4">
Avoid short class names like Fail
</violation>
</file>
<file name="C:\Users\Deyan\Downloads\junit4-r4.13.2\src\main\java\org\junit\internal\runners\statements\FailOnTimeout.java">
<violation beginline="59" endline="59" begincolumn="25" endcolumn="50" rule="RedundantFieldInitializer" ruleset="Performance" package="org.junit.internal.runners.statements" class="FailOnTimeout$Builder" variable="lookForStuckThread" externalInfoUrl="https://pmd.github.io/pmd/pmd_rules_java_performance.html#redundantfieldinitializer" priority="3">
Avoid using redundant field initializer for 'lookForStuckThread'
</violation>
<violation beginline="60" endline="60" begincolumn="22" endcolumn="32" rule="RedundantFieldInitializer" ruleset="Performance" package="org.junit.internal.runners.statements" class="FailOnTimeout$Builder" variable="timeout" externalInfoUrl="https://pmd.github.io/pmd/pmd_rules_java_performance.html#redundantfieldinitializer" priority="3">
Avoid using redundant field initializer for 'timeout'
</violation>
<violation beginline="84" endline="84" begincolumn="17" endcolumn="74" rule="AvoidThrowingNullPointerException" ruleset="Design" package="org.junit.internal.runners.statements" class="FailOnTimeout$Builder" method="withTimeout" externalInfoUrl="https://pmd.github.io/pmd/pmd_rules_java_design.html#avoidthrowingnullpointerexception" priority="1">
Avoid throwing null pointer exceptions.
</violation>
<violation beginline="113" endline="113" begincolumn="17" endcolumn="75" rule="AvoidThrowingNullPointerException" ruleset="Design" package="org.junit.internal.runners.statements" class="FailOnTimeout$Builder" method="build" externalInfoUrl="https://pmd.github.io/pmd/pmd_rules_java_design.html#avoidthrowingnullpointerexception" priority="1">
Avoid throwing null pointer exceptions.
</violation>
<violation beginline="122" endline="122" begincolumn="38" endcolumn="72" rule="UseDiamondOperator" ruleset="Code Style" package="org.junit.internal.runners.statements" class="FailOnTimeout" method="evaluate" externalInfoUrl="https://pmd.github.io/pmd/pmd_rules_java_codestyle.html#usediamondoperator" priority="3">
Explicit type arguments can be replaced by Diamond Operator
</violation>
<violation beginline="144" endline="144" begincolumn="39" endcolumn="49" rule="AvoidThreadGroup" ruleset="Multithreading" package="org.junit.internal.runners.statements" class="FailOnTimeout" method="threadGroupForNewThread" externalInfoUrl="https://pmd.github.io/pmd/pmd_rules_java_multithreading.html#avoidthreadgroup" priority="3">
Avoid using java.lang.ThreadGroup; it is not thread safe
</violation>
<violation beginline="152" endline="154" begincolumn="15" endcolumn="13" rule="EmptyCatchBlock" ruleset="Error Prone" package="org.junit.internal.runners.statements" class="FailOnTimeout" method="threadGroupForNewThread" externalInfoUrl="https://pmd.github.io/pmd/pmd_rules_java_errorprone.html#emptycatchblock" priority="3">
Avoid empty catch blocks
</violation>
<violation beginline="172" endline="172" begincolumn="13" endcolumn="21" rule="UnnecessaryLocalBeforeReturn" ruleset="Code Style" package="org.junit.internal.runners.statements" class="FailOnTimeout" method="getResult" externalInfoUrl="https://pmd.github.io/pmd/pmd_rules_java_codestyle.html#unnecessarylocalbeforereturn" priority="3">
Consider simply returning the value vs storing it in local variable 'e'
</violation>
<violation beginline="287" endline="288" begincolumn="15" endcolumn="13" rule="EmptyCatchBlock" ruleset="Error Prone" package="org.junit.internal.runners.statements" class="FailOnTimeout" method="cpuTime" externalInfoUrl="https://pmd.github.io/pmd/pmd_rules_java_errorprone.html#emptycatchblock" priority="3">
Avoid empty catch blocks
</violation>
<violation beginline="296" endline="296" begincolumn="40" endcolumn="48" rule="SignatureDeclareThrowsException" ruleset="Design" package="org.junit.internal.runners.statements" class="FailOnTimeout$CallableStatement" method="call" externalInfoUrl="https://pmd.github.io/pmd/pmd_rules_java_design.html#signaturedeclarethrowsexception" priority="3">
A method/constructor should not explicitly throw java.lang.Exception
</violation>
<violation beginline="300" endline="302" begincolumn="15" endcolumn="13" rule="AvoidRethrowingException" ruleset="Design" package="org.junit.internal.runners.statements" class="FailOnTimeout$CallableStatement" method="call" externalInfoUrl="https://pmd.github.io/pmd/pmd_rules_java_design.html#avoidrethrowingexception" priority="3">
A catch statement that catches an exception only to rethrow it should be avoided.
</violation>
<violation beginline="300" endline="300" begincolumn="22" endcolumn="30" rule="AvoidCatchingGenericException" ruleset="Design" package="org.junit.internal.runners.statements" class="FailOnTimeout$CallableStatement" method="call" externalInfoUrl="https://pmd.github.io/pmd/pmd_rules_java_design.html#avoidcatchinggenericexception" priority="3">
Avoid catching generic exceptions such as NullPointerException, RuntimeException, Exception in try-catch block
</violation>
<violation beginline="302" endline="304" begincolumn="15" endcolumn="13" rule="AvoidCatchingThrowable" ruleset="Error Prone" package="org.junit.internal.runners.statements" class="FailOnTimeout$CallableStatement" method="call" externalInfoUrl="https://pmd.github.io/pmd/pmd_rules_java_errorprone.html#avoidcatchingthrowable" priority="3">
A catch statement should never catch throwable since it includes errors.
</violation>
<violation beginline="303" endline="303" begincolumn="17" endcolumn="25" rule="UnnecessaryLocalBeforeReturn" ruleset="Code Style" package="org.junit.internal.runners.statements" class="FailOnTimeout$CallableStatement" method="call" externalInfoUrl="https://pmd.github.io/pmd/pmd_rules_java_codestyle.html#unnecessarylocalbeforereturn" priority="3">
Consider simply returning the value vs storing it in local variable 'e'
</violation>
</file>
<file name="C:\Users\Deyan\Downloads\junit4-r4.13.2\src\main\java\org\junit\internal\runners\statements\RunAfters.java">
<violation beginline="25" endline="25" begincolumn="34" endcolumn="59" rule="UseDiamondOperator" ruleset="Code Style" package="org.junit.internal.runners.statements" class="RunAfters" method="evaluate" externalInfoUrl="https://pmd.github.io/pmd/pmd_rules_java_codestyle.html#usediamondoperator" priority="3">
Explicit type arguments can be replaced by Diamond Operator
</violation>
<violation beginline="28" endline="30" begincolumn="11" endcolumn="9" rule="AvoidCatchingThrowable" ruleset="Error Prone" package="org.junit.internal.runners.statements" class="RunAfters" method="evaluate" externalInfoUrl="https://pmd.github.io/pmd/pmd_rules_java_errorprone.html#avoidcatchingthrowable" priority="3">
A catch statement should never catch throwable since it includes errors.
</violation>
<violation beginline="34" endline="36" begincolumn="19" endcolumn="17" rule="AvoidCatchingThrowable" ruleset="Error Prone" package="org.junit.internal.runners.statements" class="RunAfters" method="evaluate" externalInfoUrl="https://pmd.github.io/pmd/pmd_rules_java_errorprone.html#avoidcatchingthrowable" priority="3">
A catch statement should never catch throwable since it includes errors.
</violation>
</file>
<file name="C:\Users\Deyan\Downloads\junit4-r4.13.2\src\main\java\org\junit\matchers\JUnitMatchers.java">
<violation beginline="68" endline="68" begincolumn="27" endcolumn="42" rule="UnnecessaryFullyQualifiedName" ruleset="Code Style" package="org.junit.matchers" class="JUnitMatchers" method="containsString" externalInfoUrl="https://pmd.github.io/pmd/pmd_rules_java_codestyle.html#unnecessaryfullyqualifiedname" priority="4">
Unnecessary use of fully qualified name 'java.lang.String' due to existing implicit import 'java.lang.*'
</violation>
<violation beginline="68" endline="68" begincolumn="60" endcolumn="75" rule="UnnecessaryFullyQualifiedName" ruleset="Code Style" package="org.junit.matchers" class="JUnitMatchers" method="containsString" externalInfoUrl="https://pmd.github.io/pmd/pmd_rules_java_codestyle.html#unnecessaryfullyqualifiedname" priority="4">
Unnecessary use of fully qualified name 'java.lang.String' due to existing implicit import 'java.lang.*'
</violation>
</file>
<file name="C:\Users\Deyan\Downloads\junit4-r4.13.2\src\main\java\org\junit\rules\ErrorCollector.java">
<violation beginline="38" endline="38" begincolumn="38" endcolumn="63" rule="UseDiamondOperator" ruleset="Code Style" package="org.junit.rules" class="ErrorCollector" externalInfoUrl="https://pmd.github.io/pmd/pmd_rules_java_codestyle.html#usediamondoperator" priority="3">
Explicit type arguments can be replaced by Diamond Operator
</violation>
<violation beginline="38" endline="38" begincolumn="29" endcolumn="34" rule="ImmutableField" ruleset="Design" package="org.junit.rules" class="ErrorCollector" variable="errors" externalInfoUrl="https://pmd.github.io/pmd/pmd_rules_java_design.html#immutablefield" priority="3">
Private field 'errors' could be made final; it is only initialized in the declaration or constructor.
</violation>
<violation beginline="50" endline="50" begincolumn="13" endcolumn="67" rule="AvoidThrowingNullPointerException" ruleset="Design" package="org.junit.rules" class="ErrorCollector" method="addError" externalInfoUrl="https://pmd.github.io/pmd/pmd_rules_java_design.html#avoidthrowingnullpointerexception" priority="1">
Avoid throwing null pointer exceptions.
</violation>
<violation beginline="76" endline="76" begincolumn="41" endcolumn="49" rule="SignatureDeclareThrowsException" ruleset="Design" package="org.junit.rules" class="ErrorCollector" method="call" externalInfoUrl="https://pmd.github.io/pmd/pmd_rules_java_design.html#signaturedeclarethrowsexception" priority="3">
A method/constructor should not explicitly throw java.lang.Exception
</violation>
<violation beginline="96" endline="99" begincolumn="11" endcolumn="9" rule="AvoidCatchingThrowable" ruleset="Error Prone" package="org.junit.rules" class="ErrorCollector" externalInfoUrl="https://pmd.github.io/pmd/pmd_rules_java_errorprone.html#avoidcatchingthrowable" priority="3">
A catch statement should never catch throwable since it includes errors.
</violation>
</file>
<file name="C:\Users\Deyan\Downloads\junit4-r4.13.2\src\main\java\org\junit\rules\ExpectedException.java">
<violation beginline="1" endline="285" begincolumn="1" endcolumn="2" rule="TooManyStaticImports" ruleset="Code Style" package="org.junit.rules" class="ExpectedException" externalInfoUrl="https://pmd.github.io/pmd/pmd_rules_java_codestyle.html#toomanystaticimports" priority="3">
Too many static imports may lead to messy code
</violation>
<violation beginline="126" endline="126" begincolumn="19" endcolumn="105" rule="FieldDeclarationsShouldBeAtStartOfClass" ruleset="Code Style" package="org.junit.rules" class="ExpectedException" variable="VariableDeclaratorId" externalInfoUrl="https://pmd.github.io/pmd/pmd_rules_java_codestyle.html#fielddeclarationsshouldbeatstartofclass" priority="3">
Fields should be declared at the top of the class, before any method declarations, constructors, initializers or inner classes.
</violation>
<violation beginline="128" endline="128" begincolumn="13" endcolumn="72" rule="AvoidFieldNameMatchingMethodName" ruleset="Error Prone" package="org.junit.rules" class="ExpectedException" variable="VariableDeclaratorId" externalInfoUrl="https://pmd.github.io/pmd/pmd_rules_java_errorprone.html#avoidfieldnamematchingmethodname" priority="3">
Field missingExceptionMessage has the same name as a method
</violation>
<violation beginline="128" endline="128" begincolumn="13" endcolumn="72" rule="FieldDeclarationsShouldBeAtStartOfClass" ruleset="Code Style" package="org.junit.rules" class="ExpectedException" variable="VariableDeclaratorId" externalInfoUrl="https://pmd.github.io/pmd/pmd_rules_java_codestyle.html#fielddeclarationsshouldbeatstartofclass" priority="3">
Fields should be declared at the top of the class, before any method declarations, constructors, initializers or inner classes.
</violation>
<violation beginline="259" endline="262" begincolumn="15" endcolumn="13" rule="AvoidCatchingThrowable" ruleset="Error Prone" package="org.junit.rules" class="ExpectedException$ExpectedExceptionStatement" method="evaluate" externalInfoUrl="https://pmd.github.io/pmd/pmd_rules_java_errorprone.html#avoidcatchingthrowable" priority="3">
A catch statement should never catch throwable since it includes errors.
</violation>
</file>
<file name="C:\Users\Deyan\Downloads\junit4-r4.13.2\src\main\java\org\junit\rules\ExpectedExceptionMatcherBuilder.java">
<violation beginline="16" endline="16" begincolumn="47" endcolumn="73" rule="UseDiamondOperator" ruleset="Code Style" package="org.junit.rules" class="ExpectedExceptionMatcherBuilder" externalInfoUrl="https://pmd.github.io/pmd/pmd_rules_java_codestyle.html#usediamondoperator" priority="3">
Explicit type arguments can be replaced by Diamond Operator
</violation>
<violation beginline="18" endline="20" begincolumn="5" endcolumn="5" rule="DefaultPackage" ruleset="Code Style" package="org.junit.rules" class="ExpectedExceptionMatcherBuilder" externalInfoUrl="https://pmd.github.io/pmd/pmd_rules_java_codestyle.html#defaultpackage" priority="3">
Use explicit scoping instead of the default package private level
</violation>
<violation beginline="22" endline="24" begincolumn="5" endcolumn="5" rule="DefaultPackage" ruleset="Code Style" package="org.junit.rules" class="ExpectedExceptionMatcherBuilder" externalInfoUrl="https://pmd.github.io/pmd/pmd_rules_java_codestyle.html#defaultpackage" priority="3">
Use explicit scoping instead of the default package private level
</violation>
<violation beginline="26" endline="28" begincolumn="5" endcolumn="5" rule="DefaultPackage" ruleset="Code Style" package="org.junit.rules" class="ExpectedExceptionMatcherBuilder" externalInfoUrl="https://pmd.github.io/pmd/pmd_rules_java_codestyle.html#defaultpackage" priority="3">
Use explicit scoping instead of the default package private level
</violation>
</file>
<file name="C:\Users\Deyan\Downloads\junit4-r4.13.2\src\main\java\org\junit\rules\ExternalResource.java">
<violation beginline="52" endline="52" begincolumn="42" endcolumn="67" rule="UseDiamondOperator" ruleset="Code Style" package="org.junit.rules" class="ExternalResource" method="evaluate" externalInfoUrl="https://pmd.github.io/pmd/pmd_rules_java_codestyle.html#usediamondoperator" priority="3">
Explicit type arguments can be replaced by Diamond Operator
</violation>
<violation beginline="55" endline="57" begincolumn="19" endcolumn="17" rule="AvoidCatchingThrowable" ruleset="Error Prone" package="org.junit.rules" class="ExternalResource" method="evaluate" externalInfoUrl="https://pmd.github.io/pmd/pmd_rules_java_errorprone.html#avoidcatchingthrowable" priority="3">
A catch statement should never catch throwable since it includes errors.
</violation>
<violation beginline="60" endline="62" begincolumn="23" endcolumn="21" rule="AvoidCatchingThrowable" ruleset="Error Prone" package="org.junit.rules" class="ExternalResource" method="evaluate" externalInfoUrl="https://pmd.github.io/pmd/pmd_rules_java_errorprone.html#avoidcatchingthrowable" priority="3">
A catch statement should never catch throwable since it includes errors.
</violation>
<violation beginline="74" endline="76" begincolumn="15" endcolumn="5" rule="EmptyMethodInAbstractClassShouldBeAbstract" ruleset="Code Style" package="org.junit.rules" class="ExternalResource" method="before" externalInfoUrl="https://pmd.github.io/pmd/pmd_rules_java_codestyle.html#emptymethodinabstractclassshouldbeabstract" priority="1">
An empty method in an abstract class should be abstract instead
</violation>
<violation beginline="81" endline="83" begincolumn="15" endcolumn="5" rule="EmptyMethodInAbstractClassShouldBeAbstract" ruleset="Code Style" package="org.junit.rules" class="ExternalResource" method="after" externalInfoUrl="https://pmd.github.io/pmd/pmd_rules_java_codestyle.html#emptymethodinabstractclassshouldbeabstract" priority="1">
An empty method in an abstract class should be abstract instead
</violation>
</file>
<file name="C:\Users\Deyan\Downloads\junit4-r4.13.2\src\main\java\org\junit\rules\RuleChain.java">
<violation beginline="58" endline="113" begincolumn="8" endcolumn="1" rule="ClassWithOnlyPrivateConstructorsShouldBeFinal" ruleset="Design" package="org.junit.rules" class="RuleChain" externalInfoUrl="https://pmd.github.io/pmd/pmd_rules_java_design.html#classwithonlyprivateconstructorsshouldbefinal" priority="1">
A class which only has private constructors should be final
</violation>
<violation beginline="62" endline="62" begincolumn="28" endcolumn="53" rule="ImmutableField" ruleset="Design" package="org.junit.rules" class="RuleChain" variable="rulesStartingWithInnerMost" externalInfoUrl="https://pmd.github.io/pmd/pmd_rules_java_design.html#immutablefield" priority="3">
Private field 'rulesStartingWithInnerMost' could be made final; it is only initialized in the declaration or constructor.
</violation>
<violation beginline="99" endline="99" begincolumn="13" endcolumn="81" rule="AvoidThrowingNullPointerException" ruleset="Design" package="org.junit.rules" class="RuleChain" method="around" externalInfoUrl="https://pmd.github.io/pmd/pmd_rules_java_design.html#avoidthrowingnullpointerexception" priority="1">
Avoid throwing null pointer exceptions.
</violation>
<violation beginline="101" endline="101" begincolumn="42" endcolumn="66" rule="UseDiamondOperator" ruleset="Code Style" package="org.junit.rules" class="RuleChain" method="around" externalInfoUrl="https://pmd.github.io/pmd/pmd_rules_java_codestyle.html#usediamondoperator" priority="3">
Explicit type arguments can be replaced by Diamond Operator
</violation>
</file>
<file name="C:\Users\Deyan\Downloads\junit4-r4.13.2\src\main\java\org\junit\rules\RunRules.java">
<violation beginline="23" endline="23" begincolumn="49" endcolumn="54" rule="AvoidReassigningParameters" ruleset="Best Practices" package="org.junit.rules" class="RunRules" method="applyAll" variable="result" externalInfoUrl="https://pmd.github.io/pmd/pmd_rules_java_bestpractices.html#avoidreassigningparameters" priority="2">
Avoid reassigning parameters such as 'result'
</violation>
</file>
<file name="C:\Users\Deyan\Downloads\junit4-r4.13.2\src\main\java\org\junit\rules\Stopwatch.java">
<violation beginline="105" endline="106" begincolumn="67" endcolumn="5" rule="UncommentedEmptyMethodBody" ruleset="Documentation" package="org.junit.rules" class="Stopwatch" method="succeeded" externalInfoUrl="https://pmd.github.io/pmd/pmd_rules_java_documentation.html#uncommentedemptymethodbody" priority="3">
Document empty method body
</violation>
<violation beginline="111" endline="112" begincolumn="77" endcolumn="5" rule="UncommentedEmptyMethodBody" ruleset="Documentation" package="org.junit.rules" class="Stopwatch" method="failed" externalInfoUrl="https://pmd.github.io/pmd/pmd_rules_java_documentation.html#uncommentedemptymethodbody" priority="3">
Document empty method body
</violation>
<violation beginline="117" endline="118" begincolumn="96" endcolumn="5" rule="UncommentedEmptyMethodBody" ruleset="Documentation" package="org.junit.rules" class="Stopwatch" method="skipped" externalInfoUrl="https://pmd.github.io/pmd/pmd_rules_java_documentation.html#uncommentedemptymethodbody" priority="3">
Document empty method body
</violation>
<violation beginline="123" endline="124" begincolumn="66" endcolumn="5" rule="UncommentedEmptyMethodBody" ruleset="Documentation" package="org.junit.rules" class="Stopwatch" method="finished" externalInfoUrl="https://pmd.github.io/pmd/pmd_rules_java_documentation.html#uncommentedemptymethodbody" priority="3">
Document empty method body
</violation>
</file>
<file name="C:\Users\Deyan\Downloads\junit4-r4.13.2\src\main\java\org\junit\rules\TemporaryFolder.java">
<violation beginline="50" endline="50" begincolumn="50" endcolumn="54" rule="UseUnderscoresInNumericLiterals" ruleset="Code Style" package="org.junit.rules" class="TemporaryFolder" externalInfoUrl="https://pmd.github.io/pmd/pmd_rules_java_codestyle.html#useunderscoresinnumericliterals" priority="3">
Number 10000 should separate every third digit with an underscore
</violation>
<violation beginline="97" endline="97" begincolumn="17" endcolumn="34" rule="AvoidFieldNameMatchingMethodName" ruleset="Error Prone" package="org.junit.rules" class="TemporaryFolder$Builder" variable="VariableDeclaratorId" externalInfoUrl="https://pmd.github.io/pmd/pmd_rules_java_errorprone.html#avoidfieldnamematchingmethodname" priority="3">
Field parentFolder has the same name as a method
</violation>
<violation beginline="98" endline="98" begincolumn="17" endcolumn="39" rule="AvoidFieldNameMatchingMethodName" ruleset="Error Prone" package="org.junit.rules" class="TemporaryFolder$Builder" variable="VariableDeclaratorId" externalInfoUrl="https://pmd.github.io/pmd/pmd_rules_java_errorprone.html#avoidfieldnamematchingmethodname" priority="3">
Field assureDeletion has the same name as a method
</violation>
<violation beginline="100" endline="100" begincolumn="19" endcolumn="30" rule="UncommentedEmptyConstructor" ruleset="Documentation" package="org.junit.rules" class="TemporaryFolder$Builder" method="Builder" externalInfoUrl="https://pmd.github.io/pmd/pmd_rules_java_documentation.html#uncommentedemptyconstructor" priority="3">
Document empty constructor
</violation>
<violation beginline="251" endline="251" begincolumn="13" endcolumn="28" rule="PreserveStackTrace" ruleset="Best Practices" package="org.junit.rules" class="TemporaryFolder" method="createTemporaryFolderIn" externalInfoUrl="https://pmd.github.io/pmd/pmd_rules_java_bestpractices.html#preservestacktrace" priority="3">
New exception is thrown in catch block, original stack trace may be lost
</violation>
<violation beginline="252" endline="252" begincolumn="18" endcolumn="26" rule="AvoidCatchingGenericException" ruleset="Design" package="org.junit.rules" class="TemporaryFolder" method="createTemporaryFolderIn" externalInfoUrl="https://pmd.github.io/pmd/pmd_rules_java_design.html#avoidcatchinggenericexception" priority="3">
Avoid catching generic exceptions such as NullPointerException, RuntimeException, Exception in try-catch block
</violation>
<violation beginline="253" endline="253" begincolumn="23" endcolumn="38" rule="AvoidThrowingRawExceptionTypes" ruleset="Design" package="org.junit.rules" class="TemporaryFolder" method="createTemporaryFolderIn" externalInfoUrl="https://pmd.github.io/pmd/pmd_rules_java_design.html#avoidthrowingrawexceptiontypes" priority="1">
Avoid throwing raw exception types.
</violation>
<violation beginline="314" endline="316" begincolumn="13" endcolumn="13" rule="CollapsibleIfStatements" ruleset="Design" package="org.junit.rules" class="TemporaryFolder" method="delete" externalInfoUrl="https://pmd.github.io/pmd/pmd_rules_java_design.html#collapsibleifstatements" priority="3">
These nested if statements could be combined
</violation>
</file>
<file name="C:\Users\Deyan\Downloads\junit4-r4.13.2\src\main\java\org\junit\rules\TestWatcher.java">
<violation beginline="57" endline="57" begincolumn="42" endcolumn="67" rule="UseDiamondOperator" ruleset="Code Style" package="org.junit.rules" class="TestWatcher" method="evaluate" externalInfoUrl="https://pmd.github.io/pmd/pmd_rules_java_codestyle.html#usediamondoperator" priority="3">
Explicit type arguments can be replaced by Diamond Operator
</violation>
<violation beginline="66" endline="69" begincolumn="19" endcolumn="17" rule="AvoidCatchingThrowable" ruleset="Error Prone" package="org.junit.rules" class="TestWatcher" method="evaluate" externalInfoUrl="https://pmd.github.io/pmd/pmd_rules_java_errorprone.html#avoidcatchingthrowable" priority="3">
A catch statement should never catch throwable since it includes errors.
</violation>
<violation beginline="82" endline="84" begincolumn="11" endcolumn="9" rule="AvoidCatchingThrowable" ruleset="Error Prone" package="org.junit.rules" class="TestWatcher" method="succeededQuietly" externalInfoUrl="https://pmd.github.io/pmd/pmd_rules_java_errorprone.html#avoidcatchingthrowable" priority="3">
A catch statement should never catch throwable since it includes errors.
</violation>
<violation beginline="91" endline="93" begincolumn="11" endcolumn="9" rule="AvoidCatchingThrowable" ruleset="Error Prone" package="org.junit.rules" class="TestWatcher" method="failedQuietly" externalInfoUrl="https://pmd.github.io/pmd/pmd_rules_java_errorprone.html#avoidcatchingthrowable" priority="3">
A catch statement should never catch throwable since it includes errors.
</violation>
<violation beginline="105" endline="107" begincolumn="11" endcolumn="9" rule="AvoidCatchingThrowable" ruleset="Error Prone" package="org.junit.rules" class="TestWatcher" method="skippedQuietly" externalInfoUrl="https://pmd.github.io/pmd/pmd_rules_java_errorprone.html#avoidcatchingthrowable" priority="3">
A catch statement should never catch throwable since it includes errors.
</violation>
<violation beginline="114" endline="116" begincolumn="11" endcolumn="9" rule="AvoidCatchingThrowable" ruleset="Error Prone" package="org.junit.rules" class="TestWatcher" method="startingQuietly" externalInfoUrl="https://pmd.github.io/pmd/pmd_rules_java_errorprone.html#avoidcatchingthrowable" priority="3">
A catch statement should never catch throwable since it includes errors.
</violation>
<violation beginline="123" endline="125" begincolumn="11" endcolumn="9" rule="AvoidCatchingThrowable" ruleset="Error Prone" package="org.junit.rules" class="TestWatcher" method="finishedQuietly" externalInfoUrl="https://pmd.github.io/pmd/pmd_rules_java_errorprone.html#avoidcatchingthrowable" priority="3">
A catch statement should never catch throwable since it includes errors.
</violation>
<violation beginline="131" endline="132" begincolumn="15" endcolumn="5" rule="EmptyMethodInAbstractClassShouldBeAbstract" ruleset="Code Style" package="org.junit.rules" class="TestWatcher" method="succeeded" externalInfoUrl="https://pmd.github.io/pmd/pmd_rules_java_codestyle.html#emptymethodinabstractclassshouldbeabstract" priority="1">
An empty method in an abstract class should be abstract instead
</violation>
<violation beginline="131" endline="132" begincolumn="55" endcolumn="5" rule="UncommentedEmptyMethodBody" ruleset="Documentation" package="org.junit.rules" class="TestWatcher" method="succeeded" externalInfoUrl="https://pmd.github.io/pmd/pmd_rules_java_documentation.html#uncommentedemptymethodbody" priority="3">
Document empty method body
</violation>
<violation beginline="137" endline="138" begincolumn="15" endcolumn="5" rule="EmptyMethodInAbstractClassShouldBeAbstract" ruleset="Code Style" package="org.junit.rules" class="TestWatcher" method="failed" externalInfoUrl="https://pmd.github.io/pmd/pmd_rules_java_codestyle.html#emptymethodinabstractclassshouldbeabstract" priority="1">
An empty method in an abstract class should be abstract instead
</violation>
<violation beginline="137" endline="138" begincolumn="65" endcolumn="5" rule="UncommentedEmptyMethodBody" ruleset="Documentation" package="org.junit.rules" class="TestWatcher" method="failed" externalInfoUrl="https://pmd.github.io/pmd/pmd_rules_java_documentation.html#uncommentedemptymethodbody" priority="3">
Document empty method body
</violation>
<violation beginline="155" endline="157" begincolumn="15" endcolumn="5" rule="EmptyMethodInAbstractClassShouldBeAbstract" ruleset="Code Style" package="org.junit.rules" class="TestWatcher" method="skipped" externalInfoUrl="https://pmd.github.io/pmd/pmd_rules_java_codestyle.html#emptymethodinabstractclassshouldbeabstract" priority="1">
An empty method in an abstract class should be abstract instead
</violation>
<violation beginline="156" endline="157" begincolumn="88" endcolumn="5" rule="UncommentedEmptyMethodBody" ruleset="Documentation" package="org.junit.rules" class="TestWatcher" method="skipped" externalInfoUrl="https://pmd.github.io/pmd/pmd_rules_java_documentation.html#uncommentedemptymethodbody" priority="3">
Document empty method body
</violation>
<violation beginline="162" endline="163" begincolumn="15" endcolumn="5" rule="EmptyMethodInAbstractClassShouldBeAbstract" ruleset="Code Style" package="org.junit.rules" class="TestWatcher" method="starting" externalInfoUrl="https://pmd.github.io/pmd/pmd_rules_java_codestyle.html#emptymethodinabstractclassshouldbeabstract" priority="1">
An empty method in an abstract class should be abstract instead
</violation>
<violation beginline="162" endline="163" begincolumn="54" endcolumn="5" rule="UncommentedEmptyMethodBody" ruleset="Documentation" package="org.junit.rules" class="TestWatcher" method="starting" externalInfoUrl="https://pmd.github.io/pmd/pmd_rules_java_documentation.html#uncommentedemptymethodbody" priority="3">
Document empty method body
</violation>
<violation beginline="168" endline="169" begincolumn="15" endcolumn="5" rule="EmptyMethodInAbstractClassShouldBeAbstract" ruleset="Code Style" package="org.junit.rules" class="TestWatcher" method="finished" externalInfoUrl="https://pmd.github.io/pmd/pmd_rules_java_codestyle.html#emptymethodinabstractclassshouldbeabstract" priority="1">
An empty method in an abstract class should be abstract instead
</violation>
<violation beginline="168" endline="169" begincolumn="54" endcolumn="5" rule="UncommentedEmptyMethodBody" ruleset="Documentation" package="org.junit.rules" class="TestWatcher" method="finished" externalInfoUrl="https://pmd.github.io/pmd/pmd_rules_java_documentation.html#uncommentedemptymethodbody" priority="3">
Document empty method body
</violation>
</file>
<file name="C:\Users\Deyan\Downloads\junit4-r4.13.2\src\main\java\org\junit\rules\TestWatchman.java">
<violation beginline="55" endline="57" begincolumn="19" endcolumn="17" rule="AvoidRethrowingException" ruleset="Design" package="org.junit.rules" class="TestWatchman" method="evaluate" externalInfoUrl="https://pmd.github.io/pmd/pmd_rules_java_design.html#avoidrethrowingexception" priority="3">
A catch statement that catches an exception only to rethrow it should be avoided.
</violation>
<violation beginline="57" endline="60" begincolumn="19" endcolumn="17" rule="AvoidCatchingThrowable" ruleset="Error Prone" package="org.junit.rules" class="TestWatchman" method="evaluate" externalInfoUrl="https://pmd.github.io/pmd/pmd_rules_java_errorprone.html#avoidcatchingthrowable" priority="3">
A catch statement should never catch throwable since it includes errors.
</violation>
<violation beginline="70" endline="71" begincolumn="51" endcolumn="5" rule="UncommentedEmptyMethodBody" ruleset="Documentation" package="org.junit.rules" class="TestWatchman" method="succeeded" externalInfoUrl="https://pmd.github.io/pmd/pmd_rules_java_documentation.html#uncommentedemptymethodbody" priority="3">
Document empty method body
</violation>
<violation beginline="76" endline="77" begincolumn="61" endcolumn="5" rule="UncommentedEmptyMethodBody" ruleset="Documentation" package="org.junit.rules" class="TestWatchman" method="failed" externalInfoUrl="https://pmd.github.io/pmd/pmd_rules_java_documentation.html#uncommentedemptymethodbody" priority="3">
Document empty method body
</violation>
<violation beginline="82" endline="83" begincolumn="50" endcolumn="5" rule="UncommentedEmptyMethodBody" ruleset="Documentation" package="org.junit.rules" class="TestWatchman" method="starting" externalInfoUrl="https://pmd.github.io/pmd/pmd_rules_java_documentation.html#uncommentedemptymethodbody" priority="3">
Document empty method body
</violation>
<violation beginline="89" endline="90" begincolumn="50" endcolumn="5" rule="UncommentedEmptyMethodBody" ruleset="Documentation" package="org.junit.rules" class="TestWatchman" method="finished" externalInfoUrl="https://pmd.github.io/pmd/pmd_rules_java_documentation.html#uncommentedemptymethodbody" priority="3">
Document empty method body
</violation>
</file>
<file name="C:\Users\Deyan\Downloads\junit4-r4.13.2\src\main\java\org\junit\rules\Timeout.java">
<violation beginline="41" endline="41" begincolumn="19" endcolumn="31" rule="AvoidFieldNameMatchingTypeName" ruleset="Error Prone" package="org.junit.rules" class="Timeout" variable="VariableDeclaratorId" externalInfoUrl="https://pmd.github.io/pmd/pmd_rules_java_errorprone.html#avoidfieldnamematchingtypename" priority="3">
It is somewhat confusing to have a field name matching the declaring class name
</violation>
<violation beginline="133" endline="135" begincolumn="21" endcolumn="5" rule="BooleanGetMethodName" ruleset="Code Style" package="org.junit.rules" class="Timeout" method="getLookingForStuckThread" externalInfoUrl="https://pmd.github.io/pmd/pmd_rules_java_codestyle.html#booleangetmethodname" priority="4">
A getX() method which returns a boolean should be named isX()
</violation>
<violation beginline="146" endline="146" begincolumn="41" endcolumn="49" rule="SignatureDeclareThrowsException" ruleset="Design" package="org.junit.rules" class="Timeout" method="createFailOnTimeoutStatement" externalInfoUrl="https://pmd.github.io/pmd/pmd_rules_java_design.html#signaturedeclarethrowsexception" priority="3">
A method/constructor should not explicitly throw java.lang.Exception
</violation>
<violation beginline="156" endline="156" begincolumn="24" endcolumn="32" rule="AvoidCatchingGenericException" ruleset="Design" package="org.junit.rules" class="Timeout" method="apply" externalInfoUrl="https://pmd.github.io/pmd/pmd_rules_java_design.html#avoidcatchinggenericexception" priority="3">
Avoid catching generic exceptions such as NullPointerException, RuntimeException, Exception in try-catch block
</violation>
<violation beginline="159" endline="159" begincolumn="31" endcolumn="46" rule="AvoidThrowingRawExceptionTypes" ruleset="Design" package="org.junit.rules" class="Timeout" method="evaluate" externalInfoUrl="https://pmd.github.io/pmd/pmd_rules_java_design.html#avoidthrowingrawexceptiontypes" priority="1">
Avoid throwing raw exception types.
</violation>
<violation beginline="171" endline="171" begincolumn="25" endcolumn="50" rule="RedundantFieldInitializer" ruleset="Performance" package="org.junit.rules" class="Timeout$Builder" variable="lookForStuckThread" externalInfoUrl="https://pmd.github.io/pmd/pmd_rules_java_performance.html#redundantfieldinitializer" priority="3">
Avoid using redundant field initializer for 'lookForStuckThread'
</violation>
<violation beginline="172" endline="172" begincolumn="22" endcolumn="32" rule="RedundantFieldInitializer" ruleset="Performance" package="org.junit.rules" class="Timeout$Builder" variable="timeout" externalInfoUrl="https://pmd.github.io/pmd/pmd_rules_java_performance.html#redundantfieldinitializer" priority="3">
Avoid using redundant field initializer for 'timeout'
</violation>
<violation beginline="175" endline="176" begincolumn="19" endcolumn="9" rule="UncommentedEmptyConstructor" ruleset="Documentation" package="org.junit.rules" class="Timeout$Builder" method="Builder" externalInfoUrl="https://pmd.github.io/pmd/pmd_rules_java_documentation.html#uncommentedemptyconstructor" priority="3">
Document empty constructor
</violation>
<violation beginline="221" endline="223" begincolumn="19" endcolumn="9" rule="BooleanGetMethodName" ruleset="Code Style" package="org.junit.rules" class="Timeout$Builder" method="getLookingForStuckThread" externalInfoUrl="https://pmd.github.io/pmd/pmd_rules_java_codestyle.html#booleangetmethodname" priority="4">
A getX() method which returns a boolean should be named isX()
</violation>
</file>
<file name="C:\Users\Deyan\Downloads\junit4-r4.13.2\src\main\java\org\junit\rules\Verifier.java">
<violation beginline="45" endline="46" begincolumn="15" endcolumn="5" rule="EmptyMethodInAbstractClassShouldBeAbstract" ruleset="Code Style" package="org.junit.rules" class="Verifier" method="verify" externalInfoUrl="https://pmd.github.io/pmd/pmd_rules_java_codestyle.html#emptymethodinabstractclassshouldbeabstract" priority="1">
An empty method in an abstract class should be abstract instead
</violation>
<violation beginline="45" endline="46" begincolumn="46" endcolumn="5" rule="UncommentedEmptyMethodBody" ruleset="Documentation" package="org.junit.rules" class="Verifier" method="verify" externalInfoUrl="https://pmd.github.io/pmd/pmd_rules_java_documentation.html#uncommentedemptymethodbody" priority="3">
Document empty method body
</violation>
</file>
<file name="C:\Users\Deyan\Downloads\junit4-r4.13.2\src\main\java\org\junit\runner\Computer.java">
<violation beginline="27" endline="27" begincolumn="13" endcolumn="30" rule="UseVarargs" ruleset="Best Practices" package="org.junit.runner" class="Computer" method="getSuite" variable="classes" externalInfoUrl="https://pmd.github.io/pmd/pmd_rules_java_bestpractices.html#usevarargs" priority="4">
Consider using varargs for methods or constructors which take an array the last parameter.
</violation>
</file>
<file name="C:\Users\Deyan\Downloads\junit4-r4.13.2\src\main\java\org\junit\runner\Description.java">
<violation beginline="30" endline="327" begincolumn="8" endcolumn="1" rule="ClassWithOnlyPrivateConstructorsShouldBeFinal" ruleset="Design" package="org.junit.runner" class="Description" externalInfoUrl="https://pmd.github.io/pmd/pmd_rules_java_design.html#classwithonlyprivateconstructorsshouldbefinal" priority="1">
A class which only has private constructors should be final
</violation>
<violation beginline="141" endline="141" begincolumn="25" endcolumn="78" rule="FieldDeclarationsShouldBeAtStartOfClass" ruleset="Code Style" package="org.junit.runner" class="Description" variable="VariableDeclaratorId" externalInfoUrl="https://pmd.github.io/pmd/pmd_rules_java_codestyle.html#fielddeclarationsshouldbeatstartofclass" priority="3">
Fields should be declared at the top of the class, before any method declarations, constructors, initializers or inner classes.
</violation>
<violation beginline="148" endline="148" begincolumn="25" endcolumn="93" rule="FieldDeclarationsShouldBeAtStartOfClass" ruleset="Code Style" package="org.junit.runner" class="Description" variable="VariableDeclaratorId" externalInfoUrl="https://pmd.github.io/pmd/pmd_rules_java_codestyle.html#fielddeclarationsshouldbeatstartofclass" priority="3">
Fields should be declared at the top of the class, before any method declarations, constructors, initializers or inner classes.
</violation>
<violation beginline="155" endline="155" begincolumn="55" endcolumn="94" rule="UseDiamondOperator" ruleset="Code Style" package="org.junit.runner" class="Description" externalInfoUrl="https://pmd.github.io/pmd/pmd_rules_java_codestyle.html#usediamondoperator" priority="3">
Explicit type arguments can be replaced by Diamond Operator
</violation>
<violation beginline="155" endline="155" begincolumn="19" endcolumn="95" rule="FieldDeclarationsShouldBeAtStartOfClass" ruleset="Code Style" package="org.junit.runner" class="Description" variable="VariableDeclaratorId" externalInfoUrl="https://pmd.github.io/pmd/pmd_rules_java_codestyle.html#fielddeclarationsshouldbeatstartofclass" priority="3">
Fields should be declared at the top of the class, before any method declarations, constructors, initializers or inner classes.
</violation>
<violation beginline="156" endline="156" begincolumn="19" endcolumn="38" rule="FieldDeclarationsShouldBeAtStartOfClass" ruleset="Code Style" package="org.junit.runner" class="Description" variable="VariableDeclaratorId" externalInfoUrl="https://pmd.github.io/pmd/pmd_rules_java_codestyle.html#fielddeclarationsshouldbeatstartofclass" priority="3">
Fields should be declared at the top of the class, before any method declarations, constructors, initializers or inner classes.
</violation>
<violation beginline="157" endline="157" begincolumn="19" endcolumn="41" rule="FieldDeclarationsShouldBeAtStartOfClass" ruleset="Code Style" package="org.junit.runner" class="Description" variable="VariableDeclaratorId" externalInfoUrl="https://pmd.github.io/pmd/pmd_rules_java_codestyle.html#fielddeclarationsshouldbeatstartofclass" priority="3">
Fields should be declared at the top of the class, before any method declarations, constructors, initializers or inner classes.
</violation>
<violation beginline="158" endline="158" begincolumn="19" endcolumn="44" rule="FieldDeclarationsShouldBeAtStartOfClass" ruleset="Code Style" package="org.junit.runner" class="Description" variable="VariableDeclaratorId" externalInfoUrl="https://pmd.github.io/pmd/pmd_rules_java_codestyle.html#fielddeclarationsshouldbeatstartofclass" priority="3">
Fields should be declared at the top of the class, before any method declarations, constructors, initializers or inner classes.
</violation>
<violation beginline="159" endline="159" begincolumn="39" endcolumn="58" rule="FieldDeclarationsShouldBeAtStartOfClass" ruleset="Code Style" package="org.junit.runner" class="Description" variable="VariableDeclaratorId" externalInfoUrl="https://pmd.github.io/pmd/pmd_rules_java_codestyle.html#fielddeclarationsshouldbeatstartofclass" priority="3">
Fields should be declared at the top of the class, before any method declarations, constructors, initializers or inner classes.
</violation>
<violation beginline="200" endline="200" begincolumn="12" endcolumn="33" rule="LooseCoupling" ruleset="Best Practices" package="org.junit.runner" class="Description" method="getChildren" externalInfoUrl="https://pmd.github.io/pmd/pmd_rules_java_bestpractices.html#loosecoupling" priority="3">
Avoid using implementation types like 'ArrayList'; use the interface instead
</violation>
</file>
<file name="C:\Users\Deyan\Downloads\junit4-r4.13.2\src\main\java\org\junit\runner\FilterFactories.java">
<violation beginline="62" endline="72" begincolumn="5" endcolumn="5" rule="DefaultPackage" ruleset="Code Style" package="org.junit.runner" class="FilterFactories" externalInfoUrl="https://pmd.github.io/pmd/pmd_rules_java_codestyle.html#defaultpackage" priority="3">
Use explicit scoping instead of the default package private level
</violation>
<violation beginline="67" endline="67" begincolumn="18" endcolumn="26" rule="AvoidCatchingGenericException" ruleset="Design" package="org.junit.runner" class="FilterFactories" method="createFilterFactory" externalInfoUrl="https://pmd.github.io/pmd/pmd_rules_java_design.html#avoidcatchinggenericexception" priority="3">
Avoid catching generic exceptions such as NullPointerException, RuntimeException, Exception in try-catch block
</violation>
<violation beginline="74" endline="81" begincolumn="5" endcolumn="5" rule="DefaultPackage" ruleset="Code Style" package="org.junit.runner" class="FilterFactories" externalInfoUrl="https://pmd.github.io/pmd/pmd_rules_java_codestyle.html#defaultpackage" priority="3">
Use explicit scoping instead of the default package private level
</violation>
<violation beginline="78" endline="78" begincolumn="18" endcolumn="26" rule="AvoidCatchingGenericException" ruleset="Design" package="org.junit.runner" class="FilterFactories" method="createFilterFactory" externalInfoUrl="https://pmd.github.io/pmd/pmd_rules_java_design.html#avoidcatchinggenericexception" priority="3">
Avoid catching generic exceptions such as NullPointerException, RuntimeException, Exception in try-catch block
</violation>
</file>
<file name="C:\Users\Deyan\Downloads\junit4-r4.13.2\src\main\java\org\junit\runner\FilterFactoryParams.java">
<violation beginline="9" endline="9" begincolumn="13" endcolumn="45" rule="AvoidThrowingNullPointerException" ruleset="Design" package="org.junit.runner" class="FilterFactoryParams" method="FilterFactoryParams" externalInfoUrl="https://pmd.github.io/pmd/pmd_rules_java_design.html#avoidthrowingnullpointerexception" priority="1">
Avoid throwing null pointer exceptions.
</violation>
</file>
<file name="C:\Users\Deyan\Downloads\junit4-r4.13.2\src\main\java\org\junit\runner\JUnitCommandLineParseResult.java">
<violation beginline="13" endline="13" begincolumn="46" endcolumn="68" rule="UseDiamondOperator" ruleset="Code Style" package="org.junit.runner" class="JUnitCommandLineParseResult" externalInfoUrl="https://pmd.github.io/pmd/pmd_rules_java_codestyle.html#usediamondoperator" priority="3">
Explicit type arguments can be replaced by Diamond Operator
</violation>
<violation beginline="14" endline="14" begincolumn="44" endcolumn="68" rule="UseDiamondOperator" ruleset="Code Style" package="org.junit.runner" class="JUnitCommandLineParseResult" externalInfoUrl="https://pmd.github.io/pmd/pmd_rules_java_codestyle.html#usediamondoperator" priority="3">
Explicit type arguments can be replaced by Diamond Operator
</violation>
<violation beginline="15" endline="15" begincolumn="50" endcolumn="75" rule="UseDiamondOperator" ruleset="Code Style" package="org.junit.runner" class="JUnitCommandLineParseResult" externalInfoUrl="https://pmd.github.io/pmd/pmd_rules_java_codestyle.html#usediamondoperator" priority="3">
Explicit type arguments can be replaced by Diamond Operator
</violation>
<violation beginline="20" endline="20" begincolumn="5" endcolumn="36" rule="UnnecessaryConstructor" ruleset="Code Style" package="org.junit.runner" class="JUnitCommandLineParseResult" method="JUnitCommandLineParseResult" externalInfoUrl="https://pmd.github.io/pmd/pmd_rules_java_codestyle.html#unnecessaryconstructor" priority="3">
Avoid unnecessary constructors - the compiler will generate these for you
</violation>
<violation beginline="20" endline="20" begincolumn="5" endcolumn="36" rule="UncommentedEmptyConstructor" ruleset="Documentation" package="org.junit.runner" class="JUnitCommandLineParseResult" method="JUnitCommandLineParseResult" externalInfoUrl="https://pmd.github.io/pmd/pmd_rules_java_documentation.html#uncommentedemptyconstructor" priority="3">
Document empty constructor
</violation>
<violation beginline="41" endline="41" begincolumn="53" endcolumn="65" rule="UseVarargs" ruleset="Best Practices" package="org.junit.runner" class="JUnitCommandLineParseResult" method="parse" variable="args" externalInfoUrl="https://pmd.github.io/pmd/pmd_rules_java_bestpractices.html#usevarargs" priority="4">
Consider using varargs for methods or constructors which take an array the last parameter.
</violation>
<violation beginline="49" endline="49" begincolumn="28" endcolumn="40" rule="UseVarargs" ruleset="Best Practices" package="org.junit.runner" class="JUnitCommandLineParseResult" method="parseArgs" variable="args" externalInfoUrl="https://pmd.github.io/pmd/pmd_rules_java_bestpractices.html#usevarargs" priority="4">
Consider using varargs for methods or constructors which take an array the last parameter.
</violation>
<violation beginline="53" endline="85" begincolumn="5" endcolumn="5" rule="DefaultPackage" ruleset="Code Style" package="org.junit.runner" class="JUnitCommandLineParseResult" externalInfoUrl="https://pmd.github.io/pmd/pmd_rules_java_codestyle.html#defaultpackage" priority="3">
Use explicit scoping instead of the default package private level
</violation>
<violation beginline="57" endline="57" begincolumn="17" endcolumn="32" rule="LiteralsFirstInComparisons" ruleset="Best Practices" package="org.junit.runner" class="JUnitCommandLineParseResult" method="parseOptions" externalInfoUrl="https://pmd.github.io/pmd/pmd_rules_java_bestpractices.html#literalsfirstincomparisons" priority="3">
Position literals first in String comparisons
</violation>
<violation beginline="60" endline="60" begincolumn="52" endcolumn="73" rule="LiteralsFirstInComparisons" ruleset="Best Practices" package="org.junit.runner" class="JUnitCommandLineParseResult" method="parseOptions" externalInfoUrl="https://pmd.github.io/pmd/pmd_rules_java_bestpractices.html#literalsfirstincomparisons" priority="3">
Position literals first in String comparisons
</violation>
<violation beginline="62" endline="62" begincolumn="25" endcolumn="46" rule="LiteralsFirstInComparisons" ruleset="Best Practices" package="org.junit.runner" class="JUnitCommandLineParseResult" method="parseOptions" externalInfoUrl="https://pmd.github.io/pmd/pmd_rules_java_bestpractices.html#literalsfirstincomparisons" priority="3">
Position literals first in String comparisons
</violation>
<violation beginline="63" endline="63" begincolumn="27" endcolumn="27" rule="AvoidReassigningLoopVariables" ruleset="Best Practices" package="org.junit.runner" class="JUnitCommandLineParseResult" method="parseOptions" externalInfoUrl="https://pmd.github.io/pmd/pmd_rules_java_bestpractices.html#avoidreassigningloopvariables" priority="3">
Avoid reassigning the loop control variable 'i'
</violation>
<violation beginline="95" endline="95" begincolumn="26" endcolumn="38" rule="UseVarargs" ruleset="Best Practices" package="org.junit.runner" class="JUnitCommandLineParseResult" method="parseParameters" variable="args" externalInfoUrl="https://pmd.github.io/pmd/pmd_rules_java_bestpractices.html#usevarargs" priority="4">
Consider using varargs for methods or constructors which take an array the last parameter.
</violation>
<violation beginline="95" endline="103" begincolumn="5" endcolumn="5" rule="DefaultPackage" ruleset="Code Style" package="org.junit.runner" class="JUnitCommandLineParseResult" externalInfoUrl="https://pmd.github.io/pmd/pmd_rules_java_codestyle.html#defaultpackage" priority="3">
Use explicit scoping instead of the default package private level
</violation>
<violation beginline="105" endline="105" begincolumn="21" endcolumn="48" rule="UnusedPrivateMethod" ruleset="Best Practices" package="org.junit.runner" class="JUnitCommandLineParseResult" method="errorReport" externalInfoUrl="https://pmd.github.io/pmd/pmd_rules_java_bestpractices.html#unusedprivatemethod" priority="3">
Avoid unused private methods such as 'errorReport(Throwable)'.
</violation>
<violation beginline="117" endline="117" begincolumn="31" endcolumn="75" rule="OptimizableToArrayCall" ruleset="Performance" package="org.junit.runner" class="JUnitCommandLineParseResult" method="createRequest" externalInfoUrl="https://pmd.github.io/pmd/pmd_rules_java_performance.html#optimizabletoarraycall" priority="3">
This call to Collection.toArray() may be optimizable
</violation>
<violation beginline="124" endline="124" begincolumn="46" endcolumn="52" rule="AvoidReassigningParameters" ruleset="Best Practices" package="org.junit.runner" class="JUnitCommandLineParseResult" method="applyFilterSpecs" variable="request" externalInfoUrl="https://pmd.github.io/pmd/pmd_rules_java_bestpractices.html#avoidreassigningparameters" priority="2">
Avoid reassigning parameters such as 'request'
</violation>
</file>
<file name="C:\Users\Deyan\Downloads\junit4-r4.13.2\src\main\java\org\junit\runner\JUnitCore.java">
<violation beginline="69" endline="78" begincolumn="5" endcolumn="5" rule="DefaultPackage" ruleset="Code Style" package="org.junit.runner" class="JUnitCore" externalInfoUrl="https://pmd.github.io/pmd/pmd_rules_java_codestyle.html#defaultpackage" priority="3">
Use explicit scoping instead of the default package private level
</violation>
<violation beginline="164" endline="166" begincolumn="5" endcolumn="5" rule="DefaultPackage" ruleset="Code Style" package="org.junit.runner" class="JUnitCore" externalInfoUrl="https://pmd.github.io/pmd/pmd_rules_java_codestyle.html#defaultpackage" priority="3">
Use explicit scoping instead of the default package private level
</violation>
</file>
<file name="C:\Users\Deyan\Downloads\junit4-r4.13.2\src\main\java\org\junit\runner\Result.java">
<violation beginline="43" endline="43" begincolumn="20" endcolumn="54" rule="UseDiamondOperator" ruleset="Code Style" package="org.junit.runner" class="Result" method="Result" externalInfoUrl="https://pmd.github.io/pmd/pmd_rules_java_codestyle.html#usediamondoperator" priority="3">
Explicit type arguments can be replaced by Diamond Operator
</violation>
<violation beginline="52" endline="52" begincolumn="20" endcolumn="78" rule="UseDiamondOperator" ruleset="Code Style" package="org.junit.runner" class="Result" method="Result" externalInfoUrl="https://pmd.github.io/pmd/pmd_rules_java_codestyle.html#usediamondoperator" priority="3">
Explicit type arguments can be replaced by Diamond Operator
</violation>
</file>
<file name="C:\Users\Deyan\Downloads\junit4-r4.13.2\src\main\java\org\junit\runner\manipulation\InvalidOrderingException.java">
<violation beginline="11" endline="12" begincolumn="12" endcolumn="5" rule="UncommentedEmptyConstructor" ruleset="Documentation" package="org.junit.runner.manipulation" class="InvalidOrderingException" method="InvalidOrderingException" externalInfoUrl="https://pmd.github.io/pmd/pmd_rules_java_documentation.html#uncommentedemptyconstructor" priority="3">
Document empty constructor
</violation>
</file>
<file name="C:\Users\Deyan\Downloads\junit4-r4.13.2\src\main\java\org\junit\runner\manipulation\Orderer.java">
<violation beginline="36" endline="36" begincolumn="47" endcolumn="84" rule="UseDiamondOperator" ruleset="Code Style" package="org.junit.runner.manipulation" class="Orderer" method="order" externalInfoUrl="https://pmd.github.io/pmd/pmd_rules_java_codestyle.html#usediamondoperator" priority="3">
Explicit type arguments can be replaced by Diamond Operator
</violation>
<violation beginline="40" endline="40" begincolumn="40" endcolumn="72" rule="UseDiamondOperator" ruleset="Code Style" package="org.junit.runner.manipulation" class="Orderer" method="order" externalInfoUrl="https://pmd.github.io/pmd/pmd_rules_java_codestyle.html#usediamondoperator" priority="3">
Explicit type arguments can be replaced by Diamond Operator
</violation>
</file>
<file name="C:\Users\Deyan\Downloads\junit4-r4.13.2\src\main\java\org\junit\runner\manipulation\Ordering.java">
<violation beginline="40" endline="40" begincolumn="46" endcolumn="85" rule="UseDiamondOperator" ruleset="Code Style" package="org.junit.runner.manipulation" class="Ordering" method="orderItems" externalInfoUrl="https://pmd.github.io/pmd/pmd_rules_java_codestyle.html#usediamondoperator" priority="3">
Explicit type arguments can be replaced by Diamond Operator
</violation>
<violation beginline="59" endline="59" begincolumn="13" endcolumn="74" rule="AvoidThrowingNullPointerException" ruleset="Design" package="org.junit.runner.manipulation" class="Ordering" method="definedBy" externalInfoUrl="https://pmd.github.io/pmd/pmd_rules_java_design.html#avoidthrowingnullpointerexception" priority="1">
Avoid throwing null pointer exceptions.
</violation>
<violation beginline="62" endline="62" begincolumn="13" endcolumn="80" rule="AvoidThrowingNullPointerException" ruleset="Design" package="org.junit.runner.manipulation" class="Ordering" method="definedBy" externalInfoUrl="https://pmd.github.io/pmd/pmd_rules_java_design.html#avoidthrowingnullpointerexception" priority="1">
Avoid throwing null pointer exceptions.
</violation>
<violation beginline="70" endline="73" begincolumn="13" endcolumn="51" rule="PreserveStackTrace" ruleset="Best Practices" package="org.junit.runner.manipulation" class="Ordering" method="definedBy" externalInfoUrl="https://pmd.github.io/pmd/pmd_rules_java_bestpractices.html#preservestacktrace" priority="3">
New exception is thrown in catch block, original stack trace may be lost
</violation>
<violation beginline="74" endline="74" begincolumn="18" endcolumn="26" rule="AvoidCatchingGenericException" ruleset="Design" package="org.junit.runner.manipulation" class="Ordering" method="definedBy" externalInfoUrl="https://pmd.github.io/pmd/pmd_rules_java_design.html#avoidcatchinggenericexception" priority="3">
Avoid catching generic exceptions such as NullPointerException, RuntimeException, Exception in try-catch block
</violation>
<violation beginline="92" endline="92" begincolumn="13" endcolumn="69" rule="AvoidThrowingNullPointerException" ruleset="Design" package="org.junit.runner.manipulation" class="Ordering" method="definedBy" externalInfoUrl="https://pmd.github.io/pmd/pmd_rules_java_design.html#avoidthrowingnullpointerexception" priority="1">
Avoid throwing null pointer exceptions.
</violation>
<violation beginline="95" endline="95" begincolumn="13" endcolumn="80" rule="AvoidThrowingNullPointerException" ruleset="Design" package="org.junit.runner.manipulation" class="Ordering" method="definedBy" externalInfoUrl="https://pmd.github.io/pmd/pmd_rules_java_design.html#avoidthrowingnullpointerexception" priority="1">
Avoid throwing null pointer exceptions.
</violation>
<violation beginline="131" endline="133" begincolumn="5" endcolumn="5" rule="DefaultPackage" ruleset="Code Style" package="org.junit.runner.manipulation" class="Ordering" externalInfoUrl="https://pmd.github.io/pmd/pmd_rules_java_codestyle.html#defaultpackage" priority="3">
Use explicit scoping instead of the default package private level
</violation>
</file>
<file name="C:\Users\Deyan\Downloads\junit4-r4.13.2\src\main\java\org\junit\runner\manipulation\Sorter.java">
<violation beginline="76" endline="76" begincolumn="36" endcolumn="75" rule="UseDiamondOperator" ruleset="Code Style" package="org.junit.runner.manipulation" class="Sorter" method="orderItems" externalInfoUrl="https://pmd.github.io/pmd/pmd_rules_java_codestyle.html#usediamondoperator" priority="3">
Explicit type arguments can be replaced by Diamond Operator
</violation>
<violation beginline="86" endline="89" begincolumn="5" endcolumn="5" rule="DefaultPackage" ruleset="Code Style" package="org.junit.runner.manipulation" class="Sorter" externalInfoUrl="https://pmd.github.io/pmd/pmd_rules_java_codestyle.html#defaultpackage" priority="3">
Use explicit scoping instead of the default package private level
</violation>
</file>
<file name="C:\Users\Deyan\Downloads\junit4-r4.13.2\src\main\java\org\junit\runner\notification\RunListener.java">
<violation beginline="60" endline="61" begincolumn="74" endcolumn="5" rule="UncommentedEmptyMethodBody" ruleset="Documentation" package="org.junit.runner.notification" class="RunListener" method="testRunStarted" externalInfoUrl="https://pmd.github.io/pmd/pmd_rules_java_documentation.html#uncommentedemptymethodbody" priority="3">
Document empty method body
</violation>
<violation beginline="69" endline="70" begincolumn="65" endcolumn="5" rule="UncommentedEmptyMethodBody" ruleset="Documentation" package="org.junit.runner.notification" class="RunListener" method="testRunFinished" externalInfoUrl="https://pmd.github.io/pmd/pmd_rules_java_documentation.html#uncommentedemptymethodbody" priority="3">
Document empty method body
</violation>
<violation beginline="86" endline="87" begincolumn="76" endcolumn="5" rule="UncommentedEmptyMethodBody" ruleset="Documentation" package="org.junit.runner.notification" class="RunListener" method="testSuiteStarted" externalInfoUrl="https://pmd.github.io/pmd/pmd_rules_java_documentation.html#uncommentedemptymethodbody" priority="3">
Document empty method body
</violation>
<violation beginline="97" endline="98" begincolumn="77" endcolumn="5" rule="UncommentedEmptyMethodBody" ruleset="Documentation" package="org.junit.runner.notification" class="RunListener" method="testSuiteFinished" externalInfoUrl="https://pmd.github.io/pmd/pmd_rules_java_documentation.html#uncommentedemptymethodbody" priority="3">
Document empty method body
</violation>
<violation beginline="106" endline="107" begincolumn="71" endcolumn="5" rule="UncommentedEmptyMethodBody" ruleset="Documentation" package="org.junit.runner.notification" class="RunListener" method="testStarted" externalInfoUrl="https://pmd.github.io/pmd/pmd_rules_java_documentation.html#uncommentedemptymethodbody" priority="3">
Document empty method body
</violation>
<violation beginline="114" endline="115" begincolumn="72" endcolumn="5" rule="UncommentedEmptyMethodBody" ruleset="Documentation" package="org.junit.runner.notification" class="RunListener" method="testFinished" externalInfoUrl="https://pmd.github.io/pmd/pmd_rules_java_documentation.html#uncommentedemptymethodbody" priority="3">
Document empty method body
</violation>
<violation beginline="131" endline="132" begincolumn="63" endcolumn="5" rule="UncommentedEmptyMethodBody" ruleset="Documentation" package="org.junit.runner.notification" class="RunListener" method="testFailure" externalInfoUrl="https://pmd.github.io/pmd/pmd_rules_java_documentation.html#uncommentedemptymethodbody" priority="3">
Document empty method body
</violation>
<violation beginline="141" endline="142" begincolumn="56" endcolumn="5" rule="UncommentedEmptyMethodBody" ruleset="Documentation" package="org.junit.runner.notification" class="RunListener" method="testAssumptionFailure" externalInfoUrl="https://pmd.github.io/pmd/pmd_rules_java_documentation.html#uncommentedemptymethodbody" priority="3">
Document empty method body
</violation>
<violation beginline="150" endline="151" begincolumn="71" endcolumn="5" rule="UncommentedEmptyMethodBody" ruleset="Documentation" package="org.junit.runner.notification" class="RunListener" method="testIgnored" externalInfoUrl="https://pmd.github.io/pmd/pmd_rules_java_documentation.html#uncommentedemptymethodbody" priority="3">
Document empty method body
</violation>
</file>
<file name="C:\Users\Deyan\Downloads\junit4-r4.13.2\src\main\java\org\junit\runner\notification\RunNotifier.java">
<violation beginline="22" endline="22" begincolumn="49" endcolumn="87" rule="UseDiamondOperator" ruleset="Code Style" package="org.junit.runner.notification" class="RunNotifier" externalInfoUrl="https://pmd.github.io/pmd/pmd_rules_java_codestyle.html#usediamondoperator" priority="3">
Explicit type arguments can be replaced by Diamond Operator
</violation>
<violation beginline="23" endline="23" begincolumn="30" endcolumn="47" rule="RedundantFieldInitializer" ruleset="Performance" package="org.junit.runner.notification" class="RunNotifier" variable="pleaseStop" externalInfoUrl="https://pmd.github.io/pmd/pmd_rules_java_performance.html#redundantfieldinitializer" priority="3">
Avoid using redundant field initializer for 'pleaseStop'
</violation>
<violation beginline="23" endline="23" begincolumn="22" endcolumn="48" rule="AvoidFieldNameMatchingMethodName" ruleset="Error Prone" package="org.junit.runner.notification" class="RunNotifier" variable="VariableDeclaratorId" externalInfoUrl="https://pmd.github.io/pmd/pmd_rules_java_errorprone.html#avoidfieldnamematchingmethodname" priority="3">
Field pleaseStop has the same name as a method
</violation>
<violation beginline="30" endline="30" begincolumn="13" endcolumn="73" rule="AvoidThrowingNullPointerException" ruleset="Design" package="org.junit.runner.notification" class="RunNotifier" method="addListener" externalInfoUrl="https://pmd.github.io/pmd/pmd_rules_java_design.html#avoidthrowingnullpointerexception" priority="1">
Avoid throwing null pointer exceptions.
</violation>
<violation beginline="40" endline="40" begincolumn="13" endcolumn="76" rule="AvoidThrowingNullPointerException" ruleset="Design" package="org.junit.runner.notification" class="RunNotifier" method="removeListener" externalInfoUrl="https://pmd.github.io/pmd/pmd_rules_java_design.html#avoidthrowingnullpointerexception" priority="1">
Avoid throwing null pointer exceptions.
</violation>
<violation beginline="49" endline="52" begincolumn="5" endcolumn="5" rule="DefaultPackage" ruleset="Code Style" package="org.junit.runner.notification" class="RunNotifier" externalInfoUrl="https://pmd.github.io/pmd/pmd_rules_java_codestyle.html#defaultpackage" priority="3">
Use explicit scoping instead of the default package private level
</violation>
<violation beginline="66" endline="79" begincolumn="9" endcolumn="9" rule="DefaultPackage" ruleset="Code Style" package="org.junit.runner.notification" class="RunNotifier$SafeNotifier" externalInfoUrl="https://pmd.github.io/pmd/pmd_rules_java_codestyle.html#defaultpackage" priority="3">
Use explicit scoping instead of the default package private level
</violation>
<violation beginline="68" endline="68" begincolumn="47" endcolumn="82" rule="UseDiamondOperator" ruleset="Code Style" package="org.junit.runner.notification" class="RunNotifier$SafeNotifier" method="run" externalInfoUrl="https://pmd.github.io/pmd/pmd_rules_java_codestyle.html#usediamondoperator" priority="3">
Explicit type arguments can be replaced by Diamond Operator
</violation>
<violation beginline="69" endline="69" begincolumn="38" endcolumn="69" rule="UseDiamondOperator" ruleset="Code Style" package="org.junit.runner.notification" class="RunNotifier$SafeNotifier" method="run" externalInfoUrl="https://pmd.github.io/pmd/pmd_rules_java_codestyle.html#usediamondoperator" priority="3">
Explicit type arguments can be replaced by Diamond Operator
</violation>
<violation beginline="74" endline="74" begincolumn="26" endcolumn="34" rule="AvoidCatchingGenericException" ruleset="Design" package="org.junit.runner.notification" class="RunNotifier$SafeNotifier" method="run" externalInfoUrl="https://pmd.github.io/pmd/pmd_rules_java_design.html#avoidcatchinggenericexception" priority="3">
Avoid catching generic exceptions such as NullPointerException, RuntimeException, Exception in try-catch block
</violation>
<violation beginline="81" endline="81" begincolumn="73" endcolumn="81" rule="SignatureDeclareThrowsException" ruleset="Design" package="org.junit.runner.notification" class="RunNotifier$SafeNotifier" method="notifyListener" externalInfoUrl="https://pmd.github.io/pmd/pmd_rules_java_design.html#signaturedeclarethrowsexception" priority="3">
A method/constructor should not explicitly throw java.lang.Exception
</violation>
<violation beginline="245" endline="245" begincolumn="13" endcolumn="73" rule="AvoidThrowingNullPointerException" ruleset="Design" package="org.junit.runner.notification" class="RunNotifier" method="addFirstListener" externalInfoUrl="https://pmd.github.io/pmd/pmd_rules_java_design.html#avoidthrowingnullpointerexception" priority="1">
Avoid throwing null pointer exceptions.
</violation>
</file>
<file name="C:\Users\Deyan\Downloads\junit4-r4.13.2\src\main\java\org\junit\runners\BlockJUnit4ClassRunner.java">
<violation beginline="66" endline="66" begincolumn="84" endcolumn="136" rule="UseDiamondOperator" ruleset="Code Style" package="org.junit.runners" class="BlockJUnit4ClassRunner" externalInfoUrl="https://pmd.github.io/pmd/pmd_rules_java_codestyle.html#usediamondoperator" priority="3">
Explicit type arguments can be replaced by Diamond Operator
</violation>
<violation beginline="97" endline="97" begincolumn="23" endcolumn="31" rule="CloseResource" ruleset="Error Prone" package="org.junit.runners" class="BlockJUnit4ClassRunner" method="runChild" variable="statement" externalInfoUrl="https://pmd.github.io/pmd/pmd_rules_java_errorprone.html#closeresource" priority="3">
Ensure that resources like this Statement object are closed after use
</violation>
<violation beginline="249" endline="249" begincolumn="42" endcolumn="50" rule="SignatureDeclareThrowsException" ruleset="Design" package="org.junit.runners" class="BlockJUnit4ClassRunner" method="createTest" externalInfoUrl="https://pmd.github.io/pmd/pmd_rules_java_design.html#signaturedeclarethrowsexception" priority="3">
A method/constructor should not explicitly throw java.lang.Exception
</violation>
<violation beginline="259" endline="259" begincolumn="64" endcolumn="72" rule="SignatureDeclareThrowsException" ruleset="Design" package="org.junit.runners" class="BlockJUnit4ClassRunner" method="createTest" externalInfoUrl="https://pmd.github.io/pmd/pmd_rules_java_design.html#signaturedeclarethrowsexception" priority="3">
A method/constructor should not explicitly throw java.lang.Exception
</violation>
<violation beginline="312" endline="314" begincolumn="11" endcolumn="9" rule="AvoidCatchingThrowable" ruleset="Error Prone" package="org.junit.runners" class="BlockJUnit4ClassRunner" method="methodBlock" externalInfoUrl="https://pmd.github.io/pmd/pmd_rules_java_errorprone.html#avoidcatchingthrowable" priority="3">
A catch statement should never catch throwable since it includes errors.
</violation>
<violation beginline="317" endline="317" begincolumn="9" endcolumn="72" rule="CloseResource" ruleset="Error Prone" package="org.junit.runners" class="BlockJUnit4ClassRunner" method="methodBlock" externalInfoUrl="https://pmd.github.io/pmd/pmd_rules_java_errorprone.html#closeresource" priority="3">
'statement' is reassigned, but the original instance is not closed
</violation>
<violation beginline="421" endline="421" begincolumn="47" endcolumn="77" rule="UseDiamondOperator" ruleset="Code Style" package="org.junit.runners" class="BlockJUnit4ClassRunner" method="rules" externalInfoUrl="https://pmd.github.io/pmd/pmd_rules_java_codestyle.html#usediamondoperator" priority="3">
Explicit type arguments can be replaced by Diamond Operator
</violation>
<violation beginline="435" endline="435" begincolumn="45" endcolumn="73" rule="UseDiamondOperator" ruleset="Code Style" package="org.junit.runners" class="BlockJUnit4ClassRunner" method="getTestRules" externalInfoUrl="https://pmd.github.io/pmd/pmd_rules_java_codestyle.html#usediamondoperator" priority="3">
Explicit type arguments can be replaced by Diamond Operator
</violation>
<violation beginline="456" endline="457" begincolumn="26" endcolumn="45" rule="FieldDeclarationsShouldBeAtStartOfClass" ruleset="Code Style" package="org.junit.runners" class="BlockJUnit4ClassRunner" variable="VariableDeclaratorId" externalInfoUrl="https://pmd.github.io/pmd/pmd_rules_java_codestyle.html#fielddeclarationsshouldbeatstartofclass" priority="3">
Fields should be declared at the top of the class, before any method declarations, constructors, initializers or inner classes.
</violation>
<violation beginline="457" endline="457" begincolumn="13" endcolumn="44" rule="UseDiamondOperator" ruleset="Code Style" package="org.junit.runners" class="BlockJUnit4ClassRunner" externalInfoUrl="https://pmd.github.io/pmd/pmd_rules_java_codestyle.html#usediamondoperator" priority="3">
Explicit type arguments can be replaced by Diamond Operator
</violation>
<violation beginline="460" endline="460" begincolumn="32" endcolumn="49" rule="UseDiamondOperator" ruleset="Code Style" package="org.junit.runners" class="BlockJUnit4ClassRunner$RuleCollector" externalInfoUrl="https://pmd.github.io/pmd/pmd_rules_java_codestyle.html#usediamondoperator" priority="3">
Explicit type arguments can be replaced by Diamond Operator
</violation>
<violation beginline="460" endline="460" begincolumn="9" endcolumn="50" rule="DefaultPackage" ruleset="Code Style" package="org.junit.runners" class="BlockJUnit4ClassRunner$RuleCollector" externalInfoUrl="https://pmd.github.io/pmd/pmd_rules_java_codestyle.html#defaultpackage" priority="3">
Use explicit scoping instead of the default package private level
</violation>
</file>
<file name="C:\Users\Deyan\Downloads\junit4-r4.13.2\src\main\java\org\junit\runners\MethodSorters.java">
<violation beginline="34" endline="36" begincolumn="13" endcolumn="5" rule="UnnecessaryModifier" ruleset="Code Style" package="org.junit.runners" class="MethodSorters" method="MethodSorters" externalInfoUrl="https://pmd.github.io/pmd/pmd_rules_java_codestyle.html#unnecessarymodifier" priority="3">
Unnecessary modifier 'private' on constructor 'MethodSorters(Comparator)': enum constructors are implicitly private
</violation>
</file>
<file name="C:\Users\Deyan\Downloads\junit4-r4.13.2\src\main\java\org\junit\runners\Parameterized.java">
<violation beginline="306" endline="306" begincolumn="81" endcolumn="89" rule="SignatureDeclareThrowsException" ruleset="Design" package="org.junit.runners" class="Parameterized" method="Parameterized" externalInfoUrl="https://pmd.github.io/pmd/pmd_rules_java_design.html#signaturedeclarethrowsexception" priority="3">
A method/constructor should not explicitly throw java.lang.Exception
</violation>
<violation beginline="313" endline="313" begincolumn="34" endcolumn="59" rule="UseDiamondOperator" ruleset="Code Style" package="org.junit.runners" class="Parameterized" method="validateBeforeParamAndAfterParamMethods" externalInfoUrl="https://pmd.github.io/pmd/pmd_rules_java_codestyle.html#usediamondoperator" priority="3">
Explicit type arguments can be replaced by Diamond Operator
</violation>
<violation beginline="365" endline="365" begincolumn="23" endcolumn="49" rule="AvoidFieldNameMatchingMethodName" ruleset="Error Prone" package="org.junit.runners" class="Parameterized$RunnersFactory" variable="VariableDeclaratorId" externalInfoUrl="https://pmd.github.io/pmd/pmd_rules_java_errorprone.html#avoidfieldnamematchingmethodname" priority="3">
Field allParameters has the same name as a method
</violation>
<violation beginline="387" endline="387" begincolumn="53" endcolumn="61" rule="SignatureDeclareThrowsException" ruleset="Design" package="org.junit.runners" class="Parameterized$RunnersFactory" method="createRunners" externalInfoUrl="https://pmd.github.io/pmd/pmd_rules_java_design.html#signaturedeclarethrowsexception" priority="3">
A method/constructor should not explicitly throw java.lang.Exception
</violation>
<violation beginline="430" endline="430" begincolumn="39" endcolumn="61" rule="UseDiamondOperator" ruleset="Code Style" package="org.junit.runners" class="Parameterized$RunnersFactory" method="allParameters" externalInfoUrl="https://pmd.github.io/pmd/pmd_rules_java_codestyle.html#usediamondoperator" priority="3">
Explicit type arguments can be replaced by Diamond Operator
</violation>
<violation beginline="442" endline="442" begincolumn="88" endcolumn="96" rule="SignatureDeclareThrowsException" ruleset="Design" package="org.junit.runners" class="Parameterized$RunnersFactory" method="getParametersMethod" externalInfoUrl="https://pmd.github.io/pmd/pmd_rules_java_design.html#signaturedeclarethrowsexception" priority="3">
A method/constructor should not explicitly throw java.lang.Exception
</violation>
<violation beginline="451" endline="451" begincolumn="23" endcolumn="31" rule="AvoidThrowingRawExceptionTypes" ruleset="Design" package="org.junit.runners" class="Parameterized$RunnersFactory" method="getParametersMethod" externalInfoUrl="https://pmd.github.io/pmd/pmd_rules_java_design.html#avoidthrowingrawexceptiontypes" priority="1">
Avoid throwing raw exception types.
</violation>
<violation beginline="457" endline="457" begincolumn="63" endcolumn="71" rule="SignatureDeclareThrowsException" ruleset="Design" package="org.junit.runners" class="Parameterized$RunnersFactory" method="createRunnersForParameters" externalInfoUrl="https://pmd.github.io/pmd/pmd_rules_java_design.html#signaturedeclarethrowsexception" priority="3">
A method/constructor should not explicitly throw java.lang.Exception
</violation>
<violation beginline="461" endline="461" begincolumn="40" endcolumn="62" rule="UseDiamondOperator" ruleset="Code Style" package="org.junit.runners" class="Parameterized$RunnersFactory" method="createRunnersForParameters" externalInfoUrl="https://pmd.github.io/pmd/pmd_rules_java_codestyle.html#usediamondoperator" priority="3">
Explicit type arguments can be replaced by Diamond Operator
</violation>
<violation beginline="468" endline="468" begincolumn="17" endcolumn="85" rule="PreserveStackTrace" ruleset="Best Practices" package="org.junit.runners" class="Parameterized$RunnersFactory" method="createRunnersForParameters" externalInfoUrl="https://pmd.github.io/pmd/pmd_rules_java_bestpractices.html#preservestacktrace" priority="3">
New exception is thrown in catch block, original stack trace may be lost
</violation>
<violation beginline="474" endline="474" begincolumn="24" endcolumn="32" rule="SignatureDeclareThrowsException" ruleset="Design" package="org.junit.runners" class="Parameterized$RunnersFactory" method="createTestsForParameters" externalInfoUrl="https://pmd.github.io/pmd/pmd_rules_java_design.html#signaturedeclarethrowsexception" priority="3">
A method/constructor should not explicitly throw java.lang.Exception
</violation>
<violation beginline="476" endline="476" begincolumn="49" endcolumn="83" rule="UseDiamondOperator" ruleset="Code Style" package="org.junit.runners" class="Parameterized$RunnersFactory" method="createTestsForParameters" externalInfoUrl="https://pmd.github.io/pmd/pmd_rules_java_codestyle.html#usediamondoperator" priority="3">
Explicit type arguments can be replaced by Diamond Operator
</violation>
<violation beginline="485" endline="485" begincolumn="79" endcolumn="87" rule="SignatureDeclareThrowsException" ruleset="Design" package="org.junit.runners" class="Parameterized$RunnersFactory" method="parametersMethodReturnedWrongType" externalInfoUrl="https://pmd.github.io/pmd/pmd_rules_java_design.html#signaturedeclarethrowsexception" priority="3">
A method/constructor should not explicitly throw java.lang.Exception
</violation>
<violation beginline="496" endline="496" begincolumn="17" endcolumn="35" rule="UseVarargs" ruleset="Best Practices" package="org.junit.runners" class="Parameterized$RunnersFactory" method="createTestWithParameters" variable="parameters" externalInfoUrl="https://pmd.github.io/pmd/pmd_rules_java_bestpractices.html#usevarargs" priority="4">
Consider using varargs for methods or constructors which take an array the last parameter.
</violation>
</file>
<file name="C:\Users\Deyan\Downloads\junit4-r4.13.2\src\main\java\org\junit\runners\ParentRunner.java">
<violation beginline="75" endline="75" begincolumn="30" endcolumn="52" rule="RedundantFieldInitializer" ruleset="Performance" package="org.junit.runners" class="ParentRunner" variable="filteredChildren" externalInfoUrl="https://pmd.github.io/pmd/pmd_rules_java_performance.html#redundantfieldinitializer" priority="3">
Avoid using redundant field initializer for 'filteredChildren'
</violation>
<violation beginline="91" endline="91" begincolumn="26" endcolumn="51" rule="ConstructorCallsOverridableMethod" ruleset="Error Prone" package="org.junit.runners" class="ParentRunner" method="ParentRunner" externalInfoUrl="https://pmd.github.io/pmd/pmd_rules_java_errorprone.html#constructorcallsoverridablemethod" priority="1">
Overridable method 'createTestClass' called during object construction
</violation>
<violation beginline="92" endline="92" begincolumn="9" endcolumn="18" rule="ConstructorCallsOverridableMethod" ruleset="Error Prone" package="org.junit.runners" class="ParentRunner" method="ParentRunner" externalInfoUrl="https://pmd.github.io/pmd/pmd_rules_java_errorprone.html#constructorcallsoverridablemethod" priority="1">
Overridable method 'collectInitializationErrors' called during object construction
</violation>
<violation beginline="102" endline="102" begincolumn="8" endcolumn="17" rule="ConstructorCallsOverridableMethod" ruleset="Error Prone" package="org.junit.runners" class="ParentRunner" method="ParentRunner" externalInfoUrl="https://pmd.github.io/pmd/pmd_rules_java_errorprone.html#constructorcallsoverridablemethod" priority="1">
Overridable method 'collectInitializationErrors' called during object construction
</violation>
<violation beginline="215" endline="215" begincolumn="13" endcolumn="52" rule="CloseResource" ruleset="Error Prone" package="org.junit.runners" class="ParentRunner" method="classBlock" externalInfoUrl="https://pmd.github.io/pmd/pmd_rules_java_errorprone.html#closeresource" priority="3">
'statement' is reassigned, but the original instance is not closed
</violation>
<violation beginline="369" endline="371" begincolumn="11" endcolumn="9" rule="AvoidCatchingThrowable" ruleset="Error Prone" package="org.junit.runners" class="ParentRunner" method="runLeaf" externalInfoUrl="https://pmd.github.io/pmd/pmd_rules_java_errorprone.html#avoidcatchingthrowable" priority="3">
A catch statement should never catch throwable since it includes errors.
</violation>
<violation beginline="412" endline="412" begincolumn="23" endcolumn="31" rule="CloseResource" ruleset="Error Prone" package="org.junit.runners" class="ParentRunner" method="run" variable="statement" externalInfoUrl="https://pmd.github.io/pmd/pmd_rules_java_errorprone.html#closeresource" priority="3">
Ensure that resources like this Statement object are closed after use
</violation>
<violation beginline="416" endline="418" begincolumn="11" endcolumn="9" rule="AvoidRethrowingException" ruleset="Design" package="org.junit.runners" class="ParentRunner" method="run" externalInfoUrl="https://pmd.github.io/pmd/pmd_rules_java_design.html#avoidrethrowingexception" priority="3">
A catch statement that catches an exception only to rethrow it should be avoided.
</violation>
<violation beginline="418" endline="420" begincolumn="11" endcolumn="9" rule="AvoidCatchingThrowable" ruleset="Error Prone" package="org.junit.runners" class="ParentRunner" method="run" externalInfoUrl="https://pmd.github.io/pmd/pmd_rules_java_errorprone.html#avoidcatchingthrowable" priority="3">
A catch statement should never catch throwable since it includes errors.
</violation>
<violation beginline="432" endline="432" begincolumn="32" endcolumn="70" rule="UseDiamondOperator" ruleset="Code Style" package="org.junit.runners" class="ParentRunner" method="filter" externalInfoUrl="https://pmd.github.io/pmd/pmd_rules_java_codestyle.html#usediamondoperator" priority="3">
Explicit type arguments can be replaced by Diamond Operator
</violation>
<violation beginline="464" endline="464" begincolumn="38" endcolumn="76" rule="UseDiamondOperator" ruleset="Code Style" package="org.junit.runners" class="ParentRunner" method="sort" externalInfoUrl="https://pmd.github.io/pmd/pmd_rules_java_codestyle.html#usediamondoperator" priority="3">
Explicit type arguments can be replaced by Diamond Operator
</violation>
<violation beginline="487" endline="488" begincolumn="50" endcolumn="36" rule="UseDiamondOperator" ruleset="Code Style" package="org.junit.runners" class="ParentRunner" method="order" externalInfoUrl="https://pmd.github.io/pmd/pmd_rules_java_codestyle.html#usediamondoperator" priority="3">
Explicit type arguments can be replaced by Diamond Operator
</violation>
<violation beginline="493" endline="493" begincolumn="47" endcolumn="65" rule="UseDiamondOperator" ruleset="Code Style" package="org.junit.runners" class="ParentRunner" method="order" externalInfoUrl="https://pmd.github.io/pmd/pmd_rules_java_codestyle.html#usediamondoperator" priority="3">
Explicit type arguments can be replaced by Diamond Operator
</violation>
<violation beginline="502" endline="502" begincolumn="24" endcolumn="56" rule="UseDiamondOperator" ruleset="Code Style" package="org.junit.runners" class="ParentRunner" method="order" externalInfoUrl="https://pmd.github.io/pmd/pmd_rules_java_codestyle.html#usediamondoperator" priority="3">
Explicit type arguments can be replaced by Diamond Operator
</violation>
<violation beginline="522" endline="522" begincolumn="34" endcolumn="59" rule="UseDiamondOperator" ruleset="Code Style" package="org.junit.runners" class="ParentRunner" method="validate" externalInfoUrl="https://pmd.github.io/pmd/pmd_rules_java_codestyle.html#usediamondoperator" priority="3">
Explicit type arguments can be replaced by Diamond Operator
</violation>
<violation beginline="565" endline="565" begincolumn="55" endcolumn="94" rule="UseDiamondOperator" ruleset="Code Style" package="org.junit.runners" class="ParentRunner$ClassRuleCollector" externalInfoUrl="https://pmd.github.io/pmd/pmd_rules_java_codestyle.html#usediamondoperator" priority="3">
Explicit type arguments can be replaced by Diamond Operator
</violation>
<violation beginline="565" endline="565" begincolumn="9" endcolumn="95" rule="DefaultPackage" ruleset="Code Style" package="org.junit.runners" class="ParentRunner$ClassRuleCollector" externalInfoUrl="https://pmd.github.io/pmd/pmd_rules_java_codestyle.html#defaultpackage" priority="3">
Use explicit scoping instead of the default package private level
</violation>
<violation beginline="575" endline="575" begincolumn="37" endcolumn="75" rule="UseDiamondOperator" ruleset="Code Style" package="org.junit.runners" class="ParentRunner$ClassRuleCollector" method="getOrderedRules" externalInfoUrl="https://pmd.github.io/pmd/pmd_rules_java_codestyle.html#usediamondoperator" priority="3">
Explicit type arguments can be replaced by Diamond Operator
</violation>
</file>
<file name="C:\Users\Deyan\Downloads\junit4-r4.13.2\src\main\java\org\junit\runners\RuleContainer.java">
<violation beginline="22" endline="22" begincolumn="66" endcolumn="103" rule="UseDiamondOperator" ruleset="Code Style" package="org.junit.runners" class="RuleContainer" externalInfoUrl="https://pmd.github.io/pmd/pmd_rules_java_codestyle.html#usediamondoperator" priority="3">
Explicit type arguments can be replaced by Diamond Operator
</violation>
<violation beginline="23" endline="23" begincolumn="46" endcolumn="70" rule="UseDiamondOperator" ruleset="Code Style" package="org.junit.runners" class="RuleContainer" externalInfoUrl="https://pmd.github.io/pmd/pmd_rules_java_codestyle.html#usediamondoperator" priority="3">
Explicit type arguments can be replaced by Diamond Operator
</violation>
<violation beginline="24" endline="24" begincolumn="50" endcolumn="76" rule="UseDiamondOperator" ruleset="Code Style" package="org.junit.runners" class="RuleContainer" externalInfoUrl="https://pmd.github.io/pmd/pmd_rules_java_codestyle.html#usediamondoperator" priority="3">
Explicit type arguments can be replaced by Diamond Operator
</violation>
<violation beginline="41" endline="50" begincolumn="5" endcolumn="6" rule="DefaultPackage" ruleset="Code Style" package="org.junit.runners" class="RuleContainer" externalInfoUrl="https://pmd.github.io/pmd/pmd_rules_java_codestyle.html#defaultpackage" priority="3">
Use explicit scoping instead of the default package private level
</violation>
<violation beginline="56" endline="57" begincolumn="39" endcolumn="54" rule="UseDiamondOperator" ruleset="Code Style" package="org.junit.runners" class="RuleContainer" method="getSortedEntries" externalInfoUrl="https://pmd.github.io/pmd/pmd_rules_java_codestyle.html#usediamondoperator" priority="3">
Explicit type arguments can be replaced by Diamond Operator
</violation>
<violation beginline="79" endline="79" begincolumn="17" endcolumn="79" rule="CloseResource" ruleset="Error Prone" package="org.junit.runners" class="RuleContainer" method="apply" externalInfoUrl="https://pmd.github.io/pmd/pmd_rules_java_errorprone.html#closeresource" priority="3">
'result' is reassigned, but the original instance is not closed
</violation>
<violation beginline="91" endline="97" begincolumn="5" endcolumn="5" rule="DefaultPackage" ruleset="Code Style" package="org.junit.runners" class="RuleContainer" externalInfoUrl="https://pmd.github.io/pmd/pmd_rules_java_codestyle.html#defaultpackage" priority="3">
Use explicit scoping instead of the default package private level
</violation>
<violation beginline="92" endline="92" begincolumn="31" endcolumn="53" rule="UseDiamondOperator" ruleset="Code Style" package="org.junit.runners" class="RuleContainer" method="getSortedRules" externalInfoUrl="https://pmd.github.io/pmd/pmd_rules_java_codestyle.html#usediamondoperator" priority="3">
Explicit type arguments can be replaced by Diamond Operator
</violation>
<violation beginline="100" endline="100" begincolumn="9" endcolumn="44" rule="DefaultPackage" ruleset="Code Style" package="org.junit.runners" class="RuleContainer$RuleEntry" externalInfoUrl="https://pmd.github.io/pmd/pmd_rules_java_codestyle.html#defaultpackage" priority="3">
Use explicit scoping instead of the default package private level
</violation>
<violation beginline="101" endline="101" begincolumn="9" endcolumn="46" rule="DefaultPackage" ruleset="Code Style" package="org.junit.runners" class="RuleContainer$RuleEntry" externalInfoUrl="https://pmd.github.io/pmd/pmd_rules_java_codestyle.html#defaultpackage" priority="3">
Use explicit scoping instead of the default package private level
</violation>
<violation beginline="103" endline="103" begincolumn="9" endcolumn="26" rule="DefaultPackage" ruleset="Code Style" package="org.junit.runners" class="RuleContainer$RuleEntry" externalInfoUrl="https://pmd.github.io/pmd/pmd_rules_java_codestyle.html#defaultpackage" priority="3">
Use explicit scoping instead of the default package private level
</violation>
<violation beginline="104" endline="104" begincolumn="9" endcolumn="23" rule="DefaultPackage" ruleset="Code Style" package="org.junit.runners" class="RuleContainer$RuleEntry" externalInfoUrl="https://pmd.github.io/pmd/pmd_rules_java_codestyle.html#defaultpackage" priority="3">
Use explicit scoping instead of the default package private level
</violation>
<violation beginline="105" endline="105" begincolumn="9" endcolumn="24" rule="DefaultPackage" ruleset="Code Style" package="org.junit.runners" class="RuleContainer$RuleEntry" externalInfoUrl="https://pmd.github.io/pmd/pmd_rules_java_codestyle.html#defaultpackage" priority="3">
Use explicit scoping instead of the default package private level
</violation>
</file>
<file name="C:\Users\Deyan\Downloads\junit4-r4.13.2\src\main\java\org\junit\runners\Suite.java">
<violation beginline="35" endline="35" begincolumn="23" endcolumn="38" rule="AvoidThrowingRawExceptionTypes" ruleset="Design" package="org.junit.runners" class="Suite" method="emptySuite" externalInfoUrl="https://pmd.github.io/pmd/pmd_rules_java_design.html#avoidthrowingrawexceptiontypes" priority="1">
Avoid throwing raw exception types.
</violation>
<violation beginline="35" endline="35" begincolumn="13" endcolumn="69" rule="PreserveStackTrace" ruleset="Best Practices" package="org.junit.runners" class="Suite" method="emptySuite" externalInfoUrl="https://pmd.github.io/pmd/pmd_rules_java_bestpractices.html#preservestacktrace" priority="3">
New exception is thrown in catch block, original stack trace may be lost
</violation>
<violation beginline="61" endline="61" begincolumn="19" endcolumn="39" rule="FieldDeclarationsShouldBeAtStartOfClass" ruleset="Code Style" package="org.junit.runners" class="Suite" variable="VariableDeclaratorId" externalInfoUrl="https://pmd.github.io/pmd/pmd_rules_java_codestyle.html#fielddeclarationsshouldbeatstartofclass" priority="3">
Fields should be declared at the top of the class, before any method declarations, constructors, initializers or inner classes.
</violation>
<violation beginline="80" endline="80" begincolumn="41" endcolumn="58" rule="UseVarargs" ruleset="Best Practices" package="org.junit.runners" class="Suite" method="Suite" variable="classes" externalInfoUrl="https://pmd.github.io/pmd/pmd_rules_java_bestpractices.html#usevarargs" priority="4">
Consider using varargs for methods or constructors which take an array the last parameter.
</violation>
<violation beginline="90" endline="90" begincolumn="37" endcolumn="59" rule="UseVarargs" ruleset="Best Practices" package="org.junit.runners" class="Suite" method="Suite" variable="suiteClasses" externalInfoUrl="https://pmd.github.io/pmd/pmd_rules_java_bestpractices.html#usevarargs" priority="4">
Consider using varargs for methods or constructors which take an array the last parameter.
</violation>
<violation beginline="101" endline="101" begincolumn="60" endcolumn="82" rule="UseVarargs" ruleset="Best Practices" package="org.junit.runners" class="Suite" method="Suite" variable="suiteClasses" externalInfoUrl="https://pmd.github.io/pmd/pmd_rules_java_bestpractices.html#usevarargs" priority="4">
Consider using varargs for methods or constructors which take an array the last parameter.
</violation>
</file>
<file name="C:\Users\Deyan\Downloads\junit4-r4.13.2\src\main\java\org\junit\runners\model\FrameworkField.java">
<violation beginline="24" endline="25" begincolumn="13" endcolumn="85" rule="AvoidThrowingNullPointerException" ruleset="Design" package="org.junit.runners.model" class="FrameworkField" method="FrameworkField" externalInfoUrl="https://pmd.github.io/pmd/pmd_rules_java_design.html#avoidthrowingnullpointerexception" priority="1">
Avoid throwing null pointer exceptions.
</violation>
<violation beginline="33" endline="35" begincolumn="15" endcolumn="13" rule="EmptyCatchBlock" ruleset="Error Prone" package="org.junit.runners.model" class="FrameworkField" method="FrameworkField" externalInfoUrl="https://pmd.github.io/pmd/pmd_rules_java_errorprone.html#emptycatchblock" priority="3">
Avoid empty catch blocks
</violation>
<violation beginline="57" endline="60" begincolumn="5" endcolumn="5" rule="DefaultPackage" ruleset="Code Style" package="org.junit.runners.model" class="FrameworkField" externalInfoUrl="https://pmd.github.io/pmd/pmd_rules_java_codestyle.html#defaultpackage" priority="3">
Use explicit scoping instead of the default package private level
</violation>
<violation beginline="91" endline="91" begincolumn="45" endcolumn="68" rule="AvoidUncheckedExceptionsInSignatures" ruleset="Design" package="org.junit.runners.model" class="FrameworkField" method="get" externalInfoUrl="https://pmd.github.io/pmd/pmd_rules_java_design.html#avoiduncheckedexceptionsinsignatures" priority="3">
A method or constructor should not explicitly declare unchecked exceptions in its 'throws' clause
</violation>
</file>
<file name="C:\Users\Deyan\Downloads\junit4-r4.13.2\src\main\java\org\junit\runners\model\FrameworkMember.java">
<violation beginline="13" endline="13" begincolumn="5" endcolumn="49" rule="DefaultPackage" ruleset="Code Style" package="org.junit.runners.model" class="FrameworkMember" externalInfoUrl="https://pmd.github.io/pmd/pmd_rules_java_codestyle.html#defaultpackage" priority="3">
Use explicit scoping instead of the default package private level
</violation>
<violation beginline="15" endline="34" begincolumn="5" endcolumn="5" rule="DefaultPackage" ruleset="Code Style" package="org.junit.runners.model" class="FrameworkMember" externalInfoUrl="https://pmd.github.io/pmd/pmd_rules_java_codestyle.html#defaultpackage" priority="3">
Use explicit scoping instead of the default package private level
</violation>
<violation beginline="36" endline="36" begincolumn="5" endcolumn="38" rule="DefaultPackage" ruleset="Code Style" package="org.junit.runners.model" class="FrameworkMember" externalInfoUrl="https://pmd.github.io/pmd/pmd_rules_java_codestyle.html#defaultpackage" priority="3">
Use explicit scoping instead of the default package private level
</violation>
</file>
<file name="C:\Users\Deyan\Downloads\junit4-r4.13.2\src\main\java\org\junit\runners\model\FrameworkMethod.java">
<violation beginline="27" endline="28" begincolumn="13" endcolumn="87" rule="AvoidThrowingNullPointerException" ruleset="Design" package="org.junit.runners.model" class="FrameworkMethod" method="FrameworkMethod" externalInfoUrl="https://pmd.github.io/pmd/pmd_rules_java_design.html#avoidthrowingnullpointerexception" priority="1">
Avoid throwing null pointer exceptions.
</violation>
<violation beginline="36" endline="38" begincolumn="15" endcolumn="13" rule="EmptyCatchBlock" ruleset="Error Prone" package="org.junit.runners.model" class="FrameworkMethod" method="FrameworkMethod" externalInfoUrl="https://pmd.github.io/pmd/pmd_rules_java_errorprone.html#emptycatchblock" priority="3">
Avoid empty catch blocks
</violation>
<violation beginline="85" endline="85" begincolumn="38" endcolumn="46" rule="AvoidDuplicateLiterals" ruleset="Error Prone" package="org.junit.runners.model" class="FrameworkMethod" method="validatePublicVoidNoArg" externalInfoUrl="https://pmd.github.io/pmd/pmd_rules_java_errorprone.html#avoidduplicateliterals" priority="3">
The String literal "Method " appears 4 times in this file; the first occurrence is on line 85
</violation>
<violation beginline="160" endline="163" begincolumn="5" endcolumn="5" rule="DefaultPackage" ruleset="Code Style" package="org.junit.runners.model" class="FrameworkMethod" externalInfoUrl="https://pmd.github.io/pmd/pmd_rules_java_codestyle.html#defaultpackage" priority="3">
Use explicit scoping instead of the default package private level
</violation>
</file>
<file name="C:\Users\Deyan\Downloads\junit4-r4.13.2\src\main\java\org\junit\runners\model\InvalidTestClassError.java">
<violation beginline="27" endline="27" begincolumn="23" endcolumn="64" rule="InefficientStringBuffering" ruleset="Performance" package="org.junit.runners.model" class="InvalidTestClassError" method="createMessage" externalInfoUrl="https://pmd.github.io/pmd/pmd_rules_java_performance.html#inefficientstringbuffering" priority="3">
Avoid concatenating nonliterals in a StringBuffer/StringBuilder constructor or append().
</violation>
</file>
<file name="C:\Users\Deyan\Downloads\junit4-r4.13.2\src\main\java\org\junit\runners\model\MultipleFailureException.java">
<violation beginline="33" endline="33" begincolumn="24" endcolumn="62" rule="UseDiamondOperator" ruleset="Code Style" package="org.junit.runners.model" class="MultipleFailureException" method="MultipleFailureException" externalInfoUrl="https://pmd.github.io/pmd/pmd_rules_java_codestyle.html#usediamondoperator" priority="3">
Explicit type arguments can be replaced by Diamond Operator
</violation>
<violation beginline="36" endline="36" begincolumn="17" endcolumn="21" rule="AvoidReassigningLoopVariables" ruleset="Best Practices" package="org.junit.runners.model" class="MultipleFailureException" method="MultipleFailureException" externalInfoUrl="https://pmd.github.io/pmd/pmd_rules_java_bestpractices.html#avoidreassigningloopvariables" priority="3">
Avoid reassigning the loop control variable 'error'
</violation>
<violation beginline="59" endline="59" begincolumn="13" endcolumn="31" rule="AvoidPrintStackTrace" ruleset="Best Practices" package="org.junit.runners.model" class="MultipleFailureException" method="printStackTrace" externalInfoUrl="https://pmd.github.io/pmd/pmd_rules_java_bestpractices.html#avoidprintstacktrace" priority="3">
Avoid printStackTrace(); use a logger call instead.
</violation>
<violation beginline="87" endline="87" begincolumn="67" endcolumn="75" rule="SignatureDeclareThrowsException" ruleset="Design" package="org.junit.runners.model" class="MultipleFailureException" method="assertEmpty" externalInfoUrl="https://pmd.github.io/pmd/pmd_rules_java_design.html#signaturedeclarethrowsexception" priority="3">
A method/constructor should not explicitly throw java.lang.Exception
</violation>
</file>
<file name="C:\Users\Deyan\Downloads\junit4-r4.13.2\src\main\java\org\junit\runners\model\NoGenericTypeParametersValidator.java">
<violation beginline="18" endline="22" begincolumn="5" endcolumn="5" rule="DefaultPackage" ruleset="Code Style" package="org.junit.runners.model" class="NoGenericTypeParametersValidator" externalInfoUrl="https://pmd.github.io/pmd/pmd_rules_java_codestyle.html#defaultpackage" priority="3">
Use explicit scoping instead of the default package private level
</violation>
</file>
<file name="C:\Users\Deyan\Downloads\junit4-r4.13.2\src\main\java\org\junit\runners\model\RunnerBuilder.java">
<violation beginline="44" endline="44" begincolumn="43" endcolumn="65" rule="UseDiamondOperator" ruleset="Code Style" package="org.junit.runners.model" class="RunnerBuilder" externalInfoUrl="https://pmd.github.io/pmd/pmd_rules_java_codestyle.html#usediamondoperator" priority="3">
Explicit type arguments can be replaced by Diamond Operator
</violation>
<violation beginline="75" endline="77" begincolumn="11" endcolumn="9" rule="AvoidCatchingThrowable" ruleset="Error Prone" package="org.junit.runners.model" class="RunnerBuilder" method="safeRunnerForClass" externalInfoUrl="https://pmd.github.io/pmd/pmd_rules_java_errorprone.html#avoidcatchingthrowable" priority="3">
A catch statement should never catch throwable since it includes errors.
</violation>
<violation beginline="89" endline="94" begincolumn="5" endcolumn="5" rule="DefaultPackage" ruleset="Code Style" package="org.junit.runners.model" class="RunnerBuilder" externalInfoUrl="https://pmd.github.io/pmd/pmd_rules_java_codestyle.html#defaultpackage" priority="3">
Use explicit scoping instead of the default package private level
</violation>
<violation beginline="96" endline="98" begincolumn="5" endcolumn="5" rule="DefaultPackage" ruleset="Code Style" package="org.junit.runners.model" class="RunnerBuilder" externalInfoUrl="https://pmd.github.io/pmd/pmd_rules_java_codestyle.html#defaultpackage" priority="3">
Use explicit scoping instead of the default package private level
</violation>
<violation beginline="106" endline="106" begincolumn="50" endcolumn="68" rule="UseVarargs" ruleset="Best Practices" package="org.junit.runners.model" class="RunnerBuilder" method="runners" variable="children" externalInfoUrl="https://pmd.github.io/pmd/pmd_rules_java_bestpractices.html#usevarargs" priority="4">
Consider using varargs for methods or constructors which take an array the last parameter.
</violation>
<violation beginline="122" endline="122" begincolumn="34" endcolumn="52" rule="UseVarargs" ruleset="Best Practices" package="org.junit.runners.model" class="RunnerBuilder" method="runners" variable="children" externalInfoUrl="https://pmd.github.io/pmd/pmd_rules_java_bestpractices.html#usevarargs" priority="4">
Consider using varargs for methods or constructors which take an array the last parameter.
</violation>
<violation beginline="123" endline="123" begincolumn="32" endcolumn="54" rule="UseDiamondOperator" ruleset="Code Style" package="org.junit.runners.model" class="RunnerBuilder" method="runners" externalInfoUrl="https://pmd.github.io/pmd/pmd_rules_java_codestyle.html#usediamondoperator" priority="3">
Explicit type arguments can be replaced by Diamond Operator
</violation>
</file>
<file name="C:\Users\Deyan\Downloads\junit4-r4.13.2\src\main\java\org\junit\runners\model\TestClass.java">
<violation beginline="53" endline="53" begincolumn="17" endcolumn="87" rule="UseDiamondOperator" ruleset="Code Style" package="org.junit.runners.model" class="TestClass" method="TestClass" externalInfoUrl="https://pmd.github.io/pmd/pmd_rules_java_codestyle.html#usediamondoperator" priority="3">
Explicit type arguments can be replaced by Diamond Operator
</violation>
<violation beginline="55" endline="55" begincolumn="17" endcolumn="86" rule="UseDiamondOperator" ruleset="Code Style" package="org.junit.runners.model" class="TestClass" method="TestClass" externalInfoUrl="https://pmd.github.io/pmd/pmd_rules_java_codestyle.html#usediamondoperator" priority="3">
Explicit type arguments can be replaced by Diamond Operator
</violation>
<violation beginline="57" endline="57" begincolumn="9" endcolumn="73" rule="ConstructorCallsOverridableMethod" ruleset="Error Prone" package="org.junit.runners.model" class="TestClass" method="TestClass" externalInfoUrl="https://pmd.github.io/pmd/pmd_rules_java_errorprone.html#constructorcallsoverridablemethod" priority="1">
Overridable method 'scanAnnotatedMembers' called during object construction
</violation>
<violation beginline="102" endline="102" begincolumn="17" endcolumn="73" rule="UseDiamondOperator" ruleset="Code Style" package="org.junit.runners.model" class="TestClass" externalInfoUrl="https://pmd.github.io/pmd/pmd_rules_java_codestyle.html#usediamondoperator" priority="3">
Explicit type arguments can be replaced by Diamond Operator
</violation>
<violation beginline="150" endline="150" begincolumn="25" endcolumn="46" rule="UseDiamondOperator" ruleset="Code Style" package="org.junit.runners.model" class="TestClass" externalInfoUrl="https://pmd.github.io/pmd/pmd_rules_java_codestyle.html#usediamondoperator" priority="3">
Explicit type arguments can be replaced by Diamond Operator
</violation>
<violation beginline="172" endline="172" begincolumn="34" endcolumn="58" rule="UseDiamondOperator" ruleset="Code Style" package="org.junit.runners.model" class="TestClass" method="getSuperClasses" externalInfoUrl="https://pmd.github.io/pmd/pmd_rules_java_codestyle.html#usediamondoperator" priority="3">
Explicit type arguments can be replaced by Diamond Operator
</violation>
<violation beginline="228" endline="228" begincolumn="33" endcolumn="50" rule="UseDiamondOperator" ruleset="Code Style" package="org.junit.runners.model" class="TestClass" externalInfoUrl="https://pmd.github.io/pmd/pmd_rules_java_codestyle.html#usediamondoperator" priority="3">
Explicit type arguments can be replaced by Diamond Operator
</violation>
<violation beginline="254" endline="254" begincolumn="27" endcolumn="42" rule="AvoidThrowingRawExceptionTypes" ruleset="Design" package="org.junit.runners.model" class="TestClass" externalInfoUrl="https://pmd.github.io/pmd/pmd_rules_java_design.html#avoidthrowingrawexceptiontypes" priority="1">
Avoid throwing raw exception types.
</violation>
<violation beginline="262" endline="262" begincolumn="33" endcolumn="50" rule="UseDiamondOperator" ruleset="Code Style" package="org.junit.runners.model" class="TestClass" externalInfoUrl="https://pmd.github.io/pmd/pmd_rules_java_codestyle.html#usediamondoperator" priority="3">
Explicit type arguments can be replaced by Diamond Operator
</violation>
<violation beginline="295" endline="298" begincolumn="15" endcolumn="13" rule="AvoidCatchingThrowable" ruleset="Error Prone" package="org.junit.runners.model" class="TestClass" externalInfoUrl="https://pmd.github.io/pmd/pmd_rules_java_errorprone.html#avoidcatchingthrowable" priority="3">
A catch statement should never catch throwable since it includes errors.
</violation>
<violation beginline="296" endline="296" begincolumn="27" endcolumn="42" rule="AvoidThrowingRawExceptionTypes" ruleset="Design" package="org.junit.runners.model" class="TestClass" externalInfoUrl="https://pmd.github.io/pmd/pmd_rules_java_design.html#avoidthrowingrawexceptiontypes" priority="1">
Avoid throwing raw exception types.
</violation>
</file>
<file name="C:\Users\Deyan\Downloads\junit4-r4.13.2\src\main\java\org\junit\runners\model\TestTimedOutException.java">
<violation beginline="26" endline="26" begincolumn="26" endcolumn="54" rule="UseLocaleWithCaseConversions" ruleset="Error Prone" package="org.junit.runners.model" class="TestTimedOutException" method="TestTimedOutException" externalInfoUrl="https://pmd.github.io/pmd/pmd_rules_java_errorprone.html#uselocalewithcaseconversions" priority="3">
When doing a String.toLowerCase()/toUpperCase() call, use a Locale
</violation>
</file>
<file name="C:\Users\Deyan\Downloads\junit4-r4.13.2\src\main\java\org\junit\runners\parameterized\BlockJUnit4ClassRunnerWithParameters.java">
<violation beginline="55" endline="55" begincolumn="65" endcolumn="73" rule="SignatureDeclareThrowsException" ruleset="Design" package="org.junit.runners.parameterized" class="BlockJUnit4ClassRunnerWithParameters" method="createTestUsingConstructorInjection" externalInfoUrl="https://pmd.github.io/pmd/pmd_rules_java_design.html#signaturedeclarethrowsexception" priority="3">
A method/constructor should not explicitly throw java.lang.Exception
</violation>
<violation beginline="59" endline="59" begincolumn="59" endcolumn="67" rule="SignatureDeclareThrowsException" ruleset="Design" package="org.junit.runners.parameterized" class="BlockJUnit4ClassRunnerWithParameters" method="createTestUsingFieldInjection" externalInfoUrl="https://pmd.github.io/pmd/pmd_rules_java_design.html#signaturedeclarethrowsexception" priority="3">
A method/constructor should not explicitly throw java.lang.Exception
</violation>
<violation beginline="62" endline="62" begincolumn="23" endcolumn="31" rule="AvoidThrowingRawExceptionTypes" ruleset="Design" package="org.junit.runners.parameterized" class="BlockJUnit4ClassRunnerWithParameters" method="createTestUsingFieldInjection" externalInfoUrl="https://pmd.github.io/pmd/pmd_rules_java_design.html#avoidthrowingrawexceptiontypes" priority="1">
Avoid throwing raw exception types.
</violation>
<violation beginline="84" endline="84" begincolumn="27" endcolumn="35" rule="AvoidThrowingRawExceptionTypes" ruleset="Design" package="org.junit.runners.parameterized" class="BlockJUnit4ClassRunnerWithParameters" method="createTestUsingFieldInjection" externalInfoUrl="https://pmd.github.io/pmd/pmd_rules_java_design.html#avoidthrowingrawexceptiontypes" priority="1">
Avoid throwing raw exception types.
</violation>
<violation beginline="149" endline="149" begincolumn="9" endcolumn="47" rule="CloseResource" ruleset="Error Prone" package="org.junit.runners.parameterized" class="BlockJUnit4ClassRunnerWithParameters" method="classBlock" externalInfoUrl="https://pmd.github.io/pmd/pmd_rules_java_errorprone.html#closeresource" priority="3">
'statement' is reassigned, but the original instance is not closed
</violation>
</file>
<file name="C:\Users\Deyan\Downloads\junit4-r4.13.2\src\main\java\org\junit\runners\parameterized\TestWithParameters.java">
<violation beginline="49" endline="49" begincolumn="21" endcolumn="25" rule="UseUnderscoresInNumericLiterals" ruleset="Code Style" package="org.junit.runners.parameterized" class="TestWithParameters" method="hashCode" externalInfoUrl="https://pmd.github.io/pmd/pmd_rules_java_codestyle.html#useunderscoresinnumericliterals" priority="3">
Number 14747 should separate every third digit with an underscore
</violation>
</file>
<file name="C:\Users\Deyan\Downloads\junit4-r4.13.2\src\main\java\org\junit\validator\AnnotationValidator.java">
<violation beginline="20" endline="60" begincolumn="17" endcolumn="1" rule="AbstractClassWithoutAbstractMethod" ruleset="Best Practices" package="org.junit.validator" class="AnnotationValidator" externalInfoUrl="https://pmd.github.io/pmd/pmd_rules_java_bestpractices.html#abstractclasswithoutabstractmethod" priority="3">
This abstract class does not have any abstract methods
</violation>
</file>
<file name="C:\Users\Deyan\Downloads\junit4-r4.13.2\src\main\java\org\junit\validator\AnnotationValidatorFactory.java">
<violation beginline="12" endline="12" begincolumn="13" endcolumn="70" rule="UseDiamondOperator" ruleset="Code Style" package="org.junit.validator" class="AnnotationValidatorFactory" externalInfoUrl="https://pmd.github.io/pmd/pmd_rules_java_codestyle.html#usediamondoperator" priority="3">
Explicit type arguments can be replaced by Diamond Operator
</violation>
<violation beginline="34" endline="34" begincolumn="18" endcolumn="26" rule="AvoidCatchingGenericException" ruleset="Design" package="org.junit.validator" class="AnnotationValidatorFactory" method="createAnnotationValidator" externalInfoUrl="https://pmd.github.io/pmd/pmd_rules_java_design.html#avoidcatchinggenericexception" priority="3">
Avoid catching generic exceptions such as NullPointerException, RuntimeException, Exception in try-catch block
</violation>
<violation beginline="35" endline="35" begincolumn="23" endcolumn="38" rule="AvoidThrowingRawExceptionTypes" ruleset="Design" package="org.junit.validator" class="AnnotationValidatorFactory" method="createAnnotationValidator" externalInfoUrl="https://pmd.github.io/pmd/pmd_rules_java_design.html#avoidthrowingrawexceptiontypes" priority="1">
Avoid throwing raw exception types.
</violation>
</file>
<file name="C:\Users\Deyan\Downloads\junit4-r4.13.2\src\main\java\org\junit\validator\AnnotationsValidator.java">
<violation beginline="34" endline="34" begincolumn="43" endcolumn="68" rule="UseDiamondOperator" ruleset="Code Style" package="org.junit.validator" class="AnnotationsValidator" method="validateTestClass" externalInfoUrl="https://pmd.github.io/pmd/pmd_rules_java_codestyle.html#usediamondoperator" priority="3">
Explicit type arguments can be replaced by Diamond Operator
</violation>
<violation beginline="46" endline="46" begincolumn="9" endcolumn="78" rule="DefaultPackage" ruleset="Code Style" package="org.junit.validator" class="AnnotationsValidator$AnnotatableValidator" externalInfoUrl="https://pmd.github.io/pmd/pmd_rules_java_codestyle.html#defaultpackage" priority="3">
Use explicit scoping instead of the default package private level
</violation>
<violation beginline="48" endline="49" begincolumn="9" endcolumn="62" rule="DefaultPackage" ruleset="Code Style" package="org.junit.validator" class="AnnotationsValidator$AnnotatableValidator" externalInfoUrl="https://pmd.github.io/pmd/pmd_rules_java_codestyle.html#defaultpackage" priority="3">
Use explicit scoping instead of the default package private level
</violation>
<violation beginline="52" endline="52" begincolumn="47" endcolumn="72" rule="UseDiamondOperator" ruleset="Code Style" package="org.junit.validator" class="AnnotationsValidator$AnnotatableValidator" method="validateTestClass" externalInfoUrl="https://pmd.github.io/pmd/pmd_rules_java_codestyle.html#usediamondoperator" priority="3">
Explicit type arguments can be replaced by Diamond Operator
</violation>
<violation beginline="61" endline="61" begincolumn="47" endcolumn="72" rule="UseDiamondOperator" ruleset="Code Style" package="org.junit.validator" class="AnnotationsValidator$AnnotatableValidator" method="validateAnnotatable" externalInfoUrl="https://pmd.github.io/pmd/pmd_rules_java_codestyle.html#usediamondoperator" priority="3">
Explicit type arguments can be replaced by Diamond Operator
</violation>
<violation beginline="80" endline="83" begincolumn="9" endcolumn="9" rule="DefaultPackage" ruleset="Code Style" package="org.junit.validator" class="AnnotationsValidator$ClassValidator" externalInfoUrl="https://pmd.github.io/pmd/pmd_rules_java_codestyle.html#defaultpackage" priority="3">
Use explicit scoping instead of the default package private level
</violation>
<violation beginline="85" endline="89" begincolumn="9" endcolumn="9" rule="DefaultPackage" ruleset="Code Style" package="org.junit.validator" class="AnnotationsValidator$ClassValidator" externalInfoUrl="https://pmd.github.io/pmd/pmd_rules_java_codestyle.html#defaultpackage" priority="3">
Use explicit scoping instead of the default package private level
</violation>
<violation beginline="94" endline="98" begincolumn="9" endcolumn="9" rule="DefaultPackage" ruleset="Code Style" package="org.junit.validator" class="AnnotationsValidator$MethodValidator" externalInfoUrl="https://pmd.github.io/pmd/pmd_rules_java_codestyle.html#defaultpackage" priority="3">
Use explicit scoping instead of the default package private level
</violation>
<violation beginline="100" endline="104" begincolumn="9" endcolumn="9" rule="DefaultPackage" ruleset="Code Style" package="org.junit.validator" class="AnnotationsValidator$MethodValidator" externalInfoUrl="https://pmd.github.io/pmd/pmd_rules_java_codestyle.html#defaultpackage" priority="3">
Use explicit scoping instead of the default package private level
</violation>
<violation beginline="109" endline="112" begincolumn="9" endcolumn="9" rule="DefaultPackage" ruleset="Code Style" package="org.junit.validator" class="AnnotationsValidator$FieldValidator" externalInfoUrl="https://pmd.github.io/pmd/pmd_rules_java_codestyle.html#defaultpackage" priority="3">
Use explicit scoping instead of the default package private level
</violation>
<violation beginline="114" endline="118" begincolumn="9" endcolumn="9" rule="DefaultPackage" ruleset="Code Style" package="org.junit.validator" class="AnnotationsValidator$FieldValidator" externalInfoUrl="https://pmd.github.io/pmd/pmd_rules_java_codestyle.html#defaultpackage" priority="3">
Use explicit scoping instead of the default package private level
</violation>
</file>
<file name="C:\Users\Deyan\Downloads\junit4-r4.13.2\src\test\java\junit\samples\AllTests.java">
<violation beginline="18" endline="18" begincolumn="37" endcolumn="65" rule="UnnecessaryFullyQualifiedName" ruleset="Code Style" package="junit.samples" class="AllTests" method="suite" externalInfoUrl="https://pmd.github.io/pmd/pmd_rules_java_codestyle.html#unnecessaryfullyqualifiedname" priority="4">
Unnecessary use of fully qualified name 'junit.samples.money.MoneyTest' due to existing same package import 'junit.samples.*'
</violation>
</file>
<file name="C:\Users\Deyan\Downloads\junit4-r4.13.2\src\test\java\junit\samples\ListTest.java">
<violation beginline="20" endline="20" begincolumn="21" endcolumn="44" rule="UseDiamondOperator" ruleset="Code Style" package="junit.samples" class="ListTest" method="setUp" externalInfoUrl="https://pmd.github.io/pmd/pmd_rules_java_codestyle.html#usediamondoperator" priority="3">
Explicit type arguments can be replaced by Diamond Operator
</violation>
<violation beginline="21" endline="21" begincolumn="20" endcolumn="43" rule="UseDiamondOperator" ruleset="Code Style" package="junit.samples" class="ListTest" method="setUp" externalInfoUrl="https://pmd.github.io/pmd/pmd_rules_java_codestyle.html#usediamondoperator" priority="3">
Explicit type arguments can be replaced by Diamond Operator
</violation>
<violation beginline="36" endline="36" begincolumn="9" endcolumn="18" rule="JUnitAssertionsShouldIncludeMessage" ruleset="Best Practices" package="junit.samples" class="ListTest" method="testCapacity" externalInfoUrl="https://pmd.github.io/pmd/pmd_rules_java_bestpractices.html#junitassertionsshouldincludemessage" priority="3">
JUnit assertions should include a message
</violation>
<violation beginline="36" endline="36" begincolumn="9" endcolumn="49" rule="UseAssertSameInsteadOfAssertTrue" ruleset="Best Practices" package="junit.samples" class="ListTest" method="testCapacity" externalInfoUrl="https://pmd.github.io/pmd/pmd_rules_java_bestpractices.html#useassertsameinsteadofasserttrue" priority="3">
Use assertSame(x, y) instead of assertTrue(x==y), or assertNotSame(x,y) vs assertFalse(x==y)
</violation>
<violation beginline="39" endline="42" begincolumn="12" endcolumn="5" rule="JUnitTestContainsTooManyAsserts" ruleset="Best Practices" package="junit.samples" class="ListTest" method="testContains" externalInfoUrl="https://pmd.github.io/pmd/pmd_rules_java_bestpractices.html#junittestcontainstoomanyasserts" priority="3">
Unit tests should not contain more than 1 assert(s).
</violation>
<violation beginline="40" endline="40" begincolumn="9" endcolumn="18" rule="JUnitAssertionsShouldIncludeMessage" ruleset="Best Practices" package="junit.samples" class="ListTest" method="testContains" externalInfoUrl="https://pmd.github.io/pmd/pmd_rules_java_bestpractices.html#junitassertionsshouldincludemessage" priority="3">
JUnit assertions should include a message
</violation>
<violation beginline="41" endline="41" begincolumn="9" endcolumn="19" rule="JUnitAssertionsShouldIncludeMessage" ruleset="Best Practices" package="junit.samples" class="ListTest" method="testContains" externalInfoUrl="https://pmd.github.io/pmd/pmd_rules_java_bestpractices.html#junitassertionsshouldincludemessage" priority="3">
JUnit assertions should include a message
</violation>
<violation beginline="46" endline="46" begincolumn="9" endcolumn="20" rule="JUnitAssertionsShouldIncludeMessage" ruleset="Best Practices" package="junit.samples" class="ListTest" method="testElementAt" externalInfoUrl="https://pmd.github.io/pmd/pmd_rules_java_bestpractices.html#junitassertionsshouldincludemessage" priority="3">
JUnit assertions should include a message
</violation>
<violation beginline="56" endline="61" begincolumn="12" endcolumn="5" rule="JUnitTestContainsTooManyAsserts" ruleset="Best Practices" package="junit.samples" class="ListTest" method="testRemoveAll" externalInfoUrl="https://pmd.github.io/pmd/pmd_rules_java_bestpractices.html#junittestcontainstoomanyasserts" priority="3">
Unit tests should not contain more than 1 assert(s).
</violation>
<violation beginline="59" endline="59" begincolumn="9" endcolumn="18" rule="JUnitAssertionsShouldIncludeMessage" ruleset="Best Practices" package="junit.samples" class="ListTest" method="testRemoveAll" externalInfoUrl="https://pmd.github.io/pmd/pmd_rules_java_bestpractices.html#junitassertionsshouldincludemessage" priority="3">
JUnit assertions should include a message
</violation>
<violation beginline="60" endline="60" begincolumn="9" endcolumn="18" rule="JUnitAssertionsShouldIncludeMessage" ruleset="Best Practices" package="junit.samples" class="ListTest" method="testRemoveAll" externalInfoUrl="https://pmd.github.io/pmd/pmd_rules_java_bestpractices.html#junitassertionsshouldincludemessage" priority="3">
JUnit assertions should include a message
</violation>
<violation beginline="65" endline="65" begincolumn="9" endcolumn="19" rule="JUnitAssertionsShouldIncludeMessage" ruleset="Best Practices" package="junit.samples" class="ListTest" method="testRemoveElement" externalInfoUrl="https://pmd.github.io/pmd/pmd_rules_java_bestpractices.html#junitassertionsshouldincludemessage" priority="3">
JUnit assertions should include a message
</violation>
</file>
<file name="C:\Users\Deyan\Downloads\junit4-r4.13.2\src\test\java\junit\samples\SimpleTest.java">
<violation beginline="49" endline="49" begincolumn="9" endcolumn="18" rule="JUnitAssertionsShouldIncludeMessage" ruleset="Best Practices" package="junit.samples" class="SimpleTest" method="testAdd" externalInfoUrl="https://pmd.github.io/pmd/pmd_rules_java_bestpractices.html#junitassertionsshouldincludemessage" priority="3">
JUnit assertions should include a message
</violation>
<violation beginline="49" endline="49" begincolumn="9" endcolumn="31" rule="UseAssertSameInsteadOfAssertTrue" ruleset="Best Practices" package="junit.samples" class="SimpleTest" method="testAdd" externalInfoUrl="https://pmd.github.io/pmd/pmd_rules_java_bestpractices.html#useassertsameinsteadofasserttrue" priority="3">
Use assertSame(x, y) instead of assertTrue(x==y), or assertNotSame(x,y) vs assertFalse(x==y)
</violation>
<violation beginline="52" endline="52" begincolumn="12" endcolumn="22" rule="FieldDeclarationsShouldBeAtStartOfClass" ruleset="Code Style" package="junit.samples" class="SimpleTest" variable="VariableDeclaratorId" externalInfoUrl="https://pmd.github.io/pmd/pmd_rules_java_codestyle.html#fielddeclarationsshouldbeatstartofclass" priority="3">
Fields should be declared at the top of the class, before any method declarations, constructors, initializers or inner classes.
</violation>
<violation beginline="54" endline="58" begincolumn="12" endcolumn="5" rule="JUnitTestsShouldIncludeAssert" ruleset="Best Practices" package="junit.samples" class="SimpleTest" method="testDivideByZero" externalInfoUrl="https://pmd.github.io/pmd/pmd_rules_java_bestpractices.html#junittestsshouldincludeassert" priority="3">
JUnit tests should include assert() or fail()
</violation>
<violation beginline="60" endline="67" begincolumn="12" endcolumn="5" rule="JUnitTestContainsTooManyAsserts" ruleset="Best Practices" package="junit.samples" class="SimpleTest" method="testEquals" externalInfoUrl="https://pmd.github.io/pmd/pmd_rules_java_bestpractices.html#junittestcontainstoomanyasserts" priority="3">
Unit tests should not contain more than 1 assert(s).
</violation>
<violation beginline="61" endline="61" begincolumn="9" endcolumn="20" rule="JUnitAssertionsShouldIncludeMessage" ruleset="Best Practices" package="junit.samples" class="SimpleTest" method="testEquals" externalInfoUrl="https://pmd.github.io/pmd/pmd_rules_java_bestpractices.html#junitassertionsshouldincludemessage" priority="3">
JUnit assertions should include a message
</violation>
<violation beginline="62" endline="62" begincolumn="9" endcolumn="20" rule="JUnitAssertionsShouldIncludeMessage" ruleset="Best Practices" package="junit.samples" class="SimpleTest" method="testEquals" externalInfoUrl="https://pmd.github.io/pmd/pmd_rules_java_bestpractices.html#junitassertionsshouldincludemessage" priority="3">
JUnit assertions should include a message
</violation>
<violation beginline="63" endline="63" begincolumn="9" endcolumn="20" rule="JUnitAssertionsShouldIncludeMessage" ruleset="Best Practices" package="junit.samples" class="SimpleTest" method="testEquals" externalInfoUrl="https://pmd.github.io/pmd/pmd_rules_java_bestpractices.html#junitassertionsshouldincludemessage" priority="3">
JUnit assertions should include a message
</violation>
</file>
<file name="C:\Users\Deyan\Downloads\junit4-r4.13.2\src\test\java\junit\samples\money\Money.java">
<violation beginline="8" endline="8" begincolumn="17" endcolumn="23" rule="ImmutableField" ruleset="Design" package="junit.samples.money" class="Money" variable="fAmount" externalInfoUrl="https://pmd.github.io/pmd/pmd_rules_java_design.html#immutablefield" priority="3">
Private field 'fAmount' could be made final; it is only initialized in the declaration or constructor.
</violation>
<violation beginline="9" endline="9" begincolumn="20" endcolumn="28" rule="ImmutableField" ruleset="Design" package="junit.samples.money" class="Money" variable="fCurrency" externalInfoUrl="https://pmd.github.io/pmd/pmd_rules_java_design.html#immutablefield" priority="3">
Private field 'fCurrency' could be made final; it is only initialized in the declaration or constructor.
</violation>
<violation beginline="48" endline="50" begincolumn="13" endcolumn="13" rule="CollapsibleIfStatements" ruleset="Design" package="junit.samples.money" class="Money" method="equals" externalInfoUrl="https://pmd.github.io/pmd/pmd_rules_java_design.html#collapsibleifstatements" priority="3">
These nested if statements could be combined
</violation>
</file>
<file name="C:\Users\Deyan\Downloads\junit4-r4.13.2\src\test\java\junit\samples\money\MoneyBag.java">
<violation beginline="18" endline="18" begincolumn="35" endcolumn="57" rule="UseDiamondOperator" ruleset="Code Style" package="junit.samples.money" class="MoneyBag" externalInfoUrl="https://pmd.github.io/pmd/pmd_rules_java_codestyle.html#usediamondoperator" priority="3">
Explicit type arguments can be replaced by Diamond Operator
</violation>
<violation beginline="18" endline="18" begincolumn="25" endcolumn="31" rule="ImmutableField" ruleset="Design" package="junit.samples.money" class="MoneyBag" variable="fMonies" externalInfoUrl="https://pmd.github.io/pmd/pmd_rules_java_design.html#immutablefield" priority="3">
Private field 'fMonies' could be made final; it is only initialized in the declaration or constructor.
</violation>
<violation beginline="39" endline="43" begincolumn="5" endcolumn="5" rule="DefaultPackage" ruleset="Code Style" package="junit.samples.money" class="MoneyBag" externalInfoUrl="https://pmd.github.io/pmd/pmd_rules_java_codestyle.html#defaultpackage" priority="3">
Use explicit scoping instead of the default package private level
</violation>
<violation beginline="45" endline="58" begincolumn="5" endcolumn="5" rule="DefaultPackage" ruleset="Code Style" package="junit.samples.money" class="MoneyBag" externalInfoUrl="https://pmd.github.io/pmd/pmd_rules_java_codestyle.html#defaultpackage" priority="3">
Use explicit scoping instead of the default package private level
</violation>
<violation beginline="46" endline="46" begincolumn="30" endcolumn="36" rule="ControlStatementBraces" ruleset="Code Style" package="junit.samples.money" class="MoneyBag" method="appendMoney" externalInfoUrl="https://pmd.github.io/pmd/pmd_rules_java_codestyle.html#controlstatementbraces" priority="3">
This statement should have braces
</violation>
<violation beginline="63" endline="65" begincolumn="13" endcolumn="13" rule="CollapsibleIfStatements" ruleset="Design" package="junit.samples.money" class="MoneyBag" method="equals" externalInfoUrl="https://pmd.github.io/pmd/pmd_rules_java_design.html#collapsibleifstatements" priority="3">
These nested if statements could be combined
</violation>
<violation beginline="95" endline="95" begincolumn="28" endcolumn="40" rule="ControlStatementBraces" ruleset="Code Style" package="junit.samples.money" class="MoneyBag" method="contains" externalInfoUrl="https://pmd.github.io/pmd/pmd_rules_java_codestyle.html#controlstatementbraces" priority="3">
This statement should have braces
</violation>
<violation beginline="109" endline="109" begincolumn="16" endcolumn="27" rule="UseCollectionIsEmpty" ruleset="Best Practices" package="junit.samples.money" class="MoneyBag" method="isZero" externalInfoUrl="https://pmd.github.io/pmd/pmd_rules_java_bestpractices.html#usecollectionisempty" priority="3">
Substitute calls to size() == 0 (or size() != 0, size() &gt; 0, size() &lt; 1) with calls to isEmpty()
</violation>
</file>
<file name="C:\Users\Deyan\Downloads\junit4-r4.13.2\src\test\java\junit\samples\money\MoneyTest.java">
<violation beginline="9" endline="9" begincolumn="13" endcolumn="25" rule="SingularField" ruleset="Design" package="junit.samples.money" class="MoneyTest" variable="VariableDeclaratorId" externalInfoUrl="https://pmd.github.io/pmd/pmd_rules_java_design.html#singularfield" priority="3">
Perhaps 'f21USD' could be replaced by a local variable.
</violation>
<violation beginline="20" endline="20" begincolumn="32" endcolumn="36" rule="AvoidDuplicateLiterals" ruleset="Error Prone" package="junit.samples.money" class="MoneyTest" method="setUp" externalInfoUrl="https://pmd.github.io/pmd/pmd_rules_java_errorprone.html#avoidduplicateliterals" priority="3">
The String literal "CHF" appears 22 times in this file; the first occurrence is on line 20
</violation>
<violation beginline="22" endline="22" begincolumn="30" endcolumn="34" rule="AvoidDuplicateLiterals" ruleset="Error Prone" package="junit.samples.money" class="MoneyTest" method="setUp" externalInfoUrl="https://pmd.github.io/pmd/pmd_rules_java_errorprone.html#avoidduplicateliterals" priority="3">
The String literal "USD" appears 16 times in this file; the first occurrence is on line 22
</violation>
<violation beginline="29" endline="35" begincolumn="12" endcolumn="5" rule="JUnitTestContainsTooManyAsserts" ruleset="Best Practices" package="junit.samples.money" class="MoneyTest" method="testBagMultiply" externalInfoUrl="https://pmd.github.io/pmd/pmd_rules_java_bestpractices.html#junittestcontainstoomanyasserts" priority="3">
Unit tests should not contain more than 1 assert(s).
</violation>
<violation beginline="32" endline="32" begincolumn="9" endcolumn="20" rule="JUnitAssertionsShouldIncludeMessage" ruleset="Best Practices" package="junit.samples.money" class="MoneyTest" method="testBagMultiply" externalInfoUrl="https://pmd.github.io/pmd/pmd_rules_java_bestpractices.html#junitassertionsshouldincludemessage" priority="3">
JUnit assertions should include a message
</violation>
<violation beginline="33" endline="33" begincolumn="9" endcolumn="20" rule="JUnitAssertionsShouldIncludeMessage" ruleset="Best Practices" package="junit.samples.money" class="MoneyTest" method="testBagMultiply" externalInfoUrl="https://pmd.github.io/pmd/pmd_rules_java_bestpractices.html#junitassertionsshouldincludemessage" priority="3">
JUnit assertions should include a message
</violation>
<violation beginline="34" endline="34" begincolumn="9" endcolumn="18" rule="JUnitAssertionsShouldIncludeMessage" ruleset="Best Practices" package="junit.samples.money" class="MoneyTest" method="testBagMultiply" externalInfoUrl="https://pmd.github.io/pmd/pmd_rules_java_bestpractices.html#junitassertionsshouldincludemessage" priority="3">
JUnit assertions should include a message
</violation>
<violation beginline="40" endline="40" begincolumn="9" endcolumn="20" rule="JUnitAssertionsShouldIncludeMessage" ruleset="Best Practices" package="junit.samples.money" class="MoneyTest" method="testBagNegate" externalInfoUrl="https://pmd.github.io/pmd/pmd_rules_java_bestpractices.html#junitassertionsshouldincludemessage" priority="3">
JUnit assertions should include a message
</violation>
<violation beginline="46" endline="46" begincolumn="9" endcolumn="20" rule="JUnitAssertionsShouldIncludeMessage" ruleset="Best Practices" package="junit.samples.money" class="MoneyTest" method="testBagSimpleAdd" externalInfoUrl="https://pmd.github.io/pmd/pmd_rules_java_bestpractices.html#junitassertionsshouldincludemessage" priority="3">
JUnit assertions should include a message
</violation>
<violation beginline="52" endline="52" begincolumn="9" endcolumn="20" rule="JUnitAssertionsShouldIncludeMessage" ruleset="Best Practices" package="junit.samples.money" class="MoneyTest" method="testBagSubtract" externalInfoUrl="https://pmd.github.io/pmd/pmd_rules_java_bestpractices.html#junitassertionsshouldincludemessage" priority="3">
JUnit assertions should include a message
</violation>
<violation beginline="58" endline="58" begincolumn="9" endcolumn="20" rule="JUnitAssertionsShouldIncludeMessage" ruleset="Best Practices" package="junit.samples.money" class="MoneyTest" method="testBagSumAdd" externalInfoUrl="https://pmd.github.io/pmd/pmd_rules_java_bestpractices.html#junitassertionsshouldincludemessage" priority="3">
JUnit assertions should include a message
</violation>
<violation beginline="61" endline="64" begincolumn="12" endcolumn="5" rule="JUnitTestContainsTooManyAsserts" ruleset="Best Practices" package="junit.samples.money" class="MoneyTest" method="testIsZero" externalInfoUrl="https://pmd.github.io/pmd/pmd_rules_java_bestpractices.html#junittestcontainstoomanyasserts" priority="3">
Unit tests should not contain more than 1 assert(s).
</violation>
<violation beginline="62" endline="62" begincolumn="9" endcolumn="18" rule="JUnitAssertionsShouldIncludeMessage" ruleset="Best Practices" package="junit.samples.money" class="MoneyTest" method="testIsZero" externalInfoUrl="https://pmd.github.io/pmd/pmd_rules_java_bestpractices.html#junitassertionsshouldincludemessage" priority="3">
JUnit assertions should include a message
</violation>
<violation beginline="63" endline="63" begincolumn="9" endcolumn="18" rule="JUnitAssertionsShouldIncludeMessage" ruleset="Best Practices" package="junit.samples.money" class="MoneyTest" method="testIsZero" externalInfoUrl="https://pmd.github.io/pmd/pmd_rules_java_bestpractices.html#junitassertionsshouldincludemessage" priority="3">
JUnit assertions should include a message
</violation>
<violation beginline="69" endline="69" begincolumn="9" endcolumn="20" rule="JUnitAssertionsShouldIncludeMessage" ruleset="Best Practices" package="junit.samples.money" class="MoneyTest" method="testMixedSimpleAdd" externalInfoUrl="https://pmd.github.io/pmd/pmd_rules_java_bestpractices.html#junitassertionsshouldincludemessage" priority="3">
JUnit assertions should include a message
</violation>
<violation beginline="74" endline="74" begincolumn="9" endcolumn="19" rule="JUnitAssertionsShouldIncludeMessage" ruleset="Best Practices" package="junit.samples.money" class="MoneyTest" method="testBagNotEquals" externalInfoUrl="https://pmd.github.io/pmd/pmd_rules_java_bestpractices.html#junitassertionsshouldincludemessage" priority="3">
JUnit assertions should include a message
</violation>
<violation beginline="77" endline="86" begincolumn="12" endcolumn="5" rule="JUnitTestContainsTooManyAsserts" ruleset="Best Practices" package="junit.samples.money" class="MoneyTest" method="testMoneyBagEquals" externalInfoUrl="https://pmd.github.io/pmd/pmd_rules_java_bestpractices.html#junittestcontainstoomanyasserts" priority="3">
Unit tests should not contain more than 1 assert(s).
</violation>
<violation beginline="78" endline="78" begincolumn="21" endcolumn="37" rule="EqualsNull" ruleset="Error Prone" package="junit.samples.money" class="MoneyTest" method="testMoneyBagEquals" externalInfoUrl="https://pmd.github.io/pmd/pmd_rules_java_errorprone.html#equalsnull" priority="1">
Avoid using equals() to compare against null
</violation>
<violation beginline="78" endline="78" begincolumn="9" endcolumn="18" rule="JUnitAssertionsShouldIncludeMessage" ruleset="Best Practices" package="junit.samples.money" class="MoneyTest" method="testMoneyBagEquals" externalInfoUrl="https://pmd.github.io/pmd/pmd_rules_java_bestpractices.html#junitassertionsshouldincludemessage" priority="3">
JUnit assertions should include a message
</violation>
<violation beginline="78" endline="78" begincolumn="9" endcolumn="38" rule="SimplifyBooleanAssertion" ruleset="Design" package="junit.samples.money" class="MoneyTest" method="testMoneyBagEquals" externalInfoUrl="https://pmd.github.io/pmd/pmd_rules_java_design.html#simplifybooleanassertion" priority="3">
assertTrue(!expr) can be replaced by assertFalse(expr)
</violation>
<violation beginline="80" endline="80" begincolumn="9" endcolumn="20" rule="JUnitAssertionsShouldIncludeMessage" ruleset="Best Practices" package="junit.samples.money" class="MoneyTest" method="testMoneyBagEquals" externalInfoUrl="https://pmd.github.io/pmd/pmd_rules_java_bestpractices.html#junitassertionsshouldincludemessage" priority="3">
JUnit assertions should include a message
</violation>
<violation beginline="82" endline="82" begincolumn="9" endcolumn="18" rule="JUnitAssertionsShouldIncludeMessage" ruleset="Best Practices" package="junit.samples.money" class="MoneyTest" method="testMoneyBagEquals" externalInfoUrl="https://pmd.github.io/pmd/pmd_rules_java_bestpractices.html#junitassertionsshouldincludemessage" priority="3">
JUnit assertions should include a message
</violation>
<violation beginline="82" endline="82" begincolumn="9" endcolumn="38" rule="UseAssertEqualsInsteadOfAssertTrue" ruleset="Best Practices" package="junit.samples.money" class="MoneyTest" method="testMoneyBagEquals" externalInfoUrl="https://pmd.github.io/pmd/pmd_rules_java_bestpractices.html#useassertequalsinsteadofasserttrue" priority="3">
Use assertEquals(x, y) instead of assertTrue(x.equals(y))
</violation>
<violation beginline="83" endline="83" begincolumn="9" endcolumn="18" rule="JUnitAssertionsShouldIncludeMessage" ruleset="Best Practices" package="junit.samples.money" class="MoneyTest" method="testMoneyBagEquals" externalInfoUrl="https://pmd.github.io/pmd/pmd_rules_java_bestpractices.html#junitassertionsshouldincludemessage" priority="3">
JUnit assertions should include a message
</violation>
<violation beginline="83" endline="83" begincolumn="9" endcolumn="40" rule="SimplifyBooleanAssertion" ruleset="Design" package="junit.samples.money" class="MoneyTest" method="testMoneyBagEquals" externalInfoUrl="https://pmd.github.io/pmd/pmd_rules_java_design.html#simplifybooleanassertion" priority="3">
assertTrue(!expr) can be replaced by assertFalse(expr)
</violation>
<violation beginline="84" endline="84" begincolumn="9" endcolumn="18" rule="JUnitAssertionsShouldIncludeMessage" ruleset="Best Practices" package="junit.samples.money" class="MoneyTest" method="testMoneyBagEquals" externalInfoUrl="https://pmd.github.io/pmd/pmd_rules_java_bestpractices.html#junitassertionsshouldincludemessage" priority="3">
JUnit assertions should include a message
</violation>
<violation beginline="84" endline="84" begincolumn="9" endcolumn="40" rule="SimplifyBooleanAssertion" ruleset="Design" package="junit.samples.money" class="MoneyTest" method="testMoneyBagEquals" externalInfoUrl="https://pmd.github.io/pmd/pmd_rules_java_design.html#simplifybooleanassertion" priority="3">
assertTrue(!expr) can be replaced by assertFalse(expr)
</violation>
<violation beginline="85" endline="85" begincolumn="9" endcolumn="18" rule="JUnitAssertionsShouldIncludeMessage" ruleset="Best Practices" package="junit.samples.money" class="MoneyTest" method="testMoneyBagEquals" externalInfoUrl="https://pmd.github.io/pmd/pmd_rules_java_bestpractices.html#junitassertionsshouldincludemessage" priority="3">
JUnit assertions should include a message
</violation>
<violation beginline="85" endline="85" begincolumn="9" endcolumn="38" rule="SimplifyBooleanAssertion" ruleset="Design" package="junit.samples.money" class="MoneyTest" method="testMoneyBagEquals" externalInfoUrl="https://pmd.github.io/pmd/pmd_rules_java_design.html#simplifybooleanassertion" priority="3">
assertTrue(!expr) can be replaced by assertFalse(expr)
</violation>
<violation beginline="90" endline="90" begincolumn="9" endcolumn="20" rule="JUnitAssertionsShouldIncludeMessage" ruleset="Best Practices" package="junit.samples.money" class="MoneyTest" method="testMoneyBagHash" externalInfoUrl="https://pmd.github.io/pmd/pmd_rules_java_bestpractices.html#junitassertionsshouldincludemessage" priority="3">
JUnit assertions should include a message
</violation>
<violation beginline="93" endline="100" begincolumn="12" endcolumn="5" rule="JUnitTestContainsTooManyAsserts" ruleset="Best Practices" package="junit.samples.money" class="MoneyTest" method="testMoneyEquals" externalInfoUrl="https://pmd.github.io/pmd/pmd_rules_java_bestpractices.html#junittestcontainstoomanyasserts" priority="3">
Unit tests should not contain more than 1 assert(s).
</violation>
<violation beginline="94" endline="94" begincolumn="21" endcolumn="39" rule="EqualsNull" ruleset="Error Prone" package="junit.samples.money" class="MoneyTest" method="testMoneyEquals" externalInfoUrl="https://pmd.github.io/pmd/pmd_rules_java_errorprone.html#equalsnull" priority="1">
Avoid using equals() to compare against null
</violation>
<violation beginline="94" endline="94" begincolumn="9" endcolumn="18" rule="JUnitAssertionsShouldIncludeMessage" ruleset="Best Practices" package="junit.samples.money" class="MoneyTest" method="testMoneyEquals" externalInfoUrl="https://pmd.github.io/pmd/pmd_rules_java_bestpractices.html#junitassertionsshouldincludemessage" priority="3">
JUnit assertions should include a message
</violation>
<violation beginline="94" endline="94" begincolumn="9" endcolumn="40" rule="SimplifyBooleanAssertion" ruleset="Design" package="junit.samples.money" class="MoneyTest" method="testMoneyEquals" externalInfoUrl="https://pmd.github.io/pmd/pmd_rules_java_design.html#simplifybooleanassertion" priority="3">
assertTrue(!expr) can be replaced by assertFalse(expr)
</violation>
<violation beginline="96" endline="96" begincolumn="9" endcolumn="20" rule="JUnitAssertionsShouldIncludeMessage" ruleset="Best Practices" package="junit.samples.money" class="MoneyTest" method="testMoneyEquals" externalInfoUrl="https://pmd.github.io/pmd/pmd_rules_java_bestpractices.html#junitassertionsshouldincludemessage" priority="3">
JUnit assertions should include a message
</violation>
<violation beginline="97" endline="97" begincolumn="9" endcolumn="20" rule="JUnitAssertionsShouldIncludeMessage" ruleset="Best Practices" package="junit.samples.money" class="MoneyTest" method="testMoneyEquals" externalInfoUrl="https://pmd.github.io/pmd/pmd_rules_java_bestpractices.html#junitassertionsshouldincludemessage" priority="3">
JUnit assertions should include a message
</violation>
<violation beginline="98" endline="98" begincolumn="9" endcolumn="20" rule="JUnitAssertionsShouldIncludeMessage" ruleset="Best Practices" package="junit.samples.money" class="MoneyTest" method="testMoneyEquals" externalInfoUrl="https://pmd.github.io/pmd/pmd_rules_java_bestpractices.html#junitassertionsshouldincludemessage" priority="3">
JUnit assertions should include a message
</violation>
<violation beginline="99" endline="99" begincolumn="9" endcolumn="18" rule="JUnitAssertionsShouldIncludeMessage" ruleset="Best Practices" package="junit.samples.money" class="MoneyTest" method="testMoneyEquals" externalInfoUrl="https://pmd.github.io/pmd/pmd_rules_java_bestpractices.html#junitassertionsshouldincludemessage" priority="3">
JUnit assertions should include a message
</violation>
<violation beginline="99" endline="99" begincolumn="9" endcolumn="42" rule="SimplifyBooleanAssertion" ruleset="Design" package="junit.samples.money" class="MoneyTest" method="testMoneyEquals" externalInfoUrl="https://pmd.github.io/pmd/pmd_rules_java_design.html#simplifybooleanassertion" priority="3">
assertTrue(!expr) can be replaced by assertFalse(expr)
</violation>
<violation beginline="102" endline="106" begincolumn="12" endcolumn="5" rule="JUnitTestContainsTooManyAsserts" ruleset="Best Practices" package="junit.samples.money" class="MoneyTest" method="testMoneyHash" externalInfoUrl="https://pmd.github.io/pmd/pmd_rules_java_bestpractices.html#junittestcontainstoomanyasserts" priority="3">
Unit tests should not contain more than 1 assert(s).
</violation>
<violation beginline="103" endline="103" begincolumn="21" endcolumn="39" rule="EqualsNull" ruleset="Error Prone" package="junit.samples.money" class="MoneyTest" method="testMoneyHash" externalInfoUrl="https://pmd.github.io/pmd/pmd_rules_java_errorprone.html#equalsnull" priority="1">
Avoid using equals() to compare against null
</violation>
<violation beginline="103" endline="103" begincolumn="9" endcolumn="18" rule="JUnitAssertionsShouldIncludeMessage" ruleset="Best Practices" package="junit.samples.money" class="MoneyTest" method="testMoneyHash" externalInfoUrl="https://pmd.github.io/pmd/pmd_rules_java_bestpractices.html#junitassertionsshouldincludemessage" priority="3">
JUnit assertions should include a message
</violation>
<violation beginline="103" endline="103" begincolumn="9" endcolumn="40" rule="SimplifyBooleanAssertion" ruleset="Design" package="junit.samples.money" class="MoneyTest" method="testMoneyHash" externalInfoUrl="https://pmd.github.io/pmd/pmd_rules_java_design.html#simplifybooleanassertion" priority="3">
assertTrue(!expr) can be replaced by assertFalse(expr)
</violation>
<violation beginline="105" endline="105" begincolumn="9" endcolumn="20" rule="JUnitAssertionsShouldIncludeMessage" ruleset="Best Practices" package="junit.samples.money" class="MoneyTest" method="testMoneyHash" externalInfoUrl="https://pmd.github.io/pmd/pmd_rules_java_bestpractices.html#junitassertionsshouldincludemessage" priority="3">
JUnit assertions should include a message
</violation>
<violation beginline="110" endline="110" begincolumn="9" endcolumn="20" rule="JUnitAssertionsShouldIncludeMessage" ruleset="Best Practices" package="junit.samples.money" class="MoneyTest" method="testSimplify" externalInfoUrl="https://pmd.github.io/pmd/pmd_rules_java_bestpractices.html#junitassertionsshouldincludemessage" priority="3">
JUnit assertions should include a message
</violation>
<violation beginline="116" endline="116" begincolumn="9" endcolumn="20" rule="JUnitAssertionsShouldIncludeMessage" ruleset="Best Practices" package="junit.samples.money" class="MoneyTest" method="testNormalize2" externalInfoUrl="https://pmd.github.io/pmd/pmd_rules_java_bestpractices.html#junitassertionsshouldincludemessage" priority="3">
JUnit assertions should include a message
</violation>
<violation beginline="123" endline="123" begincolumn="9" endcolumn="20" rule="JUnitAssertionsShouldIncludeMessage" ruleset="Best Practices" package="junit.samples.money" class="MoneyTest" method="testNormalize3" externalInfoUrl="https://pmd.github.io/pmd/pmd_rules_java_bestpractices.html#junitassertionsshouldincludemessage" priority="3">
JUnit assertions should include a message
</violation>
<violation beginline="130" endline="130" begincolumn="9" endcolumn="20" rule="JUnitAssertionsShouldIncludeMessage" ruleset="Best Practices" package="junit.samples.money" class="MoneyTest" method="testNormalize4" externalInfoUrl="https://pmd.github.io/pmd/pmd_rules_java_bestpractices.html#junitassertionsshouldincludemessage" priority="3">
JUnit assertions should include a message
</violation>
<violation beginline="134" endline="134" begincolumn="9" endcolumn="20" rule="JUnitAssertionsShouldIncludeMessage" ruleset="Best Practices" package="junit.samples.money" class="MoneyTest" method="testPrint" externalInfoUrl="https://pmd.github.io/pmd/pmd_rules_java_bestpractices.html#junitassertionsshouldincludemessage" priority="3">
JUnit assertions should include a message
</violation>
<violation beginline="140" endline="140" begincolumn="9" endcolumn="20" rule="JUnitAssertionsShouldIncludeMessage" ruleset="Best Practices" package="junit.samples.money" class="MoneyTest" method="testSimpleAdd" externalInfoUrl="https://pmd.github.io/pmd/pmd_rules_java_bestpractices.html#junitassertionsshouldincludemessage" priority="3">
JUnit assertions should include a message
</violation>
<violation beginline="146" endline="146" begincolumn="9" endcolumn="20" rule="JUnitAssertionsShouldIncludeMessage" ruleset="Best Practices" package="junit.samples.money" class="MoneyTest" method="testSimpleBagAdd" externalInfoUrl="https://pmd.github.io/pmd/pmd_rules_java_bestpractices.html#junitassertionsshouldincludemessage" priority="3">
JUnit assertions should include a message
</violation>
<violation beginline="152" endline="152" begincolumn="9" endcolumn="20" rule="JUnitAssertionsShouldIncludeMessage" ruleset="Best Practices" package="junit.samples.money" class="MoneyTest" method="testSimpleMultiply" externalInfoUrl="https://pmd.github.io/pmd/pmd_rules_java_bestpractices.html#junitassertionsshouldincludemessage" priority="3">
JUnit assertions should include a message
</violation>
<violation beginline="158" endline="158" begincolumn="9" endcolumn="20" rule="JUnitAssertionsShouldIncludeMessage" ruleset="Best Practices" package="junit.samples.money" class="MoneyTest" method="testSimpleNegate" externalInfoUrl="https://pmd.github.io/pmd/pmd_rules_java_bestpractices.html#junitassertionsshouldincludemessage" priority="3">
JUnit assertions should include a message
</violation>
<violation beginline="164" endline="164" begincolumn="9" endcolumn="20" rule="JUnitAssertionsShouldIncludeMessage" ruleset="Best Practices" package="junit.samples.money" class="MoneyTest" method="testSimpleSubtract" externalInfoUrl="https://pmd.github.io/pmd/pmd_rules_java_bestpractices.html#junitassertionsshouldincludemessage" priority="3">
JUnit assertions should include a message
</violation>
</file>
<file name="C:\Users\Deyan\Downloads\junit4-r4.13.2\src\test\java\junit\tests\AllTests.java">
<violation beginline="17" endline="17" begincolumn="23" endcolumn="58" rule="UnnecessaryFullyQualifiedName" ruleset="Code Style" package="junit.tests" class="AllTests" method="suite" externalInfoUrl="https://pmd.github.io/pmd/pmd_rules_java_codestyle.html#unnecessaryfullyqualifiedname" priority="4">
Unnecessary use of fully qualified name 'junit.tests.framework.AllTests.suite' due to existing same package import 'junit.tests.*'
</violation>
<violation beginline="18" endline="18" begincolumn="23" endcolumn="55" rule="UnnecessaryFullyQualifiedName" ruleset="Code Style" package="junit.tests" class="AllTests" method="suite" externalInfoUrl="https://pmd.github.io/pmd/pmd_rules_java_codestyle.html#unnecessaryfullyqualifiedname" priority="4">
Unnecessary use of fully qualified name 'junit.tests.runner.AllTests.suite' due to existing same package import 'junit.tests.*'
</violation>
<violation beginline="19" endline="19" begincolumn="23" endcolumn="59" rule="UnnecessaryFullyQualifiedName" ruleset="Code Style" package="junit.tests" class="AllTests" method="suite" externalInfoUrl="https://pmd.github.io/pmd/pmd_rules_java_codestyle.html#unnecessaryfullyqualifiedname" priority="4">
Unnecessary use of fully qualified name 'junit.tests.extensions.AllTests.suite' due to existing same package import 'junit.tests.*'
</violation>
</file>
<file name="C:\Users\Deyan\Downloads\junit4-r4.13.2\src\test\java\junit\tests\SampleJUnit3Tests.java">
<violation beginline="25" endline="26" begincolumn="40" endcolumn="9" rule="UncommentedEmptyMethodBody" ruleset="Documentation" package="junit.tests" class="SampleJUnit3Tests$TestWithThrowingSetUpMethod" method="testAlwaysPasses" externalInfoUrl="https://pmd.github.io/pmd/pmd_rules_java_documentation.html#uncommentedemptymethodbody" priority="3">
Document empty method body
</violation>
<violation beginline="42" endline="42" begincolumn="22" endcolumn="30" rule="AvoidCatchingGenericException" ruleset="Design" package="junit.tests" class="SampleJUnit3Tests$FakeClassUnderTest" method="doThrowExceptionWithCause" externalInfoUrl="https://pmd.github.io/pmd/pmd_rules_java_design.html#avoidcatchinggenericexception" priority="3">
Avoid catching generic exceptions such as NullPointerException, RuntimeException, Exception in try-catch block
</violation>
<violation beginline="43" endline="43" begincolumn="27" endcolumn="42" rule="AvoidThrowingRawExceptionTypes" ruleset="Design" package="junit.tests" class="SampleJUnit3Tests$FakeClassUnderTest" method="doThrowExceptionWithCause" externalInfoUrl="https://pmd.github.io/pmd/pmd_rules_java_design.html#avoidthrowingrawexceptiontypes" priority="1">
Avoid throwing raw exception types.
</violation>
<violation beginline="48" endline="48" begincolumn="23" endcolumn="38" rule="AvoidThrowingRawExceptionTypes" ruleset="Design" package="junit.tests" class="SampleJUnit3Tests$FakeClassUnderTest" method="doThrowExceptionWithoutCause" externalInfoUrl="https://pmd.github.io/pmd/pmd_rules_java_design.html#avoidthrowingrawexceptiontypes" priority="1">
Avoid throwing raw exception types.
</violation>
</file>
<file name="C:\Users\Deyan\Downloads\junit4-r4.13.2\src\test\java\junit\tests\WasRun.java">
<violation beginline="9" endline="16" begincolumn="8" endcolumn="1" rule="TestClassWithoutTestCases" ruleset="Error Prone" package="junit.tests" class="WasRun" externalInfoUrl="https://pmd.github.io/pmd/pmd_rules_java_errorprone.html#testclasswithouttestcases" priority="3">
This class name ends with Test but contains no test cases
</violation>
<violation beginline="10" endline="10" begincolumn="20" endcolumn="34" rule="RedundantFieldInitializer" ruleset="Performance" package="junit.tests" class="WasRun" variable="fWasRun" externalInfoUrl="https://pmd.github.io/pmd/pmd_rules_java_performance.html#redundantfieldinitializer" priority="3">
Avoid using redundant field initializer for 'fWasRun'
</violation>
</file>
<file name="C:\Users\Deyan\Downloads\junit4-r4.13.2\src\test\java\junit\tests\extensions\ActiveTestTest.java">
<violation beginline="16" endline="17" begincolumn="31" endcolumn="9" rule="UncommentedEmptyMethodBody" ruleset="Documentation" package="junit.tests.extensions" class="ActiveTestTest$SuccessTest" method="runTest" externalInfoUrl="https://pmd.github.io/pmd/pmd_rules_java_documentation.html#uncommentedemptymethodbody" priority="3">
Document empty method body
</violation>
<violation beginline="20" endline="27" begincolumn="12" endcolumn="5" rule="JUnitTestContainsTooManyAsserts" ruleset="Best Practices" package="junit.tests.extensions" class="ActiveTestTest" method="testActiveTest" externalInfoUrl="https://pmd.github.io/pmd/pmd_rules_java_bestpractices.html#junittestcontainstoomanyasserts" priority="3">
Unit tests should not contain more than 1 assert(s).
</violation>
<violation beginline="24" endline="24" begincolumn="9" endcolumn="20" rule="JUnitAssertionsShouldIncludeMessage" ruleset="Best Practices" package="junit.tests.extensions" class="ActiveTestTest" method="testActiveTest" externalInfoUrl="https://pmd.github.io/pmd/pmd_rules_java_bestpractices.html#junitassertionsshouldincludemessage" priority="3">
JUnit assertions should include a message
</violation>
<violation beginline="25" endline="25" begincolumn="9" endcolumn="20" rule="JUnitAssertionsShouldIncludeMessage" ruleset="Best Practices" package="junit.tests.extensions" class="ActiveTestTest" method="testActiveTest" externalInfoUrl="https://pmd.github.io/pmd/pmd_rules_java_bestpractices.html#junitassertionsshouldincludemessage" priority="3">
JUnit assertions should include a message
</violation>
<violation beginline="26" endline="26" begincolumn="9" endcolumn="20" rule="JUnitAssertionsShouldIncludeMessage" ruleset="Best Practices" package="junit.tests.extensions" class="ActiveTestTest" method="testActiveTest" externalInfoUrl="https://pmd.github.io/pmd/pmd_rules_java_bestpractices.html#junitassertionsshouldincludemessage" priority="3">
JUnit assertions should include a message
</violation>
<violation beginline="29" endline="36" begincolumn="12" endcolumn="5" rule="JUnitTestContainsTooManyAsserts" ruleset="Best Practices" package="junit.tests.extensions" class="ActiveTestTest" method="testActiveRepeatedTest" externalInfoUrl="https://pmd.github.io/pmd/pmd_rules_java_bestpractices.html#junittestcontainstoomanyasserts" priority="3">
Unit tests should not contain more than 1 assert(s).
</violation>
<violation beginline="33" endline="33" begincolumn="9" endcolumn="20" rule="JUnitAssertionsShouldIncludeMessage" ruleset="Best Practices" package="junit.tests.extensions" class="ActiveTestTest" method="testActiveRepeatedTest" externalInfoUrl="https://pmd.github.io/pmd/pmd_rules_java_bestpractices.html#junitassertionsshouldincludemessage" priority="3">
JUnit assertions should include a message
</violation>
<violation beginline="34" endline="34" begincolumn="9" endcolumn="20" rule="JUnitAssertionsShouldIncludeMessage" ruleset="Best Practices" package="junit.tests.extensions" class="ActiveTestTest" method="testActiveRepeatedTest" externalInfoUrl="https://pmd.github.io/pmd/pmd_rules_java_bestpractices.html#junitassertionsshouldincludemessage" priority="3">
JUnit assertions should include a message
</violation>
<violation beginline="35" endline="35" begincolumn="9" endcolumn="20" rule="JUnitAssertionsShouldIncludeMessage" ruleset="Best Practices" package="junit.tests.extensions" class="ActiveTestTest" method="testActiveRepeatedTest" externalInfoUrl="https://pmd.github.io/pmd/pmd_rules_java_bestpractices.html#junitassertionsshouldincludemessage" priority="3">
JUnit assertions should include a message
</violation>
<violation beginline="38" endline="45" begincolumn="12" endcolumn="5" rule="JUnitTestContainsTooManyAsserts" ruleset="Best Practices" package="junit.tests.extensions" class="ActiveTestTest" method="testActiveRepeatedTest0" externalInfoUrl="https://pmd.github.io/pmd/pmd_rules_java_bestpractices.html#junittestcontainstoomanyasserts" priority="3">
Unit tests should not contain more than 1 assert(s).
</violation>
<violation beginline="42" endline="42" begincolumn="9" endcolumn="20" rule="JUnitAssertionsShouldIncludeMessage" ruleset="Best Practices" package="junit.tests.extensions" class="ActiveTestTest" method="testActiveRepeatedTest0" externalInfoUrl="https://pmd.github.io/pmd/pmd_rules_java_bestpractices.html#junitassertionsshouldincludemessage" priority="3">
JUnit assertions should include a message
</violation>
<violation beginline="43" endline="43" begincolumn="9" endcolumn="20" rule="JUnitAssertionsShouldIncludeMessage" ruleset="Best Practices" package="junit.tests.extensions" class="ActiveTestTest" method="testActiveRepeatedTest0" externalInfoUrl="https://pmd.github.io/pmd/pmd_rules_java_bestpractices.html#junitassertionsshouldincludemessage" priority="3">
JUnit assertions should include a message
</violation>
<violation beginline="44" endline="44" begincolumn="9" endcolumn="20" rule="JUnitAssertionsShouldIncludeMessage" ruleset="Best Practices" package="junit.tests.extensions" class="ActiveTestTest" method="testActiveRepeatedTest0" externalInfoUrl="https://pmd.github.io/pmd/pmd_rules_java_bestpractices.html#junitassertionsshouldincludemessage" priority="3">
JUnit assertions should include a message
</violation>
<violation beginline="47" endline="54" begincolumn="12" endcolumn="5" rule="JUnitTestContainsTooManyAsserts" ruleset="Best Practices" package="junit.tests.extensions" class="ActiveTestTest" method="testActiveRepeatedTest1" externalInfoUrl="https://pmd.github.io/pmd/pmd_rules_java_bestpractices.html#junittestcontainstoomanyasserts" priority="3">
Unit tests should not contain more than 1 assert(s).
</violation>
<violation beginline="51" endline="51" begincolumn="9" endcolumn="20" rule="JUnitAssertionsShouldIncludeMessage" ruleset="Best Practices" package="junit.tests.extensions" class="ActiveTestTest" method="testActiveRepeatedTest1" externalInfoUrl="https://pmd.github.io/pmd/pmd_rules_java_bestpractices.html#junitassertionsshouldincludemessage" priority="3">
JUnit assertions should include a message
</violation>
<violation beginline="52" endline="52" begincolumn="9" endcolumn="20" rule="JUnitAssertionsShouldIncludeMessage" ruleset="Best Practices" package="junit.tests.extensions" class="ActiveTestTest" method="testActiveRepeatedTest1" externalInfoUrl="https://pmd.github.io/pmd/pmd_rules_java_bestpractices.html#junitassertionsshouldincludemessage" priority="3">
JUnit assertions should include a message
</violation>
<violation beginline="53" endline="53" begincolumn="9" endcolumn="20" rule="JUnitAssertionsShouldIncludeMessage" ruleset="Best Practices" package="junit.tests.extensions" class="ActiveTestTest" method="testActiveRepeatedTest1" externalInfoUrl="https://pmd.github.io/pmd/pmd_rules_java_bestpractices.html#junitassertionsshouldincludemessage" priority="3">
JUnit assertions should include a message
</violation>
<violation beginline="56" endline="62" begincolumn="5" endcolumn="5" rule="DefaultPackage" ruleset="Code Style" package="junit.tests.extensions" class="ActiveTestTest" externalInfoUrl="https://pmd.github.io/pmd/pmd_rules_java_codestyle.html#defaultpackage" priority="3">
Use explicit scoping instead of the default package private level
</violation>
</file>
<file name="C:\Users\Deyan\Downloads\junit4-r4.13.2\src\test\java\junit\tests\extensions\ExtensionTest.java">
<violation beginline="15" endline="15" begincolumn="17" endcolumn="33" rule="RedundantFieldInitializer" ruleset="Performance" package="junit.tests.extensions" class="ExtensionTest$TornDown" variable="fTornDown" externalInfoUrl="https://pmd.github.io/pmd/pmd_rules_java_performance.html#redundantfieldinitializer" priority="3">
Avoid using redundant field initializer for 'fTornDown'
</violation>
<violation beginline="15" endline="15" begincolumn="9" endcolumn="34" rule="DefaultPackage" ruleset="Code Style" package="junit.tests.extensions" class="ExtensionTest$TornDown" externalInfoUrl="https://pmd.github.io/pmd/pmd_rules_java_codestyle.html#defaultpackage" priority="3">
Use explicit scoping instead of the default package private level
</violation>
<violation beginline="31" endline="31" begincolumn="17" endcolumn="20" rule="JUnitAssertionsShouldIncludeMessage" ruleset="Best Practices" package="junit.tests.extensions" class="ExtensionTest" method="runTest" externalInfoUrl="https://pmd.github.io/pmd/pmd_rules_java_bestpractices.html#junitassertionsshouldincludemessage" priority="3">
JUnit assertions should include a message
</violation>
<violation beginline="39" endline="39" begincolumn="9" endcolumn="18" rule="JUnitAssertionsShouldIncludeMessage" ruleset="Best Practices" package="junit.tests.extensions" class="ExtensionTest" method="testRunningErrorInTestSetup" externalInfoUrl="https://pmd.github.io/pmd/pmd_rules_java_bestpractices.html#junitassertionsshouldincludemessage" priority="3">
JUnit assertions should include a message
</violation>
<violation beginline="39" endline="39" begincolumn="9" endcolumn="43" rule="SimplifyBooleanAssertion" ruleset="Design" package="junit.tests.extensions" class="ExtensionTest" method="testRunningErrorInTestSetup" externalInfoUrl="https://pmd.github.io/pmd/pmd_rules_java_design.html#simplifybooleanassertion" priority="3">
assertTrue(!expr) can be replaced by assertFalse(expr)
</violation>
<violation beginline="42" endline="68" begincolumn="12" endcolumn="5" rule="JUnitTestContainsTooManyAsserts" ruleset="Best Practices" package="junit.tests.extensions" class="ExtensionTest" method="testRunningErrorsInTestSetup" externalInfoUrl="https://pmd.github.io/pmd/pmd_rules_java_bestpractices.html#junittestcontainstoomanyasserts" priority="3">
Unit tests should not contain more than 1 assert(s).
</violation>
<violation beginline="46" endline="46" begincolumn="17" endcolumn="20" rule="JUnitAssertionsShouldIncludeMessage" ruleset="Best Practices" package="junit.tests.extensions" class="ExtensionTest" method="runTest" externalInfoUrl="https://pmd.github.io/pmd/pmd_rules_java_bestpractices.html#junitassertionsshouldincludemessage" priority="3">
JUnit assertions should include a message
</violation>
<violation beginline="53" endline="53" begincolumn="27" endcolumn="31" rule="AvoidThrowingRawExceptionTypes" ruleset="Design" package="junit.tests.extensions" class="ExtensionTest" method="runTest" externalInfoUrl="https://pmd.github.io/pmd/pmd_rules_java_design.html#avoidthrowingrawexceptiontypes" priority="1">
Avoid throwing raw exception types.
</violation>
<violation beginline="66" endline="66" begincolumn="9" endcolumn="20" rule="JUnitAssertionsShouldIncludeMessage" ruleset="Best Practices" package="junit.tests.extensions" class="ExtensionTest" method="testRunningErrorsInTestSetup" externalInfoUrl="https://pmd.github.io/pmd/pmd_rules_java_bestpractices.html#junitassertionsshouldincludemessage" priority="3">
JUnit assertions should include a message
</violation>
<violation beginline="67" endline="67" begincolumn="9" endcolumn="20" rule="JUnitAssertionsShouldIncludeMessage" ruleset="Best Practices" package="junit.tests.extensions" class="ExtensionTest" method="testRunningErrorsInTestSetup" externalInfoUrl="https://pmd.github.io/pmd/pmd_rules_java_bestpractices.html#junitassertionsshouldincludemessage" priority="3">
JUnit assertions should include a message
</violation>
<violation beginline="77" endline="77" begincolumn="17" endcolumn="20" rule="JUnitAssertionsShouldIncludeMessage" ruleset="Best Practices" package="junit.tests.extensions" class="ExtensionTest" method="setUp" externalInfoUrl="https://pmd.github.io/pmd/pmd_rules_java_bestpractices.html#junitassertionsshouldincludemessage" priority="3">
JUnit assertions should include a message
</violation>
<violation beginline="84" endline="84" begincolumn="9" endcolumn="18" rule="JUnitAssertionsShouldIncludeMessage" ruleset="Best Practices" package="junit.tests.extensions" class="ExtensionTest" method="testSetupErrorDontTearDown" externalInfoUrl="https://pmd.github.io/pmd/pmd_rules_java_bestpractices.html#junitassertionsshouldincludemessage" priority="3">
JUnit assertions should include a message
</violation>
<violation beginline="84" endline="84" begincolumn="9" endcolumn="38" rule="SimplifyBooleanAssertion" ruleset="Design" package="junit.tests.extensions" class="ExtensionTest" method="testSetupErrorDontTearDown" externalInfoUrl="https://pmd.github.io/pmd/pmd_rules_java_design.html#simplifybooleanassertion" priority="3">
assertTrue(!expr) can be replaced by assertFalse(expr)
</violation>
<violation beginline="84" endline="84" begincolumn="9" endcolumn="38" rule="UnnecessaryBooleanAssertion" ruleset="Error Prone" package="junit.tests.extensions" class="ExtensionTest" method="testSetupErrorDontTearDown" externalInfoUrl="https://pmd.github.io/pmd/pmd_rules_java_errorprone.html#unnecessarybooleanassertion" priority="3">
assertTrue(true) or similar statements are unnecessary
</violation>
<violation beginline="87" endline="103" begincolumn="12" endcolumn="5" rule="JUnitTestContainsTooManyAsserts" ruleset="Best Practices" package="junit.tests.extensions" class="ExtensionTest" method="testSetupErrorInTestSetup" externalInfoUrl="https://pmd.github.io/pmd/pmd_rules_java_bestpractices.html#junittestcontainstoomanyasserts" priority="3">
Unit tests should not contain more than 1 assert(s).
</violation>
<violation beginline="94" endline="94" begincolumn="17" endcolumn="20" rule="JUnitAssertionsShouldIncludeMessage" ruleset="Best Practices" package="junit.tests.extensions" class="ExtensionTest" method="setUp" externalInfoUrl="https://pmd.github.io/pmd/pmd_rules_java_bestpractices.html#junitassertionsshouldincludemessage" priority="3">
JUnit assertions should include a message
</violation>
<violation beginline="101" endline="101" begincolumn="9" endcolumn="18" rule="JUnitAssertionsShouldIncludeMessage" ruleset="Best Practices" package="junit.tests.extensions" class="ExtensionTest" method="testSetupErrorInTestSetup" externalInfoUrl="https://pmd.github.io/pmd/pmd_rules_java_bestpractices.html#junitassertionsshouldincludemessage" priority="3">
JUnit assertions should include a message
</violation>
<violation beginline="101" endline="101" begincolumn="9" endcolumn="33" rule="SimplifyBooleanAssertion" ruleset="Design" package="junit.tests.extensions" class="ExtensionTest" method="testSetupErrorInTestSetup" externalInfoUrl="https://pmd.github.io/pmd/pmd_rules_java_design.html#simplifybooleanassertion" priority="3">
assertTrue(!expr) can be replaced by assertFalse(expr)
</violation>
<violation beginline="101" endline="101" begincolumn="9" endcolumn="33" rule="UnnecessaryBooleanAssertion" ruleset="Error Prone" package="junit.tests.extensions" class="ExtensionTest" method="testSetupErrorInTestSetup" externalInfoUrl="https://pmd.github.io/pmd/pmd_rules_java_errorprone.html#unnecessarybooleanassertion" priority="3">
assertTrue(true) or similar statements are unnecessary
</violation>
<violation beginline="102" endline="102" begincolumn="9" endcolumn="18" rule="JUnitAssertionsShouldIncludeMessage" ruleset="Best Practices" package="junit.tests.extensions" class="ExtensionTest" method="testSetupErrorInTestSetup" externalInfoUrl="https://pmd.github.io/pmd/pmd_rules_java_bestpractices.html#junitassertionsshouldincludemessage" priority="3">
JUnit assertions should include a message
</violation>
<violation beginline="102" endline="102" begincolumn="9" endcolumn="43" rule="SimplifyBooleanAssertion" ruleset="Design" package="junit.tests.extensions" class="ExtensionTest" method="testSetupErrorInTestSetup" externalInfoUrl="https://pmd.github.io/pmd/pmd_rules_java_design.html#simplifybooleanassertion" priority="3">
assertTrue(!expr) can be replaced by assertFalse(expr)
</violation>
</file>
<file name="C:\Users\Deyan\Downloads\junit4-r4.13.2\src\test\java\junit\tests\extensions\RepeatedTestTest.java">
<violation beginline="13" endline="13" begincolumn="23" endcolumn="28" rule="ImmutableField" ruleset="Design" package="junit.tests.extensions" class="RepeatedTestTest" variable="fSuite" externalInfoUrl="https://pmd.github.io/pmd/pmd_rules_java_design.html#immutablefield" priority="3">
Private field 'fSuite' could be made final; it is only initialized in the declaration or constructor.
</violation>
<violation beginline="18" endline="19" begincolumn="31" endcolumn="9" rule="UncommentedEmptyMethodBody" ruleset="Documentation" package="junit.tests.extensions" class="RepeatedTestTest$SuccessTest" method="runTest" externalInfoUrl="https://pmd.github.io/pmd/pmd_rules_java_documentation.html#uncommentedemptymethodbody" priority="3">
Document empty method body
</violation>
<violation beginline="29" endline="35" begincolumn="12" endcolumn="5" rule="JUnitTestContainsTooManyAsserts" ruleset="Best Practices" package="junit.tests.extensions" class="RepeatedTestTest" method="testRepeatedOnce" externalInfoUrl="https://pmd.github.io/pmd/pmd_rules_java_bestpractices.html#junittestcontainstoomanyasserts" priority="3">
Unit tests should not contain more than 1 assert(s).
</violation>
<violation beginline="31" endline="31" begincolumn="9" endcolumn="20" rule="JUnitAssertionsShouldIncludeMessage" ruleset="Best Practices" package="junit.tests.extensions" class="RepeatedTestTest" method="testRepeatedOnce" externalInfoUrl="https://pmd.github.io/pmd/pmd_rules_java_bestpractices.html#junitassertionsshouldincludemessage" priority="3">
JUnit assertions should include a message
</violation>
<violation beginline="34" endline="34" begincolumn="9" endcolumn="20" rule="JUnitAssertionsShouldIncludeMessage" ruleset="Best Practices" package="junit.tests.extensions" class="RepeatedTestTest" method="testRepeatedOnce" externalInfoUrl="https://pmd.github.io/pmd/pmd_rules_java_bestpractices.html#junitassertionsshouldincludemessage" priority="3">
JUnit assertions should include a message
</violation>
<violation beginline="37" endline="43" begincolumn="12" endcolumn="5" rule="JUnitTestContainsTooManyAsserts" ruleset="Best Practices" package="junit.tests.extensions" class="RepeatedTestTest" method="testRepeatedMoreThanOnce" externalInfoUrl="https://pmd.github.io/pmd/pmd_rules_java_bestpractices.html#junittestcontainstoomanyasserts" priority="3">
Unit tests should not contain more than 1 assert(s).
</violation>
<violation beginline="39" endline="39" begincolumn="9" endcolumn="20" rule="JUnitAssertionsShouldIncludeMessage" ruleset="Best Practices" package="junit.tests.extensions" class="RepeatedTestTest" method="testRepeatedMoreThanOnce" externalInfoUrl="https://pmd.github.io/pmd/pmd_rules_java_bestpractices.html#junitassertionsshouldincludemessage" priority="3">
JUnit assertions should include a message
</violation>
<violation beginline="42" endline="42" begincolumn="9" endcolumn="20" rule="JUnitAssertionsShouldIncludeMessage" ruleset="Best Practices" package="junit.tests.extensions" class="RepeatedTestTest" method="testRepeatedMoreThanOnce" externalInfoUrl="https://pmd.github.io/pmd/pmd_rules_java_bestpractices.html#junitassertionsshouldincludemessage" priority="3">
JUnit assertions should include a message
</violation>
<violation beginline="45" endline="51" begincolumn="12" endcolumn="5" rule="JUnitTestContainsTooManyAsserts" ruleset="Best Practices" package="junit.tests.extensions" class="RepeatedTestTest" method="testRepeatedZero" externalInfoUrl="https://pmd.github.io/pmd/pmd_rules_java_bestpractices.html#junittestcontainstoomanyasserts" priority="3">
Unit tests should not contain more than 1 assert(s).
</violation>
<violation beginline="47" endline="47" begincolumn="9" endcolumn="20" rule="JUnitAssertionsShouldIncludeMessage" ruleset="Best Practices" package="junit.tests.extensions" class="RepeatedTestTest" method="testRepeatedZero" externalInfoUrl="https://pmd.github.io/pmd/pmd_rules_java_bestpractices.html#junitassertionsshouldincludemessage" priority="3">
JUnit assertions should include a message
</violation>
<violation beginline="50" endline="50" begincolumn="9" endcolumn="20" rule="JUnitAssertionsShouldIncludeMessage" ruleset="Best Practices" package="junit.tests.extensions" class="RepeatedTestTest" method="testRepeatedZero" externalInfoUrl="https://pmd.github.io/pmd/pmd_rules_java_bestpractices.html#junitassertionsshouldincludemessage" priority="3">
JUnit assertions should include a message
</violation>
<violation beginline="57" endline="57" begincolumn="13" endcolumn="22" rule="JUnitAssertionsShouldIncludeMessage" ruleset="Best Practices" package="junit.tests.extensions" class="RepeatedTestTest" method="testRepeatedNegative" externalInfoUrl="https://pmd.github.io/pmd/pmd_rules_java_bestpractices.html#junitassertionsshouldincludemessage" priority="3">
JUnit assertions should include a message
</violation>
</file>
<file name="C:\Users\Deyan\Downloads\junit4-r4.13.2\src\test\java\junit\tests\framework\AssertTest.java">
<violation beginline="22" endline="22" begincolumn="13" endcolumn="16" rule="JUnitAssertionsShouldIncludeMessage" ruleset="Best Practices" package="junit.tests.framework" class="AssertTest" method="testFail" externalInfoUrl="https://pmd.github.io/pmd/pmd_rules_java_bestpractices.html#junitassertionsshouldincludemessage" priority="3">
JUnit assertions should include a message
</violation>
<violation beginline="33" endline="33" begincolumn="13" endcolumn="16" rule="JUnitAssertionsShouldIncludeMessage" ruleset="Best Practices" package="junit.tests.framework" class="AssertTest" method="testAssertionFailedErrorToStringWithNoMessage" externalInfoUrl="https://pmd.github.io/pmd/pmd_rules_java_bestpractices.html#junitassertionsshouldincludemessage" priority="3">
JUnit assertions should include a message
</violation>
<violation beginline="35" endline="35" begincolumn="13" endcolumn="24" rule="JUnitAssertionsShouldIncludeMessage" ruleset="Best Practices" package="junit.tests.framework" class="AssertTest" method="testAssertionFailedErrorToStringWithNoMessage" externalInfoUrl="https://pmd.github.io/pmd/pmd_rules_java_bestpractices.html#junitassertionsshouldincludemessage" priority="3">
JUnit assertions should include a message
</violation>
<violation beginline="47" endline="47" begincolumn="13" endcolumn="24" rule="JUnitAssertionsShouldIncludeMessage" ruleset="Best Practices" package="junit.tests.framework" class="AssertTest" method="testAssertionFailedErrorToStringWithMessage" externalInfoUrl="https://pmd.github.io/pmd/pmd_rules_java_bestpractices.html#junitassertionsshouldincludemessage" priority="3">
JUnit assertions should include a message
</violation>
<violation beginline="53" endline="62" begincolumn="12" endcolumn="5" rule="JUnitTestContainsTooManyAsserts" ruleset="Best Practices" package="junit.tests.framework" class="AssertTest" method="testAssertEquals" externalInfoUrl="https://pmd.github.io/pmd/pmd_rules_java_bestpractices.html#junittestcontainstoomanyasserts" priority="3">
Unit tests should not contain more than 1 assert(s).
</violation>
<violation beginline="55" endline="55" begincolumn="9" endcolumn="20" rule="JUnitAssertionsShouldIncludeMessage" ruleset="Best Practices" package="junit.tests.framework" class="AssertTest" method="testAssertEquals" externalInfoUrl="https://pmd.github.io/pmd/pmd_rules_java_bestpractices.html#junitassertionsshouldincludemessage" priority="3">
JUnit assertions should include a message
</violation>
<violation beginline="57" endline="57" begincolumn="13" endcolumn="24" rule="JUnitAssertionsShouldIncludeMessage" ruleset="Best Practices" package="junit.tests.framework" class="AssertTest" method="testAssertEquals" externalInfoUrl="https://pmd.github.io/pmd/pmd_rules_java_bestpractices.html#junitassertionsshouldincludemessage" priority="3">
JUnit assertions should include a message
</violation>
<violation beginline="61" endline="61" begincolumn="9" endcolumn="12" rule="JUnitAssertionsShouldIncludeMessage" ruleset="Best Practices" package="junit.tests.framework" class="AssertTest" method="testAssertEquals" externalInfoUrl="https://pmd.github.io/pmd/pmd_rules_java_bestpractices.html#junitassertionsshouldincludemessage" priority="3">
JUnit assertions should include a message
</violation>
<violation beginline="65" endline="65" begincolumn="9" endcolumn="20" rule="JUnitAssertionsShouldIncludeMessage" ruleset="Best Practices" package="junit.tests.framework" class="AssertTest" method="testAssertEqualsNull" externalInfoUrl="https://pmd.github.io/pmd/pmd_rules_java_bestpractices.html#junitassertionsshouldincludemessage" priority="3">
JUnit assertions should include a message
</violation>
<violation beginline="69" endline="69" begincolumn="9" endcolumn="20" rule="JUnitAssertionsShouldIncludeMessage" ruleset="Best Practices" package="junit.tests.framework" class="AssertTest" method="testAssertStringEquals" externalInfoUrl="https://pmd.github.io/pmd/pmd_rules_java_bestpractices.html#junitassertionsshouldincludemessage" priority="3">
JUnit assertions should include a message
</violation>
<violation beginline="74" endline="74" begincolumn="13" endcolumn="24" rule="JUnitAssertionsShouldIncludeMessage" ruleset="Best Practices" package="junit.tests.framework" class="AssertTest" method="testAssertNullNotEqualsString" externalInfoUrl="https://pmd.github.io/pmd/pmd_rules_java_bestpractices.html#junitassertionsshouldincludemessage" priority="3">
JUnit assertions should include a message
</violation>
<violation beginline="75" endline="75" begincolumn="13" endcolumn="16" rule="JUnitAssertionsShouldIncludeMessage" ruleset="Best Practices" package="junit.tests.framework" class="AssertTest" method="testAssertNullNotEqualsString" externalInfoUrl="https://pmd.github.io/pmd/pmd_rules_java_bestpractices.html#junitassertionsshouldincludemessage" priority="3">
JUnit assertions should include a message
</violation>
<violation beginline="76" endline="77" begincolumn="11" endcolumn="9" rule="EmptyCatchBlock" ruleset="Error Prone" package="junit.tests.framework" class="AssertTest" method="testAssertNullNotEqualsString" externalInfoUrl="https://pmd.github.io/pmd/pmd_rules_java_errorprone.html#emptycatchblock" priority="3">
Avoid empty catch blocks
</violation>
<violation beginline="82" endline="82" begincolumn="13" endcolumn="24" rule="JUnitAssertionsShouldIncludeMessage" ruleset="Best Practices" package="junit.tests.framework" class="AssertTest" method="testAssertStringNotEqualsNull" externalInfoUrl="https://pmd.github.io/pmd/pmd_rules_java_bestpractices.html#junitassertionsshouldincludemessage" priority="3">
JUnit assertions should include a message
</violation>
<violation beginline="83" endline="83" begincolumn="13" endcolumn="16" rule="JUnitAssertionsShouldIncludeMessage" ruleset="Best Practices" package="junit.tests.framework" class="AssertTest" method="testAssertStringNotEqualsNull" externalInfoUrl="https://pmd.github.io/pmd/pmd_rules_java_bestpractices.html#junitassertionsshouldincludemessage" priority="3">
JUnit assertions should include a message
</violation>
<violation beginline="85" endline="85" begincolumn="13" endcolumn="24" rule="AvoidLosingExceptionInformation" ruleset="Error Prone" package="junit.tests.framework" class="AssertTest" method="testAssertStringNotEqualsNull" externalInfoUrl="https://pmd.github.io/pmd/pmd_rules_java_errorprone.html#avoidlosingexceptioninformation" priority="2">
Avoid statements in a catch block that invoke accessors on the exception without using the information
</violation>
<violation beginline="91" endline="91" begincolumn="13" endcolumn="24" rule="JUnitAssertionsShouldIncludeMessage" ruleset="Best Practices" package="junit.tests.framework" class="AssertTest" method="testAssertNullNotEqualsNull" externalInfoUrl="https://pmd.github.io/pmd/pmd_rules_java_bestpractices.html#junitassertionsshouldincludemessage" priority="3">
JUnit assertions should include a message
</violation>
<violation beginline="93" endline="93" begincolumn="13" endcolumn="24" rule="AvoidLosingExceptionInformation" ruleset="Error Prone" package="junit.tests.framework" class="AssertTest" method="testAssertNullNotEqualsNull" externalInfoUrl="https://pmd.github.io/pmd/pmd_rules_java_errorprone.html#avoidlosingexceptioninformation" priority="2">
Avoid statements in a catch block that invoke accessors on the exception without using the information
</violation>
<violation beginline="96" endline="96" begincolumn="9" endcolumn="12" rule="JUnitAssertionsShouldIncludeMessage" ruleset="Best Practices" package="junit.tests.framework" class="AssertTest" method="testAssertNullNotEqualsNull" externalInfoUrl="https://pmd.github.io/pmd/pmd_rules_java_bestpractices.html#junitassertionsshouldincludemessage" priority="3">
JUnit assertions should include a message
</violation>
<violation beginline="99" endline="107" begincolumn="12" endcolumn="5" rule="JUnitTestContainsTooManyAsserts" ruleset="Best Practices" package="junit.tests.framework" class="AssertTest" method="testAssertNull" externalInfoUrl="https://pmd.github.io/pmd/pmd_rules_java_bestpractices.html#junittestcontainstoomanyasserts" priority="3">
Unit tests should not contain more than 1 assert(s).
</violation>
<violation beginline="100" endline="100" begincolumn="9" endcolumn="18" rule="JUnitAssertionsShouldIncludeMessage" ruleset="Best Practices" package="junit.tests.framework" class="AssertTest" method="testAssertNull" externalInfoUrl="https://pmd.github.io/pmd/pmd_rules_java_bestpractices.html#junitassertionsshouldincludemessage" priority="3">
JUnit assertions should include a message
</violation>
<violation beginline="102" endline="102" begincolumn="13" endcolumn="22" rule="JUnitAssertionsShouldIncludeMessage" ruleset="Best Practices" package="junit.tests.framework" class="AssertTest" method="testAssertNull" externalInfoUrl="https://pmd.github.io/pmd/pmd_rules_java_bestpractices.html#junitassertionsshouldincludemessage" priority="3">
JUnit assertions should include a message
</violation>
<violation beginline="106" endline="106" begincolumn="9" endcolumn="12" rule="JUnitAssertionsShouldIncludeMessage" ruleset="Best Practices" package="junit.tests.framework" class="AssertTest" method="testAssertNull" externalInfoUrl="https://pmd.github.io/pmd/pmd_rules_java_bestpractices.html#junitassertionsshouldincludemessage" priority="3">
JUnit assertions should include a message
</violation>
<violation beginline="109" endline="117" begincolumn="12" endcolumn="5" rule="JUnitTestContainsTooManyAsserts" ruleset="Best Practices" package="junit.tests.framework" class="AssertTest" method="testAssertNotNull" externalInfoUrl="https://pmd.github.io/pmd/pmd_rules_java_bestpractices.html#junittestcontainstoomanyasserts" priority="3">
Unit tests should not contain more than 1 assert(s).
</violation>
<violation beginline="110" endline="110" begincolumn="9" endcolumn="21" rule="JUnitAssertionsShouldIncludeMessage" ruleset="Best Practices" package="junit.tests.framework" class="AssertTest" method="testAssertNotNull" externalInfoUrl="https://pmd.github.io/pmd/pmd_rules_java_bestpractices.html#junitassertionsshouldincludemessage" priority="3">
JUnit assertions should include a message
</violation>
<violation beginline="112" endline="112" begincolumn="13" endcolumn="25" rule="JUnitAssertionsShouldIncludeMessage" ruleset="Best Practices" package="junit.tests.framework" class="AssertTest" method="testAssertNotNull" externalInfoUrl="https://pmd.github.io/pmd/pmd_rules_java_bestpractices.html#junitassertionsshouldincludemessage" priority="3">
JUnit assertions should include a message
</violation>
<violation beginline="116" endline="116" begincolumn="9" endcolumn="12" rule="JUnitAssertionsShouldIncludeMessage" ruleset="Best Practices" package="junit.tests.framework" class="AssertTest" method="testAssertNotNull" externalInfoUrl="https://pmd.github.io/pmd/pmd_rules_java_bestpractices.html#junitassertionsshouldincludemessage" priority="3">
JUnit assertions should include a message
</violation>
<violation beginline="119" endline="127" begincolumn="12" endcolumn="5" rule="JUnitTestContainsTooManyAsserts" ruleset="Best Practices" package="junit.tests.framework" class="AssertTest" method="testAssertTrue" externalInfoUrl="https://pmd.github.io/pmd/pmd_rules_java_bestpractices.html#junittestcontainstoomanyasserts" priority="3">
Unit tests should not contain more than 1 assert(s).
</violation>
<violation beginline="120" endline="120" begincolumn="9" endcolumn="18" rule="JUnitAssertionsShouldIncludeMessage" ruleset="Best Practices" package="junit.tests.framework" class="AssertTest" method="testAssertTrue" externalInfoUrl="https://pmd.github.io/pmd/pmd_rules_java_bestpractices.html#junitassertionsshouldincludemessage" priority="3">
JUnit assertions should include a message
</violation>
<violation beginline="120" endline="120" begincolumn="9" endcolumn="24" rule="UnnecessaryBooleanAssertion" ruleset="Error Prone" package="junit.tests.framework" class="AssertTest" method="testAssertTrue" externalInfoUrl="https://pmd.github.io/pmd/pmd_rules_java_errorprone.html#unnecessarybooleanassertion" priority="3">
assertTrue(true) or similar statements are unnecessary
</violation>
<violation beginline="122" endline="122" begincolumn="13" endcolumn="22" rule="JUnitAssertionsShouldIncludeMessage" ruleset="Best Practices" package="junit.tests.framework" class="AssertTest" method="testAssertTrue" externalInfoUrl="https://pmd.github.io/pmd/pmd_rules_java_bestpractices.html#junitassertionsshouldincludemessage" priority="3">
JUnit assertions should include a message
</violation>
<violation beginline="122" endline="122" begincolumn="13" endcolumn="29" rule="UnnecessaryBooleanAssertion" ruleset="Error Prone" package="junit.tests.framework" class="AssertTest" method="testAssertTrue" externalInfoUrl="https://pmd.github.io/pmd/pmd_rules_java_errorprone.html#unnecessarybooleanassertion" priority="3">
assertTrue(true) or similar statements are unnecessary
</violation>
<violation beginline="126" endline="126" begincolumn="9" endcolumn="12" rule="JUnitAssertionsShouldIncludeMessage" ruleset="Best Practices" package="junit.tests.framework" class="AssertTest" method="testAssertTrue" externalInfoUrl="https://pmd.github.io/pmd/pmd_rules_java_bestpractices.html#junitassertionsshouldincludemessage" priority="3">
JUnit assertions should include a message
</violation>
<violation beginline="129" endline="137" begincolumn="12" endcolumn="5" rule="JUnitTestContainsTooManyAsserts" ruleset="Best Practices" package="junit.tests.framework" class="AssertTest" method="testAssertFalse" externalInfoUrl="https://pmd.github.io/pmd/pmd_rules_java_bestpractices.html#junittestcontainstoomanyasserts" priority="3">
Unit tests should not contain more than 1 assert(s).
</violation>
<violation beginline="130" endline="130" begincolumn="9" endcolumn="19" rule="JUnitAssertionsShouldIncludeMessage" ruleset="Best Practices" package="junit.tests.framework" class="AssertTest" method="testAssertFalse" externalInfoUrl="https://pmd.github.io/pmd/pmd_rules_java_bestpractices.html#junitassertionsshouldincludemessage" priority="3">
JUnit assertions should include a message
</violation>
<violation beginline="130" endline="130" begincolumn="9" endcolumn="26" rule="UnnecessaryBooleanAssertion" ruleset="Error Prone" package="junit.tests.framework" class="AssertTest" method="testAssertFalse" externalInfoUrl="https://pmd.github.io/pmd/pmd_rules_java_errorprone.html#unnecessarybooleanassertion" priority="3">
assertTrue(true) or similar statements are unnecessary
</violation>
<violation beginline="132" endline="132" begincolumn="13" endcolumn="23" rule="JUnitAssertionsShouldIncludeMessage" ruleset="Best Practices" package="junit.tests.framework" class="AssertTest" method="testAssertFalse" externalInfoUrl="https://pmd.github.io/pmd/pmd_rules_java_bestpractices.html#junitassertionsshouldincludemessage" priority="3">
JUnit assertions should include a message
</violation>
<violation beginline="132" endline="132" begincolumn="13" endcolumn="29" rule="UnnecessaryBooleanAssertion" ruleset="Error Prone" package="junit.tests.framework" class="AssertTest" method="testAssertFalse" externalInfoUrl="https://pmd.github.io/pmd/pmd_rules_java_errorprone.html#unnecessarybooleanassertion" priority="3">
assertTrue(true) or similar statements are unnecessary
</violation>
<violation beginline="136" endline="136" begincolumn="9" endcolumn="12" rule="JUnitAssertionsShouldIncludeMessage" ruleset="Best Practices" package="junit.tests.framework" class="AssertTest" method="testAssertFalse" externalInfoUrl="https://pmd.github.io/pmd/pmd_rules_java_bestpractices.html#junitassertionsshouldincludemessage" priority="3">
JUnit assertions should include a message
</violation>
<violation beginline="139" endline="148" begincolumn="12" endcolumn="5" rule="JUnitTestContainsTooManyAsserts" ruleset="Best Practices" package="junit.tests.framework" class="AssertTest" method="testAssertSame" externalInfoUrl="https://pmd.github.io/pmd/pmd_rules_java_bestpractices.html#junittestcontainstoomanyasserts" priority="3">
Unit tests should not contain more than 1 assert(s).
</violation>
<violation beginline="141" endline="141" begincolumn="9" endcolumn="18" rule="JUnitAssertionsShouldIncludeMessage" ruleset="Best Practices" package="junit.tests.framework" class="AssertTest" method="testAssertSame" externalInfoUrl="https://pmd.github.io/pmd/pmd_rules_java_bestpractices.html#junitassertionsshouldincludemessage" priority="3">
JUnit assertions should include a message
</violation>
<violation beginline="143" endline="143" begincolumn="13" endcolumn="22" rule="JUnitAssertionsShouldIncludeMessage" ruleset="Best Practices" package="junit.tests.framework" class="AssertTest" method="testAssertSame" externalInfoUrl="https://pmd.github.io/pmd/pmd_rules_java_bestpractices.html#junitassertionsshouldincludemessage" priority="3">
JUnit assertions should include a message
</violation>
<violation beginline="147" endline="147" begincolumn="9" endcolumn="12" rule="JUnitAssertionsShouldIncludeMessage" ruleset="Best Practices" package="junit.tests.framework" class="AssertTest" method="testAssertSame" externalInfoUrl="https://pmd.github.io/pmd/pmd_rules_java_bestpractices.html#junitassertionsshouldincludemessage" priority="3">
JUnit assertions should include a message
</violation>
<violation beginline="150" endline="161" begincolumn="12" endcolumn="5" rule="JUnitTestContainsTooManyAsserts" ruleset="Best Practices" package="junit.tests.framework" class="AssertTest" method="testAssertNotSame" externalInfoUrl="https://pmd.github.io/pmd/pmd_rules_java_bestpractices.html#junittestcontainstoomanyasserts" priority="3">
Unit tests should not contain more than 1 assert(s).
</violation>
<violation beginline="151" endline="151" begincolumn="9" endcolumn="21" rule="JUnitAssertionsShouldIncludeMessage" ruleset="Best Practices" package="junit.tests.framework" class="AssertTest" method="testAssertNotSame" externalInfoUrl="https://pmd.github.io/pmd/pmd_rules_java_bestpractices.html#junitassertionsshouldincludemessage" priority="3">
JUnit assertions should include a message
</violation>
<violation beginline="152" endline="152" begincolumn="9" endcolumn="21" rule="JUnitAssertionsShouldIncludeMessage" ruleset="Best Practices" package="junit.tests.framework" class="AssertTest" method="testAssertNotSame" externalInfoUrl="https://pmd.github.io/pmd/pmd_rules_java_bestpractices.html#junitassertionsshouldincludemessage" priority="3">
JUnit assertions should include a message
</violation>
<violation beginline="153" endline="153" begincolumn="9" endcolumn="21" rule="JUnitAssertionsShouldIncludeMessage" ruleset="Best Practices" package="junit.tests.framework" class="AssertTest" method="testAssertNotSame" externalInfoUrl="https://pmd.github.io/pmd/pmd_rules_java_bestpractices.html#junitassertionsshouldincludemessage" priority="3">
JUnit assertions should include a message
</violation>
<violation beginline="156" endline="156" begincolumn="13" endcolumn="25" rule="JUnitAssertionsShouldIncludeMessage" ruleset="Best Practices" package="junit.tests.framework" class="AssertTest" method="testAssertNotSame" externalInfoUrl="https://pmd.github.io/pmd/pmd_rules_java_bestpractices.html#junitassertionsshouldincludemessage" priority="3">
JUnit assertions should include a message
</violation>
<violation beginline="160" endline="160" begincolumn="9" endcolumn="12" rule="JUnitAssertionsShouldIncludeMessage" ruleset="Best Practices" package="junit.tests.framework" class="AssertTest" method="testAssertNotSame" externalInfoUrl="https://pmd.github.io/pmd/pmd_rules_java_bestpractices.html#junitassertionsshouldincludemessage" priority="3">
JUnit assertions should include a message
</violation>
<violation beginline="165" endline="165" begincolumn="13" endcolumn="25" rule="JUnitAssertionsShouldIncludeMessage" ruleset="Best Practices" package="junit.tests.framework" class="AssertTest" method="testAssertNotSameFailsNull" externalInfoUrl="https://pmd.github.io/pmd/pmd_rules_java_bestpractices.html#junitassertionsshouldincludemessage" priority="3">
JUnit assertions should include a message
</violation>
<violation beginline="169" endline="169" begincolumn="9" endcolumn="12" rule="JUnitAssertionsShouldIncludeMessage" ruleset="Best Practices" package="junit.tests.framework" class="AssertTest" method="testAssertNotSameFailsNull" externalInfoUrl="https://pmd.github.io/pmd/pmd_rules_java_bestpractices.html#junitassertionsshouldincludemessage" priority="3">
JUnit assertions should include a message
</violation>
</file>
<file name="C:\Users\Deyan\Downloads\junit4-r4.13.2\src\test\java\junit\tests\framework\AssertionFailedErrorTest.java">
<violation beginline="11" endline="11" begincolumn="9" endcolumn="18" rule="JUnitAssertionsShouldIncludeMessage" ruleset="Best Practices" package="junit.tests.framework" class="AssertionFailedErrorTest" method="testCreateErrorWithoutMessage" externalInfoUrl="https://pmd.github.io/pmd/pmd_rules_java_bestpractices.html#junitassertionsshouldincludemessage" priority="3">
JUnit assertions should include a message
</violation>
<violation beginline="16" endline="16" begincolumn="9" endcolumn="20" rule="JUnitAssertionsShouldIncludeMessage" ruleset="Best Practices" package="junit.tests.framework" class="AssertionFailedErrorTest" method="testCreateErrorWithMessage" externalInfoUrl="https://pmd.github.io/pmd/pmd_rules_java_bestpractices.html#junitassertionsshouldincludemessage" priority="3">
JUnit assertions should include a message
</violation>
<violation beginline="21" endline="21" begincolumn="9" endcolumn="20" rule="JUnitAssertionsShouldIncludeMessage" ruleset="Best Practices" package="junit.tests.framework" class="AssertionFailedErrorTest" method="testCreateErrorWithoutMessageInsteadOfNull" externalInfoUrl="https://pmd.github.io/pmd/pmd_rules_java_bestpractices.html#junitassertionsshouldincludemessage" priority="3">
JUnit assertions should include a message
</violation>
</file>
<file name="C:\Users\Deyan\Downloads\junit4-r4.13.2\src\test\java\junit\tests\framework\ComparisonCompactorTest.java">
<violation beginline="10" endline="10" begincolumn="9" endcolumn="18" rule="JUnitAssertionsShouldIncludeMessage" ruleset="Best Practices" package="junit.tests.framework" class="ComparisonCompactorTest" method="testMessage" externalInfoUrl="https://pmd.github.io/pmd/pmd_rules_java_bestpractices.html#junitassertionsshouldincludemessage" priority="3">
JUnit assertions should include a message
</violation>
<violation beginline="15" endline="15" begincolumn="9" endcolumn="20" rule="JUnitAssertionsShouldIncludeMessage" ruleset="Best Practices" package="junit.tests.framework" class="ComparisonCompactorTest" method="testStartSame" externalInfoUrl="https://pmd.github.io/pmd/pmd_rules_java_bestpractices.html#junitassertionsshouldincludemessage" priority="3">
JUnit assertions should include a message
</violation>
<violation beginline="20" endline="20" begincolumn="9" endcolumn="20" rule="JUnitAssertionsShouldIncludeMessage" ruleset="Best Practices" package="junit.tests.framework" class="ComparisonCompactorTest" method="testEndSame" externalInfoUrl="https://pmd.github.io/pmd/pmd_rules_java_bestpractices.html#junitassertionsshouldincludemessage" priority="3">
JUnit assertions should include a message
</violation>
<violation beginline="25" endline="25" begincolumn="9" endcolumn="20" rule="JUnitAssertionsShouldIncludeMessage" ruleset="Best Practices" package="junit.tests.framework" class="ComparisonCompactorTest" method="testSame" externalInfoUrl="https://pmd.github.io/pmd/pmd_rules_java_bestpractices.html#junitassertionsshouldincludemessage" priority="3">
JUnit assertions should include a message
</violation>
<violation beginline="29" endline="29" begincolumn="53" endcolumn="57" rule="AvoidDuplicateLiterals" ruleset="Error Prone" package="junit.tests.framework" class="ComparisonCompactorTest" method="testNoContextStartAndEndSame" externalInfoUrl="https://pmd.github.io/pmd/pmd_rules_java_errorprone.html#avoidduplicateliterals" priority="3">
The String literal "abc" appears 7 times in this file; the first occurrence is on line 29
</violation>
<violation beginline="30" endline="30" begincolumn="9" endcolumn="20" rule="JUnitAssertionsShouldIncludeMessage" ruleset="Best Practices" package="junit.tests.framework" class="ComparisonCompactorTest" method="testNoContextStartAndEndSame" externalInfoUrl="https://pmd.github.io/pmd/pmd_rules_java_bestpractices.html#junitassertionsshouldincludemessage" priority="3">
JUnit assertions should include a message
</violation>
<violation beginline="35" endline="35" begincolumn="9" endcolumn="20" rule="JUnitAssertionsShouldIncludeMessage" ruleset="Best Practices" package="junit.tests.framework" class="ComparisonCompactorTest" method="testStartAndEndContext" externalInfoUrl="https://pmd.github.io/pmd/pmd_rules_java_bestpractices.html#junitassertionsshouldincludemessage" priority="3">
JUnit assertions should include a message
</violation>
<violation beginline="40" endline="40" begincolumn="9" endcolumn="20" rule="JUnitAssertionsShouldIncludeMessage" ruleset="Best Practices" package="junit.tests.framework" class="ComparisonCompactorTest" method="testStartAndEndContextWithEllipses" externalInfoUrl="https://pmd.github.io/pmd/pmd_rules_java_bestpractices.html#junitassertionsshouldincludemessage" priority="3">
JUnit assertions should include a message
</violation>
<violation beginline="45" endline="45" begincolumn="9" endcolumn="20" rule="JUnitAssertionsShouldIncludeMessage" ruleset="Best Practices" package="junit.tests.framework" class="ComparisonCompactorTest" method="testComparisonErrorStartSameComplete" externalInfoUrl="https://pmd.github.io/pmd/pmd_rules_java_bestpractices.html#junitassertionsshouldincludemessage" priority="3">
JUnit assertions should include a message
</violation>
<violation beginline="50" endline="50" begincolumn="9" endcolumn="20" rule="JUnitAssertionsShouldIncludeMessage" ruleset="Best Practices" package="junit.tests.framework" class="ComparisonCompactorTest" method="testComparisonErrorEndSameComplete" externalInfoUrl="https://pmd.github.io/pmd/pmd_rules_java_bestpractices.html#junitassertionsshouldincludemessage" priority="3">
JUnit assertions should include a message
</violation>
<violation beginline="55" endline="55" begincolumn="9" endcolumn="20" rule="JUnitAssertionsShouldIncludeMessage" ruleset="Best Practices" package="junit.tests.framework" class="ComparisonCompactorTest" method="testComparisonErrorEndSameCompleteContext" externalInfoUrl="https://pmd.github.io/pmd/pmd_rules_java_bestpractices.html#junitassertionsshouldincludemessage" priority="3">
JUnit assertions should include a message
</violation>
<violation beginline="60" endline="60" begincolumn="9" endcolumn="20" rule="JUnitAssertionsShouldIncludeMessage" ruleset="Best Practices" package="junit.tests.framework" class="ComparisonCompactorTest" method="testComparisonErrorOverlappingMatches" externalInfoUrl="https://pmd.github.io/pmd/pmd_rules_java_bestpractices.html#junitassertionsshouldincludemessage" priority="3">
JUnit assertions should include a message
</violation>
<violation beginline="65" endline="65" begincolumn="9" endcolumn="20" rule="JUnitAssertionsShouldIncludeMessage" ruleset="Best Practices" package="junit.tests.framework" class="ComparisonCompactorTest" method="testComparisonErrorOverlappingMatchesContext" externalInfoUrl="https://pmd.github.io/pmd/pmd_rules_java_bestpractices.html#junitassertionsshouldincludemessage" priority="3">
JUnit assertions should include a message
</violation>
<violation beginline="70" endline="70" begincolumn="9" endcolumn="20" rule="JUnitAssertionsShouldIncludeMessage" ruleset="Best Practices" package="junit.tests.framework" class="ComparisonCompactorTest" method="testComparisonErrorOverlappingMatches2" externalInfoUrl="https://pmd.github.io/pmd/pmd_rules_java_bestpractices.html#junitassertionsshouldincludemessage" priority="3">
JUnit assertions should include a message
</violation>
<violation beginline="75" endline="75" begincolumn="9" endcolumn="20" rule="JUnitAssertionsShouldIncludeMessage" ruleset="Best Practices" package="junit.tests.framework" class="ComparisonCompactorTest" method="testComparisonErrorOverlappingMatches2Context" externalInfoUrl="https://pmd.github.io/pmd/pmd_rules_java_bestpractices.html#junitassertionsshouldincludemessage" priority="3">
JUnit assertions should include a message
</violation>
<violation beginline="80" endline="80" begincolumn="9" endcolumn="20" rule="JUnitAssertionsShouldIncludeMessage" ruleset="Best Practices" package="junit.tests.framework" class="ComparisonCompactorTest" method="testComparisonErrorWithActualNull" externalInfoUrl="https://pmd.github.io/pmd/pmd_rules_java_bestpractices.html#junitassertionsshouldincludemessage" priority="3">
JUnit assertions should include a message
</violation>
<violation beginline="85" endline="85" begincolumn="9" endcolumn="20" rule="JUnitAssertionsShouldIncludeMessage" ruleset="Best Practices" package="junit.tests.framework" class="ComparisonCompactorTest" method="testComparisonErrorWithActualNullContext" externalInfoUrl="https://pmd.github.io/pmd/pmd_rules_java_bestpractices.html#junitassertionsshouldincludemessage" priority="3">
JUnit assertions should include a message
</violation>
<violation beginline="90" endline="90" begincolumn="9" endcolumn="20" rule="JUnitAssertionsShouldIncludeMessage" ruleset="Best Practices" package="junit.tests.framework" class="ComparisonCompactorTest" method="testComparisonErrorWithExpectedNull" externalInfoUrl="https://pmd.github.io/pmd/pmd_rules_java_bestpractices.html#junitassertionsshouldincludemessage" priority="3">
JUnit assertions should include a message
</violation>
<violation beginline="95" endline="95" begincolumn="9" endcolumn="20" rule="JUnitAssertionsShouldIncludeMessage" ruleset="Best Practices" package="junit.tests.framework" class="ComparisonCompactorTest" method="testComparisonErrorWithExpectedNullContext" externalInfoUrl="https://pmd.github.io/pmd/pmd_rules_java_bestpractices.html#junitassertionsshouldincludemessage" priority="3">
JUnit assertions should include a message
</violation>
<violation beginline="100" endline="100" begincolumn="9" endcolumn="20" rule="JUnitAssertionsShouldIncludeMessage" ruleset="Best Practices" package="junit.tests.framework" class="ComparisonCompactorTest" method="testBug609972" externalInfoUrl="https://pmd.github.io/pmd/pmd_rules_java_bestpractices.html#junitassertionsshouldincludemessage" priority="3">
JUnit assertions should include a message
</violation>
</file>
<file name="C:\Users\Deyan\Downloads\junit4-r4.13.2\src\test\java\junit\tests\framework\ComparisonFailureTest.java">
<violation beginline="11" endline="11" begincolumn="9" endcolumn="20" rule="JUnitAssertionsShouldIncludeMessage" ruleset="Best Practices" package="junit.tests.framework" class="ComparisonFailureTest" method="testConnection" externalInfoUrl="https://pmd.github.io/pmd/pmd_rules_java_bestpractices.html#junitassertionsshouldincludemessage" priority="3">
JUnit assertions should include a message
</violation>
<violation beginline="17" endline="17" begincolumn="13" endcolumn="24" rule="JUnitAssertionsShouldIncludeMessage" ruleset="Best Practices" package="junit.tests.framework" class="ComparisonFailureTest" method="testThrowing" externalInfoUrl="https://pmd.github.io/pmd/pmd_rules_java_bestpractices.html#junitassertionsshouldincludemessage" priority="3">
JUnit assertions should include a message
</violation>
<violation beginline="21" endline="21" begincolumn="9" endcolumn="12" rule="JUnitAssertionsShouldIncludeMessage" ruleset="Best Practices" package="junit.tests.framework" class="ComparisonFailureTest" method="testThrowing" externalInfoUrl="https://pmd.github.io/pmd/pmd_rules_java_bestpractices.html#junitassertionsshouldincludemessage" priority="3">
JUnit assertions should include a message
</violation>
<violation beginline="33" endline="33" begincolumn="9" endcolumn="12" rule="JUnitAssertionsShouldIncludeMessage" ruleset="Best Practices" package="junit.tests.framework" class="ComparisonFailureTest" method="testExceptionToStringWithMessage" externalInfoUrl="https://pmd.github.io/pmd/pmd_rules_java_bestpractices.html#junitassertionsshouldincludemessage" priority="3">
JUnit assertions should include a message
</violation>
<violation beginline="38" endline="38" begincolumn="13" endcolumn="24" rule="JUnitAssertionsShouldIncludeMessage" ruleset="Best Practices" package="junit.tests.framework" class="ComparisonFailureTest" method="testExceptionToStringWithoutMessage" externalInfoUrl="https://pmd.github.io/pmd/pmd_rules_java_bestpractices.html#junitassertionsshouldincludemessage" priority="3">
JUnit assertions should include a message
</violation>
<violation beginline="45" endline="45" begincolumn="9" endcolumn="12" rule="JUnitAssertionsShouldIncludeMessage" ruleset="Best Practices" package="junit.tests.framework" class="ComparisonFailureTest" method="testExceptionToStringWithoutMessage" externalInfoUrl="https://pmd.github.io/pmd/pmd_rules_java_bestpractices.html#junitassertionsshouldincludemessage" priority="3">
JUnit assertions should include a message
</violation>
</file>
<file name="C:\Users\Deyan\Downloads\junit4-r4.13.2\src\test\java\junit\tests\framework\DoublePrecisionAssertTest.java">
<violation beginline="13" endline="13" begincolumn="13" endcolumn="24" rule="JUnitAssertionsShouldIncludeMessage" ruleset="Best Practices" package="junit.tests.framework" class="DoublePrecisionAssertTest" method="testAssertEqualsNaNFails" externalInfoUrl="https://pmd.github.io/pmd/pmd_rules_java_bestpractices.html#junitassertionsshouldincludemessage" priority="3">
JUnit assertions should include a message
</violation>
<violation beginline="17" endline="17" begincolumn="9" endcolumn="12" rule="JUnitAssertionsShouldIncludeMessage" ruleset="Best Practices" package="junit.tests.framework" class="DoublePrecisionAssertTest" method="testAssertEqualsNaNFails" externalInfoUrl="https://pmd.github.io/pmd/pmd_rules_java_bestpractices.html#junitassertionsshouldincludemessage" priority="3">
JUnit assertions should include a message
</violation>
<violation beginline="22" endline="22" begincolumn="13" endcolumn="24" rule="JUnitAssertionsShouldIncludeMessage" ruleset="Best Practices" package="junit.tests.framework" class="DoublePrecisionAssertTest" method="testAssertNaNEqualsFails" externalInfoUrl="https://pmd.github.io/pmd/pmd_rules_java_bestpractices.html#junitassertionsshouldincludemessage" priority="3">
JUnit assertions should include a message
</violation>
<violation beginline="26" endline="26" begincolumn="9" endcolumn="12" rule="JUnitAssertionsShouldIncludeMessage" ruleset="Best Practices" package="junit.tests.framework" class="DoublePrecisionAssertTest" method="testAssertNaNEqualsFails" externalInfoUrl="https://pmd.github.io/pmd/pmd_rules_java_bestpractices.html#junitassertionsshouldincludemessage" priority="3">
JUnit assertions should include a message
</violation>
<violation beginline="30" endline="30" begincolumn="9" endcolumn="20" rule="JUnitAssertionsShouldIncludeMessage" ruleset="Best Practices" package="junit.tests.framework" class="DoublePrecisionAssertTest" method="testAssertNaNEqualsNaN" externalInfoUrl="https://pmd.github.io/pmd/pmd_rules_java_bestpractices.html#junitassertionsshouldincludemessage" priority="3">
JUnit assertions should include a message
</violation>
<violation beginline="35" endline="35" begincolumn="13" endcolumn="24" rule="JUnitAssertionsShouldIncludeMessage" ruleset="Best Practices" package="junit.tests.framework" class="DoublePrecisionAssertTest" method="testAssertPosInfinityNotEqualsNegInfinity" externalInfoUrl="https://pmd.github.io/pmd/pmd_rules_java_bestpractices.html#junitassertionsshouldincludemessage" priority="3">
JUnit assertions should include a message
</violation>
<violation beginline="39" endline="39" begincolumn="9" endcolumn="12" rule="JUnitAssertionsShouldIncludeMessage" ruleset="Best Practices" package="junit.tests.framework" class="DoublePrecisionAssertTest" method="testAssertPosInfinityNotEqualsNegInfinity" externalInfoUrl="https://pmd.github.io/pmd/pmd_rules_java_bestpractices.html#junitassertionsshouldincludemessage" priority="3">
JUnit assertions should include a message
</violation>
<violation beginline="44" endline="44" begincolumn="13" endcolumn="24" rule="JUnitAssertionsShouldIncludeMessage" ruleset="Best Practices" package="junit.tests.framework" class="DoublePrecisionAssertTest" method="testAssertPosInfinityNotEquals" externalInfoUrl="https://pmd.github.io/pmd/pmd_rules_java_bestpractices.html#junitassertionsshouldincludemessage" priority="3">
JUnit assertions should include a message
</violation>
<violation beginline="48" endline="48" begincolumn="9" endcolumn="12" rule="JUnitAssertionsShouldIncludeMessage" ruleset="Best Practices" package="junit.tests.framework" class="DoublePrecisionAssertTest" method="testAssertPosInfinityNotEquals" externalInfoUrl="https://pmd.github.io/pmd/pmd_rules_java_bestpractices.html#junitassertionsshouldincludemessage" priority="3">
JUnit assertions should include a message
</violation>
<violation beginline="52" endline="52" begincolumn="9" endcolumn="20" rule="JUnitAssertionsShouldIncludeMessage" ruleset="Best Practices" package="junit.tests.framework" class="DoublePrecisionAssertTest" method="testAssertPosInfinityEqualsInfinity" externalInfoUrl="https://pmd.github.io/pmd/pmd_rules_java_bestpractices.html#junitassertionsshouldincludemessage" priority="3">
JUnit assertions should include a message
</violation>
<violation beginline="56" endline="56" begincolumn="9" endcolumn="20" rule="JUnitAssertionsShouldIncludeMessage" ruleset="Best Practices" package="junit.tests.framework" class="DoublePrecisionAssertTest" method="testAssertNegInfinityEqualsInfinity" externalInfoUrl="https://pmd.github.io/pmd/pmd_rules_java_bestpractices.html#junitassertionsshouldincludemessage" priority="3">
JUnit assertions should include a message
</violation>
</file>
<file name="C:\Users\Deyan\Downloads\junit4-r4.13.2\src\test\java\junit\tests\framework\Failure.java">
<violation beginline="8" endline="13" begincolumn="8" endcolumn="1" rule="TestClassWithoutTestCases" ruleset="Error Prone" package="junit.tests.framework" class="Failure" externalInfoUrl="https://pmd.github.io/pmd/pmd_rules_java_errorprone.html#testclasswithouttestcases" priority="3">
This class name ends with Test but contains no test cases
</violation>
<violation beginline="11" endline="11" begincolumn="9" endcolumn="12" rule="JUnitAssertionsShouldIncludeMessage" ruleset="Best Practices" package="junit.tests.framework" class="Failure" method="runTest" externalInfoUrl="https://pmd.github.io/pmd/pmd_rules_java_bestpractices.html#junitassertionsshouldincludemessage" priority="3">
JUnit assertions should include a message
</violation>
</file>
<file name="C:\Users\Deyan\Downloads\junit4-r4.13.2\src\test\java\junit\tests\framework\FloatAssertTest.java">
<violation beginline="13" endline="13" begincolumn="13" endcolumn="24" rule="JUnitAssertionsShouldIncludeMessage" ruleset="Best Practices" package="junit.tests.framework" class="FloatAssertTest" method="testAssertEqualsNaNFails" externalInfoUrl="https://pmd.github.io/pmd/pmd_rules_java_bestpractices.html#junitassertionsshouldincludemessage" priority="3">
JUnit assertions should include a message
</violation>
<violation beginline="17" endline="17" begincolumn="9" endcolumn="12" rule="JUnitAssertionsShouldIncludeMessage" ruleset="Best Practices" package="junit.tests.framework" class="FloatAssertTest" method="testAssertEqualsNaNFails" externalInfoUrl="https://pmd.github.io/pmd/pmd_rules_java_bestpractices.html#junitassertionsshouldincludemessage" priority="3">
JUnit assertions should include a message
</violation>
<violation beginline="22" endline="22" begincolumn="13" endcolumn="24" rule="JUnitAssertionsShouldIncludeMessage" ruleset="Best Practices" package="junit.tests.framework" class="FloatAssertTest" method="testAssertNaNEqualsFails" externalInfoUrl="https://pmd.github.io/pmd/pmd_rules_java_bestpractices.html#junitassertionsshouldincludemessage" priority="3">
JUnit assertions should include a message
</violation>
<violation beginline="26" endline="26" begincolumn="9" endcolumn="12" rule="JUnitAssertionsShouldIncludeMessage" ruleset="Best Practices" package="junit.tests.framework" class="FloatAssertTest" method="testAssertNaNEqualsFails" externalInfoUrl="https://pmd.github.io/pmd/pmd_rules_java_bestpractices.html#junitassertionsshouldincludemessage" priority="3">
JUnit assertions should include a message
</violation>
<violation beginline="30" endline="30" begincolumn="9" endcolumn="20" rule="JUnitAssertionsShouldIncludeMessage" ruleset="Best Practices" package="junit.tests.framework" class="FloatAssertTest" method="testAssertNaNEqualsNaN" externalInfoUrl="https://pmd.github.io/pmd/pmd_rules_java_bestpractices.html#junitassertionsshouldincludemessage" priority="3">
JUnit assertions should include a message
</violation>
<violation beginline="35" endline="35" begincolumn="13" endcolumn="24" rule="JUnitAssertionsShouldIncludeMessage" ruleset="Best Practices" package="junit.tests.framework" class="FloatAssertTest" method="testAssertPosInfinityNotEqualsNegInfinity" externalInfoUrl="https://pmd.github.io/pmd/pmd_rules_java_bestpractices.html#junitassertionsshouldincludemessage" priority="3">
JUnit assertions should include a message
</violation>
<violation beginline="39" endline="39" begincolumn="9" endcolumn="12" rule="JUnitAssertionsShouldIncludeMessage" ruleset="Best Practices" package="junit.tests.framework" class="FloatAssertTest" method="testAssertPosInfinityNotEqualsNegInfinity" externalInfoUrl="https://pmd.github.io/pmd/pmd_rules_java_bestpractices.html#junitassertionsshouldincludemessage" priority="3">
JUnit assertions should include a message
</violation>
<violation beginline="44" endline="44" begincolumn="13" endcolumn="24" rule="JUnitAssertionsShouldIncludeMessage" ruleset="Best Practices" package="junit.tests.framework" class="FloatAssertTest" method="testAssertPosInfinityNotEquals" externalInfoUrl="https://pmd.github.io/pmd/pmd_rules_java_bestpractices.html#junitassertionsshouldincludemessage" priority="3">
JUnit assertions should include a message
</violation>
<violation beginline="48" endline="48" begincolumn="9" endcolumn="12" rule="JUnitAssertionsShouldIncludeMessage" ruleset="Best Practices" package="junit.tests.framework" class="FloatAssertTest" method="testAssertPosInfinityNotEquals" externalInfoUrl="https://pmd.github.io/pmd/pmd_rules_java_bestpractices.html#junitassertionsshouldincludemessage" priority="3">
JUnit assertions should include a message
</violation>
<violation beginline="52" endline="52" begincolumn="9" endcolumn="20" rule="JUnitAssertionsShouldIncludeMessage" ruleset="Best Practices" package="junit.tests.framework" class="FloatAssertTest" method="testAssertPosInfinityEqualsInfinity" externalInfoUrl="https://pmd.github.io/pmd/pmd_rules_java_bestpractices.html#junitassertionsshouldincludemessage" priority="3">
JUnit assertions should include a message
</violation>
<violation beginline="56" endline="56" begincolumn="9" endcolumn="20" rule="JUnitAssertionsShouldIncludeMessage" ruleset="Best Practices" package="junit.tests.framework" class="FloatAssertTest" method="testAssertNegInfinityEqualsInfinity" externalInfoUrl="https://pmd.github.io/pmd/pmd_rules_java_bestpractices.html#junitassertionsshouldincludemessage" priority="3">
JUnit assertions should include a message
</violation>
<violation beginline="60" endline="60" begincolumn="9" endcolumn="20" rule="JUnitAssertionsShouldIncludeMessage" ruleset="Best Practices" package="junit.tests.framework" class="FloatAssertTest" method="testAllInfinities" externalInfoUrl="https://pmd.github.io/pmd/pmd_rules_java_bestpractices.html#junitassertionsshouldincludemessage" priority="3">
JUnit assertions should include a message
</violation>
</file>
<file name="C:\Users\Deyan\Downloads\junit4-r4.13.2\src\test\java\junit\tests\framework\InheritedTestCase.java">
<violation beginline="7" endline="8" begincolumn="25" endcolumn="5" rule="UncommentedEmptyMethodBody" ruleset="Documentation" package="junit.tests.framework" class="InheritedTestCase" method="test2" externalInfoUrl="https://pmd.github.io/pmd/pmd_rules_java_documentation.html#uncommentedemptymethodbody" priority="3">
Document empty method body
</violation>
</file>
<file name="C:\Users\Deyan\Downloads\junit4-r4.13.2\src\test\java\junit\tests\framework\NoArgTestCaseTest.java">
<violation beginline="6" endline="7" begincolumn="12" endcolumn="5" rule="JUnitTestsShouldIncludeAssert" ruleset="Best Practices" package="junit.tests.framework" class="NoArgTestCaseTest" method="testNothing" externalInfoUrl="https://pmd.github.io/pmd/pmd_rules_java_bestpractices.html#junittestsshouldincludeassert" priority="3">
JUnit tests should include assert() or fail()
</violation>
</file>
<file name="C:\Users\Deyan\Downloads\junit4-r4.13.2\src\test\java\junit\tests\framework\NoTestCaseClass.java">
<violation beginline="6" endline="6" begincolumn="38" endcolumn="43" rule="ExtendsObject" ruleset="Code Style" package="junit.tests.framework" class="NoTestCaseClass" externalInfoUrl="https://pmd.github.io/pmd/pmd_rules_java_codestyle.html#extendsobject" priority="4">
No need to explicitly extend Object.
</violation>
<violation beginline="7" endline="8" begincolumn="31" endcolumn="5" rule="UncommentedEmptyMethodBody" ruleset="Documentation" package="junit.tests.framework" class="NoTestCaseClass" method="testSuccess" externalInfoUrl="https://pmd.github.io/pmd/pmd_rules_java_documentation.html#uncommentedemptymethodbody" priority="3">
Document empty method body
</violation>
</file>
<file name="C:\Users\Deyan\Downloads\junit4-r4.13.2\src\test\java\junit\tests\framework\NoTestCases.java">
<violation beginline="8" endline="11" begincolumn="8" endcolumn="1" rule="TestClassWithoutTestCases" ruleset="Error Prone" package="junit.tests.framework" class="NoTestCases" externalInfoUrl="https://pmd.github.io/pmd/pmd_rules_java_errorprone.html#testclasswithouttestcases" priority="3">
This class name ends with Test but contains no test cases
</violation>
<violation beginline="9" endline="10" begincolumn="30" endcolumn="5" rule="UncommentedEmptyMethodBody" ruleset="Documentation" package="junit.tests.framework" class="NoTestCases" method="noTestCase" externalInfoUrl="https://pmd.github.io/pmd/pmd_rules_java_documentation.html#uncommentedemptymethodbody" priority="3">
Document empty method body
</violation>
</file>
<file name="C:\Users\Deyan\Downloads\junit4-r4.13.2\src\test\java\junit\tests\framework\NotPublicTestCase.java">
<violation beginline="9" endline="10" begincolumn="36" endcolumn="5" rule="UncommentedEmptyMethodBody" ruleset="Documentation" package="junit.tests.framework" class="NotPublicTestCase" method="testNotPublic" externalInfoUrl="https://pmd.github.io/pmd/pmd_rules_java_documentation.html#uncommentedemptymethodbody" priority="3">
Document empty method body
</violation>
<violation beginline="12" endline="13" begincolumn="30" endcolumn="5" rule="UncommentedEmptyMethodBody" ruleset="Documentation" package="junit.tests.framework" class="NotPublicTestCase" method="testPublic" externalInfoUrl="https://pmd.github.io/pmd/pmd_rules_java_documentation.html#uncommentedemptymethodbody" priority="3">
Document empty method body
</violation>
<violation beginline="12" endline="13" begincolumn="12" endcolumn="5" rule="JUnitTestsShouldIncludeAssert" ruleset="Best Practices" package="junit.tests.framework" class="NotPublicTestCase" method="testPublic" externalInfoUrl="https://pmd.github.io/pmd/pmd_rules_java_bestpractices.html#junittestsshouldincludeassert" priority="3">
JUnit tests should include assert() or fail()
</violation>
</file>
<file name="C:\Users\Deyan\Downloads\junit4-r4.13.2\src\test\java\junit\tests\framework\NotVoidTestCase.java">
<violation beginline="13" endline="14" begincolumn="28" endcolumn="5" rule="UncommentedEmptyMethodBody" ruleset="Documentation" package="junit.tests.framework" class="NotVoidTestCase" method="testVoid" externalInfoUrl="https://pmd.github.io/pmd/pmd_rules_java_documentation.html#uncommentedemptymethodbody" priority="3">
Document empty method body
</violation>
<violation beginline="13" endline="14" begincolumn="12" endcolumn="5" rule="JUnitTestsShouldIncludeAssert" ruleset="Best Practices" package="junit.tests.framework" class="NotVoidTestCase" method="testVoid" externalInfoUrl="https://pmd.github.io/pmd/pmd_rules_java_bestpractices.html#junittestsshouldincludeassert" priority="3">
JUnit tests should include assert() or fail()
</violation>
</file>
<file name="C:\Users\Deyan\Downloads\junit4-r4.13.2\src\test\java\junit\tests\framework\OneTestCase.java">
<violation beginline="9" endline="10" begincolumn="30" endcolumn="5" rule="UncommentedEmptyMethodBody" ruleset="Documentation" package="junit.tests.framework" class="OneTestCase" method="noTestCase" externalInfoUrl="https://pmd.github.io/pmd/pmd_rules_java_documentation.html#uncommentedemptymethodbody" priority="3">
Document empty method body
</violation>
<violation beginline="12" endline="13" begincolumn="28" endcolumn="5" rule="UncommentedEmptyMethodBody" ruleset="Documentation" package="junit.tests.framework" class="OneTestCase" method="testCase" externalInfoUrl="https://pmd.github.io/pmd/pmd_rules_java_documentation.html#uncommentedemptymethodbody" priority="3">
Document empty method body
</violation>
<violation beginline="12" endline="13" begincolumn="12" endcolumn="5" rule="JUnitTestsShouldIncludeAssert" ruleset="Best Practices" package="junit.tests.framework" class="OneTestCase" method="testCase" externalInfoUrl="https://pmd.github.io/pmd/pmd_rules_java_bestpractices.html#junittestsshouldincludeassert" priority="3">
JUnit tests should include assert() or fail()
</violation>
<violation beginline="15" endline="16" begincolumn="35" endcolumn="5" rule="UncommentedEmptyMethodBody" ruleset="Documentation" package="junit.tests.framework" class="OneTestCase" method="testCase" externalInfoUrl="https://pmd.github.io/pmd/pmd_rules_java_documentation.html#uncommentedemptymethodbody" priority="3">
Document empty method body
</violation>
<violation beginline="15" endline="16" begincolumn="12" endcolumn="5" rule="JUnitTestsShouldIncludeAssert" ruleset="Best Practices" package="junit.tests.framework" class="OneTestCase" method="testCase" externalInfoUrl="https://pmd.github.io/pmd/pmd_rules_java_bestpractices.html#junittestsshouldincludeassert" priority="3">
JUnit tests should include assert() or fail()
</violation>
</file>
<file name="C:\Users\Deyan\Downloads\junit4-r4.13.2\src\test\java\junit\tests\framework\OverrideTestCase.java">
<violation beginline="8" endline="9" begincolumn="28" endcolumn="5" rule="UncommentedEmptyMethodBody" ruleset="Documentation" package="junit.tests.framework" class="OverrideTestCase" method="testCase" externalInfoUrl="https://pmd.github.io/pmd/pmd_rules_java_documentation.html#uncommentedemptymethodbody" priority="3">
Document empty method body
</violation>
</file>
<file name="C:\Users\Deyan\Downloads\junit4-r4.13.2\src\test\java\junit\tests\framework\Success.java">
<violation beginline="11" endline="12" begincolumn="27" endcolumn="5" rule="UncommentedEmptyMethodBody" ruleset="Documentation" package="junit.tests.framework" class="Success" method="runTest" externalInfoUrl="https://pmd.github.io/pmd/pmd_rules_java_documentation.html#uncommentedemptymethodbody" priority="3">
Document empty method body
</violation>
<violation beginline="14" endline="15" begincolumn="31" endcolumn="5" rule="UncommentedEmptyMethodBody" ruleset="Documentation" package="junit.tests.framework" class="Success" method="testSuccess" externalInfoUrl="https://pmd.github.io/pmd/pmd_rules_java_documentation.html#uncommentedemptymethodbody" priority="3">
Document empty method body
</violation>
<violation beginline="14" endline="15" begincolumn="12" endcolumn="5" rule="JUnitTestsShouldIncludeAssert" ruleset="Best Practices" package="junit.tests.framework" class="Success" method="testSuccess" externalInfoUrl="https://pmd.github.io/pmd/pmd_rules_java_bestpractices.html#junittestsshouldincludeassert" priority="3">
JUnit tests should include assert() or fail()
</violation>
</file>
<file name="C:\Users\Deyan\Downloads\junit4-r4.13.2\src\test\java\junit\tests\framework\SuiteTest.java">
<violation beginline="44" endline="49" begincolumn="12" endcolumn="5" rule="JUnitTestContainsTooManyAsserts" ruleset="Best Practices" package="junit.tests.framework" class="SuiteTest" method="testInheritedTests" externalInfoUrl="https://pmd.github.io/pmd/pmd_rules_java_bestpractices.html#junittestcontainstoomanyasserts" priority="3">
Unit tests should not contain more than 1 assert(s).
</violation>
<violation beginline="47" endline="47" begincolumn="9" endcolumn="18" rule="JUnitAssertionsShouldIncludeMessage" ruleset="Best Practices" package="junit.tests.framework" class="SuiteTest" method="testInheritedTests" externalInfoUrl="https://pmd.github.io/pmd/pmd_rules_java_bestpractices.html#junitassertionsshouldincludemessage" priority="3">
JUnit assertions should include a message
</violation>
<violation beginline="48" endline="48" begincolumn="9" endcolumn="20" rule="JUnitAssertionsShouldIncludeMessage" ruleset="Best Practices" package="junit.tests.framework" class="SuiteTest" method="testInheritedTests" externalInfoUrl="https://pmd.github.io/pmd/pmd_rules_java_bestpractices.html#junitassertionsshouldincludemessage" priority="3">
JUnit assertions should include a message
</violation>
<violation beginline="51" endline="56" begincolumn="12" endcolumn="5" rule="JUnitTestContainsTooManyAsserts" ruleset="Best Practices" package="junit.tests.framework" class="SuiteTest" method="testNoTestCaseClass" externalInfoUrl="https://pmd.github.io/pmd/pmd_rules_java_bestpractices.html#junittestcontainstoomanyasserts" priority="3">
Unit tests should not contain more than 1 assert(s).
</violation>
<violation beginline="54" endline="54" begincolumn="9" endcolumn="20" rule="JUnitAssertionsShouldIncludeMessage" ruleset="Best Practices" package="junit.tests.framework" class="SuiteTest" method="testNoTestCaseClass" externalInfoUrl="https://pmd.github.io/pmd/pmd_rules_java_bestpractices.html#junitassertionsshouldincludemessage" priority="3">
JUnit assertions should include a message
</violation>
<violation beginline="55" endline="55" begincolumn="9" endcolumn="18" rule="JUnitAssertionsShouldIncludeMessage" ruleset="Best Practices" package="junit.tests.framework" class="SuiteTest" method="testNoTestCaseClass" externalInfoUrl="https://pmd.github.io/pmd/pmd_rules_java_bestpractices.html#junitassertionsshouldincludemessage" priority="3">
JUnit assertions should include a message
</violation>
<violation beginline="55" endline="55" begincolumn="9" endcolumn="44" rule="SimplifyBooleanAssertion" ruleset="Design" package="junit.tests.framework" class="SuiteTest" method="testNoTestCaseClass" externalInfoUrl="https://pmd.github.io/pmd/pmd_rules_java_design.html#simplifybooleanassertion" priority="3">
assertTrue(!expr) can be replaced by assertFalse(expr)
</violation>
<violation beginline="58" endline="64" begincolumn="12" endcolumn="5" rule="JUnitTestContainsTooManyAsserts" ruleset="Best Practices" package="junit.tests.framework" class="SuiteTest" method="testNoTestCases" externalInfoUrl="https://pmd.github.io/pmd/pmd_rules_java_bestpractices.html#junittestcontainstoomanyasserts" priority="3">
Unit tests should not contain more than 1 assert(s).
</violation>
<violation beginline="61" endline="61" begincolumn="9" endcolumn="18" rule="JUnitAssertionsShouldIncludeMessage" ruleset="Best Practices" package="junit.tests.framework" class="SuiteTest" method="testNoTestCases" externalInfoUrl="https://pmd.github.io/pmd/pmd_rules_java_bestpractices.html#junitassertionsshouldincludemessage" priority="3">
JUnit assertions should include a message
</violation>
<violation beginline="61" endline="61" begincolumn="9" endcolumn="43" rule="UseAssertSameInsteadOfAssertTrue" ruleset="Best Practices" package="junit.tests.framework" class="SuiteTest" method="testNoTestCases" externalInfoUrl="https://pmd.github.io/pmd/pmd_rules_java_bestpractices.html#useassertsameinsteadofasserttrue" priority="3">
Use assertSame(x, y) instead of assertTrue(x==y), or assertNotSame(x,y) vs assertFalse(x==y)
</violation>
<violation beginline="62" endline="62" begincolumn="9" endcolumn="18" rule="JUnitAssertionsShouldIncludeMessage" ruleset="Best Practices" package="junit.tests.framework" class="SuiteTest" method="testNoTestCases" externalInfoUrl="https://pmd.github.io/pmd/pmd_rules_java_bestpractices.html#junitassertionsshouldincludemessage" priority="3">
JUnit assertions should include a message
</violation>
<violation beginline="62" endline="62" begincolumn="9" endcolumn="47" rule="UseAssertSameInsteadOfAssertTrue" ruleset="Best Practices" package="junit.tests.framework" class="SuiteTest" method="testNoTestCases" externalInfoUrl="https://pmd.github.io/pmd/pmd_rules_java_bestpractices.html#useassertsameinsteadofasserttrue" priority="3">
Use assertSame(x, y) instead of assertTrue(x==y), or assertNotSame(x,y) vs assertFalse(x==y)
</violation>
<violation beginline="63" endline="63" begincolumn="9" endcolumn="18" rule="JUnitAssertionsShouldIncludeMessage" ruleset="Best Practices" package="junit.tests.framework" class="SuiteTest" method="testNoTestCases" externalInfoUrl="https://pmd.github.io/pmd/pmd_rules_java_bestpractices.html#junitassertionsshouldincludemessage" priority="3">
JUnit assertions should include a message
</violation>
<violation beginline="63" endline="63" begincolumn="9" endcolumn="44" rule="SimplifyBooleanAssertion" ruleset="Design" package="junit.tests.framework" class="SuiteTest" method="testNoTestCases" externalInfoUrl="https://pmd.github.io/pmd/pmd_rules_java_design.html#simplifybooleanassertion" priority="3">
assertTrue(!expr) can be replaced by assertFalse(expr)
</violation>
<violation beginline="66" endline="72" begincolumn="12" endcolumn="5" rule="JUnitTestContainsTooManyAsserts" ruleset="Best Practices" package="junit.tests.framework" class="SuiteTest" method="testNotExistingTestCase" externalInfoUrl="https://pmd.github.io/pmd/pmd_rules_java_bestpractices.html#junittestcontainstoomanyasserts" priority="3">
Unit tests should not contain more than 1 assert(s).
</violation>
<violation beginline="69" endline="69" begincolumn="9" endcolumn="18" rule="JUnitAssertionsShouldIncludeMessage" ruleset="Best Practices" package="junit.tests.framework" class="SuiteTest" method="testNotExistingTestCase" externalInfoUrl="https://pmd.github.io/pmd/pmd_rules_java_bestpractices.html#junitassertionsshouldincludemessage" priority="3">
JUnit assertions should include a message
</violation>
<violation beginline="69" endline="69" begincolumn="9" endcolumn="43" rule="UseAssertSameInsteadOfAssertTrue" ruleset="Best Practices" package="junit.tests.framework" class="SuiteTest" method="testNotExistingTestCase" externalInfoUrl="https://pmd.github.io/pmd/pmd_rules_java_bestpractices.html#useassertsameinsteadofasserttrue" priority="3">
Use assertSame(x, y) instead of assertTrue(x==y), or assertNotSame(x,y) vs assertFalse(x==y)
</violation>
<violation beginline="70" endline="70" begincolumn="9" endcolumn="18" rule="JUnitAssertionsShouldIncludeMessage" ruleset="Best Practices" package="junit.tests.framework" class="SuiteTest" method="testNotExistingTestCase" externalInfoUrl="https://pmd.github.io/pmd/pmd_rules_java_bestpractices.html#junitassertionsshouldincludemessage" priority="3">
JUnit assertions should include a message
</violation>
<violation beginline="70" endline="70" begincolumn="9" endcolumn="47" rule="UseAssertSameInsteadOfAssertTrue" ruleset="Best Practices" package="junit.tests.framework" class="SuiteTest" method="testNotExistingTestCase" externalInfoUrl="https://pmd.github.io/pmd/pmd_rules_java_bestpractices.html#useassertsameinsteadofasserttrue" priority="3">
Use assertSame(x, y) instead of assertTrue(x==y), or assertNotSame(x,y) vs assertFalse(x==y)
</violation>
<violation beginline="71" endline="71" begincolumn="9" endcolumn="18" rule="JUnitAssertionsShouldIncludeMessage" ruleset="Best Practices" package="junit.tests.framework" class="SuiteTest" method="testNotExistingTestCase" externalInfoUrl="https://pmd.github.io/pmd/pmd_rules_java_bestpractices.html#junitassertionsshouldincludemessage" priority="3">
JUnit assertions should include a message
</violation>
<violation beginline="71" endline="71" begincolumn="9" endcolumn="45" rule="UseAssertSameInsteadOfAssertTrue" ruleset="Best Practices" package="junit.tests.framework" class="SuiteTest" method="testNotExistingTestCase" externalInfoUrl="https://pmd.github.io/pmd/pmd_rules_java_bestpractices.html#useassertsameinsteadofasserttrue" priority="3">
Use assertSame(x, y) instead of assertTrue(x==y), or assertNotSame(x,y) vs assertFalse(x==y)
</violation>
<violation beginline="77" endline="77" begincolumn="9" endcolumn="20" rule="JUnitAssertionsShouldIncludeMessage" ruleset="Best Practices" package="junit.tests.framework" class="SuiteTest" method="testNotPublicTestCase" externalInfoUrl="https://pmd.github.io/pmd/pmd_rules_java_bestpractices.html#junitassertionsshouldincludemessage" priority="3">
JUnit assertions should include a message
</violation>
<violation beginline="82" endline="82" begincolumn="9" endcolumn="18" rule="JUnitAssertionsShouldIncludeMessage" ruleset="Best Practices" package="junit.tests.framework" class="SuiteTest" method="testNotVoidTestCase" externalInfoUrl="https://pmd.github.io/pmd/pmd_rules_java_bestpractices.html#junitassertionsshouldincludemessage" priority="3">
JUnit assertions should include a message
</violation>
<violation beginline="82" endline="82" begincolumn="9" endcolumn="47" rule="UseAssertSameInsteadOfAssertTrue" ruleset="Best Practices" package="junit.tests.framework" class="SuiteTest" method="testNotVoidTestCase" externalInfoUrl="https://pmd.github.io/pmd/pmd_rules_java_bestpractices.html#useassertsameinsteadofasserttrue" priority="3">
Use assertSame(x, y) instead of assertTrue(x==y), or assertNotSame(x,y) vs assertFalse(x==y)
</violation>
<violation beginline="85" endline="92" begincolumn="12" endcolumn="5" rule="JUnitTestContainsTooManyAsserts" ruleset="Best Practices" package="junit.tests.framework" class="SuiteTest" method="testOneTestCase" externalInfoUrl="https://pmd.github.io/pmd/pmd_rules_java_bestpractices.html#junittestcontainstoomanyasserts" priority="3">
Unit tests should not contain more than 1 assert(s).
</violation>
<violation beginline="88" endline="88" begincolumn="9" endcolumn="18" rule="JUnitAssertionsShouldIncludeMessage" ruleset="Best Practices" package="junit.tests.framework" class="SuiteTest" method="testOneTestCase" externalInfoUrl="https://pmd.github.io/pmd/pmd_rules_java_bestpractices.html#junitassertionsshouldincludemessage" priority="3">
JUnit assertions should include a message
</violation>
<violation beginline="88" endline="88" begincolumn="9" endcolumn="43" rule="UseAssertSameInsteadOfAssertTrue" ruleset="Best Practices" package="junit.tests.framework" class="SuiteTest" method="testOneTestCase" externalInfoUrl="https://pmd.github.io/pmd/pmd_rules_java_bestpractices.html#useassertsameinsteadofasserttrue" priority="3">
Use assertSame(x, y) instead of assertTrue(x==y), or assertNotSame(x,y) vs assertFalse(x==y)
</violation>
<violation beginline="89" endline="89" begincolumn="9" endcolumn="18" rule="JUnitAssertionsShouldIncludeMessage" ruleset="Best Practices" package="junit.tests.framework" class="SuiteTest" method="testOneTestCase" externalInfoUrl="https://pmd.github.io/pmd/pmd_rules_java_bestpractices.html#junitassertionsshouldincludemessage" priority="3">
JUnit assertions should include a message
</violation>
<violation beginline="89" endline="89" begincolumn="9" endcolumn="47" rule="UseAssertSameInsteadOfAssertTrue" ruleset="Best Practices" package="junit.tests.framework" class="SuiteTest" method="testOneTestCase" externalInfoUrl="https://pmd.github.io/pmd/pmd_rules_java_bestpractices.html#useassertsameinsteadofasserttrue" priority="3">
Use assertSame(x, y) instead of assertTrue(x==y), or assertNotSame(x,y) vs assertFalse(x==y)
</violation>
<violation beginline="90" endline="90" begincolumn="9" endcolumn="18" rule="JUnitAssertionsShouldIncludeMessage" ruleset="Best Practices" package="junit.tests.framework" class="SuiteTest" method="testOneTestCase" externalInfoUrl="https://pmd.github.io/pmd/pmd_rules_java_bestpractices.html#junitassertionsshouldincludemessage" priority="3">
JUnit assertions should include a message
</violation>
<violation beginline="90" endline="90" begincolumn="9" endcolumn="45" rule="UseAssertSameInsteadOfAssertTrue" ruleset="Best Practices" package="junit.tests.framework" class="SuiteTest" method="testOneTestCase" externalInfoUrl="https://pmd.github.io/pmd/pmd_rules_java_bestpractices.html#useassertsameinsteadofasserttrue" priority="3">
Use assertSame(x, y) instead of assertTrue(x==y), or assertNotSame(x,y) vs assertFalse(x==y)
</violation>
<violation beginline="91" endline="91" begincolumn="9" endcolumn="18" rule="JUnitAssertionsShouldIncludeMessage" ruleset="Best Practices" package="junit.tests.framework" class="SuiteTest" method="testOneTestCase" externalInfoUrl="https://pmd.github.io/pmd/pmd_rules_java_bestpractices.html#junitassertionsshouldincludemessage" priority="3">
JUnit assertions should include a message
</violation>
<violation beginline="96" endline="96" begincolumn="9" endcolumn="20" rule="JUnitAssertionsShouldIncludeMessage" ruleset="Best Practices" package="junit.tests.framework" class="SuiteTest" method="testOneTestCaseEclipseSeesSameStructureAs381" externalInfoUrl="https://pmd.github.io/pmd/pmd_rules_java_bestpractices.html#junitassertionsshouldincludemessage" priority="3">
JUnit assertions should include a message
</violation>
<violation beginline="102" endline="102" begincolumn="9" endcolumn="20" rule="JUnitAssertionsShouldIncludeMessage" ruleset="Best Practices" package="junit.tests.framework" class="SuiteTest" method="testShadowedTests" externalInfoUrl="https://pmd.github.io/pmd/pmd_rules_java_bestpractices.html#junitassertionsshouldincludemessage" priority="3">
JUnit assertions should include a message
</violation>
<violation beginline="109" endline="109" begincolumn="9" endcolumn="20" rule="JUnitAssertionsShouldIncludeMessage" ruleset="Best Practices" package="junit.tests.framework" class="SuiteTest" method="testAddTestSuite" externalInfoUrl="https://pmd.github.io/pmd/pmd_rules_java_bestpractices.html#junitassertionsshouldincludemessage" priority="3">
JUnit assertions should include a message
</violation>
<violation beginline="112" endline="117" begincolumn="12" endcolumn="5" rule="JUnitTestContainsTooManyAsserts" ruleset="Best Practices" package="junit.tests.framework" class="SuiteTest" method="testCreateSuiteFromArray" externalInfoUrl="https://pmd.github.io/pmd/pmd_rules_java_bestpractices.html#junittestcontainstoomanyasserts" priority="3">
Unit tests should not contain more than 1 assert(s).
</violation>
<violation beginline="114" endline="114" begincolumn="9" endcolumn="20" rule="JUnitAssertionsShouldIncludeMessage" ruleset="Best Practices" package="junit.tests.framework" class="SuiteTest" method="testCreateSuiteFromArray" externalInfoUrl="https://pmd.github.io/pmd/pmd_rules_java_bestpractices.html#junitassertionsshouldincludemessage" priority="3">
JUnit assertions should include a message
</violation>
<violation beginline="115" endline="115" begincolumn="9" endcolumn="20" rule="JUnitAssertionsShouldIncludeMessage" ruleset="Best Practices" package="junit.tests.framework" class="SuiteTest" method="testCreateSuiteFromArray" externalInfoUrl="https://pmd.github.io/pmd/pmd_rules_java_bestpractices.html#junitassertionsshouldincludemessage" priority="3">
JUnit assertions should include a message
</violation>
<violation beginline="116" endline="116" begincolumn="9" endcolumn="20" rule="JUnitAssertionsShouldIncludeMessage" ruleset="Best Practices" package="junit.tests.framework" class="SuiteTest" method="testCreateSuiteFromArray" externalInfoUrl="https://pmd.github.io/pmd/pmd_rules_java_bestpractices.html#junitassertionsshouldincludemessage" priority="3">
JUnit assertions should include a message
</violation>
</file>
<file name="C:\Users\Deyan\Downloads\junit4-r4.13.2\src\test\java\junit\tests\framework\TestCaseTest.java">
<violation beginline="16" endline="16" begincolumn="17" endcolumn="33" rule="RedundantFieldInitializer" ruleset="Performance" package="junit.tests.framework" class="TestCaseTest$TornDown" variable="fTornDown" externalInfoUrl="https://pmd.github.io/pmd/pmd_rules_java_performance.html#redundantfieldinitializer" priority="3">
Avoid using redundant field initializer for 'fTornDown'
</violation>
<violation beginline="16" endline="16" begincolumn="9" endcolumn="34" rule="DefaultPackage" ruleset="Code Style" package="junit.tests.framework" class="TestCaseTest$TornDown" externalInfoUrl="https://pmd.github.io/pmd/pmd_rules_java_codestyle.html#defaultpackage" priority="3">
Use explicit scoping instead of the default package private level
</violation>
<violation beginline="25" endline="25" begincolumn="23" endcolumn="27" rule="AvoidThrowingRawExceptionTypes" ruleset="Design" package="junit.tests.framework" class="TestCaseTest$TornDown" method="runTest" externalInfoUrl="https://pmd.github.io/pmd/pmd_rules_java_design.html#avoidthrowingrawexceptiontypes" priority="1">
Avoid throwing raw exception types.
</violation>
<violation beginline="33" endline="33" begincolumn="9" endcolumn="20" rule="JUnitAssertionsShouldIncludeMessage" ruleset="Best Practices" package="junit.tests.framework" class="TestCaseTest" method="testCaseToString" externalInfoUrl="https://pmd.github.io/pmd/pmd_rules_java_bestpractices.html#junitassertionsshouldincludemessage" priority="3">
JUnit assertions should include a message
</violation>
<violation beginline="40" endline="40" begincolumn="27" endcolumn="31" rule="AvoidThrowingRawExceptionTypes" ruleset="Design" package="junit.tests.framework" class="TestCaseTest" method="runTest" externalInfoUrl="https://pmd.github.io/pmd/pmd_rules_java_design.html#avoidthrowingrawexceptiontypes" priority="1">
Avoid throwing raw exception types.
</violation>
<violation beginline="51" endline="51" begincolumn="27" endcolumn="31" rule="AvoidThrowingRawExceptionTypes" ruleset="Design" package="junit.tests.framework" class="TestCaseTest" method="tearDown" externalInfoUrl="https://pmd.github.io/pmd/pmd_rules_java_design.html#avoidthrowingrawexceptiontypes" priority="1">
Avoid throwing raw exception types.
</violation>
<violation beginline="56" endline="56" begincolumn="27" endcolumn="31" rule="AvoidThrowingRawExceptionTypes" ruleset="Design" package="junit.tests.framework" class="TestCaseTest" method="runTest" externalInfoUrl="https://pmd.github.io/pmd/pmd_rules_java_design.html#avoidthrowingrawexceptiontypes" priority="1">
Avoid throwing raw exception types.
</violation>
<violation beginline="60" endline="60" begincolumn="9" endcolumn="18" rule="JUnitAssertionsShouldIncludeMessage" ruleset="Best Practices" package="junit.tests.framework" class="TestCaseTest" method="testRunAndTearDownFails" externalInfoUrl="https://pmd.github.io/pmd/pmd_rules_java_bestpractices.html#junitassertionsshouldincludemessage" priority="3">
JUnit assertions should include a message
</violation>
<violation beginline="67" endline="67" begincolumn="27" endcolumn="31" rule="AvoidThrowingRawExceptionTypes" ruleset="Design" package="junit.tests.framework" class="TestCaseTest" method="setUp" externalInfoUrl="https://pmd.github.io/pmd/pmd_rules_java_design.html#avoidthrowingrawexceptiontypes" priority="1">
Avoid throwing raw exception types.
</violation>
<violation beginline="71" endline="72" begincolumn="38" endcolumn="13" rule="UncommentedEmptyMethodBody" ruleset="Documentation" package="junit.tests.framework" class="TestCaseTest" method="runTest" externalInfoUrl="https://pmd.github.io/pmd/pmd_rules_java_documentation.html#uncommentedemptymethodbody" priority="3">
Document empty method body
</violation>
<violation beginline="80" endline="81" begincolumn="38" endcolumn="13" rule="UncommentedEmptyMethodBody" ruleset="Documentation" package="junit.tests.framework" class="TestCaseTest" method="runTest" externalInfoUrl="https://pmd.github.io/pmd/pmd_rules_java_documentation.html#uncommentedemptymethodbody" priority="3">
Document empty method body
</violation>
<violation beginline="90" endline="90" begincolumn="17" endcolumn="20" rule="JUnitAssertionsShouldIncludeMessage" ruleset="Best Practices" package="junit.tests.framework" class="TestCaseTest" method="runTest" externalInfoUrl="https://pmd.github.io/pmd/pmd_rules_java_bestpractices.html#junitassertionsshouldincludemessage" priority="3">
JUnit assertions should include a message
</violation>
<violation beginline="99" endline="99" begincolumn="9" endcolumn="18" rule="JUnitAssertionsShouldIncludeMessage" ruleset="Best Practices" package="junit.tests.framework" class="TestCaseTest" method="testTearDownAfterError" externalInfoUrl="https://pmd.github.io/pmd/pmd_rules_java_bestpractices.html#junitassertionsshouldincludemessage" priority="3">
JUnit assertions should include a message
</violation>
<violation beginline="106" endline="106" begincolumn="27" endcolumn="31" rule="AvoidThrowingRawExceptionTypes" ruleset="Design" package="junit.tests.framework" class="TestCaseTest" method="tearDown" externalInfoUrl="https://pmd.github.io/pmd/pmd_rules_java_design.html#avoidthrowingrawexceptiontypes" priority="1">
Avoid throwing raw exception types.
</violation>
<violation beginline="110" endline="111" begincolumn="38" endcolumn="13" rule="UncommentedEmptyMethodBody" ruleset="Documentation" package="junit.tests.framework" class="TestCaseTest" method="runTest" externalInfoUrl="https://pmd.github.io/pmd/pmd_rules_java_documentation.html#uncommentedemptymethodbody" priority="3">
Document empty method body
</violation>
<violation beginline="120" endline="120" begincolumn="27" endcolumn="31" rule="AvoidThrowingRawExceptionTypes" ruleset="Design" package="junit.tests.framework" class="TestCaseTest" method="setUp" externalInfoUrl="https://pmd.github.io/pmd/pmd_rules_java_design.html#avoidthrowingrawexceptiontypes" priority="1">
Avoid throwing raw exception types.
</violation>
<violation beginline="124" endline="124" begincolumn="9" endcolumn="18" rule="JUnitAssertionsShouldIncludeMessage" ruleset="Best Practices" package="junit.tests.framework" class="TestCaseTest" method="testTearDownSetupFails" externalInfoUrl="https://pmd.github.io/pmd/pmd_rules_java_bestpractices.html#junitassertionsshouldincludemessage" priority="3">
JUnit assertions should include a message
</violation>
<violation beginline="124" endline="124" begincolumn="9" endcolumn="36" rule="SimplifyBooleanAssertion" ruleset="Design" package="junit.tests.framework" class="TestCaseTest" method="testTearDownSetupFails" externalInfoUrl="https://pmd.github.io/pmd/pmd_rules_java_design.html#simplifybooleanassertion" priority="3">
assertTrue(!expr) can be replaced by assertFalse(expr)
</violation>
<violation beginline="124" endline="124" begincolumn="9" endcolumn="36" rule="UnnecessaryBooleanAssertion" ruleset="Error Prone" package="junit.tests.framework" class="TestCaseTest" method="testTearDownSetupFails" externalInfoUrl="https://pmd.github.io/pmd/pmd_rules_java_errorprone.html#unnecessarybooleanassertion" priority="3">
assertTrue(true) or similar statements are unnecessary
</violation>
<violation beginline="130" endline="130" begincolumn="9" endcolumn="18" rule="JUnitAssertionsShouldIncludeMessage" ruleset="Best Practices" package="junit.tests.framework" class="TestCaseTest" method="testWasRun" externalInfoUrl="https://pmd.github.io/pmd/pmd_rules_java_bestpractices.html#junitassertionsshouldincludemessage" priority="3">
JUnit assertions should include a message
</violation>
<violation beginline="140" endline="140" begincolumn="27" endcolumn="31" rule="AvoidThrowingRawExceptionTypes" ruleset="Design" package="junit.tests.framework" class="TestCaseTest" method="tearDown" externalInfoUrl="https://pmd.github.io/pmd/pmd_rules_java_design.html#avoidthrowingrawexceptiontypes" priority="1">
Avoid throwing raw exception types.
</violation>
<violation beginline="146" endline="146" begincolumn="9" endcolumn="20" rule="JUnitAssertionsShouldIncludeMessage" ruleset="Best Practices" package="junit.tests.framework" class="TestCaseTest" method="testExceptionRunningAndTearDown" externalInfoUrl="https://pmd.github.io/pmd/pmd_rules_java_bestpractices.html#junitassertionsshouldincludemessage" priority="3">
JUnit assertions should include a message
</violation>
<violation beginline="159" endline="159" begincolumn="27" endcolumn="31" rule="AvoidThrowingRawExceptionTypes" ruleset="Design" package="junit.tests.framework" class="TestCaseTest" method="tearDown" externalInfoUrl="https://pmd.github.io/pmd/pmd_rules_java_design.html#avoidthrowingrawexceptiontypes" priority="1">
Avoid throwing raw exception types.
</violation>
<violation beginline="164" endline="166" begincolumn="11" endcolumn="9" rule="AvoidCatchingThrowable" ruleset="Error Prone" package="junit.tests.framework" class="TestCaseTest" method="testErrorTearingDownDoesntMaskErrorRunning" externalInfoUrl="https://pmd.github.io/pmd/pmd_rules_java_errorprone.html#avoidcatchingthrowable" priority="3">
A catch statement should never catch throwable since it includes errors.
</violation>
<violation beginline="165" endline="165" begincolumn="13" endcolumn="22" rule="JUnitAssertionsShouldIncludeMessage" ruleset="Best Practices" package="junit.tests.framework" class="TestCaseTest" method="testErrorTearingDownDoesntMaskErrorRunning" externalInfoUrl="https://pmd.github.io/pmd/pmd_rules_java_bestpractices.html#junitassertionsshouldincludemessage" priority="3">
JUnit assertions should include a message
</violation>
<violation beginline="169" endline="176" begincolumn="12" endcolumn="5" rule="JUnitTestContainsTooManyAsserts" ruleset="Best Practices" package="junit.tests.framework" class="TestCaseTest" method="testNoArgTestCasePasses" externalInfoUrl="https://pmd.github.io/pmd/pmd_rules_java_bestpractices.html#junittestcontainstoomanyasserts" priority="3">
Unit tests should not contain more than 1 assert(s).
</violation>
<violation beginline="173" endline="173" begincolumn="9" endcolumn="18" rule="JUnitAssertionsShouldIncludeMessage" ruleset="Best Practices" package="junit.tests.framework" class="TestCaseTest" method="testNoArgTestCasePasses" externalInfoUrl="https://pmd.github.io/pmd/pmd_rules_java_bestpractices.html#junitassertionsshouldincludemessage" priority="3">
JUnit assertions should include a message
</violation>
<violation beginline="173" endline="173" begincolumn="9" endcolumn="42" rule="UseAssertSameInsteadOfAssertTrue" ruleset="Best Practices" package="junit.tests.framework" class="TestCaseTest" method="testNoArgTestCasePasses" externalInfoUrl="https://pmd.github.io/pmd/pmd_rules_java_bestpractices.html#useassertsameinsteadofasserttrue" priority="3">
Use assertSame(x, y) instead of assertTrue(x==y), or assertNotSame(x,y) vs assertFalse(x==y)
</violation>
<violation beginline="174" endline="174" begincolumn="9" endcolumn="18" rule="JUnitAssertionsShouldIncludeMessage" ruleset="Best Practices" package="junit.tests.framework" class="TestCaseTest" method="testNoArgTestCasePasses" externalInfoUrl="https://pmd.github.io/pmd/pmd_rules_java_bestpractices.html#junitassertionsshouldincludemessage" priority="3">
JUnit assertions should include a message
</violation>
<violation beginline="174" endline="174" begincolumn="9" endcolumn="46" rule="UseAssertSameInsteadOfAssertTrue" ruleset="Best Practices" package="junit.tests.framework" class="TestCaseTest" method="testNoArgTestCasePasses" externalInfoUrl="https://pmd.github.io/pmd/pmd_rules_java_bestpractices.html#useassertsameinsteadofasserttrue" priority="3">
Use assertSame(x, y) instead of assertTrue(x==y), or assertNotSame(x,y) vs assertFalse(x==y)
</violation>
<violation beginline="175" endline="175" begincolumn="9" endcolumn="18" rule="JUnitAssertionsShouldIncludeMessage" ruleset="Best Practices" package="junit.tests.framework" class="TestCaseTest" method="testNoArgTestCasePasses" externalInfoUrl="https://pmd.github.io/pmd/pmd_rules_java_bestpractices.html#junitassertionsshouldincludemessage" priority="3">
JUnit assertions should include a message
</violation>
<violation beginline="175" endline="175" begincolumn="9" endcolumn="44" rule="UseAssertSameInsteadOfAssertTrue" ruleset="Best Practices" package="junit.tests.framework" class="TestCaseTest" method="testNoArgTestCasePasses" externalInfoUrl="https://pmd.github.io/pmd/pmd_rules_java_bestpractices.html#useassertsameinsteadofasserttrue" priority="3">
Use assertSame(x, y) instead of assertTrue(x==y), or assertNotSame(x,y) vs assertFalse(x==y)
</violation>
<violation beginline="182" endline="182" begincolumn="9" endcolumn="20" rule="JUnitAssertionsShouldIncludeMessage" ruleset="Best Practices" package="junit.tests.framework" class="TestCaseTest" method="testNamelessTestCase" externalInfoUrl="https://pmd.github.io/pmd/pmd_rules_java_bestpractices.html#junitassertionsshouldincludemessage" priority="3">
JUnit assertions should include a message
</violation>
<violation beginline="185" endline="190" begincolumn="5" endcolumn="5" rule="DefaultPackage" ruleset="Code Style" package="junit.tests.framework" class="TestCaseTest" externalInfoUrl="https://pmd.github.io/pmd/pmd_rules_java_codestyle.html#defaultpackage" priority="3">
Use explicit scoping instead of the default package private level
</violation>
<violation beginline="187" endline="187" begincolumn="9" endcolumn="18" rule="JUnitAssertionsShouldIncludeMessage" ruleset="Best Practices" package="junit.tests.framework" class="TestCaseTest" method="verifyError" externalInfoUrl="https://pmd.github.io/pmd/pmd_rules_java_bestpractices.html#junitassertionsshouldincludemessage" priority="3">
JUnit assertions should include a message
</violation>
<violation beginline="187" endline="187" begincolumn="9" endcolumn="42" rule="UseAssertSameInsteadOfAssertTrue" ruleset="Best Practices" package="junit.tests.framework" class="TestCaseTest" method="verifyError" externalInfoUrl="https://pmd.github.io/pmd/pmd_rules_java_bestpractices.html#useassertsameinsteadofasserttrue" priority="3">
Use assertSame(x, y) instead of assertTrue(x==y), or assertNotSame(x,y) vs assertFalse(x==y)
</violation>
<violation beginline="188" endline="188" begincolumn="9" endcolumn="18" rule="JUnitAssertionsShouldIncludeMessage" ruleset="Best Practices" package="junit.tests.framework" class="TestCaseTest" method="verifyError" externalInfoUrl="https://pmd.github.io/pmd/pmd_rules_java_bestpractices.html#junitassertionsshouldincludemessage" priority="3">
JUnit assertions should include a message
</violation>
<violation beginline="188" endline="188" begincolumn="9" endcolumn="46" rule="UseAssertSameInsteadOfAssertTrue" ruleset="Best Practices" package="junit.tests.framework" class="TestCaseTest" method="verifyError" externalInfoUrl="https://pmd.github.io/pmd/pmd_rules_java_bestpractices.html#useassertsameinsteadofasserttrue" priority="3">
Use assertSame(x, y) instead of assertTrue(x==y), or assertNotSame(x,y) vs assertFalse(x==y)
</violation>
<violation beginline="189" endline="189" begincolumn="9" endcolumn="18" rule="JUnitAssertionsShouldIncludeMessage" ruleset="Best Practices" package="junit.tests.framework" class="TestCaseTest" method="verifyError" externalInfoUrl="https://pmd.github.io/pmd/pmd_rules_java_bestpractices.html#junitassertionsshouldincludemessage" priority="3">
JUnit assertions should include a message
</violation>
<violation beginline="189" endline="189" begincolumn="9" endcolumn="44" rule="UseAssertSameInsteadOfAssertTrue" ruleset="Best Practices" package="junit.tests.framework" class="TestCaseTest" method="verifyError" externalInfoUrl="https://pmd.github.io/pmd/pmd_rules_java_bestpractices.html#useassertsameinsteadofasserttrue" priority="3">
Use assertSame(x, y) instead of assertTrue(x==y), or assertNotSame(x,y) vs assertFalse(x==y)
</violation>
<violation beginline="192" endline="197" begincolumn="5" endcolumn="5" rule="DefaultPackage" ruleset="Code Style" package="junit.tests.framework" class="TestCaseTest" externalInfoUrl="https://pmd.github.io/pmd/pmd_rules_java_codestyle.html#defaultpackage" priority="3">
Use explicit scoping instead of the default package private level
</violation>
<violation beginline="194" endline="194" begincolumn="9" endcolumn="18" rule="JUnitAssertionsShouldIncludeMessage" ruleset="Best Practices" package="junit.tests.framework" class="TestCaseTest" method="verifyFailure" externalInfoUrl="https://pmd.github.io/pmd/pmd_rules_java_bestpractices.html#junitassertionsshouldincludemessage" priority="3">
JUnit assertions should include a message
</violation>
<violation beginline="194" endline="194" begincolumn="9" endcolumn="42" rule="UseAssertSameInsteadOfAssertTrue" ruleset="Best Practices" package="junit.tests.framework" class="TestCaseTest" method="verifyFailure" externalInfoUrl="https://pmd.github.io/pmd/pmd_rules_java_bestpractices.html#useassertsameinsteadofasserttrue" priority="3">
Use assertSame(x, y) instead of assertTrue(x==y), or assertNotSame(x,y) vs assertFalse(x==y)
</violation>
<violation beginline="195" endline="195" begincolumn="9" endcolumn="18" rule="JUnitAssertionsShouldIncludeMessage" ruleset="Best Practices" package="junit.tests.framework" class="TestCaseTest" method="verifyFailure" externalInfoUrl="https://pmd.github.io/pmd/pmd_rules_java_bestpractices.html#junitassertionsshouldincludemessage" priority="3">
JUnit assertions should include a message
</violation>
<violation beginline="195" endline="195" begincolumn="9" endcolumn="46" rule="UseAssertSameInsteadOfAssertTrue" ruleset="Best Practices" package="junit.tests.framework" class="TestCaseTest" method="verifyFailure" externalInfoUrl="https://pmd.github.io/pmd/pmd_rules_java_bestpractices.html#useassertsameinsteadofasserttrue" priority="3">
Use assertSame(x, y) instead of assertTrue(x==y), or assertNotSame(x,y) vs assertFalse(x==y)
</violation>
<violation beginline="196" endline="196" begincolumn="9" endcolumn="18" rule="JUnitAssertionsShouldIncludeMessage" ruleset="Best Practices" package="junit.tests.framework" class="TestCaseTest" method="verifyFailure" externalInfoUrl="https://pmd.github.io/pmd/pmd_rules_java_bestpractices.html#junitassertionsshouldincludemessage" priority="3">
JUnit assertions should include a message
</violation>
<violation beginline="196" endline="196" begincolumn="9" endcolumn="44" rule="UseAssertSameInsteadOfAssertTrue" ruleset="Best Practices" package="junit.tests.framework" class="TestCaseTest" method="verifyFailure" externalInfoUrl="https://pmd.github.io/pmd/pmd_rules_java_bestpractices.html#useassertsameinsteadofasserttrue" priority="3">
Use assertSame(x, y) instead of assertTrue(x==y), or assertNotSame(x,y) vs assertFalse(x==y)
</violation>
<violation beginline="199" endline="204" begincolumn="5" endcolumn="5" rule="DefaultPackage" ruleset="Code Style" package="junit.tests.framework" class="TestCaseTest" externalInfoUrl="https://pmd.github.io/pmd/pmd_rules_java_codestyle.html#defaultpackage" priority="3">
Use explicit scoping instead of the default package private level
</violation>
<violation beginline="201" endline="201" begincolumn="9" endcolumn="18" rule="JUnitAssertionsShouldIncludeMessage" ruleset="Best Practices" package="junit.tests.framework" class="TestCaseTest" method="verifySuccess" externalInfoUrl="https://pmd.github.io/pmd/pmd_rules_java_bestpractices.html#junitassertionsshouldincludemessage" priority="3">
JUnit assertions should include a message
</violation>
<violation beginline="201" endline="201" begincolumn="9" endcolumn="42" rule="UseAssertSameInsteadOfAssertTrue" ruleset="Best Practices" package="junit.tests.framework" class="TestCaseTest" method="verifySuccess" externalInfoUrl="https://pmd.github.io/pmd/pmd_rules_java_bestpractices.html#useassertsameinsteadofasserttrue" priority="3">
Use assertSame(x, y) instead of assertTrue(x==y), or assertNotSame(x,y) vs assertFalse(x==y)
</violation>
<violation beginline="202" endline="202" begincolumn="9" endcolumn="18" rule="JUnitAssertionsShouldIncludeMessage" ruleset="Best Practices" package="junit.tests.framework" class="TestCaseTest" method="verifySuccess" externalInfoUrl="https://pmd.github.io/pmd/pmd_rules_java_bestpractices.html#junitassertionsshouldincludemessage" priority="3">
JUnit assertions should include a message
</violation>
<violation beginline="202" endline="202" begincolumn="9" endcolumn="46" rule="UseAssertSameInsteadOfAssertTrue" ruleset="Best Practices" package="junit.tests.framework" class="TestCaseTest" method="verifySuccess" externalInfoUrl="https://pmd.github.io/pmd/pmd_rules_java_bestpractices.html#useassertsameinsteadofasserttrue" priority="3">
Use assertSame(x, y) instead of assertTrue(x==y), or assertNotSame(x,y) vs assertFalse(x==y)
</violation>
<violation beginline="203" endline="203" begincolumn="9" endcolumn="18" rule="JUnitAssertionsShouldIncludeMessage" ruleset="Best Practices" package="junit.tests.framework" class="TestCaseTest" method="verifySuccess" externalInfoUrl="https://pmd.github.io/pmd/pmd_rules_java_bestpractices.html#junitassertionsshouldincludemessage" priority="3">
JUnit assertions should include a message
</violation>
<violation beginline="203" endline="203" begincolumn="9" endcolumn="44" rule="UseAssertSameInsteadOfAssertTrue" ruleset="Best Practices" package="junit.tests.framework" class="TestCaseTest" method="verifySuccess" externalInfoUrl="https://pmd.github.io/pmd/pmd_rules_java_bestpractices.html#useassertsameinsteadofasserttrue" priority="3">
Use assertSame(x, y) instead of assertTrue(x==y), or assertNotSame(x,y) vs assertFalse(x==y)
</violation>
</file>
<file name="C:\Users\Deyan\Downloads\junit4-r4.13.2\src\test\java\junit\tests\framework\TestImplementorTest.java">
<violation beginline="13" endline="13" begincolumn="26" endcolumn="34" rule="ImmutableField" ruleset="Design" package="junit.tests.framework" class="TestImplementorTest$DoubleTestCase" variable="fTestCase" externalInfoUrl="https://pmd.github.io/pmd/pmd_rules_java_design.html#immutablefield" priority="3">
Private field 'fTestCase' could be made final; it is only initialized in the declaration or constructor.
</violation>
<violation beginline="36" endline="36" begincolumn="13" endcolumn="33" rule="FieldDeclarationsShouldBeAtStartOfClass" ruleset="Code Style" package="junit.tests.framework" class="TestImplementorTest" variable="VariableDeclaratorId" externalInfoUrl="https://pmd.github.io/pmd/pmd_rules_java_codestyle.html#fielddeclarationsshouldbeatstartofclass" priority="3">
Fields should be declared at the top of the class, before any method declarations, constructors, initializers or inner classes.
</violation>
<violation beginline="36" endline="36" begincolumn="28" endcolumn="32" rule="ImmutableField" ruleset="Design" package="junit.tests.framework" class="TestImplementorTest" variable="fTest" externalInfoUrl="https://pmd.github.io/pmd/pmd_rules_java_design.html#immutablefield" priority="3">
Private field 'fTest' could be made final; it is only initialized in the declaration or constructor.
</violation>
<violation beginline="41" endline="42" begincolumn="35" endcolumn="13" rule="UncommentedEmptyMethodBody" ruleset="Documentation" package="junit.tests.framework" class="TestImplementorTest" method="runTest" externalInfoUrl="https://pmd.github.io/pmd/pmd_rules_java_documentation.html#uncommentedemptymethodbody" priority="3">
Document empty method body
</violation>
<violation beginline="47" endline="53" begincolumn="12" endcolumn="5" rule="JUnitTestContainsTooManyAsserts" ruleset="Best Practices" package="junit.tests.framework" class="TestImplementorTest" method="testSuccessfulRun" externalInfoUrl="https://pmd.github.io/pmd/pmd_rules_java_bestpractices.html#junittestcontainstoomanyasserts" priority="3">
Unit tests should not contain more than 1 assert(s).
</violation>
<violation beginline="50" endline="50" begincolumn="9" endcolumn="20" rule="JUnitAssertionsShouldIncludeMessage" ruleset="Best Practices" package="junit.tests.framework" class="TestImplementorTest" method="testSuccessfulRun" externalInfoUrl="https://pmd.github.io/pmd/pmd_rules_java_bestpractices.html#junitassertionsshouldincludemessage" priority="3">
JUnit assertions should include a message
</violation>
<violation beginline="51" endline="51" begincolumn="9" endcolumn="20" rule="JUnitAssertionsShouldIncludeMessage" ruleset="Best Practices" package="junit.tests.framework" class="TestImplementorTest" method="testSuccessfulRun" externalInfoUrl="https://pmd.github.io/pmd/pmd_rules_java_bestpractices.html#junitassertionsshouldincludemessage" priority="3">
JUnit assertions should include a message
</violation>
<violation beginline="52" endline="52" begincolumn="9" endcolumn="20" rule="JUnitAssertionsShouldIncludeMessage" ruleset="Best Practices" package="junit.tests.framework" class="TestImplementorTest" method="testSuccessfulRun" externalInfoUrl="https://pmd.github.io/pmd/pmd_rules_java_bestpractices.html#junitassertionsshouldincludemessage" priority="3">
JUnit assertions should include a message
</violation>
</file>
<file name="C:\Users\Deyan\Downloads\junit4-r4.13.2\src\test\java\junit\tests\framework\TestListenerTest.java">
<violation beginline="46" endline="56" begincolumn="12" endcolumn="5" rule="JUnitTestContainsTooManyAsserts" ruleset="Best Practices" package="junit.tests.framework" class="TestListenerTest" method="testError" externalInfoUrl="https://pmd.github.io/pmd/pmd_rules_java_bestpractices.html#junittestcontainstoomanyasserts" priority="3">
Unit tests should not contain more than 1 assert(s).
</violation>
<violation beginline="50" endline="50" begincolumn="27" endcolumn="31" rule="AvoidThrowingRawExceptionTypes" ruleset="Design" package="junit.tests.framework" class="TestListenerTest" method="runTest" externalInfoUrl="https://pmd.github.io/pmd/pmd_rules_java_design.html#avoidthrowingrawexceptiontypes" priority="1">
Avoid throwing raw exception types.
</violation>
<violation beginline="54" endline="54" begincolumn="9" endcolumn="20" rule="JUnitAssertionsShouldIncludeMessage" ruleset="Best Practices" package="junit.tests.framework" class="TestListenerTest" method="testError" externalInfoUrl="https://pmd.github.io/pmd/pmd_rules_java_bestpractices.html#junitassertionsshouldincludemessage" priority="3">
JUnit assertions should include a message
</violation>
<violation beginline="55" endline="55" begincolumn="9" endcolumn="20" rule="JUnitAssertionsShouldIncludeMessage" ruleset="Best Practices" package="junit.tests.framework" class="TestListenerTest" method="testError" externalInfoUrl="https://pmd.github.io/pmd/pmd_rules_java_bestpractices.html#junitassertionsshouldincludemessage" priority="3">
JUnit assertions should include a message
</violation>
<violation beginline="58" endline="68" begincolumn="12" endcolumn="5" rule="JUnitTestContainsTooManyAsserts" ruleset="Best Practices" package="junit.tests.framework" class="TestListenerTest" method="testFailure" externalInfoUrl="https://pmd.github.io/pmd/pmd_rules_java_bestpractices.html#junittestcontainstoomanyasserts" priority="3">
Unit tests should not contain more than 1 assert(s).
</violation>
<violation beginline="62" endline="62" begincolumn="17" endcolumn="20" rule="JUnitAssertionsShouldIncludeMessage" ruleset="Best Practices" package="junit.tests.framework" class="TestListenerTest" method="runTest" externalInfoUrl="https://pmd.github.io/pmd/pmd_rules_java_bestpractices.html#junitassertionsshouldincludemessage" priority="3">
JUnit assertions should include a message
</violation>
<violation beginline="66" endline="66" begincolumn="9" endcolumn="20" rule="JUnitAssertionsShouldIncludeMessage" ruleset="Best Practices" package="junit.tests.framework" class="TestListenerTest" method="testFailure" externalInfoUrl="https://pmd.github.io/pmd/pmd_rules_java_bestpractices.html#junitassertionsshouldincludemessage" priority="3">
JUnit assertions should include a message
</violation>
<violation beginline="67" endline="67" begincolumn="9" endcolumn="20" rule="JUnitAssertionsShouldIncludeMessage" ruleset="Best Practices" package="junit.tests.framework" class="TestListenerTest" method="testFailure" externalInfoUrl="https://pmd.github.io/pmd/pmd_rules_java_bestpractices.html#junitassertionsshouldincludemessage" priority="3">
JUnit assertions should include a message
</violation>
<violation beginline="70" endline="79" begincolumn="12" endcolumn="5" rule="JUnitTestContainsTooManyAsserts" ruleset="Best Practices" package="junit.tests.framework" class="TestListenerTest" method="testStartStop" externalInfoUrl="https://pmd.github.io/pmd/pmd_rules_java_bestpractices.html#junittestcontainstoomanyasserts" priority="3">
Unit tests should not contain more than 1 assert(s).
</violation>
<violation beginline="73" endline="74" begincolumn="35" endcolumn="13" rule="UncommentedEmptyMethodBody" ruleset="Documentation" package="junit.tests.framework" class="TestListenerTest" method="runTest" externalInfoUrl="https://pmd.github.io/pmd/pmd_rules_java_documentation.html#uncommentedemptymethodbody" priority="3">
Document empty method body
</violation>
<violation beginline="77" endline="77" begincolumn="9" endcolumn="20" rule="JUnitAssertionsShouldIncludeMessage" ruleset="Best Practices" package="junit.tests.framework" class="TestListenerTest" method="testStartStop" externalInfoUrl="https://pmd.github.io/pmd/pmd_rules_java_bestpractices.html#junitassertionsshouldincludemessage" priority="3">
JUnit assertions should include a message
</violation>
<violation beginline="78" endline="78" begincolumn="9" endcolumn="20" rule="JUnitAssertionsShouldIncludeMessage" ruleset="Best Practices" package="junit.tests.framework" class="TestListenerTest" method="testStartStop" externalInfoUrl="https://pmd.github.io/pmd/pmd_rules_java_bestpractices.html#junitassertionsshouldincludemessage" priority="3">
JUnit assertions should include a message
</violation>
</file>
<file name="C:\Users\Deyan\Downloads\junit4-r4.13.2\src\test\java\junit\tests\framework\ThreeTestCases.java">
<violation beginline="9" endline="10" begincolumn="28" endcolumn="5" rule="UncommentedEmptyMethodBody" ruleset="Documentation" package="junit.tests.framework" class="ThreeTestCases" method="testCase" externalInfoUrl="https://pmd.github.io/pmd/pmd_rules_java_documentation.html#uncommentedemptymethodbody" priority="3">
Document empty method body
</violation>
<violation beginline="9" endline="10" begincolumn="12" endcolumn="5" rule="JUnitTestsShouldIncludeAssert" ruleset="Best Practices" package="junit.tests.framework" class="ThreeTestCases" method="testCase" externalInfoUrl="https://pmd.github.io/pmd/pmd_rules_java_bestpractices.html#junittestsshouldincludeassert" priority="3">
JUnit tests should include assert() or fail()
</violation>
<violation beginline="12" endline="13" begincolumn="29" endcolumn="5" rule="UncommentedEmptyMethodBody" ruleset="Documentation" package="junit.tests.framework" class="ThreeTestCases" method="testCase2" externalInfoUrl="https://pmd.github.io/pmd/pmd_rules_java_documentation.html#uncommentedemptymethodbody" priority="3">
Document empty method body
</violation>
<violation beginline="12" endline="13" begincolumn="12" endcolumn="5" rule="JUnitTestsShouldIncludeAssert" ruleset="Best Practices" package="junit.tests.framework" class="ThreeTestCases" method="testCase2" externalInfoUrl="https://pmd.github.io/pmd/pmd_rules_java_bestpractices.html#junittestsshouldincludeassert" priority="3">
JUnit tests should include assert() or fail()
</violation>
<violation beginline="15" endline="16" begincolumn="48" endcolumn="5" rule="UncommentedEmptyMethodBody" ruleset="Documentation" package="junit.tests.framework" class="ThreeTestCases" method="testCase3thisTimeItsPersonal" externalInfoUrl="https://pmd.github.io/pmd/pmd_rules_java_documentation.html#uncommentedemptymethodbody" priority="3">
Document empty method body
</violation>
<violation beginline="15" endline="16" begincolumn="12" endcolumn="5" rule="JUnitTestsShouldIncludeAssert" ruleset="Best Practices" package="junit.tests.framework" class="ThreeTestCases" method="testCase3thisTimeItsPersonal" externalInfoUrl="https://pmd.github.io/pmd/pmd_rules_java_bestpractices.html#junittestsshouldincludeassert" priority="3">
JUnit tests should include assert() or fail()
</violation>
</file>
<file name="C:\Users\Deyan\Downloads\junit4-r4.13.2\src\test\java\junit\tests\runner\AllTests.java">
<violation beginline="26" endline="29" begincolumn="5" endcolumn="5" rule="DefaultPackage" ruleset="Code Style" package="junit.tests.runner" class="AllTests" externalInfoUrl="https://pmd.github.io/pmd/pmd_rules_java_codestyle.html#defaultpackage" priority="3">
Use explicit scoping instead of the default package private level
</violation>
</file>
<file name="C:\Users\Deyan\Downloads\junit4-r4.13.2\src\test\java\junit\tests\runner\BaseTestRunnerTest.java">
<violation beginline="10" endline="10" begincolumn="25" endcolumn="42" rule="RedundantFieldInitializer" ruleset="Performance" package="junit.tests.runner" class="BaseTestRunnerTest$MockRunner" variable="fRunFailed" externalInfoUrl="https://pmd.github.io/pmd/pmd_rules_java_performance.html#redundantfieldinitializer" priority="3">
Avoid using redundant field initializer for 'fRunFailed'
</violation>
<violation beginline="18" endline="19" begincolumn="48" endcolumn="9" rule="UncommentedEmptyMethodBody" ruleset="Documentation" package="junit.tests.runner" class="BaseTestRunnerTest$MockRunner" method="testEnded" externalInfoUrl="https://pmd.github.io/pmd/pmd_rules_java_documentation.html#uncommentedemptymethodbody" priority="3">
Document empty method body
</violation>
<violation beginline="18" endline="19" begincolumn="16" endcolumn="9" rule="JUnitTestsShouldIncludeAssert" ruleset="Best Practices" package="junit.tests.runner" class="BaseTestRunnerTest$MockRunner" method="testEnded" externalInfoUrl="https://pmd.github.io/pmd/pmd_rules_java_bestpractices.html#junittestsshouldincludeassert" priority="3">
JUnit tests should include assert() or fail()
</violation>
<violation beginline="22" endline="23" begincolumn="68" endcolumn="9" rule="UncommentedEmptyMethodBody" ruleset="Documentation" package="junit.tests.runner" class="BaseTestRunnerTest$MockRunner" method="testFailed" externalInfoUrl="https://pmd.github.io/pmd/pmd_rules_java_documentation.html#uncommentedemptymethodbody" priority="3">
Document empty method body
</violation>
<violation beginline="22" endline="23" begincolumn="16" endcolumn="9" rule="JUnitTestsShouldIncludeAssert" ruleset="Best Practices" package="junit.tests.runner" class="BaseTestRunnerTest$MockRunner" method="testFailed" externalInfoUrl="https://pmd.github.io/pmd/pmd_rules_java_bestpractices.html#junittestsshouldincludeassert" priority="3">
JUnit tests should include assert() or fail()
</violation>
<violation beginline="26" endline="27" begincolumn="50" endcolumn="9" rule="UncommentedEmptyMethodBody" ruleset="Documentation" package="junit.tests.runner" class="BaseTestRunnerTest$MockRunner" method="testStarted" externalInfoUrl="https://pmd.github.io/pmd/pmd_rules_java_documentation.html#uncommentedemptymethodbody" priority="3">
Document empty method body
</violation>
<violation beginline="26" endline="27" begincolumn="16" endcolumn="9" rule="JUnitTestsShouldIncludeAssert" ruleset="Best Practices" package="junit.tests.runner" class="BaseTestRunnerTest$MockRunner" method="testStarted" externalInfoUrl="https://pmd.github.io/pmd/pmd_rules_java_bestpractices.html#junittestsshouldincludeassert" priority="3">
JUnit tests should include assert() or fail()
</violation>
<violation beginline="31" endline="33" begincolumn="16" endcolumn="9" rule="JUnitStaticSuite" ruleset="Error Prone" package="junit.tests.runner" class="BaseTestRunnerTest$NonStatic" method="suite" externalInfoUrl="https://pmd.github.io/pmd/pmd_rules_java_errorprone.html#junitstaticsuite" priority="3">
You have a suite() method that is not both public and static, so JUnit wont call it to get your TestSuite.  Is that what you wanted to do?
</violation>
<violation beginline="36" endline="39" begincolumn="12" endcolumn="5" rule="JUnitTestsShouldIncludeAssert" ruleset="Best Practices" package="junit.tests.runner" class="BaseTestRunnerTest" method="testInvokeNonStaticSuite" externalInfoUrl="https://pmd.github.io/pmd/pmd_rules_java_bestpractices.html#junittestsshouldincludeassert" priority="3">
JUnit tests should include assert() or fail()
</violation>
<violation beginline="50" endline="50" begincolumn="9" endcolumn="19" rule="JUnitAssertionsShouldIncludeMessage" ruleset="Best Practices" package="junit.tests.runner" class="BaseTestRunnerTest" method="testInvokeSuiteOnNonSubclassOfTestCase" externalInfoUrl="https://pmd.github.io/pmd/pmd_rules_java_bestpractices.html#junitassertionsshouldincludemessage" priority="3">
JUnit assertions should include a message
</violation>
</file>
<file name="C:\Users\Deyan\Downloads\junit4-r4.13.2\src\test\java\junit\tests\runner\ResultTest.java">
<violation beginline="21" endline="21" begincolumn="13" endcolumn="30" rule="SingularField" ruleset="Design" package="junit.tests.runner" class="ResultTest" variable="VariableDeclaratorId" externalInfoUrl="https://pmd.github.io/pmd/pmd_rules_java_design.html#singularfield" priority="3">
Perhaps 'fromStream' could be replaced by a local variable.
</violation>
<violation beginline="90" endline="90" begincolumn="21" endcolumn="28" rule="CloseResource" ruleset="Error Prone" package="junit.tests.runner" class="ResultTest" method="assertResultReserializable" variable="resource" externalInfoUrl="https://pmd.github.io/pmd/pmd_rules_java_errorprone.html#closeresource" priority="3">
Ensure that resources like this InputStream object are closed after use
</violation>
<violation beginline="92" endline="92" begincolumn="27" endcolumn="43" rule="CloseResource" ruleset="Error Prone" package="junit.tests.runner" class="ResultTest" method="assertResultReserializable" variable="objectInputStream" externalInfoUrl="https://pmd.github.io/pmd/pmd_rules_java_errorprone.html#closeresource" priority="3">
Ensure that resources like this InputStream object are closed after use
</violation>
<violation beginline="101" endline="101" begincolumn="47" endcolumn="55" rule="SignatureDeclareThrowsException" ruleset="Design" package="junit.tests.runner" class="ResultTest$AssumptionFailedTest" method="assumptionFailed" externalInfoUrl="https://pmd.github.io/pmd/pmd_rules_java_design.html#signaturedeclarethrowsexception" priority="3">
A method/constructor should not explicitly throw java.lang.Exception
</violation>
<violation beginline="153" endline="153" begincolumn="9" endcolumn="21" rule="JUnitAssertionsShouldIncludeMessage" ruleset="Best Practices" package="junit.tests.runner" class="ResultTest" method="assertSerializedCorrectly" externalInfoUrl="https://pmd.github.io/pmd/pmd_rules_java_bestpractices.html#junitassertionsshouldincludemessage" priority="3">
JUnit assertions should include a message
</violation>
</file>
<file name="C:\Users\Deyan\Downloads\junit4-r4.13.2\src\test\java\junit\tests\runner\StackFilterTest.java">
<violation beginline="10" endline="10" begincolumn="5" endcolumn="21" rule="DefaultPackage" ruleset="Code Style" package="junit.tests.runner" class="StackFilterTest" externalInfoUrl="https://pmd.github.io/pmd/pmd_rules_java_codestyle.html#defaultpackage" priority="3">
Use explicit scoping instead of the default package private level
</violation>
<violation beginline="11" endline="11" begincolumn="5" endcolumn="23" rule="DefaultPackage" ruleset="Code Style" package="junit.tests.runner" class="StackFilterTest" externalInfoUrl="https://pmd.github.io/pmd/pmd_rules_java_codestyle.html#defaultpackage" priority="3">
Use explicit scoping instead of the default package private level
</violation>
<violation beginline="44" endline="44" begincolumn="9" endcolumn="20" rule="JUnitAssertionsShouldIncludeMessage" ruleset="Best Practices" package="junit.tests.runner" class="StackFilterTest" method="testFilter" externalInfoUrl="https://pmd.github.io/pmd/pmd_rules_java_bestpractices.html#junitassertionsshouldincludemessage" priority="3">
JUnit assertions should include a message
</violation>
</file>
<file name="C:\Users\Deyan\Downloads\junit4-r4.13.2\src\test\java\junit\tests\runner\TextFeedbackTest.java">
<violation beginline="15" endline="15" begincolumn="5" endcolumn="24" rule="DefaultPackage" ruleset="Code Style" package="junit.tests.runner" class="TextFeedbackTest" externalInfoUrl="https://pmd.github.io/pmd/pmd_rules_java_codestyle.html#defaultpackage" priority="3">
Use explicit scoping instead of the default package private level
</violation>
<violation beginline="16" endline="16" begincolumn="5" endcolumn="22" rule="DefaultPackage" ruleset="Code Style" package="junit.tests.runner" class="TextFeedbackTest" externalInfoUrl="https://pmd.github.io/pmd/pmd_rules_java_codestyle.html#defaultpackage" priority="3">
Use explicit scoping instead of the default package private level
</violation>
<violation beginline="42" endline="42" begincolumn="53" endcolumn="61" rule="AvoidDuplicateLiterals" ruleset="Error Prone" package="junit.tests.runner" class="TextFeedbackTest" method="testEmptySuite" externalInfoUrl="https://pmd.github.io/pmd/pmd_rules_java_errorprone.html#avoidduplicateliterals" priority="3">
The String literal "Time: 0" appears 5 times in this file; the first occurrence is on line 42
</violation>
<violation beginline="44" endline="44" begincolumn="9" endcolumn="20" rule="JUnitAssertionsShouldIncludeMessage" ruleset="Best Practices" package="junit.tests.runner" class="TextFeedbackTest" method="testEmptySuite" externalInfoUrl="https://pmd.github.io/pmd/pmd_rules_java_bestpractices.html#junitassertionsshouldincludemessage" priority="3">
JUnit assertions should include a message
</violation>
<violation beginline="53" endline="54" begincolumn="35" endcolumn="13" rule="UncommentedEmptyMethodBody" ruleset="Documentation" package="junit.tests.runner" class="TextFeedbackTest" method="runTest" externalInfoUrl="https://pmd.github.io/pmd/pmd_rules_java_documentation.html#uncommentedemptymethodbody" priority="3">
Document empty method body
</violation>
<violation beginline="57" endline="57" begincolumn="9" endcolumn="20" rule="JUnitAssertionsShouldIncludeMessage" ruleset="Best Practices" package="junit.tests.runner" class="TextFeedbackTest" method="testOneTest" externalInfoUrl="https://pmd.github.io/pmd/pmd_rules_java_bestpractices.html#junitassertionsshouldincludemessage" priority="3">
JUnit assertions should include a message
</violation>
<violation beginline="65" endline="66" begincolumn="35" endcolumn="13" rule="UncommentedEmptyMethodBody" ruleset="Documentation" package="junit.tests.runner" class="TextFeedbackTest" method="runTest" externalInfoUrl="https://pmd.github.io/pmd/pmd_rules_java_documentation.html#uncommentedemptymethodbody" priority="3">
Document empty method body
</violation>
<violation beginline="70" endline="71" begincolumn="35" endcolumn="13" rule="UncommentedEmptyMethodBody" ruleset="Documentation" package="junit.tests.runner" class="TextFeedbackTest" method="runTest" externalInfoUrl="https://pmd.github.io/pmd/pmd_rules_java_documentation.html#uncommentedemptymethodbody" priority="3">
Document empty method body
</violation>
<violation beginline="74" endline="74" begincolumn="9" endcolumn="20" rule="JUnitAssertionsShouldIncludeMessage" ruleset="Best Practices" package="junit.tests.runner" class="TextFeedbackTest" method="testTwoTests" externalInfoUrl="https://pmd.github.io/pmd/pmd_rules_java_bestpractices.html#junitassertionsshouldincludemessage" priority="3">
JUnit assertions should include a message
</violation>
<violation beginline="94" endline="94" begincolumn="9" endcolumn="20" rule="JUnitAssertionsShouldIncludeMessage" ruleset="Best Practices" package="junit.tests.runner" class="TextFeedbackTest" method="testFailure" externalInfoUrl="https://pmd.github.io/pmd/pmd_rules_java_bestpractices.html#junitassertionsshouldincludemessage" priority="3">
JUnit assertions should include a message
</violation>
<violation beginline="110" endline="110" begincolumn="27" endcolumn="35" rule="AvoidThrowingRawExceptionTypes" ruleset="Design" package="junit.tests.runner" class="TextFeedbackTest" method="runTest" externalInfoUrl="https://pmd.github.io/pmd/pmd_rules_java_design.html#avoidthrowingrawexceptiontypes" priority="1">
Avoid throwing raw exception types.
</violation>
<violation beginline="114" endline="114" begincolumn="9" endcolumn="20" rule="JUnitAssertionsShouldIncludeMessage" ruleset="Best Practices" package="junit.tests.runner" class="TextFeedbackTest" method="testError" externalInfoUrl="https://pmd.github.io/pmd/pmd_rules_java_bestpractices.html#junitassertionsshouldincludemessage" priority="3">
JUnit assertions should include a message
</violation>
<violation beginline="117" endline="117" begincolumn="29" endcolumn="42" rule="UseVarargs" ruleset="Best Practices" package="junit.tests.runner" class="TextFeedbackTest" method="expected" variable="lines" externalInfoUrl="https://pmd.github.io/pmd/pmd_rules_java_bestpractices.html#usevarargs" priority="4">
Consider using varargs for methods or constructors which take an array the last parameter.
</violation>
<violation beginline="119" endline="119" begincolumn="21" endcolumn="34" rule="CloseResource" ruleset="Error Prone" package="junit.tests.runner" class="TextFeedbackTest" method="expected" variable="expectedWriter" externalInfoUrl="https://pmd.github.io/pmd/pmd_rules_java_errorprone.html#closeresource" priority="3">
Ensure that resources like this OutputStream object are closed after use
</violation>
<violation beginline="120" endline="122" begincolumn="9" endcolumn="9" rule="ForLoopCanBeForeach" ruleset="Best Practices" package="junit.tests.runner" class="TextFeedbackTest" method="expected" externalInfoUrl="https://pmd.github.io/pmd/pmd_rules_java_bestpractices.html#forloopcanbeforeach" priority="3">
This for loop can be replaced by a foreach loop
</violation>
</file>
<file name="C:\Users\Deyan\Downloads\junit4-r4.13.2\src\test\java\junit\tests\runner\TextRunnerSingleMethodTest.java">
<violation beginline="15" endline="15" begincolumn="5" endcolumn="32" rule="DefaultPackage" ruleset="Code Style" package="junit.tests.runner" class="TextRunnerSingleMethodTest" externalInfoUrl="https://pmd.github.io/pmd/pmd_rules_java_codestyle.html#defaultpackage" priority="3">
Use explicit scoping instead of the default package private level
</violation>
<violation beginline="19" endline="21" begincolumn="16" endcolumn="9" rule="JUnitTestsShouldIncludeAssert" ruleset="Best Practices" package="junit.tests.runner" class="TextRunnerSingleMethodTest$InvocationTest" method="testWasInvoked" externalInfoUrl="https://pmd.github.io/pmd/pmd_rules_java_bestpractices.html#junittestsshouldincludeassert" priority="3">
JUnit tests should include assert() or fail()
</violation>
<violation beginline="36" endline="36" begincolumn="9" endcolumn="18" rule="JUnitAssertionsShouldIncludeMessage" ruleset="Best Practices" package="junit.tests.runner" class="TextRunnerSingleMethodTest" method="testSingle" externalInfoUrl="https://pmd.github.io/pmd/pmd_rules_java_bestpractices.html#junitassertionsshouldincludemessage" priority="3">
JUnit assertions should include a message
</violation>
</file>
<file name="C:\Users\Deyan\Downloads\junit4-r4.13.2\src\test\java\junit\tests\runner\TextRunnerTest.java">
<violation beginline="15" endline="17" begincolumn="12" endcolumn="5" rule="JUnitTestsShouldIncludeAssert" ruleset="Best Practices" package="junit.tests.runner" class="TextRunnerTest" method="testFailure" externalInfoUrl="https://pmd.github.io/pmd/pmd_rules_java_bestpractices.html#junittestsshouldincludeassert" priority="3">
JUnit tests should include assert() or fail()
</violation>
<violation beginline="19" endline="21" begincolumn="12" endcolumn="5" rule="JUnitTestsShouldIncludeAssert" ruleset="Best Practices" package="junit.tests.runner" class="TextRunnerTest" method="testSuccess" externalInfoUrl="https://pmd.github.io/pmd/pmd_rules_java_bestpractices.html#junittestsshouldincludeassert" priority="3">
JUnit tests should include assert() or fail()
</violation>
<violation beginline="23" endline="25" begincolumn="12" endcolumn="5" rule="JUnitTestsShouldIncludeAssert" ruleset="Best Practices" package="junit.tests.runner" class="TextRunnerTest" method="testError" externalInfoUrl="https://pmd.github.io/pmd/pmd_rules_java_bestpractices.html#junittestsshouldincludeassert" priority="3">
JUnit tests should include assert() or fail()
</violation>
<violation beginline="27" endline="27" begincolumn="61" endcolumn="69" rule="SignatureDeclareThrowsException" ruleset="Design" package="junit.tests.runner" class="TextRunnerTest" method="execTest" externalInfoUrl="https://pmd.github.io/pmd/pmd_rules_java_design.html#signaturedeclarethrowsexception" priority="3">
A method/constructor should not explicitly throw java.lang.Exception
</violation>
<violation beginline="27" endline="42" begincolumn="5" endcolumn="5" rule="DefaultPackage" ruleset="Code Style" package="junit.tests.runner" class="TextRunnerTest" externalInfoUrl="https://pmd.github.io/pmd/pmd_rules_java_codestyle.html#defaultpackage" priority="3">
Use explicit scoping instead of the default package private level
</violation>
<violation beginline="33" endline="33" begincolumn="21" endcolumn="21" rule="CloseResource" ruleset="Error Prone" package="junit.tests.runner" class="TextRunnerTest" method="execTest" variable="i" externalInfoUrl="https://pmd.github.io/pmd/pmd_rules_java_errorprone.html#closeresource" priority="3">
Ensure that resources like this InputStream object are closed after use
</violation>
<violation beginline="34" endline="35" begincolumn="9" endcolumn="13" rule="ControlStatementBraces" ruleset="Code Style" package="junit.tests.runner" class="TextRunnerTest" method="execTest" externalInfoUrl="https://pmd.github.io/pmd/pmd_rules_java_codestyle.html#controlstatementbraces" priority="3">
This statement should have braces
</violation>
<violation beginline="35" endline="35" begincolumn="13" endcolumn="13" rule="EmptyWhileStmt" ruleset="Error Prone" package="junit.tests.runner" class="TextRunnerTest" method="execTest" externalInfoUrl="https://pmd.github.io/pmd/pmd_rules_java_errorprone.html#emptywhilestmt" priority="3">
Avoid empty while statements
</violation>
<violation beginline="36" endline="36" begincolumn="9" endcolumn="18" rule="JUnitAssertionsShouldIncludeMessage" ruleset="Best Practices" package="junit.tests.runner" class="TextRunnerTest" method="execTest" externalInfoUrl="https://pmd.github.io/pmd/pmd_rules_java_bestpractices.html#junitassertionsshouldincludemessage" priority="3">
JUnit assertions should include a message
</violation>
<violation beginline="36" endline="36" begincolumn="9" endcolumn="49" rule="UseAssertSameInsteadOfAssertTrue" ruleset="Best Practices" package="junit.tests.runner" class="TextRunnerTest" method="execTest" externalInfoUrl="https://pmd.github.io/pmd/pmd_rules_java_bestpractices.html#useassertsameinsteadofasserttrue" priority="3">
Use assertSame(x, y) instead of assertTrue(x==y), or assertNotSame(x,y) vs assertFalse(x==y)
</violation>
<violation beginline="38" endline="38" begincolumn="13" endcolumn="22" rule="JUnitAssertionsShouldIncludeMessage" ruleset="Best Practices" package="junit.tests.runner" class="TextRunnerTest" method="execTest" externalInfoUrl="https://pmd.github.io/pmd/pmd_rules_java_bestpractices.html#junitassertionsshouldincludemessage" priority="3">
JUnit assertions should include a message
</violation>
<violation beginline="38" endline="38" begincolumn="13" endcolumn="42" rule="UseAssertSameInsteadOfAssertTrue" ruleset="Best Practices" package="junit.tests.runner" class="TextRunnerTest" method="execTest" externalInfoUrl="https://pmd.github.io/pmd/pmd_rules_java_bestpractices.html#useassertsameinsteadofasserttrue" priority="3">
Use assertSame(x, y) instead of assertTrue(x==y), or assertNotSame(x,y) vs assertFalse(x==y)
</violation>
<violation beginline="40" endline="40" begincolumn="13" endcolumn="23" rule="JUnitAssertionsShouldIncludeMessage" ruleset="Best Practices" package="junit.tests.runner" class="TextRunnerTest" method="execTest" externalInfoUrl="https://pmd.github.io/pmd/pmd_rules_java_bestpractices.html#junitassertionsshouldincludemessage" priority="3">
JUnit assertions should include a message
</violation>
<violation beginline="40" endline="40" begincolumn="13" endcolumn="43" rule="UseAssertSameInsteadOfAssertTrue" ruleset="Best Practices" package="junit.tests.runner" class="TextRunnerTest" method="execTest" externalInfoUrl="https://pmd.github.io/pmd/pmd_rules_java_bestpractices.html#useassertsameinsteadofasserttrue" priority="3">
Use assertSame(x, y) instead of assertTrue(x==y), or assertNotSame(x,y) vs assertFalse(x==y)
</violation>
<violation beginline="45" endline="45" begincolumn="21" endcolumn="26" rule="CloseResource" ruleset="Error Prone" package="junit.tests.runner" class="TextRunnerTest" method="testRunReturnsResult" variable="oldOut" externalInfoUrl="https://pmd.github.io/pmd/pmd_rules_java_errorprone.html#closeresource" priority="3">
Ensure that resources like this PrintStream object are closed after use
</violation>
<violation beginline="49" endline="50" begincolumn="68" endcolumn="21" rule="UncommentedEmptyMethodBody" ruleset="Documentation" package="junit.tests.runner" class="TextRunnerTest" method="write" externalInfoUrl="https://pmd.github.io/pmd/pmd_rules_java_documentation.html#uncommentedemptymethodbody" priority="3">
Document empty method body
</violation>
<violation beginline="55" endline="55" begincolumn="13" endcolumn="22" rule="JUnitAssertionsShouldIncludeMessage" ruleset="Best Practices" package="junit.tests.runner" class="TextRunnerTest" method="testRunReturnsResult" externalInfoUrl="https://pmd.github.io/pmd/pmd_rules_java_bestpractices.html#junitassertionsshouldincludemessage" priority="3">
JUnit assertions should include a message
</violation>
</file>
<file name="C:\Users\Deyan\Downloads\junit4-r4.13.2\src\test\java\org\junit\AssumptionViolatedExceptionTest.java">
<violation beginline="1" endline="207" begincolumn="1" endcolumn="2" rule="TooManyStaticImports" ruleset="Code Style" package="org.junit" class="AssumptionViolatedExceptionTest" externalInfoUrl="https://pmd.github.io/pmd/pmd_rules_java_codestyle.html#toomanystaticimports" priority="3">
Too many static imports may lead to messy code
</violation>
<violation beginline="39" endline="39" begincolumn="36" endcolumn="46" rule="RedundantFieldInitializer" ruleset="Performance" package="org.junit" class="AssumptionViolatedExceptionTest" variable="NULL" externalInfoUrl="https://pmd.github.io/pmd/pmd_rules_java_performance.html#redundantfieldinitializer" priority="3">
Avoid using redundant field initializer for 'NULL'
</violation>
<violation beginline="45" endline="45" begincolumn="61" endcolumn="101" rule="UseDiamondOperator" ruleset="Code Style" package="org.junit" class="AssumptionViolatedExceptionTest" externalInfoUrl="https://pmd.github.io/pmd/pmd_rules_java_codestyle.html#usediamondoperator" priority="3">
Explicit type arguments can be replaced by Diamond Operator
</violation>
<violation beginline="86" endline="86" begincolumn="7" endcolumn="52" rule="UnnecessaryFullyQualifiedName" ruleset="Code Style" package="org.junit" class="AssumptionViolatedExceptionTest" method="canSetCauseWithInstanceCreatedWithObjectAndMatcher" externalInfoUrl="https://pmd.github.io/pmd/pmd_rules_java_codestyle.html#unnecessaryfullyqualifiedname" priority="4">
Unnecessary use of fully qualified name 'org.junit.internal.AssumptionViolatedException' due to existing same package import 'org.junit.*'
</violation>
<violation beginline="87" endline="87" begincolumn="21" endcolumn="66" rule="UnnecessaryFullyQualifiedName" ruleset="Code Style" package="org.junit" class="AssumptionViolatedExceptionTest" method="canSetCauseWithInstanceCreatedWithObjectAndMatcher" externalInfoUrl="https://pmd.github.io/pmd/pmd_rules_java_codestyle.html#unnecessaryfullyqualifiedname" priority="4">
Unnecessary use of fully qualified name 'org.junit.internal.AssumptionViolatedException' due to existing same package import 'org.junit.*'
</violation>
<violation beginline="96" endline="96" begincolumn="7" endcolumn="52" rule="UnnecessaryFullyQualifiedName" ruleset="Code Style" package="org.junit" class="AssumptionViolatedExceptionTest" method="canSetCauseWithInstanceCreatedWithAssumptionObjectAndMatcher" externalInfoUrl="https://pmd.github.io/pmd/pmd_rules_java_codestyle.html#unnecessaryfullyqualifiedname" priority="4">
Unnecessary use of fully qualified name 'org.junit.internal.AssumptionViolatedException' due to existing same package import 'org.junit.*'
</violation>
<violation beginline="97" endline="97" begincolumn="21" endcolumn="66" rule="UnnecessaryFullyQualifiedName" ruleset="Code Style" package="org.junit" class="AssumptionViolatedExceptionTest" method="canSetCauseWithInstanceCreatedWithAssumptionObjectAndMatcher" externalInfoUrl="https://pmd.github.io/pmd/pmd_rules_java_codestyle.html#unnecessaryfullyqualifiedname" priority="4">
Unnecessary use of fully qualified name 'org.junit.internal.AssumptionViolatedException' due to existing same package import 'org.junit.*'
</violation>
<violation beginline="106" endline="106" begincolumn="7" endcolumn="52" rule="UnnecessaryFullyQualifiedName" ruleset="Code Style" package="org.junit" class="AssumptionViolatedExceptionTest" method="canSetCauseWithInstanceCreatedWithMainConstructor" externalInfoUrl="https://pmd.github.io/pmd/pmd_rules_java_codestyle.html#unnecessaryfullyqualifiedname" priority="4">
Unnecessary use of fully qualified name 'org.junit.internal.AssumptionViolatedException' due to existing same package import 'org.junit.*'
</violation>
<violation beginline="107" endline="107" begincolumn="21" endcolumn="66" rule="UnnecessaryFullyQualifiedName" ruleset="Code Style" package="org.junit" class="AssumptionViolatedExceptionTest" method="canSetCauseWithInstanceCreatedWithMainConstructor" externalInfoUrl="https://pmd.github.io/pmd/pmd_rules_java_codestyle.html#unnecessaryfullyqualifiedname" priority="4">
Unnecessary use of fully qualified name 'org.junit.internal.AssumptionViolatedException' due to existing same package import 'org.junit.*'
</violation>
<violation beginline="170" endline="170" begincolumn="21" endcolumn="28" rule="CloseResource" ruleset="Error Prone" package="org.junit" class="AssumptionViolatedExceptionTest" method="assertReserializable" variable="resource" externalInfoUrl="https://pmd.github.io/pmd/pmd_rules_java_errorprone.html#closeresource" priority="3">
Ensure that resources like this InputStream object are closed after use
</violation>
<violation beginline="172" endline="172" begincolumn="27" endcolumn="43" rule="CloseResource" ruleset="Error Prone" package="org.junit" class="AssumptionViolatedExceptionTest" method="assertReserializable" variable="objectInputStream" externalInfoUrl="https://pmd.github.io/pmd/pmd_rules_java_errorprone.html#closeresource" priority="3">
Ensure that resources like this InputStream object are closed after use
</violation>
<violation beginline="190" endline="199" begincolumn="20" endcolumn="5" rule="MissingSerialVersionUID" ruleset="Error Prone" package="org.junit" class="AssumptionViolatedExceptionTest$SerializableIsThreeMatcher" externalInfoUrl="https://pmd.github.io/pmd/pmd_rules_java_errorprone.html#missingserialversionuid" priority="3">
Classes implementing Serializable should set a serialVersionUID
</violation>
</file>
<file name="C:\Users\Deyan\Downloads\junit4-r4.13.2\src\test\java\org\junit\experimental\categories\CategoriesAndParameterizedTest.java">
<violation beginline="30" endline="30" begincolumn="16" endcolumn="28" rule="FieldDeclarationsShouldBeAtStartOfClass" ruleset="Code Style" package="org.junit.experimental.categories" class="CategoriesAndParameterizedTest$ParameterizedTestWithoutCategory" variable="VariableDeclaratorId" externalInfoUrl="https://pmd.github.io/pmd/pmd_rules_java_codestyle.html#fielddeclarationsshouldbeatstartofclass" priority="3">
Fields should be declared at the top of the class, before any method declarations, constructors, initializers or inner classes.
</violation>
<violation beginline="54" endline="59" begincolumn="12" endcolumn="5" rule="JUnitTestContainsTooManyAsserts" ruleset="Best Practices" package="org.junit.experimental.categories" class="CategoriesAndParameterizedTest" method="doesNotRunTestsWithoutCategory" externalInfoUrl="https://pmd.github.io/pmd/pmd_rules_java_bestpractices.html#junittestcontainstoomanyasserts" priority="3">
Unit tests should not contain more than 1 assert(s).
</violation>
<violation beginline="57" endline="57" begincolumn="9" endcolumn="20" rule="JUnitAssertionsShouldIncludeMessage" ruleset="Best Practices" package="org.junit.experimental.categories" class="CategoriesAndParameterizedTest" method="doesNotRunTestsWithoutCategory" externalInfoUrl="https://pmd.github.io/pmd/pmd_rules_java_bestpractices.html#junitassertionsshouldincludemessage" priority="3">
JUnit assertions should include a message
</violation>
<violation beginline="58" endline="58" begincolumn="9" endcolumn="20" rule="JUnitAssertionsShouldIncludeMessage" ruleset="Best Practices" package="org.junit.experimental.categories" class="CategoriesAndParameterizedTest" method="doesNotRunTestsWithoutCategory" externalInfoUrl="https://pmd.github.io/pmd/pmd_rules_java_bestpractices.html#junitassertionsshouldincludemessage" priority="3">
JUnit assertions should include a message
</violation>
<violation beginline="70" endline="70" begincolumn="16" endcolumn="28" rule="FieldDeclarationsShouldBeAtStartOfClass" ruleset="Code Style" package="org.junit.experimental.categories" class="CategoriesAndParameterizedTest$ParameterizedTestWithCategory" variable="VariableDeclaratorId" externalInfoUrl="https://pmd.github.io/pmd/pmd_rules_java_codestyle.html#fielddeclarationsshouldbeatstartofclass" priority="3">
Fields should be declared at the top of the class, before any method declarations, constructors, initializers or inner classes.
</violation>
<violation beginline="85" endline="90" begincolumn="12" endcolumn="5" rule="JUnitTestContainsTooManyAsserts" ruleset="Best Practices" package="org.junit.experimental.categories" class="CategoriesAndParameterizedTest" method="runsTestsWithoutCategory" externalInfoUrl="https://pmd.github.io/pmd/pmd_rules_java_bestpractices.html#junittestcontainstoomanyasserts" priority="3">
Unit tests should not contain more than 1 assert(s).
</violation>
<violation beginline="88" endline="88" begincolumn="9" endcolumn="20" rule="JUnitAssertionsShouldIncludeMessage" ruleset="Best Practices" package="org.junit.experimental.categories" class="CategoriesAndParameterizedTest" method="runsTestsWithoutCategory" externalInfoUrl="https://pmd.github.io/pmd/pmd_rules_java_bestpractices.html#junitassertionsshouldincludemessage" priority="3">
JUnit assertions should include a message
</violation>
<violation beginline="89" endline="89" begincolumn="9" endcolumn="20" rule="JUnitAssertionsShouldIncludeMessage" ruleset="Best Practices" package="org.junit.experimental.categories" class="CategoriesAndParameterizedTest" method="runsTestsWithoutCategory" externalInfoUrl="https://pmd.github.io/pmd/pmd_rules_java_bestpractices.html#junitassertionsshouldincludemessage" priority="3">
JUnit assertions should include a message
</violation>
<violation beginline="100" endline="100" begincolumn="16" endcolumn="28" rule="FieldDeclarationsShouldBeAtStartOfClass" ruleset="Code Style" package="org.junit.experimental.categories" class="CategoriesAndParameterizedTest$ParameterizedTestWithMethodWithCategory" variable="VariableDeclaratorId" externalInfoUrl="https://pmd.github.io/pmd/pmd_rules_java_codestyle.html#fielddeclarationsshouldbeatstartofclass" priority="3">
Fields should be declared at the top of the class, before any method declarations, constructors, initializers or inner classes.
</violation>
<violation beginline="121" endline="126" begincolumn="12" endcolumn="5" rule="JUnitTestContainsTooManyAsserts" ruleset="Best Practices" package="org.junit.experimental.categories" class="CategoriesAndParameterizedTest" method="runsTestMethodWithCategory" externalInfoUrl="https://pmd.github.io/pmd/pmd_rules_java_bestpractices.html#junittestcontainstoomanyasserts" priority="3">
Unit tests should not contain more than 1 assert(s).
</violation>
<violation beginline="124" endline="124" begincolumn="9" endcolumn="20" rule="JUnitAssertionsShouldIncludeMessage" ruleset="Best Practices" package="org.junit.experimental.categories" class="CategoriesAndParameterizedTest" method="runsTestMethodWithCategory" externalInfoUrl="https://pmd.github.io/pmd/pmd_rules_java_bestpractices.html#junitassertionsshouldincludemessage" priority="3">
JUnit assertions should include a message
</violation>
<violation beginline="125" endline="125" begincolumn="9" endcolumn="20" rule="JUnitAssertionsShouldIncludeMessage" ruleset="Best Practices" package="org.junit.experimental.categories" class="CategoriesAndParameterizedTest" method="runsTestMethodWithCategory" externalInfoUrl="https://pmd.github.io/pmd/pmd_rules_java_bestpractices.html#junitassertionsshouldincludemessage" priority="3">
JUnit assertions should include a message
</violation>
</file>
<file name="C:\Users\Deyan\Downloads\junit4-r4.13.2\src\test\java\org\junit\experimental\categories\CategoryFilterFactoryTest.java">
<violation beginline="28" endline="28" begincolumn="45" endcolumn="53" rule="SignatureDeclareThrowsException" ruleset="Design" package="org.junit.experimental.categories" class="CategoryFilterFactoryTest" method="shouldCreateFilter" externalInfoUrl="https://pmd.github.io/pmd/pmd_rules_java_design.html#signaturedeclarethrowsexception" priority="3">
A method/constructor should not explicitly throw java.lang.Exception
</violation>
<violation beginline="34" endline="34" begincolumn="9" endcolumn="18" rule="JUnitAssertionsShouldIncludeMessage" ruleset="Best Practices" package="org.junit.experimental.categories" class="CategoryFilterFactoryTest" method="shouldCreateFilter" externalInfoUrl="https://pmd.github.io/pmd/pmd_rules_java_bestpractices.html#junitassertionsshouldincludemessage" priority="3">
JUnit assertions should include a message
</violation>
<violation beginline="38" endline="38" begincolumn="47" endcolumn="55" rule="SignatureDeclareThrowsException" ruleset="Design" package="org.junit.experimental.categories" class="CategoryFilterFactoryTest" method="shouldThrowException" externalInfoUrl="https://pmd.github.io/pmd/pmd_rules_java_design.html#signaturedeclarethrowsexception" priority="3">
A method/constructor should not explicitly throw java.lang.Exception
</violation>
</file>
<file name="C:\Users\Deyan\Downloads\junit4-r4.13.2\src\test\java\org\junit\experimental\categories\CategoryTest.java">
<violation beginline="1" endline="574" begincolumn="1" endcolumn="2" rule="TooManyStaticImports" ruleset="Code Style" package="org.junit.experimental.categories" class="CategoryTest" externalInfoUrl="https://pmd.github.io/pmd/pmd_rules_java_codestyle.html#toomanystaticimports" priority="3">
Too many static imports may lead to messy code
</violation>
<violation beginline="52" endline="53" begincolumn="16" endcolumn="9" rule="ShortMethodName" ruleset="Code Style" package="org.junit.experimental.categories" class="CategoryTest$OneOfEach" method="a" externalInfoUrl="https://pmd.github.io/pmd/pmd_rules_java_codestyle.html#shortmethodname" priority="3">
Avoid using short method names
</violation>
<violation beginline="52" endline="53" begincolumn="25" endcolumn="9" rule="UncommentedEmptyMethodBody" ruleset="Documentation" package="org.junit.experimental.categories" class="CategoryTest$OneOfEach" method="a" externalInfoUrl="https://pmd.github.io/pmd/pmd_rules_java_documentation.html#uncommentedemptymethodbody" priority="3">
Document empty method body
</violation>
<violation beginline="52" endline="53" begincolumn="16" endcolumn="9" rule="JUnitTestsShouldIncludeAssert" ruleset="Best Practices" package="org.junit.experimental.categories" class="CategoryTest$OneOfEach" method="a" externalInfoUrl="https://pmd.github.io/pmd/pmd_rules_java_bestpractices.html#junittestsshouldincludeassert" priority="3">
JUnit tests should include assert() or fail()
</violation>
<violation beginline="57" endline="58" begincolumn="16" endcolumn="9" rule="ShortMethodName" ruleset="Code Style" package="org.junit.experimental.categories" class="CategoryTest$OneOfEach" method="b" externalInfoUrl="https://pmd.github.io/pmd/pmd_rules_java_codestyle.html#shortmethodname" priority="3">
Avoid using short method names
</violation>
<violation beginline="57" endline="58" begincolumn="25" endcolumn="9" rule="UncommentedEmptyMethodBody" ruleset="Documentation" package="org.junit.experimental.categories" class="CategoryTest$OneOfEach" method="b" externalInfoUrl="https://pmd.github.io/pmd/pmd_rules_java_documentation.html#uncommentedemptymethodbody" priority="3">
Document empty method body
</violation>
<violation beginline="57" endline="58" begincolumn="16" endcolumn="9" rule="JUnitTestsShouldIncludeAssert" ruleset="Best Practices" package="org.junit.experimental.categories" class="CategoryTest$OneOfEach" method="b" externalInfoUrl="https://pmd.github.io/pmd/pmd_rules_java_bestpractices.html#junittestsshouldincludeassert" priority="3">
JUnit tests should include assert() or fail()
</violation>
<violation beginline="62" endline="63" begincolumn="16" endcolumn="9" rule="ShortMethodName" ruleset="Code Style" package="org.junit.experimental.categories" class="CategoryTest$OneOfEach" method="c" externalInfoUrl="https://pmd.github.io/pmd/pmd_rules_java_codestyle.html#shortmethodname" priority="3">
Avoid using short method names
</violation>
<violation beginline="62" endline="63" begincolumn="25" endcolumn="9" rule="UncommentedEmptyMethodBody" ruleset="Documentation" package="org.junit.experimental.categories" class="CategoryTest$OneOfEach" method="c" externalInfoUrl="https://pmd.github.io/pmd/pmd_rules_java_documentation.html#uncommentedemptymethodbody" priority="3">
Document empty method body
</violation>
<violation beginline="62" endline="63" begincolumn="16" endcolumn="9" rule="JUnitTestsShouldIncludeAssert" ruleset="Best Practices" package="org.junit.experimental.categories" class="CategoryTest$OneOfEach" method="c" externalInfoUrl="https://pmd.github.io/pmd/pmd_rules_java_bestpractices.html#junittestsshouldincludeassert" priority="3">
JUnit tests should include assert() or fail()
</violation>
<violation beginline="66" endline="76" begincolumn="19" endcolumn="5" rule="ShortClassName" ruleset="Code Style" package="org.junit.experimental.categories" class="CategoryTest$A" externalInfoUrl="https://pmd.github.io/pmd/pmd_rules_java_codestyle.html#shortclassname" priority="4">
Avoid short class names like A
</violation>
<violation beginline="68" endline="70" begincolumn="16" endcolumn="9" rule="ShortMethodName" ruleset="Code Style" package="org.junit.experimental.categories" class="CategoryTest$A" method="a" externalInfoUrl="https://pmd.github.io/pmd/pmd_rules_java_codestyle.html#shortmethodname" priority="3">
Avoid using short method names
</violation>
<violation beginline="69" endline="69" begincolumn="13" endcolumn="16" rule="JUnitAssertionsShouldIncludeMessage" ruleset="Best Practices" package="org.junit.experimental.categories" class="CategoryTest$A" method="a" externalInfoUrl="https://pmd.github.io/pmd/pmd_rules_java_bestpractices.html#junitassertionsshouldincludemessage" priority="3">
JUnit assertions should include a message
</violation>
<violation beginline="74" endline="75" begincolumn="16" endcolumn="9" rule="ShortMethodName" ruleset="Code Style" package="org.junit.experimental.categories" class="CategoryTest$A" method="b" externalInfoUrl="https://pmd.github.io/pmd/pmd_rules_java_codestyle.html#shortmethodname" priority="3">
Avoid using short method names
</violation>
<violation beginline="74" endline="75" begincolumn="25" endcolumn="9" rule="UncommentedEmptyMethodBody" ruleset="Documentation" package="org.junit.experimental.categories" class="CategoryTest$A" method="b" externalInfoUrl="https://pmd.github.io/pmd/pmd_rules_java_documentation.html#uncommentedemptymethodbody" priority="3">
Document empty method body
</violation>
<violation beginline="74" endline="75" begincolumn="16" endcolumn="9" rule="JUnitTestsShouldIncludeAssert" ruleset="Best Practices" package="org.junit.experimental.categories" class="CategoryTest$A" method="b" externalInfoUrl="https://pmd.github.io/pmd/pmd_rules_java_bestpractices.html#junittestsshouldincludeassert" priority="3">
JUnit tests should include assert() or fail()
</violation>
<violation beginline="79" endline="84" begincolumn="19" endcolumn="5" rule="ShortClassName" ruleset="Code Style" package="org.junit.experimental.categories" class="CategoryTest$B" externalInfoUrl="https://pmd.github.io/pmd/pmd_rules_java_codestyle.html#shortclassname" priority="4">
Avoid short class names like B
</violation>
<violation beginline="81" endline="83" begincolumn="16" endcolumn="9" rule="ShortMethodName" ruleset="Code Style" package="org.junit.experimental.categories" class="CategoryTest$B" method="c" externalInfoUrl="https://pmd.github.io/pmd/pmd_rules_java_codestyle.html#shortmethodname" priority="3">
Avoid using short method names
</violation>
<violation beginline="81" endline="83" begincolumn="25" endcolumn="9" rule="UncommentedEmptyMethodBody" ruleset="Documentation" package="org.junit.experimental.categories" class="CategoryTest$B" method="c" externalInfoUrl="https://pmd.github.io/pmd/pmd_rules_java_documentation.html#uncommentedemptymethodbody" priority="3">
Document empty method body
</violation>
<violation beginline="81" endline="83" begincolumn="16" endcolumn="9" rule="JUnitTestsShouldIncludeAssert" ruleset="Best Practices" package="org.junit.experimental.categories" class="CategoryTest$B" method="c" externalInfoUrl="https://pmd.github.io/pmd/pmd_rules_java_bestpractices.html#junittestsshouldincludeassert" priority="3">
JUnit tests should include assert() or fail()
</violation>
<violation beginline="86" endline="91" begincolumn="19" endcolumn="5" rule="ShortClassName" ruleset="Code Style" package="org.junit.experimental.categories" class="CategoryTest$C" externalInfoUrl="https://pmd.github.io/pmd/pmd_rules_java_codestyle.html#shortclassname" priority="4">
Avoid short class names like C
</violation>
<violation beginline="88" endline="90" begincolumn="16" endcolumn="9" rule="ShortMethodName" ruleset="Code Style" package="org.junit.experimental.categories" class="CategoryTest$C" method="d" externalInfoUrl="https://pmd.github.io/pmd/pmd_rules_java_codestyle.html#shortmethodname" priority="3">
Avoid using short method names
</violation>
<violation beginline="89" endline="89" begincolumn="13" endcolumn="16" rule="JUnitAssertionsShouldIncludeMessage" ruleset="Best Practices" package="org.junit.experimental.categories" class="CategoryTest$C" method="d" externalInfoUrl="https://pmd.github.io/pmd/pmd_rules_java_bestpractices.html#junitassertionsshouldincludemessage" priority="3">
JUnit assertions should include a message
</violation>
<violation beginline="107" endline="107" begincolumn="9" endcolumn="18" rule="JUnitAssertionsShouldIncludeMessage" ruleset="Best Practices" package="org.junit.experimental.categories" class="CategoryTest" method="testCountOnJustA" externalInfoUrl="https://pmd.github.io/pmd/pmd_rules_java_bestpractices.html#junitassertionsshouldincludemessage" priority="3">
JUnit assertions should include a message
</violation>
<violation beginline="112" endline="112" begincolumn="9" endcolumn="18" rule="JUnitAssertionsShouldIncludeMessage" ruleset="Best Practices" package="org.junit.experimental.categories" class="CategoryTest" method="testCount" externalInfoUrl="https://pmd.github.io/pmd/pmd_rules_java_bestpractices.html#junitassertionsshouldincludemessage" priority="3">
JUnit assertions should include a message
</violation>
<violation beginline="123" endline="124" begincolumn="34" endcolumn="9" rule="UncommentedEmptyMethodBody" ruleset="Documentation" package="org.junit.experimental.categories" class="CategoryTest$SomeAreSlow" method="noCategory" externalInfoUrl="https://pmd.github.io/pmd/pmd_rules_java_documentation.html#uncommentedemptymethodbody" priority="3">
Document empty method body
</violation>
<violation beginline="123" endline="124" begincolumn="16" endcolumn="9" rule="JUnitTestsShouldIncludeAssert" ruleset="Best Practices" package="org.junit.experimental.categories" class="CategoryTest$SomeAreSlow" method="noCategory" externalInfoUrl="https://pmd.github.io/pmd/pmd_rules_java_bestpractices.html#junittestsshouldincludeassert" priority="3">
JUnit tests should include assert() or fail()
</violation>
<violation beginline="128" endline="129" begincolumn="37" endcolumn="9" rule="UncommentedEmptyMethodBody" ruleset="Documentation" package="org.junit.experimental.categories" class="CategoryTest$SomeAreSlow" method="justCategory1" externalInfoUrl="https://pmd.github.io/pmd/pmd_rules_java_documentation.html#uncommentedemptymethodbody" priority="3">
Document empty method body
</violation>
<violation beginline="128" endline="129" begincolumn="16" endcolumn="9" rule="JUnitTestsShouldIncludeAssert" ruleset="Best Practices" package="org.junit.experimental.categories" class="CategoryTest$SomeAreSlow" method="justCategory1" externalInfoUrl="https://pmd.github.io/pmd/pmd_rules_java_bestpractices.html#junittestsshouldincludeassert" priority="3">
JUnit tests should include assert() or fail()
</violation>
<violation beginline="133" endline="134" begincolumn="37" endcolumn="9" rule="UncommentedEmptyMethodBody" ruleset="Documentation" package="org.junit.experimental.categories" class="CategoryTest$SomeAreSlow" method="justCategory2" externalInfoUrl="https://pmd.github.io/pmd/pmd_rules_java_documentation.html#uncommentedemptymethodbody" priority="3">
Document empty method body
</violation>
<violation beginline="133" endline="134" begincolumn="16" endcolumn="9" rule="JUnitTestsShouldIncludeAssert" ruleset="Best Practices" package="org.junit.experimental.categories" class="CategoryTest$SomeAreSlow" method="justCategory2" externalInfoUrl="https://pmd.github.io/pmd/pmd_rules_java_bestpractices.html#junittestsshouldincludeassert" priority="3">
JUnit tests should include assert() or fail()
</violation>
<violation beginline="138" endline="139" begincolumn="28" endcolumn="9" rule="UncommentedEmptyMethodBody" ruleset="Documentation" package="org.junit.experimental.categories" class="CategoryTest$SomeAreSlow" method="both" externalInfoUrl="https://pmd.github.io/pmd/pmd_rules_java_documentation.html#uncommentedemptymethodbody" priority="3">
Document empty method body
</violation>
<violation beginline="138" endline="139" begincolumn="16" endcolumn="9" rule="JUnitTestsShouldIncludeAssert" ruleset="Best Practices" package="org.junit.experimental.categories" class="CategoryTest$SomeAreSlow" method="both" externalInfoUrl="https://pmd.github.io/pmd/pmd_rules_java_bestpractices.html#junittestsshouldincludeassert" priority="3">
JUnit tests should include assert() or fail()
</violation>
<violation beginline="143" endline="144" begincolumn="36" endcolumn="9" rule="UncommentedEmptyMethodBody" ruleset="Documentation" package="org.junit.experimental.categories" class="CategoryTest$SomeAreSlow" method="bothReversed" externalInfoUrl="https://pmd.github.io/pmd/pmd_rules_java_documentation.html#uncommentedemptymethodbody" priority="3">
Document empty method body
</violation>
<violation beginline="143" endline="144" begincolumn="16" endcolumn="9" rule="JUnitTestsShouldIncludeAssert" ruleset="Best Practices" package="org.junit.experimental.categories" class="CategoryTest$SomeAreSlow" method="bothReversed" externalInfoUrl="https://pmd.github.io/pmd/pmd_rules_java_bestpractices.html#junittestsshouldincludeassert" priority="3">
JUnit tests should include assert() or fail()
</violation>
<violation beginline="154" endline="159" begincolumn="12" endcolumn="5" rule="JUnitTestContainsTooManyAsserts" ruleset="Best Practices" package="org.junit.experimental.categories" class="CategoryTest" method="testCountOnAWithoutSlowTests" externalInfoUrl="https://pmd.github.io/pmd/pmd_rules_java_bestpractices.html#junittestcontainstoomanyasserts" priority="3">
Unit tests should not contain more than 1 assert(s).
</violation>
<violation beginline="156" endline="156" begincolumn="9" endcolumn="18" rule="JUnitAssertionsShouldIncludeMessage" ruleset="Best Practices" package="org.junit.experimental.categories" class="CategoryTest" method="testCountOnAWithoutSlowTests" externalInfoUrl="https://pmd.github.io/pmd/pmd_rules_java_bestpractices.html#junitassertionsshouldincludemessage" priority="3">
JUnit assertions should include a message
</violation>
<violation beginline="157" endline="157" begincolumn="9" endcolumn="20" rule="JUnitAssertionsShouldIncludeMessage" ruleset="Best Practices" package="org.junit.experimental.categories" class="CategoryTest" method="testCountOnAWithoutSlowTests" externalInfoUrl="https://pmd.github.io/pmd/pmd_rules_java_bestpractices.html#junitassertionsshouldincludemessage" priority="3">
JUnit assertions should include a message
</violation>
<violation beginline="158" endline="158" begincolumn="9" endcolumn="18" rule="JUnitAssertionsShouldIncludeMessage" ruleset="Best Practices" package="org.junit.experimental.categories" class="CategoryTest" method="testCountOnAWithoutSlowTests" externalInfoUrl="https://pmd.github.io/pmd/pmd_rules_java_bestpractices.html#junitassertionsshouldincludemessage" priority="3">
JUnit assertions should include a message
</violation>
<violation beginline="169" endline="173" begincolumn="12" endcolumn="5" rule="JUnitTestContainsTooManyAsserts" ruleset="Best Practices" package="org.junit.experimental.categories" class="CategoryTest" method="testsThatAreBothIncludedAndExcludedAreExcluded" externalInfoUrl="https://pmd.github.io/pmd/pmd_rules_java_bestpractices.html#junittestcontainstoomanyasserts" priority="3">
Unit tests should not contain more than 1 assert(s).
</violation>
<violation beginline="171" endline="171" begincolumn="9" endcolumn="20" rule="JUnitAssertionsShouldIncludeMessage" ruleset="Best Practices" package="org.junit.experimental.categories" class="CategoryTest" method="testsThatAreBothIncludedAndExcludedAreExcluded" externalInfoUrl="https://pmd.github.io/pmd/pmd_rules_java_bestpractices.html#junitassertionsshouldincludemessage" priority="3">
JUnit assertions should include a message
</violation>
<violation beginline="172" endline="172" begincolumn="9" endcolumn="18" rule="JUnitAssertionsShouldIncludeMessage" ruleset="Best Practices" package="org.junit.experimental.categories" class="CategoryTest" method="testsThatAreBothIncludedAndExcludedAreExcluded" externalInfoUrl="https://pmd.github.io/pmd/pmd_rules_java_bestpractices.html#junitassertionsshouldincludemessage" priority="3">
JUnit assertions should include a message
</violation>
<violation beginline="181" endline="187" begincolumn="12" endcolumn="5" rule="JUnitTestContainsTooManyAsserts" ruleset="Best Practices" package="org.junit.experimental.categories" class="CategoryTest" method="testCountWithExplicitIncludeFilter" externalInfoUrl="https://pmd.github.io/pmd/pmd_rules_java_bestpractices.html#junittestcontainstoomanyasserts" priority="3">
Unit tests should not contain more than 1 assert(s).
</violation>
<violation beginline="185" endline="185" begincolumn="9" endcolumn="18" rule="JUnitAssertionsShouldIncludeMessage" ruleset="Best Practices" package="org.junit.experimental.categories" class="CategoryTest" method="testCountWithExplicitIncludeFilter" externalInfoUrl="https://pmd.github.io/pmd/pmd_rules_java_bestpractices.html#junitassertionsshouldincludemessage" priority="3">
JUnit assertions should include a message
</violation>
<violation beginline="186" endline="186" begincolumn="9" endcolumn="20" rule="JUnitAssertionsShouldIncludeMessage" ruleset="Best Practices" package="org.junit.experimental.categories" class="CategoryTest" method="testCountWithExplicitIncludeFilter" externalInfoUrl="https://pmd.github.io/pmd/pmd_rules_java_bestpractices.html#junitassertionsshouldincludemessage" priority="3">
JUnit assertions should include a message
</violation>
<violation beginline="190" endline="196" begincolumn="12" endcolumn="5" rule="JUnitTestContainsTooManyAsserts" ruleset="Best Practices" package="org.junit.experimental.categories" class="CategoryTest" method="testCountWithExplicitExcludeFilter" externalInfoUrl="https://pmd.github.io/pmd/pmd_rules_java_bestpractices.html#junittestcontainstoomanyasserts" priority="3">
Unit tests should not contain more than 1 assert(s).
</violation>
<violation beginline="194" endline="194" begincolumn="9" endcolumn="20" rule="JUnitAssertionsShouldIncludeMessage" ruleset="Best Practices" package="org.junit.experimental.categories" class="CategoryTest" method="testCountWithExplicitExcludeFilter" externalInfoUrl="https://pmd.github.io/pmd/pmd_rules_java_bestpractices.html#junitassertionsshouldincludemessage" priority="3">
JUnit assertions should include a message
</violation>
<violation beginline="195" endline="195" begincolumn="9" endcolumn="20" rule="JUnitAssertionsShouldIncludeMessage" ruleset="Best Practices" package="org.junit.experimental.categories" class="CategoryTest" method="testCountWithExplicitExcludeFilter" externalInfoUrl="https://pmd.github.io/pmd/pmd_rules_java_bestpractices.html#junitassertionsshouldincludemessage" priority="3">
JUnit assertions should include a message
</violation>
<violation beginline="199" endline="205" begincolumn="12" endcolumn="5" rule="JUnitTestContainsTooManyAsserts" ruleset="Best Practices" package="org.junit.experimental.categories" class="CategoryTest" method="testCountWithExplicitExcludeFilter_usingConstructor" externalInfoUrl="https://pmd.github.io/pmd/pmd_rules_java_bestpractices.html#junittestcontainstoomanyasserts" priority="3">
Unit tests should not contain more than 1 assert(s).
</violation>
<violation beginline="203" endline="203" begincolumn="9" endcolumn="20" rule="JUnitAssertionsShouldIncludeMessage" ruleset="Best Practices" package="org.junit.experimental.categories" class="CategoryTest" method="testCountWithExplicitExcludeFilter_usingConstructor" externalInfoUrl="https://pmd.github.io/pmd/pmd_rules_java_bestpractices.html#junitassertionsshouldincludemessage" priority="3">
JUnit assertions should include a message
</violation>
<violation beginline="204" endline="204" begincolumn="9" endcolumn="20" rule="JUnitAssertionsShouldIncludeMessage" ruleset="Best Practices" package="org.junit.experimental.categories" class="CategoryTest" method="testCountWithExplicitExcludeFilter_usingConstructor" externalInfoUrl="https://pmd.github.io/pmd/pmd_rules_java_bestpractices.html#junitassertionsshouldincludemessage" priority="3">
JUnit assertions should include a message
</violation>
<violation beginline="213" endline="213" begincolumn="9" endcolumn="20" rule="JUnitAssertionsShouldIncludeMessage" ruleset="Best Practices" package="org.junit.experimental.categories" class="CategoryTest" method="categoryFilterLeavesOnlyMatchingMethods" externalInfoUrl="https://pmd.github.io/pmd/pmd_rules_java_bestpractices.html#junitassertionsshouldincludemessage" priority="3">
JUnit assertions should include a message
</violation>
<violation beginline="222" endline="222" begincolumn="9" endcolumn="20" rule="JUnitAssertionsShouldIncludeMessage" ruleset="Best Practices" package="org.junit.experimental.categories" class="CategoryTest" method="categoryFilterLeavesOnlyMatchingMethods_usingConstructor" externalInfoUrl="https://pmd.github.io/pmd/pmd_rules_java_bestpractices.html#junitassertionsshouldincludemessage" priority="3">
JUnit assertions should include a message
</violation>
<violation beginline="228" endline="230" begincolumn="16" endcolumn="9" rule="ShortMethodName" ruleset="Code Style" package="org.junit.experimental.categories" class="CategoryTest$OneFastOneSlow" method="a" externalInfoUrl="https://pmd.github.io/pmd/pmd_rules_java_codestyle.html#shortmethodname" priority="3">
Avoid using short method names
</violation>
<violation beginline="228" endline="230" begincolumn="25" endcolumn="9" rule="UncommentedEmptyMethodBody" ruleset="Documentation" package="org.junit.experimental.categories" class="CategoryTest$OneFastOneSlow" method="a" externalInfoUrl="https://pmd.github.io/pmd/pmd_rules_java_documentation.html#uncommentedemptymethodbody" priority="3">
Document empty method body
</violation>
<violation beginline="228" endline="230" begincolumn="16" endcolumn="9" rule="JUnitTestsShouldIncludeAssert" ruleset="Best Practices" package="org.junit.experimental.categories" class="CategoryTest$OneFastOneSlow" method="a" externalInfoUrl="https://pmd.github.io/pmd/pmd_rules_java_bestpractices.html#junittestsshouldincludeassert" priority="3">
JUnit tests should include assert() or fail()
</violation>
<violation beginline="234" endline="236" begincolumn="16" endcolumn="9" rule="ShortMethodName" ruleset="Code Style" package="org.junit.experimental.categories" class="CategoryTest$OneFastOneSlow" method="b" externalInfoUrl="https://pmd.github.io/pmd/pmd_rules_java_codestyle.html#shortmethodname" priority="3">
Avoid using short method names
</violation>
<violation beginline="234" endline="236" begincolumn="25" endcolumn="9" rule="UncommentedEmptyMethodBody" ruleset="Documentation" package="org.junit.experimental.categories" class="CategoryTest$OneFastOneSlow" method="b" externalInfoUrl="https://pmd.github.io/pmd/pmd_rules_java_documentation.html#uncommentedemptymethodbody" priority="3">
Document empty method body
</violation>
<violation beginline="234" endline="236" begincolumn="16" endcolumn="9" rule="JUnitTestsShouldIncludeAssert" ruleset="Best Practices" package="org.junit.experimental.categories" class="CategoryTest$OneFastOneSlow" method="b" externalInfoUrl="https://pmd.github.io/pmd/pmd_rules_java_bestpractices.html#junittestsshouldincludeassert" priority="3">
JUnit tests should include assert() or fail()
</violation>
<violation beginline="246" endline="246" begincolumn="9" endcolumn="20" rule="JUnitAssertionsShouldIncludeMessage" ruleset="Best Practices" package="org.junit.experimental.categories" class="CategoryTest" method="categoryFilterRejectsIncompatibleCategory" externalInfoUrl="https://pmd.github.io/pmd/pmd_rules_java_bestpractices.html#junitassertionsshouldincludemessage" priority="3">
JUnit assertions should include a message
</violation>
<violation beginline="252" endline="254" begincolumn="16" endcolumn="9" rule="ShortMethodName" ruleset="Code Style" package="org.junit.experimental.categories" class="CategoryTest$OneFast" method="a" externalInfoUrl="https://pmd.github.io/pmd/pmd_rules_java_codestyle.html#shortmethodname" priority="3">
Avoid using short method names
</violation>
<violation beginline="252" endline="254" begincolumn="25" endcolumn="9" rule="UncommentedEmptyMethodBody" ruleset="Documentation" package="org.junit.experimental.categories" class="CategoryTest$OneFast" method="a" externalInfoUrl="https://pmd.github.io/pmd/pmd_rules_java_documentation.html#uncommentedemptymethodbody" priority="3">
Document empty method body
</violation>
<violation beginline="252" endline="254" begincolumn="16" endcolumn="9" rule="JUnitTestsShouldIncludeAssert" ruleset="Best Practices" package="org.junit.experimental.categories" class="CategoryTest$OneFast" method="a" externalInfoUrl="https://pmd.github.io/pmd/pmd_rules_java_bestpractices.html#junittestsshouldincludeassert" priority="3">
JUnit tests should include assert() or fail()
</violation>
<violation beginline="264" endline="269" begincolumn="12" endcolumn="5" rule="JUnitTestContainsTooManyAsserts" ruleset="Best Practices" package="org.junit.experimental.categories" class="CategoryTest" method="ifNoTestsToRunUseErrorRunner" externalInfoUrl="https://pmd.github.io/pmd/pmd_rules_java_bestpractices.html#junittestcontainstoomanyasserts" priority="3">
Unit tests should not contain more than 1 assert(s).
</violation>
<violation beginline="266" endline="266" begincolumn="9" endcolumn="20" rule="JUnitAssertionsShouldIncludeMessage" ruleset="Best Practices" package="org.junit.experimental.categories" class="CategoryTest" method="ifNoTestsToRunUseErrorRunner" externalInfoUrl="https://pmd.github.io/pmd/pmd_rules_java_bestpractices.html#junitassertionsshouldincludemessage" priority="3">
JUnit assertions should include a message
</violation>
<violation beginline="267" endline="267" begincolumn="9" endcolumn="20" rule="JUnitAssertionsShouldIncludeMessage" ruleset="Best Practices" package="org.junit.experimental.categories" class="CategoryTest" method="ifNoTestsToRunUseErrorRunner" externalInfoUrl="https://pmd.github.io/pmd/pmd_rules_java_bestpractices.html#junitassertionsshouldincludemessage" priority="3">
JUnit assertions should include a message
</violation>
<violation beginline="268" endline="268" begincolumn="9" endcolumn="19" rule="JUnitAssertionsShouldIncludeMessage" ruleset="Best Practices" package="org.junit.experimental.categories" class="CategoryTest" method="ifNoTestsToRunUseErrorRunner" externalInfoUrl="https://pmd.github.io/pmd/pmd_rules_java_bestpractices.html#junitassertionsshouldincludemessage" priority="3">
JUnit assertions should include a message
</violation>
<violation beginline="274" endline="274" begincolumn="9" endcolumn="20" rule="JUnitAssertionsShouldIncludeMessage" ruleset="Best Practices" package="org.junit.experimental.categories" class="CategoryTest" method="describeACategoryFilter" externalInfoUrl="https://pmd.github.io/pmd/pmd_rules_java_bestpractices.html#junitassertionsshouldincludemessage" priority="3">
JUnit assertions should include a message
</violation>
<violation beginline="282" endline="282" begincolumn="9" endcolumn="18" rule="JUnitAssertionsShouldIncludeMessage" ruleset="Best Practices" package="org.junit.experimental.categories" class="CategoryTest" method="describeMultipleCategoryFilter" externalInfoUrl="https://pmd.github.io/pmd/pmd_rules_java_bestpractices.html#junitassertionsshouldincludemessage" priority="3">
JUnit assertions should include a message
</violation>
<violation beginline="289" endline="291" begincolumn="16" endcolumn="9" rule="ShortMethodName" ruleset="Code Style" package="org.junit.experimental.categories" class="CategoryTest$OneThatIsBothFastAndSlow" method="a" externalInfoUrl="https://pmd.github.io/pmd/pmd_rules_java_codestyle.html#shortmethodname" priority="3">
Avoid using short method names
</violation>
<violation beginline="289" endline="291" begincolumn="25" endcolumn="9" rule="UncommentedEmptyMethodBody" ruleset="Documentation" package="org.junit.experimental.categories" class="CategoryTest$OneThatIsBothFastAndSlow" method="a" externalInfoUrl="https://pmd.github.io/pmd/pmd_rules_java_documentation.html#uncommentedemptymethodbody" priority="3">
Document empty method body
</violation>
<violation beginline="289" endline="291" begincolumn="16" endcolumn="9" rule="JUnitTestsShouldIncludeAssert" ruleset="Best Practices" package="org.junit.experimental.categories" class="CategoryTest$OneThatIsBothFastAndSlow" method="a" externalInfoUrl="https://pmd.github.io/pmd/pmd_rules_java_bestpractices.html#junittestsshouldincludeassert" priority="3">
JUnit tests should include assert() or fail()
</violation>
<violation beginline="302" endline="302" begincolumn="9" endcolumn="18" rule="JUnitAssertionsShouldIncludeMessage" ruleset="Best Practices" package="org.junit.experimental.categories" class="CategoryTest" method="runMethodWithTwoCategories" externalInfoUrl="https://pmd.github.io/pmd/pmd_rules_java_bestpractices.html#junitassertionsshouldincludemessage" priority="3">
JUnit assertions should include a message
</violation>
<violation beginline="312" endline="314" begincolumn="16" endcolumn="9" rule="ShortMethodName" ruleset="Code Style" package="org.junit.experimental.categories" class="CategoryTest$OneVerySlowTest" method="a" externalInfoUrl="https://pmd.github.io/pmd/pmd_rules_java_codestyle.html#shortmethodname" priority="3">
Avoid using short method names
</violation>
<violation beginline="312" endline="314" begincolumn="25" endcolumn="9" rule="UncommentedEmptyMethodBody" ruleset="Documentation" package="org.junit.experimental.categories" class="CategoryTest$OneVerySlowTest" method="a" externalInfoUrl="https://pmd.github.io/pmd/pmd_rules_java_documentation.html#uncommentedemptymethodbody" priority="3">
Document empty method body
</violation>
<violation beginline="312" endline="314" begincolumn="16" endcolumn="9" rule="JUnitTestsShouldIncludeAssert" ruleset="Best Practices" package="org.junit.experimental.categories" class="CategoryTest$OneVerySlowTest" method="a" externalInfoUrl="https://pmd.github.io/pmd/pmd_rules_java_bestpractices.html#junittestsshouldincludeassert" priority="3">
JUnit tests should include assert() or fail()
</violation>
<violation beginline="325" endline="325" begincolumn="9" endcolumn="18" rule="JUnitAssertionsShouldIncludeMessage" ruleset="Best Practices" package="org.junit.experimental.categories" class="CategoryTest" method="subclassesOfIncludedCategoriesAreRun" externalInfoUrl="https://pmd.github.io/pmd/pmd_rules_java_bestpractices.html#junitassertionsshouldincludemessage" priority="3">
JUnit assertions should include a message
</violation>
<violation beginline="346" endline="347" begincolumn="16" endcolumn="9" rule="ShortMethodName" ruleset="Code Style" package="org.junit.experimental.categories" class="CategoryTest$AllIncludedMustMatched" method="a" externalInfoUrl="https://pmd.github.io/pmd/pmd_rules_java_codestyle.html#shortmethodname" priority="3">
Avoid using short method names
</violation>
<violation beginline="346" endline="347" begincolumn="25" endcolumn="9" rule="UncommentedEmptyMethodBody" ruleset="Documentation" package="org.junit.experimental.categories" class="CategoryTest$AllIncludedMustMatched" method="a" externalInfoUrl="https://pmd.github.io/pmd/pmd_rules_java_documentation.html#uncommentedemptymethodbody" priority="3">
Document empty method body
</violation>
<violation beginline="346" endline="347" begincolumn="16" endcolumn="9" rule="JUnitTestsShouldIncludeAssert" ruleset="Best Practices" package="org.junit.experimental.categories" class="CategoryTest$AllIncludedMustMatched" method="a" externalInfoUrl="https://pmd.github.io/pmd/pmd_rules_java_bestpractices.html#junittestsshouldincludeassert" priority="3">
JUnit tests should include assert() or fail()
</violation>
<violation beginline="351" endline="354" begincolumn="16" endcolumn="9" rule="ShortMethodName" ruleset="Code Style" package="org.junit.experimental.categories" class="CategoryTest$AllIncludedMustMatched" method="b" externalInfoUrl="https://pmd.github.io/pmd/pmd_rules_java_codestyle.html#shortmethodname" priority="3">
Avoid using short method names
</violation>
<violation beginline="358" endline="362" begincolumn="12" endcolumn="5" rule="JUnitTestContainsTooManyAsserts" ruleset="Best Practices" package="org.junit.experimental.categories" class="CategoryTest" method="allIncludedSuiteCategoriesMustBeMatched" externalInfoUrl="https://pmd.github.io/pmd/pmd_rules_java_bestpractices.html#junittestcontainstoomanyasserts" priority="3">
Unit tests should not contain more than 1 assert(s).
</violation>
<violation beginline="360" endline="360" begincolumn="9" endcolumn="20" rule="JUnitAssertionsShouldIncludeMessage" ruleset="Best Practices" package="org.junit.experimental.categories" class="CategoryTest" method="allIncludedSuiteCategoriesMustBeMatched" externalInfoUrl="https://pmd.github.io/pmd/pmd_rules_java_bestpractices.html#junitassertionsshouldincludemessage" priority="3">
JUnit assertions should include a message
</violation>
<violation beginline="361" endline="361" begincolumn="9" endcolumn="20" rule="JUnitAssertionsShouldIncludeMessage" ruleset="Best Practices" package="org.junit.experimental.categories" class="CategoryTest" method="allIncludedSuiteCategoriesMustBeMatched" externalInfoUrl="https://pmd.github.io/pmd/pmd_rules_java_bestpractices.html#junitassertionsshouldincludemessage" priority="3">
JUnit assertions should include a message
</violation>
<violation beginline="374" endline="375" begincolumn="16" endcolumn="9" rule="ShortMethodName" ruleset="Code Style" package="org.junit.experimental.categories" class="CategoryTest$MultipleIncludesAndExcludeOnMethod" method="a" externalInfoUrl="https://pmd.github.io/pmd/pmd_rules_java_codestyle.html#shortmethodname" priority="3">
Avoid using short method names
</violation>
<violation beginline="374" endline="375" begincolumn="25" endcolumn="9" rule="UncommentedEmptyMethodBody" ruleset="Documentation" package="org.junit.experimental.categories" class="CategoryTest$MultipleIncludesAndExcludeOnMethod" method="a" externalInfoUrl="https://pmd.github.io/pmd/pmd_rules_java_documentation.html#uncommentedemptymethodbody" priority="3">
Document empty method body
</violation>
<violation beginline="374" endline="375" begincolumn="16" endcolumn="9" rule="JUnitTestsShouldIncludeAssert" ruleset="Best Practices" package="org.junit.experimental.categories" class="CategoryTest$MultipleIncludesAndExcludeOnMethod" method="a" externalInfoUrl="https://pmd.github.io/pmd/pmd_rules_java_bestpractices.html#junittestsshouldincludeassert" priority="3">
JUnit tests should include assert() or fail()
</violation>
<violation beginline="379" endline="382" begincolumn="16" endcolumn="9" rule="ShortMethodName" ruleset="Code Style" package="org.junit.experimental.categories" class="CategoryTest$MultipleIncludesAndExcludeOnMethod" method="b" externalInfoUrl="https://pmd.github.io/pmd/pmd_rules_java_codestyle.html#shortmethodname" priority="3">
Avoid using short method names
</violation>
<violation beginline="386" endline="390" begincolumn="12" endcolumn="5" rule="JUnitTestContainsTooManyAsserts" ruleset="Best Practices" package="org.junit.experimental.categories" class="CategoryTest" method="anyMethodWithExcludedCategoryWillBeExcluded" externalInfoUrl="https://pmd.github.io/pmd/pmd_rules_java_bestpractices.html#junittestcontainstoomanyasserts" priority="3">
Unit tests should not contain more than 1 assert(s).
</violation>
<violation beginline="388" endline="388" begincolumn="9" endcolumn="20" rule="JUnitAssertionsShouldIncludeMessage" ruleset="Best Practices" package="org.junit.experimental.categories" class="CategoryTest" method="anyMethodWithExcludedCategoryWillBeExcluded" externalInfoUrl="https://pmd.github.io/pmd/pmd_rules_java_bestpractices.html#junitassertionsshouldincludemessage" priority="3">
JUnit assertions should include a message
</violation>
<violation beginline="389" endline="389" begincolumn="9" endcolumn="20" rule="JUnitAssertionsShouldIncludeMessage" ruleset="Best Practices" package="org.junit.experimental.categories" class="CategoryTest" method="anyMethodWithExcludedCategoryWillBeExcluded" externalInfoUrl="https://pmd.github.io/pmd/pmd_rules_java_bestpractices.html#junitassertionsshouldincludemessage" priority="3">
JUnit assertions should include a message
</violation>
<violation beginline="398" endline="399" begincolumn="16" endcolumn="9" rule="ShortMethodName" ruleset="Code Style" package="org.junit.experimental.categories" class="CategoryTest$OneMoreTest" method="a" externalInfoUrl="https://pmd.github.io/pmd/pmd_rules_java_codestyle.html#shortmethodname" priority="3">
Avoid using short method names
</violation>
<violation beginline="398" endline="399" begincolumn="25" endcolumn="9" rule="UncommentedEmptyMethodBody" ruleset="Documentation" package="org.junit.experimental.categories" class="CategoryTest$OneMoreTest" method="a" externalInfoUrl="https://pmd.github.io/pmd/pmd_rules_java_documentation.html#uncommentedemptymethodbody" priority="3">
Document empty method body
</violation>
<violation beginline="398" endline="399" begincolumn="16" endcolumn="9" rule="JUnitTestsShouldIncludeAssert" ruleset="Best Practices" package="org.junit.experimental.categories" class="CategoryTest$OneMoreTest" method="a" externalInfoUrl="https://pmd.github.io/pmd/pmd_rules_java_bestpractices.html#junittestsshouldincludeassert" priority="3">
JUnit tests should include assert() or fail()
</violation>
<violation beginline="410" endline="410" begincolumn="9" endcolumn="18" rule="JUnitAssertionsShouldIncludeMessage" ruleset="Best Practices" package="org.junit.experimental.categories" class="CategoryTest" method="classesCanBeCategories" externalInfoUrl="https://pmd.github.io/pmd/pmd_rules_java_bestpractices.html#junitassertionsshouldincludemessage" priority="3">
JUnit assertions should include a message
</violation>
<violation beginline="414" endline="414" begincolumn="28" endcolumn="43" rule="AbstractClassWithoutAnyMethod" ruleset="Design" package="org.junit.experimental.categories" class="CategoryTest$Ancestor" externalInfoUrl="https://pmd.github.io/pmd/pmd_rules_java_design.html#abstractclasswithoutanymethod" priority="1">
No abstract method which means that the keyword is most likely used to prevent instantiation. Use a private or protected constructor instead.
</violation>
<violation beginline="414" endline="414" begincolumn="28" endcolumn="43" rule="AbstractClassWithoutAbstractMethod" ruleset="Best Practices" package="org.junit.experimental.categories" class="CategoryTest$Ancestor" externalInfoUrl="https://pmd.github.io/pmd/pmd_rules_java_bestpractices.html#abstractclasswithoutabstractmethod" priority="3">
This abstract class does not have any abstract methods
</violation>
<violation beginline="418" endline="419" begincolumn="16" endcolumn="9" rule="ShortMethodName" ruleset="Code Style" package="org.junit.experimental.categories" class="CategoryTest$Inherited" method="a" externalInfoUrl="https://pmd.github.io/pmd/pmd_rules_java_codestyle.html#shortmethodname" priority="3">
Avoid using short method names
</violation>
<violation beginline="418" endline="419" begincolumn="24" endcolumn="9" rule="UncommentedEmptyMethodBody" ruleset="Documentation" package="org.junit.experimental.categories" class="CategoryTest$Inherited" method="a" externalInfoUrl="https://pmd.github.io/pmd/pmd_rules_java_documentation.html#uncommentedemptymethodbody" priority="3">
Document empty method body
</violation>
<violation beginline="418" endline="419" begincolumn="16" endcolumn="9" rule="JUnitTestsShouldIncludeAssert" ruleset="Best Practices" package="org.junit.experimental.categories" class="CategoryTest$Inherited" method="a" externalInfoUrl="https://pmd.github.io/pmd/pmd_rules_java_bestpractices.html#junittestsshouldincludeassert" priority="3">
JUnit tests should include assert() or fail()
</violation>
<violation beginline="428" endline="432" begincolumn="12" endcolumn="5" rule="JUnitTestContainsTooManyAsserts" ruleset="Best Practices" package="org.junit.experimental.categories" class="CategoryTest" method="testInheritance" externalInfoUrl="https://pmd.github.io/pmd/pmd_rules_java_bestpractices.html#junittestcontainstoomanyasserts" priority="3">
Unit tests should not contain more than 1 assert(s).
</violation>
<violation beginline="430" endline="430" begincolumn="9" endcolumn="20" rule="JUnitAssertionsShouldIncludeMessage" ruleset="Best Practices" package="org.junit.experimental.categories" class="CategoryTest" method="testInheritance" externalInfoUrl="https://pmd.github.io/pmd/pmd_rules_java_bestpractices.html#junitassertionsshouldincludemessage" priority="3">
JUnit assertions should include a message
</violation>
<violation beginline="431" endline="431" begincolumn="9" endcolumn="18" rule="JUnitAssertionsShouldIncludeMessage" ruleset="Best Practices" package="org.junit.experimental.categories" class="CategoryTest" method="testInheritance" externalInfoUrl="https://pmd.github.io/pmd/pmd_rules_java_bestpractices.html#junitassertionsshouldincludemessage" priority="3">
JUnit assertions should include a message
</violation>
<violation beginline="442" endline="442" begincolumn="9" endcolumn="18" rule="JUnitAssertionsShouldIncludeMessage" ruleset="Best Practices" package="org.junit.experimental.categories" class="CategoryTest" method="emptyCategoriesSuite" externalInfoUrl="https://pmd.github.io/pmd/pmd_rules_java_bestpractices.html#junitassertionsshouldincludemessage" priority="3">
JUnit assertions should include a message
</violation>
<violation beginline="455" endline="455" begincolumn="13" endcolumn="16" rule="JUnitAssertionsShouldIncludeMessage" ruleset="Best Practices" package="org.junit.experimental.categories" class="CategoryTest$IgnoredTest" method="test" externalInfoUrl="https://pmd.github.io/pmd/pmd_rules_java_bestpractices.html#junitassertionsshouldincludemessage" priority="3">
JUnit assertions should include a message
</violation>
<violation beginline="466" endline="472" begincolumn="12" endcolumn="5" rule="JUnitTestContainsTooManyAsserts" ruleset="Best Practices" package="org.junit.experimental.categories" class="CategoryTest" method="ignoredTest" externalInfoUrl="https://pmd.github.io/pmd/pmd_rules_java_bestpractices.html#junittestcontainstoomanyasserts" priority="3">
Unit tests should not contain more than 1 assert(s).
</violation>
<violation beginline="468" endline="468" begincolumn="9" endcolumn="19" rule="JUnitAssertionsShouldIncludeMessage" ruleset="Best Practices" package="org.junit.experimental.categories" class="CategoryTest" method="ignoredTest" externalInfoUrl="https://pmd.github.io/pmd/pmd_rules_java_bestpractices.html#junitassertionsshouldincludemessage" priority="3">
JUnit assertions should include a message
</violation>
<violation beginline="469" endline="469" begincolumn="9" endcolumn="18" rule="JUnitAssertionsShouldIncludeMessage" ruleset="Best Practices" package="org.junit.experimental.categories" class="CategoryTest" method="ignoredTest" externalInfoUrl="https://pmd.github.io/pmd/pmd_rules_java_bestpractices.html#junitassertionsshouldincludemessage" priority="3">
JUnit assertions should include a message
</violation>
<violation beginline="470" endline="470" begincolumn="9" endcolumn="18" rule="JUnitAssertionsShouldIncludeMessage" ruleset="Best Practices" package="org.junit.experimental.categories" class="CategoryTest" method="ignoredTest" externalInfoUrl="https://pmd.github.io/pmd/pmd_rules_java_bestpractices.html#junitassertionsshouldincludemessage" priority="3">
JUnit assertions should include a message
</violation>
<violation beginline="471" endline="471" begincolumn="9" endcolumn="18" rule="JUnitAssertionsShouldIncludeMessage" ruleset="Best Practices" package="org.junit.experimental.categories" class="CategoryTest" method="ignoredTest" externalInfoUrl="https://pmd.github.io/pmd/pmd_rules_java_bestpractices.html#junitassertionsshouldincludemessage" priority="3">
JUnit assertions should include a message
</violation>
<violation beginline="479" endline="479" begincolumn="13" endcolumn="16" rule="JUnitAssertionsShouldIncludeMessage" ruleset="Best Practices" package="org.junit.experimental.categories" class="CategoryTest$ExcludedTest1" method="test" externalInfoUrl="https://pmd.github.io/pmd/pmd_rules_java_bestpractices.html#junitassertionsshouldincludemessage" priority="3">
JUnit assertions should include a message
</violation>
<violation beginline="489" endline="489" begincolumn="13" endcolumn="16" rule="JUnitAssertionsShouldIncludeMessage" ruleset="Best Practices" package="org.junit.experimental.categories" class="CategoryTest$ExcludedTest2" method="test" externalInfoUrl="https://pmd.github.io/pmd/pmd_rules_java_bestpractices.html#junitassertionsshouldincludemessage" priority="3">
JUnit assertions should include a message
</violation>
<violation beginline="497" endline="498" begincolumn="28" endcolumn="9" rule="UncommentedEmptyMethodBody" ruleset="Documentation" package="org.junit.experimental.categories" class="CategoryTest$IncludedTest" method="test" externalInfoUrl="https://pmd.github.io/pmd/pmd_rules_java_documentation.html#uncommentedemptymethodbody" priority="3">
Document empty method body
</violation>
<violation beginline="497" endline="498" begincolumn="16" endcolumn="9" rule="JUnitTestsShouldIncludeAssert" ruleset="Best Practices" package="org.junit.experimental.categories" class="CategoryTest$IncludedTest" method="test" externalInfoUrl="https://pmd.github.io/pmd/pmd_rules_java_bestpractices.html#junittestsshouldincludeassert" priority="3">
JUnit tests should include assert() or fail()
</violation>
<violation beginline="509" endline="513" begincolumn="12" endcolumn="5" rule="JUnitTestContainsTooManyAsserts" ruleset="Best Practices" package="org.junit.experimental.categories" class="CategoryTest" method="oneRunnableOthersAvoided" externalInfoUrl="https://pmd.github.io/pmd/pmd_rules_java_bestpractices.html#junittestcontainstoomanyasserts" priority="3">
Unit tests should not contain more than 1 assert(s).
</violation>
<violation beginline="511" endline="511" begincolumn="9" endcolumn="20" rule="JUnitAssertionsShouldIncludeMessage" ruleset="Best Practices" package="org.junit.experimental.categories" class="CategoryTest" method="oneRunnableOthersAvoided" externalInfoUrl="https://pmd.github.io/pmd/pmd_rules_java_bestpractices.html#junitassertionsshouldincludemessage" priority="3">
JUnit assertions should include a message
</violation>
<violation beginline="512" endline="512" begincolumn="9" endcolumn="18" rule="JUnitAssertionsShouldIncludeMessage" ruleset="Best Practices" package="org.junit.experimental.categories" class="CategoryTest" method="oneRunnableOthersAvoided" externalInfoUrl="https://pmd.github.io/pmd/pmd_rules_java_bestpractices.html#junitassertionsshouldincludemessage" priority="3">
JUnit assertions should include a message
</violation>
<violation beginline="517" endline="525" begincolumn="12" endcolumn="5" rule="JUnitTestContainsTooManyAsserts" ruleset="Best Practices" package="org.junit.experimental.categories" class="CategoryTest" method="testCountWithMultipleExcludeFilter" externalInfoUrl="https://pmd.github.io/pmd/pmd_rules_java_bestpractices.html#junittestcontainstoomanyasserts" priority="3">
Unit tests should not contain more than 1 assert(s).
</violation>
<violation beginline="518" endline="518" begincolumn="35" endcolumn="58" rule="UseDiamondOperator" ruleset="Code Style" package="org.junit.experimental.categories" class="CategoryTest" method="testCountWithMultipleExcludeFilter" externalInfoUrl="https://pmd.github.io/pmd/pmd_rules_java_codestyle.html#usediamondoperator" priority="3">
Explicit type arguments can be replaced by Diamond Operator
</violation>
<violation beginline="523" endline="523" begincolumn="9" endcolumn="18" rule="JUnitAssertionsShouldIncludeMessage" ruleset="Best Practices" package="org.junit.experimental.categories" class="CategoryTest" method="testCountWithMultipleExcludeFilter" externalInfoUrl="https://pmd.github.io/pmd/pmd_rules_java_bestpractices.html#junitassertionsshouldincludemessage" priority="3">
JUnit assertions should include a message
</violation>
<violation beginline="524" endline="524" begincolumn="9" endcolumn="20" rule="JUnitAssertionsShouldIncludeMessage" ruleset="Best Practices" package="org.junit.experimental.categories" class="CategoryTest" method="testCountWithMultipleExcludeFilter" externalInfoUrl="https://pmd.github.io/pmd/pmd_rules_java_bestpractices.html#junitassertionsshouldincludemessage" priority="3">
JUnit assertions should include a message
</violation>
<violation beginline="528" endline="534" begincolumn="12" endcolumn="5" rule="JUnitTestContainsTooManyAsserts" ruleset="Best Practices" package="org.junit.experimental.categories" class="CategoryTest" method="testCountWithMultipleIncludeFilter" externalInfoUrl="https://pmd.github.io/pmd/pmd_rules_java_bestpractices.html#junittestcontainstoomanyasserts" priority="3">
Unit tests should not contain more than 1 assert(s).
</violation>
<violation beginline="532" endline="532" begincolumn="9" endcolumn="18" rule="JUnitAssertionsShouldIncludeMessage" ruleset="Best Practices" package="org.junit.experimental.categories" class="CategoryTest" method="testCountWithMultipleIncludeFilter" externalInfoUrl="https://pmd.github.io/pmd/pmd_rules_java_bestpractices.html#junitassertionsshouldincludemessage" priority="3">
JUnit assertions should include a message
</violation>
<violation beginline="533" endline="533" begincolumn="9" endcolumn="20" rule="JUnitAssertionsShouldIncludeMessage" ruleset="Best Practices" package="org.junit.experimental.categories" class="CategoryTest" method="testCountWithMultipleIncludeFilter" externalInfoUrl="https://pmd.github.io/pmd/pmd_rules_java_bestpractices.html#junitassertionsshouldincludemessage" priority="3">
JUnit assertions should include a message
</violation>
<violation beginline="546" endline="547" begincolumn="29" endcolumn="9" rule="UncommentedEmptyMethodBody" ruleset="Documentation" package="org.junit.experimental.categories" class="CategoryTest$NoIncludeCategoryAnnotationTest" method="test2" externalInfoUrl="https://pmd.github.io/pmd/pmd_rules_java_documentation.html#uncommentedemptymethodbody" priority="3">
Document empty method body
</violation>
<violation beginline="546" endline="547" begincolumn="16" endcolumn="9" rule="JUnitTestsShouldIncludeAssert" ruleset="Best Practices" package="org.junit.experimental.categories" class="CategoryTest$NoIncludeCategoryAnnotationTest" method="test2" externalInfoUrl="https://pmd.github.io/pmd/pmd_rules_java_bestpractices.html#junittestsshouldincludeassert" priority="3">
JUnit tests should include assert() or fail()
</violation>
<violation beginline="550" endline="551" begincolumn="53" endcolumn="9" rule="UncommentedEmptyMethodBody" ruleset="Documentation" package="org.junit.experimental.categories" class="CategoryTest$NoIncludeCategoryAnnotationTest" method="test1" externalInfoUrl="https://pmd.github.io/pmd/pmd_rules_java_documentation.html#uncommentedemptymethodbody" priority="3">
Document empty method body
</violation>
<violation beginline="550" endline="551" begincolumn="40" endcolumn="9" rule="JUnitTestsShouldIncludeAssert" ruleset="Best Practices" package="org.junit.experimental.categories" class="CategoryTest$NoIncludeCategoryAnnotationTest" method="test1" externalInfoUrl="https://pmd.github.io/pmd/pmd_rules_java_bestpractices.html#junittestsshouldincludeassert" priority="3">
JUnit tests should include assert() or fail()
</violation>
<violation beginline="555" endline="559" begincolumn="12" endcolumn="5" rule="JUnitTestContainsTooManyAsserts" ruleset="Best Practices" package="org.junit.experimental.categories" class="CategoryTest" method="noIncludeCategoryAnnotation" externalInfoUrl="https://pmd.github.io/pmd/pmd_rules_java_bestpractices.html#junittestcontainstoomanyasserts" priority="3">
Unit tests should not contain more than 1 assert(s).
</violation>
<violation beginline="557" endline="557" begincolumn="9" endcolumn="18" rule="JUnitAssertionsShouldIncludeMessage" ruleset="Best Practices" package="org.junit.experimental.categories" class="CategoryTest" method="noIncludeCategoryAnnotation" externalInfoUrl="https://pmd.github.io/pmd/pmd_rules_java_bestpractices.html#junitassertionsshouldincludemessage" priority="3">
JUnit assertions should include a message
</violation>
<violation beginline="558" endline="558" begincolumn="9" endcolumn="20" rule="JUnitAssertionsShouldIncludeMessage" ruleset="Best Practices" package="org.junit.experimental.categories" class="CategoryTest" method="noIncludeCategoryAnnotation" externalInfoUrl="https://pmd.github.io/pmd/pmd_rules_java_bestpractices.html#junitassertionsshouldincludemessage" priority="3">
JUnit assertions should include a message
</violation>
<violation beginline="569" endline="573" begincolumn="12" endcolumn="5" rule="JUnitTestContainsTooManyAsserts" ruleset="Best Practices" package="org.junit.experimental.categories" class="CategoryTest" method="sameAsNoIncludeCategoryAnnotation" externalInfoUrl="https://pmd.github.io/pmd/pmd_rules_java_bestpractices.html#junittestcontainstoomanyasserts" priority="3">
Unit tests should not contain more than 1 assert(s).
</violation>
<violation beginline="571" endline="571" begincolumn="9" endcolumn="18" rule="JUnitAssertionsShouldIncludeMessage" ruleset="Best Practices" package="org.junit.experimental.categories" class="CategoryTest" method="sameAsNoIncludeCategoryAnnotation" externalInfoUrl="https://pmd.github.io/pmd/pmd_rules_java_bestpractices.html#junitassertionsshouldincludemessage" priority="3">
JUnit assertions should include a message
</violation>
<violation beginline="572" endline="572" begincolumn="9" endcolumn="20" rule="JUnitAssertionsShouldIncludeMessage" ruleset="Best Practices" package="org.junit.experimental.categories" class="CategoryTest" method="sameAsNoIncludeCategoryAnnotation" externalInfoUrl="https://pmd.github.io/pmd/pmd_rules_java_bestpractices.html#junitassertionsshouldincludemessage" priority="3">
JUnit assertions should include a message
</violation>
</file>
<file name="C:\Users\Deyan\Downloads\junit4-r4.13.2\src\test\java\org\junit\experimental\categories\CategoryValidatorTest.java">
<violation beginline="23" endline="23" begincolumn="9" endcolumn="47" rule="UnnecessaryAnnotationValueElement" ruleset="Code Style" package="org.junit.experimental.categories" class="CategoryValidatorTest$CategoryTest" externalInfoUrl="https://pmd.github.io/pmd/pmd_rules_java_codestyle.html#unnecessaryannotationvalueelement" priority="3">
Avoid the use of value in annotations when its the only element
</violation>
<violation beginline="24" endline="25" begincolumn="63" endcolumn="9" rule="UncommentedEmptyMethodBody" ruleset="Documentation" package="org.junit.experimental.categories" class="CategoryValidatorTest$CategoryTest" method="methodWithCategoryAndBeforeClass" externalInfoUrl="https://pmd.github.io/pmd/pmd_rules_java_documentation.html#uncommentedemptymethodbody" priority="3">
Document empty method body
</violation>
<violation beginline="28" endline="28" begincolumn="9" endcolumn="47" rule="UnnecessaryAnnotationValueElement" ruleset="Code Style" package="org.junit.experimental.categories" class="CategoryValidatorTest$CategoryTest" externalInfoUrl="https://pmd.github.io/pmd/pmd_rules_java_codestyle.html#unnecessaryannotationvalueelement" priority="3">
Avoid the use of value in annotations when its the only element
</violation>
<violation beginline="29" endline="30" begincolumn="62" endcolumn="9" rule="UncommentedEmptyMethodBody" ruleset="Documentation" package="org.junit.experimental.categories" class="CategoryValidatorTest$CategoryTest" method="methodWithCategoryAndAfterClass" externalInfoUrl="https://pmd.github.io/pmd/pmd_rules_java_documentation.html#uncommentedemptymethodbody" priority="3">
Document empty method body
</violation>
<violation beginline="33" endline="33" begincolumn="9" endcolumn="47" rule="UnnecessaryAnnotationValueElement" ruleset="Code Style" package="org.junit.experimental.categories" class="CategoryValidatorTest$CategoryTest" externalInfoUrl="https://pmd.github.io/pmd/pmd_rules_java_codestyle.html#unnecessaryannotationvalueelement" priority="3">
Avoid the use of value in annotations when its the only element
</violation>
<violation beginline="34" endline="35" begincolumn="58" endcolumn="9" rule="UncommentedEmptyMethodBody" ruleset="Documentation" package="org.junit.experimental.categories" class="CategoryValidatorTest$CategoryTest" method="methodWithCategoryAndBefore" externalInfoUrl="https://pmd.github.io/pmd/pmd_rules_java_documentation.html#uncommentedemptymethodbody" priority="3">
Document empty method body
</violation>
<violation beginline="38" endline="38" begincolumn="9" endcolumn="47" rule="UnnecessaryAnnotationValueElement" ruleset="Code Style" package="org.junit.experimental.categories" class="CategoryValidatorTest$CategoryTest" externalInfoUrl="https://pmd.github.io/pmd/pmd_rules_java_codestyle.html#unnecessaryannotationvalueelement" priority="3">
Avoid the use of value in annotations when its the only element
</violation>
<violation beginline="39" endline="40" begincolumn="57" endcolumn="9" rule="UncommentedEmptyMethodBody" ruleset="Documentation" package="org.junit.experimental.categories" class="CategoryValidatorTest$CategoryTest" method="methodWithCategoryAndAfter" externalInfoUrl="https://pmd.github.io/pmd/pmd_rules_java_documentation.html#uncommentedemptymethodbody" priority="3">
Document empty method body
</violation>
<violation beginline="42" endline="42" begincolumn="9" endcolumn="47" rule="UnnecessaryAnnotationValueElement" ruleset="Code Style" package="org.junit.experimental.categories" class="CategoryValidatorTest$CategoryTest" externalInfoUrl="https://pmd.github.io/pmd/pmd_rules_java_codestyle.html#unnecessaryannotationvalueelement" priority="3">
Avoid the use of value in annotations when its the only element
</violation>
<violation beginline="43" endline="44" begincolumn="49" endcolumn="9" rule="UncommentedEmptyMethodBody" ruleset="Documentation" package="org.junit.experimental.categories" class="CategoryValidatorTest$CategoryTest" method="methodWithCategory" externalInfoUrl="https://pmd.github.io/pmd/pmd_rules_java_documentation.html#uncommentedemptymethodbody" priority="3">
Document empty method body
</violation>
<violation beginline="48" endline="51" begincolumn="12" endcolumn="5" rule="JUnitTestsShouldIncludeAssert" ruleset="Best Practices" package="org.junit.experimental.categories" class="CategoryValidatorTest" method="errorIsAddedWhenCategoryIsUsedWithBeforeClass" externalInfoUrl="https://pmd.github.io/pmd/pmd_rules_java_bestpractices.html#junittestsshouldincludeassert" priority="3">
JUnit tests should include assert() or fail()
</violation>
<violation beginline="54" endline="57" begincolumn="12" endcolumn="5" rule="JUnitTestsShouldIncludeAssert" ruleset="Best Practices" package="org.junit.experimental.categories" class="CategoryValidatorTest" method="errorIsAddedWhenCategoryIsUsedWithAfterClass" externalInfoUrl="https://pmd.github.io/pmd/pmd_rules_java_bestpractices.html#junittestsshouldincludeassert" priority="3">
JUnit tests should include assert() or fail()
</violation>
<violation beginline="60" endline="63" begincolumn="12" endcolumn="5" rule="JUnitTestsShouldIncludeAssert" ruleset="Best Practices" package="org.junit.experimental.categories" class="CategoryValidatorTest" method="errorIsAddedWhenCategoryIsUsedWithBefore" externalInfoUrl="https://pmd.github.io/pmd/pmd_rules_java_bestpractices.html#junittestsshouldincludeassert" priority="3">
JUnit tests should include assert() or fail()
</violation>
<violation beginline="66" endline="69" begincolumn="12" endcolumn="5" rule="JUnitTestsShouldIncludeAssert" ruleset="Best Practices" package="org.junit.experimental.categories" class="CategoryValidatorTest" method="errorIsAddedWhenCategoryIsUsedWithAfter" externalInfoUrl="https://pmd.github.io/pmd/pmd_rules_java_bestpractices.html#junittestsshouldincludeassert" priority="3">
JUnit tests should include assert() or fail()
</violation>
<violation beginline="71" endline="77" begincolumn="13" endcolumn="5" rule="JUnitTestContainsTooManyAsserts" ruleset="Best Practices" package="org.junit.experimental.categories" class="CategoryValidatorTest" method="testAndAssertErrorMessage" externalInfoUrl="https://pmd.github.io/pmd/pmd_rules_java_bestpractices.html#junittestcontainstoomanyasserts" priority="3">
Unit tests should not contain more than 1 assert(s).
</violation>
<violation beginline="74" endline="74" begincolumn="9" endcolumn="18" rule="JUnitAssertionsShouldIncludeMessage" ruleset="Best Practices" package="org.junit.experimental.categories" class="CategoryValidatorTest" method="testAndAssertErrorMessage" externalInfoUrl="https://pmd.github.io/pmd/pmd_rules_java_bestpractices.html#junitassertionsshouldincludemessage" priority="3">
JUnit assertions should include a message
</violation>
<violation beginline="76" endline="76" begincolumn="9" endcolumn="18" rule="JUnitAssertionsShouldIncludeMessage" ruleset="Best Practices" package="org.junit.experimental.categories" class="CategoryValidatorTest" method="testAndAssertErrorMessage" externalInfoUrl="https://pmd.github.io/pmd/pmd_rules_java_bestpractices.html#junitassertionsshouldincludemessage" priority="3">
JUnit assertions should include a message
</violation>
<violation beginline="84" endline="84" begincolumn="9" endcolumn="18" rule="JUnitAssertionsShouldIncludeMessage" ruleset="Best Practices" package="org.junit.experimental.categories" class="CategoryValidatorTest" method="errorIsNotAddedWhenCategoryIsNotCombinedWithIllegalCombination" externalInfoUrl="https://pmd.github.io/pmd/pmd_rules_java_bestpractices.html#junitassertionsshouldincludemessage" priority="3">
JUnit assertions should include a message
</violation>
</file>
<file name="C:\Users\Deyan\Downloads\junit4-r4.13.2\src\test\java\org\junit\experimental\categories\JavadocTest.java">
<violation beginline="20" endline="20" begincolumn="19" endcolumn="40" rule="UnnecessaryModifier" ruleset="Code Style" package="org.junit.experimental.categories" class="JavadocTest$FastTests" externalInfoUrl="https://pmd.github.io/pmd/pmd_rules_java_codestyle.html#unnecessarymodifier" priority="3">
Unnecessary modifier 'static' on interface 'FastTests': member interfaces are implicitly static
</violation>
<violation beginline="21" endline="21" begincolumn="19" endcolumn="40" rule="UnnecessaryModifier" ruleset="Code Style" package="org.junit.experimental.categories" class="JavadocTest$SlowTests" externalInfoUrl="https://pmd.github.io/pmd/pmd_rules_java_codestyle.html#unnecessarymodifier" priority="3">
Unnecessary modifier 'static' on interface 'SlowTests': member interfaces are implicitly static
</violation>
<violation beginline="22" endline="22" begincolumn="19" endcolumn="41" rule="UnnecessaryModifier" ruleset="Code Style" package="org.junit.experimental.categories" class="JavadocTest$SmokeTests" externalInfoUrl="https://pmd.github.io/pmd/pmd_rules_java_codestyle.html#unnecessarymodifier" priority="3">
Unnecessary modifier 'static' on interface 'SmokeTests': member interfaces are implicitly static
</violation>
<violation beginline="24" endline="38" begincolumn="19" endcolumn="5" rule="ShortClassName" ruleset="Code Style" package="org.junit.experimental.categories" class="JavadocTest$A" externalInfoUrl="https://pmd.github.io/pmd/pmd_rules_java_codestyle.html#shortclassname" priority="4">
Avoid short class names like A
</violation>
<violation beginline="25" endline="27" begincolumn="16" endcolumn="9" rule="ShortMethodName" ruleset="Code Style" package="org.junit.experimental.categories" class="JavadocTest$A" method="a" externalInfoUrl="https://pmd.github.io/pmd/pmd_rules_java_codestyle.html#shortmethodname" priority="3">
Avoid using short method names
</violation>
<violation beginline="25" endline="27" begincolumn="9" endcolumn="9" rule="DetachedTestCase" ruleset="Error Prone" package="org.junit.experimental.categories" class="JavadocTest$A" externalInfoUrl="https://pmd.github.io/pmd/pmd_rules_java_errorprone.html#detachedtestcase" priority="3">
Probable detached JUnit test case.
</violation>
<violation beginline="26" endline="26" begincolumn="13" endcolumn="16" rule="JUnitAssertionsShouldIncludeMessage" ruleset="Best Practices" package="org.junit.experimental.categories" class="JavadocTest$A" method="a" externalInfoUrl="https://pmd.github.io/pmd/pmd_rules_java_bestpractices.html#junitassertionsshouldincludemessage" priority="3">
JUnit assertions should include a message
</violation>
<violation beginline="31" endline="32" begincolumn="16" endcolumn="9" rule="ShortMethodName" ruleset="Code Style" package="org.junit.experimental.categories" class="JavadocTest$A" method="b" externalInfoUrl="https://pmd.github.io/pmd/pmd_rules_java_codestyle.html#shortmethodname" priority="3">
Avoid using short method names
</violation>
<violation beginline="31" endline="32" begincolumn="25" endcolumn="9" rule="UncommentedEmptyMethodBody" ruleset="Documentation" package="org.junit.experimental.categories" class="JavadocTest$A" method="b" externalInfoUrl="https://pmd.github.io/pmd/pmd_rules_java_documentation.html#uncommentedemptymethodbody" priority="3">
Document empty method body
</violation>
<violation beginline="31" endline="32" begincolumn="16" endcolumn="9" rule="JUnitTestsShouldIncludeAssert" ruleset="Best Practices" package="org.junit.experimental.categories" class="JavadocTest$A" method="b" externalInfoUrl="https://pmd.github.io/pmd/pmd_rules_java_bestpractices.html#junittestsshouldincludeassert" priority="3">
JUnit tests should include assert() or fail()
</violation>
<violation beginline="36" endline="37" begincolumn="16" endcolumn="9" rule="ShortMethodName" ruleset="Code Style" package="org.junit.experimental.categories" class="JavadocTest$A" method="c" externalInfoUrl="https://pmd.github.io/pmd/pmd_rules_java_codestyle.html#shortmethodname" priority="3">
Avoid using short method names
</violation>
<violation beginline="36" endline="37" begincolumn="25" endcolumn="9" rule="UncommentedEmptyMethodBody" ruleset="Documentation" package="org.junit.experimental.categories" class="JavadocTest$A" method="c" externalInfoUrl="https://pmd.github.io/pmd/pmd_rules_java_documentation.html#uncommentedemptymethodbody" priority="3">
Document empty method body
</violation>
<violation beginline="36" endline="37" begincolumn="16" endcolumn="9" rule="JUnitTestsShouldIncludeAssert" ruleset="Best Practices" package="org.junit.experimental.categories" class="JavadocTest$A" method="c" externalInfoUrl="https://pmd.github.io/pmd/pmd_rules_java_bestpractices.html#junittestsshouldincludeassert" priority="3">
JUnit tests should include assert() or fail()
</violation>
<violation beginline="41" endline="45" begincolumn="19" endcolumn="5" rule="ShortClassName" ruleset="Code Style" package="org.junit.experimental.categories" class="JavadocTest$B" externalInfoUrl="https://pmd.github.io/pmd/pmd_rules_java_codestyle.html#shortclassname" priority="4">
Avoid short class names like B
</violation>
<violation beginline="43" endline="44" begincolumn="16" endcolumn="9" rule="ShortMethodName" ruleset="Code Style" package="org.junit.experimental.categories" class="JavadocTest$B" method="d" externalInfoUrl="https://pmd.github.io/pmd/pmd_rules_java_codestyle.html#shortmethodname" priority="3">
Avoid using short method names
</violation>
<violation beginline="43" endline="44" begincolumn="25" endcolumn="9" rule="UncommentedEmptyMethodBody" ruleset="Documentation" package="org.junit.experimental.categories" class="JavadocTest$B" method="d" externalInfoUrl="https://pmd.github.io/pmd/pmd_rules_java_documentation.html#uncommentedemptymethodbody" priority="3">
Document empty method body
</violation>
<violation beginline="43" endline="44" begincolumn="16" endcolumn="9" rule="JUnitTestsShouldIncludeAssert" ruleset="Best Practices" package="org.junit.experimental.categories" class="JavadocTest$B" method="d" externalInfoUrl="https://pmd.github.io/pmd/pmd_rules_java_bestpractices.html#junittestsshouldincludeassert" priority="3">
JUnit tests should include assert() or fail()
</violation>
<violation beginline="62" endline="67" begincolumn="12" endcolumn="5" rule="JUnitTestContainsTooManyAsserts" ruleset="Best Practices" package="org.junit.experimental.categories" class="JavadocTest" method="slowTests" externalInfoUrl="https://pmd.github.io/pmd/pmd_rules_java_bestpractices.html#junittestcontainstoomanyasserts" priority="3">
Unit tests should not contain more than 1 assert(s).
</violation>
<violation beginline="64" endline="64" begincolumn="9" endcolumn="18" rule="JUnitAssertionsShouldIncludeMessage" ruleset="Best Practices" package="org.junit.experimental.categories" class="JavadocTest" method="slowTests" externalInfoUrl="https://pmd.github.io/pmd/pmd_rules_java_bestpractices.html#junitassertionsshouldincludemessage" priority="3">
JUnit assertions should include a message
</violation>
<violation beginline="70" endline="75" begincolumn="12" endcolumn="5" rule="JUnitTestContainsTooManyAsserts" ruleset="Best Practices" package="org.junit.experimental.categories" class="JavadocTest" method="fastSmokeTests" externalInfoUrl="https://pmd.github.io/pmd/pmd_rules_java_bestpractices.html#junittestcontainstoomanyasserts" priority="3">
Unit tests should not contain more than 1 assert(s).
</violation>
<violation beginline="72" endline="72" begincolumn="9" endcolumn="18" rule="JUnitAssertionsShouldIncludeMessage" ruleset="Best Practices" package="org.junit.experimental.categories" class="JavadocTest" method="fastSmokeTests" externalInfoUrl="https://pmd.github.io/pmd/pmd_rules_java_bestpractices.html#junitassertionsshouldincludemessage" priority="3">
JUnit assertions should include a message
</violation>
</file>
<file name="C:\Users\Deyan\Downloads\junit4-r4.13.2\src\test\java\org\junit\experimental\categories\MultiCategoryTest.java">
<violation beginline="1" endline="169" begincolumn="1" endcolumn="2" rule="TooManyStaticImports" ruleset="Code Style" package="org.junit.experimental.categories" class="MultiCategoryTest" externalInfoUrl="https://pmd.github.io/pmd/pmd_rules_java_codestyle.html#toomanystaticimports" priority="3">
Too many static imports may lead to messy code
</violation>
<violation beginline="21" endline="21" begincolumn="12" endcolumn="25" rule="ShortClassName" ruleset="Code Style" package="org.junit.experimental.categories" class="MultiCategoryTest$A" externalInfoUrl="https://pmd.github.io/pmd/pmd_rules_java_codestyle.html#shortclassname" priority="4">
Avoid short class names like A
</violation>
<violation beginline="22" endline="22" begincolumn="12" endcolumn="25" rule="ShortClassName" ruleset="Code Style" package="org.junit.experimental.categories" class="MultiCategoryTest$B" externalInfoUrl="https://pmd.github.io/pmd/pmd_rules_java_codestyle.html#shortclassname" priority="4">
Avoid short class names like B
</violation>
<violation beginline="23" endline="23" begincolumn="12" endcolumn="25" rule="ShortClassName" ruleset="Code Style" package="org.junit.experimental.categories" class="MultiCategoryTest$C" externalInfoUrl="https://pmd.github.io/pmd/pmd_rules_java_codestyle.html#shortclassname" priority="4">
Avoid short class names like C
</violation>
<violation beginline="30" endline="37" begincolumn="12" endcolumn="5" rule="JUnitTestContainsTooManyAsserts" ruleset="Best Practices" package="org.junit.experimental.categories" class="MultiCategoryTest" method="runSuite" externalInfoUrl="https://pmd.github.io/pmd/pmd_rules_java_bestpractices.html#junittestcontainstoomanyasserts" priority="3">
Unit tests should not contain more than 1 assert(s).
</violation>
<violation beginline="34" endline="34" begincolumn="20" endcolumn="41" rule="AvoidDuplicateLiterals" ruleset="Error Prone" package="org.junit.experimental.categories" class="MultiCategoryTest" method="runSuite" externalInfoUrl="https://pmd.github.io/pmd/pmd_rules_java_errorprone.html#avoidduplicateliterals" priority="3">
The String literal "unexpected run count" appears 5 times in this file; the first occurrence is on line 34
</violation>
<violation beginline="35" endline="35" begincolumn="20" endcolumn="45" rule="AvoidDuplicateLiterals" ruleset="Error Prone" package="org.junit.experimental.categories" class="MultiCategoryTest" method="runSuite" externalInfoUrl="https://pmd.github.io/pmd/pmd_rules_java_errorprone.html#avoidduplicateliterals" priority="3">
The String literal "unexpected failure count" appears 10 times in this file; the first occurrence is on line 35
</violation>
<violation beginline="49" endline="49" begincolumn="16" endcolumn="26" rule="ShortMethodName" ruleset="Code Style" package="org.junit.experimental.categories" class="MultiCategoryTest$CategoriesTest" method="a" externalInfoUrl="https://pmd.github.io/pmd/pmd_rules_java_codestyle.html#shortmethodname" priority="3">
Avoid using short method names
</violation>
<violation beginline="49" endline="49" begincolumn="25" endcolumn="26" rule="UncommentedEmptyMethodBody" ruleset="Documentation" package="org.junit.experimental.categories" class="MultiCategoryTest$CategoriesTest" method="a" externalInfoUrl="https://pmd.github.io/pmd/pmd_rules_java_documentation.html#uncommentedemptymethodbody" priority="3">
Document empty method body
</violation>
<violation beginline="49" endline="49" begincolumn="16" endcolumn="26" rule="JUnitTestsShouldIncludeAssert" ruleset="Best Practices" package="org.junit.experimental.categories" class="MultiCategoryTest$CategoriesTest" method="a" externalInfoUrl="https://pmd.github.io/pmd/pmd_rules_java_bestpractices.html#junittestsshouldincludeassert" priority="3">
JUnit tests should include assert() or fail()
</violation>
<violation beginline="53" endline="53" begincolumn="16" endcolumn="26" rule="ShortMethodName" ruleset="Code Style" package="org.junit.experimental.categories" class="MultiCategoryTest$CategoriesTest" method="b" externalInfoUrl="https://pmd.github.io/pmd/pmd_rules_java_codestyle.html#shortmethodname" priority="3">
Avoid using short method names
</violation>
<violation beginline="53" endline="53" begincolumn="25" endcolumn="26" rule="UncommentedEmptyMethodBody" ruleset="Documentation" package="org.junit.experimental.categories" class="MultiCategoryTest$CategoriesTest" method="b" externalInfoUrl="https://pmd.github.io/pmd/pmd_rules_java_documentation.html#uncommentedemptymethodbody" priority="3">
Document empty method body
</violation>
<violation beginline="53" endline="53" begincolumn="16" endcolumn="26" rule="JUnitTestsShouldIncludeAssert" ruleset="Best Practices" package="org.junit.experimental.categories" class="MultiCategoryTest$CategoriesTest" method="b" externalInfoUrl="https://pmd.github.io/pmd/pmd_rules_java_bestpractices.html#junittestsshouldincludeassert" priority="3">
JUnit tests should include assert() or fail()
</violation>
<violation beginline="57" endline="59" begincolumn="16" endcolumn="9" rule="ShortMethodName" ruleset="Code Style" package="org.junit.experimental.categories" class="MultiCategoryTest$CategoriesTest" method="c" externalInfoUrl="https://pmd.github.io/pmd/pmd_rules_java_codestyle.html#shortmethodname" priority="3">
Avoid using short method names
</violation>
<violation beginline="58" endline="58" begincolumn="13" endcolumn="16" rule="JUnitAssertionsShouldIncludeMessage" ruleset="Best Practices" package="org.junit.experimental.categories" class="MultiCategoryTest$CategoriesTest" method="c" externalInfoUrl="https://pmd.github.io/pmd/pmd_rules_java_bestpractices.html#junitassertionsshouldincludemessage" priority="3">
JUnit assertions should include a message
</violation>
<violation beginline="63" endline="63" begincolumn="13" endcolumn="16" rule="JUnitAssertionsShouldIncludeMessage" ruleset="Best Practices" package="org.junit.experimental.categories" class="MultiCategoryTest$CategoriesTest" method="anything" externalInfoUrl="https://pmd.github.io/pmd/pmd_rules_java_bestpractices.html#junitassertionsshouldincludemessage" priority="3">
JUnit assertions should include a message
</violation>
<violation beginline="68" endline="73" begincolumn="12" endcolumn="5" rule="JUnitTestContainsTooManyAsserts" ruleset="Best Practices" package="org.junit.experimental.categories" class="MultiCategoryTest" method="inheritanceAnyIncluded" externalInfoUrl="https://pmd.github.io/pmd/pmd_rules_java_bestpractices.html#junittestcontainstoomanyasserts" priority="3">
Unit tests should not contain more than 1 assert(s).
</violation>
<violation beginline="76" endline="81" begincolumn="12" endcolumn="5" rule="JUnitTestContainsTooManyAsserts" ruleset="Best Practices" package="org.junit.experimental.categories" class="MultiCategoryTest" method="inheritanceAllIncluded" externalInfoUrl="https://pmd.github.io/pmd/pmd_rules_java_bestpractices.html#junittestcontainstoomanyasserts" priority="3">
Unit tests should not contain more than 1 assert(s).
</violation>
<violation beginline="84" endline="89" begincolumn="12" endcolumn="5" rule="JUnitTestContainsTooManyAsserts" ruleset="Best Practices" package="org.junit.experimental.categories" class="MultiCategoryTest" method="inheritanceAnyAll" externalInfoUrl="https://pmd.github.io/pmd/pmd_rules_java_bestpractices.html#junittestcontainstoomanyasserts" priority="3">
Unit tests should not contain more than 1 assert(s).
</violation>
<violation beginline="92" endline="98" begincolumn="12" endcolumn="5" rule="JUnitTestContainsTooManyAsserts" ruleset="Best Practices" package="org.junit.experimental.categories" class="MultiCategoryTest" method="inheritanceAllAny" externalInfoUrl="https://pmd.github.io/pmd/pmd_rules_java_bestpractices.html#junittestcontainstoomanyasserts" priority="3">
Unit tests should not contain more than 1 assert(s).
</violation>
<violation beginline="97" endline="97" begincolumn="9" endcolumn="19" rule="JUnitAssertionsShouldIncludeMessage" ruleset="Best Practices" package="org.junit.experimental.categories" class="MultiCategoryTest" method="inheritanceAllAny" externalInfoUrl="https://pmd.github.io/pmd/pmd_rules_java_bestpractices.html#junitassertionsshouldincludemessage" priority="3">
JUnit assertions should include a message
</violation>
<violation beginline="100" endline="100" begincolumn="19" endcolumn="41" rule="ShortClassName" ruleset="Code Style" package="org.junit.experimental.categories" class="MultiCategoryTest$X" externalInfoUrl="https://pmd.github.io/pmd/pmd_rules_java_codestyle.html#shortclassname" priority="4">
Avoid short class names like X
</violation>
<violation beginline="101" endline="101" begincolumn="19" endcolumn="41" rule="ShortClassName" ruleset="Code Style" package="org.junit.experimental.categories" class="MultiCategoryTest$Y" externalInfoUrl="https://pmd.github.io/pmd/pmd_rules_java_codestyle.html#shortclassname" priority="4">
Avoid short class names like Y
</violation>
<violation beginline="102" endline="102" begincolumn="19" endcolumn="44" rule="ShortClassName" ruleset="Code Style" package="org.junit.experimental.categories" class="MultiCategoryTest$Z" externalInfoUrl="https://pmd.github.io/pmd/pmd_rules_java_codestyle.html#shortclassname" priority="4">
Avoid short class names like Z
</violation>
<violation beginline="103" endline="103" begincolumn="19" endcolumn="47" rule="ShortClassName" ruleset="Code Style" package="org.junit.experimental.categories" class="MultiCategoryTest$W" externalInfoUrl="https://pmd.github.io/pmd/pmd_rules_java_codestyle.html#shortclassname" priority="4">
Avoid short class names like W
</violation>
<violation beginline="104" endline="104" begincolumn="19" endcolumn="44" rule="ShortClassName" ruleset="Code Style" package="org.junit.experimental.categories" class="MultiCategoryTest$Q" externalInfoUrl="https://pmd.github.io/pmd/pmd_rules_java_codestyle.html#shortclassname" priority="4">
Avoid short class names like Q
</violation>
<violation beginline="131" endline="131" begincolumn="41" endcolumn="51" rule="ShortMethodName" ruleset="Code Style" package="org.junit.experimental.categories" class="MultiCategoryTest$InheritanceAnyTest" method="x" externalInfoUrl="https://pmd.github.io/pmd/pmd_rules_java_codestyle.html#shortmethodname" priority="3">
Avoid using short method names
</violation>
<violation beginline="131" endline="131" begincolumn="50" endcolumn="51" rule="UncommentedEmptyMethodBody" ruleset="Documentation" package="org.junit.experimental.categories" class="MultiCategoryTest$InheritanceAnyTest" method="x" externalInfoUrl="https://pmd.github.io/pmd/pmd_rules_java_documentation.html#uncommentedemptymethodbody" priority="3">
Document empty method body
</violation>
<violation beginline="131" endline="131" begincolumn="41" endcolumn="51" rule="JUnitTestsShouldIncludeAssert" ruleset="Best Practices" package="org.junit.experimental.categories" class="MultiCategoryTest$InheritanceAnyTest" method="x" externalInfoUrl="https://pmd.github.io/pmd/pmd_rules_java_bestpractices.html#junittestsshouldincludeassert" priority="3">
JUnit tests should include assert() or fail()
</violation>
<violation beginline="132" endline="132" begincolumn="41" endcolumn="51" rule="ShortMethodName" ruleset="Code Style" package="org.junit.experimental.categories" class="MultiCategoryTest$InheritanceAnyTest" method="y" externalInfoUrl="https://pmd.github.io/pmd/pmd_rules_java_codestyle.html#shortmethodname" priority="3">
Avoid using short method names
</violation>
<violation beginline="132" endline="132" begincolumn="50" endcolumn="51" rule="UncommentedEmptyMethodBody" ruleset="Documentation" package="org.junit.experimental.categories" class="MultiCategoryTest$InheritanceAnyTest" method="y" externalInfoUrl="https://pmd.github.io/pmd/pmd_rules_java_documentation.html#uncommentedemptymethodbody" priority="3">
Document empty method body
</violation>
<violation beginline="132" endline="132" begincolumn="41" endcolumn="51" rule="JUnitTestsShouldIncludeAssert" ruleset="Best Practices" package="org.junit.experimental.categories" class="MultiCategoryTest$InheritanceAnyTest" method="y" externalInfoUrl="https://pmd.github.io/pmd/pmd_rules_java_bestpractices.html#junittestsshouldincludeassert" priority="3">
JUnit tests should include assert() or fail()
</violation>
<violation beginline="133" endline="133" begincolumn="41" endcolumn="51" rule="ShortMethodName" ruleset="Code Style" package="org.junit.experimental.categories" class="MultiCategoryTest$InheritanceAnyTest" method="z" externalInfoUrl="https://pmd.github.io/pmd/pmd_rules_java_codestyle.html#shortmethodname" priority="3">
Avoid using short method names
</violation>
<violation beginline="133" endline="133" begincolumn="50" endcolumn="51" rule="UncommentedEmptyMethodBody" ruleset="Documentation" package="org.junit.experimental.categories" class="MultiCategoryTest$InheritanceAnyTest" method="z" externalInfoUrl="https://pmd.github.io/pmd/pmd_rules_java_documentation.html#uncommentedemptymethodbody" priority="3">
Document empty method body
</violation>
<violation beginline="133" endline="133" begincolumn="41" endcolumn="51" rule="JUnitTestsShouldIncludeAssert" ruleset="Best Practices" package="org.junit.experimental.categories" class="MultiCategoryTest$InheritanceAnyTest" method="z" externalInfoUrl="https://pmd.github.io/pmd/pmd_rules_java_bestpractices.html#junittestsshouldincludeassert" priority="3">
JUnit tests should include assert() or fail()
</violation>
<violation beginline="134" endline="134" begincolumn="41" endcolumn="60" rule="ShortMethodName" ruleset="Code Style" package="org.junit.experimental.categories" class="MultiCategoryTest$InheritanceAnyTest" method="w" externalInfoUrl="https://pmd.github.io/pmd/pmd_rules_java_codestyle.html#shortmethodname" priority="3">
Avoid using short method names
</violation>
<violation beginline="134" endline="134" begincolumn="52" endcolumn="55" rule="JUnitAssertionsShouldIncludeMessage" ruleset="Best Practices" package="org.junit.experimental.categories" class="MultiCategoryTest$InheritanceAnyTest" method="w" externalInfoUrl="https://pmd.github.io/pmd/pmd_rules_java_bestpractices.html#junitassertionsshouldincludemessage" priority="3">
JUnit assertions should include a message
</violation>
<violation beginline="135" endline="135" begincolumn="41" endcolumn="60" rule="ShortMethodName" ruleset="Code Style" package="org.junit.experimental.categories" class="MultiCategoryTest$InheritanceAnyTest" method="q" externalInfoUrl="https://pmd.github.io/pmd/pmd_rules_java_codestyle.html#shortmethodname" priority="3">
Avoid using short method names
</violation>
<violation beginline="135" endline="135" begincolumn="52" endcolumn="55" rule="JUnitAssertionsShouldIncludeMessage" ruleset="Best Practices" package="org.junit.experimental.categories" class="MultiCategoryTest$InheritanceAnyTest" method="q" externalInfoUrl="https://pmd.github.io/pmd/pmd_rules_java_bestpractices.html#junitassertionsshouldincludemessage" priority="3">
JUnit assertions should include a message
</violation>
<violation beginline="136" endline="136" begincolumn="66" endcolumn="69" rule="JUnitAssertionsShouldIncludeMessage" ruleset="Best Practices" package="org.junit.experimental.categories" class="MultiCategoryTest$InheritanceAnyTest" method="runnable" externalInfoUrl="https://pmd.github.io/pmd/pmd_rules_java_bestpractices.html#junitassertionsshouldincludemessage" priority="3">
JUnit assertions should include a message
</violation>
<violation beginline="137" endline="137" begincolumn="22" endcolumn="41" rule="ShortMethodName" ruleset="Code Style" package="org.junit.experimental.categories" class="MultiCategoryTest$InheritanceAnyTest" method="t" externalInfoUrl="https://pmd.github.io/pmd/pmd_rules_java_codestyle.html#shortmethodname" priority="3">
Avoid using short method names
</violation>
<violation beginline="137" endline="137" begincolumn="33" endcolumn="36" rule="JUnitAssertionsShouldIncludeMessage" ruleset="Best Practices" package="org.junit.experimental.categories" class="MultiCategoryTest$InheritanceAnyTest" method="t" externalInfoUrl="https://pmd.github.io/pmd/pmd_rules_java_bestpractices.html#junitassertionsshouldincludemessage" priority="3">
JUnit assertions should include a message
</violation>
<violation beginline="141" endline="141" begincolumn="41" endcolumn="60" rule="ShortMethodName" ruleset="Code Style" package="org.junit.experimental.categories" class="MultiCategoryTest$InheritanceAllTest" method="x" externalInfoUrl="https://pmd.github.io/pmd/pmd_rules_java_codestyle.html#shortmethodname" priority="3">
Avoid using short method names
</violation>
<violation beginline="141" endline="141" begincolumn="52" endcolumn="55" rule="JUnitAssertionsShouldIncludeMessage" ruleset="Best Practices" package="org.junit.experimental.categories" class="MultiCategoryTest$InheritanceAllTest" method="x" externalInfoUrl="https://pmd.github.io/pmd/pmd_rules_java_bestpractices.html#junitassertionsshouldincludemessage" priority="3">
JUnit assertions should include a message
</violation>
<violation beginline="142" endline="142" begincolumn="41" endcolumn="60" rule="ShortMethodName" ruleset="Code Style" package="org.junit.experimental.categories" class="MultiCategoryTest$InheritanceAllTest" method="y" externalInfoUrl="https://pmd.github.io/pmd/pmd_rules_java_codestyle.html#shortmethodname" priority="3">
Avoid using short method names
</violation>
<violation beginline="142" endline="142" begincolumn="52" endcolumn="55" rule="JUnitAssertionsShouldIncludeMessage" ruleset="Best Practices" package="org.junit.experimental.categories" class="MultiCategoryTest$InheritanceAllTest" method="y" externalInfoUrl="https://pmd.github.io/pmd/pmd_rules_java_bestpractices.html#junitassertionsshouldincludemessage" priority="3">
JUnit assertions should include a message
</violation>
<violation beginline="143" endline="143" begincolumn="41" endcolumn="51" rule="ShortMethodName" ruleset="Code Style" package="org.junit.experimental.categories" class="MultiCategoryTest$InheritanceAllTest" method="z" externalInfoUrl="https://pmd.github.io/pmd/pmd_rules_java_codestyle.html#shortmethodname" priority="3">
Avoid using short method names
</violation>
<violation beginline="143" endline="143" begincolumn="50" endcolumn="51" rule="UncommentedEmptyMethodBody" ruleset="Documentation" package="org.junit.experimental.categories" class="MultiCategoryTest$InheritanceAllTest" method="z" externalInfoUrl="https://pmd.github.io/pmd/pmd_rules_java_documentation.html#uncommentedemptymethodbody" priority="3">
Document empty method body
</violation>
<violation beginline="143" endline="143" begincolumn="41" endcolumn="51" rule="JUnitTestsShouldIncludeAssert" ruleset="Best Practices" package="org.junit.experimental.categories" class="MultiCategoryTest$InheritanceAllTest" method="z" externalInfoUrl="https://pmd.github.io/pmd/pmd_rules_java_bestpractices.html#junittestsshouldincludeassert" priority="3">
JUnit tests should include assert() or fail()
</violation>
<violation beginline="144" endline="144" begincolumn="41" endcolumn="60" rule="ShortMethodName" ruleset="Code Style" package="org.junit.experimental.categories" class="MultiCategoryTest$InheritanceAllTest" method="w" externalInfoUrl="https://pmd.github.io/pmd/pmd_rules_java_codestyle.html#shortmethodname" priority="3">
Avoid using short method names
</violation>
<violation beginline="144" endline="144" begincolumn="52" endcolumn="55" rule="JUnitAssertionsShouldIncludeMessage" ruleset="Best Practices" package="org.junit.experimental.categories" class="MultiCategoryTest$InheritanceAllTest" method="w" externalInfoUrl="https://pmd.github.io/pmd/pmd_rules_java_bestpractices.html#junitassertionsshouldincludemessage" priority="3">
JUnit assertions should include a message
</violation>
<violation beginline="145" endline="145" begincolumn="41" endcolumn="60" rule="ShortMethodName" ruleset="Code Style" package="org.junit.experimental.categories" class="MultiCategoryTest$InheritanceAllTest" method="q" externalInfoUrl="https://pmd.github.io/pmd/pmd_rules_java_codestyle.html#shortmethodname" priority="3">
Avoid using short method names
</violation>
<violation beginline="145" endline="145" begincolumn="52" endcolumn="55" rule="JUnitAssertionsShouldIncludeMessage" ruleset="Best Practices" package="org.junit.experimental.categories" class="MultiCategoryTest$InheritanceAllTest" method="q" externalInfoUrl="https://pmd.github.io/pmd/pmd_rules_java_bestpractices.html#junitassertionsshouldincludemessage" priority="3">
JUnit assertions should include a message
</violation>
<violation beginline="146" endline="146" begincolumn="66" endcolumn="69" rule="JUnitAssertionsShouldIncludeMessage" ruleset="Best Practices" package="org.junit.experimental.categories" class="MultiCategoryTest$InheritanceAllTest" method="runnable" externalInfoUrl="https://pmd.github.io/pmd/pmd_rules_java_bestpractices.html#junitassertionsshouldincludemessage" priority="3">
JUnit assertions should include a message
</violation>
<violation beginline="147" endline="147" begincolumn="22" endcolumn="41" rule="ShortMethodName" ruleset="Code Style" package="org.junit.experimental.categories" class="MultiCategoryTest$InheritanceAllTest" method="t" externalInfoUrl="https://pmd.github.io/pmd/pmd_rules_java_codestyle.html#shortmethodname" priority="3">
Avoid using short method names
</violation>
<violation beginline="147" endline="147" begincolumn="33" endcolumn="36" rule="JUnitAssertionsShouldIncludeMessage" ruleset="Best Practices" package="org.junit.experimental.categories" class="MultiCategoryTest$InheritanceAllTest" method="t" externalInfoUrl="https://pmd.github.io/pmd/pmd_rules_java_bestpractices.html#junitassertionsshouldincludemessage" priority="3">
JUnit assertions should include a message
</violation>
<violation beginline="151" endline="151" begincolumn="41" endcolumn="51" rule="ShortMethodName" ruleset="Code Style" package="org.junit.experimental.categories" class="MultiCategoryTest$InheritanceAnyAllTest" method="x" externalInfoUrl="https://pmd.github.io/pmd/pmd_rules_java_codestyle.html#shortmethodname" priority="3">
Avoid using short method names
</violation>
<violation beginline="151" endline="151" begincolumn="50" endcolumn="51" rule="UncommentedEmptyMethodBody" ruleset="Documentation" package="org.junit.experimental.categories" class="MultiCategoryTest$InheritanceAnyAllTest" method="x" externalInfoUrl="https://pmd.github.io/pmd/pmd_rules_java_documentation.html#uncommentedemptymethodbody" priority="3">
Document empty method body
</violation>
<violation beginline="151" endline="151" begincolumn="41" endcolumn="51" rule="JUnitTestsShouldIncludeAssert" ruleset="Best Practices" package="org.junit.experimental.categories" class="MultiCategoryTest$InheritanceAnyAllTest" method="x" externalInfoUrl="https://pmd.github.io/pmd/pmd_rules_java_bestpractices.html#junittestsshouldincludeassert" priority="3">
JUnit tests should include assert() or fail()
</violation>
<violation beginline="152" endline="152" begincolumn="41" endcolumn="51" rule="ShortMethodName" ruleset="Code Style" package="org.junit.experimental.categories" class="MultiCategoryTest$InheritanceAnyAllTest" method="y" externalInfoUrl="https://pmd.github.io/pmd/pmd_rules_java_codestyle.html#shortmethodname" priority="3">
Avoid using short method names
</violation>
<violation beginline="152" endline="152" begincolumn="50" endcolumn="51" rule="UncommentedEmptyMethodBody" ruleset="Documentation" package="org.junit.experimental.categories" class="MultiCategoryTest$InheritanceAnyAllTest" method="y" externalInfoUrl="https://pmd.github.io/pmd/pmd_rules_java_documentation.html#uncommentedemptymethodbody" priority="3">
Document empty method body
</violation>
<violation beginline="152" endline="152" begincolumn="41" endcolumn="51" rule="JUnitTestsShouldIncludeAssert" ruleset="Best Practices" package="org.junit.experimental.categories" class="MultiCategoryTest$InheritanceAnyAllTest" method="y" externalInfoUrl="https://pmd.github.io/pmd/pmd_rules_java_bestpractices.html#junittestsshouldincludeassert" priority="3">
JUnit tests should include assert() or fail()
</violation>
<violation beginline="153" endline="153" begincolumn="41" endcolumn="51" rule="ShortMethodName" ruleset="Code Style" package="org.junit.experimental.categories" class="MultiCategoryTest$InheritanceAnyAllTest" method="z" externalInfoUrl="https://pmd.github.io/pmd/pmd_rules_java_codestyle.html#shortmethodname" priority="3">
Avoid using short method names
</violation>
<violation beginline="153" endline="153" begincolumn="50" endcolumn="51" rule="UncommentedEmptyMethodBody" ruleset="Documentation" package="org.junit.experimental.categories" class="MultiCategoryTest$InheritanceAnyAllTest" method="z" externalInfoUrl="https://pmd.github.io/pmd/pmd_rules_java_documentation.html#uncommentedemptymethodbody" priority="3">
Document empty method body
</violation>
<violation beginline="153" endline="153" begincolumn="41" endcolumn="51" rule="JUnitTestsShouldIncludeAssert" ruleset="Best Practices" package="org.junit.experimental.categories" class="MultiCategoryTest$InheritanceAnyAllTest" method="z" externalInfoUrl="https://pmd.github.io/pmd/pmd_rules_java_bestpractices.html#junittestsshouldincludeassert" priority="3">
JUnit tests should include assert() or fail()
</violation>
<violation beginline="154" endline="154" begincolumn="41" endcolumn="60" rule="ShortMethodName" ruleset="Code Style" package="org.junit.experimental.categories" class="MultiCategoryTest$InheritanceAnyAllTest" method="w" externalInfoUrl="https://pmd.github.io/pmd/pmd_rules_java_codestyle.html#shortmethodname" priority="3">
Avoid using short method names
</violation>
<violation beginline="154" endline="154" begincolumn="52" endcolumn="55" rule="JUnitAssertionsShouldIncludeMessage" ruleset="Best Practices" package="org.junit.experimental.categories" class="MultiCategoryTest$InheritanceAnyAllTest" method="w" externalInfoUrl="https://pmd.github.io/pmd/pmd_rules_java_bestpractices.html#junitassertionsshouldincludemessage" priority="3">
JUnit assertions should include a message
</violation>
<violation beginline="155" endline="155" begincolumn="41" endcolumn="60" rule="ShortMethodName" ruleset="Code Style" package="org.junit.experimental.categories" class="MultiCategoryTest$InheritanceAnyAllTest" method="q" externalInfoUrl="https://pmd.github.io/pmd/pmd_rules_java_codestyle.html#shortmethodname" priority="3">
Avoid using short method names
</violation>
<violation beginline="155" endline="155" begincolumn="52" endcolumn="55" rule="JUnitAssertionsShouldIncludeMessage" ruleset="Best Practices" package="org.junit.experimental.categories" class="MultiCategoryTest$InheritanceAnyAllTest" method="q" externalInfoUrl="https://pmd.github.io/pmd/pmd_rules_java_bestpractices.html#junitassertionsshouldincludemessage" priority="3">
JUnit assertions should include a message
</violation>
<violation beginline="156" endline="156" begincolumn="66" endcolumn="69" rule="JUnitAssertionsShouldIncludeMessage" ruleset="Best Practices" package="org.junit.experimental.categories" class="MultiCategoryTest$InheritanceAnyAllTest" method="runnable" externalInfoUrl="https://pmd.github.io/pmd/pmd_rules_java_bestpractices.html#junitassertionsshouldincludemessage" priority="3">
JUnit assertions should include a message
</violation>
<violation beginline="157" endline="157" begincolumn="22" endcolumn="41" rule="ShortMethodName" ruleset="Code Style" package="org.junit.experimental.categories" class="MultiCategoryTest$InheritanceAnyAllTest" method="t" externalInfoUrl="https://pmd.github.io/pmd/pmd_rules_java_codestyle.html#shortmethodname" priority="3">
Avoid using short method names
</violation>
<violation beginline="157" endline="157" begincolumn="33" endcolumn="36" rule="JUnitAssertionsShouldIncludeMessage" ruleset="Best Practices" package="org.junit.experimental.categories" class="MultiCategoryTest$InheritanceAnyAllTest" method="t" externalInfoUrl="https://pmd.github.io/pmd/pmd_rules_java_bestpractices.html#junitassertionsshouldincludemessage" priority="3">
JUnit assertions should include a message
</violation>
<violation beginline="161" endline="161" begincolumn="41" endcolumn="60" rule="ShortMethodName" ruleset="Code Style" package="org.junit.experimental.categories" class="MultiCategoryTest$InheritanceAllAnyTest" method="x" externalInfoUrl="https://pmd.github.io/pmd/pmd_rules_java_codestyle.html#shortmethodname" priority="3">
Avoid using short method names
</violation>
<violation beginline="161" endline="161" begincolumn="52" endcolumn="55" rule="JUnitAssertionsShouldIncludeMessage" ruleset="Best Practices" package="org.junit.experimental.categories" class="MultiCategoryTest$InheritanceAllAnyTest" method="x" externalInfoUrl="https://pmd.github.io/pmd/pmd_rules_java_bestpractices.html#junitassertionsshouldincludemessage" priority="3">
JUnit assertions should include a message
</violation>
<violation beginline="162" endline="162" begincolumn="41" endcolumn="60" rule="ShortMethodName" ruleset="Code Style" package="org.junit.experimental.categories" class="MultiCategoryTest$InheritanceAllAnyTest" method="y" externalInfoUrl="https://pmd.github.io/pmd/pmd_rules_java_codestyle.html#shortmethodname" priority="3">
Avoid using short method names
</violation>
<violation beginline="162" endline="162" begincolumn="52" endcolumn="55" rule="JUnitAssertionsShouldIncludeMessage" ruleset="Best Practices" package="org.junit.experimental.categories" class="MultiCategoryTest$InheritanceAllAnyTest" method="y" externalInfoUrl="https://pmd.github.io/pmd/pmd_rules_java_bestpractices.html#junitassertionsshouldincludemessage" priority="3">
JUnit assertions should include a message
</violation>
<violation beginline="163" endline="163" begincolumn="41" endcolumn="60" rule="ShortMethodName" ruleset="Code Style" package="org.junit.experimental.categories" class="MultiCategoryTest$InheritanceAllAnyTest" method="z" externalInfoUrl="https://pmd.github.io/pmd/pmd_rules_java_codestyle.html#shortmethodname" priority="3">
Avoid using short method names
</violation>
<violation beginline="163" endline="163" begincolumn="52" endcolumn="55" rule="JUnitAssertionsShouldIncludeMessage" ruleset="Best Practices" package="org.junit.experimental.categories" class="MultiCategoryTest$InheritanceAllAnyTest" method="z" externalInfoUrl="https://pmd.github.io/pmd/pmd_rules_java_bestpractices.html#junitassertionsshouldincludemessage" priority="3">
JUnit assertions should include a message
</violation>
<violation beginline="164" endline="164" begincolumn="41" endcolumn="60" rule="ShortMethodName" ruleset="Code Style" package="org.junit.experimental.categories" class="MultiCategoryTest$InheritanceAllAnyTest" method="w" externalInfoUrl="https://pmd.github.io/pmd/pmd_rules_java_codestyle.html#shortmethodname" priority="3">
Avoid using short method names
</violation>
<violation beginline="164" endline="164" begincolumn="52" endcolumn="55" rule="JUnitAssertionsShouldIncludeMessage" ruleset="Best Practices" package="org.junit.experimental.categories" class="MultiCategoryTest$InheritanceAllAnyTest" method="w" externalInfoUrl="https://pmd.github.io/pmd/pmd_rules_java_bestpractices.html#junitassertionsshouldincludemessage" priority="3">
JUnit assertions should include a message
</violation>
<violation beginline="165" endline="165" begincolumn="41" endcolumn="60" rule="ShortMethodName" ruleset="Code Style" package="org.junit.experimental.categories" class="MultiCategoryTest$InheritanceAllAnyTest" method="q" externalInfoUrl="https://pmd.github.io/pmd/pmd_rules_java_codestyle.html#shortmethodname" priority="3">
Avoid using short method names
</violation>
<violation beginline="165" endline="165" begincolumn="52" endcolumn="55" rule="JUnitAssertionsShouldIncludeMessage" ruleset="Best Practices" package="org.junit.experimental.categories" class="MultiCategoryTest$InheritanceAllAnyTest" method="q" externalInfoUrl="https://pmd.github.io/pmd/pmd_rules_java_bestpractices.html#junitassertionsshouldincludemessage" priority="3">
JUnit assertions should include a message
</violation>
<violation beginline="166" endline="166" begincolumn="66" endcolumn="69" rule="JUnitAssertionsShouldIncludeMessage" ruleset="Best Practices" package="org.junit.experimental.categories" class="MultiCategoryTest$InheritanceAllAnyTest" method="runnable" externalInfoUrl="https://pmd.github.io/pmd/pmd_rules_java_bestpractices.html#junitassertionsshouldincludemessage" priority="3">
JUnit assertions should include a message
</violation>
<violation beginline="167" endline="167" begincolumn="22" endcolumn="41" rule="ShortMethodName" ruleset="Code Style" package="org.junit.experimental.categories" class="MultiCategoryTest$InheritanceAllAnyTest" method="t" externalInfoUrl="https://pmd.github.io/pmd/pmd_rules_java_codestyle.html#shortmethodname" priority="3">
Avoid using short method names
</violation>
<violation beginline="167" endline="167" begincolumn="33" endcolumn="36" rule="JUnitAssertionsShouldIncludeMessage" ruleset="Best Practices" package="org.junit.experimental.categories" class="MultiCategoryTest$InheritanceAllAnyTest" method="t" externalInfoUrl="https://pmd.github.io/pmd/pmd_rules_java_bestpractices.html#junitassertionsshouldincludemessage" priority="3">
JUnit assertions should include a message
</violation>
</file>
<file name="C:\Users\Deyan\Downloads\junit4-r4.13.2\src\test\java\org\junit\internal\ArrayComparisonFailureTest.java">
<violation beginline="37" endline="37" begincolumn="54" endcolumn="62" rule="SignatureDeclareThrowsException" ruleset="Design" package="org.junit.internal" class="ArrayComparisonFailureTest" method="classShouldAccept411Version" externalInfoUrl="https://pmd.github.io/pmd/pmd_rules_java_design.html#signaturedeclarethrowsexception" priority="3">
A method/constructor should not explicitly throw java.lang.Exception
</violation>
<violation beginline="42" endline="42" begincolumn="54" endcolumn="62" rule="SignatureDeclareThrowsException" ruleset="Design" package="org.junit.internal" class="ArrayComparisonFailureTest" method="classShouldAccept412Version" externalInfoUrl="https://pmd.github.io/pmd/pmd_rules_java_design.html#signaturedeclarethrowsexception" priority="3">
A method/constructor should not explicitly throw java.lang.Exception
</violation>
<violation beginline="49" endline="49" begincolumn="13" endcolumn="29" rule="JUnitAssertionsShouldIncludeMessage" ruleset="Best Practices" package="org.junit.internal" class="ArrayComparisonFailureTest" method="assertFailureSerializableFromOthers" externalInfoUrl="https://pmd.github.io/pmd/pmd_rules_java_bestpractices.html#junitassertionsshouldincludemessage" priority="3">
JUnit assertions should include a message
</violation>
<violation beginline="50" endline="50" begincolumn="13" endcolumn="16" rule="JUnitAssertionsShouldIncludeMessage" ruleset="Best Practices" package="org.junit.internal" class="ArrayComparisonFailureTest" method="assertFailureSerializableFromOthers" externalInfoUrl="https://pmd.github.io/pmd/pmd_rules_java_bestpractices.html#junitassertionsshouldincludemessage" priority="3">
JUnit assertions should include a message
</violation>
<violation beginline="56" endline="56" begincolumn="13" endcolumn="24" rule="JUnitAssertionsShouldIncludeMessage" ruleset="Best Practices" package="org.junit.internal" class="ArrayComparisonFailureTest" method="assertFailureSerializableFromOthers" externalInfoUrl="https://pmd.github.io/pmd/pmd_rules_java_bestpractices.html#junitassertionsshouldincludemessage" priority="3">
JUnit assertions should include a message
</violation>
<violation beginline="57" endline="57" begincolumn="13" endcolumn="24" rule="JUnitAssertionsShouldIncludeMessage" ruleset="Best Practices" package="org.junit.internal" class="ArrayComparisonFailureTest" method="assertFailureSerializableFromOthers" externalInfoUrl="https://pmd.github.io/pmd/pmd_rules_java_bestpractices.html#junitassertionsshouldincludemessage" priority="3">
JUnit assertions should include a message
</violation>
<violation beginline="63" endline="63" begincolumn="21" endcolumn="28" rule="CloseResource" ruleset="Error Prone" package="org.junit.internal" class="ArrayComparisonFailureTest" method="deserializeFailureFromFile" variable="resource" externalInfoUrl="https://pmd.github.io/pmd/pmd_rules_java_errorprone.html#closeresource" priority="3">
Ensure that resources like this InputStream object are closed after use
</violation>
<violation beginline="64" endline="64" begincolumn="27" endcolumn="43" rule="CloseResource" ruleset="Error Prone" package="org.junit.internal" class="ArrayComparisonFailureTest" method="deserializeFailureFromFile" variable="objectInputStream" externalInfoUrl="https://pmd.github.io/pmd/pmd_rules_java_errorprone.html#closeresource" priority="3">
Ensure that resources like this InputStream object are closed after use
</violation>
</file>
<file name="C:\Users\Deyan\Downloads\junit4-r4.13.2\src\test\java\org\junit\internal\ChecksTest.java">
<violation beginline="1" endline="60" begincolumn="1" endcolumn="2" rule="TooManyStaticImports" ruleset="Code Style" package="org.junit.internal" class="ChecksTest" externalInfoUrl="https://pmd.github.io/pmd/pmd_rules_java_codestyle.html#toomanystaticimports" priority="3">
Too many static imports may lead to messy code
</violation>
<violation beginline="19" endline="19" begincolumn="9" endcolumn="18" rule="JUnitAssertionsShouldIncludeMessage" ruleset="Best Practices" package="org.junit.internal" class="ChecksTest" method="notNullShouldReturnNonNullValues" externalInfoUrl="https://pmd.github.io/pmd/pmd_rules_java_bestpractices.html#junitassertionsshouldincludemessage" priority="3">
JUnit assertions should include a message
</violation>
<violation beginline="27" endline="27" begincolumn="18" endcolumn="37" rule="AvoidCatchingNPE" ruleset="Error Prone" package="org.junit.internal" class="ChecksTest" method="notNullShouldThrowOnNullValues" externalInfoUrl="https://pmd.github.io/pmd/pmd_rules_java_errorprone.html#avoidcatchingnpe" priority="3">
Avoid catching NullPointerException; consider removing the cause of the NPE.
</violation>
<violation beginline="27" endline="27" begincolumn="18" endcolumn="37" rule="AvoidCatchingGenericException" ruleset="Design" package="org.junit.internal" class="ChecksTest" method="notNullShouldThrowOnNullValues" externalInfoUrl="https://pmd.github.io/pmd/pmd_rules_java_design.html#avoidcatchinggenericexception" priority="3">
Avoid catching generic exceptions such as NullPointerException, RuntimeException, Exception in try-catch block
</violation>
<violation beginline="38" endline="38" begincolumn="9" endcolumn="18" rule="JUnitAssertionsShouldIncludeMessage" ruleset="Best Practices" package="org.junit.internal" class="ChecksTest" method="notNullWithMessageShouldReturnNonNullValues" externalInfoUrl="https://pmd.github.io/pmd/pmd_rules_java_bestpractices.html#junitassertionsshouldincludemessage" priority="3">
JUnit assertions should include a message
</violation>
<violation beginline="46" endline="46" begincolumn="18" endcolumn="37" rule="AvoidCatchingNPE" ruleset="Error Prone" package="org.junit.internal" class="ChecksTest" method="notNullWithMessageShouldThrowOnNullValues" externalInfoUrl="https://pmd.github.io/pmd/pmd_rules_java_errorprone.html#avoidcatchingnpe" priority="3">
Avoid catching NullPointerException; consider removing the cause of the NPE.
</violation>
<violation beginline="46" endline="46" begincolumn="18" endcolumn="37" rule="AvoidCatchingGenericException" ruleset="Design" package="org.junit.internal" class="ChecksTest" method="notNullWithMessageShouldThrowOnNullValues" externalInfoUrl="https://pmd.github.io/pmd/pmd_rules_java_design.html#avoidcatchinggenericexception" priority="3">
Avoid catching generic exceptions such as NullPointerException, RuntimeException, Exception in try-catch block
</violation>
<violation beginline="56" endline="56" begincolumn="18" endcolumn="37" rule="AvoidCatchingNPE" ruleset="Error Prone" package="org.junit.internal" class="ChecksTest" method="notNullWithNullMessageShouldThrowOnNullValues" externalInfoUrl="https://pmd.github.io/pmd/pmd_rules_java_errorprone.html#avoidcatchingnpe" priority="3">
Avoid catching NullPointerException; consider removing the cause of the NPE.
</violation>
<violation beginline="56" endline="56" begincolumn="18" endcolumn="37" rule="AvoidCatchingGenericException" ruleset="Design" package="org.junit.internal" class="ChecksTest" method="notNullWithNullMessageShouldThrowOnNullValues" externalInfoUrl="https://pmd.github.io/pmd/pmd_rules_java_design.html#avoidcatchinggenericexception" priority="3">
Avoid catching generic exceptions such as NullPointerException, RuntimeException, Exception in try-catch block
</violation>
</file>
<file name="C:\Users\Deyan\Downloads\junit4-r4.13.2\src\test\java\org\junit\internal\MethodSorterTest.java">
<violation beginline="26" endline="28" begincolumn="9" endcolumn="9" rule="DefaultPackage" ruleset="Code Style" package="org.junit.internal" class="MethodSorterTest$DummySortWithoutAnnotation" externalInfoUrl="https://pmd.github.io/pmd/pmd_rules_java_codestyle.html#defaultpackage" priority="3">
Use explicit scoping instead of the default package private level
</violation>
<violation beginline="30" endline="30" begincolumn="19" endcolumn="27" rule="UseVarargs" ruleset="Best Practices" package="org.junit.internal" class="MethodSorterTest$DummySortWithoutAnnotation" method="beta" variable="x" externalInfoUrl="https://pmd.github.io/pmd/pmd_rules_java_bestpractices.html#usevarargs" priority="4">
Consider using varargs for methods or constructors which take an array the last parameter.
</violation>
<violation beginline="30" endline="31" begincolumn="30" endcolumn="9" rule="UncommentedEmptyMethodBody" ruleset="Documentation" package="org.junit.internal" class="MethodSorterTest$DummySortWithoutAnnotation" method="beta" externalInfoUrl="https://pmd.github.io/pmd/pmd_rules_java_documentation.html#uncommentedemptymethodbody" priority="3">
Document empty method body
</violation>
<violation beginline="30" endline="31" begincolumn="9" endcolumn="9" rule="DefaultPackage" ruleset="Code Style" package="org.junit.internal" class="MethodSorterTest$DummySortWithoutAnnotation" externalInfoUrl="https://pmd.github.io/pmd/pmd_rules_java_codestyle.html#defaultpackage" priority="3">
Use explicit scoping instead of the default package private level
</violation>
<violation beginline="33" endline="35" begincolumn="9" endcolumn="9" rule="DefaultPackage" ruleset="Code Style" package="org.junit.internal" class="MethodSorterTest$DummySortWithoutAnnotation" externalInfoUrl="https://pmd.github.io/pmd/pmd_rules_java_codestyle.html#defaultpackage" priority="3">
Use explicit scoping instead of the default package private level
</violation>
<violation beginline="37" endline="38" begincolumn="31" endcolumn="9" rule="UncommentedEmptyMethodBody" ruleset="Documentation" package="org.junit.internal" class="MethodSorterTest$DummySortWithoutAnnotation" method="gamma" externalInfoUrl="https://pmd.github.io/pmd/pmd_rules_java_documentation.html#uncommentedemptymethodbody" priority="3">
Document empty method body
</violation>
<violation beginline="37" endline="38" begincolumn="9" endcolumn="9" rule="DefaultPackage" ruleset="Code Style" package="org.junit.internal" class="MethodSorterTest$DummySortWithoutAnnotation" externalInfoUrl="https://pmd.github.io/pmd/pmd_rules_java_codestyle.html#defaultpackage" priority="3">
Use explicit scoping instead of the default package private level
</violation>
<violation beginline="40" endline="41" begincolumn="22" endcolumn="9" rule="UncommentedEmptyMethodBody" ruleset="Documentation" package="org.junit.internal" class="MethodSorterTest$DummySortWithoutAnnotation" method="delta" externalInfoUrl="https://pmd.github.io/pmd/pmd_rules_java_documentation.html#uncommentedemptymethodbody" priority="3">
Document empty method body
</violation>
<violation beginline="40" endline="41" begincolumn="9" endcolumn="9" rule="DefaultPackage" ruleset="Code Style" package="org.junit.internal" class="MethodSorterTest$DummySortWithoutAnnotation" externalInfoUrl="https://pmd.github.io/pmd/pmd_rules_java_codestyle.html#defaultpackage" priority="3">
Use explicit scoping instead of the default package private level
</violation>
<violation beginline="43" endline="44" begincolumn="24" endcolumn="9" rule="UncommentedEmptyMethodBody" ruleset="Documentation" package="org.junit.internal" class="MethodSorterTest$DummySortWithoutAnnotation" method="epsilon" externalInfoUrl="https://pmd.github.io/pmd/pmd_rules_java_documentation.html#uncommentedemptymethodbody" priority="3">
Document empty method body
</violation>
<violation beginline="43" endline="44" begincolumn="9" endcolumn="9" rule="DefaultPackage" ruleset="Code Style" package="org.junit.internal" class="MethodSorterTest$DummySortWithoutAnnotation" externalInfoUrl="https://pmd.github.io/pmd/pmd_rules_java_codestyle.html#defaultpackage" priority="3">
Use explicit scoping instead of the default package private level
</violation>
<violation beginline="48" endline="49" begincolumn="27" endcolumn="9" rule="UncommentedEmptyMethodBody" ruleset="Documentation" package="org.junit.internal" class="MethodSorterTest$Super" method="superMario" externalInfoUrl="https://pmd.github.io/pmd/pmd_rules_java_documentation.html#uncommentedemptymethodbody" priority="3">
Document empty method body
</violation>
<violation beginline="48" endline="49" begincolumn="9" endcolumn="9" rule="DefaultPackage" ruleset="Code Style" package="org.junit.internal" class="MethodSorterTest$Super" externalInfoUrl="https://pmd.github.io/pmd/pmd_rules_java_codestyle.html#defaultpackage" priority="3">
Use explicit scoping instead of the default package private level
</violation>
<violation beginline="52" endline="55" begincolumn="12" endcolumn="5" rule="ShortClassName" ruleset="Code Style" package="org.junit.internal" class="MethodSorterTest$Sub" externalInfoUrl="https://pmd.github.io/pmd/pmd_rules_java_codestyle.html#shortclassname" priority="4">
Avoid short class names like Sub
</violation>
<violation beginline="53" endline="54" begincolumn="26" endcolumn="9" rule="UncommentedEmptyMethodBody" ruleset="Documentation" package="org.junit.internal" class="MethodSorterTest$Sub" method="subBowser" externalInfoUrl="https://pmd.github.io/pmd/pmd_rules_java_documentation.html#uncommentedemptymethodbody" priority="3">
Document empty method body
</violation>
<violation beginline="53" endline="54" begincolumn="9" endcolumn="9" rule="DefaultPackage" ruleset="Code Style" package="org.junit.internal" class="MethodSorterTest$Sub" externalInfoUrl="https://pmd.github.io/pmd/pmd_rules_java_codestyle.html#defaultpackage" priority="3">
Use explicit scoping instead of the default package private level
</violation>
<violation beginline="61" endline="61" begincolumn="30" endcolumn="52" rule="UseDiamondOperator" ruleset="Code Style" package="org.junit.internal" class="MethodSorterTest" method="getDeclaredMethodNames" externalInfoUrl="https://pmd.github.io/pmd/pmd_rules_java_codestyle.html#usediamondoperator" priority="3">
Explicit type arguments can be replaced by Diamond Operator
</violation>
<violation beginline="76" endline="76" begincolumn="9" endcolumn="20" rule="JUnitAssertionsShouldIncludeMessage" ruleset="Best Practices" package="org.junit.internal" class="MethodSorterTest" method="testMethodsNullSorterSelf" externalInfoUrl="https://pmd.github.io/pmd/pmd_rules_java_bestpractices.html#junitassertionsshouldincludemessage" priority="3">
JUnit assertions should include a message
</violation>
<violation beginline="83" endline="83" begincolumn="9" endcolumn="20" rule="JUnitAssertionsShouldIncludeMessage" ruleset="Best Practices" package="org.junit.internal" class="MethodSorterTest" method="testMethodsNullSorterSuper" externalInfoUrl="https://pmd.github.io/pmd/pmd_rules_java_bestpractices.html#junitassertionsshouldincludemessage" priority="3">
JUnit assertions should include a message
</violation>
<violation beginline="90" endline="90" begincolumn="9" endcolumn="20" rule="JUnitAssertionsShouldIncludeMessage" ruleset="Best Practices" package="org.junit.internal" class="MethodSorterTest" method="testMethodsNullSorterSub" externalInfoUrl="https://pmd.github.io/pmd/pmd_rules_java_bestpractices.html#junitassertionsshouldincludemessage" priority="3">
JUnit assertions should include a message
</violation>
<violation beginline="95" endline="97" begincolumn="9" endcolumn="9" rule="DefaultPackage" ruleset="Code Style" package="org.junit.internal" class="MethodSorterTest$DummySortWithDefault" externalInfoUrl="https://pmd.github.io/pmd/pmd_rules_java_codestyle.html#defaultpackage" priority="3">
Use explicit scoping instead of the default package private level
</violation>
<violation beginline="99" endline="99" begincolumn="19" endcolumn="27" rule="UseVarargs" ruleset="Best Practices" package="org.junit.internal" class="MethodSorterTest$DummySortWithDefault" method="beta" variable="x" externalInfoUrl="https://pmd.github.io/pmd/pmd_rules_java_bestpractices.html#usevarargs" priority="4">
Consider using varargs for methods or constructors which take an array the last parameter.
</violation>
<violation beginline="99" endline="100" begincolumn="30" endcolumn="9" rule="UncommentedEmptyMethodBody" ruleset="Documentation" package="org.junit.internal" class="MethodSorterTest$DummySortWithDefault" method="beta" externalInfoUrl="https://pmd.github.io/pmd/pmd_rules_java_documentation.html#uncommentedemptymethodbody" priority="3">
Document empty method body
</violation>
<violation beginline="99" endline="100" begincolumn="9" endcolumn="9" rule="DefaultPackage" ruleset="Code Style" package="org.junit.internal" class="MethodSorterTest$DummySortWithDefault" externalInfoUrl="https://pmd.github.io/pmd/pmd_rules_java_codestyle.html#defaultpackage" priority="3">
Use explicit scoping instead of the default package private level
</violation>
<violation beginline="102" endline="104" begincolumn="9" endcolumn="9" rule="DefaultPackage" ruleset="Code Style" package="org.junit.internal" class="MethodSorterTest$DummySortWithDefault" externalInfoUrl="https://pmd.github.io/pmd/pmd_rules_java_codestyle.html#defaultpackage" priority="3">
Use explicit scoping instead of the default package private level
</violation>
<violation beginline="106" endline="107" begincolumn="31" endcolumn="9" rule="UncommentedEmptyMethodBody" ruleset="Documentation" package="org.junit.internal" class="MethodSorterTest$DummySortWithDefault" method="gamma" externalInfoUrl="https://pmd.github.io/pmd/pmd_rules_java_documentation.html#uncommentedemptymethodbody" priority="3">
Document empty method body
</violation>
<violation beginline="106" endline="107" begincolumn="9" endcolumn="9" rule="DefaultPackage" ruleset="Code Style" package="org.junit.internal" class="MethodSorterTest$DummySortWithDefault" externalInfoUrl="https://pmd.github.io/pmd/pmd_rules_java_codestyle.html#defaultpackage" priority="3">
Use explicit scoping instead of the default package private level
</violation>
<violation beginline="109" endline="110" begincolumn="22" endcolumn="9" rule="UncommentedEmptyMethodBody" ruleset="Documentation" package="org.junit.internal" class="MethodSorterTest$DummySortWithDefault" method="delta" externalInfoUrl="https://pmd.github.io/pmd/pmd_rules_java_documentation.html#uncommentedemptymethodbody" priority="3">
Document empty method body
</violation>
<violation beginline="109" endline="110" begincolumn="9" endcolumn="9" rule="DefaultPackage" ruleset="Code Style" package="org.junit.internal" class="MethodSorterTest$DummySortWithDefault" externalInfoUrl="https://pmd.github.io/pmd/pmd_rules_java_codestyle.html#defaultpackage" priority="3">
Use explicit scoping instead of the default package private level
</violation>
<violation beginline="112" endline="113" begincolumn="24" endcolumn="9" rule="UncommentedEmptyMethodBody" ruleset="Documentation" package="org.junit.internal" class="MethodSorterTest$DummySortWithDefault" method="epsilon" externalInfoUrl="https://pmd.github.io/pmd/pmd_rules_java_documentation.html#uncommentedemptymethodbody" priority="3">
Document empty method body
</violation>
<violation beginline="112" endline="113" begincolumn="9" endcolumn="9" rule="DefaultPackage" ruleset="Code Style" package="org.junit.internal" class="MethodSorterTest$DummySortWithDefault" externalInfoUrl="https://pmd.github.io/pmd/pmd_rules_java_codestyle.html#defaultpackage" priority="3">
Use explicit scoping instead of the default package private level
</violation>
<violation beginline="120" endline="120" begincolumn="9" endcolumn="20" rule="JUnitAssertionsShouldIncludeMessage" ruleset="Best Practices" package="org.junit.internal" class="MethodSorterTest" method="testDefaultMethodSorter" externalInfoUrl="https://pmd.github.io/pmd/pmd_rules_java_bestpractices.html#junitassertionsshouldincludemessage" priority="3">
JUnit assertions should include a message
</violation>
<violation beginline="125" endline="127" begincolumn="9" endcolumn="9" rule="DefaultPackage" ruleset="Code Style" package="org.junit.internal" class="MethodSorterTest$DummySortJvm" externalInfoUrl="https://pmd.github.io/pmd/pmd_rules_java_codestyle.html#defaultpackage" priority="3">
Use explicit scoping instead of the default package private level
</violation>
<violation beginline="129" endline="129" begincolumn="19" endcolumn="27" rule="UseVarargs" ruleset="Best Practices" package="org.junit.internal" class="MethodSorterTest$DummySortJvm" method="beta" variable="x" externalInfoUrl="https://pmd.github.io/pmd/pmd_rules_java_bestpractices.html#usevarargs" priority="4">
Consider using varargs for methods or constructors which take an array the last parameter.
</violation>
<violation beginline="129" endline="130" begincolumn="30" endcolumn="9" rule="UncommentedEmptyMethodBody" ruleset="Documentation" package="org.junit.internal" class="MethodSorterTest$DummySortJvm" method="beta" externalInfoUrl="https://pmd.github.io/pmd/pmd_rules_java_documentation.html#uncommentedemptymethodbody" priority="3">
Document empty method body
</violation>
<violation beginline="129" endline="130" begincolumn="9" endcolumn="9" rule="DefaultPackage" ruleset="Code Style" package="org.junit.internal" class="MethodSorterTest$DummySortJvm" externalInfoUrl="https://pmd.github.io/pmd/pmd_rules_java_codestyle.html#defaultpackage" priority="3">
Use explicit scoping instead of the default package private level
</violation>
<violation beginline="132" endline="134" begincolumn="9" endcolumn="9" rule="DefaultPackage" ruleset="Code Style" package="org.junit.internal" class="MethodSorterTest$DummySortJvm" externalInfoUrl="https://pmd.github.io/pmd/pmd_rules_java_codestyle.html#defaultpackage" priority="3">
Use explicit scoping instead of the default package private level
</violation>
<violation beginline="136" endline="137" begincolumn="31" endcolumn="9" rule="UncommentedEmptyMethodBody" ruleset="Documentation" package="org.junit.internal" class="MethodSorterTest$DummySortJvm" method="gamma" externalInfoUrl="https://pmd.github.io/pmd/pmd_rules_java_documentation.html#uncommentedemptymethodbody" priority="3">
Document empty method body
</violation>
<violation beginline="136" endline="137" begincolumn="9" endcolumn="9" rule="DefaultPackage" ruleset="Code Style" package="org.junit.internal" class="MethodSorterTest$DummySortJvm" externalInfoUrl="https://pmd.github.io/pmd/pmd_rules_java_codestyle.html#defaultpackage" priority="3">
Use explicit scoping instead of the default package private level
</violation>
<violation beginline="139" endline="140" begincolumn="22" endcolumn="9" rule="UncommentedEmptyMethodBody" ruleset="Documentation" package="org.junit.internal" class="MethodSorterTest$DummySortJvm" method="delta" externalInfoUrl="https://pmd.github.io/pmd/pmd_rules_java_documentation.html#uncommentedemptymethodbody" priority="3">
Document empty method body
</violation>
<violation beginline="139" endline="140" begincolumn="9" endcolumn="9" rule="DefaultPackage" ruleset="Code Style" package="org.junit.internal" class="MethodSorterTest$DummySortJvm" externalInfoUrl="https://pmd.github.io/pmd/pmd_rules_java_codestyle.html#defaultpackage" priority="3">
Use explicit scoping instead of the default package private level
</violation>
<violation beginline="142" endline="143" begincolumn="24" endcolumn="9" rule="UncommentedEmptyMethodBody" ruleset="Documentation" package="org.junit.internal" class="MethodSorterTest$DummySortJvm" method="epsilon" externalInfoUrl="https://pmd.github.io/pmd/pmd_rules_java_documentation.html#uncommentedemptymethodbody" priority="3">
Document empty method body
</violation>
<violation beginline="142" endline="143" begincolumn="9" endcolumn="9" rule="DefaultPackage" ruleset="Code Style" package="org.junit.internal" class="MethodSorterTest$DummySortJvm" externalInfoUrl="https://pmd.github.io/pmd/pmd_rules_java_codestyle.html#defaultpackage" priority="3">
Use explicit scoping instead of the default package private level
</violation>
<violation beginline="150" endline="150" begincolumn="9" endcolumn="25" rule="JUnitAssertionsShouldIncludeMessage" ruleset="Best Practices" package="org.junit.internal" class="MethodSorterTest" method="testJvmMethodSorter" externalInfoUrl="https://pmd.github.io/pmd/pmd_rules_java_bestpractices.html#junitassertionsshouldincludemessage" priority="3">
JUnit assertions should include a message
</violation>
<violation beginline="155" endline="157" begincolumn="9" endcolumn="9" rule="DefaultPackage" ruleset="Code Style" package="org.junit.internal" class="MethodSorterTest$DummySortWithNameAsc" externalInfoUrl="https://pmd.github.io/pmd/pmd_rules_java_codestyle.html#defaultpackage" priority="3">
Use explicit scoping instead of the default package private level
</violation>
<violation beginline="159" endline="159" begincolumn="19" endcolumn="27" rule="UseVarargs" ruleset="Best Practices" package="org.junit.internal" class="MethodSorterTest$DummySortWithNameAsc" method="beta" variable="x" externalInfoUrl="https://pmd.github.io/pmd/pmd_rules_java_bestpractices.html#usevarargs" priority="4">
Consider using varargs for methods or constructors which take an array the last parameter.
</violation>
<violation beginline="159" endline="160" begincolumn="30" endcolumn="9" rule="UncommentedEmptyMethodBody" ruleset="Documentation" package="org.junit.internal" class="MethodSorterTest$DummySortWithNameAsc" method="beta" externalInfoUrl="https://pmd.github.io/pmd/pmd_rules_java_documentation.html#uncommentedemptymethodbody" priority="3">
Document empty method body
</violation>
<violation beginline="159" endline="160" begincolumn="9" endcolumn="9" rule="DefaultPackage" ruleset="Code Style" package="org.junit.internal" class="MethodSorterTest$DummySortWithNameAsc" externalInfoUrl="https://pmd.github.io/pmd/pmd_rules_java_codestyle.html#defaultpackage" priority="3">
Use explicit scoping instead of the default package private level
</violation>
<violation beginline="162" endline="164" begincolumn="9" endcolumn="9" rule="DefaultPackage" ruleset="Code Style" package="org.junit.internal" class="MethodSorterTest$DummySortWithNameAsc" externalInfoUrl="https://pmd.github.io/pmd/pmd_rules_java_codestyle.html#defaultpackage" priority="3">
Use explicit scoping instead of the default package private level
</violation>
<violation beginline="166" endline="167" begincolumn="31" endcolumn="9" rule="UncommentedEmptyMethodBody" ruleset="Documentation" package="org.junit.internal" class="MethodSorterTest$DummySortWithNameAsc" method="gamma" externalInfoUrl="https://pmd.github.io/pmd/pmd_rules_java_documentation.html#uncommentedemptymethodbody" priority="3">
Document empty method body
</violation>
<violation beginline="166" endline="167" begincolumn="9" endcolumn="9" rule="DefaultPackage" ruleset="Code Style" package="org.junit.internal" class="MethodSorterTest$DummySortWithNameAsc" externalInfoUrl="https://pmd.github.io/pmd/pmd_rules_java_codestyle.html#defaultpackage" priority="3">
Use explicit scoping instead of the default package private level
</violation>
<violation beginline="169" endline="170" begincolumn="22" endcolumn="9" rule="UncommentedEmptyMethodBody" ruleset="Documentation" package="org.junit.internal" class="MethodSorterTest$DummySortWithNameAsc" method="delta" externalInfoUrl="https://pmd.github.io/pmd/pmd_rules_java_documentation.html#uncommentedemptymethodbody" priority="3">
Document empty method body
</violation>
<violation beginline="169" endline="170" begincolumn="9" endcolumn="9" rule="DefaultPackage" ruleset="Code Style" package="org.junit.internal" class="MethodSorterTest$DummySortWithNameAsc" externalInfoUrl="https://pmd.github.io/pmd/pmd_rules_java_codestyle.html#defaultpackage" priority="3">
Use explicit scoping instead of the default package private level
</violation>
<violation beginline="172" endline="173" begincolumn="24" endcolumn="9" rule="UncommentedEmptyMethodBody" ruleset="Documentation" package="org.junit.internal" class="MethodSorterTest$DummySortWithNameAsc" method="epsilon" externalInfoUrl="https://pmd.github.io/pmd/pmd_rules_java_documentation.html#uncommentedemptymethodbody" priority="3">
Document empty method body
</violation>
<violation beginline="172" endline="173" begincolumn="9" endcolumn="9" rule="DefaultPackage" ruleset="Code Style" package="org.junit.internal" class="MethodSorterTest$DummySortWithNameAsc" externalInfoUrl="https://pmd.github.io/pmd/pmd_rules_java_codestyle.html#defaultpackage" priority="3">
Use explicit scoping instead of the default package private level
</violation>
<violation beginline="180" endline="180" begincolumn="9" endcolumn="20" rule="JUnitAssertionsShouldIncludeMessage" ruleset="Best Practices" package="org.junit.internal" class="MethodSorterTest" method="testAscendingMethodSorter" externalInfoUrl="https://pmd.github.io/pmd/pmd_rules_java_bestpractices.html#junitassertionsshouldincludemessage" priority="3">
JUnit assertions should include a message
</violation>
</file>
<file name="C:\Users\Deyan\Downloads\junit4-r4.13.2\src\test\java\org\junit\internal\StackTracesTest.java">
<violation beginline="1" endline="332" begincolumn="1" endcolumn="2" rule="TooManyStaticImports" ruleset="Code Style" package="org.junit.internal" class="StackTracesTest" externalInfoUrl="https://pmd.github.io/pmd/pmd_rules_java_codestyle.html#toomanystaticimports" priority="3">
Too many static imports may lead to messy code
</violation>
<violation beginline="28" endline="28" begincolumn="1" endcolumn="43" rule="UnusedImports" ruleset="Best Practices" package="org.junit.internal" class="StackTracesTest" externalInfoUrl="https://pmd.github.io/pmd/pmd_rules_java_bestpractices.html#unusedimports" priority="4">
Avoid unused imports such as 'org.junit.tests.SampleJUnit4Tests'
</violation>
<violation beginline="46" endline="58" begincolumn="12" endcolumn="5" rule="JUnitTestContainsTooManyAsserts" ruleset="Best Practices" package="org.junit.internal" class="StackTracesTest" method="getTrimmedStackForJUnit4TestFailingInTestMethod" externalInfoUrl="https://pmd.github.io/pmd/pmd_rules_java_bestpractices.html#junittestcontainstoomanyasserts" priority="3">
Unit tests should not contain more than 1 assert(s).
</violation>
<violation beginline="48" endline="48" begincolumn="22" endcolumn="42" rule="AvoidDuplicateLiterals" ruleset="Error Prone" package="org.junit.internal" class="StackTracesTest" method="getTrimmedStackForJUnit4TestFailingInTestMethod" externalInfoUrl="https://pmd.github.io/pmd/pmd_rules_java_errorprone.html#avoidduplicateliterals" priority="3">
The String literal "Should run the test" appears 8 times in this file; the first occurrence is on line 48
</violation>
<violation beginline="49" endline="49" begincolumn="22" endcolumn="43" rule="AvoidDuplicateLiterals" ruleset="Error Prone" package="org.junit.internal" class="StackTracesTest" method="getTrimmedStackForJUnit4TestFailingInTestMethod" externalInfoUrl="https://pmd.github.io/pmd/pmd_rules_java_errorprone.html#avoidduplicateliterals" priority="3">
The String literal "One test should fail" appears 8 times in this file; the first occurrence is on line 49
</violation>
<violation beginline="53" endline="53" begincolumn="25" endcolumn="59" rule="AvoidDuplicateLiterals" ruleset="Error Prone" package="org.junit.internal" class="StackTracesTest" method="getTrimmedStackForJUnit4TestFailingInTestMethod" externalInfoUrl="https://pmd.github.io/pmd/pmd_rules_java_errorprone.html#avoidduplicateliterals" priority="3">
The String literal "java.lang.RuntimeException: cause" appears 7 times in this file; the first occurrence is on line 53
</violation>
<violation beginline="54" endline="54" begincolumn="20" endcolumn="102" rule="AvoidDuplicateLiterals" ruleset="Error Prone" package="org.junit.internal" class="StackTracesTest" method="getTrimmedStackForJUnit4TestFailingInTestMethod" externalInfoUrl="https://pmd.github.io/pmd/pmd_rules_java_errorprone.html#avoidduplicateliterals" priority="3">
The String literal "org.junit.tests.SampleJUnit4Tests$FakeClassUnderTest.doThrowExceptionWithoutCause" appears 6 times in this file; the first occurrence is on line 54
</violation>
<violation beginline="55" endline="55" begincolumn="20" endcolumn="101" rule="AvoidDuplicateLiterals" ruleset="Error Prone" package="org.junit.internal" class="StackTracesTest" method="getTrimmedStackForJUnit4TestFailingInTestMethod" externalInfoUrl="https://pmd.github.io/pmd/pmd_rules_java_errorprone.html#avoidduplicateliterals" priority="3">
The String literal "org.junit.tests.SampleJUnit4Tests$FakeClassUnderTest.throwsExceptionWithoutCause" appears 6 times in this file; the first occurrence is on line 55
</violation>
<violation beginline="61" endline="79" begincolumn="12" endcolumn="5" rule="JUnitTestContainsTooManyAsserts" ruleset="Best Practices" package="org.junit.internal" class="StackTracesTest" method="getTrimmedStackForJUnit4TestFailingInTestMethodWithCause" externalInfoUrl="https://pmd.github.io/pmd/pmd_rules_java_bestpractices.html#junittestcontainstoomanyasserts" priority="3">
Unit tests should not contain more than 1 assert(s).
</violation>
<violation beginline="82" endline="94" begincolumn="12" endcolumn="5" rule="JUnitTestContainsTooManyAsserts" ruleset="Best Practices" package="org.junit.internal" class="StackTracesTest" method="getTrimmedStackForJUnit4TestFailingInBeforeMethod" externalInfoUrl="https://pmd.github.io/pmd/pmd_rules_java_bestpractices.html#junittestcontainstoomanyasserts" priority="3">
Unit tests should not contain more than 1 assert(s).
</violation>
<violation beginline="97" endline="109" begincolumn="12" endcolumn="5" rule="JUnitTestContainsTooManyAsserts" ruleset="Best Practices" package="org.junit.internal" class="StackTracesTest" method="getTrimmedStackForJUnit3TestFailingInTestMethod" externalInfoUrl="https://pmd.github.io/pmd/pmd_rules_java_bestpractices.html#junittestcontainstoomanyasserts" priority="3">
Unit tests should not contain more than 1 assert(s).
</violation>
<violation beginline="112" endline="124" begincolumn="12" endcolumn="5" rule="JUnitTestContainsTooManyAsserts" ruleset="Best Practices" package="org.junit.internal" class="StackTracesTest" method="getTrimmedStackForJUnit3TestFailingInSetupMethod" externalInfoUrl="https://pmd.github.io/pmd/pmd_rules_java_bestpractices.html#junittestcontainstoomanyasserts" priority="3">
Unit tests should not contain more than 1 assert(s).
</violation>
<violation beginline="127" endline="139" begincolumn="12" endcolumn="5" rule="JUnitTestContainsTooManyAsserts" ruleset="Best Practices" package="org.junit.internal" class="StackTracesTest" method="getTrimmedStackForJUnit4TestFailingInTestRule" externalInfoUrl="https://pmd.github.io/pmd/pmd_rules_java_bestpractices.html#junittestcontainstoomanyasserts" priority="3">
Unit tests should not contain more than 1 assert(s).
</violation>
<violation beginline="142" endline="154" begincolumn="12" endcolumn="5" rule="JUnitTestContainsTooManyAsserts" ruleset="Best Practices" package="org.junit.internal" class="StackTracesTest" method="getTrimmedStackForJUnit4TestFailingInClassRule" externalInfoUrl="https://pmd.github.io/pmd/pmd_rules_java_bestpractices.html#junittestcontainstoomanyasserts" priority="3">
Unit tests should not contain more than 1 assert(s).
</violation>
<violation beginline="157" endline="169" begincolumn="12" endcolumn="5" rule="JUnitTestContainsTooManyAsserts" ruleset="Best Practices" package="org.junit.internal" class="StackTracesTest" method="getTrimmedStackForJUnit4TestFailingInMethodRule" externalInfoUrl="https://pmd.github.io/pmd/pmd_rules_java_bestpractices.html#junittestcontainstoomanyasserts" priority="3">
Unit tests should not contain more than 1 assert(s).
</violation>
<violation beginline="172" endline="186" begincolumn="12" endcolumn="5" rule="JUnitTestContainsTooManyAsserts" ruleset="Best Practices" package="org.junit.internal" class="StackTracesTest" method="getTrimmedStackWithSuppressedExceptions" externalInfoUrl="https://pmd.github.io/pmd/pmd_rules_java_bestpractices.html#junittestcontainstoomanyasserts" priority="3">
Unit tests should not contain more than 1 assert(s).
</violation>
<violation beginline="188" endline="189" begincolumn="29" endcolumn="5" rule="AbstractClassWithoutAnyMethod" ruleset="Design" package="org.junit.internal" class="StackTracesTest$StringMatcher" externalInfoUrl="https://pmd.github.io/pmd/pmd_rules_java_design.html#abstractclasswithoutanymethod" priority="1">
No abstract method which means that the keyword is most likely used to prevent instantiation. Use a private or protected constructor instead.
</violation>
<violation beginline="234" endline="234" begincolumn="48" endcolumn="51" rule="AvoidReassigningParameters" ruleset="Best Practices" package="org.junit.internal" class="StackTracesTest$StackTraceLineMatcher" method="matchesSafely" variable="line" externalInfoUrl="https://pmd.github.io/pmd/pmd_rules_java_bestpractices.html#avoidreassigningparameters" priority="2">
Avoid reassigning parameters such as 'line'
</violation>
<violation beginline="250" endline="252" begincolumn="20" endcolumn="5" rule="ShortMethodName" ruleset="Code Style" package="org.junit.internal" class="StackTracesTest" method="at" externalInfoUrl="https://pmd.github.io/pmd/pmd_rules_java_codestyle.html#shortmethodname" priority="3">
Avoid using short method names
</violation>
<violation beginline="272" endline="272" begincolumn="48" endcolumn="51" rule="AvoidReassigningParameters" ruleset="Best Practices" package="org.junit.internal" class="StackTracesTest$FramesRemovedMatcher" method="matchesSafely" variable="line" externalInfoUrl="https://pmd.github.io/pmd/pmd_rules_java_bestpractices.html#avoidreassigningparameters" priority="2">
Avoid reassigning parameters such as 'line'
</violation>
<violation beginline="298" endline="298" begincolumn="41" endcolumn="49" rule="SignatureDeclareThrowsException" ruleset="Design" package="org.junit.internal" class="StackTracesTest" method="call" externalInfoUrl="https://pmd.github.io/pmd/pmd_rules_java_design.html#signaturedeclarethrowsexception" priority="3">
A method/constructor should not explicitly throw java.lang.Exception
</violation>
<violation beginline="307" endline="307" begincolumn="23" endcolumn="38" rule="AvoidThrowingRawExceptionTypes" ruleset="Design" package="org.junit.internal" class="StackTracesTest" method="runTest" externalInfoUrl="https://pmd.github.io/pmd/pmd_rules_java_design.html#avoidthrowingrawexceptiontypes" priority="1">
Avoid throwing raw exception types.
</violation>
<violation beginline="308" endline="310" begincolumn="11" endcolumn="9" rule="IdenticalCatchBranches" ruleset="Code Style" package="org.junit.internal" class="StackTracesTest" method="runTest" externalInfoUrl="https://pmd.github.io/pmd/pmd_rules_java_codestyle.html#identicalcatchbranches" priority="3">
'catch' branch identical to 'InterruptedException' branch
</violation>
<violation beginline="309" endline="309" begincolumn="23" endcolumn="38" rule="AvoidThrowingRawExceptionTypes" ruleset="Design" package="org.junit.internal" class="StackTracesTest" method="runTest" externalInfoUrl="https://pmd.github.io/pmd/pmd_rules_java_design.html#avoidthrowingrawexceptiontypes" priority="1">
Avoid throwing raw exception types.
</violation>
<violation beginline="321" endline="321" begincolumn="13" endcolumn="22" rule="JUnitAssertionsShouldIncludeMessage" ruleset="Best Practices" package="org.junit.internal" class="StackTracesTest" method="assertHasTrimmedTrace" externalInfoUrl="https://pmd.github.io/pmd/pmd_rules_java_bestpractices.html#junitassertionsshouldincludemessage" priority="3">
JUnit assertions should include a message
</violation>
</file>
<file name="C:\Users\Deyan\Downloads\junit4-r4.13.2\src\test\java\org\junit\internal\builders\AnnotatedBuilderTest.java">
<violation beginline="15" endline="15" begincolumn="30" endcolumn="36" rule="ImmutableField" ruleset="Design" package="org.junit.internal.builders" class="AnnotatedBuilderTest" variable="builder" externalInfoUrl="https://pmd.github.io/pmd/pmd_rules_java_design.html#immutablefield" priority="3">
Private field 'builder' could be made final; it is only initialized in the declaration or constructor.
</violation>
<violation beginline="18" endline="18" begincolumn="84" endcolumn="92" rule="SignatureDeclareThrowsException" ruleset="Design" package="org.junit.internal.builders" class="AnnotatedBuilderTest" method="topLevelTestClassWithoutAnnotation_isRunWithDefaultRunner" externalInfoUrl="https://pmd.github.io/pmd/pmd_rules_java_design.html#signaturedeclarethrowsexception" priority="3">
A method/constructor should not explicitly throw java.lang.Exception
</violation>
<violation beginline="20" endline="20" begincolumn="9" endcolumn="18" rule="JUnitAssertionsShouldIncludeMessage" ruleset="Best Practices" package="org.junit.internal.builders" class="AnnotatedBuilderTest" method="topLevelTestClassWithoutAnnotation_isRunWithDefaultRunner" externalInfoUrl="https://pmd.github.io/pmd/pmd_rules_java_bestpractices.html#junitassertionsshouldincludemessage" priority="3">
JUnit assertions should include a message
</violation>
<violation beginline="24" endline="24" begincolumn="83" endcolumn="91" rule="SignatureDeclareThrowsException" ruleset="Design" package="org.junit.internal.builders" class="AnnotatedBuilderTest" method="topLevelTestClassWithAnnotation_isRunWithAnnotatedRunner" externalInfoUrl="https://pmd.github.io/pmd/pmd_rules_java_design.html#signaturedeclarethrowsexception" priority="3">
A method/constructor should not explicitly throw java.lang.Exception
</violation>
<violation beginline="24" endline="30" begincolumn="12" endcolumn="5" rule="JUnitTestContainsTooManyAsserts" ruleset="Best Practices" package="org.junit.internal.builders" class="AnnotatedBuilderTest" method="topLevelTestClassWithAnnotation_isRunWithAnnotatedRunner" externalInfoUrl="https://pmd.github.io/pmd/pmd_rules_java_bestpractices.html#junittestcontainstoomanyasserts" priority="3">
Unit tests should not contain more than 1 assert(s).
</violation>
<violation beginline="26" endline="26" begincolumn="9" endcolumn="18" rule="JUnitAssertionsShouldIncludeMessage" ruleset="Best Practices" package="org.junit.internal.builders" class="AnnotatedBuilderTest" method="topLevelTestClassWithAnnotation_isRunWithAnnotatedRunner" externalInfoUrl="https://pmd.github.io/pmd/pmd_rules_java_bestpractices.html#junitassertionsshouldincludemessage" priority="3">
JUnit assertions should include a message
</violation>
<violation beginline="29" endline="29" begincolumn="9" endcolumn="18" rule="JUnitAssertionsShouldIncludeMessage" ruleset="Best Practices" package="org.junit.internal.builders" class="AnnotatedBuilderTest" method="topLevelTestClassWithAnnotation_isRunWithAnnotatedRunner" externalInfoUrl="https://pmd.github.io/pmd/pmd_rules_java_bestpractices.html#junitassertionsshouldincludemessage" priority="3">
JUnit assertions should include a message
</violation>
<violation beginline="33" endline="33" begincolumn="90" endcolumn="98" rule="SignatureDeclareThrowsException" ruleset="Design" package="org.junit.internal.builders" class="AnnotatedBuilderTest" method="memberClassInsideAnnotatedTopLevelClass_isRunWithTopLevelRunner" externalInfoUrl="https://pmd.github.io/pmd/pmd_rules_java_design.html#signaturedeclarethrowsexception" priority="3">
A method/constructor should not explicitly throw java.lang.Exception
</violation>
<violation beginline="33" endline="39" begincolumn="12" endcolumn="5" rule="JUnitTestContainsTooManyAsserts" ruleset="Best Practices" package="org.junit.internal.builders" class="AnnotatedBuilderTest" method="memberClassInsideAnnotatedTopLevelClass_isRunWithTopLevelRunner" externalInfoUrl="https://pmd.github.io/pmd/pmd_rules_java_bestpractices.html#junittestcontainstoomanyasserts" priority="3">
Unit tests should not contain more than 1 assert(s).
</violation>
<violation beginline="35" endline="35" begincolumn="9" endcolumn="18" rule="JUnitAssertionsShouldIncludeMessage" ruleset="Best Practices" package="org.junit.internal.builders" class="AnnotatedBuilderTest" method="memberClassInsideAnnotatedTopLevelClass_isRunWithTopLevelRunner" externalInfoUrl="https://pmd.github.io/pmd/pmd_rules_java_bestpractices.html#junitassertionsshouldincludemessage" priority="3">
JUnit assertions should include a message
</violation>
<violation beginline="38" endline="38" begincolumn="9" endcolumn="18" rule="JUnitAssertionsShouldIncludeMessage" ruleset="Best Practices" package="org.junit.internal.builders" class="AnnotatedBuilderTest" method="memberClassInsideAnnotatedTopLevelClass_isRunWithTopLevelRunner" externalInfoUrl="https://pmd.github.io/pmd/pmd_rules_java_bestpractices.html#junitassertionsshouldincludemessage" priority="3">
JUnit assertions should include a message
</violation>
<violation beginline="42" endline="42" begincolumn="94" endcolumn="102" rule="SignatureDeclareThrowsException" ruleset="Design" package="org.junit.internal.builders" class="AnnotatedBuilderTest" method="memberClassDeepInsideAnnotatedTopLevelClass_isRunWithTopLevelRunner" externalInfoUrl="https://pmd.github.io/pmd/pmd_rules_java_design.html#signaturedeclarethrowsexception" priority="3">
A method/constructor should not explicitly throw java.lang.Exception
</violation>
<violation beginline="42" endline="48" begincolumn="12" endcolumn="5" rule="JUnitTestContainsTooManyAsserts" ruleset="Best Practices" package="org.junit.internal.builders" class="AnnotatedBuilderTest" method="memberClassDeepInsideAnnotatedTopLevelClass_isRunWithTopLevelRunner" externalInfoUrl="https://pmd.github.io/pmd/pmd_rules_java_bestpractices.html#junittestcontainstoomanyasserts" priority="3">
Unit tests should not contain more than 1 assert(s).
</violation>
<violation beginline="44" endline="44" begincolumn="9" endcolumn="18" rule="JUnitAssertionsShouldIncludeMessage" ruleset="Best Practices" package="org.junit.internal.builders" class="AnnotatedBuilderTest" method="memberClassDeepInsideAnnotatedTopLevelClass_isRunWithTopLevelRunner" externalInfoUrl="https://pmd.github.io/pmd/pmd_rules_java_bestpractices.html#junitassertionsshouldincludemessage" priority="3">
JUnit assertions should include a message
</violation>
<violation beginline="47" endline="47" begincolumn="9" endcolumn="18" rule="JUnitAssertionsShouldIncludeMessage" ruleset="Best Practices" package="org.junit.internal.builders" class="AnnotatedBuilderTest" method="memberClassDeepInsideAnnotatedTopLevelClass_isRunWithTopLevelRunner" externalInfoUrl="https://pmd.github.io/pmd/pmd_rules_java_bestpractices.html#junitassertionsshouldincludemessage" priority="3">
JUnit assertions should include a message
</violation>
<violation beginline="51" endline="51" begincolumn="94" endcolumn="102" rule="SignatureDeclareThrowsException" ruleset="Design" package="org.junit.internal.builders" class="AnnotatedBuilderTest" method="annotatedMemberClassInsideAnnotatedTopLevelClass_isRunWithOwnRunner" externalInfoUrl="https://pmd.github.io/pmd/pmd_rules_java_design.html#signaturedeclarethrowsexception" priority="3">
A method/constructor should not explicitly throw java.lang.Exception
</violation>
<violation beginline="51" endline="57" begincolumn="12" endcolumn="5" rule="JUnitTestContainsTooManyAsserts" ruleset="Best Practices" package="org.junit.internal.builders" class="AnnotatedBuilderTest" method="annotatedMemberClassInsideAnnotatedTopLevelClass_isRunWithOwnRunner" externalInfoUrl="https://pmd.github.io/pmd/pmd_rules_java_bestpractices.html#junittestcontainstoomanyasserts" priority="3">
Unit tests should not contain more than 1 assert(s).
</violation>
<violation beginline="53" endline="53" begincolumn="9" endcolumn="18" rule="JUnitAssertionsShouldIncludeMessage" ruleset="Best Practices" package="org.junit.internal.builders" class="AnnotatedBuilderTest" method="annotatedMemberClassInsideAnnotatedTopLevelClass_isRunWithOwnRunner" externalInfoUrl="https://pmd.github.io/pmd/pmd_rules_java_bestpractices.html#junitassertionsshouldincludemessage" priority="3">
JUnit assertions should include a message
</violation>
<violation beginline="56" endline="56" begincolumn="9" endcolumn="18" rule="JUnitAssertionsShouldIncludeMessage" ruleset="Best Practices" package="org.junit.internal.builders" class="AnnotatedBuilderTest" method="annotatedMemberClassInsideAnnotatedTopLevelClass_isRunWithOwnRunner" externalInfoUrl="https://pmd.github.io/pmd/pmd_rules_java_bestpractices.html#junitassertionsshouldincludemessage" priority="3">
JUnit assertions should include a message
</violation>
<violation beginline="60" endline="60" begincolumn="101" endcolumn="109" rule="SignatureDeclareThrowsException" ruleset="Design" package="org.junit.internal.builders" class="AnnotatedBuilderTest" method="memberClassDeepInsideAnnotatedMemberClass_isRunWithParentMemberClassRunner" externalInfoUrl="https://pmd.github.io/pmd/pmd_rules_java_design.html#signaturedeclarethrowsexception" priority="3">
A method/constructor should not explicitly throw java.lang.Exception
</violation>
<violation beginline="60" endline="66" begincolumn="12" endcolumn="5" rule="JUnitTestContainsTooManyAsserts" ruleset="Best Practices" package="org.junit.internal.builders" class="AnnotatedBuilderTest" method="memberClassDeepInsideAnnotatedMemberClass_isRunWithParentMemberClassRunner" externalInfoUrl="https://pmd.github.io/pmd/pmd_rules_java_bestpractices.html#junittestcontainstoomanyasserts" priority="3">
Unit tests should not contain more than 1 assert(s).
</violation>
<violation beginline="62" endline="62" begincolumn="9" endcolumn="18" rule="JUnitAssertionsShouldIncludeMessage" ruleset="Best Practices" package="org.junit.internal.builders" class="AnnotatedBuilderTest" method="memberClassDeepInsideAnnotatedMemberClass_isRunWithParentMemberClassRunner" externalInfoUrl="https://pmd.github.io/pmd/pmd_rules_java_bestpractices.html#junitassertionsshouldincludemessage" priority="3">
JUnit assertions should include a message
</violation>
<violation beginline="65" endline="65" begincolumn="9" endcolumn="18" rule="JUnitAssertionsShouldIncludeMessage" ruleset="Best Practices" package="org.junit.internal.builders" class="AnnotatedBuilderTest" method="memberClassDeepInsideAnnotatedMemberClass_isRunWithParentMemberClassRunner" externalInfoUrl="https://pmd.github.io/pmd/pmd_rules_java_bestpractices.html#junitassertionsshouldincludemessage" priority="3">
JUnit assertions should include a message
</violation>
<violation beginline="72" endline="73" begincolumn="32" endcolumn="13" rule="UncommentedEmptyMethodBody" ruleset="Documentation" package="org.junit.internal.builders" class="AnnotatedBuilderTest$OuterClass$InnerClassWithoutOwnRunWith" method="test" externalInfoUrl="https://pmd.github.io/pmd/pmd_rules_java_documentation.html#uncommentedemptymethodbody" priority="3">
Document empty method body
</violation>
<violation beginline="72" endline="73" begincolumn="20" endcolumn="13" rule="JUnitTestsShouldIncludeAssert" ruleset="Best Practices" package="org.junit.internal.builders" class="AnnotatedBuilderTest$OuterClass$InnerClassWithoutOwnRunWith" method="test" externalInfoUrl="https://pmd.github.io/pmd/pmd_rules_java_bestpractices.html#junittestsshouldincludeassert" priority="3">
JUnit tests should include assert() or fail()
</violation>
<violation beginline="77" endline="78" begincolumn="36" endcolumn="17" rule="UncommentedEmptyMethodBody" ruleset="Documentation" package="org.junit.internal.builders" class="AnnotatedBuilderTest$OuterClass$InnerClassWithoutOwnRunWith$MostInnerClass" method="test" externalInfoUrl="https://pmd.github.io/pmd/pmd_rules_java_documentation.html#uncommentedemptymethodbody" priority="3">
Document empty method body
</violation>
<violation beginline="77" endline="78" begincolumn="24" endcolumn="17" rule="JUnitTestsShouldIncludeAssert" ruleset="Best Practices" package="org.junit.internal.builders" class="AnnotatedBuilderTest$OuterClass$InnerClassWithoutOwnRunWith$MostInnerClass" method="test" externalInfoUrl="https://pmd.github.io/pmd/pmd_rules_java_bestpractices.html#junittestsshouldincludeassert" priority="3">
JUnit tests should include assert() or fail()
</violation>
<violation beginline="85" endline="86" begincolumn="32" endcolumn="13" rule="UncommentedEmptyMethodBody" ruleset="Documentation" package="org.junit.internal.builders" class="AnnotatedBuilderTest$OuterClass$InnerClassWithOwnRunWith" method="test" externalInfoUrl="https://pmd.github.io/pmd/pmd_rules_java_documentation.html#uncommentedemptymethodbody" priority="3">
Document empty method body
</violation>
<violation beginline="85" endline="86" begincolumn="20" endcolumn="13" rule="JUnitTestsShouldIncludeAssert" ruleset="Best Practices" package="org.junit.internal.builders" class="AnnotatedBuilderTest$OuterClass$InnerClassWithOwnRunWith" method="test" externalInfoUrl="https://pmd.github.io/pmd/pmd_rules_java_bestpractices.html#junittestsshouldincludeassert" priority="3">
JUnit tests should include assert() or fail()
</violation>
<violation beginline="90" endline="91" begincolumn="36" endcolumn="17" rule="UncommentedEmptyMethodBody" ruleset="Documentation" package="org.junit.internal.builders" class="AnnotatedBuilderTest$OuterClass$InnerClassWithOwnRunWith$MostInnerClass" method="test" externalInfoUrl="https://pmd.github.io/pmd/pmd_rules_java_documentation.html#uncommentedemptymethodbody" priority="3">
Document empty method body
</violation>
<violation beginline="90" endline="91" begincolumn="24" endcolumn="17" rule="JUnitTestsShouldIncludeAssert" ruleset="Best Practices" package="org.junit.internal.builders" class="AnnotatedBuilderTest$OuterClass$InnerClassWithOwnRunWith$MostInnerClass" method="test" externalInfoUrl="https://pmd.github.io/pmd/pmd_rules_java_bestpractices.html#junittestsshouldincludeassert" priority="3">
JUnit tests should include assert() or fail()
</violation>
</file>
<file name="C:\Users\Deyan\Downloads\junit4-r4.13.2\src\test\java\org\junit\internal\matchers\StacktracePrintingMatcherTest.java">
<violation beginline="1" endline="38" begincolumn="1" endcolumn="2" rule="TooManyStaticImports" ruleset="Code Style" package="org.junit.internal.matchers" class="StacktracePrintingMatcherTest" externalInfoUrl="https://pmd.github.io/pmd/pmd_rules_java_codestyle.html#toomanystaticimports" priority="3">
Too many static imports may lead to messy code
</violation>
<violation beginline="18" endline="18" begincolumn="59" endcolumn="67" rule="SignatureDeclareThrowsException" ruleset="Design" package="org.junit.internal.matchers" class="StacktracePrintingMatcherTest" method="succeedsWhenInnerMatcherSucceeds" externalInfoUrl="https://pmd.github.io/pmd/pmd_rules_java_design.html#signaturedeclarethrowsexception" priority="3">
A method/constructor should not explicitly throw java.lang.Exception
</violation>
<violation beginline="19" endline="19" begincolumn="9" endcolumn="18" rule="JUnitAssertionsShouldIncludeMessage" ruleset="Best Practices" package="org.junit.internal.matchers" class="StacktracePrintingMatcherTest" method="succeedsWhenInnerMatcherSucceeds" externalInfoUrl="https://pmd.github.io/pmd/pmd_rules_java_bestpractices.html#junitassertionsshouldincludemessage" priority="3">
JUnit assertions should include a message
</violation>
<violation beginline="23" endline="23" begincolumn="53" endcolumn="61" rule="SignatureDeclareThrowsException" ruleset="Design" package="org.junit.internal.matchers" class="StacktracePrintingMatcherTest" method="failsWhenInnerMatcherFails" externalInfoUrl="https://pmd.github.io/pmd/pmd_rules_java_design.html#signaturedeclarethrowsexception" priority="3">
A method/constructor should not explicitly throw java.lang.Exception
</violation>
<violation beginline="24" endline="24" begincolumn="9" endcolumn="19" rule="JUnitAssertionsShouldIncludeMessage" ruleset="Best Practices" package="org.junit.internal.matchers" class="StacktracePrintingMatcherTest" method="failsWhenInnerMatcherFails" externalInfoUrl="https://pmd.github.io/pmd/pmd_rules_java_bestpractices.html#junitassertionsshouldincludemessage" priority="3">
JUnit assertions should include a message
</violation>
<violation beginline="28" endline="37" begincolumn="12" endcolumn="5" rule="JUnitTestContainsTooManyAsserts" ruleset="Best Practices" package="org.junit.internal.matchers" class="StacktracePrintingMatcherTest" method="assertThatIncludesStacktrace" externalInfoUrl="https://pmd.github.io/pmd/pmd_rules_java_bestpractices.html#junittestcontainstoomanyasserts" priority="3">
Unit tests should not contain more than 1 assert(s).
</violation>
<violation beginline="33" endline="33" begincolumn="13" endcolumn="22" rule="JUnitAssertionsShouldIncludeMessage" ruleset="Best Practices" package="org.junit.internal.matchers" class="StacktracePrintingMatcherTest" method="assertThatIncludesStacktrace" externalInfoUrl="https://pmd.github.io/pmd/pmd_rules_java_bestpractices.html#junitassertionsshouldincludemessage" priority="3">
JUnit assertions should include a message
</violation>
<violation beginline="35" endline="35" begincolumn="13" endcolumn="22" rule="JUnitAssertionsShouldIncludeMessage" ruleset="Best Practices" package="org.junit.internal.matchers" class="StacktracePrintingMatcherTest" method="assertThatIncludesStacktrace" externalInfoUrl="https://pmd.github.io/pmd/pmd_rules_java_bestpractices.html#junitassertionsshouldincludemessage" priority="3">
JUnit assertions should include a message
</violation>
</file>
<file name="C:\Users\Deyan\Downloads\junit4-r4.13.2\src\test\java\org\junit\internal\matchers\ThrowableCauseMatcherTest.java">
<violation beginline="12" endline="12" begincolumn="67" endcolumn="75" rule="SignatureDeclareThrowsException" ruleset="Design" package="org.junit.internal.matchers" class="ThrowableCauseMatcherTest" method="shouldAllowCauseOfDifferentClassFromRoot" externalInfoUrl="https://pmd.github.io/pmd/pmd_rules_java_design.html#signaturedeclarethrowsexception" priority="3">
A method/constructor should not explicitly throw java.lang.Exception
</violation>
<violation beginline="16" endline="16" begincolumn="9" endcolumn="18" rule="JUnitAssertionsShouldIncludeMessage" ruleset="Best Practices" package="org.junit.internal.matchers" class="ThrowableCauseMatcherTest" method="shouldAllowCauseOfDifferentClassFromRoot" externalInfoUrl="https://pmd.github.io/pmd/pmd_rules_java_bestpractices.html#junitassertionsshouldincludemessage" priority="3">
JUnit assertions should include a message
</violation>
</file>
<file name="C:\Users\Deyan\Downloads\junit4-r4.13.2\src\test\java\org\junit\internal\runners\ErrorReportingRunnerTest.java">
<violation beginline="1" endline="88" begincolumn="1" endcolumn="2" rule="TooManyStaticImports" ruleset="Code Style" package="org.junit.internal.runners" class="ErrorReportingRunnerTest" externalInfoUrl="https://pmd.github.io/pmd/pmd_rules_java_codestyle.html#toomanystaticimports" priority="3">
Too many static imports may lead to messy code
</violation>
<violation beginline="46" endline="64" begincolumn="12" endcolumn="5" rule="JUnitTestContainsTooManyAsserts" ruleset="Best Practices" package="org.junit.internal.runners" class="ErrorReportingRunnerTest" method="givenInvalidTestClassErrorAsCause" externalInfoUrl="https://pmd.github.io/pmd/pmd_rules_java_bestpractices.html#junittestcontainstoomanyasserts" priority="3">
Unit tests should not contain more than 1 assert(s).
</violation>
<violation beginline="47" endline="47" begincolumn="45" endcolumn="68" rule="UseDiamondOperator" ruleset="Code Style" package="org.junit.internal.runners" class="ErrorReportingRunnerTest" method="givenInvalidTestClassErrorAsCause" externalInfoUrl="https://pmd.github.io/pmd/pmd_rules_java_codestyle.html#usediamondoperator" priority="3">
Explicit type arguments can be replaced by Diamond Operator
</violation>
<violation beginline="60" endline="60" begincolumn="9" endcolumn="18" rule="JUnitAssertionsShouldIncludeMessage" ruleset="Best Practices" package="org.junit.internal.runners" class="ErrorReportingRunnerTest" method="givenInvalidTestClassErrorAsCause" externalInfoUrl="https://pmd.github.io/pmd/pmd_rules_java_bestpractices.html#junitassertionsshouldincludemessage" priority="3">
JUnit assertions should include a message
</violation>
<violation beginline="62" endline="62" begincolumn="9" endcolumn="18" rule="JUnitAssertionsShouldIncludeMessage" ruleset="Best Practices" package="org.junit.internal.runners" class="ErrorReportingRunnerTest" method="givenInvalidTestClassErrorAsCause" externalInfoUrl="https://pmd.github.io/pmd/pmd_rules_java_bestpractices.html#junitassertionsshouldincludemessage" priority="3">
JUnit assertions should include a message
</violation>
<violation beginline="63" endline="63" begincolumn="9" endcolumn="18" rule="JUnitAssertionsShouldIncludeMessage" ruleset="Best Practices" package="org.junit.internal.runners" class="ErrorReportingRunnerTest" method="givenInvalidTestClassErrorAsCause" externalInfoUrl="https://pmd.github.io/pmd/pmd_rules_java_bestpractices.html#junitassertionsshouldincludemessage" priority="3">
JUnit assertions should include a message
</violation>
<violation beginline="67" endline="78" begincolumn="12" endcolumn="5" rule="JUnitTestContainsTooManyAsserts" ruleset="Best Practices" package="org.junit.internal.runners" class="ErrorReportingRunnerTest" method="givenInvalidTestClass_integrationTest" externalInfoUrl="https://pmd.github.io/pmd/pmd_rules_java_bestpractices.html#junittestcontainstoomanyasserts" priority="3">
Unit tests should not contain more than 1 assert(s).
</violation>
<violation beginline="70" endline="70" begincolumn="9" endcolumn="18" rule="JUnitAssertionsShouldIncludeMessage" ruleset="Best Practices" package="org.junit.internal.runners" class="ErrorReportingRunnerTest" method="givenInvalidTestClass_integrationTest" externalInfoUrl="https://pmd.github.io/pmd/pmd_rules_java_bestpractices.html#junitassertionsshouldincludemessage" priority="3">
JUnit assertions should include a message
</violation>
<violation beginline="72" endline="72" begincolumn="9" endcolumn="18" rule="JUnitAssertionsShouldIncludeMessage" ruleset="Best Practices" package="org.junit.internal.runners" class="ErrorReportingRunnerTest" method="givenInvalidTestClass_integrationTest" externalInfoUrl="https://pmd.github.io/pmd/pmd_rules_java_bestpractices.html#junitassertionsshouldincludemessage" priority="3">
JUnit assertions should include a message
</violation>
<violation beginline="73" endline="73" begincolumn="9" endcolumn="18" rule="JUnitAssertionsShouldIncludeMessage" ruleset="Best Practices" package="org.junit.internal.runners" class="ErrorReportingRunnerTest" method="givenInvalidTestClass_integrationTest" externalInfoUrl="https://pmd.github.io/pmd/pmd_rules_java_bestpractices.html#junitassertionsshouldincludemessage" priority="3">
JUnit assertions should include a message
</violation>
<violation beginline="81" endline="81" begincolumn="57" endcolumn="58" rule="UncommentedEmptyMethodBody" ruleset="Documentation" package="org.junit.internal.runners" class="ErrorReportingRunnerTest$TestClassWithErrors" method="staticBeforeMethod" externalInfoUrl="https://pmd.github.io/pmd/pmd_rules_java_documentation.html#uncommentedemptymethodbody" priority="3">
Document empty method body
</violation>
<violation beginline="82" endline="82" begincolumn="55" endcolumn="56" rule="UncommentedEmptyMethodBody" ruleset="Documentation" package="org.junit.internal.runners" class="ErrorReportingRunnerTest$TestClassWithErrors" method="staticAfterMethod" externalInfoUrl="https://pmd.github.io/pmd/pmd_rules_java_documentation.html#uncommentedemptymethodbody" priority="3">
Document empty method body
</violation>
<violation beginline="84" endline="86" begincolumn="22" endcolumn="9" rule="JUnitTestsShouldIncludeAssert" ruleset="Best Practices" package="org.junit.internal.runners" class="ErrorReportingRunnerTest$TestClassWithErrors" method="testMethodReturningString" externalInfoUrl="https://pmd.github.io/pmd/pmd_rules_java_bestpractices.html#junittestsshouldincludeassert" priority="3">
JUnit tests should include assert() or fail()
</violation>
</file>
<file name="C:\Users\Deyan\Downloads\junit4-r4.13.2\src\test\java\org\junit\internal\runners\statements\ExpectExceptionTest.java">
<violation beginline="20" endline="20" begincolumn="19" endcolumn="26" rule="CloseResource" ruleset="Error Prone" package="org.junit.internal.runners.statements" class="ExpectExceptionTest" method="whenExpectingAssumptionViolatedExceptionStatementsThrowingItShouldPass" variable="delegate" externalInfoUrl="https://pmd.github.io/pmd/pmd_rules_java_errorprone.html#closeresource" priority="3">
Ensure that resources like this Statement object are closed after use
</violation>
<violation beginline="26" endline="28" begincolumn="11" endcolumn="9" rule="AvoidCatchingThrowable" ruleset="Error Prone" package="org.junit.internal.runners.statements" class="ExpectExceptionTest" method="whenExpectingAssumptionViolatedExceptionStatementsThrowingItShouldPass" externalInfoUrl="https://pmd.github.io/pmd/pmd_rules_java_errorprone.html#avoidcatchingthrowable" priority="3">
A catch statement should never catch throwable since it includes errors.
</violation>
<violation beginline="33" endline="33" begincolumn="19" endcolumn="26" rule="CloseResource" ruleset="Error Prone" package="org.junit.internal.runners.statements" class="ExpectExceptionTest" method="whenExpectingAssumptionViolatedExceptionStatementsThrowingSubclassShouldPass" variable="delegate" externalInfoUrl="https://pmd.github.io/pmd/pmd_rules_java_errorprone.html#closeresource" priority="3">
Ensure that resources like this Statement object are closed after use
</violation>
<violation beginline="39" endline="41" begincolumn="11" endcolumn="9" rule="AvoidCatchingThrowable" ruleset="Error Prone" package="org.junit.internal.runners.statements" class="ExpectExceptionTest" method="whenExpectingAssumptionViolatedExceptionStatementsThrowingSubclassShouldPass" externalInfoUrl="https://pmd.github.io/pmd/pmd_rules_java_errorprone.html#avoidcatchingthrowable" priority="3">
A catch statement should never catch throwable since it includes errors.
</violation>
<violation beginline="46" endline="46" begincolumn="19" endcolumn="26" rule="CloseResource" ruleset="Error Prone" package="org.junit.internal.runners.statements" class="ExpectExceptionTest" method="whenExpectingAssumptionViolatedExceptionStatementsThrowingDifferentExceptionShouldFail" variable="delegate" externalInfoUrl="https://pmd.github.io/pmd/pmd_rules_java_errorprone.html#closeresource" priority="3">
Ensure that resources like this Statement object are closed after use
</violation>
<violation beginline="52" endline="52" begincolumn="18" endcolumn="26" rule="AvoidCatchingGenericException" ruleset="Design" package="org.junit.internal.runners.statements" class="ExpectExceptionTest" method="whenExpectingAssumptionViolatedExceptionStatementsThrowingDifferentExceptionShouldFail" externalInfoUrl="https://pmd.github.io/pmd/pmd_rules_java_design.html#avoidcatchinggenericexception" priority="3">
Avoid catching generic exceptions such as NullPointerException, RuntimeException, Exception in try-catch block
</violation>
<violation beginline="53" endline="53" begincolumn="13" endcolumn="22" rule="JUnitAssertionsShouldIncludeMessage" ruleset="Best Practices" package="org.junit.internal.runners.statements" class="ExpectExceptionTest" method="whenExpectingAssumptionViolatedExceptionStatementsThrowingDifferentExceptionShouldFail" externalInfoUrl="https://pmd.github.io/pmd/pmd_rules_java_bestpractices.html#junitassertionsshouldincludemessage" priority="3">
JUnit assertions should include a message
</violation>
<violation beginline="59" endline="59" begincolumn="94" endcolumn="102" rule="SignatureDeclareThrowsException" ruleset="Design" package="org.junit.internal.runners.statements" class="ExpectExceptionTest" method="whenExpectingAssumptionViolatedExceptionStatementsPassingShouldFail" externalInfoUrl="https://pmd.github.io/pmd/pmd_rules_java_design.html#signaturedeclarethrowsexception" priority="3">
A method/constructor should not explicitly throw java.lang.Exception
</violation>
<violation beginline="65" endline="65" begincolumn="13" endcolumn="22" rule="JUnitAssertionsShouldIncludeMessage" ruleset="Best Practices" package="org.junit.internal.runners.statements" class="ExpectExceptionTest" method="whenExpectingAssumptionViolatedExceptionStatementsPassingShouldFail" externalInfoUrl="https://pmd.github.io/pmd/pmd_rules_java_bestpractices.html#junitassertionsshouldincludemessage" priority="3">
JUnit assertions should include a message
</violation>
<violation beginline="77" endline="81" begincolumn="20" endcolumn="5" rule="MissingSerialVersionUID" ruleset="Error Prone" package="org.junit.internal.runners.statements" class="ExpectExceptionTest$SomeException" externalInfoUrl="https://pmd.github.io/pmd/pmd_rules_java_errorprone.html#missingserialversionuid" priority="3">
Classes implementing Serializable should set a serialVersionUID
</violation>
</file>
<file name="C:\Users\Deyan\Downloads\junit4-r4.13.2\src\test\java\org\junit\internal\runners\statements\FailOnTimeoutTest.java">
<violation beginline="1" endline="271" begincolumn="1" endcolumn="2" rule="TooManyStaticImports" ruleset="Code Style" package="org.junit.internal.runners.statements" class="FailOnTimeoutTest" externalInfoUrl="https://pmd.github.io/pmd/pmd_rules_java_codestyle.html#toomanystaticimports" priority="3">
Too many static imports may lead to messy code
</violation>
<violation beginline="47" endline="47" begincolumn="12" endcolumn="41" rule="FieldDeclarationsShouldBeAtStartOfClass" ruleset="Code Style" package="org.junit.internal.runners.statements" class="FailOnTimeoutTest" variable="VariableDeclaratorId" externalInfoUrl="https://pmd.github.io/pmd/pmd_rules_java_codestyle.html#fielddeclarationsshouldbeatstartofclass" priority="3">
Fields should be declared at the top of the class, before any method declarations, constructors, initializers or inner classes.
</violation>
<violation beginline="60" endline="65" begincolumn="12" endcolumn="5" rule="JUnitTestContainsTooManyAsserts" ruleset="Best Practices" package="org.junit.internal.runners.statements" class="FailOnTimeoutTest" method="throwsTestTimedOutExceptionWithMeaningfulMessage" externalInfoUrl="https://pmd.github.io/pmd/pmd_rules_java_bestpractices.html#junittestcontainstoomanyasserts" priority="3">
Unit tests should not contain more than 1 assert(s).
</violation>
<violation beginline="64" endline="64" begincolumn="9" endcolumn="20" rule="JUnitAssertionsShouldIncludeMessage" ruleset="Best Practices" package="org.junit.internal.runners.statements" class="FailOnTimeoutTest" method="throwsTestTimedOutExceptionWithMeaningfulMessage" externalInfoUrl="https://pmd.github.io/pmd/pmd_rules_java_bestpractices.html#junitassertionsshouldincludemessage" priority="3">
JUnit assertions should include a message
</violation>
<violation beginline="68" endline="74" begincolumn="12" endcolumn="5" rule="JUnitTestContainsTooManyAsserts" ruleset="Best Practices" package="org.junit.internal.runners.statements" class="FailOnTimeoutTest" method="sendUpExceptionThrownByStatement" externalInfoUrl="https://pmd.github.io/pmd/pmd_rules_java_bestpractices.html#junittestcontainstoomanyasserts" priority="3">
Unit tests should not contain more than 1 assert(s).
</violation>
<violation beginline="73" endline="73" begincolumn="9" endcolumn="18" rule="JUnitAssertionsShouldIncludeMessage" ruleset="Best Practices" package="org.junit.internal.runners.statements" class="FailOnTimeoutTest" method="sendUpExceptionThrownByStatement" externalInfoUrl="https://pmd.github.io/pmd/pmd_rules_java_bestpractices.html#junitassertionsshouldincludemessage" priority="3">
JUnit assertions should include a message
</violation>
<violation beginline="92" endline="106" begincolumn="12" endcolumn="5" rule="JUnitTestContainsTooManyAsserts" ruleset="Best Practices" package="org.junit.internal.runners.statements" class="FailOnTimeoutTest" method="throwTimeoutExceptionOnSecondCallAlthoughFirstCallThrowsException" externalInfoUrl="https://pmd.github.io/pmd/pmd_rules_java_bestpractices.html#junittestcontainstoomanyasserts" priority="3">
Unit tests should not contain more than 1 assert(s).
</violation>
<violation beginline="109" endline="115" begincolumn="12" endcolumn="5" rule="JUnitTestContainsTooManyAsserts" ruleset="Best Practices" package="org.junit.internal.runners.statements" class="FailOnTimeoutTest" method="throwsExceptionWithTimeoutValueAndTimeUnitSet" externalInfoUrl="https://pmd.github.io/pmd/pmd_rules_java_bestpractices.html#junittestcontainstoomanyasserts" priority="3">
Unit tests should not contain more than 1 assert(s).
</violation>
<violation beginline="113" endline="113" begincolumn="9" endcolumn="20" rule="JUnitAssertionsShouldIncludeMessage" ruleset="Best Practices" package="org.junit.internal.runners.statements" class="FailOnTimeoutTest" method="throwsExceptionWithTimeoutValueAndTimeUnitSet" externalInfoUrl="https://pmd.github.io/pmd/pmd_rules_java_bestpractices.html#junitassertionsshouldincludemessage" priority="3">
JUnit assertions should include a message
</violation>
<violation beginline="114" endline="114" begincolumn="9" endcolumn="20" rule="JUnitAssertionsShouldIncludeMessage" ruleset="Best Practices" package="org.junit.internal.runners.statements" class="FailOnTimeoutTest" method="throwsExceptionWithTimeoutValueAndTimeUnitSet" externalInfoUrl="https://pmd.github.io/pmd/pmd_rules_java_bestpractices.html#junitassertionsshouldincludemessage" priority="3">
JUnit assertions should include a message
</violation>
<violation beginline="118" endline="130" begincolumn="12" endcolumn="5" rule="JUnitTestContainsTooManyAsserts" ruleset="Best Practices" package="org.junit.internal.runners.statements" class="FailOnTimeoutTest" method="statementThatCanBeInterruptedIsStoppedAfterTimeout" externalInfoUrl="https://pmd.github.io/pmd/pmd_rules_java_bestpractices.html#junittestcontainstoomanyasserts" priority="3">
Unit tests should not contain more than 1 assert(s).
</violation>
<violation beginline="133" endline="156" begincolumn="12" endcolumn="5" rule="JUnitTestContainsTooManyAsserts" ruleset="Best Practices" package="org.junit.internal.runners.statements" class="FailOnTimeoutTest" method="stackTraceContainsRealCauseOfTimeout" externalInfoUrl="https://pmd.github.io/pmd/pmd_rules_java_bestpractices.html#junittestcontainstoomanyasserts" priority="3">
Unit tests should not contain more than 1 assert(s).
</violation>
<violation beginline="177" endline="177" begincolumn="18" endcolumn="66" rule="ForLoopVariableCount" ruleset="Best Practices" package="org.junit.internal.runners.statements" class="FailOnTimeoutTest$StuckStatement" method="notTheRealCauseOfTheTimeout" variable="VariableDeclaratorId, VariableDeclaratorId" externalInfoUrl="https://pmd.github.io/pmd/pmd_rules_java_bestpractices.html#forloopvariablecount" priority="3">
Too many control variables in the for statement
</violation>
<violation beginline="185" endline="209" begincolumn="12" endcolumn="5" rule="JUnitTestContainsTooManyAsserts" ruleset="Best Practices" package="org.junit.internal.runners.statements" class="FailOnTimeoutTest" method="lookingForStuckThread_threadGroupNotLeaked" externalInfoUrl="https://pmd.github.io/pmd/pmd_rules_java_bestpractices.html#junittestcontainstoomanyasserts" priority="3">
Unit tests should not contain more than 1 assert(s).
</violation>
<violation beginline="187" endline="187" begincolumn="63" endcolumn="96" rule="UseDiamondOperator" ruleset="Code Style" package="org.junit.internal.runners.statements" class="FailOnTimeoutTest" method="lookingForStuckThread_threadGroupNotLeaked" externalInfoUrl="https://pmd.github.io/pmd/pmd_rules_java_codestyle.html#usediamondoperator" priority="3">
Explicit type arguments can be replaced by Diamond Operator
</violation>
<violation beginline="188" endline="188" begincolumn="53" endcolumn="81" rule="UseDiamondOperator" ruleset="Code Style" package="org.junit.internal.runners.statements" class="FailOnTimeoutTest" method="lookingForStuckThread_threadGroupNotLeaked" externalInfoUrl="https://pmd.github.io/pmd/pmd_rules_java_codestyle.html#usediamondoperator" priority="3">
Explicit type arguments can be replaced by Diamond Operator
</violation>
<violation beginline="189" endline="189" begincolumn="61" endcolumn="75" rule="AvoidThreadGroup" ruleset="Multithreading" package="org.junit.internal.runners.statements" class="FailOnTimeoutTest" method="lookingForStuckThread_threadGroupNotLeaked" externalInfoUrl="https://pmd.github.io/pmd/pmd_rules_java_multithreading.html#avoidthreadgroup" priority="3">
Avoid using java.lang.ThreadGroup; it is not thread safe
</violation>
<violation beginline="194" endline="194" begincolumn="52" endcolumn="66" rule="AvoidThreadGroup" ruleset="Multithreading" package="org.junit.internal.runners.statements" class="FailOnTimeoutTest" method="evaluate" externalInfoUrl="https://pmd.github.io/pmd/pmd_rules_java_multithreading.html#avoidthreadgroup" priority="3">
Avoid using java.lang.ThreadGroup; it is not thread safe
</violation>
<violation beginline="212" endline="228" begincolumn="12" endcolumn="5" rule="JUnitTestContainsTooManyAsserts" ruleset="Best Practices" package="org.junit.internal.runners.statements" class="FailOnTimeoutTest" method="notLookingForStuckThread_usesSameThreadGroup" externalInfoUrl="https://pmd.github.io/pmd/pmd_rules_java_bestpractices.html#junittestcontainstoomanyasserts" priority="3">
Unit tests should not contain more than 1 assert(s).
</violation>
<violation beginline="215" endline="215" begincolumn="61" endcolumn="75" rule="AvoidThreadGroup" ruleset="Multithreading" package="org.junit.internal.runners.statements" class="FailOnTimeoutTest" method="notLookingForStuckThread_usesSameThreadGroup" externalInfoUrl="https://pmd.github.io/pmd/pmd_rules_java_multithreading.html#avoidthreadgroup" priority="3">
Avoid using java.lang.ThreadGroup; it is not thread safe
</violation>
<violation beginline="220" endline="220" begincolumn="52" endcolumn="66" rule="AvoidThreadGroup" ruleset="Multithreading" package="org.junit.internal.runners.statements" class="FailOnTimeoutTest" method="evaluate" externalInfoUrl="https://pmd.github.io/pmd/pmd_rules_java_multithreading.html#avoidthreadgroup" priority="3">
Avoid using java.lang.ThreadGroup; it is not thread safe
</violation>
<violation beginline="246" endline="246" begincolumn="9" endcolumn="36" rule="DefaultPackage" ruleset="Code Style" package="org.junit.internal.runners.statements" class="FailOnTimeoutTest$DelegatingStatement" externalInfoUrl="https://pmd.github.io/pmd/pmd_rules_java_codestyle.html#defaultpackage" priority="3">
Use explicit scoping instead of the default package private level
</violation>
<violation beginline="256" endline="257" begincolumn="49" endcolumn="9" rule="UncommentedEmptyMethodBody" ruleset="Documentation" package="org.junit.internal.runners.statements" class="FailOnTimeoutTest$FastStatement" method="evaluate" externalInfoUrl="https://pmd.github.io/pmd/pmd_rules_java_documentation.html#uncommentedemptymethodbody" priority="3">
Document empty method body
</violation>
<violation beginline="261" endline="261" begincolumn="9" endcolumn="62" rule="DefaultPackage" ruleset="Code Style" package="org.junit.internal.runners.statements" class="FailOnTimeoutTest$RunForASecond" externalInfoUrl="https://pmd.github.io/pmd/pmd_rules_java_codestyle.html#defaultpackage" priority="3">
Use explicit scoping instead of the default package private level
</violation>
<violation beginline="266" endline="267" begincolumn="69" endcolumn="13" rule="EmptyWhileStmt" ruleset="Error Prone" package="org.junit.internal.runners.statements" class="FailOnTimeoutTest$RunForASecond" method="evaluate" externalInfoUrl="https://pmd.github.io/pmd/pmd_rules_java_errorprone.html#emptywhilestmt" priority="3">
Avoid empty while statements
</violation>
</file>
<file name="C:\Users\Deyan\Downloads\junit4-r4.13.2\src\test\java\org\junit\rules\BlockJUnit4ClassRunnerOverrideTest.java">
<violation beginline="1" endline="175" begincolumn="1" endcolumn="2" rule="TooManyStaticImports" ruleset="Code Style" package="org.junit.rules" class="BlockJUnit4ClassRunnerOverrideTest" externalInfoUrl="https://pmd.github.io/pmd/pmd_rules_java_codestyle.html#toomanystaticimports" priority="3">
Too many static imports may lead to messy code
</violation>
<violation beginline="42" endline="43" begincolumn="56" endcolumn="38" rule="UseDiamondOperator" ruleset="Code Style" package="org.junit.rules" class="BlockJUnit4ClassRunnerOverrideTest$OverrideRulesRunner" method="rules" externalInfoUrl="https://pmd.github.io/pmd/pmd_rules_java_codestyle.html#usediamondoperator" priority="3">
Explicit type arguments can be replaced by Diamond Operator
</violation>
<violation beginline="51" endline="51" begincolumn="24" endcolumn="38" rule="RedundantFieldInitializer" ruleset="Performance" package="org.junit.rules" class="BlockJUnit4ClassRunnerOverrideTest$OverrideRulesTest" variable="flipBit" externalInfoUrl="https://pmd.github.io/pmd/pmd_rules_java_performance.html#redundantfieldinitializer" priority="3">
Avoid using redundant field initializer for 'flipBit'
</violation>
<violation beginline="55" endline="55" begincolumn="13" endcolumn="22" rule="JUnitAssertionsShouldIncludeMessage" ruleset="Best Practices" package="org.junit.rules" class="BlockJUnit4ClassRunnerOverrideTest$OverrideRulesTest" method="testFlipBit" externalInfoUrl="https://pmd.github.io/pmd/pmd_rules_java_bestpractices.html#junitassertionsshouldincludemessage" priority="3">
JUnit assertions should include a message
</violation>
<violation beginline="61" endline="61" begincolumn="9" endcolumn="18" rule="JUnitAssertionsShouldIncludeMessage" ruleset="Best Practices" package="org.junit.rules" class="BlockJUnit4ClassRunnerOverrideTest" method="overrideRulesMethod" externalInfoUrl="https://pmd.github.io/pmd/pmd_rules_java_bestpractices.html#junitassertionsshouldincludemessage" priority="3">
JUnit assertions should include a message
</violation>
<violation beginline="72" endline="73" begincolumn="54" endcolumn="45" rule="UseDiamondOperator" ruleset="Code Style" package="org.junit.rules" class="BlockJUnit4ClassRunnerOverrideTest$OverrideTestRulesRunner" method="getTestRules" externalInfoUrl="https://pmd.github.io/pmd/pmd_rules_java_codestyle.html#usediamondoperator" priority="3">
Explicit type arguments can be replaced by Diamond Operator
</violation>
<violation beginline="89" endline="89" begincolumn="9" endcolumn="18" rule="JUnitAssertionsShouldIncludeMessage" ruleset="Best Practices" package="org.junit.rules" class="BlockJUnit4ClassRunnerOverrideTest" method="overrideTestRulesMethod" externalInfoUrl="https://pmd.github.io/pmd/pmd_rules_java_bestpractices.html#junitassertionsshouldincludemessage" priority="3">
JUnit assertions should include a message
</violation>
<violation beginline="122" endline="122" begincolumn="13" endcolumn="24" rule="JUnitAssertionsShouldIncludeMessage" ruleset="Best Practices" package="org.junit.rules" class="BlockJUnit4ClassRunnerOverrideTest$OverrideCreateTest" method="testMethodA" externalInfoUrl="https://pmd.github.io/pmd/pmd_rules_java_bestpractices.html#junitassertionsshouldincludemessage" priority="3">
JUnit assertions should include a message
</violation>
<violation beginline="127" endline="127" begincolumn="13" endcolumn="24" rule="JUnitAssertionsShouldIncludeMessage" ruleset="Best Practices" package="org.junit.rules" class="BlockJUnit4ClassRunnerOverrideTest$OverrideCreateTest" method="testMethodB" externalInfoUrl="https://pmd.github.io/pmd/pmd_rules_java_bestpractices.html#junitassertionsshouldincludemessage" priority="3">
JUnit assertions should include a message
</violation>
<violation beginline="133" endline="133" begincolumn="9" endcolumn="18" rule="JUnitAssertionsShouldIncludeMessage" ruleset="Best Practices" package="org.junit.rules" class="BlockJUnit4ClassRunnerOverrideTest" method="overrideCreateTestMethod" externalInfoUrl="https://pmd.github.io/pmd/pmd_rules_java_bestpractices.html#junitassertionsshouldincludemessage" priority="3">
JUnit assertions should include a message
</violation>
<violation beginline="163" endline="163" begincolumn="24" endcolumn="47" rule="RedundantFieldInitializer" ruleset="Performance" package="org.junit.rules" class="BlockJUnit4ClassRunnerOverrideTest$CreateTestDefersToNoArgCreateTestTest" variable="createTestCalled" externalInfoUrl="https://pmd.github.io/pmd/pmd_rules_java_performance.html#redundantfieldinitializer" priority="3">
Avoid using redundant field initializer for 'createTestCalled'
</violation>
<violation beginline="167" endline="167" begincolumn="13" endcolumn="24" rule="JUnitAssertionsShouldIncludeMessage" ruleset="Best Practices" package="org.junit.rules" class="BlockJUnit4ClassRunnerOverrideTest$CreateTestDefersToNoArgCreateTestTest" method="testCreateTestCalled" externalInfoUrl="https://pmd.github.io/pmd/pmd_rules_java_bestpractices.html#junitassertionsshouldincludemessage" priority="3">
JUnit assertions should include a message
</violation>
<violation beginline="167" endline="167" begincolumn="13" endcolumn="48" rule="UseAssertTrueInsteadOfAssertEquals" ruleset="Best Practices" package="org.junit.rules" class="BlockJUnit4ClassRunnerOverrideTest$CreateTestDefersToNoArgCreateTestTest" method="testCreateTestCalled" externalInfoUrl="https://pmd.github.io/pmd/pmd_rules_java_bestpractices.html#useasserttrueinsteadofassertequals" priority="3">
Use assertTrue(x)/assertFalse(x) instead of assertEquals(true, x)/assertEquals(false, x) or assertEquals(Boolean.TRUE, x)/assertEquals(Boolean.FALSE, x).
</violation>
<violation beginline="173" endline="173" begincolumn="9" endcolumn="18" rule="JUnitAssertionsShouldIncludeMessage" ruleset="Best Practices" package="org.junit.rules" class="BlockJUnit4ClassRunnerOverrideTest" method="createTestDefersToNoArgCreateTest" externalInfoUrl="https://pmd.github.io/pmd/pmd_rules_java_bestpractices.html#junitassertionsshouldincludemessage" priority="3">
JUnit assertions should include a message
</violation>
</file>
<file name="C:\Users\Deyan\Downloads\junit4-r4.13.2\src\test\java\org\junit\rules\ClassRulesTest.java">
<violation beginline="4" endline="366" begincolumn="1" endcolumn="2" rule="TooManyStaticImports" ruleset="Code Style" package="org.junit.rules" class="ClassRulesTest" externalInfoUrl="https://pmd.github.io/pmd/pmd_rules_java_codestyle.html#toomanystaticimports" priority="3">
Too many static imports may lead to messy code
</violation>
<violation beginline="32" endline="32" begincolumn="20" endcolumn="28" rule="RedundantFieldInitializer" ruleset="Performance" package="org.junit.rules" class="ClassRulesTest$Counter" variable="count" externalInfoUrl="https://pmd.github.io/pmd/pmd_rules_java_performance.html#redundantfieldinitializer" priority="3">
Avoid using redundant field initializer for 'count'
</violation>
<violation beginline="46" endline="46" begincolumn="13" endcolumn="24" rule="JUnitAssertionsShouldIncludeMessage" ruleset="Best Practices" package="org.junit.rules" class="ClassRulesTest$ExampleTestWithClassRule" method="firstTest" externalInfoUrl="https://pmd.github.io/pmd/pmd_rules_java_bestpractices.html#junitassertionsshouldincludemessage" priority="3">
JUnit assertions should include a message
</violation>
<violation beginline="51" endline="51" begincolumn="13" endcolumn="24" rule="JUnitAssertionsShouldIncludeMessage" ruleset="Best Practices" package="org.junit.rules" class="ClassRulesTest$ExampleTestWithClassRule" method="secondTest" externalInfoUrl="https://pmd.github.io/pmd/pmd_rules_java_bestpractices.html#junitassertionsshouldincludemessage" priority="3">
JUnit assertions should include a message
</violation>
<violation beginline="59" endline="59" begincolumn="9" endcolumn="20" rule="JUnitAssertionsShouldIncludeMessage" ruleset="Best Practices" package="org.junit.rules" class="ClassRulesTest" method="ruleIsAppliedOnce" externalInfoUrl="https://pmd.github.io/pmd/pmd_rules_java_bestpractices.html#junitassertionsshouldincludemessage" priority="3">
JUnit assertions should include a message
</violation>
<violation beginline="71" endline="71" begincolumn="9" endcolumn="20" rule="JUnitAssertionsShouldIncludeMessage" ruleset="Best Practices" package="org.junit.rules" class="ClassRulesTest" method="ruleIsIntroducedAndEvaluatedOnSubclass" externalInfoUrl="https://pmd.github.io/pmd/pmd_rules_java_bestpractices.html#junitassertionsshouldincludemessage" priority="3">
JUnit assertions should include a message
</violation>
<violation beginline="75" endline="75" begincolumn="20" endcolumn="28" rule="RedundantFieldInitializer" ruleset="Performance" package="org.junit.rules" class="ClassRulesTest$CustomCounter" variable="count" externalInfoUrl="https://pmd.github.io/pmd/pmd_rules_java_performance.html#redundantfieldinitializer" priority="3">
Avoid using redundant field initializer for 'count'
</violation>
<violation beginline="94" endline="94" begincolumn="13" endcolumn="24" rule="JUnitAssertionsShouldIncludeMessage" ruleset="Best Practices" package="org.junit.rules" class="ClassRulesTest$ExampleTestWithCustomClassRule" method="firstTest" externalInfoUrl="https://pmd.github.io/pmd/pmd_rules_java_bestpractices.html#junitassertionsshouldincludemessage" priority="3">
JUnit assertions should include a message
</violation>
<violation beginline="99" endline="99" begincolumn="13" endcolumn="24" rule="JUnitAssertionsShouldIncludeMessage" ruleset="Best Practices" package="org.junit.rules" class="ClassRulesTest$ExampleTestWithCustomClassRule" method="secondTest" externalInfoUrl="https://pmd.github.io/pmd/pmd_rules_java_bestpractices.html#junitassertionsshouldincludemessage" priority="3">
JUnit assertions should include a message
</violation>
<violation beginline="105" endline="110" begincolumn="12" endcolumn="5" rule="JUnitTestContainsTooManyAsserts" ruleset="Best Practices" package="org.junit.rules" class="ClassRulesTest" method="customRuleIsAppliedOnce" externalInfoUrl="https://pmd.github.io/pmd/pmd_rules_java_bestpractices.html#junittestcontainstoomanyasserts" priority="3">
Unit tests should not contain more than 1 assert(s).
</violation>
<violation beginline="108" endline="108" begincolumn="9" endcolumn="18" rule="JUnitAssertionsShouldIncludeMessage" ruleset="Best Practices" package="org.junit.rules" class="ClassRulesTest" method="customRuleIsAppliedOnce" externalInfoUrl="https://pmd.github.io/pmd/pmd_rules_java_bestpractices.html#junitassertionsshouldincludemessage" priority="3">
JUnit assertions should include a message
</violation>
<violation beginline="109" endline="109" begincolumn="9" endcolumn="20" rule="JUnitAssertionsShouldIncludeMessage" ruleset="Best Practices" package="org.junit.rules" class="ClassRulesTest" method="customRuleIsAppliedOnce" externalInfoUrl="https://pmd.github.io/pmd/pmd_rules_java_bestpractices.html#junitassertionsshouldincludemessage" priority="3">
JUnit assertions should include a message
</violation>
<violation beginline="112" endline="112" begincolumn="51" endcolumn="74" rule="UseDiamondOperator" ruleset="Code Style" package="org.junit.rules" class="ClassRulesTest" externalInfoUrl="https://pmd.github.io/pmd/pmd_rules_java_codestyle.html#usediamondoperator" priority="3">
Explicit type arguments can be replaced by Diamond Operator
</violation>
<violation beginline="112" endline="112" begincolumn="26" endcolumn="75" rule="FieldDeclarationsShouldBeAtStartOfClass" ruleset="Code Style" package="org.junit.rules" class="ClassRulesTest" variable="VariableDeclaratorId" externalInfoUrl="https://pmd.github.io/pmd/pmd_rules_java_codestyle.html#fielddeclarationsshouldbeatstartofclass" priority="3">
Fields should be declared at the top of the class, before any method declarations, constructors, initializers or inner classes.
</violation>
<violation beginline="115" endline="115" begincolumn="24" endcolumn="27" rule="ImmutableField" ruleset="Design" package="org.junit.rules" class="ClassRulesTest$OrderTestRule" variable="name" externalInfoUrl="https://pmd.github.io/pmd/pmd_rules_java_design.html#immutablefield" priority="3">
Private field 'name' could be made final; it is only initialized in the declaration or constructor.
</violation>
<violation beginline="139" endline="139" begincolumn="23" endcolumn="81" rule="FieldDeclarationsShouldBeAtStartOfClass" ruleset="Code Style" package="org.junit.rules" class="ClassRulesTest$UsesFieldAndMethodRule" variable="VariableDeclaratorId" externalInfoUrl="https://pmd.github.io/pmd/pmd_rules_java_codestyle.html#fielddeclarationsshouldbeatstartofclass" priority="3">
Fields should be declared at the top of the class, before any method declarations, constructors, initializers or inner classes.
</violation>
<violation beginline="142" endline="145" begincolumn="16" endcolumn="9" rule="JUnitTestContainsTooManyAsserts" ruleset="Best Practices" package="org.junit.rules" class="ClassRulesTest$UsesFieldAndMethodRule" method="foo" externalInfoUrl="https://pmd.github.io/pmd/pmd_rules_java_bestpractices.html#junittestcontainstoomanyasserts" priority="3">
Unit tests should not contain more than 1 assert(s).
</violation>
<violation beginline="143" endline="143" begincolumn="13" endcolumn="24" rule="JUnitAssertionsShouldIncludeMessage" ruleset="Best Practices" package="org.junit.rules" class="ClassRulesTest$UsesFieldAndMethodRule" method="foo" externalInfoUrl="https://pmd.github.io/pmd/pmd_rules_java_bestpractices.html#junitassertionsshouldincludemessage" priority="3">
JUnit assertions should include a message
</violation>
<violation beginline="144" endline="144" begincolumn="13" endcolumn="24" rule="JUnitAssertionsShouldIncludeMessage" ruleset="Best Practices" package="org.junit.rules" class="ClassRulesTest$UsesFieldAndMethodRule" method="foo" externalInfoUrl="https://pmd.github.io/pmd/pmd_rules_java_bestpractices.html#junitassertionsshouldincludemessage" priority="3">
JUnit assertions should include a message
</violation>
<violation beginline="151" endline="151" begincolumn="9" endcolumn="18" rule="JUnitAssertionsShouldIncludeMessage" ruleset="Best Practices" package="org.junit.rules" class="ClassRulesTest" method="usesFieldAndMethodRule" externalInfoUrl="https://pmd.github.io/pmd/pmd_rules_java_bestpractices.html#junitassertionsshouldincludemessage" priority="3">
JUnit assertions should include a message
</violation>
<violation beginline="165" endline="165" begincolumn="13" endcolumn="24" rule="JUnitAssertionsShouldIncludeMessage" ruleset="Best Practices" package="org.junit.rules" class="ClassRulesTest$MethodExampleTestWithClassRule" method="firstTest" externalInfoUrl="https://pmd.github.io/pmd/pmd_rules_java_bestpractices.html#junitassertionsshouldincludemessage" priority="3">
JUnit assertions should include a message
</violation>
<violation beginline="170" endline="170" begincolumn="13" endcolumn="24" rule="JUnitAssertionsShouldIncludeMessage" ruleset="Best Practices" package="org.junit.rules" class="ClassRulesTest$MethodExampleTestWithClassRule" method="secondTest" externalInfoUrl="https://pmd.github.io/pmd/pmd_rules_java_bestpractices.html#junitassertionsshouldincludemessage" priority="3">
JUnit assertions should include a message
</violation>
<violation beginline="178" endline="178" begincolumn="9" endcolumn="20" rule="JUnitAssertionsShouldIncludeMessage" ruleset="Best Practices" package="org.junit.rules" class="ClassRulesTest" method="methodRuleIsAppliedOnce" externalInfoUrl="https://pmd.github.io/pmd/pmd_rules_java_bestpractices.html#junitassertionsshouldincludemessage" priority="3">
JUnit assertions should include a message
</violation>
<violation beginline="190" endline="190" begincolumn="9" endcolumn="20" rule="JUnitAssertionsShouldIncludeMessage" ruleset="Best Practices" package="org.junit.rules" class="ClassRulesTest" method="methodRuleIsIntroducedAndEvaluatedOnSubclass" externalInfoUrl="https://pmd.github.io/pmd/pmd_rules_java_bestpractices.html#junitassertionsshouldincludemessage" priority="3">
JUnit assertions should include a message
</violation>
<violation beginline="203" endline="203" begincolumn="13" endcolumn="24" rule="JUnitAssertionsShouldIncludeMessage" ruleset="Best Practices" package="org.junit.rules" class="ClassRulesTest$MethodExampleTestWithCustomClassRule" method="firstTest" externalInfoUrl="https://pmd.github.io/pmd/pmd_rules_java_bestpractices.html#junitassertionsshouldincludemessage" priority="3">
JUnit assertions should include a message
</violation>
<violation beginline="208" endline="208" begincolumn="13" endcolumn="24" rule="JUnitAssertionsShouldIncludeMessage" ruleset="Best Practices" package="org.junit.rules" class="ClassRulesTest$MethodExampleTestWithCustomClassRule" method="secondTest" externalInfoUrl="https://pmd.github.io/pmd/pmd_rules_java_bestpractices.html#junitassertionsshouldincludemessage" priority="3">
JUnit assertions should include a message
</violation>
<violation beginline="214" endline="219" begincolumn="12" endcolumn="5" rule="JUnitTestContainsTooManyAsserts" ruleset="Best Practices" package="org.junit.rules" class="ClassRulesTest" method="methodCustomRuleIsAppliedOnce" externalInfoUrl="https://pmd.github.io/pmd/pmd_rules_java_bestpractices.html#junittestcontainstoomanyasserts" priority="3">
Unit tests should not contain more than 1 assert(s).
</violation>
<violation beginline="217" endline="217" begincolumn="9" endcolumn="18" rule="JUnitAssertionsShouldIncludeMessage" ruleset="Best Practices" package="org.junit.rules" class="ClassRulesTest" method="methodCustomRuleIsAppliedOnce" externalInfoUrl="https://pmd.github.io/pmd/pmd_rules_java_bestpractices.html#junitassertionsshouldincludemessage" priority="3">
JUnit assertions should include a message
</violation>
<violation beginline="218" endline="218" begincolumn="9" endcolumn="20" rule="JUnitAssertionsShouldIncludeMessage" ruleset="Best Practices" package="org.junit.rules" class="ClassRulesTest" method="methodCustomRuleIsAppliedOnce" externalInfoUrl="https://pmd.github.io/pmd/pmd_rules_java_bestpractices.html#junitassertionsshouldincludemessage" priority="3">
JUnit assertions should include a message
</violation>
<violation beginline="222" endline="222" begincolumn="20" endcolumn="41" rule="RedundantFieldInitializer" ruleset="Performance" package="org.junit.rules" class="ClassRulesTest$CallMethodOnlyOnceRule" variable="countOfMethodCalls" externalInfoUrl="https://pmd.github.io/pmd/pmd_rules_java_performance.html#redundantfieldinitializer" priority="3">
Avoid using redundant field initializer for 'countOfMethodCalls'
</violation>
<violation beginline="222" endline="222" begincolumn="9" endcolumn="42" rule="DefaultPackage" ruleset="Code Style" package="org.junit.rules" class="ClassRulesTest$CallMethodOnlyOnceRule" externalInfoUrl="https://pmd.github.io/pmd/pmd_rules_java_codestyle.html#defaultpackage" priority="3">
Use explicit scoping instead of the default package private level
</violation>
<violation beginline="243" endline="243" begincolumn="13" endcolumn="24" rule="JUnitAssertionsShouldIncludeMessage" ruleset="Best Practices" package="org.junit.rules" class="ClassRulesTest$CallMethodOnlyOnceRule" method="onlyOnce" externalInfoUrl="https://pmd.github.io/pmd/pmd_rules_java_bestpractices.html#junitassertionsshouldincludemessage" priority="3">
JUnit assertions should include a message
</violation>
<violation beginline="250" endline="250" begincolumn="9" endcolumn="18" rule="JUnitAssertionsShouldIncludeMessage" ruleset="Best Practices" package="org.junit.rules" class="ClassRulesTest" method="testCallMethodOnlyOnceRule" externalInfoUrl="https://pmd.github.io/pmd/pmd_rules_java_bestpractices.html#junitassertionsshouldincludemessage" priority="3">
JUnit assertions should include a message
</violation>
<violation beginline="253" endline="253" begincolumn="26" endcolumn="65" rule="FieldDeclarationsShouldBeAtStartOfClass" ruleset="Code Style" package="org.junit.rules" class="ClassRulesTest" variable="VariableDeclaratorId" externalInfoUrl="https://pmd.github.io/pmd/pmd_rules_java_codestyle.html#fielddeclarationsshouldbeatstartofclass" priority="3">
Fields should be declared at the top of the class, before any method declarations, constructors, initializers or inner classes.
</violation>
<violation beginline="253" endline="253" begincolumn="26" endcolumn="38" rule="AvoidStringBufferField" ruleset="Best Practices" package="org.junit.rules" class="ClassRulesTest" externalInfoUrl="https://pmd.github.io/pmd/pmd_rules_java_bestpractices.html#avoidstringbufferfield" priority="3">
StringBuffers can grow quite a lot, and so may become a source of memory leak (if the owning class has a long life time).
</violation>
<violation beginline="258" endline="260" begincolumn="23" endcolumn="9" rule="ShortMethodName" ruleset="Code Style" package="org.junit.rules" class="ClassRulesTest$ClassRuleOrdering" method="a" externalInfoUrl="https://pmd.github.io/pmd/pmd_rules_java_codestyle.html#shortmethodname" priority="3">
Avoid using short method names
</violation>
<violation beginline="263" endline="265" begincolumn="23" endcolumn="9" rule="ShortMethodName" ruleset="Code Style" package="org.junit.rules" class="ClassRulesTest$ClassRuleOrdering" method="z" externalInfoUrl="https://pmd.github.io/pmd/pmd_rules_java_codestyle.html#shortmethodname" priority="3">
Avoid using short method names
</violation>
<violation beginline="268" endline="270" begincolumn="16" endcolumn="9" rule="JUnitTestsShouldIncludeAssert" ruleset="Best Practices" package="org.junit.rules" class="ClassRulesTest$ClassRuleOrdering" method="foo" externalInfoUrl="https://pmd.github.io/pmd/pmd_rules_java_bestpractices.html#junittestsshouldincludeassert" priority="3">
JUnit tests should include assert() or fail()
</violation>
<violation beginline="273" endline="275" begincolumn="16" endcolumn="9" rule="JUnitTestsShouldIncludeAssert" ruleset="Best Practices" package="org.junit.rules" class="ClassRulesTest$ClassRuleOrdering" method="bar" externalInfoUrl="https://pmd.github.io/pmd/pmd_rules_java_bestpractices.html#junittestsshouldincludeassert" priority="3">
JUnit tests should include assert() or fail()
</violation>
<violation beginline="279" endline="284" begincolumn="12" endcolumn="5" rule="JUnitTestContainsTooManyAsserts" ruleset="Best Practices" package="org.junit.rules" class="ClassRulesTest" method="classRuleOrdering" externalInfoUrl="https://pmd.github.io/pmd/pmd_rules_java_bestpractices.html#junittestcontainstoomanyasserts" priority="3">
Unit tests should not contain more than 1 assert(s).
</violation>
<violation beginline="282" endline="282" begincolumn="9" endcolumn="18" rule="JUnitAssertionsShouldIncludeMessage" ruleset="Best Practices" package="org.junit.rules" class="ClassRulesTest" method="classRuleOrdering" externalInfoUrl="https://pmd.github.io/pmd/pmd_rules_java_bestpractices.html#junitassertionsshouldincludemessage" priority="3">
JUnit assertions should include a message
</violation>
<violation beginline="283" endline="283" begincolumn="9" endcolumn="20" rule="JUnitAssertionsShouldIncludeMessage" ruleset="Best Practices" package="org.junit.rules" class="ClassRulesTest" method="classRuleOrdering" externalInfoUrl="https://pmd.github.io/pmd/pmd_rules_java_bestpractices.html#junitassertionsshouldincludemessage" priority="3">
JUnit assertions should include a message
</violation>
<violation beginline="289" endline="291" begincolumn="23" endcolumn="9" rule="ShortMethodName" ruleset="Code Style" package="org.junit.rules" class="ClassRulesTest$ClassRuleOrderingDefault" method="a" externalInfoUrl="https://pmd.github.io/pmd/pmd_rules_java_codestyle.html#shortmethodname" priority="3">
Avoid using short method names
</violation>
<violation beginline="294" endline="296" begincolumn="23" endcolumn="9" rule="ShortMethodName" ruleset="Code Style" package="org.junit.rules" class="ClassRulesTest$ClassRuleOrderingDefault" method="b" externalInfoUrl="https://pmd.github.io/pmd/pmd_rules_java_codestyle.html#shortmethodname" priority="3">
Avoid using short method names
</violation>
<violation beginline="299" endline="301" begincolumn="16" endcolumn="9" rule="JUnitTestsShouldIncludeAssert" ruleset="Best Practices" package="org.junit.rules" class="ClassRulesTest$ClassRuleOrderingDefault" method="foo" externalInfoUrl="https://pmd.github.io/pmd/pmd_rules_java_bestpractices.html#junittestsshouldincludeassert" priority="3">
JUnit tests should include assert() or fail()
</violation>
<violation beginline="304" endline="306" begincolumn="16" endcolumn="9" rule="JUnitTestsShouldIncludeAssert" ruleset="Best Practices" package="org.junit.rules" class="ClassRulesTest$ClassRuleOrderingDefault" method="bar" externalInfoUrl="https://pmd.github.io/pmd/pmd_rules_java_bestpractices.html#junittestsshouldincludeassert" priority="3">
JUnit tests should include assert() or fail()
</violation>
<violation beginline="310" endline="315" begincolumn="12" endcolumn="5" rule="JUnitTestContainsTooManyAsserts" ruleset="Best Practices" package="org.junit.rules" class="ClassRulesTest" method="classRuleOrderingDefault" externalInfoUrl="https://pmd.github.io/pmd/pmd_rules_java_bestpractices.html#junittestcontainstoomanyasserts" priority="3">
Unit tests should not contain more than 1 assert(s).
</violation>
<violation beginline="313" endline="313" begincolumn="9" endcolumn="18" rule="JUnitAssertionsShouldIncludeMessage" ruleset="Best Practices" package="org.junit.rules" class="ClassRulesTest" method="classRuleOrderingDefault" externalInfoUrl="https://pmd.github.io/pmd/pmd_rules_java_bestpractices.html#junitassertionsshouldincludemessage" priority="3">
JUnit assertions should include a message
</violation>
<violation beginline="314" endline="314" begincolumn="9" endcolumn="20" rule="JUnitAssertionsShouldIncludeMessage" ruleset="Best Practices" package="org.junit.rules" class="ClassRulesTest" method="classRuleOrderingDefault" externalInfoUrl="https://pmd.github.io/pmd/pmd_rules_java_bestpractices.html#junitassertionsshouldincludemessage" priority="3">
JUnit assertions should include a message
</violation>
<violation beginline="333" endline="335" begincolumn="16" endcolumn="9" rule="JUnitTestsShouldIncludeAssert" ruleset="Best Practices" package="org.junit.rules" class="ClassRulesTest$ClassRulesModifiableListEmpty" method="test" externalInfoUrl="https://pmd.github.io/pmd/pmd_rules_java_bestpractices.html#junittestsshouldincludeassert" priority="3">
JUnit tests should include assert() or fail()
</violation>
<violation beginline="339" endline="344" begincolumn="12" endcolumn="5" rule="JUnitTestContainsTooManyAsserts" ruleset="Best Practices" package="org.junit.rules" class="ClassRulesTest" method="classRulesModifiableListEmpty" externalInfoUrl="https://pmd.github.io/pmd/pmd_rules_java_bestpractices.html#junittestcontainstoomanyasserts" priority="3">
Unit tests should not contain more than 1 assert(s).
</violation>
<violation beginline="342" endline="342" begincolumn="9" endcolumn="18" rule="JUnitAssertionsShouldIncludeMessage" ruleset="Best Practices" package="org.junit.rules" class="ClassRulesTest" method="classRulesModifiableListEmpty" externalInfoUrl="https://pmd.github.io/pmd/pmd_rules_java_bestpractices.html#junitassertionsshouldincludemessage" priority="3">
JUnit assertions should include a message
</violation>
<violation beginline="343" endline="343" begincolumn="9" endcolumn="20" rule="JUnitAssertionsShouldIncludeMessage" ruleset="Best Practices" package="org.junit.rules" class="ClassRulesTest" method="classRulesModifiableListEmpty" externalInfoUrl="https://pmd.github.io/pmd/pmd_rules_java_bestpractices.html#junitassertionsshouldincludemessage" priority="3">
JUnit assertions should include a message
</violation>
<violation beginline="354" endline="356" begincolumn="16" endcolumn="9" rule="JUnitTestsShouldIncludeAssert" ruleset="Best Practices" package="org.junit.rules" class="ClassRulesTest$ClassRulesModifiableList" method="test" externalInfoUrl="https://pmd.github.io/pmd/pmd_rules_java_bestpractices.html#junittestsshouldincludeassert" priority="3">
JUnit tests should include assert() or fail()
</violation>
<violation beginline="360" endline="365" begincolumn="12" endcolumn="5" rule="JUnitTestContainsTooManyAsserts" ruleset="Best Practices" package="org.junit.rules" class="ClassRulesTest" method="classRulesModifiableList" externalInfoUrl="https://pmd.github.io/pmd/pmd_rules_java_bestpractices.html#junittestcontainstoomanyasserts" priority="3">
Unit tests should not contain more than 1 assert(s).
</violation>
<violation beginline="363" endline="363" begincolumn="9" endcolumn="18" rule="JUnitAssertionsShouldIncludeMessage" ruleset="Best Practices" package="org.junit.rules" class="ClassRulesTest" method="classRulesModifiableList" externalInfoUrl="https://pmd.github.io/pmd/pmd_rules_java_bestpractices.html#junitassertionsshouldincludemessage" priority="3">
JUnit assertions should include a message
</violation>
<violation beginline="364" endline="364" begincolumn="9" endcolumn="20" rule="JUnitAssertionsShouldIncludeMessage" ruleset="Best Practices" package="org.junit.rules" class="ClassRulesTest" method="classRulesModifiableList" externalInfoUrl="https://pmd.github.io/pmd/pmd_rules_java_bestpractices.html#junitassertionsshouldincludemessage" priority="3">
JUnit assertions should include a message
</violation>
</file>
<file name="C:\Users\Deyan\Downloads\junit4-r4.13.2\src\test\java\org\junit\rules\DisableOnDebugTest.java">
<violation beginline="51" endline="64" begincolumn="28" endcolumn="5" rule="AbstractClassWithoutAbstractMethod" ruleset="Best Practices" package="org.junit.rules" class="DisableOnDebugTest$AbstractDisableOnDebugTest" externalInfoUrl="https://pmd.github.io/pmd/pmd_rules_java_bestpractices.html#abstractclasswithoutabstractmethod" priority="3">
This abstract class does not have any abstract methods
</violation>
<violation beginline="62" endline="63" begincolumn="16" endcolumn="9" rule="EmptyMethodInAbstractClassShouldBeAbstract" ruleset="Code Style" package="org.junit.rules" class="DisableOnDebugTest$AbstractDisableOnDebugTest" method="test" externalInfoUrl="https://pmd.github.io/pmd/pmd_rules_java_codestyle.html#emptymethodinabstractclassshouldbeabstract" priority="1">
An empty method in an abstract class should be abstract instead
</violation>
<violation beginline="62" endline="63" begincolumn="28" endcolumn="9" rule="UncommentedEmptyMethodBody" ruleset="Documentation" package="org.junit.rules" class="DisableOnDebugTest$AbstractDisableOnDebugTest" method="test" externalInfoUrl="https://pmd.github.io/pmd/pmd_rules_java_documentation.html#uncommentedemptymethodbody" priority="3">
Document empty method body
</violation>
<violation beginline="62" endline="63" begincolumn="16" endcolumn="9" rule="JUnitTestsShouldIncludeAssert" ruleset="Best Practices" package="org.junit.rules" class="DisableOnDebugTest$AbstractDisableOnDebugTest" method="test" externalInfoUrl="https://pmd.github.io/pmd/pmd_rules_java_bestpractices.html#junittestsshouldincludeassert" priority="3">
JUnit tests should include assert() or fail()
</violation>
<violation beginline="132" endline="137" begincolumn="12" endcolumn="5" rule="JUnitTestContainsTooManyAsserts" ruleset="Best Practices" package="org.junit.rules" class="DisableOnDebugTest" method="whenRunWithPreJava5DebugArgumentsTestShouldFail" externalInfoUrl="https://pmd.github.io/pmd/pmd_rules_java_bestpractices.html#junittestcontainstoomanyasserts" priority="3">
Unit tests should not contain more than 1 assert(s).
</violation>
<violation beginline="135" endline="135" begincolumn="22" endcolumn="42" rule="AvoidDuplicateLiterals" ruleset="Error Prone" package="org.junit.rules" class="DisableOnDebugTest" method="whenRunWithPreJava5DebugArgumentsTestShouldFail" externalInfoUrl="https://pmd.github.io/pmd/pmd_rules_java_errorprone.html#avoidduplicateliterals" priority="3">
The String literal "Should run the test" appears 4 times in this file; the first occurrence is on line 135
</violation>
<violation beginline="140" endline="146" begincolumn="12" endcolumn="5" rule="JUnitTestContainsTooManyAsserts" ruleset="Best Practices" package="org.junit.rules" class="DisableOnDebugTest" method="whenRunWithPreJava5DebugArgumentsInReverseOrderTestShouldFail" externalInfoUrl="https://pmd.github.io/pmd/pmd_rules_java_bestpractices.html#junittestcontainstoomanyasserts" priority="3">
Unit tests should not contain more than 1 assert(s).
</violation>
<violation beginline="149" endline="154" begincolumn="12" endcolumn="5" rule="JUnitTestContainsTooManyAsserts" ruleset="Best Practices" package="org.junit.rules" class="DisableOnDebugTest" method="whenRunWithPostJava5DebugArgumentsTestShouldFail" externalInfoUrl="https://pmd.github.io/pmd/pmd_rules_java_bestpractices.html#junittestcontainstoomanyasserts" priority="3">
Unit tests should not contain more than 1 assert(s).
</violation>
<violation beginline="157" endline="162" begincolumn="12" endcolumn="5" rule="JUnitTestContainsTooManyAsserts" ruleset="Best Practices" package="org.junit.rules" class="DisableOnDebugTest" method="whenRunWithoutDebugFlagsTestShouldPass" externalInfoUrl="https://pmd.github.io/pmd/pmd_rules_java_bestpractices.html#junittestcontainstoomanyasserts" priority="3">
Unit tests should not contain more than 1 assert(s).
</violation>
</file>
<file name="C:\Users\Deyan\Downloads\junit4-r4.13.2\src\test\java\org\junit\rules\ErrorCollectorTest.java">
<violation beginline="1" endline="327" begincolumn="1" endcolumn="2" rule="TooManyStaticImports" ruleset="Code Style" package="org.junit.rules" class="ErrorCollectorTest" externalInfoUrl="https://pmd.github.io/pmd/pmd_rules_java_codestyle.html#toomanystaticimports" priority="3">
Too many static imports may lead to messy code
</violation>
<violation beginline="24" endline="24" begincolumn="1" endcolumn="47" rule="UnusedImports" ruleset="Best Practices" package="org.junit.rules" class="ErrorCollectorTest" externalInfoUrl="https://pmd.github.io/pmd/pmd_rules_java_bestpractices.html#unusedimports" priority="4">
Avoid unused imports such as 'org.junit.rules.EventCollector'
</violation>
<violation beginline="34" endline="34" begincolumn="53" endcolumn="61" rule="AvoidDuplicateLiterals" ruleset="Error Prone" package="org.junit.rules" class="ErrorCollectorTest" method="testsWithEventMatcher" externalInfoUrl="https://pmd.github.io/pmd/pmd_rules_java_errorprone.html#avoidduplicateliterals" priority="3">
The String literal "message" appears 4 times in this file; the first occurrence is on line 34
</violation>
<violation beginline="95" endline="95" begincolumn="12" endcolumn="35" rule="FieldDeclarationsShouldBeAtStartOfClass" ruleset="Code Style" package="org.junit.rules" class="ErrorCollectorTest" variable="VariableDeclaratorId" externalInfoUrl="https://pmd.github.io/pmd/pmd_rules_java_codestyle.html#fielddeclarationsshouldbeatstartofclass" priority="3">
Fields should be declared at the top of the class, before any method declarations, constructors, initializers or inner classes.
</violation>
<violation beginline="98" endline="98" begincolumn="12" endcolumn="43" rule="FieldDeclarationsShouldBeAtStartOfClass" ruleset="Code Style" package="org.junit.rules" class="ErrorCollectorTest" variable="VariableDeclaratorId" externalInfoUrl="https://pmd.github.io/pmd/pmd_rules_java_codestyle.html#fielddeclarationsshouldbeatstartofclass" priority="3">
Fields should be declared at the top of the class, before any method declarations, constructors, initializers or inner classes.
</violation>
<violation beginline="106" endline="106" begincolumn="9" endcolumn="18" rule="JUnitAssertionsShouldIncludeMessage" ruleset="Best Practices" package="org.junit.rules" class="ErrorCollectorTest" method="runTestClassAndVerifyEvents" externalInfoUrl="https://pmd.github.io/pmd/pmd_rules_java_bestpractices.html#junitassertionsshouldincludemessage" priority="3">
JUnit assertions should include a message
</violation>
<violation beginline="114" endline="116" begincolumn="16" endcolumn="9" rule="JUnitTestsShouldIncludeAssert" ruleset="Best Practices" package="org.junit.rules" class="ErrorCollectorTest$AddSingleError" method="example" externalInfoUrl="https://pmd.github.io/pmd/pmd_rules_java_bestpractices.html#junittestsshouldincludeassert" priority="3">
JUnit tests should include assert() or fail()
</violation>
<violation beginline="124" endline="127" begincolumn="16" endcolumn="9" rule="JUnitTestsShouldIncludeAssert" ruleset="Best Practices" package="org.junit.rules" class="ErrorCollectorTest$AddTwoErrors" method="example" externalInfoUrl="https://pmd.github.io/pmd/pmd_rules_java_bestpractices.html#junittestsshouldincludeassert" priority="3">
JUnit tests should include assert() or fail()
</violation>
<violation beginline="135" endline="137" begincolumn="16" endcolumn="9" rule="JUnitTestsShouldIncludeAssert" ruleset="Best Practices" package="org.junit.rules" class="ErrorCollectorTest$AddInternalAssumptionViolatedException" method="example" externalInfoUrl="https://pmd.github.io/pmd/pmd_rules_java_bestpractices.html#junittestsshouldincludeassert" priority="3">
JUnit tests should include assert() or fail()
</violation>
<violation beginline="145" endline="147" begincolumn="16" endcolumn="9" rule="JUnitTestsShouldIncludeAssert" ruleset="Best Practices" package="org.junit.rules" class="ErrorCollectorTest$CheckMatcherThatDoesNotFailWithProvidedReason" method="example" externalInfoUrl="https://pmd.github.io/pmd/pmd_rules_java_bestpractices.html#junittestsshouldincludeassert" priority="3">
JUnit tests should include assert() or fail()
</violation>
<violation beginline="155" endline="157" begincolumn="16" endcolumn="9" rule="JUnitTestsShouldIncludeAssert" ruleset="Best Practices" package="org.junit.rules" class="ErrorCollectorTest$CheckMatcherThatDoesNotFailWithoutProvidedReason" method="example" externalInfoUrl="https://pmd.github.io/pmd/pmd_rules_java_bestpractices.html#junittestsshouldincludeassert" priority="3">
JUnit tests should include assert() or fail()
</violation>
<violation beginline="165" endline="167" begincolumn="16" endcolumn="9" rule="JUnitTestsShouldIncludeAssert" ruleset="Best Practices" package="org.junit.rules" class="ErrorCollectorTest$CheckMatcherThatFailsWithoutProvidedReason" method="example" externalInfoUrl="https://pmd.github.io/pmd/pmd_rules_java_bestpractices.html#junittestsshouldincludeassert" priority="3">
JUnit tests should include assert() or fail()
</violation>
<violation beginline="175" endline="177" begincolumn="16" endcolumn="9" rule="JUnitTestsShouldIncludeAssert" ruleset="Best Practices" package="org.junit.rules" class="ErrorCollectorTest$CheckMatcherThatFailsWithProvidedReason" method="example" externalInfoUrl="https://pmd.github.io/pmd/pmd_rules_java_bestpractices.html#junittestsshouldincludeassert" priority="3">
JUnit tests should include assert() or fail()
</violation>
<violation beginline="185" endline="188" begincolumn="16" endcolumn="9" rule="JUnitTestsShouldIncludeAssert" ruleset="Best Practices" package="org.junit.rules" class="ErrorCollectorTest$CheckTwoMatchersThatFail" method="example" externalInfoUrl="https://pmd.github.io/pmd/pmd_rules_java_bestpractices.html#junittestsshouldincludeassert" priority="3">
JUnit tests should include assert() or fail()
</violation>
<violation beginline="196" endline="202" begincolumn="16" endcolumn="9" rule="JUnitTestsShouldIncludeAssert" ruleset="Best Practices" package="org.junit.rules" class="ErrorCollectorTest$CheckCallableThatThrowsAnException" method="example" externalInfoUrl="https://pmd.github.io/pmd/pmd_rules_java_bestpractices.html#junittestsshouldincludeassert" priority="3">
JUnit tests should include assert() or fail()
</violation>
<violation beginline="198" endline="198" begincolumn="45" endcolumn="53" rule="SignatureDeclareThrowsException" ruleset="Design" package="org.junit.rules" class="ErrorCollectorTest$CheckCallableThatThrowsAnException" method="call" externalInfoUrl="https://pmd.github.io/pmd/pmd_rules_java_design.html#signaturedeclarethrowsexception" priority="3">
A method/constructor should not explicitly throw java.lang.Exception
</violation>
<violation beginline="199" endline="199" begincolumn="31" endcolumn="46" rule="AvoidThrowingRawExceptionTypes" ruleset="Design" package="org.junit.rules" class="ErrorCollectorTest$CheckCallableThatThrowsAnException" method="call" externalInfoUrl="https://pmd.github.io/pmd/pmd_rules_java_design.html#avoidthrowingrawexceptiontypes" priority="1">
Avoid throwing raw exception types.
</violation>
<violation beginline="210" endline="221" begincolumn="16" endcolumn="9" rule="JUnitTestsShouldIncludeAssert" ruleset="Best Practices" package="org.junit.rules" class="ErrorCollectorTest$CheckTwoCallablesThatThrowExceptions" method="example" externalInfoUrl="https://pmd.github.io/pmd/pmd_rules_java_bestpractices.html#junittestsshouldincludeassert" priority="3">
JUnit tests should include assert() or fail()
</violation>
<violation beginline="212" endline="212" begincolumn="45" endcolumn="53" rule="SignatureDeclareThrowsException" ruleset="Design" package="org.junit.rules" class="ErrorCollectorTest$CheckTwoCallablesThatThrowExceptions" method="call" externalInfoUrl="https://pmd.github.io/pmd/pmd_rules_java_design.html#signaturedeclarethrowsexception" priority="3">
A method/constructor should not explicitly throw java.lang.Exception
</violation>
<violation beginline="213" endline="213" begincolumn="31" endcolumn="46" rule="AvoidThrowingRawExceptionTypes" ruleset="Design" package="org.junit.rules" class="ErrorCollectorTest$CheckTwoCallablesThatThrowExceptions" method="call" externalInfoUrl="https://pmd.github.io/pmd/pmd_rules_java_design.html#avoidthrowingrawexceptiontypes" priority="1">
Avoid throwing raw exception types.
</violation>
<violation beginline="217" endline="217" begincolumn="46" endcolumn="54" rule="SignatureDeclareThrowsException" ruleset="Design" package="org.junit.rules" class="ErrorCollectorTest$CheckTwoCallablesThatThrowExceptions" method="call" externalInfoUrl="https://pmd.github.io/pmd/pmd_rules_java_design.html#signaturedeclarethrowsexception" priority="3">
A method/constructor should not explicitly throw java.lang.Exception
</violation>
<violation beginline="218" endline="218" begincolumn="31" endcolumn="46" rule="AvoidThrowingRawExceptionTypes" ruleset="Design" package="org.junit.rules" class="ErrorCollectorTest$CheckTwoCallablesThatThrowExceptions" method="call" externalInfoUrl="https://pmd.github.io/pmd/pmd_rules_java_design.html#avoidthrowingrawexceptiontypes" priority="1">
Avoid throwing raw exception types.
</violation>
<violation beginline="229" endline="235" begincolumn="16" endcolumn="9" rule="JUnitTestsShouldIncludeAssert" ruleset="Best Practices" package="org.junit.rules" class="ErrorCollectorTest$CheckCallableThatThrowsInternalAssumptionViolatedException" method="example" externalInfoUrl="https://pmd.github.io/pmd/pmd_rules_java_bestpractices.html#junittestsshouldincludeassert" priority="3">
JUnit tests should include assert() or fail()
</violation>
<violation beginline="231" endline="231" begincolumn="45" endcolumn="53" rule="SignatureDeclareThrowsException" ruleset="Design" package="org.junit.rules" class="ErrorCollectorTest$CheckCallableThatThrowsInternalAssumptionViolatedException" method="call" externalInfoUrl="https://pmd.github.io/pmd/pmd_rules_java_design.html#signaturedeclarethrowsexception" priority="3">
A method/constructor should not explicitly throw java.lang.Exception
</violation>
<violation beginline="243" endline="250" begincolumn="16" endcolumn="9" rule="JUnitTestsShouldIncludeAssert" ruleset="Best Practices" package="org.junit.rules" class="ErrorCollectorTest$CheckCallableWithFailingAssumption" method="example" externalInfoUrl="https://pmd.github.io/pmd/pmd_rules_java_bestpractices.html#junittestsshouldincludeassert" priority="3">
JUnit tests should include assert() or fail()
</violation>
<violation beginline="245" endline="245" begincolumn="45" endcolumn="53" rule="SignatureDeclareThrowsException" ruleset="Design" package="org.junit.rules" class="ErrorCollectorTest$CheckCallableWithFailingAssumption" method="call" externalInfoUrl="https://pmd.github.io/pmd/pmd_rules_java_design.html#signaturedeclarethrowsexception" priority="3">
A method/constructor should not explicitly throw java.lang.Exception
</violation>
<violation beginline="260" endline="260" begincolumn="45" endcolumn="53" rule="SignatureDeclareThrowsException" ruleset="Design" package="org.junit.rules" class="ErrorCollectorTest$CheckCallableThatDoesNotThrowAnException" method="call" externalInfoUrl="https://pmd.github.io/pmd/pmd_rules_java_design.html#signaturedeclarethrowsexception" priority="3">
A method/constructor should not explicitly throw java.lang.Exception
</violation>
<violation beginline="264" endline="264" begincolumn="13" endcolumn="24" rule="JUnitAssertionsShouldIncludeMessage" ruleset="Best Practices" package="org.junit.rules" class="ErrorCollectorTest$CheckCallableThatDoesNotThrowAnException" method="example" externalInfoUrl="https://pmd.github.io/pmd/pmd_rules_java_bestpractices.html#junitassertionsshouldincludemessage" priority="3">
JUnit assertions should include a message
</violation>
<violation beginline="273" endline="279" begincolumn="16" endcolumn="9" rule="JUnitTestsShouldIncludeAssert" ruleset="Best Practices" package="org.junit.rules" class="ErrorCollectorTest$CheckRunnableThatThrowsExpectedTypeOfException" method="example" externalInfoUrl="https://pmd.github.io/pmd/pmd_rules_java_bestpractices.html#junittestsshouldincludeassert" priority="3">
JUnit tests should include assert() or fail()
</violation>
<violation beginline="287" endline="293" begincolumn="16" endcolumn="9" rule="JUnitTestsShouldIncludeAssert" ruleset="Best Practices" package="org.junit.rules" class="ErrorCollectorTest$CheckRunnableThatThrowsUnexpectedTypeOfException" method="example" externalInfoUrl="https://pmd.github.io/pmd/pmd_rules_java_bestpractices.html#junittestsshouldincludeassert" priority="3">
JUnit tests should include assert() or fail()
</violation>
<violation beginline="290" endline="290" begincolumn="21" endcolumn="53" rule="AvoidThrowingNullPointerException" ruleset="Design" package="org.junit.rules" class="ErrorCollectorTest$CheckRunnableThatThrowsUnexpectedTypeOfException" method="run" externalInfoUrl="https://pmd.github.io/pmd/pmd_rules_java_design.html#avoidthrowingnullpointerexception" priority="1">
Avoid throwing null pointer exceptions.
</violation>
<violation beginline="301" endline="306" begincolumn="16" endcolumn="9" rule="JUnitTestsShouldIncludeAssert" ruleset="Best Practices" package="org.junit.rules" class="ErrorCollectorTest$CheckRunnableThatThrowsNoExceptionAlthoughOneIsExpected" method="example" externalInfoUrl="https://pmd.github.io/pmd/pmd_rules_java_bestpractices.html#junittestsshouldincludeassert" priority="3">
JUnit tests should include assert() or fail()
</violation>
<violation beginline="303" endline="304" begincolumn="52" endcolumn="17" rule="UncommentedEmptyMethodBody" ruleset="Documentation" package="org.junit.rules" class="ErrorCollectorTest$CheckRunnableThatThrowsNoExceptionAlthoughOneIsExpected" method="run" externalInfoUrl="https://pmd.github.io/pmd/pmd_rules_java_documentation.html#uncommentedemptymethodbody" priority="3">
Document empty method body
</violation>
<violation beginline="314" endline="315" begincolumn="31" endcolumn="9" rule="UncommentedEmptyMethodBody" ruleset="Documentation" package="org.junit.rules" class="ErrorCollectorTest$ErrorCollectorNotCalledBySuccessfulTest" method="example" externalInfoUrl="https://pmd.github.io/pmd/pmd_rules_java_documentation.html#uncommentedemptymethodbody" priority="3">
Document empty method body
</violation>
<violation beginline="314" endline="315" begincolumn="16" endcolumn="9" rule="JUnitTestsShouldIncludeAssert" ruleset="Best Practices" package="org.junit.rules" class="ErrorCollectorTest$ErrorCollectorNotCalledBySuccessfulTest" method="example" externalInfoUrl="https://pmd.github.io/pmd/pmd_rules_java_bestpractices.html#junittestsshouldincludeassert" priority="3">
JUnit tests should include assert() or fail()
</violation>
<violation beginline="324" endline="324" begincolumn="13" endcolumn="16" rule="JUnitAssertionsShouldIncludeMessage" ruleset="Best Practices" package="org.junit.rules" class="ErrorCollectorTest$ErrorCollectorNotCalledByFailingTest" method="example" externalInfoUrl="https://pmd.github.io/pmd/pmd_rules_java_bestpractices.html#junitassertionsshouldincludemessage" priority="3">
JUnit assertions should include a message
</violation>
</file>
<file name="C:\Users\Deyan\Downloads\junit4-r4.13.2\src\test\java\org\junit\rules\EventCollector.java">
<violation beginline="17" endline="19" begincolumn="5" endcolumn="5" rule="DefaultPackage" ruleset="Code Style" package="org.junit.rules" class="EventCollector" externalInfoUrl="https://pmd.github.io/pmd/pmd_rules_java_codestyle.html#defaultpackage" priority="3">
Use explicit scoping instead of the default package private level
</violation>
<violation beginline="21" endline="42" begincolumn="5" endcolumn="5" rule="DefaultPackage" ruleset="Code Style" package="org.junit.rules" class="EventCollector" externalInfoUrl="https://pmd.github.io/pmd/pmd_rules_java_codestyle.html#defaultpackage" priority="3">
Use explicit scoping instead of the default package private level
</violation>
<violation beginline="44" endline="46" begincolumn="5" endcolumn="5" rule="DefaultPackage" ruleset="Code Style" package="org.junit.rules" class="EventCollector" externalInfoUrl="https://pmd.github.io/pmd/pmd_rules_java_codestyle.html#defaultpackage" priority="3">
Use explicit scoping instead of the default package private level
</violation>
<violation beginline="48" endline="50" begincolumn="5" endcolumn="5" rule="DefaultPackage" ruleset="Code Style" package="org.junit.rules" class="EventCollector" externalInfoUrl="https://pmd.github.io/pmd/pmd_rules_java_codestyle.html#defaultpackage" priority="3">
Use explicit scoping instead of the default package private level
</violation>
<violation beginline="68" endline="70" begincolumn="5" endcolumn="5" rule="DefaultPackage" ruleset="Code Style" package="org.junit.rules" class="EventCollector" externalInfoUrl="https://pmd.github.io/pmd/pmd_rules_java_codestyle.html#defaultpackage" priority="3">
Use explicit scoping instead of the default package private level
</violation>
<violation beginline="72" endline="74" begincolumn="5" endcolumn="5" rule="DefaultPackage" ruleset="Code Style" package="org.junit.rules" class="EventCollector" externalInfoUrl="https://pmd.github.io/pmd/pmd_rules_java_codestyle.html#defaultpackage" priority="3">
Use explicit scoping instead of the default package private level
</violation>
<violation beginline="80" endline="113" begincolumn="5" endcolumn="5" rule="DefaultPackage" ruleset="Code Style" package="org.junit.rules" class="EventCollector" externalInfoUrl="https://pmd.github.io/pmd/pmd_rules_java_codestyle.html#defaultpackage" priority="3">
Use explicit scoping instead of the default package private level
</violation>
<violation beginline="115" endline="130" begincolumn="5" endcolumn="5" rule="DefaultPackage" ruleset="Code Style" package="org.junit.rules" class="EventCollector" externalInfoUrl="https://pmd.github.io/pmd/pmd_rules_java_codestyle.html#defaultpackage" priority="3">
Use explicit scoping instead of the default package private level
</violation>
<violation beginline="120" endline="120" begincolumn="21" endcolumn="70" rule="AvoidBranchingStatementAsLastInLoop" ruleset="Error Prone" package="org.junit.rules" class="EventCollector" method="matchesSafely" externalInfoUrl="https://pmd.github.io/pmd/pmd_rules_java_errorprone.html#avoidbranchingstatementaslastinloop" priority="2">
Avoid using a branching statement as the last in a loop.
</violation>
<violation beginline="132" endline="132" begincolumn="56" endcolumn="83" rule="UseDiamondOperator" ruleset="Code Style" package="org.junit.rules" class="EventCollector" externalInfoUrl="https://pmd.github.io/pmd/pmd_rules_java_codestyle.html#usediamondoperator" priority="3">
Explicit type arguments can be replaced by Diamond Operator
</violation>
<violation beginline="132" endline="132" begincolumn="19" endcolumn="84" rule="FieldDeclarationsShouldBeAtStartOfClass" ruleset="Code Style" package="org.junit.rules" class="EventCollector" variable="VariableDeclaratorId" externalInfoUrl="https://pmd.github.io/pmd/pmd_rules_java_codestyle.html#fielddeclarationsshouldbeatstartofclass" priority="3">
Fields should be declared at the top of the class, before any method declarations, constructors, initializers or inner classes.
</violation>
<violation beginline="134" endline="134" begincolumn="52" endcolumn="74" rule="UseDiamondOperator" ruleset="Code Style" package="org.junit.rules" class="EventCollector" externalInfoUrl="https://pmd.github.io/pmd/pmd_rules_java_codestyle.html#usediamondoperator" priority="3">
Explicit type arguments can be replaced by Diamond Operator
</violation>
<violation beginline="134" endline="134" begincolumn="19" endcolumn="75" rule="FieldDeclarationsShouldBeAtStartOfClass" ruleset="Code Style" package="org.junit.rules" class="EventCollector" variable="VariableDeclaratorId" externalInfoUrl="https://pmd.github.io/pmd/pmd_rules_java_codestyle.html#fielddeclarationsshouldbeatstartofclass" priority="3">
Fields should be declared at the top of the class, before any method declarations, constructors, initializers or inner classes.
</violation>
<violation beginline="136" endline="136" begincolumn="53" endcolumn="80" rule="UseDiamondOperator" ruleset="Code Style" package="org.junit.rules" class="EventCollector" externalInfoUrl="https://pmd.github.io/pmd/pmd_rules_java_codestyle.html#usediamondoperator" priority="3">
Explicit type arguments can be replaced by Diamond Operator
</violation>
<violation beginline="136" endline="136" begincolumn="19" endcolumn="81" rule="FieldDeclarationsShouldBeAtStartOfClass" ruleset="Code Style" package="org.junit.rules" class="EventCollector" variable="VariableDeclaratorId" externalInfoUrl="https://pmd.github.io/pmd/pmd_rules_java_codestyle.html#fielddeclarationsshouldbeatstartofclass" priority="3">
Fields should be declared at the top of the class, before any method declarations, constructors, initializers or inner classes.
</violation>
<violation beginline="138" endline="138" begincolumn="54" endcolumn="81" rule="UseDiamondOperator" ruleset="Code Style" package="org.junit.rules" class="EventCollector" externalInfoUrl="https://pmd.github.io/pmd/pmd_rules_java_codestyle.html#usediamondoperator" priority="3">
Explicit type arguments can be replaced by Diamond Operator
</violation>
<violation beginline="138" endline="138" begincolumn="19" endcolumn="82" rule="FieldDeclarationsShouldBeAtStartOfClass" ruleset="Code Style" package="org.junit.rules" class="EventCollector" variable="VariableDeclaratorId" externalInfoUrl="https://pmd.github.io/pmd/pmd_rules_java_codestyle.html#fielddeclarationsshouldbeatstartofclass" priority="3">
Fields should be declared at the top of the class, before any method declarations, constructors, initializers or inner classes.
</violation>
<violation beginline="140" endline="140" begincolumn="45" endcolumn="68" rule="UseDiamondOperator" ruleset="Code Style" package="org.junit.rules" class="EventCollector" externalInfoUrl="https://pmd.github.io/pmd/pmd_rules_java_codestyle.html#usediamondoperator" priority="3">
Explicit type arguments can be replaced by Diamond Operator
</violation>
<violation beginline="140" endline="140" begincolumn="19" endcolumn="69" rule="FieldDeclarationsShouldBeAtStartOfClass" ruleset="Code Style" package="org.junit.rules" class="EventCollector" variable="VariableDeclaratorId" externalInfoUrl="https://pmd.github.io/pmd/pmd_rules_java_codestyle.html#fielddeclarationsshouldbeatstartofclass" priority="3">
Fields should be declared at the top of the class, before any method declarations, constructors, initializers or inner classes.
</violation>
<violation beginline="142" endline="142" begincolumn="55" endcolumn="78" rule="UseDiamondOperator" ruleset="Code Style" package="org.junit.rules" class="EventCollector" externalInfoUrl="https://pmd.github.io/pmd/pmd_rules_java_codestyle.html#usediamondoperator" priority="3">
Explicit type arguments can be replaced by Diamond Operator
</violation>
<violation beginline="142" endline="142" begincolumn="19" endcolumn="79" rule="FieldDeclarationsShouldBeAtStartOfClass" ruleset="Code Style" package="org.junit.rules" class="EventCollector" variable="VariableDeclaratorId" externalInfoUrl="https://pmd.github.io/pmd/pmd_rules_java_codestyle.html#fielddeclarationsshouldbeatstartofclass" priority="3">
Fields should be declared at the top of the class, before any method declarations, constructors, initializers or inner classes.
</violation>
<violation beginline="144" endline="144" begincolumn="53" endcolumn="80" rule="UseDiamondOperator" ruleset="Code Style" package="org.junit.rules" class="EventCollector" externalInfoUrl="https://pmd.github.io/pmd/pmd_rules_java_codestyle.html#usediamondoperator" priority="3">
Explicit type arguments can be replaced by Diamond Operator
</violation>
<violation beginline="144" endline="144" begincolumn="19" endcolumn="81" rule="FieldDeclarationsShouldBeAtStartOfClass" ruleset="Code Style" package="org.junit.rules" class="EventCollector" variable="VariableDeclaratorId" externalInfoUrl="https://pmd.github.io/pmd/pmd_rules_java_codestyle.html#fielddeclarationsshouldbeatstartofclass" priority="3">
Fields should be declared at the top of the class, before any method declarations, constructors, initializers or inner classes.
</violation>
</file>
<file name="C:\Users\Deyan\Downloads\junit4-r4.13.2\src\test\java\org\junit\rules\ExpectedExceptionTest.java">
<violation beginline="1" endline="386" begincolumn="1" endcolumn="1" rule="TooManyStaticImports" ruleset="Code Style" package="org.junit.rules" class="ExpectedExceptionTest" externalInfoUrl="https://pmd.github.io/pmd/pmd_rules_java_codestyle.html#toomanystaticimports" priority="3">
Too many static imports may lead to messy code
</violation>
<violation beginline="96" endline="96" begincolumn="19" endcolumn="42" rule="FieldDeclarationsShouldBeAtStartOfClass" ruleset="Code Style" package="org.junit.rules" class="ExpectedExceptionTest" variable="VariableDeclaratorId" externalInfoUrl="https://pmd.github.io/pmd/pmd_rules_java_codestyle.html#fielddeclarationsshouldbeatstartofclass" priority="3">
Fields should be declared at the top of the class, before any method declarations, constructors, initializers or inner classes.
</violation>
<violation beginline="98" endline="98" begincolumn="19" endcolumn="50" rule="FieldDeclarationsShouldBeAtStartOfClass" ruleset="Code Style" package="org.junit.rules" class="ExpectedExceptionTest" variable="VariableDeclaratorId" externalInfoUrl="https://pmd.github.io/pmd/pmd_rules_java_codestyle.html#fielddeclarationsshouldbeatstartofclass" priority="3">
Fields should be declared at the top of the class, before any method declarations, constructors, initializers or inner classes.
</violation>
<violation beginline="112" endline="112" begincolumn="9" endcolumn="18" rule="JUnitAssertionsShouldIncludeMessage" ruleset="Best Practices" package="org.junit.rules" class="ExpectedExceptionTest" method="runTestAndVerifyResult" externalInfoUrl="https://pmd.github.io/pmd/pmd_rules_java_bestpractices.html#junitassertionsshouldincludemessage" priority="3">
JUnit assertions should include a message
</violation>
<violation beginline="120" endline="121" begincolumn="37" endcolumn="9" rule="UncommentedEmptyMethodBody" ruleset="Documentation" package="org.junit.rules" class="ExpectedExceptionTest$EmptyTestExpectingNoException" method="throwsNothing" externalInfoUrl="https://pmd.github.io/pmd/pmd_rules_java_documentation.html#uncommentedemptymethodbody" priority="3">
Document empty method body
</violation>
<violation beginline="120" endline="121" begincolumn="16" endcolumn="9" rule="JUnitTestsShouldIncludeAssert" ruleset="Best Practices" package="org.junit.rules" class="ExpectedExceptionTest$EmptyTestExpectingNoException" method="throwsNothing" externalInfoUrl="https://pmd.github.io/pmd/pmd_rules_java_bestpractices.html#junittestsshouldincludeassert" priority="3">
JUnit tests should include assert() or fail()
</violation>
<violation beginline="131" endline="131" begincolumn="13" endcolumn="45" rule="AvoidThrowingNullPointerException" ruleset="Design" package="org.junit.rules" class="ExpectedExceptionTest$ThrowExceptionWithExpectedType" method="throwsNullPointerException" externalInfoUrl="https://pmd.github.io/pmd/pmd_rules_java_design.html#avoidthrowingnullpointerexception" priority="1">
Avoid throwing null pointer exceptions.
</violation>
<violation beginline="143" endline="143" begincolumn="13" endcolumn="81" rule="AvoidThrowingNullPointerException" ruleset="Design" package="org.junit.rules" class="ExpectedExceptionTest$ThrowExceptionWithExpectedPartOfMessage" method="throwsNullPointerExceptionWithMessage" externalInfoUrl="https://pmd.github.io/pmd/pmd_rules_java_design.html#avoidthrowingnullpointerexception" priority="1">
Avoid throwing null pointer exceptions.
</violation>
<violation beginline="163" endline="166" begincolumn="16" endcolumn="9" rule="JUnitTestsShouldIncludeAssert" ruleset="Best Practices" package="org.junit.rules" class="ExpectedExceptionTest$HasWrongMessage" method="throwsNullPointerException" externalInfoUrl="https://pmd.github.io/pmd/pmd_rules_java_bestpractices.html#junittestsshouldincludeassert" priority="3">
JUnit tests should include assert() or fail()
</violation>
<violation beginline="184" endline="186" begincolumn="16" endcolumn="9" rule="JUnitTestsShouldIncludeAssert" ruleset="Best Practices" package="org.junit.rules" class="ExpectedExceptionTest$WronglyExpectsExceptionMessage" method="doesntThrowAnything" externalInfoUrl="https://pmd.github.io/pmd/pmd_rules_java_bestpractices.html#junittestsshouldincludeassert" priority="3">
JUnit tests should include assert() or fail()
</violation>
<violation beginline="194" endline="198" begincolumn="16" endcolumn="9" rule="JUnitTestsShouldIncludeAssert" ruleset="Best Practices" package="org.junit.rules" class="ExpectedExceptionTest$ExpectsSubstring" method="throwsMore" externalInfoUrl="https://pmd.github.io/pmd/pmd_rules_java_bestpractices.html#junittestsshouldincludeassert" priority="3">
JUnit tests should include assert() or fail()
</violation>
<violation beginline="196" endline="197" begincolumn="13" endcolumn="90" rule="AvoidThrowingNullPointerException" ruleset="Design" package="org.junit.rules" class="ExpectedExceptionTest$ExpectsSubstring" method="throwsMore" externalInfoUrl="https://pmd.github.io/pmd/pmd_rules_java_design.html#avoidthrowingnullpointerexception" priority="1">
Avoid throwing null pointer exceptions.
</violation>
<violation beginline="206" endline="209" begincolumn="16" endcolumn="9" rule="JUnitTestsShouldIncludeAssert" ruleset="Best Practices" package="org.junit.rules" class="ExpectedExceptionTest$ExpectsSubstringNullMessage" method="throwsMore" externalInfoUrl="https://pmd.github.io/pmd/pmd_rules_java_bestpractices.html#junittestsshouldincludeassert" priority="3">
JUnit tests should include assert() or fail()
</violation>
<violation beginline="208" endline="208" begincolumn="13" endcolumn="45" rule="AvoidThrowingNullPointerException" ruleset="Design" package="org.junit.rules" class="ExpectedExceptionTest$ExpectsSubstringNullMessage" method="throwsMore" externalInfoUrl="https://pmd.github.io/pmd/pmd_rules_java_design.html#avoidthrowingnullpointerexception" priority="1">
Avoid throwing null pointer exceptions.
</violation>
<violation beginline="217" endline="220" begincolumn="16" endcolumn="9" rule="JUnitTestsShouldIncludeAssert" ruleset="Best Practices" package="org.junit.rules" class="ExpectedExceptionTest$ExpectsMessageMatcher" method="throwsMore" externalInfoUrl="https://pmd.github.io/pmd/pmd_rules_java_bestpractices.html#junittestsshouldincludeassert" priority="3">
JUnit tests should include assert() or fail()
</violation>
<violation beginline="219" endline="219" begincolumn="13" endcolumn="68" rule="AvoidThrowingNullPointerException" ruleset="Design" package="org.junit.rules" class="ExpectedExceptionTest$ExpectsMessageMatcher" method="throwsMore" externalInfoUrl="https://pmd.github.io/pmd/pmd_rules_java_design.html#avoidthrowingnullpointerexception" priority="1">
Avoid throwing null pointer exceptions.
</violation>
<violation beginline="228" endline="231" begincolumn="16" endcolumn="9" rule="JUnitTestsShouldIncludeAssert" ruleset="Best Practices" package="org.junit.rules" class="ExpectedExceptionTest$ExpectedMessageMatcherFails" method="throwsMore" externalInfoUrl="https://pmd.github.io/pmd/pmd_rules_java_bestpractices.html#junittestsshouldincludeassert" priority="3">
JUnit tests should include assert() or fail()
</violation>
<violation beginline="230" endline="230" begincolumn="13" endcolumn="52" rule="AvoidThrowingNullPointerException" ruleset="Design" package="org.junit.rules" class="ExpectedExceptionTest$ExpectedMessageMatcherFails" method="throwsMore" externalInfoUrl="https://pmd.github.io/pmd/pmd_rules_java_design.html#avoidthrowingnullpointerexception" priority="1">
Avoid throwing null pointer exceptions.
</violation>
<violation beginline="241" endline="241" begincolumn="13" endcolumn="51" rule="AvoidThrowingNullPointerException" ruleset="Design" package="org.junit.rules" class="ExpectedExceptionTest$ExpectsMatcher" method="throwsMore" externalInfoUrl="https://pmd.github.io/pmd/pmd_rules_java_design.html#avoidthrowingnullpointerexception" priority="1">
Avoid throwing null pointer exceptions.
</violation>
<violation beginline="241" endline="241" begincolumn="44" endcolumn="49" rule="AvoidDuplicateLiterals" ruleset="Error Prone" package="org.junit.rules" class="ExpectedExceptionTest$ExpectsMatcher" method="throwsMore" externalInfoUrl="https://pmd.github.io/pmd/pmd_rules_java_errorprone.html#avoidduplicateliterals" priority="3">
The String literal "Ack!" appears 9 times in this file; the first occurrence is on line 241
</violation>
<violation beginline="253" endline="253" begincolumn="13" endcolumn="51" rule="AvoidThrowingNullPointerException" ruleset="Design" package="org.junit.rules" class="ExpectedExceptionTest$ExpectsMultipleMatchers" method="throwsMore" externalInfoUrl="https://pmd.github.io/pmd/pmd_rules_java_design.html#avoidthrowingnullpointerexception" priority="1">
Avoid throwing null pointer exceptions.
</violation>
<violation beginline="302" endline="302" begincolumn="13" endcolumn="70" rule="AvoidThrowingNullPointerException" ruleset="Design" package="org.junit.rules" class="ExpectedExceptionTest$ThrowExceptionWithMatchingCause" method="throwExceptionWithMatchingCause" externalInfoUrl="https://pmd.github.io/pmd/pmd_rules_java_design.html#avoidthrowingnullpointerexception" priority="1">
Avoid throwing null pointer exceptions.
</violation>
<violation beginline="323" endline="323" begincolumn="43" endcolumn="64" rule="UnnecessaryFullyQualifiedName" ruleset="Code Style" package="org.junit.rules" class="ExpectedExceptionTest$ThrowUnexpectedCause" externalInfoUrl="https://pmd.github.io/pmd/pmd_rules_java_codestyle.html#unnecessaryfullyqualifiedname" priority="4">
Unnecessary use of fully qualified name 'ExpectedException.none' due to existing static import 'org.junit.rules.ExpectedException.none'
</violation>
<violation beginline="338" endline="338" begincolumn="42" endcolumn="63" rule="UnnecessaryFullyQualifiedName" ruleset="Code Style" package="org.junit.rules" class="ExpectedExceptionTest$UseNoCustomMessage" externalInfoUrl="https://pmd.github.io/pmd/pmd_rules_java_codestyle.html#unnecessaryfullyqualifiedname" priority="4">
Unnecessary use of fully qualified name 'ExpectedException.none' due to existing static import 'org.junit.rules.ExpectedException.none'
</violation>
<violation beginline="349" endline="349" begincolumn="43" endcolumn="64" rule="UnnecessaryFullyQualifiedName" ruleset="Code Style" package="org.junit.rules" class="ExpectedExceptionTest$UseCustomMessageWithPlaceHolder" externalInfoUrl="https://pmd.github.io/pmd/pmd_rules_java_codestyle.html#unnecessaryfullyqualifiedname" priority="4">
Unnecessary use of fully qualified name 'ExpectedException.none' due to existing static import 'org.junit.rules.ExpectedException.none'
</violation>
<violation beginline="362" endline="362" begincolumn="42" endcolumn="63" rule="UnnecessaryFullyQualifiedName" ruleset="Code Style" package="org.junit.rules" class="ExpectedExceptionTest$UseCustomMessageWithoutPlaceHolder" externalInfoUrl="https://pmd.github.io/pmd/pmd_rules_java_codestyle.html#unnecessaryfullyqualifiedname" priority="4">
Unnecessary use of fully qualified name 'ExpectedException.none' due to existing static import 'org.junit.rules.ExpectedException.none'
</violation>
<violation beginline="377" endline="377" begincolumn="43" endcolumn="64" rule="UnnecessaryFullyQualifiedName" ruleset="Code Style" package="org.junit.rules" class="ExpectedExceptionTest$ErrorCollectorShouldFailAlthoughExpectedExceptionDoesNot" externalInfoUrl="https://pmd.github.io/pmd/pmd_rules_java_codestyle.html#unnecessaryfullyqualifiedname" priority="4">
Unnecessary use of fully qualified name 'ExpectedException.none' due to existing static import 'org.junit.rules.ExpectedException.none'
</violation>
<violation beginline="380" endline="384" begincolumn="16" endcolumn="9" rule="JUnitTestsShouldIncludeAssert" ruleset="Best Practices" package="org.junit.rules" class="ExpectedExceptionTest$ErrorCollectorShouldFailAlthoughExpectedExceptionDoesNot" method="test" externalInfoUrl="https://pmd.github.io/pmd/pmd_rules_java_bestpractices.html#junittestsshouldincludeassert" priority="3">
JUnit tests should include assert() or fail()
</violation>
<violation beginline="383" endline="383" begincolumn="23" endcolumn="38" rule="AvoidThrowingRawExceptionTypes" ruleset="Design" package="org.junit.rules" class="ExpectedExceptionTest$ErrorCollectorShouldFailAlthoughExpectedExceptionDoesNot" method="test" externalInfoUrl="https://pmd.github.io/pmd/pmd_rules_java_design.html#avoidthrowingrawexceptiontypes" priority="1">
Avoid throwing raw exception types.
</violation>
</file>
<file name="C:\Users\Deyan\Downloads\junit4-r4.13.2\src\test\java\org\junit\rules\ExternalResourceRuleTest.java">
<violation beginline="1" endline="168" begincolumn="1" endcolumn="2" rule="TooManyStaticImports" ruleset="Code Style" package="org.junit.rules" class="ExternalResourceRuleTest" externalInfoUrl="https://pmd.github.io/pmd/pmd_rules_java_codestyle.html#toomanystaticimports" priority="3">
Too many static imports may lead to messy code
</violation>
<violation beginline="50" endline="52" begincolumn="16" endcolumn="9" rule="JUnitTestsShouldIncludeAssert" ruleset="Best Practices" package="org.junit.rules" class="ExternalResourceRuleTest$UsesExternalResource" method="testFoo" externalInfoUrl="https://pmd.github.io/pmd/pmd_rules_java_bestpractices.html#junittestsshouldincludeassert" priority="3">
JUnit tests should include assert() or fail()
</violation>
<violation beginline="56" endline="60" begincolumn="12" endcolumn="5" rule="JUnitTestContainsTooManyAsserts" ruleset="Best Practices" package="org.junit.rules" class="ExternalResourceRuleTest" method="externalResourceGeneratesCorrectSequence" externalInfoUrl="https://pmd.github.io/pmd/pmd_rules_java_bestpractices.html#junittestcontainstoomanyasserts" priority="3">
Unit tests should not contain more than 1 assert(s).
</violation>
<violation beginline="58" endline="58" begincolumn="9" endcolumn="18" rule="JUnitAssertionsShouldIncludeMessage" ruleset="Best Practices" package="org.junit.rules" class="ExternalResourceRuleTest" method="externalResourceGeneratesCorrectSequence" externalInfoUrl="https://pmd.github.io/pmd/pmd_rules_java_bestpractices.html#junitassertionsshouldincludemessage" priority="3">
JUnit assertions should include a message
</violation>
<violation beginline="59" endline="59" begincolumn="9" endcolumn="20" rule="JUnitAssertionsShouldIncludeMessage" ruleset="Best Practices" package="org.junit.rules" class="ExternalResourceRuleTest" method="externalResourceGeneratesCorrectSequence" externalInfoUrl="https://pmd.github.io/pmd/pmd_rules_java_bestpractices.html#junitassertionsshouldincludemessage" priority="3">
JUnit assertions should include a message
</violation>
<violation beginline="68" endline="68" begincolumn="27" endcolumn="42" rule="AvoidThrowingRawExceptionTypes" ruleset="Design" package="org.junit.rules" class="ExternalResourceRuleTest" method="after" externalInfoUrl="https://pmd.github.io/pmd/pmd_rules_java_design.html#avoidthrowingrawexceptiontypes" priority="1">
Avoid throwing raw exception types.
</violation>
<violation beginline="71" endline="71" begincolumn="19" endcolumn="29" rule="CloseResource" ruleset="Error Prone" package="org.junit.rules" class="ExternalResourceRuleTest" method="shouldThrowMultipleFailureExceptionWhenTestFailsAndClosingResourceFails" variable="failingTest" externalInfoUrl="https://pmd.github.io/pmd/pmd_rules_java_errorprone.html#closeresource" priority="3">
Ensure that resources like this Statement object are closed after use
</violation>
<violation beginline="71" endline="71" begincolumn="63" endcolumn="86" rule="AvoidDuplicateLiterals" ruleset="Error Prone" package="org.junit.rules" class="ExternalResourceRuleTest" method="shouldThrowMultipleFailureExceptionWhenTestFailsAndClosingResourceFails" externalInfoUrl="https://pmd.github.io/pmd/pmd_rules_java_errorprone.html#avoidduplicateliterals" priority="3">
The String literal "simulated test failure" appears 4 times in this file; the first occurrence is on line 71
</violation>
<violation beginline="79" endline="79" begincolumn="13" endcolumn="22" rule="JUnitAssertionsShouldIncludeMessage" ruleset="Best Practices" package="org.junit.rules" class="ExternalResourceRuleTest" method="shouldThrowMultipleFailureExceptionWhenTestFailsAndClosingResourceFails" externalInfoUrl="https://pmd.github.io/pmd/pmd_rules_java_bestpractices.html#junitassertionsshouldincludemessage" priority="3">
JUnit assertions should include a message
</violation>
<violation beginline="91" endline="91" begincolumn="27" endcolumn="42" rule="AvoidThrowingRawExceptionTypes" ruleset="Design" package="org.junit.rules" class="ExternalResourceRuleTest$TestFailsAndTwoClosingResourcesFail" method="after" externalInfoUrl="https://pmd.github.io/pmd/pmd_rules_java_design.html#avoidthrowingrawexceptiontypes" priority="1">
Avoid throwing raw exception types.
</violation>
<violation beginline="99" endline="99" begincolumn="27" endcolumn="42" rule="AvoidThrowingRawExceptionTypes" ruleset="Design" package="org.junit.rules" class="ExternalResourceRuleTest$TestFailsAndTwoClosingResourcesFail" method="after" externalInfoUrl="https://pmd.github.io/pmd/pmd_rules_java_design.html#avoidthrowingrawexceptiontypes" priority="1">
Avoid throwing raw exception types.
</violation>
<violation beginline="104" endline="106" begincolumn="16" endcolumn="9" rule="JUnitTestsShouldIncludeAssert" ruleset="Best Practices" package="org.junit.rules" class="ExternalResourceRuleTest$TestFailsAndTwoClosingResourcesFail" method="failingTest" externalInfoUrl="https://pmd.github.io/pmd/pmd_rules_java_bestpractices.html#junittestsshouldincludeassert" priority="3">
JUnit tests should include assert() or fail()
</violation>
<violation beginline="105" endline="105" begincolumn="23" endcolumn="38" rule="AvoidThrowingRawExceptionTypes" ruleset="Design" package="org.junit.rules" class="ExternalResourceRuleTest$TestFailsAndTwoClosingResourcesFail" method="failingTest" externalInfoUrl="https://pmd.github.io/pmd/pmd_rules_java_design.html#avoidthrowingrawexceptiontypes" priority="1">
Avoid throwing raw exception types.
</violation>
<violation beginline="110" endline="122" begincolumn="12" endcolumn="5" rule="JUnitTestContainsTooManyAsserts" ruleset="Best Practices" package="org.junit.rules" class="ExternalResourceRuleTest" method="shouldThrowMultipleFailureExceptionWhenTestFailsAndTwoClosingResourcesFail" externalInfoUrl="https://pmd.github.io/pmd/pmd_rules_java_bestpractices.html#junittestcontainstoomanyasserts" priority="3">
Unit tests should not contain more than 1 assert(s).
</violation>
<violation beginline="112" endline="112" begincolumn="9" endcolumn="20" rule="JUnitAssertionsShouldIncludeMessage" ruleset="Best Practices" package="org.junit.rules" class="ExternalResourceRuleTest" method="shouldThrowMultipleFailureExceptionWhenTestFailsAndTwoClosingResourcesFail" externalInfoUrl="https://pmd.github.io/pmd/pmd_rules_java_bestpractices.html#junitassertionsshouldincludemessage" priority="3">
JUnit assertions should include a message
</violation>
<violation beginline="113" endline="113" begincolumn="33" endcolumn="55" rule="UseDiamondOperator" ruleset="Code Style" package="org.junit.rules" class="ExternalResourceRuleTest" method="shouldThrowMultipleFailureExceptionWhenTestFailsAndTwoClosingResourcesFail" externalInfoUrl="https://pmd.github.io/pmd/pmd_rules_java_codestyle.html#usediamondoperator" priority="3">
Explicit type arguments can be replaced by Diamond Operator
</violation>
<violation beginline="117" endline="117" begincolumn="9" endcolumn="18" rule="JUnitAssertionsShouldIncludeMessage" ruleset="Best Practices" package="org.junit.rules" class="ExternalResourceRuleTest" method="shouldThrowMultipleFailureExceptionWhenTestFailsAndTwoClosingResourcesFail" externalInfoUrl="https://pmd.github.io/pmd/pmd_rules_java_bestpractices.html#junitassertionsshouldincludemessage" priority="3">
JUnit assertions should include a message
</violation>
<violation beginline="125" endline="161" begincolumn="12" endcolumn="5" rule="JUnitTestContainsTooManyAsserts" ruleset="Best Practices" package="org.junit.rules" class="ExternalResourceRuleTest" method="shouldWrapAssumptionFailuresWhenClosingResourceFails" externalInfoUrl="https://pmd.github.io/pmd/pmd_rules_java_bestpractices.html#junittestcontainstoomanyasserts" priority="3">
Unit tests should not contain more than 1 assert(s).
</violation>
<violation beginline="127" endline="127" begincolumn="70" endcolumn="101" rule="UseDiamondOperator" ruleset="Code Style" package="org.junit.rules" class="ExternalResourceRuleTest" method="shouldWrapAssumptionFailuresWhenClosingResourceFails" externalInfoUrl="https://pmd.github.io/pmd/pmd_rules_java_codestyle.html#usediamondoperator" priority="3">
Explicit type arguments can be replaced by Diamond Operator
</violation>
<violation beginline="136" endline="136" begincolumn="72" endcolumn="103" rule="UseDiamondOperator" ruleset="Code Style" package="org.junit.rules" class="ExternalResourceRuleTest" method="shouldWrapAssumptionFailuresWhenClosingResourceFails" externalInfoUrl="https://pmd.github.io/pmd/pmd_rules_java_codestyle.html#usediamondoperator" priority="3">
Explicit type arguments can be replaced by Diamond Operator
</violation>
<violation beginline="137" endline="137" begincolumn="19" endcolumn="29" rule="CloseResource" ruleset="Error Prone" package="org.junit.rules" class="ExternalResourceRuleTest" method="shouldWrapAssumptionFailuresWhenClosingResourceFails" variable="skippedTest" externalInfoUrl="https://pmd.github.io/pmd/pmd_rules_java_errorprone.html#closeresource" priority="3">
Ensure that resources like this Statement object are closed after use
</violation>
<violation beginline="152" endline="152" begincolumn="13" endcolumn="22" rule="JUnitAssertionsShouldIncludeMessage" ruleset="Best Practices" package="org.junit.rules" class="ExternalResourceRuleTest" method="shouldWrapAssumptionFailuresWhenClosingResourceFails" externalInfoUrl="https://pmd.github.io/pmd/pmd_rules_java_bestpractices.html#junitassertionsshouldincludemessage" priority="3">
JUnit assertions should include a message
</violation>
<violation beginline="156" endline="156" begincolumn="13" endcolumn="22" rule="JUnitAssertionsShouldIncludeMessage" ruleset="Best Practices" package="org.junit.rules" class="ExternalResourceRuleTest" method="shouldWrapAssumptionFailuresWhenClosingResourceFails" externalInfoUrl="https://pmd.github.io/pmd/pmd_rules_java_bestpractices.html#junitassertionsshouldincludemessage" priority="3">
JUnit assertions should include a message
</violation>
</file>
<file name="C:\Users\Deyan\Downloads\junit4-r4.13.2\src\test\java\org\junit\rules\LoggingMethodRule.java">
<violation beginline="7" endline="7" begincolumn="19" endcolumn="31" rule="AvoidStringBufferField" ruleset="Best Practices" package="org.junit.rules" class="LoggingMethodRule" externalInfoUrl="https://pmd.github.io/pmd/pmd_rules_java_bestpractices.html#avoidstringbufferfield" priority="3">
StringBuffers can grow quite a lot, and so may become a source of memory leak (if the owning class has a long life time).
</violation>
</file>
<file name="C:\Users\Deyan\Downloads\junit4-r4.13.2\src\test\java\org\junit\rules\LoggingStatement.java">
<violation beginline="7" endline="7" begincolumn="19" endcolumn="31" rule="AvoidStringBufferField" ruleset="Best Practices" package="org.junit.rules" class="LoggingStatement" externalInfoUrl="https://pmd.github.io/pmd/pmd_rules_java_bestpractices.html#avoidstringbufferfield" priority="3">
StringBuffers can grow quite a lot, and so may become a source of memory leak (if the owning class has a long life time).
</violation>
</file>
<file name="C:\Users\Deyan\Downloads\junit4-r4.13.2\src\test\java\org\junit\rules\LoggingTestRule.java">
<violation beginline="7" endline="7" begincolumn="19" endcolumn="31" rule="AvoidStringBufferField" ruleset="Best Practices" package="org.junit.rules" class="LoggingTestRule" externalInfoUrl="https://pmd.github.io/pmd/pmd_rules_java_bestpractices.html#avoidstringbufferfield" priority="3">
StringBuffers can grow quite a lot, and so may become a source of memory leak (if the owning class has a long life time).
</violation>
</file>
<file name="C:\Users\Deyan\Downloads\junit4-r4.13.2\src\test\java\org\junit\rules\LoggingTestWatcher.java">
<violation beginline="7" endline="7" begincolumn="19" endcolumn="31" rule="AvoidStringBufferField" ruleset="Best Practices" package="org.junit.rules" class="LoggingTestWatcher" externalInfoUrl="https://pmd.github.io/pmd/pmd_rules_java_bestpractices.html#avoidstringbufferfield" priority="3">
StringBuffers can grow quite a lot, and so may become a source of memory leak (if the owning class has a long life time).
</violation>
</file>
<file name="C:\Users\Deyan\Downloads\junit4-r4.13.2\src\test\java\org\junit\rules\MethodRulesTest.java">
<violation beginline="1" endline="420" begincolumn="1" endcolumn="2" rule="TooManyStaticImports" ruleset="Code Style" package="org.junit.rules" class="MethodRulesTest" externalInfoUrl="https://pmd.github.io/pmd/pmd_rules_java_codestyle.html#toomanystaticimports" priority="3">
Too many static imports may lead to messy code
</violation>
<violation beginline="43" endline="44" begincolumn="31" endcolumn="9" rule="UncommentedEmptyMethodBody" ruleset="Documentation" package="org.junit.rules" class="MethodRulesTest$ExampleTest" method="nothing" externalInfoUrl="https://pmd.github.io/pmd/pmd_rules_java_documentation.html#uncommentedemptymethodbody" priority="3">
Document empty method body
</violation>
<violation beginline="43" endline="44" begincolumn="16" endcolumn="9" rule="JUnitTestsShouldIncludeAssert" ruleset="Best Practices" package="org.junit.rules" class="MethodRulesTest$ExampleTest" method="nothing" externalInfoUrl="https://pmd.github.io/pmd/pmd_rules_java_bestpractices.html#junittestsshouldincludeassert" priority="3">
JUnit tests should include assert() or fail()
</violation>
<violation beginline="47" endline="54" begincolumn="21" endcolumn="5" rule="AbstractClassWithoutAbstractMethod" ruleset="Best Practices" package="org.junit.rules" class="MethodRulesTest$NonPublicExampleTest" externalInfoUrl="https://pmd.github.io/pmd/pmd_rules_java_bestpractices.html#abstractclasswithoutabstractmethod" priority="3">
This abstract class does not have any abstract methods
</violation>
<violation beginline="52" endline="53" begincolumn="16" endcolumn="9" rule="EmptyMethodInAbstractClassShouldBeAbstract" ruleset="Code Style" package="org.junit.rules" class="MethodRulesTest$NonPublicExampleTest" method="nothing" externalInfoUrl="https://pmd.github.io/pmd/pmd_rules_java_codestyle.html#emptymethodinabstractclassshouldbeabstract" priority="1">
An empty method in an abstract class should be abstract instead
</violation>
<violation beginline="52" endline="53" begincolumn="31" endcolumn="9" rule="UncommentedEmptyMethodBody" ruleset="Documentation" package="org.junit.rules" class="MethodRulesTest$NonPublicExampleTest" method="nothing" externalInfoUrl="https://pmd.github.io/pmd/pmd_rules_java_documentation.html#uncommentedemptymethodbody" priority="3">
Document empty method body
</violation>
<violation beginline="52" endline="53" begincolumn="16" endcolumn="9" rule="JUnitTestsShouldIncludeAssert" ruleset="Best Practices" package="org.junit.rules" class="MethodRulesTest$NonPublicExampleTest" method="nothing" externalInfoUrl="https://pmd.github.io/pmd/pmd_rules_java_bestpractices.html#junittestsshouldincludeassert" priority="3">
JUnit tests should include assert() or fail()
</violation>
<violation beginline="57" endline="61" begincolumn="12" endcolumn="5" rule="JUnitTestContainsTooManyAsserts" ruleset="Best Practices" package="org.junit.rules" class="MethodRulesTest" method="ruleIsIntroducedAndEvaluated" externalInfoUrl="https://pmd.github.io/pmd/pmd_rules_java_bestpractices.html#junittestcontainstoomanyasserts" priority="3">
Unit tests should not contain more than 1 assert(s).
</violation>
<violation beginline="59" endline="59" begincolumn="9" endcolumn="18" rule="JUnitAssertionsShouldIncludeMessage" ruleset="Best Practices" package="org.junit.rules" class="MethodRulesTest" method="ruleIsIntroducedAndEvaluated" externalInfoUrl="https://pmd.github.io/pmd/pmd_rules_java_bestpractices.html#junitassertionsshouldincludemessage" priority="3">
JUnit assertions should include a message
</violation>
<violation beginline="60" endline="60" begincolumn="9" endcolumn="18" rule="JUnitAssertionsShouldIncludeMessage" ruleset="Best Practices" package="org.junit.rules" class="MethodRulesTest" method="ruleIsIntroducedAndEvaluated" externalInfoUrl="https://pmd.github.io/pmd/pmd_rules_java_bestpractices.html#junitassertionsshouldincludemessage" priority="3">
JUnit assertions should include a message
</violation>
<violation beginline="68" endline="72" begincolumn="12" endcolumn="5" rule="JUnitTestContainsTooManyAsserts" ruleset="Best Practices" package="org.junit.rules" class="MethodRulesTest" method="ruleIsIntroducedAndEvaluatedOnSubclass" externalInfoUrl="https://pmd.github.io/pmd/pmd_rules_java_bestpractices.html#junittestcontainstoomanyasserts" priority="3">
Unit tests should not contain more than 1 assert(s).
</violation>
<violation beginline="70" endline="70" begincolumn="9" endcolumn="18" rule="JUnitAssertionsShouldIncludeMessage" ruleset="Best Practices" package="org.junit.rules" class="MethodRulesTest" method="ruleIsIntroducedAndEvaluatedOnSubclass" externalInfoUrl="https://pmd.github.io/pmd/pmd_rules_java_bestpractices.html#junitassertionsshouldincludemessage" priority="3">
JUnit assertions should include a message
</violation>
<violation beginline="71" endline="71" begincolumn="9" endcolumn="18" rule="JUnitAssertionsShouldIncludeMessage" ruleset="Best Practices" package="org.junit.rules" class="MethodRulesTest" method="ruleIsIntroducedAndEvaluatedOnSubclass" externalInfoUrl="https://pmd.github.io/pmd/pmd_rules_java_bestpractices.html#junitassertionsshouldincludemessage" priority="3">
JUnit assertions should include a message
</violation>
<violation beginline="79" endline="83" begincolumn="12" endcolumn="5" rule="JUnitTestContainsTooManyAsserts" ruleset="Best Practices" package="org.junit.rules" class="MethodRulesTest" method="ruleIsIntroducedAndEvaluatedOnSubclassOfNonPublicClass" externalInfoUrl="https://pmd.github.io/pmd/pmd_rules_java_bestpractices.html#junittestcontainstoomanyasserts" priority="3">
Unit tests should not contain more than 1 assert(s).
</violation>
<violation beginline="81" endline="81" begincolumn="9" endcolumn="18" rule="JUnitAssertionsShouldIncludeMessage" ruleset="Best Practices" package="org.junit.rules" class="MethodRulesTest" method="ruleIsIntroducedAndEvaluatedOnSubclassOfNonPublicClass" externalInfoUrl="https://pmd.github.io/pmd/pmd_rules_java_bestpractices.html#junitassertionsshouldincludemessage" priority="3">
JUnit assertions should include a message
</violation>
<violation beginline="82" endline="82" begincolumn="9" endcolumn="18" rule="JUnitAssertionsShouldIncludeMessage" ruleset="Best Practices" package="org.junit.rules" class="MethodRulesTest" method="ruleIsIntroducedAndEvaluatedOnSubclassOfNonPublicClass" externalInfoUrl="https://pmd.github.io/pmd/pmd_rules_java_bestpractices.html#junitassertionsshouldincludemessage" priority="3">
JUnit assertions should include a message
</violation>
<violation beginline="85" endline="85" begincolumn="20" endcolumn="32" rule="FieldDeclarationsShouldBeAtStartOfClass" ruleset="Code Style" package="org.junit.rules" class="MethodRulesTest" variable="VariableDeclaratorId" externalInfoUrl="https://pmd.github.io/pmd/pmd_rules_java_codestyle.html#fielddeclarationsshouldbeatstartofclass" priority="3">
Fields should be declared at the top of the class, before any method declarations, constructors, initializers or inner classes.
</violation>
<violation beginline="109" endline="111" begincolumn="31" endcolumn="9" rule="UncommentedEmptyMethodBody" ruleset="Documentation" package="org.junit.rules" class="MethodRulesTest$MultipleRuleTest" method="nothing" externalInfoUrl="https://pmd.github.io/pmd/pmd_rules_java_documentation.html#uncommentedemptymethodbody" priority="3">
Document empty method body
</violation>
<violation beginline="109" endline="111" begincolumn="16" endcolumn="9" rule="JUnitTestsShouldIncludeAssert" ruleset="Best Practices" package="org.junit.rules" class="MethodRulesTest$MultipleRuleTest" method="nothing" externalInfoUrl="https://pmd.github.io/pmd/pmd_rules_java_bestpractices.html#junittestsshouldincludeassert" priority="3">
JUnit tests should include assert() or fail()
</violation>
<violation beginline="115" endline="119" begincolumn="12" endcolumn="5" rule="JUnitTestContainsTooManyAsserts" ruleset="Best Practices" package="org.junit.rules" class="MethodRulesTest" method="multipleRulesAreRun" externalInfoUrl="https://pmd.github.io/pmd/pmd_rules_java_bestpractices.html#junittestcontainstoomanyasserts" priority="3">
Unit tests should not contain more than 1 assert(s).
</violation>
<violation beginline="117" endline="117" begincolumn="9" endcolumn="18" rule="JUnitAssertionsShouldIncludeMessage" ruleset="Best Practices" package="org.junit.rules" class="MethodRulesTest" method="multipleRulesAreRun" externalInfoUrl="https://pmd.github.io/pmd/pmd_rules_java_bestpractices.html#junitassertionsshouldincludemessage" priority="3">
JUnit assertions should include a message
</violation>
<violation beginline="118" endline="118" begincolumn="9" endcolumn="20" rule="JUnitAssertionsShouldIncludeMessage" ruleset="Best Practices" package="org.junit.rules" class="MethodRulesTest" method="multipleRulesAreRun" externalInfoUrl="https://pmd.github.io/pmd/pmd_rules_java_bestpractices.html#junitassertionsshouldincludemessage" priority="3">
JUnit assertions should include a message
</violation>
<violation beginline="125" endline="127" begincolumn="31" endcolumn="9" rule="UncommentedEmptyMethodBody" ruleset="Documentation" package="org.junit.rules" class="MethodRulesTest$NoRulesTest" method="nothing" externalInfoUrl="https://pmd.github.io/pmd/pmd_rules_java_documentation.html#uncommentedemptymethodbody" priority="3">
Document empty method body
</violation>
<violation beginline="125" endline="127" begincolumn="16" endcolumn="9" rule="JUnitTestsShouldIncludeAssert" ruleset="Best Practices" package="org.junit.rules" class="MethodRulesTest$NoRulesTest" method="nothing" externalInfoUrl="https://pmd.github.io/pmd/pmd_rules_java_bestpractices.html#junittestsshouldincludeassert" priority="3">
JUnit tests should include assert() or fail()
</violation>
<violation beginline="132" endline="132" begincolumn="9" endcolumn="18" rule="JUnitAssertionsShouldIncludeMessage" ruleset="Best Practices" package="org.junit.rules" class="MethodRulesTest" method="ignoreNonRules" externalInfoUrl="https://pmd.github.io/pmd/pmd_rules_java_bestpractices.html#junitassertionsshouldincludemessage" priority="3">
JUnit assertions should include a message
</violation>
<violation beginline="135" endline="135" begincolumn="20" endcolumn="30" rule="FieldDeclarationsShouldBeAtStartOfClass" ruleset="Code Style" package="org.junit.rules" class="MethodRulesTest" variable="VariableDeclaratorId" externalInfoUrl="https://pmd.github.io/pmd/pmd_rules_java_codestyle.html#fielddeclarationsshouldbeatstartofclass" priority="3">
Fields should be declared at the top of the class, before any method declarations, constructors, initializers or inner classes.
</violation>
<violation beginline="148" endline="148" begincolumn="13" endcolumn="16" rule="JUnitAssertionsShouldIncludeMessage" ruleset="Best Practices" package="org.junit.rules" class="MethodRulesTest$OnFailureTest" method="nothing" externalInfoUrl="https://pmd.github.io/pmd/pmd_rules_java_bestpractices.html#junitassertionsshouldincludemessage" priority="3">
JUnit assertions should include a message
</violation>
<violation beginline="153" endline="157" begincolumn="12" endcolumn="5" rule="JUnitTestContainsTooManyAsserts" ruleset="Best Practices" package="org.junit.rules" class="MethodRulesTest" method="onFailure" externalInfoUrl="https://pmd.github.io/pmd/pmd_rules_java_bestpractices.html#junittestcontainstoomanyasserts" priority="3">
Unit tests should not contain more than 1 assert(s).
</violation>
<violation beginline="155" endline="155" begincolumn="9" endcolumn="18" rule="JUnitAssertionsShouldIncludeMessage" ruleset="Best Practices" package="org.junit.rules" class="MethodRulesTest" method="onFailure" externalInfoUrl="https://pmd.github.io/pmd/pmd_rules_java_bestpractices.html#junitassertionsshouldincludemessage" priority="3">
JUnit assertions should include a message
</violation>
<violation beginline="156" endline="156" begincolumn="9" endcolumn="20" rule="JUnitAssertionsShouldIncludeMessage" ruleset="Best Practices" package="org.junit.rules" class="MethodRulesTest" method="onFailure" externalInfoUrl="https://pmd.github.io/pmd/pmd_rules_java_bestpractices.html#junitassertionsshouldincludemessage" priority="3">
JUnit assertions should include a message
</violation>
<violation beginline="178" endline="178" begincolumn="13" endcolumn="16" rule="JUnitAssertionsShouldIncludeMessage" ruleset="Best Practices" package="org.junit.rules" class="MethodRulesTest$WatchmanTest" method="fails" externalInfoUrl="https://pmd.github.io/pmd/pmd_rules_java_bestpractices.html#junitassertionsshouldincludemessage" priority="3">
JUnit assertions should include a message
</violation>
<violation beginline="182" endline="183" begincolumn="32" endcolumn="9" rule="UncommentedEmptyMethodBody" ruleset="Documentation" package="org.junit.rules" class="MethodRulesTest$WatchmanTest" method="succeeds" externalInfoUrl="https://pmd.github.io/pmd/pmd_rules_java_documentation.html#uncommentedemptymethodbody" priority="3">
Document empty method body
</violation>
<violation beginline="182" endline="183" begincolumn="16" endcolumn="9" rule="JUnitTestsShouldIncludeAssert" ruleset="Best Practices" package="org.junit.rules" class="MethodRulesTest$WatchmanTest" method="succeeds" externalInfoUrl="https://pmd.github.io/pmd/pmd_rules_java_bestpractices.html#junittestsshouldincludeassert" priority="3">
JUnit tests should include assert() or fail()
</violation>
<violation beginline="187" endline="192" begincolumn="12" endcolumn="5" rule="JUnitTestContainsTooManyAsserts" ruleset="Best Practices" package="org.junit.rules" class="MethodRulesTest" method="succeeded" externalInfoUrl="https://pmd.github.io/pmd/pmd_rules_java_bestpractices.html#junittestcontainstoomanyasserts" priority="3">
Unit tests should not contain more than 1 assert(s).
</violation>
<violation beginline="189" endline="189" begincolumn="9" endcolumn="18" rule="JUnitAssertionsShouldIncludeMessage" ruleset="Best Practices" package="org.junit.rules" class="MethodRulesTest" method="succeeded" externalInfoUrl="https://pmd.github.io/pmd/pmd_rules_java_bestpractices.html#junitassertionsshouldincludemessage" priority="3">
JUnit assertions should include a message
</violation>
<violation beginline="190" endline="190" begincolumn="9" endcolumn="18" rule="JUnitAssertionsShouldIncludeMessage" ruleset="Best Practices" package="org.junit.rules" class="MethodRulesTest" method="succeeded" externalInfoUrl="https://pmd.github.io/pmd/pmd_rules_java_bestpractices.html#junitassertionsshouldincludemessage" priority="3">
JUnit assertions should include a message
</violation>
<violation beginline="191" endline="191" begincolumn="9" endcolumn="18" rule="JUnitAssertionsShouldIncludeMessage" ruleset="Best Practices" package="org.junit.rules" class="MethodRulesTest" method="succeeded" externalInfoUrl="https://pmd.github.io/pmd/pmd_rules_java_bestpractices.html#junitassertionsshouldincludemessage" priority="3">
JUnit assertions should include a message
</violation>
<violation beginline="226" endline="228" begincolumn="16" endcolumn="9" rule="JUnitTestsShouldIncludeAssert" ruleset="Best Practices" package="org.junit.rules" class="MethodRulesTest$BeforesAndAfters" method="succeeds" externalInfoUrl="https://pmd.github.io/pmd/pmd_rules_java_bestpractices.html#junittestsshouldincludeassert" priority="3">
JUnit tests should include assert() or fail()
</violation>
<violation beginline="232" endline="236" begincolumn="12" endcolumn="5" rule="JUnitTestContainsTooManyAsserts" ruleset="Best Practices" package="org.junit.rules" class="MethodRulesTest" method="beforesAndAfters" externalInfoUrl="https://pmd.github.io/pmd/pmd_rules_java_bestpractices.html#junittestcontainstoomanyasserts" priority="3">
Unit tests should not contain more than 1 assert(s).
</violation>
<violation beginline="234" endline="234" begincolumn="9" endcolumn="18" rule="JUnitAssertionsShouldIncludeMessage" ruleset="Best Practices" package="org.junit.rules" class="MethodRulesTest" method="beforesAndAfters" externalInfoUrl="https://pmd.github.io/pmd/pmd_rules_java_bestpractices.html#junitassertionsshouldincludemessage" priority="3">
JUnit assertions should include a message
</violation>
<violation beginline="235" endline="235" begincolumn="9" endcolumn="18" rule="JUnitAssertionsShouldIncludeMessage" ruleset="Best Practices" package="org.junit.rules" class="MethodRulesTest" method="beforesAndAfters" externalInfoUrl="https://pmd.github.io/pmd/pmd_rules_java_bestpractices.html#junitassertionsshouldincludemessage" priority="3">
JUnit assertions should include a message
</violation>
<violation beginline="243" endline="244" begincolumn="27" endcolumn="9" rule="UncommentedEmptyMethodBody" ruleset="Documentation" package="org.junit.rules" class="MethodRulesTest$WrongTypedField" method="foo" externalInfoUrl="https://pmd.github.io/pmd/pmd_rules_java_documentation.html#uncommentedemptymethodbody" priority="3">
Document empty method body
</violation>
<violation beginline="249" endline="249" begincolumn="9" endcolumn="18" rule="JUnitAssertionsShouldIncludeMessage" ruleset="Best Practices" package="org.junit.rules" class="MethodRulesTest" method="validateWrongTypedField" externalInfoUrl="https://pmd.github.io/pmd/pmd_rules_java_bestpractices.html#junitassertionsshouldincludemessage" priority="3">
JUnit assertions should include a message
</violation>
<violation beginline="259" endline="259" begincolumn="9" endcolumn="18" rule="JUnitAssertionsShouldIncludeMessage" ruleset="Best Practices" package="org.junit.rules" class="MethodRulesTest" method="validateWrongTypedFieldInSuperclass" externalInfoUrl="https://pmd.github.io/pmd/pmd_rules_java_bestpractices.html#junitassertionsshouldincludemessage" priority="3">
JUnit assertions should include a message
</violation>
<violation beginline="265" endline="265" begincolumn="26" endcolumn="29" rule="UnusedPrivateField" ruleset="Best Practices" package="org.junit.rules" class="MethodRulesTest$PrivateRule" variable="rule" externalInfoUrl="https://pmd.github.io/pmd/pmd_rules_java_bestpractices.html#unusedprivatefield" priority="3">
Avoid unused private fields such as 'rule'.
</violation>
<violation beginline="265" endline="265" begincolumn="26" endcolumn="29" rule="ImmutableField" ruleset="Design" package="org.junit.rules" class="MethodRulesTest$PrivateRule" variable="rule" externalInfoUrl="https://pmd.github.io/pmd/pmd_rules_java_design.html#immutablefield" priority="3">
Private field 'rule' could be made final; it is only initialized in the declaration or constructor.
</violation>
<violation beginline="268" endline="269" begincolumn="27" endcolumn="9" rule="UncommentedEmptyMethodBody" ruleset="Documentation" package="org.junit.rules" class="MethodRulesTest$PrivateRule" method="foo" externalInfoUrl="https://pmd.github.io/pmd/pmd_rules_java_documentation.html#uncommentedemptymethodbody" priority="3">
Document empty method body
</violation>
<violation beginline="274" endline="274" begincolumn="9" endcolumn="18" rule="JUnitAssertionsShouldIncludeMessage" ruleset="Best Practices" package="org.junit.rules" class="MethodRulesTest" method="validatePrivateRule" externalInfoUrl="https://pmd.github.io/pmd/pmd_rules_java_bestpractices.html#junitassertionsshouldincludemessage" priority="3">
JUnit assertions should include a message
</violation>
<violation beginline="279" endline="279" begincolumn="23" endcolumn="33" rule="RedundantFieldInitializer" ruleset="Performance" package="org.junit.rules" class="MethodRulesTest$CustomTestName" variable="name" externalInfoUrl="https://pmd.github.io/pmd/pmd_rules_java_performance.html#redundantfieldinitializer" priority="3">
Avoid using redundant field initializer for 'name'
</violation>
<violation beginline="298" endline="298" begincolumn="13" endcolumn="24" rule="JUnitAssertionsShouldIncludeMessage" ruleset="Best Practices" package="org.junit.rules" class="MethodRulesTest$UsesCustomMethodRule" method="foo" externalInfoUrl="https://pmd.github.io/pmd/pmd_rules_java_bestpractices.html#junitassertionsshouldincludemessage" priority="3">
JUnit assertions should include a message
</violation>
<violation beginline="304" endline="304" begincolumn="9" endcolumn="18" rule="JUnitAssertionsShouldIncludeMessage" ruleset="Best Practices" package="org.junit.rules" class="MethodRulesTest" method="useCustomMethodRule" externalInfoUrl="https://pmd.github.io/pmd/pmd_rules_java_bestpractices.html#junitassertionsshouldincludemessage" priority="3">
JUnit assertions should include a message
</violation>
<violation beginline="308" endline="319" begincolumn="17" endcolumn="10" rule="AvoidFieldNameMatchingMethodName" ruleset="Error Prone" package="org.junit.rules" class="MethodRulesTest$HasMethodReturningMethodRule" variable="VariableDeclaratorId" externalInfoUrl="https://pmd.github.io/pmd/pmd_rules_java_errorprone.html#avoidfieldnamematchingmethodname" priority="3">
Field methodRule has the same name as a method
</violation>
<violation beginline="308" endline="308" begincolumn="28" endcolumn="37" rule="ImmutableField" ruleset="Design" package="org.junit.rules" class="MethodRulesTest$HasMethodReturningMethodRule" variable="methodRule" externalInfoUrl="https://pmd.github.io/pmd/pmd_rules_java_design.html#immutablefield" priority="3">
Private field 'methodRule' could be made final; it is only initialized in the declaration or constructor.
</violation>
<violation beginline="327" endline="329" begincolumn="33" endcolumn="9" rule="UncommentedEmptyMethodBody" ruleset="Documentation" package="org.junit.rules" class="MethodRulesTest$HasMethodReturningMethodRule" method="doNothing" externalInfoUrl="https://pmd.github.io/pmd/pmd_rules_java_documentation.html#uncommentedemptymethodbody" priority="3">
Document empty method body
</violation>
<violation beginline="341" endline="345" begincolumn="12" endcolumn="5" rule="JUnitTestContainsTooManyAsserts" ruleset="Best Practices" package="org.junit.rules" class="MethodRulesTest" method="runsMethodRuleThatIsReturnedByMethod" externalInfoUrl="https://pmd.github.io/pmd/pmd_rules_java_bestpractices.html#junittestcontainstoomanyasserts" priority="3">
Unit tests should not contain more than 1 assert(s).
</violation>
<violation beginline="343" endline="343" begincolumn="9" endcolumn="18" rule="JUnitAssertionsShouldIncludeMessage" ruleset="Best Practices" package="org.junit.rules" class="MethodRulesTest" method="runsMethodRuleThatIsReturnedByMethod" externalInfoUrl="https://pmd.github.io/pmd/pmd_rules_java_bestpractices.html#junitassertionsshouldincludemessage" priority="3">
JUnit assertions should include a message
</violation>
<violation beginline="344" endline="344" begincolumn="9" endcolumn="18" rule="JUnitAssertionsShouldIncludeMessage" ruleset="Best Practices" package="org.junit.rules" class="MethodRulesTest" method="runsMethodRuleThatIsReturnedByMethod" externalInfoUrl="https://pmd.github.io/pmd/pmd_rules_java_bestpractices.html#junitassertionsshouldincludemessage" priority="3">
JUnit assertions should include a message
</violation>
<violation beginline="359" endline="361" begincolumn="33" endcolumn="9" rule="UncommentedEmptyMethodBody" ruleset="Documentation" package="org.junit.rules" class="MethodRulesTest$HasMultipleMethodsReturningMethodRule" method="doNothing" externalInfoUrl="https://pmd.github.io/pmd/pmd_rules_java_documentation.html#uncommentedemptymethodbody" priority="3">
Document empty method body
</violation>
<violation beginline="373" endline="377" begincolumn="12" endcolumn="5" rule="JUnitTestContainsTooManyAsserts" ruleset="Best Practices" package="org.junit.rules" class="MethodRulesTest" method="runsAllMethodRulesThatAreReturnedByMethods" externalInfoUrl="https://pmd.github.io/pmd/pmd_rules_java_bestpractices.html#junittestcontainstoomanyasserts" priority="3">
Unit tests should not contain more than 1 assert(s).
</violation>
<violation beginline="375" endline="375" begincolumn="9" endcolumn="18" rule="JUnitAssertionsShouldIncludeMessage" ruleset="Best Practices" package="org.junit.rules" class="MethodRulesTest" method="runsAllMethodRulesThatAreReturnedByMethods" externalInfoUrl="https://pmd.github.io/pmd/pmd_rules_java_bestpractices.html#junitassertionsshouldincludemessage" priority="3">
JUnit assertions should include a message
</violation>
<violation beginline="376" endline="376" begincolumn="9" endcolumn="20" rule="JUnitAssertionsShouldIncludeMessage" ruleset="Best Practices" package="org.junit.rules" class="MethodRulesTest" method="runsAllMethodRulesThatAreReturnedByMethods" externalInfoUrl="https://pmd.github.io/pmd/pmd_rules_java_bestpractices.html#junitassertionsshouldincludemessage" priority="3">
JUnit assertions should include a message
</violation>
<violation beginline="381" endline="381" begincolumn="13" endcolumn="25" rule="RedundantFieldInitializer" ruleset="Performance" package="org.junit.rules" class="MethodRulesTest$CallsMethodReturningRuleOnlyOnce" variable="callCount" externalInfoUrl="https://pmd.github.io/pmd/pmd_rules_java_performance.html#redundantfieldinitializer" priority="3">
Avoid using redundant field initializer for 'callCount'
</violation>
<violation beginline="381" endline="381" begincolumn="9" endcolumn="26" rule="DefaultPackage" ruleset="Code Style" package="org.junit.rules" class="MethodRulesTest$CallsMethodReturningRuleOnlyOnce" externalInfoUrl="https://pmd.github.io/pmd/pmd_rules_java_codestyle.html#defaultpackage" priority="3">
Use explicit scoping instead of the default package private level
</violation>
<violation beginline="404" endline="404" begincolumn="13" endcolumn="24" rule="JUnitAssertionsShouldIncludeMessage" ruleset="Best Practices" package="org.junit.rules" class="MethodRulesTest$CallsMethodReturningRuleOnlyOnce" method="doNothing" externalInfoUrl="https://pmd.github.io/pmd/pmd_rules_java_bestpractices.html#junitassertionsshouldincludemessage" priority="3">
JUnit assertions should include a message
</violation>
<violation beginline="418" endline="418" begincolumn="9" endcolumn="18" rule="JUnitAssertionsShouldIncludeMessage" ruleset="Best Practices" package="org.junit.rules" class="MethodRulesTest" method="callsMethodReturningRuleOnlyOnce" externalInfoUrl="https://pmd.github.io/pmd/pmd_rules_java_bestpractices.html#junitassertionsshouldincludemessage" priority="3">
JUnit assertions should include a message
</violation>
</file>
<file name="C:\Users\Deyan\Downloads\junit4-r4.13.2\src\test\java\org\junit\rules\NameRulesTest.java">
<violation beginline="33" endline="33" begincolumn="30" endcolumn="41" rule="FinalFieldCouldBeStatic" ruleset="Design" package="org.junit.rules" class="NameRulesTest$BeforeAndAfterTest" variable="expectedName" externalInfoUrl="https://pmd.github.io/pmd/pmd_rules_java_design.html#finalfieldcouldbestatic" priority="3">
This final field could be made static
</violation>
<violation beginline="41" endline="43" begincolumn="16" endcolumn="9" rule="ShortMethodName" ruleset="Code Style" package="org.junit.rules" class="NameRulesTest$BeforeAndAfterTest" method="x" externalInfoUrl="https://pmd.github.io/pmd/pmd_rules_java_codestyle.html#shortmethodname" priority="3">
Avoid using short method names
</violation>
</file>
<file name="C:\Users\Deyan\Downloads\junit4-r4.13.2\src\test\java\org\junit\rules\RuleChainTest.java">
<violation beginline="1" endline="94" begincolumn="1" endcolumn="1" rule="TooManyStaticImports" ruleset="Code Style" package="org.junit.rules" class="RuleChainTest" externalInfoUrl="https://pmd.github.io/pmd/pmd_rules_java_codestyle.html#toomanystaticimports" priority="3">
Too many static imports may lead to messy code
</violation>
<violation beginline="24" endline="24" begincolumn="45" endcolumn="67" rule="UseDiamondOperator" ruleset="Code Style" package="org.junit.rules" class="RuleChainTest" externalInfoUrl="https://pmd.github.io/pmd/pmd_rules_java_codestyle.html#usediamondoperator" priority="3">
Explicit type arguments can be replaced by Diamond Operator
</violation>
<violation beginline="52" endline="52" begincolumn="13" endcolumn="22" rule="JUnitAssertionsShouldIncludeMessage" ruleset="Best Practices" package="org.junit.rules" class="RuleChainTest$UseRuleChain" method="example" externalInfoUrl="https://pmd.github.io/pmd/pmd_rules_java_bestpractices.html#junitassertionsshouldincludemessage" priority="3">
JUnit assertions should include a message
</violation>
<violation beginline="52" endline="52" begincolumn="13" endcolumn="28" rule="UnnecessaryBooleanAssertion" ruleset="Error Prone" package="org.junit.rules" class="RuleChainTest$UseRuleChain" method="example" externalInfoUrl="https://pmd.github.io/pmd/pmd_rules_java_errorprone.html#unnecessarybooleanassertion" priority="3">
assertTrue(true) or similar statements are unnecessary
</violation>
<violation beginline="52" endline="52" begincolumn="13" endcolumn="28" rule="UnnecessaryBooleanAssertion" ruleset="Error Prone" package="org.junit.rules" class="RuleChainTest$UseRuleChain" method="example" externalInfoUrl="https://pmd.github.io/pmd/pmd_rules_java_errorprone.html#unnecessarybooleanassertion" priority="3">
assertTrue(true) or similar statements are unnecessary
</violation>
<violation beginline="57" endline="57" begincolumn="53" endcolumn="61" rule="SignatureDeclareThrowsException" ruleset="Design" package="org.junit.rules" class="RuleChainTest" method="executeRulesInCorrectOrder" externalInfoUrl="https://pmd.github.io/pmd/pmd_rules_java_design.html#signaturedeclarethrowsexception" priority="3">
A method/constructor should not explicitly throw java.lang.Exception
</violation>
<violation beginline="63" endline="63" begincolumn="9" endcolumn="20" rule="JUnitAssertionsShouldIncludeMessage" ruleset="Best Practices" package="org.junit.rules" class="RuleChainTest" method="executeRulesInCorrectOrder" externalInfoUrl="https://pmd.github.io/pmd/pmd_rules_java_bestpractices.html#junitassertionsshouldincludemessage" priority="3">
JUnit assertions should include a message
</violation>
<violation beginline="72" endline="72" begincolumn="18" endcolumn="37" rule="AvoidCatchingNPE" ruleset="Error Prone" package="org.junit.rules" class="RuleChainTest" method="aroundShouldNotAllowNullRules" externalInfoUrl="https://pmd.github.io/pmd/pmd_rules_java_errorprone.html#avoidcatchingnpe" priority="3">
Avoid catching NullPointerException; consider removing the cause of the NPE.
</violation>
<violation beginline="72" endline="72" begincolumn="18" endcolumn="37" rule="AvoidCatchingGenericException" ruleset="Design" package="org.junit.rules" class="RuleChainTest" method="aroundShouldNotAllowNullRules" externalInfoUrl="https://pmd.github.io/pmd/pmd_rules_java_design.html#avoidcatchinggenericexception" priority="3">
Avoid catching generic exceptions such as NullPointerException, RuntimeException, Exception in try-catch block
</violation>
<violation beginline="73" endline="73" begincolumn="13" endcolumn="22" rule="JUnitAssertionsShouldIncludeMessage" ruleset="Best Practices" package="org.junit.rules" class="RuleChainTest" method="aroundShouldNotAllowNullRules" externalInfoUrl="https://pmd.github.io/pmd/pmd_rules_java_bestpractices.html#junitassertionsshouldincludemessage" priority="3">
JUnit assertions should include a message
</violation>
<violation beginline="83" endline="83" begincolumn="31" endcolumn="32" rule="UncommentedEmptyMethodBody" ruleset="Documentation" package="org.junit.rules" class="RuleChainTest$RuleChainWithNullRules" method="example" externalInfoUrl="https://pmd.github.io/pmd/pmd_rules_java_documentation.html#uncommentedemptymethodbody" priority="3">
Document empty method body
</violation>
<violation beginline="83" endline="83" begincolumn="16" endcolumn="32" rule="JUnitTestsShouldIncludeAssert" ruleset="Best Practices" package="org.junit.rules" class="RuleChainTest$RuleChainWithNullRules" method="example" externalInfoUrl="https://pmd.github.io/pmd/pmd_rules_java_bestpractices.html#junittestsshouldincludeassert" priority="3">
JUnit tests should include assert() or fail()
</violation>
<violation beginline="87" endline="93" begincolumn="12" endcolumn="5" rule="JUnitTestContainsTooManyAsserts" ruleset="Best Practices" package="org.junit.rules" class="RuleChainTest" method="whenRuleChainHasNullRuleTheStacktraceShouldPointToIt" externalInfoUrl="https://pmd.github.io/pmd/pmd_rules_java_bestpractices.html#junittestcontainstoomanyasserts" priority="3">
Unit tests should not contain more than 1 assert(s).
</violation>
<violation beginline="90" endline="90" begincolumn="9" endcolumn="18" rule="JUnitAssertionsShouldIncludeMessage" ruleset="Best Practices" package="org.junit.rules" class="RuleChainTest" method="whenRuleChainHasNullRuleTheStacktraceShouldPointToIt" externalInfoUrl="https://pmd.github.io/pmd/pmd_rules_java_bestpractices.html#junitassertionsshouldincludemessage" priority="3">
JUnit assertions should include a message
</violation>
<violation beginline="92" endline="92" begincolumn="9" endcolumn="18" rule="JUnitAssertionsShouldIncludeMessage" ruleset="Best Practices" package="org.junit.rules" class="RuleChainTest" method="whenRuleChainHasNullRuleTheStacktraceShouldPointToIt" externalInfoUrl="https://pmd.github.io/pmd/pmd_rules_java_bestpractices.html#junitassertionsshouldincludemessage" priority="3">
JUnit assertions should include a message
</violation>
</file>
<file name="C:\Users\Deyan\Downloads\junit4-r4.13.2\src\test\java\org\junit\rules\RuleMemberValidatorTest.java">
<violation beginline="1" endline="356" begincolumn="1" endcolumn="2" rule="TooManyStaticImports" ruleset="Code Style" package="org.junit.rules" class="RuleMemberValidatorTest" externalInfoUrl="https://pmd.github.io/pmd/pmd_rules_java_codestyle.html#toomanystaticimports" priority="3">
Too many static imports may lead to messy code
</violation>
<violation beginline="20" endline="20" begincolumn="44" endcolumn="69" rule="UseDiamondOperator" ruleset="Code Style" package="org.junit.rules" class="RuleMemberValidatorTest" externalInfoUrl="https://pmd.github.io/pmd/pmd_rules_java_codestyle.html#usediamondoperator" priority="3">
Explicit type arguments can be replaced by Diamond Operator
</violation>
<violation beginline="129" endline="129" begincolumn="61" endcolumn="69" rule="SignatureDeclareThrowsException" ruleset="Design" package="org.junit.rules" class="RuleMemberValidatorTest" method="rejectClassRuleIsAnArbitraryObject" externalInfoUrl="https://pmd.github.io/pmd/pmd_rules_java_design.html#signaturedeclarethrowsexception" priority="3">
A method/constructor should not explicitly throw java.lang.Exception
</violation>
<violation beginline="148" endline="148" begincolumn="72" endcolumn="80" rule="SignatureDeclareThrowsException" ruleset="Design" package="org.junit.rules" class="RuleMemberValidatorTest" method="rejectClassRuleMethodReturnsAnArbitraryObject" externalInfoUrl="https://pmd.github.io/pmd/pmd_rules_java_design.html#signaturedeclarethrowsexception" priority="3">
A method/constructor should not explicitly throw java.lang.Exception
</violation>
<violation beginline="198" endline="198" begincolumn="43" endcolumn="51" rule="SignatureDeclareThrowsException" ruleset="Design" package="org.junit.rules" class="RuleMemberValidatorTest" method="acceptMethodRule" externalInfoUrl="https://pmd.github.io/pmd/pmd_rules_java_design.html#signaturedeclarethrowsexception" priority="3">
A method/constructor should not explicitly throw java.lang.Exception
</violation>
<violation beginline="215" endline="215" begincolumn="66" endcolumn="74" rule="SignatureDeclareThrowsException" ruleset="Design" package="org.junit.rules" class="RuleMemberValidatorTest" method="rejectArbitraryObjectWithRuleAnnotation" externalInfoUrl="https://pmd.github.io/pmd/pmd_rules_java_design.html#signaturedeclarethrowsexception" priority="3">
A method/constructor should not explicitly throw java.lang.Exception
</violation>
<violation beginline="310" endline="310" begincolumn="55" endcolumn="63" rule="SignatureDeclareThrowsException" ruleset="Design" package="org.junit.rules" class="RuleMemberValidatorTest" method="methodAcceptMethodRuleMethod" externalInfoUrl="https://pmd.github.io/pmd/pmd_rules_java_design.html#signaturedeclarethrowsexception" priority="3">
A method/constructor should not explicitly throw java.lang.Exception
</violation>
<violation beginline="329" endline="329" begincolumn="72" endcolumn="80" rule="SignatureDeclareThrowsException" ruleset="Design" package="org.junit.rules" class="RuleMemberValidatorTest" method="methodRejectArbitraryObjectWithRuleAnnotation" externalInfoUrl="https://pmd.github.io/pmd/pmd_rules_java_design.html#signaturedeclarethrowsexception" priority="3">
A method/constructor should not explicitly throw java.lang.Exception
</violation>
</file>
<file name="C:\Users\Deyan\Downloads\junit4-r4.13.2\src\test\java\org\junit\rules\TempFolderRuleTest.java">
<violation beginline="1" endline="281" begincolumn="1" endcolumn="2" rule="TooManyStaticImports" ruleset="Code Style" package="org.junit.rules" class="TempFolderRuleTest" externalInfoUrl="https://pmd.github.io/pmd/pmd_rules_java_codestyle.html#toomanystaticimports" priority="3">
Too many static imports may lead to messy code
</violation>
<violation beginline="9" endline="9" begincolumn="1" endcolumn="42" rule="UnusedImports" ruleset="Best Practices" package="org.junit.rules" class="TempFolderRuleTest" externalInfoUrl="https://pmd.github.io/pmd/pmd_rules_java_bestpractices.html#unusedimports" priority="4">
Avoid unused imports such as 'org.junit.Assume.assumeTrue'
</violation>
<violation beginline="17" endline="17" begincolumn="1" endcolumn="51" rule="UnusedImports" ruleset="Best Practices" package="org.junit.rules" class="TempFolderRuleTest" externalInfoUrl="https://pmd.github.io/pmd/pmd_rules_java_bestpractices.html#unusedimports" priority="4">
Avoid unused imports such as 'java.lang.reflect.InvocationTargetException'
</violation>
<violation beginline="39" endline="39" begincolumn="13" endcolumn="22" rule="JUnitAssertionsShouldIncludeMessage" ruleset="Best Practices" package="org.junit.rules" class="TempFolderRuleTest$HasTempFolder" method="testUsingTempFolder" externalInfoUrl="https://pmd.github.io/pmd/pmd_rules_java_bestpractices.html#junitassertionsshouldincludemessage" priority="3">
JUnit assertions should include a message
</violation>
<violation beginline="46" endline="46" begincolumn="13" endcolumn="22" rule="JUnitAssertionsShouldIncludeMessage" ruleset="Best Practices" package="org.junit.rules" class="TempFolderRuleTest$HasTempFolder" method="testTempFolderLocation" externalInfoUrl="https://pmd.github.io/pmd/pmd_rules_java_bestpractices.html#junitassertionsshouldincludemessage" priority="3">
JUnit assertions should include a message
</violation>
<violation beginline="51" endline="54" begincolumn="12" endcolumn="5" rule="JUnitTestContainsTooManyAsserts" ruleset="Best Practices" package="org.junit.rules" class="TempFolderRuleTest" method="tempFolderIsDeleted" externalInfoUrl="https://pmd.github.io/pmd/pmd_rules_java_bestpractices.html#junittestcontainstoomanyasserts" priority="3">
Unit tests should not contain more than 1 assert(s).
</violation>
<violation beginline="52" endline="52" begincolumn="9" endcolumn="18" rule="JUnitAssertionsShouldIncludeMessage" ruleset="Best Practices" package="org.junit.rules" class="TempFolderRuleTest" method="tempFolderIsDeleted" externalInfoUrl="https://pmd.github.io/pmd/pmd_rules_java_bestpractices.html#junitassertionsshouldincludemessage" priority="3">
JUnit assertions should include a message
</violation>
<violation beginline="53" endline="53" begincolumn="9" endcolumn="19" rule="JUnitAssertionsShouldIncludeMessage" ruleset="Best Practices" package="org.junit.rules" class="TempFolderRuleTest" method="tempFolderIsDeleted" externalInfoUrl="https://pmd.github.io/pmd/pmd_rules_java_bestpractices.html#junitassertionsshouldincludemessage" priority="3">
JUnit assertions should include a message
</violation>
<violation beginline="63" endline="63" begincolumn="31" endcolumn="37" rule="AvoidDuplicateLiterals" ruleset="Error Prone" package="org.junit.rules" class="TempFolderRuleTest$CreatesSubFolder" method="testUsingTempFolderStringReflection" externalInfoUrl="https://pmd.github.io/pmd/pmd_rules_java_errorprone.html#avoidduplicateliterals" priority="3">
The String literal "a.txt" appears 4 times in this file; the first occurrence is on line 63
</violation>
<violation beginline="72" endline="72" begincolumn="13" endcolumn="22" rule="JUnitAssertionsShouldIncludeMessage" ruleset="Best Practices" package="org.junit.rules" class="TempFolderRuleTest$CreatesSubFolder" method="testUsingTempFolderStringReflection" externalInfoUrl="https://pmd.github.io/pmd/pmd_rules_java_bestpractices.html#junitassertionsshouldincludemessage" priority="3">
JUnit assertions should include a message
</violation>
<violation beginline="85" endline="85" begincolumn="13" endcolumn="22" rule="JUnitAssertionsShouldIncludeMessage" ruleset="Best Practices" package="org.junit.rules" class="TempFolderRuleTest$CreatesSubFolder" method="testUsingTempFolderString" externalInfoUrl="https://pmd.github.io/pmd/pmd_rules_java_bestpractices.html#junitassertionsshouldincludemessage" priority="3">
JUnit assertions should include a message
</violation>
<violation beginline="99" endline="99" begincolumn="13" endcolumn="22" rule="JUnitAssertionsShouldIncludeMessage" ruleset="Best Practices" package="org.junit.rules" class="TempFolderRuleTest$CreatesSubFolder" method="testUsingTempTreeFolders" externalInfoUrl="https://pmd.github.io/pmd/pmd_rules_java_bestpractices.html#junitassertionsshouldincludemessage" priority="3">
JUnit assertions should include a message
</violation>
<violation beginline="112" endline="115" begincolumn="12" endcolumn="5" rule="JUnitTestContainsTooManyAsserts" ruleset="Best Practices" package="org.junit.rules" class="TempFolderRuleTest" method="subFolderIsDeleted" externalInfoUrl="https://pmd.github.io/pmd/pmd_rules_java_bestpractices.html#junittestcontainstoomanyasserts" priority="3">
Unit tests should not contain more than 1 assert(s).
</violation>
<violation beginline="113" endline="113" begincolumn="9" endcolumn="18" rule="JUnitAssertionsShouldIncludeMessage" ruleset="Best Practices" package="org.junit.rules" class="TempFolderRuleTest" method="subFolderIsDeleted" externalInfoUrl="https://pmd.github.io/pmd/pmd_rules_java_bestpractices.html#junitassertionsshouldincludemessage" priority="3">
JUnit assertions should include a message
</violation>
<violation beginline="114" endline="114" begincolumn="9" endcolumn="19" rule="JUnitAssertionsShouldIncludeMessage" ruleset="Best Practices" package="org.junit.rules" class="TempFolderRuleTest" method="subFolderIsDeleted" externalInfoUrl="https://pmd.github.io/pmd/pmd_rules_java_bestpractices.html#junitassertionsshouldincludemessage" priority="3">
JUnit assertions should include a message
</violation>
<violation beginline="122" endline="130" begincolumn="16" endcolumn="9" rule="JUnitTestContainsTooManyAsserts" ruleset="Best Practices" package="org.junit.rules" class="TempFolderRuleTest$CreatesRandomSubFolders" method="testUsingRandomTempFolders" externalInfoUrl="https://pmd.github.io/pmd/pmd_rules_java_bestpractices.html#junittestcontainstoomanyasserts" priority="3">
Unit tests should not contain more than 1 assert(s).
</violation>
<violation beginline="125" endline="125" begincolumn="17" endcolumn="26" rule="JUnitAssertionsShouldIncludeMessage" ruleset="Best Practices" package="org.junit.rules" class="TempFolderRuleTest$CreatesRandomSubFolders" method="testUsingRandomTempFolders" externalInfoUrl="https://pmd.github.io/pmd/pmd_rules_java_bestpractices.html#junitassertionsshouldincludemessage" priority="3">
JUnit assertions should include a message
</violation>
<violation beginline="128" endline="128" begincolumn="17" endcolumn="26" rule="JUnitAssertionsShouldIncludeMessage" ruleset="Best Practices" package="org.junit.rules" class="TempFolderRuleTest$CreatesRandomSubFolders" method="testUsingRandomTempFolders" externalInfoUrl="https://pmd.github.io/pmd/pmd_rules_java_bestpractices.html#junitassertionsshouldincludemessage" priority="3">
JUnit assertions should include a message
</violation>
<violation beginline="134" endline="139" begincolumn="12" endcolumn="5" rule="JUnitTestContainsTooManyAsserts" ruleset="Best Practices" package="org.junit.rules" class="TempFolderRuleTest" method="randomSubFoldersAreDeleted" externalInfoUrl="https://pmd.github.io/pmd/pmd_rules_java_bestpractices.html#junittestcontainstoomanyasserts" priority="3">
Unit tests should not contain more than 1 assert(s).
</violation>
<violation beginline="135" endline="135" begincolumn="9" endcolumn="18" rule="JUnitAssertionsShouldIncludeMessage" ruleset="Best Practices" package="org.junit.rules" class="TempFolderRuleTest" method="randomSubFoldersAreDeleted" externalInfoUrl="https://pmd.github.io/pmd/pmd_rules_java_bestpractices.html#junitassertionsshouldincludemessage" priority="3">
JUnit assertions should include a message
</violation>
<violation beginline="137" endline="137" begincolumn="13" endcolumn="23" rule="JUnitAssertionsShouldIncludeMessage" ruleset="Best Practices" package="org.junit.rules" class="TempFolderRuleTest" method="randomSubFoldersAreDeleted" externalInfoUrl="https://pmd.github.io/pmd/pmd_rules_java_bestpractices.html#junitassertionsshouldincludemessage" priority="3">
JUnit assertions should include a message
</violation>
<violation beginline="146" endline="153" begincolumn="16" endcolumn="9" rule="JUnitTestContainsTooManyAsserts" ruleset="Best Practices" package="org.junit.rules" class="TempFolderRuleTest$CreatesRandomFiles" method="testUsingRandomTempFiles" externalInfoUrl="https://pmd.github.io/pmd/pmd_rules_java_bestpractices.html#junittestcontainstoomanyasserts" priority="3">
Unit tests should not contain more than 1 assert(s).
</violation>
<violation beginline="149" endline="149" begincolumn="17" endcolumn="26" rule="JUnitAssertionsShouldIncludeMessage" ruleset="Best Practices" package="org.junit.rules" class="TempFolderRuleTest$CreatesRandomFiles" method="testUsingRandomTempFiles" externalInfoUrl="https://pmd.github.io/pmd/pmd_rules_java_bestpractices.html#junitassertionsshouldincludemessage" priority="3">
JUnit assertions should include a message
</violation>
<violation beginline="151" endline="151" begincolumn="17" endcolumn="26" rule="JUnitAssertionsShouldIncludeMessage" ruleset="Best Practices" package="org.junit.rules" class="TempFolderRuleTest$CreatesRandomFiles" method="testUsingRandomTempFiles" externalInfoUrl="https://pmd.github.io/pmd/pmd_rules_java_bestpractices.html#junitassertionsshouldincludemessage" priority="3">
JUnit assertions should include a message
</violation>
<violation beginline="157" endline="162" begincolumn="12" endcolumn="5" rule="JUnitTestContainsTooManyAsserts" ruleset="Best Practices" package="org.junit.rules" class="TempFolderRuleTest" method="randomFilesAreDeleted" externalInfoUrl="https://pmd.github.io/pmd/pmd_rules_java_bestpractices.html#junittestcontainstoomanyasserts" priority="3">
Unit tests should not contain more than 1 assert(s).
</violation>
<violation beginline="158" endline="158" begincolumn="9" endcolumn="18" rule="JUnitAssertionsShouldIncludeMessage" ruleset="Best Practices" package="org.junit.rules" class="TempFolderRuleTest" method="randomFilesAreDeleted" externalInfoUrl="https://pmd.github.io/pmd/pmd_rules_java_bestpractices.html#junitassertionsshouldincludemessage" priority="3">
JUnit assertions should include a message
</violation>
<violation beginline="160" endline="160" begincolumn="13" endcolumn="23" rule="JUnitAssertionsShouldIncludeMessage" ruleset="Best Practices" package="org.junit.rules" class="TempFolderRuleTest" method="randomFilesAreDeleted" externalInfoUrl="https://pmd.github.io/pmd/pmd_rules_java_bestpractices.html#junitassertionsshouldincludemessage" priority="3">
JUnit assertions should include a message
</violation>
<violation beginline="165" endline="172" begincolumn="12" endcolumn="5" rule="JUnitTestContainsTooManyAsserts" ruleset="Best Practices" package="org.junit.rules" class="TempFolderRuleTest" method="recursiveDeleteFolderWithOneElement" externalInfoUrl="https://pmd.github.io/pmd/pmd_rules_java_bestpractices.html#junittestcontainstoomanyasserts" priority="3">
Unit tests should not contain more than 1 assert(s).
</violation>
<violation beginline="170" endline="170" begincolumn="9" endcolumn="19" rule="JUnitAssertionsShouldIncludeMessage" ruleset="Best Practices" package="org.junit.rules" class="TempFolderRuleTest" method="recursiveDeleteFolderWithOneElement" externalInfoUrl="https://pmd.github.io/pmd/pmd_rules_java_bestpractices.html#junitassertionsshouldincludemessage" priority="3">
JUnit assertions should include a message
</violation>
<violation beginline="171" endline="171" begincolumn="9" endcolumn="19" rule="JUnitAssertionsShouldIncludeMessage" ruleset="Best Practices" package="org.junit.rules" class="TempFolderRuleTest" method="recursiveDeleteFolderWithOneElement" externalInfoUrl="https://pmd.github.io/pmd/pmd_rules_java_bestpractices.html#junitassertionsshouldincludemessage" priority="3">
JUnit assertions should include a message
</violation>
<violation beginline="175" endline="182" begincolumn="12" endcolumn="5" rule="JUnitTestContainsTooManyAsserts" ruleset="Best Practices" package="org.junit.rules" class="TempFolderRuleTest" method="recursiveDeleteFolderWithOneRandomElement" externalInfoUrl="https://pmd.github.io/pmd/pmd_rules_java_bestpractices.html#junittestcontainstoomanyasserts" priority="3">
Unit tests should not contain more than 1 assert(s).
</violation>
<violation beginline="180" endline="180" begincolumn="9" endcolumn="19" rule="JUnitAssertionsShouldIncludeMessage" ruleset="Best Practices" package="org.junit.rules" class="TempFolderRuleTest" method="recursiveDeleteFolderWithOneRandomElement" externalInfoUrl="https://pmd.github.io/pmd/pmd_rules_java_bestpractices.html#junitassertionsshouldincludemessage" priority="3">
JUnit assertions should include a message
</violation>
<violation beginline="181" endline="181" begincolumn="9" endcolumn="19" rule="JUnitAssertionsShouldIncludeMessage" ruleset="Best Practices" package="org.junit.rules" class="TempFolderRuleTest" method="recursiveDeleteFolderWithOneRandomElement" externalInfoUrl="https://pmd.github.io/pmd/pmd_rules_java_bestpractices.html#junitassertionsshouldincludemessage" priority="3">
JUnit assertions should include a message
</violation>
<violation beginline="189" endline="189" begincolumn="9" endcolumn="19" rule="JUnitAssertionsShouldIncludeMessage" ruleset="Best Practices" package="org.junit.rules" class="TempFolderRuleTest" method="recursiveDeleteFolderWithZeroElements" externalInfoUrl="https://pmd.github.io/pmd/pmd_rules_java_bestpractices.html#junitassertionsshouldincludemessage" priority="3">
JUnit assertions should include a message
</violation>
<violation beginline="197" endline="197" begincolumn="43" endcolumn="122" rule="UseDiamondOperator" ruleset="Code Style" package="org.junit.rules" class="TempFolderRuleTest" method="tempFolderIsOnlyAccessibleByOwner" externalInfoUrl="https://pmd.github.io/pmd/pmd_rules_java_codestyle.html#usediamondoperator" priority="3">
Explicit type arguments can be replaced by Diamond Operator
</violation>
<violation beginline="199" endline="199" begincolumn="9" endcolumn="20" rule="JUnitAssertionsShouldIncludeMessage" ruleset="Best Practices" package="org.junit.rules" class="TempFolderRuleTest" method="tempFolderIsOnlyAccessibleByOwner" externalInfoUrl="https://pmd.github.io/pmd/pmd_rules_java_bestpractices.html#junitassertionsshouldincludemessage" priority="3">
JUnit assertions should include a message
</violation>
<violation beginline="210" endline="210" begincolumn="54" endcolumn="74" rule="UseDiamondOperator" ruleset="Code Style" package="org.junit.rules" class="TempFolderRuleTest" method="getPosixFilePermissions" externalInfoUrl="https://pmd.github.io/pmd/pmd_rules_java_codestyle.html#usediamondoperator" priority="3">
Explicit type arguments can be replaced by Diamond Operator
</violation>
<violation beginline="215" endline="215" begincolumn="18" endcolumn="26" rule="AvoidCatchingGenericException" ruleset="Design" package="org.junit.rules" class="TempFolderRuleTest" method="getPosixFilePermissions" externalInfoUrl="https://pmd.github.io/pmd/pmd_rules_java_design.html#avoidcatchinggenericexception" priority="3">
Avoid catching generic exceptions such as NullPointerException, RuntimeException, Exception in try-catch block
</violation>
<violation beginline="225" endline="228" begincolumn="16" endcolumn="9" rule="JUnitTestsShouldIncludeAssert" ruleset="Best Practices" package="org.junit.rules" class="TempFolderRuleTest$NameClashes" method="fileWithFileClash" externalInfoUrl="https://pmd.github.io/pmd/pmd_rules_java_bestpractices.html#junittestsshouldincludeassert" priority="3">
JUnit tests should include assert() or fail()
</violation>
<violation beginline="231" endline="234" begincolumn="16" endcolumn="9" rule="JUnitTestsShouldIncludeAssert" ruleset="Best Practices" package="org.junit.rules" class="TempFolderRuleTest$NameClashes" method="fileWithFolderTest" externalInfoUrl="https://pmd.github.io/pmd/pmd_rules_java_bestpractices.html#junittestsshouldincludeassert" priority="3">
JUnit tests should include assert() or fail()
</violation>
<violation beginline="239" endline="239" begincolumn="9" endcolumn="18" rule="JUnitAssertionsShouldIncludeMessage" ruleset="Best Practices" package="org.junit.rules" class="TempFolderRuleTest" method="nameClashesResultInTestFailures" externalInfoUrl="https://pmd.github.io/pmd/pmd_rules_java_bestpractices.html#junitassertionsshouldincludemessage" priority="3">
JUnit assertions should include a message
</violation>
<violation beginline="242" endline="242" begincolumn="26" endcolumn="65" rule="FieldDeclarationsShouldBeAtStartOfClass" ruleset="Code Style" package="org.junit.rules" class="TempFolderRuleTest" variable="VariableDeclaratorId" externalInfoUrl="https://pmd.github.io/pmd/pmd_rules_java_codestyle.html#fielddeclarationsshouldbeatstartofclass" priority="3">
Fields should be declared at the top of the class, before any method declarations, constructors, initializers or inner classes.
</violation>
<violation beginline="244" endline="244" begincolumn="26" endcolumn="65" rule="FieldDeclarationsShouldBeAtStartOfClass" ruleset="Code Style" package="org.junit.rules" class="TempFolderRuleTest" variable="VariableDeclaratorId" externalInfoUrl="https://pmd.github.io/pmd/pmd_rules_java_codestyle.html#fielddeclarationsshouldbeatstartofclass" priority="3">
Fields should be declared at the top of the class, before any method declarations, constructors, initializers or inner classes.
</violation>
<violation beginline="246" endline="246" begincolumn="26" endcolumn="69" rule="FieldDeclarationsShouldBeAtStartOfClass" ruleset="Code Style" package="org.junit.rules" class="TempFolderRuleTest" variable="VariableDeclaratorId" externalInfoUrl="https://pmd.github.io/pmd/pmd_rules_java_codestyle.html#fielddeclarationsshouldbeatstartofclass" priority="3">
Fields should be declared at the top of the class, before any method declarations, constructors, initializers or inner classes.
</violation>
<violation beginline="252" endline="254" begincolumn="16" endcolumn="9" rule="JUnitTestsShouldIncludeAssert" ruleset="Best Practices" package="org.junit.rules" class="TempFolderRuleTest$IncorrectUsage" method="testGetRoot" externalInfoUrl="https://pmd.github.io/pmd/pmd_rules_java_bestpractices.html#junittestsshouldincludeassert" priority="3">
JUnit tests should include assert() or fail()
</violation>
<violation beginline="257" endline="259" begincolumn="16" endcolumn="9" rule="JUnitTestsShouldIncludeAssert" ruleset="Best Practices" package="org.junit.rules" class="TempFolderRuleTest$IncorrectUsage" method="testNewFile" externalInfoUrl="https://pmd.github.io/pmd/pmd_rules_java_bestpractices.html#junittestsshouldincludeassert" priority="3">
JUnit tests should include assert() or fail()
</violation>
<violation beginline="262" endline="264" begincolumn="16" endcolumn="9" rule="JUnitTestsShouldIncludeAssert" ruleset="Best Practices" package="org.junit.rules" class="TempFolderRuleTest$IncorrectUsage" method="testNewFolder" externalInfoUrl="https://pmd.github.io/pmd/pmd_rules_java_bestpractices.html#junittestsshouldincludeassert" priority="3">
JUnit tests should include assert() or fail()
</violation>
<violation beginline="268" endline="273" begincolumn="12" endcolumn="5" rule="JUnitTestContainsTooManyAsserts" ruleset="Best Practices" package="org.junit.rules" class="TempFolderRuleTest" method="incorrectUsageWithoutApplyingTheRuleShouldNotPolluteTheCurrentWorkingDirectory" externalInfoUrl="https://pmd.github.io/pmd/pmd_rules_java_bestpractices.html#junittestcontainstoomanyasserts" priority="3">
Unit tests should not contain more than 1 assert(s).
</violation>
<violation beginline="269" endline="269" begincolumn="9" endcolumn="18" rule="JUnitAssertionsShouldIncludeMessage" ruleset="Best Practices" package="org.junit.rules" class="TempFolderRuleTest" method="incorrectUsageWithoutApplyingTheRuleShouldNotPolluteTheCurrentWorkingDirectory" externalInfoUrl="https://pmd.github.io/pmd/pmd_rules_java_bestpractices.html#junitassertionsshouldincludemessage" priority="3">
JUnit assertions should include a message
</violation>
</file>
<file name="C:\Users\Deyan\Downloads\junit4-r4.13.2\src\test\java\org\junit\rules\TemporaryFolderRuleAssuredDeletionTest.java">
<violation beginline="1" endline="45" begincolumn="1" endcolumn="2" rule="TooManyStaticImports" ruleset="Code Style" package="org.junit.rules" class="TemporaryFolderRuleAssuredDeletionTest" externalInfoUrl="https://pmd.github.io/pmd/pmd_rules_java_codestyle.html#toomanystaticimports" priority="3">
Too many static imports may lead to messy code
</violation>
<violation beginline="16" endline="16" begincolumn="9" endcolumn="44" rule="DefaultPackage" ruleset="Code Style" package="org.junit.rules" class="TemporaryFolderRuleAssuredDeletionTest$TestClass" externalInfoUrl="https://pmd.github.io/pmd/pmd_rules_java_codestyle.html#defaultpackage" priority="3">
Use explicit scoping instead of the default package private level
</violation>
<violation beginline="22" endline="26" begincolumn="16" endcolumn="9" rule="JUnitTestsShouldIncludeAssert" ruleset="Best Practices" package="org.junit.rules" class="TemporaryFolderRuleAssuredDeletionTest$TestClass" method="alwaysPassesButDeletesRootFolder" externalInfoUrl="https://pmd.github.io/pmd/pmd_rules_java_bestpractices.html#junittestsshouldincludeassert" priority="3">
JUnit tests should include assert() or fail()
</violation>
<violation beginline="30" endline="37" begincolumn="12" endcolumn="5" rule="JUnitTestContainsTooManyAsserts" ruleset="Best Practices" package="org.junit.rules" class="TemporaryFolderRuleAssuredDeletionTest" method="testFailsWhenCreatedFolderCannotBeDeletedButDeletionIsAssured" externalInfoUrl="https://pmd.github.io/pmd/pmd_rules_java_bestpractices.html#junittestcontainstoomanyasserts" priority="3">
Unit tests should not contain more than 1 assert(s).
</violation>
<violation beginline="35" endline="35" begincolumn="9" endcolumn="18" rule="JUnitAssertionsShouldIncludeMessage" ruleset="Best Practices" package="org.junit.rules" class="TemporaryFolderRuleAssuredDeletionTest" method="testFailsWhenCreatedFolderCannotBeDeletedButDeletionIsAssured" externalInfoUrl="https://pmd.github.io/pmd/pmd_rules_java_bestpractices.html#junitassertionsshouldincludemessage" priority="3">
JUnit assertions should include a message
</violation>
<violation beginline="36" endline="36" begincolumn="9" endcolumn="18" rule="JUnitAssertionsShouldIncludeMessage" ruleset="Best Practices" package="org.junit.rules" class="TemporaryFolderRuleAssuredDeletionTest" method="testFailsWhenCreatedFolderCannotBeDeletedButDeletionIsAssured" externalInfoUrl="https://pmd.github.io/pmd/pmd_rules_java_bestpractices.html#junitassertionsshouldincludemessage" priority="3">
JUnit assertions should include a message
</violation>
<violation beginline="43" endline="43" begincolumn="9" endcolumn="18" rule="JUnitAssertionsShouldIncludeMessage" ruleset="Best Practices" package="org.junit.rules" class="TemporaryFolderRuleAssuredDeletionTest" method="byDefaultTestDoesNotFailWhenCreatedFolderCannotBeDeleted" externalInfoUrl="https://pmd.github.io/pmd/pmd_rules_java_bestpractices.html#junitassertionsshouldincludemessage" priority="3">
JUnit assertions should include a message
</violation>
</file>
<file name="C:\Users\Deyan\Downloads\junit4-r4.13.2\src\test\java\org\junit\rules\TemporaryFolderUsageTest.java">
<violation beginline="1" endline="302" begincolumn="1" endcolumn="2" rule="TooManyStaticImports" ruleset="Code Style" package="org.junit.rules" class="TemporaryFolderUsageTest" externalInfoUrl="https://pmd.github.io/pmd/pmd_rules_java_codestyle.html#toomanystaticimports" priority="3">
Too many static imports may lead to messy code
</violation>
<violation beginline="74" endline="74" begincolumn="41" endcolumn="48" rule="AvoidDuplicateLiterals" ruleset="Error Prone" package="org.junit.rules" class="TemporaryFolderUsageTest" method="newFolderWithGivenPathThrowsIllegalStateExceptionIfCreateWasNotInvoked" externalInfoUrl="https://pmd.github.io/pmd/pmd_rules_java_errorprone.html#avoidduplicateliterals" priority="3">
The String literal "level1" appears 9 times in this file; the first occurrence is on line 74
</violation>
<violation beginline="74" endline="74" begincolumn="51" endcolumn="58" rule="AvoidDuplicateLiterals" ruleset="Error Prone" package="org.junit.rules" class="TemporaryFolderUsageTest" method="newFolderWithGivenPathThrowsIllegalStateExceptionIfCreateWasNotInvoked" externalInfoUrl="https://pmd.github.io/pmd/pmd_rules_java_errorprone.html#avoidduplicateliterals" priority="3">
The String literal "level2" appears 4 times in this file; the first occurrence is on line 74
</violation>
<violation beginline="74" endline="74" begincolumn="61" endcolumn="68" rule="AvoidDuplicateLiterals" ruleset="Error Prone" package="org.junit.rules" class="TemporaryFolderUsageTest" method="newFolderWithGivenPathThrowsIllegalStateExceptionIfCreateWasNotInvoked" externalInfoUrl="https://pmd.github.io/pmd/pmd_rules_java_errorprone.html#avoidduplicateliterals" priority="3">
The String literal "level3" appears 4 times in this file; the first occurrence is on line 74
</violation>
<violation beginline="115" endline="115" begincolumn="55" endcolumn="61" rule="AvoidDuplicateLiterals" ruleset="Error Prone" package="org.junit.rules" class="TemporaryFolderUsageTest" method="newFolderWithPathStartingWithFileSeparatorThrowsIOException" externalInfoUrl="https://pmd.github.io/pmd/pmd_rules_java_errorprone.html#avoidduplicateliterals" priority="3">
The String literal "temp1" appears 9 times in this file; the first occurrence is on line 115
</violation>
<violation beginline="126" endline="133" begincolumn="12" endcolumn="5" rule="JUnitTestContainsTooManyAsserts" ruleset="Best Practices" package="org.junit.rules" class="TemporaryFolderUsageTest" method="newFolderWithPathContainingFileSeparatorCreatesDirectories" externalInfoUrl="https://pmd.github.io/pmd/pmd_rules_java_bestpractices.html#junittestcontainstoomanyasserts" priority="3">
Unit tests should not contain more than 1 assert(s).
</violation>
<violation beginline="129" endline="129" begincolumn="57" endcolumn="63" rule="AvoidDuplicateLiterals" ruleset="Error Prone" package="org.junit.rules" class="TemporaryFolderUsageTest" method="newFolderWithPathContainingFileSeparatorCreatesDirectories" externalInfoUrl="https://pmd.github.io/pmd/pmd_rules_java_errorprone.html#avoidduplicateliterals" priority="3">
The String literal "temp2" appears 5 times in this file; the first occurrence is on line 129
</violation>
<violation beginline="136" endline="143" begincolumn="12" endcolumn="5" rule="JUnitTestContainsTooManyAsserts" ruleset="Best Practices" package="org.junit.rules" class="TemporaryFolderUsageTest" method="newFolderWithPathContainingForwardSlashCreatesDirectories" externalInfoUrl="https://pmd.github.io/pmd/pmd_rules_java_bestpractices.html#junittestcontainstoomanyasserts" priority="3">
Unit tests should not contain more than 1 assert(s).
</violation>
<violation beginline="166" endline="175" begincolumn="12" endcolumn="5" rule="JUnitTestContainsTooManyAsserts" ruleset="Best Practices" package="org.junit.rules" class="TemporaryFolderUsageTest" method="newFolderWithPathsContainingForwardSlashCreatesFullPath" externalInfoUrl="https://pmd.github.io/pmd/pmd_rules_java_bestpractices.html#junittestcontainstoomanyasserts" priority="3">
Unit tests should not contain more than 1 assert(s).
</violation>
<violation beginline="178" endline="187" begincolumn="12" endcolumn="5" rule="JUnitTestContainsTooManyAsserts" ruleset="Best Practices" package="org.junit.rules" class="TemporaryFolderUsageTest" method="newFolderWithPathsContainingFileSeparatorCreatesFullPath" externalInfoUrl="https://pmd.github.io/pmd/pmd_rules_java_bestpractices.html#junittestcontainstoomanyasserts" priority="3">
Unit tests should not contain more than 1 assert(s).
</violation>
<violation beginline="196" endline="198" begincolumn="12" endcolumn="5" rule="JUnitTestsShouldIncludeAssert" ruleset="Best Practices" package="org.junit.rules" class="TemporaryFolderUsageTest" method="deleteShouldDoNothingIfRootFolderWasNotInitialized" externalInfoUrl="https://pmd.github.io/pmd/pmd_rules_java_bestpractices.html#junittestsshouldincludeassert" priority="3">
JUnit tests should include assert() or fail()
</violation>
<violation beginline="208" endline="214" begincolumn="12" endcolumn="5" rule="JUnitTestContainsTooManyAsserts" ruleset="Best Practices" package="org.junit.rules" class="TemporaryFolderUsageTest" method="newRandomFileIsCreatedUnderRootFolder" externalInfoUrl="https://pmd.github.io/pmd/pmd_rules_java_bestpractices.html#junittestcontainstoomanyasserts" priority="3">
Unit tests should not contain more than 1 assert(s).
</violation>
<violation beginline="217" endline="226" begincolumn="12" endcolumn="5" rule="JUnitTestContainsTooManyAsserts" ruleset="Best Practices" package="org.junit.rules" class="TemporaryFolderUsageTest" method="newNamedFileIsCreatedUnderRootFolder" externalInfoUrl="https://pmd.github.io/pmd/pmd_rules_java_bestpractices.html#junittestcontainstoomanyasserts" priority="3">
Unit tests should not contain more than 1 assert(s).
</violation>
<violation beginline="229" endline="235" begincolumn="12" endcolumn="5" rule="JUnitTestContainsTooManyAsserts" ruleset="Best Practices" package="org.junit.rules" class="TemporaryFolderUsageTest" method="newRandomFolderIsCreatedUnderRootFolder" externalInfoUrl="https://pmd.github.io/pmd/pmd_rules_java_bestpractices.html#junittestcontainstoomanyasserts" priority="3">
Unit tests should not contain more than 1 assert(s).
</violation>
<violation beginline="238" endline="249" begincolumn="12" endcolumn="5" rule="JUnitTestContainsTooManyAsserts" ruleset="Best Practices" package="org.junit.rules" class="TemporaryFolderUsageTest" method="newNestedFoldersCreatedUnderRootFolder" externalInfoUrl="https://pmd.github.io/pmd/pmd_rules_java_bestpractices.html#junittestcontainstoomanyasserts" priority="3">
Unit tests should not contain more than 1 assert(s).
</violation>
<violation beginline="258" endline="258" begincolumn="9" endcolumn="18" rule="JUnitAssertionsShouldIncludeMessage" ruleset="Best Practices" package="org.junit.rules" class="TemporaryFolderUsageTest" method="canSetTheBaseFileForATemporaryFolder" externalInfoUrl="https://pmd.github.io/pmd/pmd_rules_java_bestpractices.html#junitassertionsshouldincludemessage" priority="3">
JUnit assertions should include a message
</violation>
</file>
<file name="C:\Users\Deyan\Downloads\junit4-r4.13.2\src\test\java\org\junit\rules\TestRuleTest.java">
<violation beginline="1" endline="610" begincolumn="1" endcolumn="2" rule="TooManyStaticImports" ruleset="Code Style" package="org.junit.rules" class="TestRuleTest" externalInfoUrl="https://pmd.github.io/pmd/pmd_rules_java_codestyle.html#toomanystaticimports" priority="3">
Too many static imports may lead to messy code
</violation>
<violation beginline="42" endline="44" begincolumn="31" endcolumn="9" rule="UncommentedEmptyMethodBody" ruleset="Documentation" package="org.junit.rules" class="TestRuleTest$ExampleTest" method="nothing" externalInfoUrl="https://pmd.github.io/pmd/pmd_rules_java_documentation.html#uncommentedemptymethodbody" priority="3">
Document empty method body
</violation>
<violation beginline="42" endline="44" begincolumn="16" endcolumn="9" rule="JUnitTestsShouldIncludeAssert" ruleset="Best Practices" package="org.junit.rules" class="TestRuleTest$ExampleTest" method="nothing" externalInfoUrl="https://pmd.github.io/pmd/pmd_rules_java_bestpractices.html#junittestsshouldincludeassert" priority="3">
JUnit tests should include assert() or fail()
</violation>
<violation beginline="51" endline="51" begincolumn="9" endcolumn="18" rule="JUnitAssertionsShouldIncludeMessage" ruleset="Best Practices" package="org.junit.rules" class="TestRuleTest" method="ruleIsIntroducedAndEvaluated" externalInfoUrl="https://pmd.github.io/pmd/pmd_rules_java_bestpractices.html#junitassertionsshouldincludemessage" priority="3">
JUnit assertions should include a message
</violation>
<violation beginline="54" endline="54" begincolumn="62" endcolumn="87" rule="UnnecessaryFullyQualifiedName" ruleset="Code Style" package="org.junit.rules" class="TestRuleTest$BothKindsOfRule" externalInfoUrl="https://pmd.github.io/pmd/pmd_rules_java_codestyle.html#unnecessaryfullyqualifiedname" priority="4">
Unnecessary use of fully qualified name 'org.junit.rules.MethodRule' due to existing same package import 'org.junit.rules.*'
</violation>
<violation beginline="55" endline="55" begincolumn="20" endcolumn="35" rule="RedundantFieldInitializer" ruleset="Performance" package="org.junit.rules" class="TestRuleTest$BothKindsOfRule" variable="applications" externalInfoUrl="https://pmd.github.io/pmd/pmd_rules_java_performance.html#redundantfieldinitializer" priority="3">
Avoid using redundant field initializer for 'applications'
</violation>
<violation beginline="75" endline="75" begincolumn="13" endcolumn="24" rule="JUnitAssertionsShouldIncludeMessage" ruleset="Best Practices" package="org.junit.rules" class="TestRuleTest$OneFieldTwoKindsOfRule" method="onlyOnce" externalInfoUrl="https://pmd.github.io/pmd/pmd_rules_java_bestpractices.html#junitassertionsshouldincludemessage" priority="3">
JUnit assertions should include a message
</violation>
<violation beginline="82" endline="82" begincolumn="9" endcolumn="18" rule="JUnitAssertionsShouldIncludeMessage" ruleset="Best Practices" package="org.junit.rules" class="TestRuleTest" method="onlyApplyOnceEvenIfImplementsBothInterfaces" externalInfoUrl="https://pmd.github.io/pmd/pmd_rules_java_bestpractices.html#junitassertionsshouldincludemessage" priority="3">
JUnit assertions should include a message
</violation>
<violation beginline="93" endline="93" begincolumn="9" endcolumn="18" rule="JUnitAssertionsShouldIncludeMessage" ruleset="Best Practices" package="org.junit.rules" class="TestRuleTest" method="ruleIsIntroducedAndEvaluatedOnSubclass" externalInfoUrl="https://pmd.github.io/pmd/pmd_rules_java_bestpractices.html#junitassertionsshouldincludemessage" priority="3">
JUnit assertions should include a message
</violation>
<violation beginline="96" endline="96" begincolumn="20" endcolumn="32" rule="FieldDeclarationsShouldBeAtStartOfClass" ruleset="Code Style" package="org.junit.rules" class="TestRuleTest" variable="VariableDeclaratorId" externalInfoUrl="https://pmd.github.io/pmd/pmd_rules_java_codestyle.html#fielddeclarationsshouldbeatstartofclass" priority="3">
Fields should be declared at the top of the class, before any method declarations, constructors, initializers or inner classes.
</violation>
<violation beginline="112" endline="112" begincolumn="16" endcolumn="55" rule="FieldDeclarationsShouldBeAtStartOfClass" ruleset="Code Style" package="org.junit.rules" class="TestRuleTest$MultipleRuleTest" variable="VariableDeclaratorId" externalInfoUrl="https://pmd.github.io/pmd/pmd_rules_java_codestyle.html#fielddeclarationsshouldbeatstartofclass" priority="3">
Fields should be declared at the top of the class, before any method declarations, constructors, initializers or inner classes.
</violation>
<violation beginline="115" endline="115" begincolumn="16" endcolumn="55" rule="FieldDeclarationsShouldBeAtStartOfClass" ruleset="Code Style" package="org.junit.rules" class="TestRuleTest$MultipleRuleTest" variable="VariableDeclaratorId" externalInfoUrl="https://pmd.github.io/pmd/pmd_rules_java_codestyle.html#fielddeclarationsshouldbeatstartofclass" priority="3">
Fields should be declared at the top of the class, before any method declarations, constructors, initializers or inner classes.
</violation>
<violation beginline="118" endline="120" begincolumn="31" endcolumn="9" rule="UncommentedEmptyMethodBody" ruleset="Documentation" package="org.junit.rules" class="TestRuleTest$MultipleRuleTest" method="nothing" externalInfoUrl="https://pmd.github.io/pmd/pmd_rules_java_documentation.html#uncommentedemptymethodbody" priority="3">
Document empty method body
</violation>
<violation beginline="118" endline="120" begincolumn="16" endcolumn="9" rule="JUnitTestsShouldIncludeAssert" ruleset="Best Practices" package="org.junit.rules" class="TestRuleTest$MultipleRuleTest" method="nothing" externalInfoUrl="https://pmd.github.io/pmd/pmd_rules_java_bestpractices.html#junittestsshouldincludeassert" priority="3">
JUnit tests should include assert() or fail()
</violation>
<violation beginline="127" endline="127" begincolumn="9" endcolumn="20" rule="JUnitAssertionsShouldIncludeMessage" ruleset="Best Practices" package="org.junit.rules" class="TestRuleTest" method="multipleRulesAreRun" externalInfoUrl="https://pmd.github.io/pmd/pmd_rules_java_bestpractices.html#junitassertionsshouldincludemessage" priority="3">
JUnit assertions should include a message
</violation>
<violation beginline="134" endline="136" begincolumn="31" endcolumn="9" rule="UncommentedEmptyMethodBody" ruleset="Documentation" package="org.junit.rules" class="TestRuleTest$NoRulesTest" method="nothing" externalInfoUrl="https://pmd.github.io/pmd/pmd_rules_java_documentation.html#uncommentedemptymethodbody" priority="3">
Document empty method body
</violation>
<violation beginline="134" endline="136" begincolumn="16" endcolumn="9" rule="JUnitTestsShouldIncludeAssert" ruleset="Best Practices" package="org.junit.rules" class="TestRuleTest$NoRulesTest" method="nothing" externalInfoUrl="https://pmd.github.io/pmd/pmd_rules_java_bestpractices.html#junittestsshouldincludeassert" priority="3">
JUnit tests should include assert() or fail()
</violation>
<violation beginline="142" endline="142" begincolumn="9" endcolumn="20" rule="JUnitAssertionsShouldIncludeMessage" ruleset="Best Practices" package="org.junit.rules" class="TestRuleTest" method="ignoreNonRules" externalInfoUrl="https://pmd.github.io/pmd/pmd_rules_java_bestpractices.html#junitassertionsshouldincludemessage" priority="3">
JUnit assertions should include a message
</violation>
<violation beginline="145" endline="145" begincolumn="27" endcolumn="29" rule="UnusedPrivateField" ruleset="Best Practices" package="org.junit.rules" class="TestRuleTest" variable="log" externalInfoUrl="https://pmd.github.io/pmd/pmd_rules_java_bestpractices.html#unusedprivatefield" priority="3">
Avoid unused private fields such as 'log'.
</violation>
<violation beginline="145" endline="145" begincolumn="20" endcolumn="30" rule="FieldDeclarationsShouldBeAtStartOfClass" ruleset="Code Style" package="org.junit.rules" class="TestRuleTest" variable="VariableDeclaratorId" externalInfoUrl="https://pmd.github.io/pmd/pmd_rules_java_codestyle.html#fielddeclarationsshouldbeatstartofclass" priority="3">
Fields should be declared at the top of the class, before any method declarations, constructors, initializers or inner classes.
</violation>
<violation beginline="148" endline="148" begincolumn="24" endcolumn="36" rule="AvoidStringBufferField" ruleset="Best Practices" package="org.junit.rules" class="TestRuleTest$BeforesAndAfters" externalInfoUrl="https://pmd.github.io/pmd/pmd_rules_java_bestpractices.html#avoidstringbufferfield" priority="3">
StringBuffers can grow quite a lot, and so may become a source of memory leak (if the owning class has a long life time).
</violation>
<violation beginline="156" endline="156" begincolumn="16" endcolumn="69" rule="FieldDeclarationsShouldBeAtStartOfClass" ruleset="Code Style" package="org.junit.rules" class="TestRuleTest$BeforesAndAfters" variable="VariableDeclaratorId" externalInfoUrl="https://pmd.github.io/pmd/pmd_rules_java_codestyle.html#fielddeclarationsshouldbeatstartofclass" priority="3">
Fields should be declared at the top of the class, before any method declarations, constructors, initializers or inner classes.
</violation>
<violation beginline="164" endline="166" begincolumn="16" endcolumn="9" rule="JUnitTestsShouldIncludeAssert" ruleset="Best Practices" package="org.junit.rules" class="TestRuleTest$BeforesAndAfters" method="succeeds" externalInfoUrl="https://pmd.github.io/pmd/pmd_rules_java_bestpractices.html#junittestsshouldincludeassert" priority="3">
JUnit tests should include assert() or fail()
</violation>
<violation beginline="173" endline="173" begincolumn="9" endcolumn="18" rule="JUnitAssertionsShouldIncludeMessage" ruleset="Best Practices" package="org.junit.rules" class="TestRuleTest" method="beforesAndAfters" externalInfoUrl="https://pmd.github.io/pmd/pmd_rules_java_bestpractices.html#junitassertionsshouldincludemessage" priority="3">
JUnit assertions should include a message
</violation>
<violation beginline="182" endline="183" begincolumn="27" endcolumn="9" rule="UncommentedEmptyMethodBody" ruleset="Documentation" package="org.junit.rules" class="TestRuleTest$WrongTypedField" method="foo" externalInfoUrl="https://pmd.github.io/pmd/pmd_rules_java_documentation.html#uncommentedemptymethodbody" priority="3">
Document empty method body
</violation>
<violation beginline="188" endline="188" begincolumn="9" endcolumn="18" rule="JUnitAssertionsShouldIncludeMessage" ruleset="Best Practices" package="org.junit.rules" class="TestRuleTest" method="validateWrongTypedField" externalInfoUrl="https://pmd.github.io/pmd/pmd_rules_java_bestpractices.html#junitassertionsshouldincludemessage" priority="3">
JUnit assertions should include a message
</violation>
<violation beginline="198" endline="198" begincolumn="9" endcolumn="18" rule="JUnitAssertionsShouldIncludeMessage" ruleset="Best Practices" package="org.junit.rules" class="TestRuleTest" method="validateWrongTypedFieldInSuperclass" externalInfoUrl="https://pmd.github.io/pmd/pmd_rules_java_bestpractices.html#junitassertionsshouldincludemessage" priority="3">
JUnit assertions should include a message
</violation>
<violation beginline="204" endline="204" begincolumn="26" endcolumn="29" rule="UnusedPrivateField" ruleset="Best Practices" package="org.junit.rules" class="TestRuleTest$PrivateRule" variable="rule" externalInfoUrl="https://pmd.github.io/pmd/pmd_rules_java_bestpractices.html#unusedprivatefield" priority="3">
Avoid unused private fields such as 'rule'.
</violation>
<violation beginline="204" endline="204" begincolumn="26" endcolumn="29" rule="ImmutableField" ruleset="Design" package="org.junit.rules" class="TestRuleTest$PrivateRule" variable="rule" externalInfoUrl="https://pmd.github.io/pmd/pmd_rules_java_design.html#immutablefield" priority="3">
Private field 'rule' could be made final; it is only initialized in the declaration or constructor.
</violation>
<violation beginline="207" endline="208" begincolumn="27" endcolumn="9" rule="UncommentedEmptyMethodBody" ruleset="Documentation" package="org.junit.rules" class="TestRuleTest$PrivateRule" method="foo" externalInfoUrl="https://pmd.github.io/pmd/pmd_rules_java_documentation.html#uncommentedemptymethodbody" priority="3">
Document empty method body
</violation>
<violation beginline="213" endline="213" begincolumn="9" endcolumn="18" rule="JUnitAssertionsShouldIncludeMessage" ruleset="Best Practices" package="org.junit.rules" class="TestRuleTest" method="validatePrivateRule" externalInfoUrl="https://pmd.github.io/pmd/pmd_rules_java_bestpractices.html#junitassertionsshouldincludemessage" priority="3">
JUnit assertions should include a message
</violation>
<violation beginline="218" endline="218" begincolumn="23" endcolumn="33" rule="RedundantFieldInitializer" ruleset="Performance" package="org.junit.rules" class="TestRuleTest$CustomTestName" variable="name" externalInfoUrl="https://pmd.github.io/pmd/pmd_rules_java_performance.html#redundantfieldinitializer" priority="3">
Avoid using redundant field initializer for 'name'
</violation>
<violation beginline="237" endline="237" begincolumn="13" endcolumn="24" rule="JUnitAssertionsShouldIncludeMessage" ruleset="Best Practices" package="org.junit.rules" class="TestRuleTest$UsesCustomMethodRule" method="foo" externalInfoUrl="https://pmd.github.io/pmd/pmd_rules_java_bestpractices.html#junitassertionsshouldincludemessage" priority="3">
JUnit assertions should include a message
</violation>
<violation beginline="243" endline="243" begincolumn="9" endcolumn="18" rule="JUnitAssertionsShouldIncludeMessage" ruleset="Best Practices" package="org.junit.rules" class="TestRuleTest" method="useCustomMethodRule" externalInfoUrl="https://pmd.github.io/pmd/pmd_rules_java_bestpractices.html#junitassertionsshouldincludemessage" priority="3">
JUnit assertions should include a message
</violation>
<violation beginline="247" endline="247" begincolumn="26" endcolumn="32" rule="ImmutableField" ruleset="Design" package="org.junit.rules" class="TestRuleTest$MethodExampleTest" variable="example" externalInfoUrl="https://pmd.github.io/pmd/pmd_rules_java_design.html#immutablefield" priority="3">
Private field 'example' could be made final; it is only initialized in the declaration or constructor.
</violation>
<violation beginline="265" endline="267" begincolumn="31" endcolumn="9" rule="UncommentedEmptyMethodBody" ruleset="Documentation" package="org.junit.rules" class="TestRuleTest$MethodExampleTest" method="nothing" externalInfoUrl="https://pmd.github.io/pmd/pmd_rules_java_documentation.html#uncommentedemptymethodbody" priority="3">
Document empty method body
</violation>
<violation beginline="274" endline="274" begincolumn="9" endcolumn="18" rule="JUnitAssertionsShouldIncludeMessage" ruleset="Best Practices" package="org.junit.rules" class="TestRuleTest" method="methodRuleIsIntroducedAndEvaluated" externalInfoUrl="https://pmd.github.io/pmd/pmd_rules_java_bestpractices.html#junitassertionsshouldincludemessage" priority="3">
JUnit assertions should include a message
</violation>
<violation beginline="277" endline="277" begincolumn="68" endcolumn="93" rule="UnnecessaryFullyQualifiedName" ruleset="Code Style" package="org.junit.rules" class="TestRuleTest$MethodBothKindsOfRule" externalInfoUrl="https://pmd.github.io/pmd/pmd_rules_java_codestyle.html#unnecessaryfullyqualifiedname" priority="4">
Unnecessary use of fully qualified name 'org.junit.rules.MethodRule' due to existing same package import 'org.junit.rules.*'
</violation>
<violation beginline="278" endline="278" begincolumn="20" endcolumn="35" rule="RedundantFieldInitializer" ruleset="Performance" package="org.junit.rules" class="TestRuleTest$MethodBothKindsOfRule" variable="applications" externalInfoUrl="https://pmd.github.io/pmd/pmd_rules_java_performance.html#redundantfieldinitializer" priority="3">
Avoid using redundant field initializer for 'applications'
</violation>
<violation beginline="293" endline="293" begincolumn="39" endcolumn="42" rule="ImmutableField" ruleset="Design" package="org.junit.rules" class="TestRuleTest$MethodOneFieldTwoKindsOfRule" variable="both" externalInfoUrl="https://pmd.github.io/pmd/pmd_rules_java_design.html#immutablefield" priority="3">
Private field 'both' could be made final; it is only initialized in the declaration or constructor.
</violation>
<violation beginline="302" endline="302" begincolumn="13" endcolumn="24" rule="JUnitAssertionsShouldIncludeMessage" ruleset="Best Practices" package="org.junit.rules" class="TestRuleTest$MethodOneFieldTwoKindsOfRule" method="onlyOnce" externalInfoUrl="https://pmd.github.io/pmd/pmd_rules_java_bestpractices.html#junitassertionsshouldincludemessage" priority="3">
JUnit assertions should include a message
</violation>
<violation beginline="309" endline="309" begincolumn="9" endcolumn="18" rule="JUnitAssertionsShouldIncludeMessage" ruleset="Best Practices" package="org.junit.rules" class="TestRuleTest" method="methodOnlyApplyOnceEvenIfImplementsBothInterfaces" externalInfoUrl="https://pmd.github.io/pmd/pmd_rules_java_bestpractices.html#junitassertionsshouldincludemessage" priority="3">
JUnit assertions should include a message
</violation>
<violation beginline="320" endline="320" begincolumn="9" endcolumn="18" rule="JUnitAssertionsShouldIncludeMessage" ruleset="Best Practices" package="org.junit.rules" class="TestRuleTest" method="methodRuleIsIntroducedAndEvaluatedOnSubclass" externalInfoUrl="https://pmd.github.io/pmd/pmd_rules_java_bestpractices.html#junitassertionsshouldincludemessage" priority="3">
JUnit assertions should include a message
</violation>
<violation beginline="336" endline="336" begincolumn="17" endcolumn="56" rule="FieldDeclarationsShouldBeAtStartOfClass" ruleset="Code Style" package="org.junit.rules" class="TestRuleTest$MethodMultipleRuleTest" variable="VariableDeclaratorId" externalInfoUrl="https://pmd.github.io/pmd/pmd_rules_java_codestyle.html#fielddeclarationsshouldbeatstartofclass" priority="3">
Fields should be declared at the top of the class, before any method declarations, constructors, initializers or inner classes.
</violation>
<violation beginline="336" endline="336" begincolumn="26" endcolumn="37" rule="ImmutableField" ruleset="Design" package="org.junit.rules" class="TestRuleTest$MethodMultipleRuleTest" variable="incrementor1" externalInfoUrl="https://pmd.github.io/pmd/pmd_rules_java_design.html#immutablefield" priority="3">
Private field 'incrementor1' could be made final; it is only initialized in the declaration or constructor.
</violation>
<violation beginline="343" endline="343" begincolumn="17" endcolumn="56" rule="FieldDeclarationsShouldBeAtStartOfClass" ruleset="Code Style" package="org.junit.rules" class="TestRuleTest$MethodMultipleRuleTest" variable="VariableDeclaratorId" externalInfoUrl="https://pmd.github.io/pmd/pmd_rules_java_codestyle.html#fielddeclarationsshouldbeatstartofclass" priority="3">
Fields should be declared at the top of the class, before any method declarations, constructors, initializers or inner classes.
</violation>
<violation beginline="343" endline="343" begincolumn="26" endcolumn="37" rule="ImmutableField" ruleset="Design" package="org.junit.rules" class="TestRuleTest$MethodMultipleRuleTest" variable="incrementor2" externalInfoUrl="https://pmd.github.io/pmd/pmd_rules_java_design.html#immutablefield" priority="3">
Private field 'incrementor2' could be made final; it is only initialized in the declaration or constructor.
</violation>
<violation beginline="351" endline="353" begincolumn="31" endcolumn="9" rule="UncommentedEmptyMethodBody" ruleset="Documentation" package="org.junit.rules" class="TestRuleTest$MethodMultipleRuleTest" method="nothing" externalInfoUrl="https://pmd.github.io/pmd/pmd_rules_java_documentation.html#uncommentedemptymethodbody" priority="3">
Document empty method body
</violation>
<violation beginline="360" endline="360" begincolumn="9" endcolumn="20" rule="JUnitAssertionsShouldIncludeMessage" ruleset="Best Practices" package="org.junit.rules" class="TestRuleTest" method="methodMultipleRulesAreRun" externalInfoUrl="https://pmd.github.io/pmd/pmd_rules_java_bestpractices.html#junitassertionsshouldincludemessage" priority="3">
JUnit assertions should include a message
</violation>
<violation beginline="367" endline="369" begincolumn="31" endcolumn="9" rule="UncommentedEmptyMethodBody" ruleset="Documentation" package="org.junit.rules" class="TestRuleTest$MethodNoRulesTest" method="nothing" externalInfoUrl="https://pmd.github.io/pmd/pmd_rules_java_documentation.html#uncommentedemptymethodbody" priority="3">
Document empty method body
</violation>
<violation beginline="375" endline="375" begincolumn="9" endcolumn="20" rule="JUnitAssertionsShouldIncludeMessage" ruleset="Best Practices" package="org.junit.rules" class="TestRuleTest" method="methodIgnoreNonRules" externalInfoUrl="https://pmd.github.io/pmd/pmd_rules_java_bestpractices.html#junitassertionsshouldincludemessage" priority="3">
JUnit assertions should include a message
</violation>
<violation beginline="379" endline="379" begincolumn="24" endcolumn="36" rule="AvoidStringBufferField" ruleset="Best Practices" package="org.junit.rules" class="TestRuleTest$BeforesAndAftersAreEnclosedByRule" externalInfoUrl="https://pmd.github.io/pmd/pmd_rules_java_bestpractices.html#avoidstringbufferfield" priority="3">
StringBuffers can grow quite a lot, and so may become a source of memory leak (if the owning class has a long life time).
</violation>
<violation beginline="404" endline="404" begincolumn="9" endcolumn="20" rule="JUnitAssertionsShouldIncludeMessage" ruleset="Best Practices" package="org.junit.rules" class="TestRuleTest" method="beforesAndAftersAreEnclosedByRule" externalInfoUrl="https://pmd.github.io/pmd/pmd_rules_java_bestpractices.html#junitassertionsshouldincludemessage" priority="3">
JUnit assertions should include a message
</violation>
<violation beginline="415" endline="416" begincolumn="27" endcolumn="9" rule="UncommentedEmptyMethodBody" ruleset="Documentation" package="org.junit.rules" class="TestRuleTest$MethodWrongTypedField" method="foo" externalInfoUrl="https://pmd.github.io/pmd/pmd_rules_java_documentation.html#uncommentedemptymethodbody" priority="3">
Document empty method body
</violation>
<violation beginline="421" endline="421" begincolumn="9" endcolumn="18" rule="JUnitAssertionsShouldIncludeMessage" ruleset="Best Practices" package="org.junit.rules" class="TestRuleTest" method="methodValidateWrongTypedField" externalInfoUrl="https://pmd.github.io/pmd/pmd_rules_java_bestpractices.html#junitassertionsshouldincludemessage" priority="3">
JUnit assertions should include a message
</violation>
<violation beginline="431" endline="431" begincolumn="9" endcolumn="18" rule="JUnitAssertionsShouldIncludeMessage" ruleset="Best Practices" package="org.junit.rules" class="TestRuleTest" method="methodValidateWrongTypedFieldInSuperclass" externalInfoUrl="https://pmd.github.io/pmd/pmd_rules_java_bestpractices.html#junitassertionsshouldincludemessage" priority="3">
JUnit assertions should include a message
</violation>
<violation beginline="442" endline="443" begincolumn="27" endcolumn="9" rule="UncommentedEmptyMethodBody" ruleset="Documentation" package="org.junit.rules" class="TestRuleTest$MethodPrivateRule" method="foo" externalInfoUrl="https://pmd.github.io/pmd/pmd_rules_java_documentation.html#uncommentedemptymethodbody" priority="3">
Document empty method body
</violation>
<violation beginline="448" endline="448" begincolumn="9" endcolumn="18" rule="JUnitAssertionsShouldIncludeMessage" ruleset="Best Practices" package="org.junit.rules" class="TestRuleTest" method="methodValidatePrivateRule" externalInfoUrl="https://pmd.github.io/pmd/pmd_rules_java_bestpractices.html#junitassertionsshouldincludemessage" priority="3">
JUnit assertions should include a message
</violation>
<violation beginline="453" endline="453" begincolumn="32" endcolumn="38" rule="ImmutableField" ruleset="Design" package="org.junit.rules" class="TestRuleTest$MethodUsesCustomMethodRule" variable="counter" externalInfoUrl="https://pmd.github.io/pmd/pmd_rules_java_design.html#immutablefield" priority="3">
Private field 'counter' could be made final; it is only initialized in the declaration or constructor.
</violation>
<violation beginline="462" endline="462" begincolumn="13" endcolumn="24" rule="JUnitAssertionsShouldIncludeMessage" ruleset="Best Practices" package="org.junit.rules" class="TestRuleTest$MethodUsesCustomMethodRule" method="foo" externalInfoUrl="https://pmd.github.io/pmd/pmd_rules_java_bestpractices.html#junitassertionsshouldincludemessage" priority="3">
JUnit assertions should include a message
</violation>
<violation beginline="468" endline="468" begincolumn="9" endcolumn="18" rule="JUnitAssertionsShouldIncludeMessage" ruleset="Best Practices" package="org.junit.rules" class="TestRuleTest" method="methodUseCustomMethodRule" externalInfoUrl="https://pmd.github.io/pmd/pmd_rules_java_bestpractices.html#junitassertionsshouldincludemessage" priority="3">
JUnit assertions should include a message
</violation>
<violation beginline="471" endline="471" begincolumn="51" endcolumn="74" rule="UseDiamondOperator" ruleset="Code Style" package="org.junit.rules" class="TestRuleTest" externalInfoUrl="https://pmd.github.io/pmd/pmd_rules_java_codestyle.html#usediamondoperator" priority="3">
Explicit type arguments can be replaced by Diamond Operator
</violation>
<violation beginline="471" endline="471" begincolumn="26" endcolumn="75" rule="FieldDeclarationsShouldBeAtStartOfClass" ruleset="Code Style" package="org.junit.rules" class="TestRuleTest" variable="VariableDeclaratorId" externalInfoUrl="https://pmd.github.io/pmd/pmd_rules_java_codestyle.html#fielddeclarationsshouldbeatstartofclass" priority="3">
Fields should be declared at the top of the class, before any method declarations, constructors, initializers or inner classes.
</violation>
<violation beginline="474" endline="474" begincolumn="24" endcolumn="27" rule="ImmutableField" ruleset="Design" package="org.junit.rules" class="TestRuleTest$OrderTestRule" variable="name" externalInfoUrl="https://pmd.github.io/pmd/pmd_rules_java_design.html#immutablefield" priority="3">
Private field 'name' could be made final; it is only initialized in the declaration or constructor.
</violation>
<violation beginline="498" endline="498" begincolumn="16" endcolumn="74" rule="FieldDeclarationsShouldBeAtStartOfClass" ruleset="Code Style" package="org.junit.rules" class="TestRuleTest$UsesFieldAndMethodRule" variable="VariableDeclaratorId" externalInfoUrl="https://pmd.github.io/pmd/pmd_rules_java_codestyle.html#fielddeclarationsshouldbeatstartofclass" priority="3">
Fields should be declared at the top of the class, before any method declarations, constructors, initializers or inner classes.
</violation>
<violation beginline="501" endline="504" begincolumn="16" endcolumn="9" rule="JUnitTestContainsTooManyAsserts" ruleset="Best Practices" package="org.junit.rules" class="TestRuleTest$UsesFieldAndMethodRule" method="foo" externalInfoUrl="https://pmd.github.io/pmd/pmd_rules_java_bestpractices.html#junittestcontainstoomanyasserts" priority="3">
Unit tests should not contain more than 1 assert(s).
</violation>
<violation beginline="502" endline="502" begincolumn="13" endcolumn="24" rule="JUnitAssertionsShouldIncludeMessage" ruleset="Best Practices" package="org.junit.rules" class="TestRuleTest$UsesFieldAndMethodRule" method="foo" externalInfoUrl="https://pmd.github.io/pmd/pmd_rules_java_bestpractices.html#junitassertionsshouldincludemessage" priority="3">
JUnit assertions should include a message
</violation>
<violation beginline="503" endline="503" begincolumn="13" endcolumn="24" rule="JUnitAssertionsShouldIncludeMessage" ruleset="Best Practices" package="org.junit.rules" class="TestRuleTest$UsesFieldAndMethodRule" method="foo" externalInfoUrl="https://pmd.github.io/pmd/pmd_rules_java_bestpractices.html#junitassertionsshouldincludemessage" priority="3">
JUnit assertions should include a message
</violation>
<violation beginline="510" endline="510" begincolumn="9" endcolumn="18" rule="JUnitAssertionsShouldIncludeMessage" ruleset="Best Practices" package="org.junit.rules" class="TestRuleTest" method="usesFieldAndMethodRule" externalInfoUrl="https://pmd.github.io/pmd/pmd_rules_java_bestpractices.html#junitassertionsshouldincludemessage" priority="3">
JUnit assertions should include a message
</violation>
<violation beginline="514" endline="514" begincolumn="13" endcolumn="34" rule="RedundantFieldInitializer" ruleset="Performance" package="org.junit.rules" class="TestRuleTest$CallMethodOnlyOnceRule" variable="countOfMethodCalls" externalInfoUrl="https://pmd.github.io/pmd/pmd_rules_java_performance.html#redundantfieldinitializer" priority="3">
Avoid using redundant field initializer for 'countOfMethodCalls'
</violation>
<violation beginline="514" endline="514" begincolumn="9" endcolumn="35" rule="DefaultPackage" ruleset="Code Style" package="org.junit.rules" class="TestRuleTest$CallMethodOnlyOnceRule" externalInfoUrl="https://pmd.github.io/pmd/pmd_rules_java_codestyle.html#defaultpackage" priority="3">
Use explicit scoping instead of the default package private level
</violation>
<violation beginline="535" endline="535" begincolumn="13" endcolumn="24" rule="JUnitAssertionsShouldIncludeMessage" ruleset="Best Practices" package="org.junit.rules" class="TestRuleTest$CallMethodOnlyOnceRule" method="onlyOnce" externalInfoUrl="https://pmd.github.io/pmd/pmd_rules_java_bestpractices.html#junitassertionsshouldincludemessage" priority="3">
JUnit assertions should include a message
</violation>
<violation beginline="541" endline="541" begincolumn="9" endcolumn="18" rule="JUnitAssertionsShouldIncludeMessage" ruleset="Best Practices" package="org.junit.rules" class="TestRuleTest" method="testCallMethodOnlyOnceRule" externalInfoUrl="https://pmd.github.io/pmd/pmd_rules_java_bestpractices.html#junitassertionsshouldincludemessage" priority="3">
JUnit assertions should include a message
</violation>
<violation beginline="544" endline="544" begincolumn="26" endcolumn="69" rule="FieldDeclarationsShouldBeAtStartOfClass" ruleset="Code Style" package="org.junit.rules" class="TestRuleTest" variable="VariableDeclaratorId" externalInfoUrl="https://pmd.github.io/pmd/pmd_rules_java_codestyle.html#fielddeclarationsshouldbeatstartofclass" priority="3">
Fields should be declared at the top of the class, before any method declarations, constructors, initializers or inner classes.
</violation>
<violation beginline="544" endline="544" begincolumn="26" endcolumn="38" rule="AvoidStringBufferField" ruleset="Best Practices" package="org.junit.rules" class="TestRuleTest" externalInfoUrl="https://pmd.github.io/pmd/pmd_rules_java_bestpractices.html#avoidstringbufferfield" priority="3">
StringBuffers can grow quite a lot, and so may become a source of memory leak (if the owning class has a long life time).
</violation>
<violation beginline="560" endline="566" begincolumn="12" endcolumn="5" rule="JUnitTestContainsTooManyAsserts" ruleset="Best Practices" package="org.junit.rules" class="TestRuleTest" method="testRuleIsAroundMethodRule" externalInfoUrl="https://pmd.github.io/pmd/pmd_rules_java_bestpractices.html#junittestcontainstoomanyasserts" priority="3">
Unit tests should not contain more than 1 assert(s).
</violation>
<violation beginline="563" endline="563" begincolumn="9" endcolumn="18" rule="JUnitAssertionsShouldIncludeMessage" ruleset="Best Practices" package="org.junit.rules" class="TestRuleTest" method="testRuleIsAroundMethodRule" externalInfoUrl="https://pmd.github.io/pmd/pmd_rules_java_bestpractices.html#junitassertionsshouldincludemessage" priority="3">
JUnit assertions should include a message
</violation>
<violation beginline="564" endline="564" begincolumn="9" endcolumn="20" rule="JUnitAssertionsShouldIncludeMessage" ruleset="Best Practices" package="org.junit.rules" class="TestRuleTest" method="testRuleIsAroundMethodRule" externalInfoUrl="https://pmd.github.io/pmd/pmd_rules_java_bestpractices.html#junitassertionsshouldincludemessage" priority="3">
JUnit assertions should include a message
</violation>
<violation beginline="582" endline="587" begincolumn="12" endcolumn="5" rule="JUnitTestContainsTooManyAsserts" ruleset="Best Practices" package="org.junit.rules" class="TestRuleTest" method="testRuleOrdering" externalInfoUrl="https://pmd.github.io/pmd/pmd_rules_java_bestpractices.html#junittestcontainstoomanyasserts" priority="3">
Unit tests should not contain more than 1 assert(s).
</violation>
<violation beginline="585" endline="585" begincolumn="9" endcolumn="18" rule="JUnitAssertionsShouldIncludeMessage" ruleset="Best Practices" package="org.junit.rules" class="TestRuleTest" method="testRuleOrdering" externalInfoUrl="https://pmd.github.io/pmd/pmd_rules_java_bestpractices.html#junitassertionsshouldincludemessage" priority="3">
JUnit assertions should include a message
</violation>
<violation beginline="586" endline="586" begincolumn="9" endcolumn="20" rule="JUnitAssertionsShouldIncludeMessage" ruleset="Best Practices" package="org.junit.rules" class="TestRuleTest" method="testRuleOrdering" externalInfoUrl="https://pmd.github.io/pmd/pmd_rules_java_bestpractices.html#junitassertionsshouldincludemessage" priority="3">
JUnit assertions should include a message
</violation>
<violation beginline="603" endline="609" begincolumn="12" endcolumn="5" rule="JUnitTestContainsTooManyAsserts" ruleset="Best Practices" package="org.junit.rules" class="TestRuleTest" method="testRuleOrderingWithMethodRule" externalInfoUrl="https://pmd.github.io/pmd/pmd_rules_java_bestpractices.html#junittestcontainstoomanyasserts" priority="3">
Unit tests should not contain more than 1 assert(s).
</violation>
<violation beginline="606" endline="606" begincolumn="9" endcolumn="18" rule="JUnitAssertionsShouldIncludeMessage" ruleset="Best Practices" package="org.junit.rules" class="TestRuleTest" method="testRuleOrderingWithMethodRule" externalInfoUrl="https://pmd.github.io/pmd/pmd_rules_java_bestpractices.html#junitassertionsshouldincludemessage" priority="3">
JUnit assertions should include a message
</violation>
<violation beginline="607" endline="607" begincolumn="9" endcolumn="20" rule="JUnitAssertionsShouldIncludeMessage" ruleset="Best Practices" package="org.junit.rules" class="TestRuleTest" method="testRuleOrderingWithMethodRule" externalInfoUrl="https://pmd.github.io/pmd/pmd_rules_java_bestpractices.html#junitassertionsshouldincludemessage" priority="3">
JUnit assertions should include a message
</violation>
</file>
<file name="C:\Users\Deyan\Downloads\junit4-r4.13.2\src\test\java\org\junit\rules\TestWatcherTest.java">
<violation beginline="1" endline="397" begincolumn="1" endcolumn="2" rule="TooManyStaticImports" ruleset="Code Style" package="org.junit.rules" class="TestWatcherTest" externalInfoUrl="https://pmd.github.io/pmd/pmd_rules_java_codestyle.html#toomanystaticimports" priority="3">
Too many static imports may lead to messy code
</violation>
<violation beginline="5" endline="5" begincolumn="1" endcolumn="33" rule="UnusedImports" ruleset="Best Practices" package="org.junit.rules" class="TestWatcherTest" externalInfoUrl="https://pmd.github.io/pmd/pmd_rules_java_bestpractices.html#unusedimports" priority="4">
Avoid unused imports such as 'org.junit.Assert'
</violation>
<violation beginline="40" endline="40" begincolumn="83" endcolumn="99" rule="AvoidDuplicateLiterals" ruleset="Error Prone" package="org.junit.rules" class="TestWatcherTest$Callbacks" method="parameters" externalInfoUrl="https://pmd.github.io/pmd/pmd_rules_java_errorprone.html#avoidduplicateliterals" priority="3">
The String literal "finished failed" appears 5 times in this file; the first occurrence is on line 40
</violation>
<violation beginline="40" endline="40" begincolumn="32" endcolumn="48" rule="AvoidDuplicateLiterals" ruleset="Error Prone" package="org.junit.rules" class="TestWatcherTest$Callbacks" method="parameters" externalInfoUrl="https://pmd.github.io/pmd/pmd_rules_java_errorprone.html#avoidduplicateliterals" priority="3">
The String literal "starting failed" appears 5 times in this file; the first occurrence is on line 40
</violation>
<violation beginline="40" endline="40" begincolumn="51" endcolumn="63" rule="AvoidDuplicateLiterals" ruleset="Error Prone" package="org.junit.rules" class="TestWatcherTest$Callbacks" method="parameters" externalInfoUrl="https://pmd.github.io/pmd/pmd_rules_java_errorprone.html#avoidduplicateliterals" priority="3">
The String literal "test failed" appears 4 times in this file; the first occurrence is on line 40
</violation>
<violation beginline="57" endline="57" begincolumn="16" endcolumn="34" rule="FieldDeclarationsShouldBeAtStartOfClass" ruleset="Code Style" package="org.junit.rules" class="TestWatcherTest$Callbacks" variable="VariableDeclaratorId" externalInfoUrl="https://pmd.github.io/pmd/pmd_rules_java_codestyle.html#fielddeclarationsshouldbeatstartofclass" priority="3">
Fields should be declared at the top of the class, before any method declarations, constructors, initializers or inner classes.
</violation>
<violation beginline="60" endline="60" begincolumn="16" endcolumn="40" rule="FieldDeclarationsShouldBeAtStartOfClass" ruleset="Code Style" package="org.junit.rules" class="TestWatcherTest$Callbacks" variable="VariableDeclaratorId" externalInfoUrl="https://pmd.github.io/pmd/pmd_rules_java_codestyle.html#fielddeclarationsshouldbeatstartofclass" priority="3">
Fields should be declared at the top of the class, before any method declarations, constructors, initializers or inner classes.
</violation>
<violation beginline="63" endline="63" begincolumn="16" endcolumn="45" rule="FieldDeclarationsShouldBeAtStartOfClass" ruleset="Code Style" package="org.junit.rules" class="TestWatcherTest$Callbacks" variable="VariableDeclaratorId" externalInfoUrl="https://pmd.github.io/pmd/pmd_rules_java_codestyle.html#fielddeclarationsshouldbeatstartofclass" priority="3">
Fields should be declared at the top of the class, before any method declarations, constructors, initializers or inner classes.
</violation>
<violation beginline="65" endline="65" begincolumn="24" endcolumn="45" rule="FieldDeclarationsShouldBeAtStartOfClass" ruleset="Code Style" package="org.junit.rules" class="TestWatcherTest$Callbacks" variable="VariableDeclaratorId" externalInfoUrl="https://pmd.github.io/pmd/pmd_rules_java_codestyle.html#fielddeclarationsshouldbeatstartofclass" priority="3">
Fields should be declared at the top of the class, before any method declarations, constructors, initializers or inner classes.
</violation>
<violation beginline="76" endline="83" begincolumn="16" endcolumn="9" rule="JUnitTestContainsTooManyAsserts" ruleset="Best Practices" package="org.junit.rules" class="TestWatcherTest$Callbacks" method="resultHasAllFailuresThrownByCallbacks" externalInfoUrl="https://pmd.github.io/pmd/pmd_rules_java_bestpractices.html#junittestcontainstoomanyasserts" priority="3">
Unit tests should not contain more than 1 assert(s).
</violation>
<violation beginline="86" endline="107" begincolumn="16" endcolumn="9" rule="JUnitTestContainsTooManyAsserts" ruleset="Best Practices" package="org.junit.rules" class="TestWatcherTest$Callbacks" method="testWatcherDoesNotModifyResult" externalInfoUrl="https://pmd.github.io/pmd/pmd_rules_java_bestpractices.html#junittestcontainstoomanyasserts" priority="3">
Unit tests should not contain more than 1 assert(s).
</violation>
<violation beginline="118" endline="118" begincolumn="27" endcolumn="42" rule="AvoidThrowingRawExceptionTypes" ruleset="Design" package="org.junit.rules" class="TestWatcherTest$Callbacks$ErroneousTestWatcher" method="succeeded" externalInfoUrl="https://pmd.github.io/pmd/pmd_rules_java_design.html#avoidthrowingrawexceptiontypes" priority="1">
Avoid throwing raw exception types.
</violation>
<violation beginline="123" endline="123" begincolumn="27" endcolumn="42" rule="AvoidThrowingRawExceptionTypes" ruleset="Design" package="org.junit.rules" class="TestWatcherTest$Callbacks$ErroneousTestWatcher" method="failed" externalInfoUrl="https://pmd.github.io/pmd/pmd_rules_java_design.html#avoidthrowingrawexceptiontypes" priority="1">
Avoid throwing raw exception types.
</violation>
<violation beginline="128" endline="128" begincolumn="27" endcolumn="42" rule="AvoidThrowingRawExceptionTypes" ruleset="Design" package="org.junit.rules" class="TestWatcherTest$Callbacks$ErroneousTestWatcher" method="skipped" externalInfoUrl="https://pmd.github.io/pmd/pmd_rules_java_design.html#avoidthrowingrawexceptiontypes" priority="1">
Avoid throwing raw exception types.
</violation>
<violation beginline="132" endline="132" begincolumn="31" endcolumn="43" rule="AvoidDuplicateLiterals" ruleset="Error Prone" package="org.junit.rules" class="TestWatcherTest$Callbacks$ErroneousTestWatcher" externalInfoUrl="https://pmd.github.io/pmd/pmd_rules_java_errorprone.html#avoidduplicateliterals" priority="3">
The String literal "deprecation" appears 4 times in this file; the first occurrence is on line 132
</violation>
<violation beginline="134" endline="134" begincolumn="27" endcolumn="42" rule="AvoidThrowingRawExceptionTypes" ruleset="Design" package="org.junit.rules" class="TestWatcherTest$Callbacks$ErroneousTestWatcher" method="skipped" externalInfoUrl="https://pmd.github.io/pmd/pmd_rules_java_design.html#avoidthrowingrawexceptiontypes" priority="1">
Avoid throwing raw exception types.
</violation>
<violation beginline="139" endline="139" begincolumn="27" endcolumn="42" rule="AvoidThrowingRawExceptionTypes" ruleset="Design" package="org.junit.rules" class="TestWatcherTest$Callbacks$ErroneousTestWatcher" method="starting" externalInfoUrl="https://pmd.github.io/pmd/pmd_rules_java_design.html#avoidthrowingrawexceptiontypes" priority="1">
Avoid throwing raw exception types.
</violation>
<violation beginline="144" endline="144" begincolumn="27" endcolumn="42" rule="AvoidThrowingRawExceptionTypes" ruleset="Design" package="org.junit.rules" class="TestWatcherTest$Callbacks$ErroneousTestWatcher" method="finished" externalInfoUrl="https://pmd.github.io/pmd/pmd_rules_java_design.html#avoidthrowingrawexceptiontypes" priority="1">
Avoid throwing raw exception types.
</violation>
<violation beginline="174" endline="175" begincolumn="32" endcolumn="13" rule="UncommentedEmptyMethodBody" ruleset="Documentation" package="org.junit.rules" class="TestWatcherTest$Callbacks$SuccessfulTest" method="test" externalInfoUrl="https://pmd.github.io/pmd/pmd_rules_java_documentation.html#uncommentedemptymethodbody" priority="3">
Document empty method body
</violation>
<violation beginline="203" endline="204" begincolumn="32" endcolumn="13" rule="UncommentedEmptyMethodBody" ruleset="Documentation" package="org.junit.rules" class="TestWatcherTest$CallbackArguments$Succeeded" method="test" externalInfoUrl="https://pmd.github.io/pmd/pmd_rules_java_documentation.html#uncommentedemptymethodbody" priority="3">
Document empty method body
</violation>
<violation beginline="234" endline="240" begincolumn="16" endcolumn="9" rule="JUnitTestContainsTooManyAsserts" ruleset="Best Practices" package="org.junit.rules" class="TestWatcherTest$CallbackArguments" method="failed" externalInfoUrl="https://pmd.github.io/pmd/pmd_rules_java_bestpractices.html#junittestcontainstoomanyasserts" priority="3">
Unit tests should not contain more than 1 assert(s).
</violation>
<violation beginline="257" endline="257" begincolumn="28" endcolumn="41" rule="AvoidDuplicateLiterals" ruleset="Error Prone" package="org.junit.rules" class="TestWatcherTest$CallbackArguments$Skipped" method="test" externalInfoUrl="https://pmd.github.io/pmd/pmd_rules_java_errorprone.html#avoidduplicateliterals" priority="3">
The String literal "test skipped" appears 4 times in this file; the first occurrence is on line 257
</violation>
<violation beginline="262" endline="268" begincolumn="16" endcolumn="9" rule="JUnitTestContainsTooManyAsserts" ruleset="Best Practices" package="org.junit.rules" class="TestWatcherTest$CallbackArguments" method="skipped" externalInfoUrl="https://pmd.github.io/pmd/pmd_rules_java_bestpractices.html#junittestcontainstoomanyasserts" priority="3">
Unit tests should not contain more than 1 assert(s).
</violation>
<violation beginline="292" endline="298" begincolumn="16" endcolumn="9" rule="JUnitTestContainsTooManyAsserts" ruleset="Best Practices" package="org.junit.rules" class="TestWatcherTest$CallbackArguments" method="deprecatedSkipped" externalInfoUrl="https://pmd.github.io/pmd/pmd_rules_java_bestpractices.html#junittestcontainstoomanyasserts" priority="3">
Unit tests should not contain more than 1 assert(s).
</violation>
<violation beginline="312" endline="313" begincolumn="32" endcolumn="13" rule="UncommentedEmptyMethodBody" ruleset="Documentation" package="org.junit.rules" class="TestWatcherTest$CallbackArguments$Starting" method="test" externalInfoUrl="https://pmd.github.io/pmd/pmd_rules_java_documentation.html#uncommentedemptymethodbody" priority="3">
Document empty method body
</violation>
<violation beginline="335" endline="336" begincolumn="32" endcolumn="13" rule="UncommentedEmptyMethodBody" ruleset="Documentation" package="org.junit.rules" class="TestWatcherTest$CallbackArguments$Finished" method="test" externalInfoUrl="https://pmd.github.io/pmd/pmd_rules_java_documentation.html#uncommentedemptymethodbody" priority="3">
Document empty method body
</violation>
<violation beginline="350" endline="350" begincolumn="24" endcolumn="36" rule="AvoidStringBufferField" ruleset="Best Practices" package="org.junit.rules" class="TestWatcherTest$InterplayWithOtherRules" externalInfoUrl="https://pmd.github.io/pmd/pmd_rules_java_bestpractices.html#avoidstringbufferfield" priority="3">
StringBuffers can grow quite a lot, and so may become a source of memory leak (if the owning class has a long life time).
</violation>
<violation beginline="364" endline="364" begincolumn="27" endcolumn="42" rule="AvoidThrowingRawExceptionTypes" ruleset="Design" package="org.junit.rules" class="TestWatcherTest$InterplayWithOtherRules$ExpectedExceptionTest" method="testWithExpectedException" externalInfoUrl="https://pmd.github.io/pmd/pmd_rules_java_design.html#avoidthrowingrawexceptiontypes" priority="1">
Avoid throwing raw exception types.
</violation>
</file>
<file name="C:\Users\Deyan\Downloads\junit4-r4.13.2\src\test\java\org\junit\rules\TestWatchmanTest.java">
<violation beginline="1" endline="90" begincolumn="1" endcolumn="1" rule="TooManyStaticImports" ruleset="Code Style" package="org.junit.rules" class="TestWatchmanTest" externalInfoUrl="https://pmd.github.io/pmd/pmd_rules_java_codestyle.html#toomanystaticimports" priority="3">
Too many static imports may lead to messy code
</violation>
<violation beginline="16" endline="16" begincolumn="16" endcolumn="28" rule="AvoidStringBufferField" ruleset="Best Practices" package="org.junit.rules" class="TestWatchmanTest$ViolatedAssumptionTest" externalInfoUrl="https://pmd.github.io/pmd/pmd_rules_java_bestpractices.html#avoidstringbufferfield" priority="3">
StringBuffers can grow quite a lot, and so may become a source of memory leak (if the owning class has a long life time).
</violation>
<violation beginline="16" endline="16" begincolumn="9" endcolumn="33" rule="DefaultPackage" ruleset="Code Style" package="org.junit.rules" class="TestWatchmanTest$ViolatedAssumptionTest" externalInfoUrl="https://pmd.github.io/pmd/pmd_rules_java_codestyle.html#defaultpackage" priority="3">
Use explicit scoping instead of the default package private level
</violation>
<violation beginline="24" endline="24" begincolumn="16" endcolumn="75" rule="FieldDeclarationsShouldBeAtStartOfClass" ruleset="Code Style" package="org.junit.rules" class="TestWatchmanTest$ViolatedAssumptionTest" variable="VariableDeclaratorId" externalInfoUrl="https://pmd.github.io/pmd/pmd_rules_java_codestyle.html#fielddeclarationsshouldbeatstartofclass" priority="3">
Fields should be declared at the top of the class, before any method declarations, constructors, initializers or inner classes.
</violation>
<violation beginline="27" endline="29" begincolumn="16" endcolumn="9" rule="JUnitTestsShouldIncludeAssert" ruleset="Best Practices" package="org.junit.rules" class="TestWatchmanTest$ViolatedAssumptionTest" method="succeeds" externalInfoUrl="https://pmd.github.io/pmd/pmd_rules_java_bestpractices.html#junittestsshouldincludeassert" priority="3">
JUnit tests should include assert() or fail()
</violation>
<violation beginline="35" endline="35" begincolumn="9" endcolumn="18" rule="JUnitAssertionsShouldIncludeMessage" ruleset="Best Practices" package="org.junit.rules" class="TestWatchmanTest" method="neitherLogSuccessNorFailedForViolatedAssumption" externalInfoUrl="https://pmd.github.io/pmd/pmd_rules_java_bestpractices.html#junitassertionsshouldincludemessage" priority="3">
JUnit assertions should include a message
</violation>
<violation beginline="40" endline="40" begincolumn="16" endcolumn="28" rule="AvoidStringBufferField" ruleset="Best Practices" package="org.junit.rules" class="TestWatchmanTest$FailingTest" externalInfoUrl="https://pmd.github.io/pmd/pmd_rules_java_bestpractices.html#avoidstringbufferfield" priority="3">
StringBuffers can grow quite a lot, and so may become a source of memory leak (if the owning class has a long life time).
</violation>
<violation beginline="40" endline="40" begincolumn="9" endcolumn="33" rule="DefaultPackage" ruleset="Code Style" package="org.junit.rules" class="TestWatchmanTest$FailingTest" externalInfoUrl="https://pmd.github.io/pmd/pmd_rules_java_codestyle.html#defaultpackage" priority="3">
Use explicit scoping instead of the default package private level
</violation>
<violation beginline="48" endline="48" begincolumn="16" endcolumn="75" rule="FieldDeclarationsShouldBeAtStartOfClass" ruleset="Code Style" package="org.junit.rules" class="TestWatchmanTest$FailingTest" variable="VariableDeclaratorId" externalInfoUrl="https://pmd.github.io/pmd/pmd_rules_java_codestyle.html#fielddeclarationsshouldbeatstartofclass" priority="3">
Fields should be declared at the top of the class, before any method declarations, constructors, initializers or inner classes.
</violation>
<violation beginline="52" endline="52" begincolumn="13" endcolumn="16" rule="JUnitAssertionsShouldIncludeMessage" ruleset="Best Practices" package="org.junit.rules" class="TestWatchmanTest$FailingTest" method="succeeds" externalInfoUrl="https://pmd.github.io/pmd/pmd_rules_java_bestpractices.html#junitassertionsshouldincludemessage" priority="3">
JUnit assertions should include a message
</violation>
<violation beginline="59" endline="59" begincolumn="9" endcolumn="18" rule="JUnitAssertionsShouldIncludeMessage" ruleset="Best Practices" package="org.junit.rules" class="TestWatchmanTest" method="logFailingTest" externalInfoUrl="https://pmd.github.io/pmd/pmd_rules_java_bestpractices.html#junitassertionsshouldincludemessage" priority="3">
JUnit assertions should include a message
</violation>
<violation beginline="64" endline="64" begincolumn="23" endcolumn="35" rule="AvoidStringBufferField" ruleset="Best Practices" package="org.junit.rules" class="TestWatchmanTest$LoggingTestWatchman" externalInfoUrl="https://pmd.github.io/pmd/pmd_rules_java_bestpractices.html#avoidstringbufferfield" priority="3">
StringBuffers can grow quite a lot, and so may become a source of memory leak (if the owning class has a long life time).
</violation>
</file>
<file name="C:\Users\Deyan\Downloads\junit4-r4.13.2\src\test\java\org\junit\rules\TimeoutRuleTest.java">
<violation beginline="28" endline="28" begincolumn="37" endcolumn="52" rule="RedundantFieldInitializer" ruleset="Performance" package="org.junit.rules" class="TimeoutRuleTest" variable="run4done" externalInfoUrl="https://pmd.github.io/pmd/pmd_rules_java_performance.html#redundantfieldinitializer" priority="3">
Avoid using redundant field initializer for 'run4done'
</violation>
<violation beginline="30" endline="89" begincolumn="28" endcolumn="5" rule="AbstractClassWithoutAbstractMethod" ruleset="Best Practices" package="org.junit.rules" class="TimeoutRuleTest$AbstractTimeoutTest" externalInfoUrl="https://pmd.github.io/pmd/pmd_rules_java_bestpractices.html#abstractclasswithoutabstractmethod" priority="3">
This abstract class does not have any abstract methods
</violation>
<violation beginline="31" endline="31" begincolumn="29" endcolumn="40" rule="AvoidStringBufferField" ruleset="Best Practices" package="org.junit.rules" class="TimeoutRuleTest$AbstractTimeoutTest" externalInfoUrl="https://pmd.github.io/pmd/pmd_rules_java_bestpractices.html#avoidstringbufferfield" priority="3">
StringBuffers can grow quite a lot, and so may become a source of memory leak (if the owning class has a long life time).
</violation>
<violation beginline="37" endline="41" begincolumn="16" endcolumn="9" rule="JUnitTestsShouldIncludeAssert" ruleset="Best Practices" package="org.junit.rules" class="TimeoutRuleTest$AbstractTimeoutTest" method="run1" externalInfoUrl="https://pmd.github.io/pmd/pmd_rules_java_bestpractices.html#junittestsshouldincludeassert" priority="3">
JUnit tests should include assert() or fail()
</violation>
<violation beginline="44" endline="47" begincolumn="16" endcolumn="9" rule="JUnitTestsShouldIncludeAssert" ruleset="Best Practices" package="org.junit.rules" class="TimeoutRuleTest$AbstractTimeoutTest" method="run2" externalInfoUrl="https://pmd.github.io/pmd/pmd_rules_java_bestpractices.html#junittestsshouldincludeassert" priority="3">
JUnit tests should include assert() or fail()
</violation>
<violation beginline="50" endline="53" begincolumn="29" endcolumn="9" rule="JUnitTestsShouldIncludeAssert" ruleset="Best Practices" package="org.junit.rules" class="TimeoutRuleTest$AbstractTimeoutTest" method="run3" externalInfoUrl="https://pmd.github.io/pmd/pmd_rules_java_bestpractices.html#junittestsshouldincludeassert" priority="3">
JUnit tests should include assert() or fail()
</violation>
<violation beginline="50" endline="53" begincolumn="29" endcolumn="9" rule="AvoidSynchronizedAtMethodLevel" ruleset="Multithreading" package="org.junit.rules" class="TimeoutRuleTest$AbstractTimeoutTest" method="run3" externalInfoUrl="https://pmd.github.io/pmd/pmd_rules_java_multithreading.html#avoidsynchronizedatmethodlevel" priority="3">
Use block level rather than method level synchronization
</violation>
<violation beginline="56" endline="60" begincolumn="16" endcolumn="9" rule="JUnitTestsShouldIncludeAssert" ruleset="Best Practices" package="org.junit.rules" class="TimeoutRuleTest$AbstractTimeoutTest" method="run4" externalInfoUrl="https://pmd.github.io/pmd/pmd_rules_java_bestpractices.html#junittestsshouldincludeassert" priority="3">
JUnit tests should include assert() or fail()
</violation>
<violation beginline="58" endline="59" begincolumn="31" endcolumn="13" rule="EmptyWhileStmt" ruleset="Error Prone" package="org.junit.rules" class="TimeoutRuleTest$AbstractTimeoutTest" method="run4" externalInfoUrl="https://pmd.github.io/pmd/pmd_rules_java_errorprone.html#emptywhilestmt" priority="3">
Avoid empty while statements
</violation>
<violation beginline="63" endline="81" begincolumn="16" endcolumn="9" rule="JUnitTestsShouldIncludeAssert" ruleset="Best Practices" package="org.junit.rules" class="TimeoutRuleTest$AbstractTimeoutTest" method="run5" externalInfoUrl="https://pmd.github.io/pmd/pmd_rules_java_bestpractices.html#junittestsshouldincludeassert" priority="3">
JUnit tests should include assert() or fail()
</violation>
<violation beginline="70" endline="78" begincolumn="17" endcolumn="17" rule="UseTryWithResources" ruleset="Best Practices" package="org.junit.rules" class="TimeoutRuleTest$AbstractTimeoutTest" method="run5" externalInfoUrl="https://pmd.github.io/pmd/pmd_rules_java_bestpractices.html#usetrywithresources" priority="3">
Consider using a try-with-resources statement instead of explicitly closing the resource
</violation>
<violation beginline="71" endline="71" begincolumn="33" endcolumn="39" rule="CloseResource" ruleset="Error Prone" package="org.junit.rules" class="TimeoutRuleTest$AbstractTimeoutTest" method="run5" variable="channel" externalInfoUrl="https://pmd.github.io/pmd/pmd_rules_java_errorprone.html#closeresource" priority="3">
Ensure that resources like this FileChannel object are closed after use
</violation>
<violation beginline="84" endline="88" begincolumn="16" endcolumn="9" rule="JUnitTestsShouldIncludeAssert" ruleset="Best Practices" package="org.junit.rules" class="TimeoutRuleTest$AbstractTimeoutTest" method="run6" externalInfoUrl="https://pmd.github.io/pmd/pmd_rules_java_bestpractices.html#junittestsshouldincludeassert" priority="3">
JUnit tests should include assert() or fail()
</violation>
<violation beginline="109" endline="110" begincolumn="33" endcolumn="9" rule="UncommentedEmptyMethodBody" ruleset="Documentation" package="org.junit.rules" class="TimeoutRuleTest$HasNullTimeUnit" method="wouldPass" externalInfoUrl="https://pmd.github.io/pmd/pmd_rules_java_documentation.html#uncommentedemptymethodbody" priority="3">
Document empty method body
</violation>
<violation beginline="109" endline="110" begincolumn="16" endcolumn="9" rule="JUnitTestsShouldIncludeAssert" ruleset="Best Practices" package="org.junit.rules" class="TimeoutRuleTest$HasNullTimeUnit" method="wouldPass" externalInfoUrl="https://pmd.github.io/pmd/pmd_rules_java_bestpractices.html#junittestsshouldincludeassert" priority="3">
JUnit tests should include assert() or fail()
</violation>
<violation beginline="127" endline="137" begincolumn="12" endcolumn="5" rule="JUnitTestContainsTooManyAsserts" ruleset="Best Practices" package="org.junit.rules" class="TimeoutRuleTest" method="timeUnitTimeout" externalInfoUrl="https://pmd.github.io/pmd/pmd_rules_java_bestpractices.html#junittestcontainstoomanyasserts" priority="3">
Unit tests should not contain more than 1 assert(s).
</violation>
<violation beginline="130" endline="130" begincolumn="9" endcolumn="20" rule="JUnitAssertionsShouldIncludeMessage" ruleset="Best Practices" package="org.junit.rules" class="TimeoutRuleTest" method="timeUnitTimeout" externalInfoUrl="https://pmd.github.io/pmd/pmd_rules_java_bestpractices.html#junitassertionsshouldincludemessage" priority="3">
JUnit assertions should include a message
</violation>
<violation beginline="131" endline="131" begincolumn="9" endcolumn="18" rule="JUnitAssertionsShouldIncludeMessage" ruleset="Best Practices" package="org.junit.rules" class="TimeoutRuleTest" method="timeUnitTimeout" externalInfoUrl="https://pmd.github.io/pmd/pmd_rules_java_bestpractices.html#junitassertionsshouldincludemessage" priority="3">
JUnit assertions should include a message
</violation>
<violation beginline="132" endline="132" begincolumn="9" endcolumn="18" rule="JUnitAssertionsShouldIncludeMessage" ruleset="Best Practices" package="org.junit.rules" class="TimeoutRuleTest" method="timeUnitTimeout" externalInfoUrl="https://pmd.github.io/pmd/pmd_rules_java_bestpractices.html#junitassertionsshouldincludemessage" priority="3">
JUnit assertions should include a message
</violation>
<violation beginline="133" endline="133" begincolumn="9" endcolumn="18" rule="JUnitAssertionsShouldIncludeMessage" ruleset="Best Practices" package="org.junit.rules" class="TimeoutRuleTest" method="timeUnitTimeout" externalInfoUrl="https://pmd.github.io/pmd/pmd_rules_java_bestpractices.html#junitassertionsshouldincludemessage" priority="3">
JUnit assertions should include a message
</violation>
<violation beginline="134" endline="134" begincolumn="9" endcolumn="18" rule="JUnitAssertionsShouldIncludeMessage" ruleset="Best Practices" package="org.junit.rules" class="TimeoutRuleTest" method="timeUnitTimeout" externalInfoUrl="https://pmd.github.io/pmd/pmd_rules_java_bestpractices.html#junitassertionsshouldincludemessage" priority="3">
JUnit assertions should include a message
</violation>
<violation beginline="135" endline="135" begincolumn="9" endcolumn="18" rule="JUnitAssertionsShouldIncludeMessage" ruleset="Best Practices" package="org.junit.rules" class="TimeoutRuleTest" method="timeUnitTimeout" externalInfoUrl="https://pmd.github.io/pmd/pmd_rules_java_bestpractices.html#junitassertionsshouldincludemessage" priority="3">
JUnit assertions should include a message
</violation>
<violation beginline="136" endline="136" begincolumn="9" endcolumn="18" rule="JUnitAssertionsShouldIncludeMessage" ruleset="Best Practices" package="org.junit.rules" class="TimeoutRuleTest" method="timeUnitTimeout" externalInfoUrl="https://pmd.github.io/pmd/pmd_rules_java_bestpractices.html#junitassertionsshouldincludemessage" priority="3">
JUnit assertions should include a message
</violation>
<violation beginline="140" endline="150" begincolumn="12" endcolumn="5" rule="JUnitTestContainsTooManyAsserts" ruleset="Best Practices" package="org.junit.rules" class="TimeoutRuleTest" method="longTimeout" externalInfoUrl="https://pmd.github.io/pmd/pmd_rules_java_bestpractices.html#junittestcontainstoomanyasserts" priority="3">
Unit tests should not contain more than 1 assert(s).
</violation>
<violation beginline="143" endline="143" begincolumn="9" endcolumn="20" rule="JUnitAssertionsShouldIncludeMessage" ruleset="Best Practices" package="org.junit.rules" class="TimeoutRuleTest" method="longTimeout" externalInfoUrl="https://pmd.github.io/pmd/pmd_rules_java_bestpractices.html#junitassertionsshouldincludemessage" priority="3">
JUnit assertions should include a message
</violation>
<violation beginline="144" endline="144" begincolumn="9" endcolumn="18" rule="JUnitAssertionsShouldIncludeMessage" ruleset="Best Practices" package="org.junit.rules" class="TimeoutRuleTest" method="longTimeout" externalInfoUrl="https://pmd.github.io/pmd/pmd_rules_java_bestpractices.html#junitassertionsshouldincludemessage" priority="3">
JUnit assertions should include a message
</violation>
<violation beginline="145" endline="145" begincolumn="9" endcolumn="18" rule="JUnitAssertionsShouldIncludeMessage" ruleset="Best Practices" package="org.junit.rules" class="TimeoutRuleTest" method="longTimeout" externalInfoUrl="https://pmd.github.io/pmd/pmd_rules_java_bestpractices.html#junitassertionsshouldincludemessage" priority="3">
JUnit assertions should include a message
</violation>
<violation beginline="146" endline="146" begincolumn="9" endcolumn="18" rule="JUnitAssertionsShouldIncludeMessage" ruleset="Best Practices" package="org.junit.rules" class="TimeoutRuleTest" method="longTimeout" externalInfoUrl="https://pmd.github.io/pmd/pmd_rules_java_bestpractices.html#junitassertionsshouldincludemessage" priority="3">
JUnit assertions should include a message
</violation>
<violation beginline="147" endline="147" begincolumn="9" endcolumn="18" rule="JUnitAssertionsShouldIncludeMessage" ruleset="Best Practices" package="org.junit.rules" class="TimeoutRuleTest" method="longTimeout" externalInfoUrl="https://pmd.github.io/pmd/pmd_rules_java_bestpractices.html#junitassertionsshouldincludemessage" priority="3">
JUnit assertions should include a message
</violation>
<violation beginline="148" endline="148" begincolumn="9" endcolumn="18" rule="JUnitAssertionsShouldIncludeMessage" ruleset="Best Practices" package="org.junit.rules" class="TimeoutRuleTest" method="longTimeout" externalInfoUrl="https://pmd.github.io/pmd/pmd_rules_java_bestpractices.html#junitassertionsshouldincludemessage" priority="3">
JUnit assertions should include a message
</violation>
<violation beginline="149" endline="149" begincolumn="9" endcolumn="18" rule="JUnitAssertionsShouldIncludeMessage" ruleset="Best Practices" package="org.junit.rules" class="TimeoutRuleTest" method="longTimeout" externalInfoUrl="https://pmd.github.io/pmd/pmd_rules_java_bestpractices.html#junitassertionsshouldincludemessage" priority="3">
JUnit assertions should include a message
</violation>
<violation beginline="153" endline="161" begincolumn="12" endcolumn="5" rule="JUnitTestContainsTooManyAsserts" ruleset="Best Practices" package="org.junit.rules" class="TimeoutRuleTest" method="nullTimeUnit" externalInfoUrl="https://pmd.github.io/pmd/pmd_rules_java_bestpractices.html#junittestcontainstoomanyasserts" priority="3">
Unit tests should not contain more than 1 assert(s).
</violation>
<violation beginline="155" endline="155" begincolumn="9" endcolumn="20" rule="JUnitAssertionsShouldIncludeMessage" ruleset="Best Practices" package="org.junit.rules" class="TimeoutRuleTest" method="nullTimeUnit" externalInfoUrl="https://pmd.github.io/pmd/pmd_rules_java_bestpractices.html#junitassertionsshouldincludemessage" priority="3">
JUnit assertions should include a message
</violation>
<violation beginline="157" endline="157" begincolumn="9" endcolumn="18" rule="JUnitAssertionsShouldIncludeMessage" ruleset="Best Practices" package="org.junit.rules" class="TimeoutRuleTest" method="nullTimeUnit" externalInfoUrl="https://pmd.github.io/pmd/pmd_rules_java_bestpractices.html#junitassertionsshouldincludemessage" priority="3">
JUnit assertions should include a message
</violation>
<violation beginline="160" endline="160" begincolumn="9" endcolumn="18" rule="JUnitAssertionsShouldIncludeMessage" ruleset="Best Practices" package="org.junit.rules" class="TimeoutRuleTest" method="nullTimeUnit" externalInfoUrl="https://pmd.github.io/pmd/pmd_rules_java_bestpractices.html#junitassertionsshouldincludemessage" priority="3">
JUnit assertions should include a message
</violation>
</file>
<file name="C:\Users\Deyan\Downloads\junit4-r4.13.2\src\test\java\org\junit\rules\VerifierRuleTest.java">
<violation beginline="25" endline="27" begincolumn="16" endcolumn="9" rule="JUnitTestsShouldIncludeAssert" ruleset="Best Practices" package="org.junit.rules" class="VerifierRuleTest$UsesVerifier" method="example" externalInfoUrl="https://pmd.github.io/pmd/pmd_rules_java_bestpractices.html#junittestsshouldincludeassert" priority="3">
JUnit tests should include assert() or fail()
</violation>
<violation beginline="31" endline="35" begincolumn="12" endcolumn="5" rule="JUnitTestContainsTooManyAsserts" ruleset="Best Practices" package="org.junit.rules" class="VerifierRuleTest" method="verifierRunsAfterTest" externalInfoUrl="https://pmd.github.io/pmd/pmd_rules_java_bestpractices.html#junittestcontainstoomanyasserts" priority="3">
Unit tests should not contain more than 1 assert(s).
</violation>
<violation beginline="33" endline="33" begincolumn="9" endcolumn="18" rule="JUnitAssertionsShouldIncludeMessage" ruleset="Best Practices" package="org.junit.rules" class="VerifierRuleTest" method="verifierRunsAfterTest" externalInfoUrl="https://pmd.github.io/pmd/pmd_rules_java_bestpractices.html#junitassertionsshouldincludemessage" priority="3">
JUnit assertions should include a message
</violation>
<violation beginline="34" endline="34" begincolumn="9" endcolumn="20" rule="JUnitAssertionsShouldIncludeMessage" ruleset="Best Practices" package="org.junit.rules" class="VerifierRuleTest" method="verifierRunsAfterTest" externalInfoUrl="https://pmd.github.io/pmd/pmd_rules_java_bestpractices.html#junitassertionsshouldincludemessage" priority="3">
JUnit assertions should include a message
</violation>
</file>
<file name="C:\Users\Deyan\Downloads\junit4-r4.13.2\src\test\java\org\junit\runner\FilterFactoriesTest.java">
<violation beginline="1" endline="137" begincolumn="1" endcolumn="3" rule="TooManyStaticImports" ruleset="Code Style" package="org.junit.runner" class="FilterFactoriesTest" externalInfoUrl="https://pmd.github.io/pmd/pmd_rules_java_codestyle.html#toomanystaticimports" priority="3">
Too many static imports may lead to messy code
</violation>
<violation beginline="29" endline="29" begincolumn="58" endcolumn="66" rule="SignatureDeclareThrowsException" ruleset="Design" package="org.junit.runner" class="FilterFactoriesTest" method="shouldCreateFilterWithArguments" externalInfoUrl="https://pmd.github.io/pmd/pmd_rules_java_design.html#signaturedeclarethrowsexception" priority="3">
A method/constructor should not explicitly throw java.lang.Exception
</violation>
<violation beginline="34" endline="34" begincolumn="9" endcolumn="18" rule="JUnitAssertionsShouldIncludeMessage" ruleset="Best Practices" package="org.junit.runner" class="FilterFactoriesTest" method="shouldCreateFilterWithArguments" externalInfoUrl="https://pmd.github.io/pmd/pmd_rules_java_bestpractices.html#junitassertionsshouldincludemessage" priority="3">
JUnit assertions should include a message
</violation>
<violation beginline="38" endline="38" begincolumn="60" endcolumn="68" rule="SignatureDeclareThrowsException" ruleset="Design" package="org.junit.runner" class="FilterFactoriesTest" method="shouldCreateFilterWithNoArguments" externalInfoUrl="https://pmd.github.io/pmd/pmd_rules_java_design.html#signaturedeclarethrowsexception" priority="3">
A method/constructor should not explicitly throw java.lang.Exception
</violation>
<violation beginline="42" endline="42" begincolumn="9" endcolumn="18" rule="JUnitAssertionsShouldIncludeMessage" ruleset="Best Practices" package="org.junit.runner" class="FilterFactoriesTest" method="shouldCreateFilterWithNoArguments" externalInfoUrl="https://pmd.github.io/pmd/pmd_rules_java_bestpractices.html#junitassertionsshouldincludemessage" priority="3">
JUnit assertions should include a message
</violation>
<violation beginline="46" endline="46" begincolumn="65" endcolumn="73" rule="SignatureDeclareThrowsException" ruleset="Design" package="org.junit.runner" class="FilterFactoriesTest" method="shouldPassOnDescriptionToFilterFactory" externalInfoUrl="https://pmd.github.io/pmd/pmd_rules_java_design.html#signaturedeclarethrowsexception" priority="3">
A method/constructor should not explicitly throw java.lang.Exception
</violation>
<violation beginline="56" endline="56" begincolumn="9" endcolumn="18" rule="JUnitAssertionsShouldIncludeMessage" ruleset="Best Practices" package="org.junit.runner" class="FilterFactoriesTest" method="shouldPassOnDescriptionToFilterFactory" externalInfoUrl="https://pmd.github.io/pmd/pmd_rules_java_bestpractices.html#junitassertionsshouldincludemessage" priority="3">
JUnit assertions should include a message
</violation>
<violation beginline="60" endline="60" begincolumn="45" endcolumn="53" rule="SignatureDeclareThrowsException" ruleset="Design" package="org.junit.runner" class="FilterFactoriesTest" method="shouldCreateFilter" externalInfoUrl="https://pmd.github.io/pmd/pmd_rules_java_design.html#signaturedeclarethrowsexception" priority="3">
A method/constructor should not explicitly throw java.lang.Exception
</violation>
<violation beginline="67" endline="67" begincolumn="9" endcolumn="18" rule="JUnitAssertionsShouldIncludeMessage" ruleset="Best Practices" package="org.junit.runner" class="FilterFactoriesTest" method="shouldCreateFilter" externalInfoUrl="https://pmd.github.io/pmd/pmd_rules_java_bestpractices.html#junitassertionsshouldincludemessage" priority="3">
JUnit assertions should include a message
</violation>
<violation beginline="71" endline="71" begincolumn="65" endcolumn="73" rule="SignatureDeclareThrowsException" ruleset="Design" package="org.junit.runner" class="FilterFactoriesTest" method="shouldThrowExceptionIfNotFilterFactory" externalInfoUrl="https://pmd.github.io/pmd/pmd_rules_java_design.html#signaturedeclarethrowsexception" priority="3">
A method/constructor should not explicitly throw java.lang.Exception
</violation>
<violation beginline="78" endline="78" begincolumn="64" endcolumn="72" rule="SignatureDeclareThrowsException" ruleset="Design" package="org.junit.runner" class="FilterFactoriesTest" method="shouldThrowExceptionIfNotInstantiable" externalInfoUrl="https://pmd.github.io/pmd/pmd_rules_java_design.html#signaturedeclarethrowsexception" priority="3">
A method/constructor should not explicitly throw java.lang.Exception
</violation>
<violation beginline="92" endline="92" begincolumn="53" endcolumn="61" rule="AvoidThrowingRawExceptionTypes" ruleset="Design" package="org.junit.runner" class="FilterFactoriesTest$NonInstantiableFilterFactory" method="createFilter" externalInfoUrl="https://pmd.github.io/pmd/pmd_rules_java_design.html#avoidthrowingrawexceptiontypes" priority="1">
Avoid throwing raw exception types.
</violation>
<violation beginline="134" endline="135" begincolumn="30" endcolumn="9" rule="UncommentedEmptyMethodBody" ruleset="Documentation" package="org.junit.runner" class="FilterFactoriesTest$DummyTest" method="passes" externalInfoUrl="https://pmd.github.io/pmd/pmd_rules_java_documentation.html#uncommentedemptymethodbody" priority="3">
Document empty method body
</violation>
<violation beginline="134" endline="135" begincolumn="16" endcolumn="9" rule="JUnitTestsShouldIncludeAssert" ruleset="Best Practices" package="org.junit.runner" class="FilterFactoriesTest$DummyTest" method="passes" externalInfoUrl="https://pmd.github.io/pmd/pmd_rules_java_bestpractices.html#junittestsshouldincludeassert" priority="3">
JUnit tests should include assert() or fail()
</violation>
</file>
<file name="C:\Users\Deyan\Downloads\junit4-r4.13.2\src\test\java\org\junit\runner\FilterOptionIntegrationTest.java">
<violation beginline="25" endline="25" begincolumn="23" endcolumn="31" rule="ImmutableField" ruleset="Design" package="org.junit.runner" class="FilterOptionIntegrationTest" variable="jUnitCore" externalInfoUrl="https://pmd.github.io/pmd/pmd_rules_java_design.html#immutablefield" priority="3">
Private field 'jUnitCore' could be made final; it is only initialized in the declaration or constructor.
</violation>
<violation beginline="26" endline="26" begincolumn="26" endcolumn="37" rule="ImmutableField" ruleset="Design" package="org.junit.runner" class="FilterOptionIntegrationTest" variable="testListener" externalInfoUrl="https://pmd.github.io/pmd/pmd_rules_java_design.html#immutablefield" priority="3">
Private field 'testListener' could be made final; it is only initialized in the declaration or constructor.
</violation>
<violation beginline="34" endline="49" begincolumn="12" endcolumn="5" rule="JUnitTestContainsTooManyAsserts" ruleset="Best Practices" package="org.junit.runner" class="FilterOptionIntegrationTest" method="shouldRunAllTests" externalInfoUrl="https://pmd.github.io/pmd/pmd_rules_java_bestpractices.html#junittestcontainstoomanyasserts" priority="3">
Unit tests should not contain more than 1 assert(s).
</violation>
<violation beginline="47" endline="47" begincolumn="20" endcolumn="44" rule="AvoidDuplicateLiterals" ruleset="Error Prone" package="org.junit.runner" class="FilterOptionIntegrationTest" method="shouldRunAllTests" externalInfoUrl="https://pmd.github.io/pmd/pmd_rules_java_errorprone.html#avoidduplicateliterals" priority="3">
The String literal "runCount does not match" appears 4 times in this file; the first occurrence is on line 47
</violation>
<violation beginline="48" endline="48" begincolumn="20" endcolumn="48" rule="AvoidDuplicateLiterals" ruleset="Error Prone" package="org.junit.runner" class="FilterOptionIntegrationTest" method="shouldRunAllTests" externalInfoUrl="https://pmd.github.io/pmd/pmd_rules_java_errorprone.html#avoidduplicateliterals" priority="3">
The String literal "failureCount does not match" appears 4 times in this file; the first occurrence is on line 48
</violation>
<violation beginline="52" endline="68" begincolumn="12" endcolumn="5" rule="JUnitTestContainsTooManyAsserts" ruleset="Best Practices" package="org.junit.runner" class="FilterOptionIntegrationTest" method="shouldExcludeSomeTests" externalInfoUrl="https://pmd.github.io/pmd/pmd_rules_java_bestpractices.html#junittestcontainstoomanyasserts" priority="3">
Unit tests should not contain more than 1 assert(s).
</violation>
<violation beginline="71" endline="87" begincolumn="12" endcolumn="5" rule="JUnitTestContainsTooManyAsserts" ruleset="Best Practices" package="org.junit.runner" class="FilterOptionIntegrationTest" method="shouldIncludeSomeTests" externalInfoUrl="https://pmd.github.io/pmd/pmd_rules_java_bestpractices.html#junittestcontainstoomanyasserts" priority="3">
Unit tests should not contain more than 1 assert(s).
</violation>
<violation beginline="90" endline="107" begincolumn="12" endcolumn="5" rule="JUnitTestContainsTooManyAsserts" ruleset="Best Practices" package="org.junit.runner" class="FilterOptionIntegrationTest" method="shouldCombineFilters" externalInfoUrl="https://pmd.github.io/pmd/pmd_rules_java_bestpractices.html#junittestcontainstoomanyasserts" priority="3">
Unit tests should not contain more than 1 assert(s).
</violation>
<violation beginline="124" endline="124" begincolumn="44" endcolumn="64" rule="UseDiamondOperator" ruleset="Code Style" package="org.junit.runner" class="FilterOptionIntegrationTest$TestListener" externalInfoUrl="https://pmd.github.io/pmd/pmd_rules_java_codestyle.html#usediamondoperator" priority="3">
Explicit type arguments can be replaced by Diamond Operator
</violation>
<violation beginline="124" endline="124" begincolumn="29" endcolumn="40" rule="ImmutableField" ruleset="Design" package="org.junit.runner" class="FilterOptionIntegrationTest$TestListener" variable="startedTests" externalInfoUrl="https://pmd.github.io/pmd/pmd_rules_java_design.html#immutablefield" priority="3">
Private field 'startedTests' could be made final; it is only initialized in the declaration or constructor.
</violation>
<violation beginline="125" endline="125" begincolumn="45" endcolumn="65" rule="UseDiamondOperator" ruleset="Code Style" package="org.junit.runner" class="FilterOptionIntegrationTest$TestListener" externalInfoUrl="https://pmd.github.io/pmd/pmd_rules_java_codestyle.html#usediamondoperator" priority="3">
Explicit type arguments can be replaced by Diamond Operator
</violation>
<violation beginline="125" endline="125" begincolumn="29" endcolumn="41" rule="ImmutableField" ruleset="Design" package="org.junit.runner" class="FilterOptionIntegrationTest$TestListener" variable="finishedTests" externalInfoUrl="https://pmd.github.io/pmd/pmd_rules_java_design.html#immutablefield" priority="3">
Private field 'finishedTests' could be made final; it is only initialized in the declaration or constructor.
</violation>
<violation beginline="152" endline="153" begincolumn="33" endcolumn="9" rule="UncommentedEmptyMethodBody" ruleset="Documentation" package="org.junit.runner" class="FilterOptionIntegrationTest$DummyTestClass" method="dummyTest" externalInfoUrl="https://pmd.github.io/pmd/pmd_rules_java_documentation.html#uncommentedemptymethodbody" priority="3">
Document empty method body
</violation>
<violation beginline="152" endline="153" begincolumn="16" endcolumn="9" rule="JUnitTestsShouldIncludeAssert" ruleset="Best Practices" package="org.junit.runner" class="FilterOptionIntegrationTest$DummyTestClass" method="dummyTest" externalInfoUrl="https://pmd.github.io/pmd/pmd_rules_java_bestpractices.html#junittestsshouldincludeassert" priority="3">
JUnit tests should include assert() or fail()
</violation>
<violation beginline="159" endline="160" begincolumn="33" endcolumn="9" rule="UncommentedEmptyMethodBody" ruleset="Documentation" package="org.junit.runner" class="FilterOptionIntegrationTest$DummyTestClass0" method="dummyTest" externalInfoUrl="https://pmd.github.io/pmd/pmd_rules_java_documentation.html#uncommentedemptymethodbody" priority="3">
Document empty method body
</violation>
<violation beginline="159" endline="160" begincolumn="16" endcolumn="9" rule="JUnitTestsShouldIncludeAssert" ruleset="Best Practices" package="org.junit.runner" class="FilterOptionIntegrationTest$DummyTestClass0" method="dummyTest" externalInfoUrl="https://pmd.github.io/pmd/pmd_rules_java_bestpractices.html#junittestsshouldincludeassert" priority="3">
JUnit tests should include assert() or fail()
</violation>
<violation beginline="166" endline="167" begincolumn="33" endcolumn="9" rule="UncommentedEmptyMethodBody" ruleset="Documentation" package="org.junit.runner" class="FilterOptionIntegrationTest$DummyTestClass1" method="dummyTest" externalInfoUrl="https://pmd.github.io/pmd/pmd_rules_java_documentation.html#uncommentedemptymethodbody" priority="3">
Document empty method body
</violation>
<violation beginline="166" endline="167" begincolumn="16" endcolumn="9" rule="JUnitTestsShouldIncludeAssert" ruleset="Best Practices" package="org.junit.runner" class="FilterOptionIntegrationTest$DummyTestClass1" method="dummyTest" externalInfoUrl="https://pmd.github.io/pmd/pmd_rules_java_bestpractices.html#junittestsshouldincludeassert" priority="3">
JUnit tests should include assert() or fail()
</violation>
<violation beginline="173" endline="174" begincolumn="33" endcolumn="9" rule="UncommentedEmptyMethodBody" ruleset="Documentation" package="org.junit.runner" class="FilterOptionIntegrationTest$DummyTestClass01" method="dummyTest" externalInfoUrl="https://pmd.github.io/pmd/pmd_rules_java_documentation.html#uncommentedemptymethodbody" priority="3">
Document empty method body
</violation>
<violation beginline="173" endline="174" begincolumn="16" endcolumn="9" rule="JUnitTestsShouldIncludeAssert" ruleset="Best Practices" package="org.junit.runner" class="FilterOptionIntegrationTest$DummyTestClass01" method="dummyTest" externalInfoUrl="https://pmd.github.io/pmd/pmd_rules_java_bestpractices.html#junittestsshouldincludeassert" priority="3">
JUnit tests should include assert() or fail()
</violation>
<violation beginline="181" endline="182" begincolumn="33" endcolumn="9" rule="UncommentedEmptyMethodBody" ruleset="Documentation" package="org.junit.runner" class="FilterOptionIntegrationTest$DummyTestClass0TestMethod1" method="dummyTest" externalInfoUrl="https://pmd.github.io/pmd/pmd_rules_java_documentation.html#uncommentedemptymethodbody" priority="3">
Document empty method body
</violation>
<violation beginline="181" endline="182" begincolumn="16" endcolumn="9" rule="JUnitTestsShouldIncludeAssert" ruleset="Best Practices" package="org.junit.runner" class="FilterOptionIntegrationTest$DummyTestClass0TestMethod1" method="dummyTest" externalInfoUrl="https://pmd.github.io/pmd/pmd_rules_java_bestpractices.html#junittestsshouldincludeassert" priority="3">
JUnit tests should include assert() or fail()
</violation>
<violation beginline="185" endline="186" begincolumn="19" endcolumn="5" rule="UnnecessaryModifier" ruleset="Code Style" package="org.junit.runner" class="FilterOptionIntegrationTest$DummyCategory0" externalInfoUrl="https://pmd.github.io/pmd/pmd_rules_java_codestyle.html#unnecessarymodifier" priority="3">
Unnecessary modifier 'static' on interface 'DummyCategory0': member interfaces are implicitly static
</violation>
<violation beginline="188" endline="189" begincolumn="19" endcolumn="5" rule="UnnecessaryModifier" ruleset="Code Style" package="org.junit.runner" class="FilterOptionIntegrationTest$DummyCategory1" externalInfoUrl="https://pmd.github.io/pmd/pmd_rules_java_codestyle.html#unnecessarymodifier" priority="3">
Unnecessary modifier 'static' on interface 'DummyCategory1': member interfaces are implicitly static
</violation>
</file>
<file name="C:\Users\Deyan\Downloads\junit4-r4.13.2\src\test\java\org\junit\runner\JUnitCommandLineParseResultTest.java">
<violation beginline="23" endline="23" begincolumn="70" endcolumn="78" rule="SignatureDeclareThrowsException" ruleset="Design" package="org.junit.runner" class="JUnitCommandLineParseResultTest" method="shouldStopParsingOptionsUponDoubleHyphenArg" externalInfoUrl="https://pmd.github.io/pmd/pmd_rules_java_design.html#signaturedeclarethrowsexception" priority="3">
A method/constructor should not explicitly throw java.lang.Exception
</violation>
<violation beginline="27" endline="27" begincolumn="9" endcolumn="18" rule="JUnitAssertionsShouldIncludeMessage" ruleset="Best Practices" package="org.junit.runner" class="JUnitCommandLineParseResultTest" method="shouldStopParsingOptionsUponDoubleHyphenArg" externalInfoUrl="https://pmd.github.io/pmd/pmd_rules_java_bestpractices.html#junitassertionsshouldincludemessage" priority="3">
JUnit assertions should include a message
</violation>
<violation beginline="31" endline="31" begincolumn="63" endcolumn="71" rule="SignatureDeclareThrowsException" ruleset="Design" package="org.junit.runner" class="JUnitCommandLineParseResultTest" method="shouldParseFilterArgWithEqualsSyntax" externalInfoUrl="https://pmd.github.io/pmd/pmd_rules_java_design.html#signaturedeclarethrowsexception" priority="3">
A method/constructor should not explicitly throw java.lang.Exception
</violation>
<violation beginline="37" endline="37" begincolumn="9" endcolumn="18" rule="JUnitAssertionsShouldIncludeMessage" ruleset="Best Practices" package="org.junit.runner" class="JUnitCommandLineParseResultTest" method="shouldParseFilterArgWithEqualsSyntax" externalInfoUrl="https://pmd.github.io/pmd/pmd_rules_java_bestpractices.html#junitassertionsshouldincludemessage" priority="3">
JUnit assertions should include a message
</violation>
<violation beginline="47" endline="47" begincolumn="9" endcolumn="18" rule="JUnitAssertionsShouldIncludeMessage" ruleset="Best Practices" package="org.junit.runner" class="JUnitCommandLineParseResultTest" method="shouldCreateFailureUponBaldFilterOptionNotFollowedByValue" externalInfoUrl="https://pmd.github.io/pmd/pmd_rules_java_bestpractices.html#junitassertionsshouldincludemessage" priority="3">
JUnit assertions should include a message
</violation>
<violation beginline="47" endline="47" begincolumn="59" endcolumn="79" rule="AvoidDuplicateLiterals" ruleset="Error Prone" package="org.junit.runner" class="JUnitCommandLineParseResultTest" method="shouldCreateFailureUponBaldFilterOptionNotFollowedByValue" externalInfoUrl="https://pmd.github.io/pmd/pmd_rules_java_errorprone.html#avoidduplicateliterals" priority="3">
The String literal "initializationError" appears 5 times in this file; the first occurrence is on line 47
</violation>
<violation beginline="51" endline="51" begincolumn="73" endcolumn="81" rule="SignatureDeclareThrowsException" ruleset="Design" package="org.junit.runner" class="JUnitCommandLineParseResultTest" method="shouldParseFilterArgInWhichValueIsASeparateArg" externalInfoUrl="https://pmd.github.io/pmd/pmd_rules_java_design.html#signaturedeclarethrowsexception" priority="3">
A method/constructor should not explicitly throw java.lang.Exception
</violation>
<violation beginline="57" endline="57" begincolumn="9" endcolumn="18" rule="JUnitAssertionsShouldIncludeMessage" ruleset="Best Practices" package="org.junit.runner" class="JUnitCommandLineParseResultTest" method="shouldParseFilterArgInWhichValueIsASeparateArg" externalInfoUrl="https://pmd.github.io/pmd/pmd_rules_java_bestpractices.html#junitassertionsshouldincludemessage" priority="3">
JUnit assertions should include a message
</violation>
<violation beginline="61" endline="61" begincolumn="64" endcolumn="72" rule="SignatureDeclareThrowsException" ruleset="Design" package="org.junit.runner" class="JUnitCommandLineParseResultTest" method="shouldStopParsingOptionsUponNonOption" externalInfoUrl="https://pmd.github.io/pmd/pmd_rules_java_design.html#signaturedeclarethrowsexception" priority="3">
A method/constructor should not explicitly throw java.lang.Exception
</violation>
<violation beginline="66" endline="66" begincolumn="9" endcolumn="18" rule="JUnitAssertionsShouldIncludeMessage" ruleset="Best Practices" package="org.junit.runner" class="JUnitCommandLineParseResultTest" method="shouldStopParsingOptionsUponNonOption" externalInfoUrl="https://pmd.github.io/pmd/pmd_rules_java_bestpractices.html#junitassertionsshouldincludemessage" priority="3">
JUnit assertions should include a message
</violation>
<violation beginline="70" endline="70" begincolumn="63" endcolumn="71" rule="SignatureDeclareThrowsException" ruleset="Design" package="org.junit.runner" class="JUnitCommandLineParseResultTest" method="shouldCreateFailureUponUnknownOption" externalInfoUrl="https://pmd.github.io/pmd/pmd_rules_java_design.html#signaturedeclarethrowsexception" priority="3">
A method/constructor should not explicitly throw java.lang.Exception
</violation>
<violation beginline="79" endline="79" begincolumn="9" endcolumn="18" rule="JUnitAssertionsShouldIncludeMessage" ruleset="Best Practices" package="org.junit.runner" class="JUnitCommandLineParseResultTest" method="shouldCreateFailureUponUnknownOption" externalInfoUrl="https://pmd.github.io/pmd/pmd_rules_java_bestpractices.html#junitassertionsshouldincludemessage" priority="3">
JUnit assertions should include a message
</violation>
<violation beginline="83" endline="83" begincolumn="65" endcolumn="73" rule="SignatureDeclareThrowsException" ruleset="Design" package="org.junit.runner" class="JUnitCommandLineParseResultTest" method="shouldCreateFailureUponUncreatedFilter" externalInfoUrl="https://pmd.github.io/pmd/pmd_rules_java_design.html#signaturedeclarethrowsexception" priority="3">
A method/constructor should not explicitly throw java.lang.Exception
</violation>
<violation beginline="91" endline="91" begincolumn="9" endcolumn="18" rule="JUnitAssertionsShouldIncludeMessage" ruleset="Best Practices" package="org.junit.runner" class="JUnitCommandLineParseResultTest" method="shouldCreateFailureUponUncreatedFilter" externalInfoUrl="https://pmd.github.io/pmd/pmd_rules_java_bestpractices.html#junitassertionsshouldincludemessage" priority="3">
JUnit assertions should include a message
</violation>
<violation beginline="95" endline="95" begincolumn="70" endcolumn="78" rule="SignatureDeclareThrowsException" ruleset="Design" package="org.junit.runner" class="JUnitCommandLineParseResultTest" method="shouldCreateFailureUponUnfoundFilterFactory" externalInfoUrl="https://pmd.github.io/pmd/pmd_rules_java_design.html#signaturedeclarethrowsexception" priority="3">
A method/constructor should not explicitly throw java.lang.Exception
</violation>
<violation beginline="104" endline="104" begincolumn="9" endcolumn="18" rule="JUnitAssertionsShouldIncludeMessage" ruleset="Best Practices" package="org.junit.runner" class="JUnitCommandLineParseResultTest" method="shouldCreateFailureUponUnfoundFilterFactory" externalInfoUrl="https://pmd.github.io/pmd/pmd_rules_java_bestpractices.html#junitassertionsshouldincludemessage" priority="3">
JUnit assertions should include a message
</violation>
<violation beginline="116" endline="116" begincolumn="9" endcolumn="18" rule="JUnitAssertionsShouldIncludeMessage" ruleset="Best Practices" package="org.junit.runner" class="JUnitCommandLineParseResultTest" method="shouldAddToClasses" externalInfoUrl="https://pmd.github.io/pmd/pmd_rules_java_bestpractices.html#junitassertionsshouldincludemessage" priority="3">
JUnit assertions should include a message
</violation>
<violation beginline="120" endline="120" begincolumn="66" endcolumn="74" rule="SignatureDeclareThrowsException" ruleset="Design" package="org.junit.runner" class="JUnitCommandLineParseResultTest" method="shouldCreateFailureUponUnknownTestClass" externalInfoUrl="https://pmd.github.io/pmd/pmd_rules_java_design.html#signaturedeclarethrowsexception" priority="3">
A method/constructor should not explicitly throw java.lang.Exception
</violation>
<violation beginline="129" endline="129" begincolumn="9" endcolumn="18" rule="JUnitAssertionsShouldIncludeMessage" ruleset="Best Practices" package="org.junit.runner" class="JUnitCommandLineParseResultTest" method="shouldCreateFailureUponUnknownTestClass" externalInfoUrl="https://pmd.github.io/pmd/pmd_rules_java_bestpractices.html#junitassertionsshouldincludemessage" priority="3">
JUnit assertions should include a message
</violation>
<violation beginline="134" endline="134" begincolumn="53" endcolumn="61" rule="AvoidThrowingRawExceptionTypes" ruleset="Design" package="org.junit.runner" class="JUnitCommandLineParseResultTest$FilterFactoryStub" method="createFilter" externalInfoUrl="https://pmd.github.io/pmd/pmd_rules_java_design.html#avoidthrowingrawexceptiontypes" priority="1">
Avoid throwing raw exception types.
</violation>
<violation beginline="138" endline="139" begincolumn="19" endcolumn="5" rule="UnnecessaryModifier" ruleset="Code Style" package="org.junit.runner" class="JUnitCommandLineParseResultTest$DummyCategory0" externalInfoUrl="https://pmd.github.io/pmd/pmd_rules_java_codestyle.html#unnecessarymodifier" priority="3">
Unnecessary modifier 'static' on interface 'DummyCategory0': member interfaces are implicitly static
</violation>
<violation beginline="143" endline="144" begincolumn="33" endcolumn="9" rule="UncommentedEmptyMethodBody" ruleset="Documentation" package="org.junit.runner" class="JUnitCommandLineParseResultTest$DummyTest" method="dummyTest" externalInfoUrl="https://pmd.github.io/pmd/pmd_rules_java_documentation.html#uncommentedemptymethodbody" priority="3">
Document empty method body
</violation>
<violation beginline="143" endline="144" begincolumn="16" endcolumn="9" rule="JUnitTestsShouldIncludeAssert" ruleset="Best Practices" package="org.junit.runner" class="JUnitCommandLineParseResultTest$DummyTest" method="dummyTest" externalInfoUrl="https://pmd.github.io/pmd/pmd_rules_java_bestpractices.html#junittestsshouldincludeassert" priority="3">
JUnit tests should include assert() or fail()
</violation>
</file>
<file name="C:\Users\Deyan\Downloads\junit4-r4.13.2\src\test\java\org\junit\runner\JUnitCoreTest.java">
<violation beginline="12" endline="19" begincolumn="12" endcolumn="5" rule="JUnitTestContainsTooManyAsserts" ruleset="Best Practices" package="org.junit.runner" class="JUnitCoreTest" method="shouldAddFailuresToResult" externalInfoUrl="https://pmd.github.io/pmd/pmd_rules_java_bestpractices.html#junittestcontainstoomanyasserts" priority="3">
Unit tests should not contain more than 1 assert(s).
</violation>
<violation beginline="17" endline="17" begincolumn="9" endcolumn="18" rule="JUnitAssertionsShouldIncludeMessage" ruleset="Best Practices" package="org.junit.runner" class="JUnitCoreTest" method="shouldAddFailuresToResult" externalInfoUrl="https://pmd.github.io/pmd/pmd_rules_java_bestpractices.html#junitassertionsshouldincludemessage" priority="3">
JUnit assertions should include a message
</violation>
<violation beginline="18" endline="18" begincolumn="9" endcolumn="18" rule="JUnitAssertionsShouldIncludeMessage" ruleset="Best Practices" package="org.junit.runner" class="JUnitCoreTest" method="shouldAddFailuresToResult" externalInfoUrl="https://pmd.github.io/pmd/pmd_rules_java_bestpractices.html#junitassertionsshouldincludemessage" priority="3">
JUnit assertions should include a message
</violation>
</file>
<file name="C:\Users\Deyan\Downloads\junit4-r4.13.2\src\test\java\org\junit\runner\OrderWithValidatorTest.java">
<violation beginline="22" endline="22" begincolumn="30" endcolumn="31" rule="UncommentedEmptyMethodBody" ruleset="Documentation" package="org.junit.runner" class="OrderWithValidatorTest$TestWithNoValidationErrors" method="passes" externalInfoUrl="https://pmd.github.io/pmd/pmd_rules_java_documentation.html#uncommentedemptymethodbody" priority="3">
Document empty method body
</violation>
<violation beginline="22" endline="22" begincolumn="16" endcolumn="31" rule="JUnitTestsShouldIncludeAssert" ruleset="Best Practices" package="org.junit.runner" class="OrderWithValidatorTest$TestWithNoValidationErrors" method="passes" externalInfoUrl="https://pmd.github.io/pmd/pmd_rules_java_bestpractices.html#junittestsshouldincludeassert" priority="3">
JUnit tests should include assert() or fail()
</violation>
<violation beginline="30" endline="30" begincolumn="30" endcolumn="31" rule="UncommentedEmptyMethodBody" ruleset="Documentation" package="org.junit.runner" class="OrderWithValidatorTest$TestAnnotatedWithFixMethodOrder" method="passes" externalInfoUrl="https://pmd.github.io/pmd/pmd_rules_java_documentation.html#uncommentedemptymethodbody" priority="3">
Document empty method body
</violation>
<violation beginline="30" endline="30" begincolumn="16" endcolumn="31" rule="JUnitTestsShouldIncludeAssert" ruleset="Best Practices" package="org.junit.runner" class="OrderWithValidatorTest$TestAnnotatedWithFixMethodOrder" method="passes" externalInfoUrl="https://pmd.github.io/pmd/pmd_rules_java_bestpractices.html#junittestsshouldincludeassert" priority="3">
JUnit tests should include assert() or fail()
</violation>
<violation beginline="38" endline="38" begincolumn="9" endcolumn="18" rule="JUnitAssertionsShouldIncludeMessage" ruleset="Best Practices" package="org.junit.runner" class="OrderWithValidatorTest" method="noErrorIsAddedForTestWithoutValdationErrors" externalInfoUrl="https://pmd.github.io/pmd/pmd_rules_java_bestpractices.html#junitassertionsshouldincludemessage" priority="3">
JUnit assertions should include a message
</violation>
<violation beginline="42" endline="49" begincolumn="12" endcolumn="5" rule="JUnitTestContainsTooManyAsserts" ruleset="Best Practices" package="org.junit.runner" class="OrderWithValidatorTest" method="errorIsAddedWhenTestAnnotatedWithFixMethodOrder" externalInfoUrl="https://pmd.github.io/pmd/pmd_rules_java_bestpractices.html#junittestcontainstoomanyasserts" priority="3">
Unit tests should not contain more than 1 assert(s).
</violation>
<violation beginline="46" endline="46" begincolumn="9" endcolumn="18" rule="JUnitAssertionsShouldIncludeMessage" ruleset="Best Practices" package="org.junit.runner" class="OrderWithValidatorTest" method="errorIsAddedWhenTestAnnotatedWithFixMethodOrder" externalInfoUrl="https://pmd.github.io/pmd/pmd_rules_java_bestpractices.html#junitassertionsshouldincludemessage" priority="3">
JUnit assertions should include a message
</violation>
<violation beginline="48" endline="48" begincolumn="9" endcolumn="18" rule="JUnitAssertionsShouldIncludeMessage" ruleset="Best Practices" package="org.junit.runner" class="OrderWithValidatorTest" method="errorIsAddedWhenTestAnnotatedWithFixMethodOrder" externalInfoUrl="https://pmd.github.io/pmd/pmd_rules_java_bestpractices.html#junitassertionsshouldincludemessage" priority="3">
JUnit assertions should include a message
</violation>
</file>
<file name="C:\Users\Deyan\Downloads\junit4-r4.13.2\src\test\java\org\junit\runner\RequestTest.java">
<violation beginline="23" endline="23" begincolumn="9" endcolumn="18" rule="JUnitAssertionsShouldIncludeMessage" ruleset="Best Practices" package="org.junit.runner" class="RequestTest" method="createsADescriptionWithANameForClasses" externalInfoUrl="https://pmd.github.io/pmd/pmd_rules_java_bestpractices.html#junitassertionsshouldincludemessage" priority="3">
JUnit assertions should include a message
</violation>
<violation beginline="34" endline="34" begincolumn="9" endcolumn="18" rule="JUnitAssertionsShouldIncludeMessage" ruleset="Best Practices" package="org.junit.runner" class="RequestTest" method="reportsInitializationErrorThrownWhileCreatingSuite" externalInfoUrl="https://pmd.github.io/pmd/pmd_rules_java_bestpractices.html#junitassertionsshouldincludemessage" priority="3">
JUnit assertions should include a message
</violation>
</file>
<file name="C:\Users\Deyan\Downloads\junit4-r4.13.2\src\test\java\org\junit\runner\RunnerSpy.java">
<violation beginline="6" endline="37" begincolumn="8" endcolumn="1" rule="DataClass" ruleset="Design" package="org.junit.runner" class="RunnerSpy" externalInfoUrl="https://pmd.github.io/pmd/pmd_rules_java_design.html#dataclass" priority="3">
The class 'RunnerSpy' is suspected to be a Data Class (WOC=16.667%, NOPA=1, NOAM=3, WMC=6)
</violation>
<violation beginline="10" endline="10" begincolumn="22" endcolumn="37" rule="ImmutableField" ruleset="Design" package="org.junit.runner" class="RunnerSpy" variable="invokedTestClass" externalInfoUrl="https://pmd.github.io/pmd/pmd_rules_java_design.html#immutablefield" priority="3">
Private field 'invokedTestClass' could be made final; it is only initialized in the declaration or constructor.
</violation>
<violation beginline="27" endline="28" begincolumn="46" endcolumn="5" rule="UncommentedEmptyMethodBody" ruleset="Documentation" package="org.junit.runner" class="RunnerSpy" method="run" externalInfoUrl="https://pmd.github.io/pmd/pmd_rules_java_documentation.html#uncommentedemptymethodbody" priority="3">
Document empty method body
</violation>
</file>
<file name="C:\Users\Deyan\Downloads\junit4-r4.13.2\src\test\java\org\junit\runner\notification\ConcurrentRunNotifierTest.java">
<violation beginline="32" endline="32" begincolumn="9" endcolumn="64" rule="DefaultPackage" ruleset="Code Style" package="org.junit.runner.notification" class="ConcurrentRunNotifierTest$ConcurrentRunListener" externalInfoUrl="https://pmd.github.io/pmd/pmd_rules_java_codestyle.html#defaultpackage" priority="3">
Use explicit scoping instead of the default package private level
</violation>
<violation beginline="41" endline="41" begincolumn="36" endcolumn="44" rule="SignatureDeclareThrowsException" ruleset="Design" package="org.junit.runner.notification" class="ConcurrentRunNotifierTest" method="realUsage" externalInfoUrl="https://pmd.github.io/pmd/pmd_rules_java_design.html#signaturedeclarethrowsexception" priority="3">
A method/constructor should not explicitly throw java.lang.Exception
</violation>
<violation beginline="41" endline="64" begincolumn="12" endcolumn="5" rule="JUnitTestContainsTooManyAsserts" ruleset="Best Practices" package="org.junit.runner.notification" class="ConcurrentRunNotifierTest" method="realUsage" externalInfoUrl="https://pmd.github.io/pmd/pmd_rules_java_bestpractices.html#junittestcontainstoomanyasserts" priority="3">
Unit tests should not contain more than 1 assert(s).
</violation>
<violation beginline="57" endline="57" begincolumn="9" endcolumn="18" rule="JUnitAssertionsShouldIncludeMessage" ruleset="Best Practices" package="org.junit.runner.notification" class="ConcurrentRunNotifierTest" method="realUsage" externalInfoUrl="https://pmd.github.io/pmd/pmd_rules_java_bestpractices.html#junitassertionsshouldincludemessage" priority="3">
JUnit assertions should include a message
</violation>
<violation beginline="62" endline="62" begincolumn="9" endcolumn="18" rule="JUnitAssertionsShouldIncludeMessage" ruleset="Best Practices" package="org.junit.runner.notification" class="ConcurrentRunNotifierTest" method="realUsage" externalInfoUrl="https://pmd.github.io/pmd/pmd_rules_java_bestpractices.html#junitassertionsshouldincludemessage" priority="3">
JUnit assertions should include a message
</violation>
<violation beginline="63" endline="63" begincolumn="9" endcolumn="18" rule="JUnitAssertionsShouldIncludeMessage" ruleset="Best Practices" package="org.junit.runner.notification" class="ConcurrentRunNotifierTest" method="realUsage" externalInfoUrl="https://pmd.github.io/pmd/pmd_rules_java_bestpractices.html#junitassertionsshouldincludemessage" priority="3">
JUnit assertions should include a message
</violation>
<violation beginline="67" endline="67" begincolumn="9" endcolumn="43" rule="DefaultPackage" ruleset="Code Style" package="org.junit.runner.notification" class="ConcurrentRunNotifierTest$ExaminedListener" externalInfoUrl="https://pmd.github.io/pmd/pmd_rules_java_codestyle.html#defaultpackage" priority="3">
Use explicit scoping instead of the default package private level
</violation>
<violation beginline="68" endline="68" begincolumn="26" endcolumn="47" rule="RedundantFieldInitializer" ruleset="Performance" package="org.junit.runner.notification" class="ConcurrentRunNotifierTest$ExaminedListener" variable="hasTestFailure" externalInfoUrl="https://pmd.github.io/pmd/pmd_rules_java_performance.html#redundantfieldinitializer" priority="3">
Avoid using redundant field initializer for 'hasTestFailure'
</violation>
<violation beginline="68" endline="68" begincolumn="9" endcolumn="48" rule="DefaultPackage" ruleset="Code Style" package="org.junit.runner.notification" class="ConcurrentRunNotifierTest$ExaminedListener" externalInfoUrl="https://pmd.github.io/pmd/pmd_rules_java_codestyle.html#defaultpackage" priority="3">
Use explicit scoping instead of the default package private level
</violation>
<violation beginline="77" endline="77" begincolumn="27" endcolumn="35" rule="AvoidThrowingRawExceptionTypes" ruleset="Design" package="org.junit.runner.notification" class="ConcurrentRunNotifierTest$ExaminedListener" method="testStarted" externalInfoUrl="https://pmd.github.io/pmd/pmd_rules_java_design.html#avoidthrowingrawexceptiontypes" priority="1">
Avoid throwing raw exception types.
</violation>
<violation beginline="91" endline="140" begincolumn="16" endcolumn="9" rule="JUnitTestContainsTooManyAsserts" ruleset="Best Practices" package="org.junit.runner.notification" class="ConcurrentRunNotifierTest$AbstractConcurrentFailuresTest" method="test" externalInfoUrl="https://pmd.github.io/pmd/pmd_rules_java_bestpractices.html#junittestcontainstoomanyasserts" priority="3">
Unit tests should not contain more than 1 assert(s).
</violation>
<violation beginline="110" endline="110" begincolumn="43" endcolumn="51" rule="SignatureDeclareThrowsException" ruleset="Design" package="org.junit.runner.notification" class="ConcurrentRunNotifierTest$AbstractConcurrentFailuresTest" method="call" externalInfoUrl="https://pmd.github.io/pmd/pmd_rules_java_design.html#signaturedeclarethrowsexception" priority="3">
A method/constructor should not explicitly throw java.lang.Exception
</violation>
<violation beginline="133" endline="133" begincolumn="13" endcolumn="22" rule="JUnitAssertionsShouldIncludeMessage" ruleset="Best Practices" package="org.junit.runner.notification" class="ConcurrentRunNotifierTest$AbstractConcurrentFailuresTest" method="test" externalInfoUrl="https://pmd.github.io/pmd/pmd_rules_java_bestpractices.html#junitassertionsshouldincludemessage" priority="3">
JUnit assertions should include a message
</violation>
<violation beginline="138" endline="138" begincolumn="17" endcolumn="26" rule="JUnitAssertionsShouldIncludeMessage" ruleset="Best Practices" package="org.junit.runner.notification" class="ConcurrentRunNotifierTest$AbstractConcurrentFailuresTest" method="test" externalInfoUrl="https://pmd.github.io/pmd/pmd_rules_java_bestpractices.html#junitassertionsshouldincludemessage" priority="3">
JUnit assertions should include a message
</violation>
<violation beginline="148" endline="148" begincolumn="67" endcolumn="75" rule="SignatureDeclareThrowsException" ruleset="Design" package="org.junit.runner.notification" class="ConcurrentRunNotifierTest" method="reportConcurrentFailuresAfterAddListener" externalInfoUrl="https://pmd.github.io/pmd/pmd_rules_java_design.html#signaturedeclarethrowsexception" priority="3">
A method/constructor should not explicitly throw java.lang.Exception
</violation>
<violation beginline="148" endline="155" begincolumn="12" endcolumn="5" rule="JUnitTestsShouldIncludeAssert" ruleset="Best Practices" package="org.junit.runner.notification" class="ConcurrentRunNotifierTest" method="reportConcurrentFailuresAfterAddListener" externalInfoUrl="https://pmd.github.io/pmd/pmd_rules_java_bestpractices.html#junittestsshouldincludeassert" priority="3">
JUnit tests should include assert() or fail()
</violation>
<violation beginline="162" endline="162" begincolumn="72" endcolumn="80" rule="SignatureDeclareThrowsException" ruleset="Design" package="org.junit.runner.notification" class="ConcurrentRunNotifierTest" method="reportConcurrentFailuresAfterAddFirstListener" externalInfoUrl="https://pmd.github.io/pmd/pmd_rules_java_design.html#signaturedeclarethrowsexception" priority="3">
A method/constructor should not explicitly throw java.lang.Exception
</violation>
<violation beginline="162" endline="169" begincolumn="12" endcolumn="5" rule="JUnitTestsShouldIncludeAssert" ruleset="Best Practices" package="org.junit.runner.notification" class="ConcurrentRunNotifierTest" method="reportConcurrentFailuresAfterAddFirstListener" externalInfoUrl="https://pmd.github.io/pmd/pmd_rules_java_bestpractices.html#junittestsshouldincludeassert" priority="3">
JUnit tests should include assert() or fail()
</violation>
<violation beginline="171" endline="171" begincolumn="50" endcolumn="77" rule="UseVarargs" ruleset="Best Practices" package="org.junit.runner.notification" class="ConcurrentRunNotifierTest" method="countReportedTestFailures" variable="listeners" externalInfoUrl="https://pmd.github.io/pmd/pmd_rules_java_bestpractices.html#usevarargs" priority="4">
Consider using varargs for methods or constructors which take an array the last parameter.
</violation>
</file>
<file name="C:\Users\Deyan\Downloads\junit4-r4.13.2\src\test\java\org\junit\runner\notification\RunNotifierTest.java">
<violation beginline="1" endline="131" begincolumn="1" endcolumn="2" rule="TooManyStaticImports" ruleset="Code Style" package="org.junit.runner.notification" class="RunNotifierTest" externalInfoUrl="https://pmd.github.io/pmd/pmd_rules_java_codestyle.html#toomanystaticimports" priority="3">
Too many static imports may lead to messy code
</violation>
<violation beginline="29" endline="34" begincolumn="12" endcolumn="5" rule="JUnitTestsShouldIncludeAssert" ruleset="Best Practices" package="org.junit.runner.notification" class="RunNotifierTest" method="hasNoProblemsWithFailingListeners" externalInfoUrl="https://pmd.github.io/pmd/pmd_rules_java_bestpractices.html#junittestsshouldincludeassert" priority="3">
JUnit tests should include assert() or fail()
</violation>
<violation beginline="39" endline="39" begincolumn="23" endcolumn="38" rule="AvoidThrowingRawExceptionTypes" ruleset="Design" package="org.junit.runner.notification" class="RunNotifierTest$CorruptListener" method="testRunFinished" externalInfoUrl="https://pmd.github.io/pmd/pmd_rules_java_design.html#avoidthrowingrawexceptiontypes" priority="1">
Avoid throwing raw exception types.
</violation>
<violation beginline="44" endline="44" begincolumn="23" endcolumn="38" rule="AvoidThrowingRawExceptionTypes" ruleset="Design" package="org.junit.runner.notification" class="RunNotifierTest$CorruptListener" method="testFailure" externalInfoUrl="https://pmd.github.io/pmd/pmd_rules_java_design.html#avoidthrowingrawexceptiontypes" priority="1">
Avoid throwing raw exception types.
</violation>
<violation beginline="49" endline="58" begincolumn="12" endcolumn="5" rule="JUnitTestContainsTooManyAsserts" ruleset="Best Practices" package="org.junit.runner.notification" class="RunNotifierTest" method="addAndRemoveWithNonThreadSafeListener" externalInfoUrl="https://pmd.github.io/pmd/pmd_rules_java_bestpractices.html#junittestcontainstoomanyasserts" priority="3">
Unit tests should not contain more than 1 assert(s).
</violation>
<violation beginline="51" endline="51" begincolumn="9" endcolumn="18" rule="JUnitAssertionsShouldIncludeMessage" ruleset="Best Practices" package="org.junit.runner.notification" class="RunNotifierTest" method="addAndRemoveWithNonThreadSafeListener" externalInfoUrl="https://pmd.github.io/pmd/pmd_rules_java_bestpractices.html#junitassertionsshouldincludemessage" priority="3">
JUnit assertions should include a message
</violation>
<violation beginline="54" endline="54" begincolumn="9" endcolumn="18" rule="JUnitAssertionsShouldIncludeMessage" ruleset="Best Practices" package="org.junit.runner.notification" class="RunNotifierTest" method="addAndRemoveWithNonThreadSafeListener" externalInfoUrl="https://pmd.github.io/pmd/pmd_rules_java_bestpractices.html#junitassertionsshouldincludemessage" priority="3">
JUnit assertions should include a message
</violation>
<violation beginline="57" endline="57" begincolumn="9" endcolumn="18" rule="JUnitAssertionsShouldIncludeMessage" ruleset="Best Practices" package="org.junit.runner.notification" class="RunNotifierTest" method="addAndRemoveWithNonThreadSafeListener" externalInfoUrl="https://pmd.github.io/pmd/pmd_rules_java_bestpractices.html#junitassertionsshouldincludemessage" priority="3">
JUnit assertions should include a message
</violation>
<violation beginline="61" endline="70" begincolumn="12" endcolumn="5" rule="JUnitTestContainsTooManyAsserts" ruleset="Best Practices" package="org.junit.runner.notification" class="RunNotifierTest" method="addFirstAndRemoveWithNonThreadSafeListener" externalInfoUrl="https://pmd.github.io/pmd/pmd_rules_java_bestpractices.html#junittestcontainstoomanyasserts" priority="3">
Unit tests should not contain more than 1 assert(s).
</violation>
<violation beginline="63" endline="63" begincolumn="9" endcolumn="18" rule="JUnitAssertionsShouldIncludeMessage" ruleset="Best Practices" package="org.junit.runner.notification" class="RunNotifierTest" method="addFirstAndRemoveWithNonThreadSafeListener" externalInfoUrl="https://pmd.github.io/pmd/pmd_rules_java_bestpractices.html#junitassertionsshouldincludemessage" priority="3">
JUnit assertions should include a message
</violation>
<violation beginline="66" endline="66" begincolumn="9" endcolumn="18" rule="JUnitAssertionsShouldIncludeMessage" ruleset="Best Practices" package="org.junit.runner.notification" class="RunNotifierTest" method="addFirstAndRemoveWithNonThreadSafeListener" externalInfoUrl="https://pmd.github.io/pmd/pmd_rules_java_bestpractices.html#junitassertionsshouldincludemessage" priority="3">
JUnit assertions should include a message
</violation>
<violation beginline="69" endline="69" begincolumn="9" endcolumn="18" rule="JUnitAssertionsShouldIncludeMessage" ruleset="Best Practices" package="org.junit.runner.notification" class="RunNotifierTest" method="addFirstAndRemoveWithNonThreadSafeListener" externalInfoUrl="https://pmd.github.io/pmd/pmd_rules_java_bestpractices.html#junitassertionsshouldincludemessage" priority="3">
JUnit assertions should include a message
</violation>
<violation beginline="73" endline="82" begincolumn="12" endcolumn="5" rule="JUnitTestContainsTooManyAsserts" ruleset="Best Practices" package="org.junit.runner.notification" class="RunNotifierTest" method="addAndRemoveWithThreadSafeListener" externalInfoUrl="https://pmd.github.io/pmd/pmd_rules_java_bestpractices.html#junittestcontainstoomanyasserts" priority="3">
Unit tests should not contain more than 1 assert(s).
</violation>
<violation beginline="75" endline="75" begincolumn="9" endcolumn="18" rule="JUnitAssertionsShouldIncludeMessage" ruleset="Best Practices" package="org.junit.runner.notification" class="RunNotifierTest" method="addAndRemoveWithThreadSafeListener" externalInfoUrl="https://pmd.github.io/pmd/pmd_rules_java_bestpractices.html#junitassertionsshouldincludemessage" priority="3">
JUnit assertions should include a message
</violation>
<violation beginline="78" endline="78" begincolumn="9" endcolumn="18" rule="JUnitAssertionsShouldIncludeMessage" ruleset="Best Practices" package="org.junit.runner.notification" class="RunNotifierTest" method="addAndRemoveWithThreadSafeListener" externalInfoUrl="https://pmd.github.io/pmd/pmd_rules_java_bestpractices.html#junitassertionsshouldincludemessage" priority="3">
JUnit assertions should include a message
</violation>
<violation beginline="81" endline="81" begincolumn="9" endcolumn="18" rule="JUnitAssertionsShouldIncludeMessage" ruleset="Best Practices" package="org.junit.runner.notification" class="RunNotifierTest" method="addAndRemoveWithThreadSafeListener" externalInfoUrl="https://pmd.github.io/pmd/pmd_rules_java_bestpractices.html#junitassertionsshouldincludemessage" priority="3">
JUnit assertions should include a message
</violation>
<violation beginline="85" endline="94" begincolumn="12" endcolumn="5" rule="JUnitTestContainsTooManyAsserts" ruleset="Best Practices" package="org.junit.runner.notification" class="RunNotifierTest" method="addFirstAndRemoveWithThreadSafeListener" externalInfoUrl="https://pmd.github.io/pmd/pmd_rules_java_bestpractices.html#junittestcontainstoomanyasserts" priority="3">
Unit tests should not contain more than 1 assert(s).
</violation>
<violation beginline="87" endline="87" begincolumn="9" endcolumn="18" rule="JUnitAssertionsShouldIncludeMessage" ruleset="Best Practices" package="org.junit.runner.notification" class="RunNotifierTest" method="addFirstAndRemoveWithThreadSafeListener" externalInfoUrl="https://pmd.github.io/pmd/pmd_rules_java_bestpractices.html#junitassertionsshouldincludemessage" priority="3">
JUnit assertions should include a message
</violation>
<violation beginline="90" endline="90" begincolumn="9" endcolumn="18" rule="JUnitAssertionsShouldIncludeMessage" ruleset="Best Practices" package="org.junit.runner.notification" class="RunNotifierTest" method="addFirstAndRemoveWithThreadSafeListener" externalInfoUrl="https://pmd.github.io/pmd/pmd_rules_java_bestpractices.html#junitassertionsshouldincludemessage" priority="3">
JUnit assertions should include a message
</violation>
<violation beginline="93" endline="93" begincolumn="9" endcolumn="18" rule="JUnitAssertionsShouldIncludeMessage" ruleset="Best Practices" package="org.junit.runner.notification" class="RunNotifierTest" method="addFirstAndRemoveWithThreadSafeListener" externalInfoUrl="https://pmd.github.io/pmd/pmd_rules_java_bestpractices.html#junitassertionsshouldincludemessage" priority="3">
JUnit assertions should include a message
</violation>
<violation beginline="99" endline="99" begincolumn="9" endcolumn="18" rule="JUnitAssertionsShouldIncludeMessage" ruleset="Best Practices" package="org.junit.runner.notification" class="RunNotifierTest" method="wrapIfNotThreadSafeShouldNotWrapThreadSafeListeners" externalInfoUrl="https://pmd.github.io/pmd/pmd_rules_java_bestpractices.html#junitassertionsshouldincludemessage" priority="3">
JUnit assertions should include a message
</violation>
<violation beginline="106" endline="106" begincolumn="9" endcolumn="18" rule="JUnitAssertionsShouldIncludeMessage" ruleset="Best Practices" package="org.junit.runner.notification" class="RunNotifierTest" method="wrapIfNotThreadSafeShouldWrapNonThreadSafeListeners" externalInfoUrl="https://pmd.github.io/pmd/pmd_rules_java_bestpractices.html#junitassertionsshouldincludemessage" priority="3">
JUnit assertions should include a message
</violation>
<violation beginline="119" endline="119" begincolumn="9" endcolumn="64" rule="DefaultPackage" ruleset="Code Style" package="org.junit.runner.notification" class="RunNotifierTest$CountingListener" externalInfoUrl="https://pmd.github.io/pmd/pmd_rules_java_codestyle.html#defaultpackage" priority="3">
Use explicit scoping instead of the default package private level
</violation>
</file>
<file name="C:\Users\Deyan\Downloads\junit4-r4.13.2\src\test\java\org\junit\runner\notification\SynchronizedRunListenerTest.java">
<violation beginline="58" endline="58" begincolumn="40" endcolumn="69" rule="UseDiamondOperator" ruleset="Code Style" package="org.junit.runner.notification" class="SynchronizedRunListenerTest" method="getAllDeclaredMethods" externalInfoUrl="https://pmd.github.io/pmd/pmd_rules_java_codestyle.html#usediamondoperator" priority="3">
Explicit type arguments can be replaced by Diamond Operator
</violation>
<violation beginline="71" endline="71" begincolumn="9" endcolumn="18" rule="JUnitAssertionsShouldIncludeMessage" ruleset="Best Practices" package="org.junit.runner.notification" class="SynchronizedRunListenerTest" method="overridesAllMethodsInRunListener" externalInfoUrl="https://pmd.github.io/pmd/pmd_rules_java_bestpractices.html#junitassertionsshouldincludemessage" priority="3">
JUnit assertions should include a message
</violation>
<violation beginline="105" endline="124" begincolumn="12" endcolumn="5" rule="JUnitTestContainsTooManyAsserts" ruleset="Best Practices" package="org.junit.runner.notification" class="SynchronizedRunListenerTest" method="namedListenerCorrectlyImplementsEqualsAndHashCode" externalInfoUrl="https://pmd.github.io/pmd/pmd_rules_java_bestpractices.html#junittestcontainstoomanyasserts" priority="3">
Unit tests should not contain more than 1 assert(s).
</violation>
<violation beginline="106" endline="106" begincolumn="53" endcolumn="58" rule="AvoidDuplicateLiterals" ruleset="Error Prone" package="org.junit.runner.notification" class="SynchronizedRunListenerTest" method="namedListenerCorrectlyImplementsEqualsAndHashCode" externalInfoUrl="https://pmd.github.io/pmd/pmd_rules_java_errorprone.html#avoidduplicateliterals" priority="3">
The String literal "blue" appears 6 times in this file; the first occurrence is on line 106
</violation>
<violation beginline="110" endline="110" begincolumn="9" endcolumn="18" rule="JUnitAssertionsShouldIncludeMessage" ruleset="Best Practices" package="org.junit.runner.notification" class="SynchronizedRunListenerTest" method="namedListenerCorrectlyImplementsEqualsAndHashCode" externalInfoUrl="https://pmd.github.io/pmd/pmd_rules_java_bestpractices.html#junitassertionsshouldincludemessage" priority="3">
JUnit assertions should include a message
</violation>
<violation beginline="110" endline="110" begincolumn="9" endcolumn="47" rule="UseAssertEqualsInsteadOfAssertTrue" ruleset="Best Practices" package="org.junit.runner.notification" class="SynchronizedRunListenerTest" method="namedListenerCorrectlyImplementsEqualsAndHashCode" externalInfoUrl="https://pmd.github.io/pmd/pmd_rules_java_bestpractices.html#useassertequalsinsteadofasserttrue" priority="3">
Use assertEquals(x, y) instead of assertTrue(x.equals(y))
</violation>
<violation beginline="111" endline="111" begincolumn="9" endcolumn="18" rule="JUnitAssertionsShouldIncludeMessage" ruleset="Best Practices" package="org.junit.runner.notification" class="SynchronizedRunListenerTest" method="namedListenerCorrectlyImplementsEqualsAndHashCode" externalInfoUrl="https://pmd.github.io/pmd/pmd_rules_java_bestpractices.html#junitassertionsshouldincludemessage" priority="3">
JUnit assertions should include a message
</violation>
<violation beginline="111" endline="111" begincolumn="9" endcolumn="47" rule="UseAssertEqualsInsteadOfAssertTrue" ruleset="Best Practices" package="org.junit.runner.notification" class="SynchronizedRunListenerTest" method="namedListenerCorrectlyImplementsEqualsAndHashCode" externalInfoUrl="https://pmd.github.io/pmd/pmd_rules_java_bestpractices.html#useassertequalsinsteadofasserttrue" priority="3">
Use assertEquals(x, y) instead of assertTrue(x.equals(y))
</violation>
<violation beginline="112" endline="112" begincolumn="9" endcolumn="18" rule="JUnitAssertionsShouldIncludeMessage" ruleset="Best Practices" package="org.junit.runner.notification" class="SynchronizedRunListenerTest" method="namedListenerCorrectlyImplementsEqualsAndHashCode" externalInfoUrl="https://pmd.github.io/pmd/pmd_rules_java_bestpractices.html#junitassertionsshouldincludemessage" priority="3">
JUnit assertions should include a message
</violation>
<violation beginline="112" endline="112" begincolumn="9" endcolumn="47" rule="UseAssertEqualsInsteadOfAssertTrue" ruleset="Best Practices" package="org.junit.runner.notification" class="SynchronizedRunListenerTest" method="namedListenerCorrectlyImplementsEqualsAndHashCode" externalInfoUrl="https://pmd.github.io/pmd/pmd_rules_java_bestpractices.html#useassertequalsinsteadofasserttrue" priority="3">
Use assertEquals(x, y) instead of assertTrue(x.equals(y))
</violation>
<violation beginline="114" endline="114" begincolumn="21" endcolumn="42" rule="EqualsNull" ruleset="Error Prone" package="org.junit.runner.notification" class="SynchronizedRunListenerTest" method="namedListenerCorrectlyImplementsEqualsAndHashCode" externalInfoUrl="https://pmd.github.io/pmd/pmd_rules_java_errorprone.html#equalsnull" priority="1">
Avoid using equals() to compare against null
</violation>
<violation beginline="114" endline="114" begincolumn="9" endcolumn="19" rule="JUnitAssertionsShouldIncludeMessage" ruleset="Best Practices" package="org.junit.runner.notification" class="SynchronizedRunListenerTest" method="namedListenerCorrectlyImplementsEqualsAndHashCode" externalInfoUrl="https://pmd.github.io/pmd/pmd_rules_java_bestpractices.html#junitassertionsshouldincludemessage" priority="3">
JUnit assertions should include a message
</violation>
<violation beginline="115" endline="115" begincolumn="9" endcolumn="19" rule="JUnitAssertionsShouldIncludeMessage" ruleset="Best Practices" package="org.junit.runner.notification" class="SynchronizedRunListenerTest" method="namedListenerCorrectlyImplementsEqualsAndHashCode" externalInfoUrl="https://pmd.github.io/pmd/pmd_rules_java_bestpractices.html#junitassertionsshouldincludemessage" priority="3">
JUnit assertions should include a message
</violation>
<violation beginline="117" endline="117" begincolumn="9" endcolumn="18" rule="JUnitAssertionsShouldIncludeMessage" ruleset="Best Practices" package="org.junit.runner.notification" class="SynchronizedRunListenerTest" method="namedListenerCorrectlyImplementsEqualsAndHashCode" externalInfoUrl="https://pmd.github.io/pmd/pmd_rules_java_bestpractices.html#junitassertionsshouldincludemessage" priority="3">
JUnit assertions should include a message
</violation>
<violation beginline="117" endline="117" begincolumn="9" endcolumn="47" rule="UseAssertEqualsInsteadOfAssertTrue" ruleset="Best Practices" package="org.junit.runner.notification" class="SynchronizedRunListenerTest" method="namedListenerCorrectlyImplementsEqualsAndHashCode" externalInfoUrl="https://pmd.github.io/pmd/pmd_rules_java_bestpractices.html#useassertequalsinsteadofasserttrue" priority="3">
Use assertEquals(x, y) instead of assertTrue(x.equals(y))
</violation>
<violation beginline="118" endline="118" begincolumn="9" endcolumn="18" rule="JUnitAssertionsShouldIncludeMessage" ruleset="Best Practices" package="org.junit.runner.notification" class="SynchronizedRunListenerTest" method="namedListenerCorrectlyImplementsEqualsAndHashCode" externalInfoUrl="https://pmd.github.io/pmd/pmd_rules_java_bestpractices.html#junitassertionsshouldincludemessage" priority="3">
JUnit assertions should include a message
</violation>
<violation beginline="118" endline="118" begincolumn="9" endcolumn="47" rule="UseAssertEqualsInsteadOfAssertTrue" ruleset="Best Practices" package="org.junit.runner.notification" class="SynchronizedRunListenerTest" method="namedListenerCorrectlyImplementsEqualsAndHashCode" externalInfoUrl="https://pmd.github.io/pmd/pmd_rules_java_bestpractices.html#useassertequalsinsteadofasserttrue" priority="3">
Use assertEquals(x, y) instead of assertTrue(x.equals(y))
</violation>
<violation beginline="119" endline="119" begincolumn="9" endcolumn="19" rule="JUnitAssertionsShouldIncludeMessage" ruleset="Best Practices" package="org.junit.runner.notification" class="SynchronizedRunListenerTest" method="namedListenerCorrectlyImplementsEqualsAndHashCode" externalInfoUrl="https://pmd.github.io/pmd/pmd_rules_java_bestpractices.html#junitassertionsshouldincludemessage" priority="3">
JUnit assertions should include a message
</violation>
<violation beginline="120" endline="120" begincolumn="9" endcolumn="19" rule="JUnitAssertionsShouldIncludeMessage" ruleset="Best Practices" package="org.junit.runner.notification" class="SynchronizedRunListenerTest" method="namedListenerCorrectlyImplementsEqualsAndHashCode" externalInfoUrl="https://pmd.github.io/pmd/pmd_rules_java_bestpractices.html#junitassertionsshouldincludemessage" priority="3">
JUnit assertions should include a message
</violation>
<violation beginline="122" endline="122" begincolumn="9" endcolumn="20" rule="JUnitAssertionsShouldIncludeMessage" ruleset="Best Practices" package="org.junit.runner.notification" class="SynchronizedRunListenerTest" method="namedListenerCorrectlyImplementsEqualsAndHashCode" externalInfoUrl="https://pmd.github.io/pmd/pmd_rules_java_bestpractices.html#junitassertionsshouldincludemessage" priority="3">
JUnit assertions should include a message
</violation>
<violation beginline="127" endline="132" begincolumn="12" endcolumn="5" rule="JUnitTestContainsTooManyAsserts" ruleset="Best Practices" package="org.junit.runner.notification" class="SynchronizedRunListenerTest" method="toStringDelegates" externalInfoUrl="https://pmd.github.io/pmd/pmd_rules_java_bestpractices.html#junittestcontainstoomanyasserts" priority="3">
Unit tests should not contain more than 1 assert(s).
</violation>
<violation beginline="130" endline="130" begincolumn="9" endcolumn="20" rule="JUnitAssertionsShouldIncludeMessage" ruleset="Best Practices" package="org.junit.runner.notification" class="SynchronizedRunListenerTest" method="toStringDelegates" externalInfoUrl="https://pmd.github.io/pmd/pmd_rules_java_bestpractices.html#junitassertionsshouldincludemessage" priority="3">
JUnit assertions should include a message
</violation>
<violation beginline="131" endline="131" begincolumn="9" endcolumn="20" rule="JUnitAssertionsShouldIncludeMessage" ruleset="Best Practices" package="org.junit.runner.notification" class="SynchronizedRunListenerTest" method="toStringDelegates" externalInfoUrl="https://pmd.github.io/pmd/pmd_rules_java_bestpractices.html#junitassertionsshouldincludemessage" priority="3">
JUnit assertions should include a message
</violation>
<violation beginline="135" endline="145" begincolumn="12" endcolumn="5" rule="JUnitTestContainsTooManyAsserts" ruleset="Best Practices" package="org.junit.runner.notification" class="SynchronizedRunListenerTest" method="equalsDelegates" externalInfoUrl="https://pmd.github.io/pmd/pmd_rules_java_bestpractices.html#junittestcontainstoomanyasserts" priority="3">
Unit tests should not contain more than 1 assert(s).
</violation>
<violation beginline="140" endline="140" begincolumn="9" endcolumn="20" rule="JUnitAssertionsShouldIncludeMessage" ruleset="Best Practices" package="org.junit.runner.notification" class="SynchronizedRunListenerTest" method="equalsDelegates" externalInfoUrl="https://pmd.github.io/pmd/pmd_rules_java_bestpractices.html#junitassertionsshouldincludemessage" priority="3">
JUnit assertions should include a message
</violation>
<violation beginline="141" endline="141" begincolumn="9" endcolumn="20" rule="JUnitAssertionsShouldIncludeMessage" ruleset="Best Practices" package="org.junit.runner.notification" class="SynchronizedRunListenerTest" method="equalsDelegates" externalInfoUrl="https://pmd.github.io/pmd/pmd_rules_java_bestpractices.html#junitassertionsshouldincludemessage" priority="3">
JUnit assertions should include a message
</violation>
<violation beginline="150" endline="150" begincolumn="9" endcolumn="20" rule="JUnitAssertionsShouldIncludeMessage" ruleset="Best Practices" package="org.junit.runner.notification" class="SynchronizedRunListenerTest" method="hashCodeDelegates" externalInfoUrl="https://pmd.github.io/pmd/pmd_rules_java_bestpractices.html#junitassertionsshouldincludemessage" priority="3">
JUnit assertions should include a message
</violation>
</file>
<file name="C:\Users\Deyan\Downloads\junit4-r4.13.2\src\test\java\org\junit\runners\CustomBlockJUnit4ClassRunnerTest.java">
<violation beginline="26" endline="26" begincolumn="77" endcolumn="85" rule="SignatureDeclareThrowsException" ruleset="Design" package="org.junit.runners" class="CustomBlockJUnit4ClassRunnerTest" method="exceptionsFromMethodBlockMustNotResultInUnrootedTests" externalInfoUrl="https://pmd.github.io/pmd/pmd_rules_java_design.html#signaturedeclarethrowsexception" priority="3">
A method/constructor should not explicitly throw java.lang.Exception
</violation>
<violation beginline="26" endline="35" begincolumn="9" endcolumn="2" rule="JUnitTestContainsTooManyAsserts" ruleset="Best Practices" package="org.junit.runners" class="CustomBlockJUnit4ClassRunnerTest" method="exceptionsFromMethodBlockMustNotResultInUnrootedTests" externalInfoUrl="https://pmd.github.io/pmd/pmd_rules_java_bestpractices.html#junittestcontainstoomanyasserts" priority="3">
Unit tests should not contain more than 1 assert(s).
</violation>
<violation beginline="39" endline="39" begincolumn="16" endcolumn="48" rule="JUnitTestsShouldIncludeAssert" ruleset="Best Practices" package="org.junit.runners" class="CustomBlockJUnit4ClassRunnerTest$CustomBlockJUnit4ClassRunnerTestCase" method="shouldPass" externalInfoUrl="https://pmd.github.io/pmd/pmd_rules_java_bestpractices.html#junittestsshouldincludeassert" priority="3">
JUnit tests should include assert() or fail()
</violation>
<violation beginline="40" endline="40" begincolumn="16" endcolumn="52" rule="JUnitTestsShouldIncludeAssert" ruleset="Best Practices" package="org.junit.runners" class="CustomBlockJUnit4ClassRunnerTest$CustomBlockJUnit4ClassRunnerTestCase" method="throwException" externalInfoUrl="https://pmd.github.io/pmd/pmd_rules_java_bestpractices.html#junittestsshouldincludeassert" priority="3">
JUnit tests should include assert() or fail()
</violation>
<violation beginline="57" endline="57" begincolumn="15" endcolumn="30" rule="AvoidThrowingRawExceptionTypes" ruleset="Design" package="org.junit.runners" class="CustomBlockJUnit4ClassRunnerTest$CustomBlockJUnit4ClassRunner" method="methodBlock" externalInfoUrl="https://pmd.github.io/pmd/pmd_rules_java_design.html#avoidthrowingrawexceptiontypes" priority="1">
Avoid throwing raw exception types.
</violation>
<violation beginline="69" endline="69" begincolumn="3" endcolumn="61" rule="DefaultPackage" ruleset="Code Style" package="org.junit.runners" class="CustomBlockJUnit4ClassRunnerTest$TrackingRunListener" externalInfoUrl="https://pmd.github.io/pmd/pmd_rules_java_codestyle.html#defaultpackage" priority="3">
Use explicit scoping instead of the default package private level
</violation>
<violation beginline="70" endline="70" begincolumn="3" endcolumn="61" rule="DefaultPackage" ruleset="Code Style" package="org.junit.runners" class="CustomBlockJUnit4ClassRunnerTest$TrackingRunListener" externalInfoUrl="https://pmd.github.io/pmd/pmd_rules_java_codestyle.html#defaultpackage" priority="3">
Use explicit scoping instead of the default package private level
</violation>
<violation beginline="71" endline="71" begincolumn="3" endcolumn="62" rule="DefaultPackage" ruleset="Code Style" package="org.junit.runners" class="CustomBlockJUnit4ClassRunnerTest$TrackingRunListener" externalInfoUrl="https://pmd.github.io/pmd/pmd_rules_java_codestyle.html#defaultpackage" priority="3">
Use explicit scoping instead of the default package private level
</violation>
</file>
<file name="C:\Users\Deyan\Downloads\junit4-r4.13.2\src\test\java\org\junit\runners\RuleContainerTest.java">
<violation beginline="16" endline="22" begincolumn="12" endcolumn="5" rule="JUnitTestContainsTooManyAsserts" ruleset="Best Practices" package="org.junit.runners" class="RuleContainerTest" method="methodRulesOnly" externalInfoUrl="https://pmd.github.io/pmd/pmd_rules_java_bestpractices.html#junittestcontainstoomanyasserts" priority="3">
Unit tests should not contain more than 1 assert(s).
</violation>
<violation beginline="19" endline="19" begincolumn="9" endcolumn="20" rule="JUnitAssertionsShouldIncludeMessage" ruleset="Best Practices" package="org.junit.runners" class="RuleContainerTest" method="methodRulesOnly" externalInfoUrl="https://pmd.github.io/pmd/pmd_rules_java_bestpractices.html#junitassertionsshouldincludemessage" priority="3">
JUnit assertions should include a message
</violation>
<violation beginline="21" endline="21" begincolumn="9" endcolumn="20" rule="JUnitAssertionsShouldIncludeMessage" ruleset="Best Practices" package="org.junit.runners" class="RuleContainerTest" method="methodRulesOnly" externalInfoUrl="https://pmd.github.io/pmd/pmd_rules_java_bestpractices.html#junitassertionsshouldincludemessage" priority="3">
JUnit assertions should include a message
</violation>
<violation beginline="28" endline="28" begincolumn="9" endcolumn="20" rule="JUnitAssertionsShouldIncludeMessage" ruleset="Best Practices" package="org.junit.runners" class="RuleContainerTest" method="testRuleAroundMethodRule" externalInfoUrl="https://pmd.github.io/pmd/pmd_rules_java_bestpractices.html#junitassertionsshouldincludemessage" priority="3">
JUnit assertions should include a message
</violation>
<violation beginline="36" endline="36" begincolumn="9" endcolumn="20" rule="JUnitAssertionsShouldIncludeMessage" ruleset="Best Practices" package="org.junit.runners" class="RuleContainerTest" method="ordering1" externalInfoUrl="https://pmd.github.io/pmd/pmd_rules_java_bestpractices.html#junitassertionsshouldincludemessage" priority="3">
JUnit assertions should include a message
</violation>
<violation beginline="40" endline="48" begincolumn="12" endcolumn="5" rule="JUnitTestContainsTooManyAsserts" ruleset="Best Practices" package="org.junit.runners" class="RuleContainerTest" method="ordering2" externalInfoUrl="https://pmd.github.io/pmd/pmd_rules_java_bestpractices.html#junittestcontainstoomanyasserts" priority="3">
Unit tests should not contain more than 1 assert(s).
</violation>
<violation beginline="44" endline="44" begincolumn="9" endcolumn="20" rule="JUnitAssertionsShouldIncludeMessage" ruleset="Best Practices" package="org.junit.runners" class="RuleContainerTest" method="ordering2" externalInfoUrl="https://pmd.github.io/pmd/pmd_rules_java_bestpractices.html#junitassertionsshouldincludemessage" priority="3">
JUnit assertions should include a message
</violation>
<violation beginline="47" endline="47" begincolumn="9" endcolumn="20" rule="JUnitAssertionsShouldIncludeMessage" ruleset="Best Practices" package="org.junit.runners" class="RuleContainerTest" method="ordering2" externalInfoUrl="https://pmd.github.io/pmd/pmd_rules_java_bestpractices.html#junitassertionsshouldincludemessage" priority="3">
JUnit assertions should include a message
</violation>
</file>
<file name="C:\Users\Deyan\Downloads\junit4-r4.13.2\src\test\java\org\junit\runners\model\FrameworkFieldTest.java">
<violation beginline="1" endline="58" begincolumn="1" endcolumn="2" rule="TooManyStaticImports" ruleset="Code Style" package="org.junit.runners.model" class="FrameworkFieldTest" externalInfoUrl="https://pmd.github.io/pmd/pmd_rules_java_codestyle.html#toomanystaticimports" priority="3">
Too many static imports may lead to messy code
</violation>
<violation beginline="29" endline="29" begincolumn="58" endcolumn="66" rule="SignatureDeclareThrowsException" ruleset="Design" package="org.junit.runners.model" class="FrameworkFieldTest" method="hasToStringWhichPrintsFieldName" externalInfoUrl="https://pmd.github.io/pmd/pmd_rules_java_design.html#signaturedeclarethrowsexception" priority="3">
A method/constructor should not explicitly throw java.lang.Exception
</violation>
<violation beginline="32" endline="32" begincolumn="9" endcolumn="18" rule="JUnitAssertionsShouldIncludeMessage" ruleset="Best Practices" package="org.junit.runners.model" class="FrameworkFieldTest" method="hasToStringWhichPrintsFieldName" externalInfoUrl="https://pmd.github.io/pmd/pmd_rules_java_bestpractices.html#junitassertionsshouldincludemessage" priority="3">
JUnit assertions should include a message
</violation>
<violation beginline="36" endline="36" begincolumn="55" endcolumn="63" rule="SignatureDeclareThrowsException" ruleset="Design" package="org.junit.runners.model" class="FrameworkFieldTest" method="presentAnnotationIsAvailable" externalInfoUrl="https://pmd.github.io/pmd/pmd_rules_java_design.html#signaturedeclarethrowsexception" priority="3">
A method/constructor should not explicitly throw java.lang.Exception
</violation>
<violation beginline="40" endline="40" begincolumn="9" endcolumn="18" rule="JUnitAssertionsShouldIncludeMessage" ruleset="Best Practices" package="org.junit.runners.model" class="FrameworkFieldTest" method="presentAnnotationIsAvailable" externalInfoUrl="https://pmd.github.io/pmd/pmd_rules_java_bestpractices.html#junitassertionsshouldincludemessage" priority="3">
JUnit assertions should include a message
</violation>
<violation beginline="44" endline="44" begincolumn="58" endcolumn="66" rule="SignatureDeclareThrowsException" ruleset="Design" package="org.junit.runners.model" class="FrameworkFieldTest" method="missingAnnotationIsNotAvailable" externalInfoUrl="https://pmd.github.io/pmd/pmd_rules_java_design.html#signaturedeclarethrowsexception" priority="3">
A method/constructor should not explicitly throw java.lang.Exception
</violation>
<violation beginline="48" endline="48" begincolumn="9" endcolumn="18" rule="JUnitAssertionsShouldIncludeMessage" ruleset="Best Practices" package="org.junit.runners.model" class="FrameworkFieldTest" method="missingAnnotationIsNotAvailable" externalInfoUrl="https://pmd.github.io/pmd/pmd_rules_java_bestpractices.html#junitassertionsshouldincludemessage" priority="3">
JUnit assertions should include a message
</violation>
<violation beginline="53" endline="53" begincolumn="26" endcolumn="35" rule="FinalFieldCouldBeStatic" ruleset="Design" package="org.junit.runners.model" class="FrameworkFieldTest$ClassWithDummyField" variable="dummyField" externalInfoUrl="https://pmd.github.io/pmd/pmd_rules_java_design.html#finalfieldcouldbestatic" priority="3">
This final field could be made static
</violation>
<violation beginline="56" endline="56" begincolumn="26" endcolumn="39" rule="FinalFieldCouldBeStatic" ruleset="Design" package="org.junit.runners.model" class="FrameworkFieldTest$ClassWithDummyField" variable="annotatedField" externalInfoUrl="https://pmd.github.io/pmd/pmd_rules_java_design.html#finalfieldcouldbestatic" priority="3">
This final field could be made static
</violation>
</file>
<file name="C:\Users\Deyan\Downloads\junit4-r4.13.2\src\test\java\org\junit\runners\model\FrameworkMethodTest.java">
<violation beginline="1" endline="60" begincolumn="1" endcolumn="2" rule="TooManyStaticImports" ruleset="Code Style" package="org.junit.runners.model" class="FrameworkMethodTest" externalInfoUrl="https://pmd.github.io/pmd/pmd_rules_java_codestyle.html#toomanystaticimports" priority="3">
Too many static imports may lead to messy code
</violation>
<violation beginline="29" endline="29" begincolumn="59" endcolumn="67" rule="SignatureDeclareThrowsException" ruleset="Design" package="org.junit.runners.model" class="FrameworkMethodTest" method="hasToStringWhichPrintsMethodName" externalInfoUrl="https://pmd.github.io/pmd/pmd_rules_java_design.html#signaturedeclarethrowsexception" priority="3">
A method/constructor should not explicitly throw java.lang.Exception
</violation>
<violation beginline="32" endline="32" begincolumn="9" endcolumn="18" rule="JUnitAssertionsShouldIncludeMessage" ruleset="Best Practices" package="org.junit.runners.model" class="FrameworkMethodTest" method="hasToStringWhichPrintsMethodName" externalInfoUrl="https://pmd.github.io/pmd/pmd_rules_java_bestpractices.html#junitassertionsshouldincludemessage" priority="3">
JUnit assertions should include a message
</violation>
<violation beginline="36" endline="36" begincolumn="55" endcolumn="63" rule="SignatureDeclareThrowsException" ruleset="Design" package="org.junit.runners.model" class="FrameworkMethodTest" method="presentAnnotationIsAvailable" externalInfoUrl="https://pmd.github.io/pmd/pmd_rules_java_design.html#signaturedeclarethrowsexception" priority="3">
A method/constructor should not explicitly throw java.lang.Exception
</violation>
<violation beginline="40" endline="40" begincolumn="9" endcolumn="18" rule="JUnitAssertionsShouldIncludeMessage" ruleset="Best Practices" package="org.junit.runners.model" class="FrameworkMethodTest" method="presentAnnotationIsAvailable" externalInfoUrl="https://pmd.github.io/pmd/pmd_rules_java_bestpractices.html#junitassertionsshouldincludemessage" priority="3">
JUnit assertions should include a message
</violation>
<violation beginline="44" endline="44" begincolumn="58" endcolumn="66" rule="SignatureDeclareThrowsException" ruleset="Design" package="org.junit.runners.model" class="FrameworkMethodTest" method="missingAnnotationIsNotAvailable" externalInfoUrl="https://pmd.github.io/pmd/pmd_rules_java_design.html#signaturedeclarethrowsexception" priority="3">
A method/constructor should not explicitly throw java.lang.Exception
</violation>
<violation beginline="48" endline="48" begincolumn="9" endcolumn="18" rule="JUnitAssertionsShouldIncludeMessage" ruleset="Best Practices" package="org.junit.runners.model" class="FrameworkMethodTest" method="missingAnnotationIsNotAvailable" externalInfoUrl="https://pmd.github.io/pmd/pmd_rules_java_bestpractices.html#junitassertionsshouldincludemessage" priority="3">
JUnit assertions should include a message
</violation>
<violation beginline="53" endline="54" begincolumn="35" endcolumn="9" rule="UncommentedEmptyMethodBody" ruleset="Documentation" package="org.junit.runners.model" class="FrameworkMethodTest$ClassWithDummyMethod" method="dummyMethod" externalInfoUrl="https://pmd.github.io/pmd/pmd_rules_java_documentation.html#uncommentedemptymethodbody" priority="3">
Document empty method body
</violation>
<violation beginline="57" endline="58" begincolumn="44" endcolumn="9" rule="UncommentedEmptyMethodBody" ruleset="Documentation" package="org.junit.runners.model" class="FrameworkMethodTest$ClassWithDummyMethod" method="annotatedDummyMethod" externalInfoUrl="https://pmd.github.io/pmd/pmd_rules_java_documentation.html#uncommentedemptymethodbody" priority="3">
Document empty method body
</violation>
</file>
<file name="C:\Users\Deyan\Downloads\junit4-r4.13.2\src\test\java\org\junit\runners\model\InvalidTestClassErrorTest.java">
<violation beginline="16" endline="16" begincolumn="9" endcolumn="18" rule="JUnitAssertionsShouldIncludeMessage" ruleset="Best Practices" package="org.junit.runners.model" class="InvalidTestClassErrorTest" method="invalidTestClassErrorShouldListAllValidationErrorsInItsMessage" externalInfoUrl="https://pmd.github.io/pmd/pmd_rules_java_bestpractices.html#junitassertionsshouldincludemessage" priority="3">
JUnit assertions should include a message
</violation>
</file>
<file name="C:\Users\Deyan\Downloads\junit4-r4.13.2\src\test\java\org\junit\runners\model\TestClassTest.java">
<violation beginline="1" endline="263" begincolumn="1" endcolumn="2" rule="TooManyStaticImports" ruleset="Code Style" package="org.junit.runners.model" class="TestClassTest" externalInfoUrl="https://pmd.github.io/pmd/pmd_rules_java_codestyle.html#toomanystaticimports" priority="3">
Too many static imports may lead to messy code
</violation>
<violation beginline="4" endline="4" begincolumn="1" endcolumn="38" rule="UnusedImports" ruleset="Best Practices" package="org.junit.runners.model" class="TestClassTest" externalInfoUrl="https://pmd.github.io/pmd/pmd_rules_java_bestpractices.html#unusedimports" priority="4">
Avoid unused imports such as 'org.hamcrest.Matchers'
</violation>
<violation beginline="26" endline="27" begincolumn="16" endcolumn="9" rule="UncommentedEmptyConstructor" ruleset="Documentation" package="org.junit.runners.model" class="TestClassTest$TwoConstructors" method="TwoConstructors" externalInfoUrl="https://pmd.github.io/pmd/pmd_rules_java_documentation.html#uncommentedemptyconstructor" priority="3">
Document empty constructor
</violation>
<violation beginline="29" endline="30" begincolumn="16" endcolumn="9" rule="UncommentedEmptyConstructor" ruleset="Documentation" package="org.junit.runners.model" class="TestClassTest$TwoConstructors" method="TwoConstructors" externalInfoUrl="https://pmd.github.io/pmd/pmd_rules_java_documentation.html#uncommentedemptyconstructor" priority="3">
Document empty constructor
</violation>
<violation beginline="50" endline="50" begincolumn="9" endcolumn="18" rule="JUnitAssertionsShouldIncludeMessage" ruleset="Best Practices" package="org.junit.runners.model" class="TestClassTest" method="fieldsOnSubclassesShadowSuperclasses" externalInfoUrl="https://pmd.github.io/pmd/pmd_rules_java_bestpractices.html#junitassertionsshouldincludemessage" priority="3">
JUnit assertions should include a message
</violation>
<violation beginline="61" endline="61" begincolumn="9" endcolumn="18" rule="JUnitAssertionsShouldIncludeMessage" ruleset="Best Practices" package="org.junit.runners.model" class="TestClassTest" method="identifyNonStaticInnerClass" externalInfoUrl="https://pmd.github.io/pmd/pmd_rules_java_bestpractices.html#junitassertionsshouldincludemessage" priority="3">
JUnit assertions should include a message
</violation>
<violation beginline="74" endline="74" begincolumn="9" endcolumn="18" rule="JUnitAssertionsShouldIncludeMessage" ruleset="Best Practices" package="org.junit.runners.model" class="TestClassTest" method="dontMarkStaticInnerClassAsNonStatic" externalInfoUrl="https://pmd.github.io/pmd/pmd_rules_java_bestpractices.html#junitassertionsshouldincludemessage" priority="3">
JUnit assertions should include a message
</violation>
<violation beginline="85" endline="85" begincolumn="9" endcolumn="18" rule="JUnitAssertionsShouldIncludeMessage" ruleset="Best Practices" package="org.junit.runners.model" class="TestClassTest" method="dontMarkNonInnerClassAsInnerClass" externalInfoUrl="https://pmd.github.io/pmd/pmd_rules_java_bestpractices.html#junitassertionsshouldincludemessage" priority="3">
JUnit assertions should include a message
</violation>
<violation beginline="101" endline="107" begincolumn="12" endcolumn="5" rule="JUnitTestContainsTooManyAsserts" ruleset="Best Practices" package="org.junit.runners.model" class="TestClassTest" method="providesAnnotatedFieldsSortedByName" externalInfoUrl="https://pmd.github.io/pmd/pmd_rules_java_bestpractices.html#junittestcontainstoomanyasserts" priority="3">
Unit tests should not contain more than 1 assert(s).
</violation>
<violation beginline="110" endline="115" begincolumn="12" endcolumn="5" rule="JUnitTestContainsTooManyAsserts" ruleset="Best Practices" package="org.junit.runners.model" class="TestClassTest" method="annotatedFieldValues" externalInfoUrl="https://pmd.github.io/pmd/pmd_rules_java_bestpractices.html#junittestcontainstoomanyasserts" priority="3">
Unit tests should not contain more than 1 assert(s).
</violation>
<violation beginline="113" endline="113" begincolumn="9" endcolumn="18" rule="JUnitAssertionsShouldIncludeMessage" ruleset="Best Practices" package="org.junit.runners.model" class="TestClassTest" method="annotatedFieldValues" externalInfoUrl="https://pmd.github.io/pmd/pmd_rules_java_bestpractices.html#junitassertionsshouldincludemessage" priority="3">
JUnit assertions should include a message
</violation>
<violation beginline="114" endline="114" begincolumn="9" endcolumn="18" rule="JUnitAssertionsShouldIncludeMessage" ruleset="Best Practices" package="org.junit.runners.model" class="TestClassTest" method="annotatedFieldValues" externalInfoUrl="https://pmd.github.io/pmd/pmd_rules_java_bestpractices.html#junitassertionsshouldincludemessage" priority="3">
JUnit assertions should include a message
</violation>
<violation beginline="120" endline="122" begincolumn="16" endcolumn="9" rule="JUnitTestsShouldIncludeAssert" ruleset="Best Practices" package="org.junit.runners.model" class="TestClassTest$MethodsAnnotated" method="methodC" externalInfoUrl="https://pmd.github.io/pmd/pmd_rules_java_bestpractices.html#junittestsshouldincludeassert" priority="3">
JUnit tests should include assert() or fail()
</violation>
<violation beginline="126" endline="128" begincolumn="16" endcolumn="9" rule="JUnitTestsShouldIncludeAssert" ruleset="Best Practices" package="org.junit.runners.model" class="TestClassTest$MethodsAnnotated" method="methodA" externalInfoUrl="https://pmd.github.io/pmd/pmd_rules_java_bestpractices.html#junittestsshouldincludeassert" priority="3">
JUnit tests should include assert() or fail()
</violation>
<violation beginline="132" endline="134" begincolumn="16" endcolumn="9" rule="JUnitTestsShouldIncludeAssert" ruleset="Best Practices" package="org.junit.runners.model" class="TestClassTest$MethodsAnnotated" method="methodB" externalInfoUrl="https://pmd.github.io/pmd/pmd_rules_java_bestpractices.html#junittestsshouldincludeassert" priority="3">
JUnit tests should include assert() or fail()
</violation>
<violation beginline="146" endline="146" begincolumn="9" endcolumn="18" rule="JUnitAssertionsShouldIncludeMessage" ruleset="Best Practices" package="org.junit.runners.model" class="TestClassTest" method="providesAnnotatedMethodsSortedByName" externalInfoUrl="https://pmd.github.io/pmd/pmd_rules_java_bestpractices.html#junitassertionsshouldincludemessage" priority="3">
JUnit assertions should include a message
</violation>
<violation beginline="155" endline="155" begincolumn="9" endcolumn="18" rule="JUnitAssertionsShouldIncludeMessage" ruleset="Best Practices" package="org.junit.runners.model" class="TestClassTest" method="getAnnotatedMethodsDoesNotReturnMethodWithoutAnnotation" externalInfoUrl="https://pmd.github.io/pmd/pmd_rules_java_bestpractices.html#junitassertionsshouldincludemessage" priority="3">
JUnit assertions should include a message
</violation>
<violation beginline="159" endline="159" begincolumn="30" endcolumn="52" rule="UseDiamondOperator" ruleset="Code Style" package="org.junit.runners.model" class="TestClassTest" method="extractNames" externalInfoUrl="https://pmd.github.io/pmd/pmd_rules_java_codestyle.html#usediamondoperator" priority="3">
Explicit type arguments can be replaced by Diamond Operator
</violation>
<violation beginline="167" endline="173" begincolumn="12" endcolumn="5" rule="JUnitTestContainsTooManyAsserts" ruleset="Best Practices" package="org.junit.runners.model" class="TestClassTest" method="annotatedMethodValues" externalInfoUrl="https://pmd.github.io/pmd/pmd_rules_java_bestpractices.html#junittestcontainstoomanyasserts" priority="3">
Unit tests should not contain more than 1 assert(s).
</violation>
<violation beginline="171" endline="171" begincolumn="9" endcolumn="18" rule="JUnitAssertionsShouldIncludeMessage" ruleset="Best Practices" package="org.junit.runners.model" class="TestClassTest" method="annotatedMethodValues" externalInfoUrl="https://pmd.github.io/pmd/pmd_rules_java_bestpractices.html#junitassertionsshouldincludemessage" priority="3">
JUnit assertions should include a message
</violation>
<violation beginline="172" endline="172" begincolumn="9" endcolumn="18" rule="JUnitAssertionsShouldIncludeMessage" ruleset="Best Practices" package="org.junit.runners.model" class="TestClassTest" method="annotatedMethodValues" externalInfoUrl="https://pmd.github.io/pmd/pmd_rules_java_bestpractices.html#junitassertionsshouldincludemessage" priority="3">
JUnit assertions should include a message
</violation>
<violation beginline="180" endline="180" begincolumn="9" endcolumn="18" rule="JUnitAssertionsShouldIncludeMessage" ruleset="Best Practices" package="org.junit.runners.model" class="TestClassTest" method="isEqualToTestClassThatWrapsSameJavaClass" externalInfoUrl="https://pmd.github.io/pmd/pmd_rules_java_bestpractices.html#junitassertionsshouldincludemessage" priority="3">
JUnit assertions should include a message
</violation>
<violation beginline="180" endline="180" begincolumn="9" endcolumn="69" rule="UseAssertEqualsInsteadOfAssertTrue" ruleset="Best Practices" package="org.junit.runners.model" class="TestClassTest" method="isEqualToTestClassThatWrapsSameJavaClass" externalInfoUrl="https://pmd.github.io/pmd/pmd_rules_java_bestpractices.html#useassertequalsinsteadofasserttrue" priority="3">
Use assertEquals(x, y) instead of assertTrue(x.equals(y))
</violation>
<violation beginline="187" endline="187" begincolumn="9" endcolumn="18" rule="JUnitAssertionsShouldIncludeMessage" ruleset="Best Practices" package="org.junit.runners.model" class="TestClassTest" method="isEqualToTestClassThatWrapsNoJavaClassToo" externalInfoUrl="https://pmd.github.io/pmd/pmd_rules_java_bestpractices.html#junitassertionsshouldincludemessage" priority="3">
JUnit assertions should include a message
</violation>
<violation beginline="187" endline="187" begincolumn="9" endcolumn="70" rule="UseAssertEqualsInsteadOfAssertTrue" ruleset="Best Practices" package="org.junit.runners.model" class="TestClassTest" method="isEqualToTestClassThatWrapsNoJavaClassToo" externalInfoUrl="https://pmd.github.io/pmd/pmd_rules_java_bestpractices.html#useassertequalsinsteadofasserttrue" priority="3">
Use assertEquals(x, y) instead of assertTrue(x.equals(y))
</violation>
<violation beginline="195" endline="195" begincolumn="9" endcolumn="19" rule="JUnitAssertionsShouldIncludeMessage" ruleset="Best Practices" package="org.junit.runners.model" class="TestClassTest" method="isNotEqualToTestClassThatWrapsADifferentJavaClass" externalInfoUrl="https://pmd.github.io/pmd/pmd_rules_java_bestpractices.html#junitassertionsshouldincludemessage" priority="3">
JUnit assertions should include a message
</violation>
<violation beginline="201" endline="201" begincolumn="21" endcolumn="42" rule="EqualsNull" ruleset="Error Prone" package="org.junit.runners.model" class="TestClassTest" method="isNotEqualToNull" externalInfoUrl="https://pmd.github.io/pmd/pmd_rules_java_errorprone.html#equalsnull" priority="1">
Avoid using equals() to compare against null
</violation>
<violation beginline="201" endline="201" begincolumn="9" endcolumn="19" rule="JUnitAssertionsShouldIncludeMessage" ruleset="Best Practices" package="org.junit.runners.model" class="TestClassTest" method="isNotEqualToNull" externalInfoUrl="https://pmd.github.io/pmd/pmd_rules_java_bestpractices.html#junitassertionsshouldincludemessage" priority="3">
JUnit assertions should include a message
</violation>
<violation beginline="215" endline="215" begincolumn="9" endcolumn="20" rule="JUnitAssertionsShouldIncludeMessage" ruleset="Best Practices" package="org.junit.runners.model" class="TestClassTest" method="hasSameHashCodeAsTestClassThatWrapsSameJavaClass" externalInfoUrl="https://pmd.github.io/pmd/pmd_rules_java_bestpractices.html#junitassertionsshouldincludemessage" priority="3">
JUnit assertions should include a message
</violation>
<violation beginline="220" endline="224" begincolumn="12" endcolumn="5" rule="JUnitTestsShouldIncludeAssert" ruleset="Best Practices" package="org.junit.runners.model" class="TestClassTest" method="hasHashCodeWithoutJavaClass" externalInfoUrl="https://pmd.github.io/pmd/pmd_rules_java_bestpractices.html#junittestsshouldincludeassert" priority="3">
JUnit tests should include assert() or fail()
</violation>
<violation beginline="233" endline="233" begincolumn="9" endcolumn="65" rule="UseAssertTrueInsteadOfAssertEquals" ruleset="Best Practices" package="org.junit.runners.model" class="TestClassTest" method="identifiesPublicModifier" externalInfoUrl="https://pmd.github.io/pmd/pmd_rules_java_bestpractices.html#useasserttrueinsteadofassertequals" priority="3">
Use assertTrue(x)/assertFalse(x) instead of assertEquals(true, x)/assertEquals(false, x) or assertEquals(Boolean.TRUE, x)/assertEquals(Boolean.FALSE, x).
</violation>
<violation beginline="243" endline="243" begincolumn="9" endcolumn="66" rule="UseAssertTrueInsteadOfAssertEquals" ruleset="Best Practices" package="org.junit.runners.model" class="TestClassTest" method="identifiesNonPublicModifier" externalInfoUrl="https://pmd.github.io/pmd/pmd_rules_java_bestpractices.html#useasserttrueinsteadofassertequals" priority="3">
Use assertTrue(x)/assertFalse(x) instead of assertEquals(true, x)/assertEquals(false, x) or assertEquals(Boolean.TRUE, x)/assertEquals(Boolean.FALSE, x).
</violation>
<violation beginline="254" endline="254" begincolumn="9" endcolumn="18" rule="JUnitAssertionsShouldIncludeMessage" ruleset="Best Practices" package="org.junit.runners.model" class="TestClassTest" method="presentAnnotationIsAvailable" externalInfoUrl="https://pmd.github.io/pmd/pmd_rules_java_bestpractices.html#junitassertionsshouldincludemessage" priority="3">
JUnit assertions should include a message
</violation>
<violation beginline="261" endline="261" begincolumn="9" endcolumn="18" rule="JUnitAssertionsShouldIncludeMessage" ruleset="Best Practices" package="org.junit.runners.model" class="TestClassTest" method="missingAnnotationIsNotAvailable" externalInfoUrl="https://pmd.github.io/pmd/pmd_rules_java_bestpractices.html#junitassertionsshouldincludemessage" priority="3">
JUnit assertions should include a message
</violation>
</file>
<file name="C:\Users\Deyan\Downloads\junit4-r4.13.2\src\test\java\org\junit\runners\parameterized\BlockJUnit4ClassRunnerWithParametersTest.java">
<violation beginline="33" endline="34" begincolumn="33" endcolumn="9" rule="UncommentedEmptyMethodBody" ruleset="Documentation" package="org.junit.runners.parameterized" class="BlockJUnit4ClassRunnerWithParametersTest$ClassWithParameterizedAnnotation" method="dummyTest" externalInfoUrl="https://pmd.github.io/pmd/pmd_rules_java_documentation.html#uncommentedemptymethodbody" priority="3">
Document empty method body
</violation>
<violation beginline="33" endline="34" begincolumn="16" endcolumn="9" rule="JUnitTestsShouldIncludeAssert" ruleset="Best Practices" package="org.junit.runners.parameterized" class="BlockJUnit4ClassRunnerWithParametersTest$ClassWithParameterizedAnnotation" method="dummyTest" externalInfoUrl="https://pmd.github.io/pmd/pmd_rules_java_bestpractices.html#junittestsshouldincludeassert" priority="3">
JUnit tests should include assert() or fail()
</violation>
<violation beginline="38" endline="38" begincolumn="57" endcolumn="65" rule="SignatureDeclareThrowsException" ruleset="Design" package="org.junit.runners.parameterized" class="BlockJUnit4ClassRunnerWithParametersTest" method="hasAllAnnotationsExceptRunWith" externalInfoUrl="https://pmd.github.io/pmd/pmd_rules_java_design.html#signaturedeclarethrowsexception" priority="3">
A method/constructor should not explicitly throw java.lang.Exception
</violation>
<violation beginline="38" endline="47" begincolumn="12" endcolumn="5" rule="JUnitTestContainsTooManyAsserts" ruleset="Best Practices" package="org.junit.runners.parameterized" class="BlockJUnit4ClassRunnerWithParametersTest" method="hasAllAnnotationsExceptRunWith" externalInfoUrl="https://pmd.github.io/pmd/pmd_rules_java_bestpractices.html#junittestcontainstoomanyasserts" priority="3">
Unit tests should not contain more than 1 assert(s).
</violation>
<violation beginline="45" endline="45" begincolumn="9" endcolumn="20" rule="JUnitAssertionsShouldIncludeMessage" ruleset="Best Practices" package="org.junit.runners.parameterized" class="BlockJUnit4ClassRunnerWithParametersTest" method="hasAllAnnotationsExceptRunWith" externalInfoUrl="https://pmd.github.io/pmd/pmd_rules_java_bestpractices.html#junitassertionsshouldincludemessage" priority="3">
JUnit assertions should include a message
</violation>
<violation beginline="46" endline="46" begincolumn="9" endcolumn="20" rule="JUnitAssertionsShouldIncludeMessage" ruleset="Best Practices" package="org.junit.runners.parameterized" class="BlockJUnit4ClassRunnerWithParametersTest" method="hasAllAnnotationsExceptRunWith" externalInfoUrl="https://pmd.github.io/pmd/pmd_rules_java_bestpractices.html#junitassertionsshouldincludemessage" priority="3">
JUnit assertions should include a message
</violation>
<violation beginline="51" endline="52" begincolumn="20" endcolumn="5" rule="UnnecessaryModifier" ruleset="Code Style" package="org.junit.runners.parameterized" class="BlockJUnit4ClassRunnerWithParametersTest$DummyAnnotation" externalInfoUrl="https://pmd.github.io/pmd/pmd_rules_java_codestyle.html#unnecessarymodifier" priority="3">
Unnecessary modifier 'static' on annotation 'DummyAnnotation': nested annotation types are implicitly static
</violation>
<violation beginline="57" endline="57" begincolumn="24" endcolumn="32" rule="UnusedPrivateField" ruleset="Best Practices" package="org.junit.runners.parameterized" class="BlockJUnit4ClassRunnerWithParametersTest$ClassWithPrivateParameter" variable="parameter" externalInfoUrl="https://pmd.github.io/pmd/pmd_rules_java_bestpractices.html#unusedprivatefield" priority="3">
Avoid unused private fields such as 'parameter'.
</violation>
<violation beginline="60" endline="61" begincolumn="33" endcolumn="9" rule="UncommentedEmptyMethodBody" ruleset="Documentation" package="org.junit.runners.parameterized" class="BlockJUnit4ClassRunnerWithParametersTest$ClassWithPrivateParameter" method="dummyTest" externalInfoUrl="https://pmd.github.io/pmd/pmd_rules_java_documentation.html#uncommentedemptymethodbody" priority="3">
Document empty method body
</violation>
<violation beginline="60" endline="61" begincolumn="16" endcolumn="9" rule="JUnitTestsShouldIncludeAssert" ruleset="Best Practices" package="org.junit.runners.parameterized" class="BlockJUnit4ClassRunnerWithParametersTest$ClassWithPrivateParameter" method="dummyTest" externalInfoUrl="https://pmd.github.io/pmd/pmd_rules_java_bestpractices.html#junittestsshouldincludeassert" priority="3">
JUnit tests should include assert() or fail()
</violation>
<violation beginline="66" endline="66" begincolumn="20" endcolumn="28" rule="SignatureDeclareThrowsException" ruleset="Design" package="org.junit.runners.parameterized" class="BlockJUnit4ClassRunnerWithParametersTest" method="providesHelpfulMessageIfParameterFieldCannotBeSet" externalInfoUrl="https://pmd.github.io/pmd/pmd_rules_java_design.html#signaturedeclarethrowsexception" priority="3">
A method/constructor should not explicitly throw java.lang.Exception
</violation>
</file>
<file name="C:\Users\Deyan\Downloads\junit4-r4.13.2\src\test\java\org\junit\runners\parameterized\ParameterizedNamesTest.java">
<violation beginline="22" endline="23" begincolumn="16" endcolumn="9" rule="UncommentedEmptyConstructor" ruleset="Documentation" package="org.junit.runners.parameterized" class="ParameterizedNamesTest$ParameterizedWithSpecialCharsInName" method="ParameterizedWithSpecialCharsInName" externalInfoUrl="https://pmd.github.io/pmd/pmd_rules_java_documentation.html#uncommentedemptyconstructor" priority="3">
Document empty constructor
</violation>
<violation beginline="38" endline="39" begincolumn="28" endcolumn="9" rule="UncommentedEmptyMethodBody" ruleset="Documentation" package="org.junit.runners.parameterized" class="ParameterizedNamesTest$ParameterizedWithSpecialCharsInName" method="test" externalInfoUrl="https://pmd.github.io/pmd/pmd_rules_java_documentation.html#uncommentedemptymethodbody" priority="3">
Document empty method body
</violation>
<violation beginline="38" endline="39" begincolumn="16" endcolumn="9" rule="JUnitTestsShouldIncludeAssert" ruleset="Best Practices" package="org.junit.runners.parameterized" class="ParameterizedNamesTest$ParameterizedWithSpecialCharsInName" method="test" externalInfoUrl="https://pmd.github.io/pmd/pmd_rules_java_bestpractices.html#junittestsshouldincludeassert" priority="3">
JUnit tests should include assert() or fail()
</violation>
<violation beginline="47" endline="47" begincolumn="17" endcolumn="28" rule="JUnitAssertionsShouldIncludeMessage" ruleset="Best Practices" package="org.junit.runners.parameterized" class="ParameterizedNamesTest" method="parameterizedTestsWithSpecialCharsInName" externalInfoUrl="https://pmd.github.io/pmd/pmd_rules_java_bestpractices.html#junitassertionsshouldincludemessage" priority="3">
JUnit assertions should include a message
</violation>
</file>
<file name="C:\Users\Deyan\Downloads\junit4-r4.13.2\src\test\java\org\junit\runners\parameterized\TestWithParametersTest.java">
<violation beginline="64" endline="64" begincolumn="9" endcolumn="20" rule="JUnitAssertionsShouldIncludeMessage" ruleset="Best Practices" package="org.junit.runners.parameterized" class="TestWithParametersTest" method="doesNotConsiderParametersWhichChangedAfterTestInstantiation" externalInfoUrl="https://pmd.github.io/pmd/pmd_rules_java_bestpractices.html#junitassertionsshouldincludemessage" priority="3">
JUnit assertions should include a message
</violation>
<violation beginline="75" endline="75" begincolumn="9" endcolumn="20" rule="JUnitAssertionsShouldIncludeMessage" ruleset="Best Practices" package="org.junit.runners.parameterized" class="TestWithParametersTest" method="isEqualToTestWithSameNameAndTestClassAndParameters" externalInfoUrl="https://pmd.github.io/pmd/pmd_rules_java_bestpractices.html#junitassertionsshouldincludemessage" priority="3">
JUnit assertions should include a message
</violation>
<violation beginline="118" endline="118" begincolumn="9" endcolumn="20" rule="JUnitAssertionsShouldIncludeMessage" ruleset="Best Practices" package="org.junit.runners.parameterized" class="TestWithParametersTest" method="hasSameHashCodeAsEqualTest" externalInfoUrl="https://pmd.github.io/pmd/pmd_rules_java_bestpractices.html#junitassertionsshouldincludemessage" priority="3">
JUnit assertions should include a message
</violation>
</file>
<file name="C:\Users\Deyan\Downloads\junit4-r4.13.2\src\test\java\org\junit\samples\ListTest.java">
<violation beginline="28" endline="28" begincolumn="19" endcolumn="42" rule="UseDiamondOperator" ruleset="Code Style" package="org.junit.samples" class="ListTest" method="setUpOnce" externalInfoUrl="https://pmd.github.io/pmd/pmd_rules_java_codestyle.html#usediamondoperator" priority="3">
Explicit type arguments can be replaced by Diamond Operator
</violation>
<violation beginline="36" endline="36" begincolumn="18" endcolumn="41" rule="UseDiamondOperator" ruleset="Code Style" package="org.junit.samples" class="ListTest" method="setUp" externalInfoUrl="https://pmd.github.io/pmd/pmd_rules_java_codestyle.html#usediamondoperator" priority="3">
Explicit type arguments can be replaced by Diamond Operator
</violation>
<violation beginline="37" endline="37" begincolumn="17" endcolumn="40" rule="UseDiamondOperator" ruleset="Code Style" package="org.junit.samples" class="ListTest" method="setUp" externalInfoUrl="https://pmd.github.io/pmd/pmd_rules_java_codestyle.html#usediamondoperator" priority="3">
Explicit type arguments can be replaced by Diamond Operator
</violation>
<violation beginline="54" endline="54" begincolumn="9" endcolumn="18" rule="JUnitAssertionsShouldIncludeMessage" ruleset="Best Practices" package="org.junit.samples" class="ListTest" method="capacity" externalInfoUrl="https://pmd.github.io/pmd/pmd_rules_java_bestpractices.html#junitassertionsshouldincludemessage" priority="3">
JUnit assertions should include a message
</violation>
<violation beginline="54" endline="54" begincolumn="9" endcolumn="46" rule="UseAssertSameInsteadOfAssertTrue" ruleset="Best Practices" package="org.junit.samples" class="ListTest" method="capacity" externalInfoUrl="https://pmd.github.io/pmd/pmd_rules_java_bestpractices.html#useassertsameinsteadofasserttrue" priority="3">
Use assertSame(x, y) instead of assertTrue(x==y), or assertNotSame(x,y) vs assertFalse(x==y)
</violation>
<violation beginline="58" endline="63" begincolumn="12" endcolumn="5" rule="JUnitTestContainsTooManyAsserts" ruleset="Best Practices" package="org.junit.samples" class="ListTest" method="testCopy" externalInfoUrl="https://pmd.github.io/pmd/pmd_rules_java_bestpractices.html#junittestcontainstoomanyasserts" priority="3">
Unit tests should not contain more than 1 assert(s).
</violation>
<violation beginline="59" endline="59" begincolumn="30" endcolumn="65" rule="UseDiamondOperator" ruleset="Code Style" package="org.junit.samples" class="ListTest" method="testCopy" externalInfoUrl="https://pmd.github.io/pmd/pmd_rules_java_codestyle.html#usediamondoperator" priority="3">
Explicit type arguments can be replaced by Diamond Operator
</violation>
<violation beginline="61" endline="61" begincolumn="9" endcolumn="18" rule="JUnitAssertionsShouldIncludeMessage" ruleset="Best Practices" package="org.junit.samples" class="ListTest" method="testCopy" externalInfoUrl="https://pmd.github.io/pmd/pmd_rules_java_bestpractices.html#junitassertionsshouldincludemessage" priority="3">
JUnit assertions should include a message
</violation>
<violation beginline="61" endline="61" begincolumn="9" endcolumn="47" rule="UseAssertSameInsteadOfAssertTrue" ruleset="Best Practices" package="org.junit.samples" class="ListTest" method="testCopy" externalInfoUrl="https://pmd.github.io/pmd/pmd_rules_java_bestpractices.html#useassertsameinsteadofasserttrue" priority="3">
Use assertSame(x, y) instead of assertTrue(x==y), or assertNotSame(x,y) vs assertFalse(x==y)
</violation>
<violation beginline="62" endline="62" begincolumn="9" endcolumn="18" rule="JUnitAssertionsShouldIncludeMessage" ruleset="Best Practices" package="org.junit.samples" class="ListTest" method="testCopy" externalInfoUrl="https://pmd.github.io/pmd/pmd_rules_java_bestpractices.html#junitassertionsshouldincludemessage" priority="3">
JUnit assertions should include a message
</violation>
<violation beginline="66" endline="69" begincolumn="12" endcolumn="5" rule="JUnitTestContainsTooManyAsserts" ruleset="Best Practices" package="org.junit.samples" class="ListTest" method="contains" externalInfoUrl="https://pmd.github.io/pmd/pmd_rules_java_bestpractices.html#junittestcontainstoomanyasserts" priority="3">
Unit tests should not contain more than 1 assert(s).
</violation>
<violation beginline="67" endline="67" begincolumn="9" endcolumn="18" rule="JUnitAssertionsShouldIncludeMessage" ruleset="Best Practices" package="org.junit.samples" class="ListTest" method="contains" externalInfoUrl="https://pmd.github.io/pmd/pmd_rules_java_bestpractices.html#junitassertionsshouldincludemessage" priority="3">
JUnit assertions should include a message
</violation>
<violation beginline="68" endline="68" begincolumn="9" endcolumn="18" rule="JUnitAssertionsShouldIncludeMessage" ruleset="Best Practices" package="org.junit.samples" class="ListTest" method="contains" externalInfoUrl="https://pmd.github.io/pmd/pmd_rules_java_bestpractices.html#junitassertionsshouldincludemessage" priority="3">
JUnit assertions should include a message
</violation>
<violation beginline="68" endline="68" begincolumn="9" endcolumn="39" rule="SimplifyBooleanAssertion" ruleset="Design" package="org.junit.samples" class="ListTest" method="contains" externalInfoUrl="https://pmd.github.io/pmd/pmd_rules_java_design.html#simplifybooleanassertion" priority="3">
assertTrue(!expr) can be replaced by assertFalse(expr)
</violation>
<violation beginline="74" endline="74" begincolumn="9" endcolumn="18" rule="JUnitAssertionsShouldIncludeMessage" ruleset="Best Practices" package="org.junit.samples" class="ListTest" method="elementAt" externalInfoUrl="https://pmd.github.io/pmd/pmd_rules_java_bestpractices.html#junitassertionsshouldincludemessage" priority="3">
JUnit assertions should include a message
</violation>
<violation beginline="74" endline="74" begincolumn="9" endcolumn="26" rule="UseAssertSameInsteadOfAssertTrue" ruleset="Best Practices" package="org.junit.samples" class="ListTest" method="elementAt" externalInfoUrl="https://pmd.github.io/pmd/pmd_rules_java_bestpractices.html#useassertsameinsteadofasserttrue" priority="3">
Use assertSame(x, y) instead of assertTrue(x==y), or assertNotSame(x,y) vs assertFalse(x==y)
</violation>
<violation beginline="79" endline="84" begincolumn="12" endcolumn="5" rule="JUnitTestContainsTooManyAsserts" ruleset="Best Practices" package="org.junit.samples" class="ListTest" method="removeAll" externalInfoUrl="https://pmd.github.io/pmd/pmd_rules_java_bestpractices.html#junittestcontainstoomanyasserts" priority="3">
Unit tests should not contain more than 1 assert(s).
</violation>
<violation beginline="82" endline="82" begincolumn="9" endcolumn="18" rule="JUnitAssertionsShouldIncludeMessage" ruleset="Best Practices" package="org.junit.samples" class="ListTest" method="removeAll" externalInfoUrl="https://pmd.github.io/pmd/pmd_rules_java_bestpractices.html#junitassertionsshouldincludemessage" priority="3">
JUnit assertions should include a message
</violation>
<violation beginline="83" endline="83" begincolumn="9" endcolumn="18" rule="JUnitAssertionsShouldIncludeMessage" ruleset="Best Practices" package="org.junit.samples" class="ListTest" method="removeAll" externalInfoUrl="https://pmd.github.io/pmd/pmd_rules_java_bestpractices.html#junitassertionsshouldincludemessage" priority="3">
JUnit assertions should include a message
</violation>
<violation beginline="89" endline="89" begincolumn="9" endcolumn="18" rule="JUnitAssertionsShouldIncludeMessage" ruleset="Best Practices" package="org.junit.samples" class="ListTest" method="removeElement" externalInfoUrl="https://pmd.github.io/pmd/pmd_rules_java_bestpractices.html#junitassertionsshouldincludemessage" priority="3">
JUnit assertions should include a message
</violation>
<violation beginline="89" endline="89" begincolumn="9" endcolumn="38" rule="SimplifyBooleanAssertion" ruleset="Design" package="org.junit.samples" class="ListTest" method="removeElement" externalInfoUrl="https://pmd.github.io/pmd/pmd_rules_java_design.html#simplifybooleanassertion" priority="3">
assertTrue(!expr) can be replaced by assertFalse(expr)
</violation>
</file>
<file name="C:\Users\Deyan\Downloads\junit4-r4.13.2\src\test\java\org\junit\samples\SimpleTest.java">
<violation beginline="28" endline="28" begincolumn="12" endcolumn="22" rule="FieldDeclarationsShouldBeAtStartOfClass" ruleset="Code Style" package="org.junit.samples" class="SimpleTest" variable="VariableDeclaratorId" externalInfoUrl="https://pmd.github.io/pmd/pmd_rules_java_codestyle.html#fielddeclarationsshouldbeatstartofclass" priority="3">
Fields should be declared at the top of the class, before any method declarations, constructors, initializers or inner classes.
</violation>
<violation beginline="31" endline="35" begincolumn="12" endcolumn="5" rule="JUnitTestsShouldIncludeAssert" ruleset="Best Practices" package="org.junit.samples" class="SimpleTest" method="divideByZero" externalInfoUrl="https://pmd.github.io/pmd/pmd_rules_java_bestpractices.html#junittestsshouldincludeassert" priority="3">
JUnit tests should include assert() or fail()
</violation>
<violation beginline="38" endline="45" begincolumn="12" endcolumn="5" rule="JUnitTestContainsTooManyAsserts" ruleset="Best Practices" package="org.junit.samples" class="SimpleTest" method="testEquals" externalInfoUrl="https://pmd.github.io/pmd/pmd_rules_java_bestpractices.html#junittestcontainstoomanyasserts" priority="3">
Unit tests should not contain more than 1 assert(s).
</violation>
<violation beginline="39" endline="39" begincolumn="9" endcolumn="20" rule="JUnitAssertionsShouldIncludeMessage" ruleset="Best Practices" package="org.junit.samples" class="SimpleTest" method="testEquals" externalInfoUrl="https://pmd.github.io/pmd/pmd_rules_java_bestpractices.html#junitassertionsshouldincludemessage" priority="3">
JUnit assertions should include a message
</violation>
<violation beginline="40" endline="40" begincolumn="9" endcolumn="20" rule="JUnitAssertionsShouldIncludeMessage" ruleset="Best Practices" package="org.junit.samples" class="SimpleTest" method="testEquals" externalInfoUrl="https://pmd.github.io/pmd/pmd_rules_java_bestpractices.html#junitassertionsshouldincludemessage" priority="3">
JUnit assertions should include a message
</violation>
<violation beginline="41" endline="41" begincolumn="9" endcolumn="20" rule="JUnitAssertionsShouldIncludeMessage" ruleset="Best Practices" package="org.junit.samples" class="SimpleTest" method="testEquals" externalInfoUrl="https://pmd.github.io/pmd/pmd_rules_java_bestpractices.html#junitassertionsshouldincludemessage" priority="3">
JUnit assertions should include a message
</violation>
</file>
<file name="C:\Users\Deyan\Downloads\junit4-r4.13.2\src\test\java\org\junit\samples\money\MoneyTest.java">
<violation beginline="18" endline="18" begincolumn="13" endcolumn="25" rule="SingularField" ruleset="Design" package="org.junit.samples.money" class="MoneyTest" variable="VariableDeclaratorId" externalInfoUrl="https://pmd.github.io/pmd/pmd_rules_java_design.html#singularfield" priority="3">
Perhaps 'f21USD' could be replaced by a local variable.
</violation>
<violation beginline="29" endline="29" begincolumn="32" endcolumn="36" rule="AvoidDuplicateLiterals" ruleset="Error Prone" package="org.junit.samples.money" class="MoneyTest" method="setUp" externalInfoUrl="https://pmd.github.io/pmd/pmd_rules_java_errorprone.html#avoidduplicateliterals" priority="3">
The String literal "CHF" appears 23 times in this file; the first occurrence is on line 29
</violation>
<violation beginline="31" endline="31" begincolumn="30" endcolumn="34" rule="AvoidDuplicateLiterals" ruleset="Error Prone" package="org.junit.samples.money" class="MoneyTest" method="setUp" externalInfoUrl="https://pmd.github.io/pmd/pmd_rules_java_errorprone.html#avoidduplicateliterals" priority="3">
The String literal "USD" appears 17 times in this file; the first occurrence is on line 31
</violation>
<violation beginline="39" endline="45" begincolumn="12" endcolumn="5" rule="JUnitTestContainsTooManyAsserts" ruleset="Best Practices" package="org.junit.samples.money" class="MoneyTest" method="testBagMultiply" externalInfoUrl="https://pmd.github.io/pmd/pmd_rules_java_bestpractices.html#junittestcontainstoomanyasserts" priority="3">
Unit tests should not contain more than 1 assert(s).
</violation>
<violation beginline="42" endline="42" begincolumn="9" endcolumn="20" rule="JUnitAssertionsShouldIncludeMessage" ruleset="Best Practices" package="org.junit.samples.money" class="MoneyTest" method="testBagMultiply" externalInfoUrl="https://pmd.github.io/pmd/pmd_rules_java_bestpractices.html#junitassertionsshouldincludemessage" priority="3">
JUnit assertions should include a message
</violation>
<violation beginline="43" endline="43" begincolumn="9" endcolumn="20" rule="JUnitAssertionsShouldIncludeMessage" ruleset="Best Practices" package="org.junit.samples.money" class="MoneyTest" method="testBagMultiply" externalInfoUrl="https://pmd.github.io/pmd/pmd_rules_java_bestpractices.html#junitassertionsshouldincludemessage" priority="3">
JUnit assertions should include a message
</violation>
<violation beginline="44" endline="44" begincolumn="9" endcolumn="18" rule="JUnitAssertionsShouldIncludeMessage" ruleset="Best Practices" package="org.junit.samples.money" class="MoneyTest" method="testBagMultiply" externalInfoUrl="https://pmd.github.io/pmd/pmd_rules_java_bestpractices.html#junitassertionsshouldincludemessage" priority="3">
JUnit assertions should include a message
</violation>
<violation beginline="51" endline="51" begincolumn="9" endcolumn="20" rule="JUnitAssertionsShouldIncludeMessage" ruleset="Best Practices" package="org.junit.samples.money" class="MoneyTest" method="testBagNegate" externalInfoUrl="https://pmd.github.io/pmd/pmd_rules_java_bestpractices.html#junitassertionsshouldincludemessage" priority="3">
JUnit assertions should include a message
</violation>
<violation beginline="58" endline="58" begincolumn="9" endcolumn="20" rule="JUnitAssertionsShouldIncludeMessage" ruleset="Best Practices" package="org.junit.samples.money" class="MoneyTest" method="testBagSimpleAdd" externalInfoUrl="https://pmd.github.io/pmd/pmd_rules_java_bestpractices.html#junitassertionsshouldincludemessage" priority="3">
JUnit assertions should include a message
</violation>
<violation beginline="65" endline="65" begincolumn="9" endcolumn="20" rule="JUnitAssertionsShouldIncludeMessage" ruleset="Best Practices" package="org.junit.samples.money" class="MoneyTest" method="testBagSubtract" externalInfoUrl="https://pmd.github.io/pmd/pmd_rules_java_bestpractices.html#junitassertionsshouldincludemessage" priority="3">
JUnit assertions should include a message
</violation>
<violation beginline="72" endline="72" begincolumn="9" endcolumn="20" rule="JUnitAssertionsShouldIncludeMessage" ruleset="Best Practices" package="org.junit.samples.money" class="MoneyTest" method="testBagSumAdd" externalInfoUrl="https://pmd.github.io/pmd/pmd_rules_java_bestpractices.html#junitassertionsshouldincludemessage" priority="3">
JUnit assertions should include a message
</violation>
<violation beginline="76" endline="79" begincolumn="12" endcolumn="5" rule="JUnitTestContainsTooManyAsserts" ruleset="Best Practices" package="org.junit.samples.money" class="MoneyTest" method="testIsZero" externalInfoUrl="https://pmd.github.io/pmd/pmd_rules_java_bestpractices.html#junittestcontainstoomanyasserts" priority="3">
Unit tests should not contain more than 1 assert(s).
</violation>
<violation beginline="77" endline="77" begincolumn="9" endcolumn="18" rule="JUnitAssertionsShouldIncludeMessage" ruleset="Best Practices" package="org.junit.samples.money" class="MoneyTest" method="testIsZero" externalInfoUrl="https://pmd.github.io/pmd/pmd_rules_java_bestpractices.html#junitassertionsshouldincludemessage" priority="3">
JUnit assertions should include a message
</violation>
<violation beginline="78" endline="78" begincolumn="9" endcolumn="18" rule="JUnitAssertionsShouldIncludeMessage" ruleset="Best Practices" package="org.junit.samples.money" class="MoneyTest" method="testIsZero" externalInfoUrl="https://pmd.github.io/pmd/pmd_rules_java_bestpractices.html#junitassertionsshouldincludemessage" priority="3">
JUnit assertions should include a message
</violation>
<violation beginline="85" endline="85" begincolumn="9" endcolumn="20" rule="JUnitAssertionsShouldIncludeMessage" ruleset="Best Practices" package="org.junit.samples.money" class="MoneyTest" method="testMixedSimpleAdd" externalInfoUrl="https://pmd.github.io/pmd/pmd_rules_java_bestpractices.html#junitassertionsshouldincludemessage" priority="3">
JUnit assertions should include a message
</violation>
<violation beginline="91" endline="91" begincolumn="9" endcolumn="19" rule="JUnitAssertionsShouldIncludeMessage" ruleset="Best Practices" package="org.junit.samples.money" class="MoneyTest" method="testBagNotEquals" externalInfoUrl="https://pmd.github.io/pmd/pmd_rules_java_bestpractices.html#junitassertionsshouldincludemessage" priority="3">
JUnit assertions should include a message
</violation>
<violation beginline="95" endline="104" begincolumn="12" endcolumn="5" rule="JUnitTestContainsTooManyAsserts" ruleset="Best Practices" package="org.junit.samples.money" class="MoneyTest" method="testMoneyBagEquals" externalInfoUrl="https://pmd.github.io/pmd/pmd_rules_java_bestpractices.html#junittestcontainstoomanyasserts" priority="3">
Unit tests should not contain more than 1 assert(s).
</violation>
<violation beginline="96" endline="96" begincolumn="21" endcolumn="37" rule="EqualsNull" ruleset="Error Prone" package="org.junit.samples.money" class="MoneyTest" method="testMoneyBagEquals" externalInfoUrl="https://pmd.github.io/pmd/pmd_rules_java_errorprone.html#equalsnull" priority="1">
Avoid using equals() to compare against null
</violation>
<violation beginline="96" endline="96" begincolumn="9" endcolumn="18" rule="JUnitAssertionsShouldIncludeMessage" ruleset="Best Practices" package="org.junit.samples.money" class="MoneyTest" method="testMoneyBagEquals" externalInfoUrl="https://pmd.github.io/pmd/pmd_rules_java_bestpractices.html#junitassertionsshouldincludemessage" priority="3">
JUnit assertions should include a message
</violation>
<violation beginline="96" endline="96" begincolumn="9" endcolumn="38" rule="SimplifyBooleanAssertion" ruleset="Design" package="org.junit.samples.money" class="MoneyTest" method="testMoneyBagEquals" externalInfoUrl="https://pmd.github.io/pmd/pmd_rules_java_design.html#simplifybooleanassertion" priority="3">
assertTrue(!expr) can be replaced by assertFalse(expr)
</violation>
<violation beginline="98" endline="98" begincolumn="9" endcolumn="20" rule="JUnitAssertionsShouldIncludeMessage" ruleset="Best Practices" package="org.junit.samples.money" class="MoneyTest" method="testMoneyBagEquals" externalInfoUrl="https://pmd.github.io/pmd/pmd_rules_java_bestpractices.html#junitassertionsshouldincludemessage" priority="3">
JUnit assertions should include a message
</violation>
<violation beginline="100" endline="100" begincolumn="9" endcolumn="18" rule="JUnitAssertionsShouldIncludeMessage" ruleset="Best Practices" package="org.junit.samples.money" class="MoneyTest" method="testMoneyBagEquals" externalInfoUrl="https://pmd.github.io/pmd/pmd_rules_java_bestpractices.html#junitassertionsshouldincludemessage" priority="3">
JUnit assertions should include a message
</violation>
<violation beginline="100" endline="100" begincolumn="9" endcolumn="38" rule="UseAssertEqualsInsteadOfAssertTrue" ruleset="Best Practices" package="org.junit.samples.money" class="MoneyTest" method="testMoneyBagEquals" externalInfoUrl="https://pmd.github.io/pmd/pmd_rules_java_bestpractices.html#useassertequalsinsteadofasserttrue" priority="3">
Use assertEquals(x, y) instead of assertTrue(x.equals(y))
</violation>
<violation beginline="101" endline="101" begincolumn="9" endcolumn="18" rule="JUnitAssertionsShouldIncludeMessage" ruleset="Best Practices" package="org.junit.samples.money" class="MoneyTest" method="testMoneyBagEquals" externalInfoUrl="https://pmd.github.io/pmd/pmd_rules_java_bestpractices.html#junitassertionsshouldincludemessage" priority="3">
JUnit assertions should include a message
</violation>
<violation beginline="101" endline="101" begincolumn="9" endcolumn="40" rule="SimplifyBooleanAssertion" ruleset="Design" package="org.junit.samples.money" class="MoneyTest" method="testMoneyBagEquals" externalInfoUrl="https://pmd.github.io/pmd/pmd_rules_java_design.html#simplifybooleanassertion" priority="3">
assertTrue(!expr) can be replaced by assertFalse(expr)
</violation>
<violation beginline="102" endline="102" begincolumn="9" endcolumn="18" rule="JUnitAssertionsShouldIncludeMessage" ruleset="Best Practices" package="org.junit.samples.money" class="MoneyTest" method="testMoneyBagEquals" externalInfoUrl="https://pmd.github.io/pmd/pmd_rules_java_bestpractices.html#junitassertionsshouldincludemessage" priority="3">
JUnit assertions should include a message
</violation>
<violation beginline="102" endline="102" begincolumn="9" endcolumn="40" rule="SimplifyBooleanAssertion" ruleset="Design" package="org.junit.samples.money" class="MoneyTest" method="testMoneyBagEquals" externalInfoUrl="https://pmd.github.io/pmd/pmd_rules_java_design.html#simplifybooleanassertion" priority="3">
assertTrue(!expr) can be replaced by assertFalse(expr)
</violation>
<violation beginline="103" endline="103" begincolumn="9" endcolumn="18" rule="JUnitAssertionsShouldIncludeMessage" ruleset="Best Practices" package="org.junit.samples.money" class="MoneyTest" method="testMoneyBagEquals" externalInfoUrl="https://pmd.github.io/pmd/pmd_rules_java_bestpractices.html#junitassertionsshouldincludemessage" priority="3">
JUnit assertions should include a message
</violation>
<violation beginline="103" endline="103" begincolumn="9" endcolumn="38" rule="SimplifyBooleanAssertion" ruleset="Design" package="org.junit.samples.money" class="MoneyTest" method="testMoneyBagEquals" externalInfoUrl="https://pmd.github.io/pmd/pmd_rules_java_design.html#simplifybooleanassertion" priority="3">
assertTrue(!expr) can be replaced by assertFalse(expr)
</violation>
<violation beginline="109" endline="109" begincolumn="9" endcolumn="20" rule="JUnitAssertionsShouldIncludeMessage" ruleset="Best Practices" package="org.junit.samples.money" class="MoneyTest" method="testMoneyBagHash" externalInfoUrl="https://pmd.github.io/pmd/pmd_rules_java_bestpractices.html#junitassertionsshouldincludemessage" priority="3">
JUnit assertions should include a message
</violation>
<violation beginline="113" endline="120" begincolumn="12" endcolumn="5" rule="JUnitTestContainsTooManyAsserts" ruleset="Best Practices" package="org.junit.samples.money" class="MoneyTest" method="testMoneyEquals" externalInfoUrl="https://pmd.github.io/pmd/pmd_rules_java_bestpractices.html#junittestcontainstoomanyasserts" priority="3">
Unit tests should not contain more than 1 assert(s).
</violation>
<violation beginline="114" endline="114" begincolumn="21" endcolumn="39" rule="EqualsNull" ruleset="Error Prone" package="org.junit.samples.money" class="MoneyTest" method="testMoneyEquals" externalInfoUrl="https://pmd.github.io/pmd/pmd_rules_java_errorprone.html#equalsnull" priority="1">
Avoid using equals() to compare against null
</violation>
<violation beginline="114" endline="114" begincolumn="9" endcolumn="18" rule="JUnitAssertionsShouldIncludeMessage" ruleset="Best Practices" package="org.junit.samples.money" class="MoneyTest" method="testMoneyEquals" externalInfoUrl="https://pmd.github.io/pmd/pmd_rules_java_bestpractices.html#junitassertionsshouldincludemessage" priority="3">
JUnit assertions should include a message
</violation>
<violation beginline="114" endline="114" begincolumn="9" endcolumn="40" rule="SimplifyBooleanAssertion" ruleset="Design" package="org.junit.samples.money" class="MoneyTest" method="testMoneyEquals" externalInfoUrl="https://pmd.github.io/pmd/pmd_rules_java_design.html#simplifybooleanassertion" priority="3">
assertTrue(!expr) can be replaced by assertFalse(expr)
</violation>
<violation beginline="116" endline="116" begincolumn="9" endcolumn="20" rule="JUnitAssertionsShouldIncludeMessage" ruleset="Best Practices" package="org.junit.samples.money" class="MoneyTest" method="testMoneyEquals" externalInfoUrl="https://pmd.github.io/pmd/pmd_rules_java_bestpractices.html#junitassertionsshouldincludemessage" priority="3">
JUnit assertions should include a message
</violation>
<violation beginline="117" endline="117" begincolumn="9" endcolumn="20" rule="JUnitAssertionsShouldIncludeMessage" ruleset="Best Practices" package="org.junit.samples.money" class="MoneyTest" method="testMoneyEquals" externalInfoUrl="https://pmd.github.io/pmd/pmd_rules_java_bestpractices.html#junitassertionsshouldincludemessage" priority="3">
JUnit assertions should include a message
</violation>
<violation beginline="118" endline="118" begincolumn="9" endcolumn="20" rule="JUnitAssertionsShouldIncludeMessage" ruleset="Best Practices" package="org.junit.samples.money" class="MoneyTest" method="testMoneyEquals" externalInfoUrl="https://pmd.github.io/pmd/pmd_rules_java_bestpractices.html#junitassertionsshouldincludemessage" priority="3">
JUnit assertions should include a message
</violation>
<violation beginline="119" endline="119" begincolumn="9" endcolumn="18" rule="JUnitAssertionsShouldIncludeMessage" ruleset="Best Practices" package="org.junit.samples.money" class="MoneyTest" method="testMoneyEquals" externalInfoUrl="https://pmd.github.io/pmd/pmd_rules_java_bestpractices.html#junitassertionsshouldincludemessage" priority="3">
JUnit assertions should include a message
</violation>
<violation beginline="119" endline="119" begincolumn="9" endcolumn="42" rule="SimplifyBooleanAssertion" ruleset="Design" package="org.junit.samples.money" class="MoneyTest" method="testMoneyEquals" externalInfoUrl="https://pmd.github.io/pmd/pmd_rules_java_design.html#simplifybooleanassertion" priority="3">
assertTrue(!expr) can be replaced by assertFalse(expr)
</violation>
<violation beginline="123" endline="129" begincolumn="12" endcolumn="5" rule="JUnitTestContainsTooManyAsserts" ruleset="Best Practices" package="org.junit.samples.money" class="MoneyTest" method="zeroMoniesAreEqualRegardlessOfCurrency" externalInfoUrl="https://pmd.github.io/pmd/pmd_rules_java_bestpractices.html#junittestcontainstoomanyasserts" priority="3">
Unit tests should not contain more than 1 assert(s).
</violation>
<violation beginline="127" endline="127" begincolumn="9" endcolumn="20" rule="JUnitAssertionsShouldIncludeMessage" ruleset="Best Practices" package="org.junit.samples.money" class="MoneyTest" method="zeroMoniesAreEqualRegardlessOfCurrency" externalInfoUrl="https://pmd.github.io/pmd/pmd_rules_java_bestpractices.html#junitassertionsshouldincludemessage" priority="3">
JUnit assertions should include a message
</violation>
<violation beginline="128" endline="128" begincolumn="9" endcolumn="20" rule="JUnitAssertionsShouldIncludeMessage" ruleset="Best Practices" package="org.junit.samples.money" class="MoneyTest" method="zeroMoniesAreEqualRegardlessOfCurrency" externalInfoUrl="https://pmd.github.io/pmd/pmd_rules_java_bestpractices.html#junitassertionsshouldincludemessage" priority="3">
JUnit assertions should include a message
</violation>
<violation beginline="132" endline="136" begincolumn="12" endcolumn="5" rule="JUnitTestContainsTooManyAsserts" ruleset="Best Practices" package="org.junit.samples.money" class="MoneyTest" method="testMoneyHash" externalInfoUrl="https://pmd.github.io/pmd/pmd_rules_java_bestpractices.html#junittestcontainstoomanyasserts" priority="3">
Unit tests should not contain more than 1 assert(s).
</violation>
<violation beginline="133" endline="133" begincolumn="21" endcolumn="39" rule="EqualsNull" ruleset="Error Prone" package="org.junit.samples.money" class="MoneyTest" method="testMoneyHash" externalInfoUrl="https://pmd.github.io/pmd/pmd_rules_java_errorprone.html#equalsnull" priority="1">
Avoid using equals() to compare against null
</violation>
<violation beginline="133" endline="133" begincolumn="9" endcolumn="18" rule="JUnitAssertionsShouldIncludeMessage" ruleset="Best Practices" package="org.junit.samples.money" class="MoneyTest" method="testMoneyHash" externalInfoUrl="https://pmd.github.io/pmd/pmd_rules_java_bestpractices.html#junitassertionsshouldincludemessage" priority="3">
JUnit assertions should include a message
</violation>
<violation beginline="133" endline="133" begincolumn="9" endcolumn="40" rule="SimplifyBooleanAssertion" ruleset="Design" package="org.junit.samples.money" class="MoneyTest" method="testMoneyHash" externalInfoUrl="https://pmd.github.io/pmd/pmd_rules_java_design.html#simplifybooleanassertion" priority="3">
assertTrue(!expr) can be replaced by assertFalse(expr)
</violation>
<violation beginline="135" endline="135" begincolumn="9" endcolumn="20" rule="JUnitAssertionsShouldIncludeMessage" ruleset="Best Practices" package="org.junit.samples.money" class="MoneyTest" method="testMoneyHash" externalInfoUrl="https://pmd.github.io/pmd/pmd_rules_java_bestpractices.html#junitassertionsshouldincludemessage" priority="3">
JUnit assertions should include a message
</violation>
<violation beginline="141" endline="141" begincolumn="9" endcolumn="20" rule="JUnitAssertionsShouldIncludeMessage" ruleset="Best Practices" package="org.junit.samples.money" class="MoneyTest" method="testSimplify" externalInfoUrl="https://pmd.github.io/pmd/pmd_rules_java_bestpractices.html#junitassertionsshouldincludemessage" priority="3">
JUnit assertions should include a message
</violation>
<violation beginline="148" endline="148" begincolumn="9" endcolumn="20" rule="JUnitAssertionsShouldIncludeMessage" ruleset="Best Practices" package="org.junit.samples.money" class="MoneyTest" method="testNormalize2" externalInfoUrl="https://pmd.github.io/pmd/pmd_rules_java_bestpractices.html#junitassertionsshouldincludemessage" priority="3">
JUnit assertions should include a message
</violation>
<violation beginline="156" endline="156" begincolumn="9" endcolumn="20" rule="JUnitAssertionsShouldIncludeMessage" ruleset="Best Practices" package="org.junit.samples.money" class="MoneyTest" method="testNormalize3" externalInfoUrl="https://pmd.github.io/pmd/pmd_rules_java_bestpractices.html#junitassertionsshouldincludemessage" priority="3">
JUnit assertions should include a message
</violation>
<violation beginline="163" endline="163" begincolumn="9" endcolumn="20" rule="JUnitAssertionsShouldIncludeMessage" ruleset="Best Practices" package="org.junit.samples.money" class="MoneyTest" method="testNormalize4" externalInfoUrl="https://pmd.github.io/pmd/pmd_rules_java_bestpractices.html#junitassertionsshouldincludemessage" priority="3">
JUnit assertions should include a message
</violation>
<violation beginline="168" endline="168" begincolumn="9" endcolumn="20" rule="JUnitAssertionsShouldIncludeMessage" ruleset="Best Practices" package="org.junit.samples.money" class="MoneyTest" method="testPrint" externalInfoUrl="https://pmd.github.io/pmd/pmd_rules_java_bestpractices.html#junitassertionsshouldincludemessage" priority="3">
JUnit assertions should include a message
</violation>
<violation beginline="175" endline="175" begincolumn="9" endcolumn="20" rule="JUnitAssertionsShouldIncludeMessage" ruleset="Best Practices" package="org.junit.samples.money" class="MoneyTest" method="testSimpleAdd" externalInfoUrl="https://pmd.github.io/pmd/pmd_rules_java_bestpractices.html#junitassertionsshouldincludemessage" priority="3">
JUnit assertions should include a message
</violation>
<violation beginline="182" endline="182" begincolumn="9" endcolumn="20" rule="JUnitAssertionsShouldIncludeMessage" ruleset="Best Practices" package="org.junit.samples.money" class="MoneyTest" method="testSimpleBagAdd" externalInfoUrl="https://pmd.github.io/pmd/pmd_rules_java_bestpractices.html#junitassertionsshouldincludemessage" priority="3">
JUnit assertions should include a message
</violation>
<violation beginline="189" endline="189" begincolumn="9" endcolumn="20" rule="JUnitAssertionsShouldIncludeMessage" ruleset="Best Practices" package="org.junit.samples.money" class="MoneyTest" method="testSimpleMultiply" externalInfoUrl="https://pmd.github.io/pmd/pmd_rules_java_bestpractices.html#junitassertionsshouldincludemessage" priority="3">
JUnit assertions should include a message
</violation>
<violation beginline="196" endline="196" begincolumn="9" endcolumn="20" rule="JUnitAssertionsShouldIncludeMessage" ruleset="Best Practices" package="org.junit.samples.money" class="MoneyTest" method="testSimpleNegate" externalInfoUrl="https://pmd.github.io/pmd/pmd_rules_java_bestpractices.html#junitassertionsshouldincludemessage" priority="3">
JUnit assertions should include a message
</violation>
<violation beginline="203" endline="203" begincolumn="9" endcolumn="20" rule="JUnitAssertionsShouldIncludeMessage" ruleset="Best Practices" package="org.junit.samples.money" class="MoneyTest" method="testSimpleSubtract" externalInfoUrl="https://pmd.github.io/pmd/pmd_rules_java_bestpractices.html#junitassertionsshouldincludemessage" priority="3">
JUnit assertions should include a message
</violation>
</file>
<file name="C:\Users\Deyan\Downloads\junit4-r4.13.2\src\test\java\org\junit\tests\ObjectContractTest.java">
<violation beginline="35" endline="35" begincolumn="9" endcolumn="18" rule="JUnitAssertionsShouldIncludeMessage" ruleset="Best Practices" package="org.junit.tests" class="ObjectContractTest" method="equalsMeansEqualHashCodes" externalInfoUrl="https://pmd.github.io/pmd/pmd_rules_java_bestpractices.html#junitassertionsshouldincludemessage" priority="3">
JUnit assertions should include a message
</violation>
<violation beginline="41" endline="42" begincolumn="11" endcolumn="9" rule="EmptyCatchBlock" ruleset="Error Prone" package="org.junit.tests" class="ObjectContractTest" method="toStringMethod" externalInfoUrl="https://pmd.github.io/pmd/pmd_rules_java_errorprone.html#emptycatchblock" priority="3">
Avoid empty catch blocks
</violation>
<violation beginline="42" endline="43" begincolumn="11" endcolumn="9" rule="IdenticalCatchBranches" ruleset="Code Style" package="org.junit.tests" class="ObjectContractTest" method="toStringMethod" externalInfoUrl="https://pmd.github.io/pmd/pmd_rules_java_codestyle.html#identicalcatchbranches" priority="3">
'catch' branch identical to 'SecurityException' branch
</violation>
<violation beginline="42" endline="43" begincolumn="11" endcolumn="9" rule="EmptyCatchBlock" ruleset="Error Prone" package="org.junit.tests" class="ObjectContractTest" method="toStringMethod" externalInfoUrl="https://pmd.github.io/pmd/pmd_rules_java_errorprone.html#emptycatchblock" priority="3">
Avoid empty catch blocks
</violation>
</file>
<file name="C:\Users\Deyan\Downloads\junit4-r4.13.2\src\test\java\org\junit\tests\SampleJUnit4Tests.java">
<violation beginline="43" endline="44" begincolumn="36" endcolumn="9" rule="UncommentedEmptyMethodBody" ruleset="Documentation" package="org.junit.tests" class="SampleJUnit4Tests$TestWithThrowingBeforeMethod" method="alwaysPasses" externalInfoUrl="https://pmd.github.io/pmd/pmd_rules_java_documentation.html#uncommentedemptymethodbody" priority="3">
Document empty method body
</violation>
<violation beginline="62" endline="63" begincolumn="36" endcolumn="9" rule="UncommentedEmptyMethodBody" ruleset="Documentation" package="org.junit.tests" class="SampleJUnit4Tests$TestWithThrowingTestRule" method="alwaysPasses" externalInfoUrl="https://pmd.github.io/pmd/pmd_rules_java_documentation.html#uncommentedemptymethodbody" priority="3">
Document empty method body
</violation>
<violation beginline="72" endline="73" begincolumn="36" endcolumn="9" rule="UncommentedEmptyMethodBody" ruleset="Documentation" package="org.junit.tests" class="SampleJUnit4Tests$TestWithThrowingClassRule" method="alwaysPasses" externalInfoUrl="https://pmd.github.io/pmd/pmd_rules_java_documentation.html#uncommentedemptymethodbody" priority="3">
Document empty method body
</violation>
<violation beginline="91" endline="92" begincolumn="36" endcolumn="9" rule="UncommentedEmptyMethodBody" ruleset="Documentation" package="org.junit.tests" class="SampleJUnit4Tests$TestWithThrowingMethodRule" method="alwaysPasses" externalInfoUrl="https://pmd.github.io/pmd/pmd_rules_java_documentation.html#uncommentedemptymethodbody" priority="3">
Document empty method body
</violation>
<violation beginline="98" endline="104" begincolumn="9" endcolumn="9" rule="DefaultPackage" ruleset="Code Style" package="org.junit.tests" class="SampleJUnit4Tests$TestWithSuppressedException" externalInfoUrl="https://pmd.github.io/pmd/pmd_rules_java_codestyle.html#defaultpackage" priority="3">
Use explicit scoping instead of the default package private level
</violation>
<violation beginline="101" endline="103" begincolumn="15" endcolumn="13" rule="AvoidCatchingThrowable" ruleset="Error Prone" package="org.junit.tests" class="SampleJUnit4Tests$TestWithSuppressedException" method="initAddSuppressed" externalInfoUrl="https://pmd.github.io/pmd/pmd_rules_java_errorprone.html#avoidcatchingthrowable" priority="3">
A catch statement should never catch throwable since it includes errors.
</violation>
<violation beginline="107" endline="107" begincolumn="43" endcolumn="51" rule="SignatureDeclareThrowsException" ruleset="Design" package="org.junit.tests" class="SampleJUnit4Tests$TestWithSuppressedException" method="alwaysThrows" externalInfoUrl="https://pmd.github.io/pmd/pmd_rules_java_design.html#signaturedeclarethrowsexception" priority="3">
A method/constructor should not explicitly throw java.lang.Exception
</violation>
<violation beginline="127" endline="127" begincolumn="22" endcolumn="30" rule="AvoidCatchingGenericException" ruleset="Design" package="org.junit.tests" class="SampleJUnit4Tests$FakeClassUnderTest" method="doThrowExceptionWithCause" externalInfoUrl="https://pmd.github.io/pmd/pmd_rules_java_design.html#avoidcatchinggenericexception" priority="3">
Avoid catching generic exceptions such as NullPointerException, RuntimeException, Exception in try-catch block
</violation>
<violation beginline="128" endline="128" begincolumn="27" endcolumn="42" rule="AvoidThrowingRawExceptionTypes" ruleset="Design" package="org.junit.tests" class="SampleJUnit4Tests$FakeClassUnderTest" method="doThrowExceptionWithCause" externalInfoUrl="https://pmd.github.io/pmd/pmd_rules_java_design.html#avoidthrowingrawexceptiontypes" priority="1">
Avoid throwing raw exception types.
</violation>
<violation beginline="133" endline="133" begincolumn="23" endcolumn="38" rule="AvoidThrowingRawExceptionTypes" ruleset="Design" package="org.junit.tests" class="SampleJUnit4Tests$FakeClassUnderTest" method="doThrowExceptionWithoutCause" externalInfoUrl="https://pmd.github.io/pmd/pmd_rules_java_design.html#avoidthrowingrawexceptiontypes" priority="1">
Avoid throwing raw exception types.
</violation>
</file>
<file name="C:\Users\Deyan\Downloads\junit4-r4.13.2\src\test\java\org\junit\tests\TestSystem.java">
<violation beginline="10" endline="10" begincolumn="13" endcolumn="28" rule="AvoidFieldNameMatchingMethodName" ruleset="Error Prone" package="org.junit.tests" class="TestSystem" variable="VariableDeclaratorId" externalInfoUrl="https://pmd.github.io/pmd/pmd_rules_java_errorprone.html#avoidfieldnamematchingmethodname" priority="3">
Field out has the same name as a method
</violation>
<violation beginline="10" endline="10" begincolumn="25" endcolumn="27" rule="ImmutableField" ruleset="Design" package="org.junit.tests" class="TestSystem" variable="out" externalInfoUrl="https://pmd.github.io/pmd/pmd_rules_java_design.html#immutablefield" priority="3">
Private field 'out' could be made final; it is only initialized in the declaration or constructor.
</violation>
<violation beginline="12" endline="12" begincolumn="35" endcolumn="46" rule="ImmutableField" ruleset="Design" package="org.junit.tests" class="TestSystem" variable="fOutContents" externalInfoUrl="https://pmd.github.io/pmd/pmd_rules_java_design.html#immutablefield" priority="3">
Private field 'fOutContents' could be made final; it is only initialized in the declaration or constructor.
</violation>
</file>
<file name="C:\Users\Deyan\Downloads\junit4-r4.13.2\src\test\java\org\junit\tests\assertion\AssertionTest.java">
<violation beginline="1" endline="1005" begincolumn="1" endcolumn="2" rule="TooManyStaticImports" ruleset="Code Style" package="org.junit.tests.assertion" class="AssertionTest" externalInfoUrl="https://pmd.github.io/pmd/pmd_rules_java_codestyle.html#toomanystaticimports" priority="3">
Too many static imports may lead to messy code
</violation>
<violation beginline="41" endline="41" begincolumn="9" endcolumn="19" rule="UnnecessaryFullyQualifiedName" ruleset="Code Style" package="org.junit.tests.assertion" class="AssertionTest" method="fails" externalInfoUrl="https://pmd.github.io/pmd/pmd_rules_java_codestyle.html#unnecessaryfullyqualifiedname" priority="4">
Unnecessary use of fully qualified name 'Assert.fail' due to existing static import 'org.junit.Assert.fail'
</violation>
<violation beginline="47" endline="47" begincolumn="13" endcolumn="23" rule="UnnecessaryFullyQualifiedName" ruleset="Code Style" package="org.junit.tests.assertion" class="AssertionTest" method="failWithNoMessageToString" externalInfoUrl="https://pmd.github.io/pmd/pmd_rules_java_codestyle.html#unnecessaryfullyqualifiedname" priority="4">
Unnecessary use of fully qualified name 'Assert.fail' due to existing static import 'org.junit.Assert.fail'
</violation>
<violation beginline="49" endline="49" begincolumn="13" endcolumn="24" rule="JUnitAssertionsShouldIncludeMessage" ruleset="Best Practices" package="org.junit.tests.assertion" class="AssertionTest" method="failWithNoMessageToString" externalInfoUrl="https://pmd.github.io/pmd/pmd_rules_java_bestpractices.html#junitassertionsshouldincludemessage" priority="3">
JUnit assertions should include a message
</violation>
<violation beginline="58" endline="58" begincolumn="13" endcolumn="23" rule="UnnecessaryFullyQualifiedName" ruleset="Code Style" package="org.junit.tests.assertion" class="AssertionTest" method="failWithMessageToString" externalInfoUrl="https://pmd.github.io/pmd/pmd_rules_java_codestyle.html#unnecessaryfullyqualifiedname" priority="4">
Unnecessary use of fully qualified name 'Assert.fail' due to existing static import 'org.junit.Assert.fail'
</violation>
<violation beginline="60" endline="60" begincolumn="13" endcolumn="24" rule="JUnitAssertionsShouldIncludeMessage" ruleset="Best Practices" package="org.junit.tests.assertion" class="AssertionTest" method="failWithMessageToString" externalInfoUrl="https://pmd.github.io/pmd/pmd_rules_java_bestpractices.html#junitassertionsshouldincludemessage" priority="3">
JUnit assertions should include a message
</violation>
<violation beginline="77" endline="77" begincolumn="17" endcolumn="27" rule="AvoidDuplicateLiterals" ruleset="Error Prone" package="org.junit.tests.assertion" class="AssertionTest" method="arraysNotEqualWithMessage" externalInfoUrl="https://pmd.github.io/pmd/pmd_rules_java_errorprone.html#avoidduplicateliterals" priority="3">
The String literal "not equal" appears 19 times in this file; the first occurrence is on line 77
</violation>
<violation beginline="84" endline="92" begincolumn="12" endcolumn="5" rule="JUnitTestContainsTooManyAsserts" ruleset="Best Practices" package="org.junit.tests.assertion" class="AssertionTest" method="arraysExpectedNullMessage" externalInfoUrl="https://pmd.github.io/pmd/pmd_rules_java_bestpractices.html#junittestcontainstoomanyasserts" priority="3">
Unit tests should not contain more than 1 assert(s).
</violation>
<violation beginline="88" endline="88" begincolumn="13" endcolumn="24" rule="JUnitAssertionsShouldIncludeMessage" ruleset="Best Practices" package="org.junit.tests.assertion" class="AssertionTest" method="arraysExpectedNullMessage" externalInfoUrl="https://pmd.github.io/pmd/pmd_rules_java_bestpractices.html#junitassertionsshouldincludemessage" priority="3">
JUnit assertions should include a message
</violation>
<violation beginline="95" endline="103" begincolumn="12" endcolumn="5" rule="JUnitTestContainsTooManyAsserts" ruleset="Best Practices" package="org.junit.tests.assertion" class="AssertionTest" method="arraysActualNullMessage" externalInfoUrl="https://pmd.github.io/pmd/pmd_rules_java_bestpractices.html#junittestcontainstoomanyasserts" priority="3">
Unit tests should not contain more than 1 assert(s).
</violation>
<violation beginline="99" endline="99" begincolumn="13" endcolumn="24" rule="JUnitAssertionsShouldIncludeMessage" ruleset="Best Practices" package="org.junit.tests.assertion" class="AssertionTest" method="arraysActualNullMessage" externalInfoUrl="https://pmd.github.io/pmd/pmd_rules_java_bestpractices.html#junitassertionsshouldincludemessage" priority="3">
JUnit assertions should include a message
</violation>
<violation beginline="162" endline="162" begincolumn="17" endcolumn="25" rule="AvoidDuplicateLiterals" ruleset="Error Prone" package="org.junit.tests.assertion" class="AssertionTest" method="arraysDifferAtElement0withMessage" externalInfoUrl="https://pmd.github.io/pmd/pmd_rules_java_errorprone.html#avoidduplicateliterals" priority="3">
The String literal "message" appears 8 times in this file; the first occurrence is on line 162
</violation>
<violation beginline="181" endline="181" begincolumn="9" endcolumn="25" rule="JUnitAssertionsShouldIncludeMessage" ruleset="Best Practices" package="org.junit.tests.assertion" class="AssertionTest" method="multiDimensionalArraysAreEqual" externalInfoUrl="https://pmd.github.io/pmd/pmd_rules_java_bestpractices.html#junitassertionsshouldincludemessage" priority="3">
JUnit assertions should include a message
</violation>
<violation beginline="188" endline="188" begincolumn="9" endcolumn="25" rule="JUnitAssertionsShouldIncludeMessage" ruleset="Best Practices" package="org.junit.tests.assertion" class="AssertionTest" method="multiDimensionalIntArraysAreEqual" externalInfoUrl="https://pmd.github.io/pmd/pmd_rules_java_bestpractices.html#junitassertionsshouldincludemessage" priority="3">
JUnit assertions should include a message
</violation>
<violation beginline="192" endline="201" begincolumn="12" endcolumn="5" rule="JUnitTestContainsTooManyAsserts" ruleset="Best Practices" package="org.junit.tests.assertion" class="AssertionTest" method="oneDimensionalPrimitiveArraysAreEqual" externalInfoUrl="https://pmd.github.io/pmd/pmd_rules_java_bestpractices.html#junittestcontainstoomanyasserts" priority="3">
Unit tests should not contain more than 1 assert(s).
</violation>
<violation beginline="193" endline="193" begincolumn="9" endcolumn="25" rule="JUnitAssertionsShouldIncludeMessage" ruleset="Best Practices" package="org.junit.tests.assertion" class="AssertionTest" method="oneDimensionalPrimitiveArraysAreEqual" externalInfoUrl="https://pmd.github.io/pmd/pmd_rules_java_bestpractices.html#junitassertionsshouldincludemessage" priority="3">
JUnit assertions should include a message
</violation>
<violation beginline="194" endline="194" begincolumn="9" endcolumn="25" rule="JUnitAssertionsShouldIncludeMessage" ruleset="Best Practices" package="org.junit.tests.assertion" class="AssertionTest" method="oneDimensionalPrimitiveArraysAreEqual" externalInfoUrl="https://pmd.github.io/pmd/pmd_rules_java_bestpractices.html#junitassertionsshouldincludemessage" priority="3">
JUnit assertions should include a message
</violation>
<violation beginline="195" endline="195" begincolumn="9" endcolumn="25" rule="JUnitAssertionsShouldIncludeMessage" ruleset="Best Practices" package="org.junit.tests.assertion" class="AssertionTest" method="oneDimensionalPrimitiveArraysAreEqual" externalInfoUrl="https://pmd.github.io/pmd/pmd_rules_java_bestpractices.html#junitassertionsshouldincludemessage" priority="3">
JUnit assertions should include a message
</violation>
<violation beginline="196" endline="196" begincolumn="9" endcolumn="25" rule="JUnitAssertionsShouldIncludeMessage" ruleset="Best Practices" package="org.junit.tests.assertion" class="AssertionTest" method="oneDimensionalPrimitiveArraysAreEqual" externalInfoUrl="https://pmd.github.io/pmd/pmd_rules_java_bestpractices.html#junitassertionsshouldincludemessage" priority="3">
JUnit assertions should include a message
</violation>
<violation beginline="197" endline="197" begincolumn="9" endcolumn="25" rule="JUnitAssertionsShouldIncludeMessage" ruleset="Best Practices" package="org.junit.tests.assertion" class="AssertionTest" method="oneDimensionalPrimitiveArraysAreEqual" externalInfoUrl="https://pmd.github.io/pmd/pmd_rules_java_bestpractices.html#junitassertionsshouldincludemessage" priority="3">
JUnit assertions should include a message
</violation>
<violation beginline="198" endline="198" begincolumn="9" endcolumn="25" rule="JUnitAssertionsShouldIncludeMessage" ruleset="Best Practices" package="org.junit.tests.assertion" class="AssertionTest" method="oneDimensionalPrimitiveArraysAreEqual" externalInfoUrl="https://pmd.github.io/pmd/pmd_rules_java_bestpractices.html#junitassertionsshouldincludemessage" priority="3">
JUnit assertions should include a message
</violation>
<violation beginline="215" endline="215" begincolumn="9" endcolumn="25" rule="JUnitAssertionsShouldIncludeMessage" ruleset="Best Practices" package="org.junit.tests.assertion" class="AssertionTest" method="oneDimensionalBooleanArraysAreNotEqual" externalInfoUrl="https://pmd.github.io/pmd/pmd_rules_java_bestpractices.html#junitassertionsshouldincludemessage" priority="3">
JUnit assertions should include a message
</violation>
<violation beginline="220" endline="220" begincolumn="9" endcolumn="20" rule="JUnitAssertionsShouldIncludeMessage" ruleset="Best Practices" package="org.junit.tests.assertion" class="AssertionTest" method="IntegerDoesNotEqualLong" externalInfoUrl="https://pmd.github.io/pmd/pmd_rules_java_bestpractices.html#junitassertionsshouldincludemessage" priority="3">
JUnit assertions should include a message
</violation>
<violation beginline="225" endline="225" begincolumn="9" endcolumn="20" rule="JUnitAssertionsShouldIncludeMessage" ruleset="Best Practices" package="org.junit.tests.assertion" class="AssertionTest" method="intsEqualLongs" externalInfoUrl="https://pmd.github.io/pmd/pmd_rules_java_bestpractices.html#junitassertionsshouldincludemessage" priority="3">
JUnit assertions should include a message
</violation>
<violation beginline="230" endline="230" begincolumn="9" endcolumn="25" rule="JUnitAssertionsShouldIncludeMessage" ruleset="Best Practices" package="org.junit.tests.assertion" class="AssertionTest" method="multiDimensionalArraysDeclaredAsOneDimensionalAreEqual" externalInfoUrl="https://pmd.github.io/pmd/pmd_rules_java_bestpractices.html#junitassertionsshouldincludemessage" priority="3">
JUnit assertions should include a message
</violation>
<violation beginline="251" endline="272" begincolumn="12" endcolumn="5" rule="JUnitTestContainsTooManyAsserts" ruleset="Best Practices" package="org.junit.tests.assertion" class="AssertionTest" method="twoDimensionalArraysDifferentOuterLengthNotEqual" externalInfoUrl="https://pmd.github.io/pmd/pmd_rules_java_bestpractices.html#junittestcontainstoomanyasserts" priority="3">
Unit tests should not contain more than 1 assert(s).
</violation>
<violation beginline="275" endline="286" begincolumn="12" endcolumn="5" rule="JUnitTestContainsTooManyAsserts" ruleset="Best Practices" package="org.junit.tests.assertion" class="AssertionTest" method="primitiveArraysConvertedToStringCorrectly" externalInfoUrl="https://pmd.github.io/pmd/pmd_rules_java_bestpractices.html#junittestcontainstoomanyasserts" priority="3">
Unit tests should not contain more than 1 assert(s).
</violation>
<violation beginline="298" endline="319" begincolumn="12" endcolumn="5" rule="JUnitTestContainsTooManyAsserts" ruleset="Best Practices" package="org.junit.tests.assertion" class="AssertionTest" method="twoDimensionalArraysDifferentInnerLengthNotEqual" externalInfoUrl="https://pmd.github.io/pmd/pmd_rules_java_bestpractices.html#junittestcontainstoomanyasserts" priority="3">
Unit tests should not contain more than 1 assert(s).
</violation>
<violation beginline="323" endline="323" begincolumn="13" endcolumn="29" rule="JUnitAssertionsShouldIncludeMessage" ruleset="Best Practices" package="org.junit.tests.assertion" class="AssertionTest" method="assertArrayEqualsFailure" externalInfoUrl="https://pmd.github.io/pmd/pmd_rules_java_bestpractices.html#junitassertionsshouldincludemessage" priority="3">
JUnit assertions should include a message
</violation>
<violation beginline="325" endline="325" begincolumn="13" endcolumn="24" rule="JUnitAssertionsShouldIncludeMessage" ruleset="Best Practices" package="org.junit.tests.assertion" class="AssertionTest" method="assertArrayEqualsFailure" externalInfoUrl="https://pmd.github.io/pmd/pmd_rules_java_bestpractices.html#junitassertionsshouldincludemessage" priority="3">
JUnit assertions should include a message
</violation>
<violation beginline="335" endline="335" begincolumn="13" endcolumn="24" rule="JUnitAssertionsShouldIncludeMessage" ruleset="Best Practices" package="org.junit.tests.assertion" class="AssertionTest" method="assertArrayEqualsFailure" externalInfoUrl="https://pmd.github.io/pmd/pmd_rules_java_bestpractices.html#junitassertionsshouldincludemessage" priority="3">
JUnit assertions should include a message
</violation>
<violation beginline="342" endline="351" begincolumn="12" endcolumn="5" rule="JUnitTestContainsTooManyAsserts" ruleset="Best Practices" package="org.junit.tests.assertion" class="AssertionTest" method="multiDimensionalArraysDifferentLengthMessage" externalInfoUrl="https://pmd.github.io/pmd/pmd_rules_java_bestpractices.html#junittestcontainstoomanyasserts" priority="3">
Unit tests should not contain more than 1 assert(s).
</violation>
<violation beginline="346" endline="346" begincolumn="13" endcolumn="24" rule="JUnitAssertionsShouldIncludeMessage" ruleset="Best Practices" package="org.junit.tests.assertion" class="AssertionTest" method="multiDimensionalArraysDifferentLengthMessage" externalInfoUrl="https://pmd.github.io/pmd/pmd_rules_java_bestpractices.html#junitassertionsshouldincludemessage" priority="3">
JUnit assertions should include a message
</violation>
<violation beginline="354" endline="363" begincolumn="12" endcolumn="5" rule="JUnitTestContainsTooManyAsserts" ruleset="Best Practices" package="org.junit.tests.assertion" class="AssertionTest" method="multiDimensionalArraysDifferentLengthNoMessage" externalInfoUrl="https://pmd.github.io/pmd/pmd_rules_java_bestpractices.html#junittestcontainstoomanyasserts" priority="3">
Unit tests should not contain more than 1 assert(s).
</violation>
<violation beginline="356" endline="356" begincolumn="13" endcolumn="29" rule="JUnitAssertionsShouldIncludeMessage" ruleset="Best Practices" package="org.junit.tests.assertion" class="AssertionTest" method="multiDimensionalArraysDifferentLengthNoMessage" externalInfoUrl="https://pmd.github.io/pmd/pmd_rules_java_bestpractices.html#junitassertionsshouldincludemessage" priority="3">
JUnit assertions should include a message
</violation>
<violation beginline="358" endline="358" begincolumn="13" endcolumn="24" rule="JUnitAssertionsShouldIncludeMessage" ruleset="Best Practices" package="org.junit.tests.assertion" class="AssertionTest" method="multiDimensionalArraysDifferentLengthNoMessage" externalInfoUrl="https://pmd.github.io/pmd/pmd_rules_java_bestpractices.html#junitassertionsshouldincludemessage" priority="3">
JUnit assertions should include a message
</violation>
<violation beginline="367" endline="367" begincolumn="18" endcolumn="46" rule="UseShortArrayInitializer" ruleset="Code Style" package="org.junit.tests.assertion" class="AssertionTest" method="arraysWithNullElementEqual" variable="objects1" externalInfoUrl="https://pmd.github.io/pmd/pmd_rules_java_codestyle.html#useshortarrayinitializer" priority="3">
Array initialization can be written shorter
</violation>
<violation beginline="368" endline="368" begincolumn="18" endcolumn="46" rule="UseShortArrayInitializer" ruleset="Code Style" package="org.junit.tests.assertion" class="AssertionTest" method="arraysWithNullElementEqual" variable="objects2" externalInfoUrl="https://pmd.github.io/pmd/pmd_rules_java_codestyle.html#useshortarrayinitializer" priority="3">
Array initialization can be written shorter
</violation>
<violation beginline="369" endline="369" begincolumn="9" endcolumn="25" rule="JUnitAssertionsShouldIncludeMessage" ruleset="Best Practices" package="org.junit.tests.assertion" class="AssertionTest" method="arraysWithNullElementEqual" externalInfoUrl="https://pmd.github.io/pmd/pmd_rules_java_bestpractices.html#junitassertionsshouldincludemessage" priority="3">
JUnit assertions should include a message
</violation>
<violation beginline="373" endline="381" begincolumn="12" endcolumn="5" rule="JUnitTestContainsTooManyAsserts" ruleset="Best Practices" package="org.junit.tests.assertion" class="AssertionTest" method="stringsDifferWithUserMessage" externalInfoUrl="https://pmd.github.io/pmd/pmd_rules_java_bestpractices.html#junittestcontainstoomanyasserts" priority="3">
Unit tests should not contain more than 1 assert(s).
</violation>
<violation beginline="377" endline="377" begincolumn="13" endcolumn="24" rule="JUnitAssertionsShouldIncludeMessage" ruleset="Best Practices" package="org.junit.tests.assertion" class="AssertionTest" method="stringsDifferWithUserMessage" externalInfoUrl="https://pmd.github.io/pmd/pmd_rules_java_bestpractices.html#junitassertionsshouldincludemessage" priority="3">
JUnit assertions should include a message
</violation>
<violation beginline="386" endline="386" begincolumn="18" endcolumn="49" rule="UseShortArrayInitializer" ruleset="Code Style" package="org.junit.tests.assertion" class="AssertionTest" method="arraysEqual" variable="objects1" externalInfoUrl="https://pmd.github.io/pmd/pmd_rules_java_codestyle.html#useshortarrayinitializer" priority="3">
Array initialization can be written shorter
</violation>
<violation beginline="387" endline="387" begincolumn="18" endcolumn="49" rule="UseShortArrayInitializer" ruleset="Code Style" package="org.junit.tests.assertion" class="AssertionTest" method="arraysEqual" variable="objects2" externalInfoUrl="https://pmd.github.io/pmd/pmd_rules_java_codestyle.html#useshortarrayinitializer" priority="3">
Array initialization can be written shorter
</violation>
<violation beginline="388" endline="388" begincolumn="9" endcolumn="25" rule="JUnitAssertionsShouldIncludeMessage" ruleset="Best Practices" package="org.junit.tests.assertion" class="AssertionTest" method="arraysEqual" externalInfoUrl="https://pmd.github.io/pmd/pmd_rules_java_bestpractices.html#junitassertionsshouldincludemessage" priority="3">
JUnit assertions should include a message
</violation>
<violation beginline="394" endline="394" begincolumn="18" endcolumn="49" rule="UseShortArrayInitializer" ruleset="Code Style" package="org.junit.tests.assertion" class="AssertionTest" method="arraysEqualWithMessage" variable="objects1" externalInfoUrl="https://pmd.github.io/pmd/pmd_rules_java_codestyle.html#useshortarrayinitializer" priority="3">
Array initialization can be written shorter
</violation>
<violation beginline="395" endline="395" begincolumn="18" endcolumn="49" rule="UseShortArrayInitializer" ruleset="Code Style" package="org.junit.tests.assertion" class="AssertionTest" method="arraysEqualWithMessage" variable="objects2" externalInfoUrl="https://pmd.github.io/pmd/pmd_rules_java_codestyle.html#useshortarrayinitializer" priority="3">
Array initialization can be written shorter
</violation>
<violation beginline="400" endline="412" begincolumn="12" endcolumn="5" rule="SuspiciousEqualsMethodName" ruleset="Error Prone" package="org.junit.tests.assertion" class="AssertionTest" method="equals" externalInfoUrl="https://pmd.github.io/pmd/pmd_rules_java_errorprone.html#suspiciousequalsmethodname" priority="2">
The method name and parameter number are suspiciously close to equals(Object)
</violation>
<violation beginline="400" endline="412" begincolumn="12" endcolumn="5" rule="JUnitTestContainsTooManyAsserts" ruleset="Best Practices" package="org.junit.tests.assertion" class="AssertionTest" method="equals" externalInfoUrl="https://pmd.github.io/pmd/pmd_rules_java_bestpractices.html#junittestcontainstoomanyasserts" priority="3">
Unit tests should not contain more than 1 assert(s).
</violation>
<violation beginline="402" endline="402" begincolumn="9" endcolumn="20" rule="JUnitAssertionsShouldIncludeMessage" ruleset="Best Practices" package="org.junit.tests.assertion" class="AssertionTest" method="equals" externalInfoUrl="https://pmd.github.io/pmd/pmd_rules_java_bestpractices.html#junitassertionsshouldincludemessage" priority="3">
JUnit assertions should include a message
</violation>
<violation beginline="403" endline="403" begincolumn="9" endcolumn="20" rule="JUnitAssertionsShouldIncludeMessage" ruleset="Best Practices" package="org.junit.tests.assertion" class="AssertionTest" method="equals" externalInfoUrl="https://pmd.github.io/pmd/pmd_rules_java_bestpractices.html#junitassertionsshouldincludemessage" priority="3">
JUnit assertions should include a message
</violation>
<violation beginline="403" endline="403" begincolumn="22" endcolumn="26" rule="AvoidDuplicateLiterals" ruleset="Error Prone" package="org.junit.tests.assertion" class="AssertionTest" method="equals" externalInfoUrl="https://pmd.github.io/pmd/pmd_rules_java_errorprone.html#avoidduplicateliterals" priority="3">
The String literal "abc" appears 5 times in this file; the first occurrence is on line 403
</violation>
<violation beginline="404" endline="404" begincolumn="9" endcolumn="20" rule="JUnitAssertionsShouldIncludeMessage" ruleset="Best Practices" package="org.junit.tests.assertion" class="AssertionTest" method="equals" externalInfoUrl="https://pmd.github.io/pmd/pmd_rules_java_bestpractices.html#junitassertionsshouldincludemessage" priority="3">
JUnit assertions should include a message
</violation>
<violation beginline="404" endline="404" begincolumn="9" endcolumn="32" rule="UseAssertTrueInsteadOfAssertEquals" ruleset="Best Practices" package="org.junit.tests.assertion" class="AssertionTest" method="equals" externalInfoUrl="https://pmd.github.io/pmd/pmd_rules_java_bestpractices.html#useasserttrueinsteadofassertequals" priority="3">
Use assertTrue(x)/assertFalse(x) instead of assertEquals(true, x)/assertEquals(false, x) or assertEquals(Boolean.TRUE, x)/assertEquals(Boolean.FALSE, x).
</violation>
<violation beginline="405" endline="405" begincolumn="9" endcolumn="20" rule="JUnitAssertionsShouldIncludeMessage" ruleset="Best Practices" package="org.junit.tests.assertion" class="AssertionTest" method="equals" externalInfoUrl="https://pmd.github.io/pmd/pmd_rules_java_bestpractices.html#junitassertionsshouldincludemessage" priority="3">
JUnit assertions should include a message
</violation>
<violation beginline="406" endline="406" begincolumn="9" endcolumn="20" rule="JUnitAssertionsShouldIncludeMessage" ruleset="Best Practices" package="org.junit.tests.assertion" class="AssertionTest" method="equals" externalInfoUrl="https://pmd.github.io/pmd/pmd_rules_java_bestpractices.html#junitassertionsshouldincludemessage" priority="3">
JUnit assertions should include a message
</violation>
<violation beginline="407" endline="407" begincolumn="9" endcolumn="20" rule="JUnitAssertionsShouldIncludeMessage" ruleset="Best Practices" package="org.junit.tests.assertion" class="AssertionTest" method="equals" externalInfoUrl="https://pmd.github.io/pmd/pmd_rules_java_bestpractices.html#junitassertionsshouldincludemessage" priority="3">
JUnit assertions should include a message
</violation>
<violation beginline="408" endline="408" begincolumn="9" endcolumn="20" rule="JUnitAssertionsShouldIncludeMessage" ruleset="Best Practices" package="org.junit.tests.assertion" class="AssertionTest" method="equals" externalInfoUrl="https://pmd.github.io/pmd/pmd_rules_java_bestpractices.html#junitassertionsshouldincludemessage" priority="3">
JUnit assertions should include a message
</violation>
<violation beginline="409" endline="409" begincolumn="9" endcolumn="20" rule="JUnitAssertionsShouldIncludeMessage" ruleset="Best Practices" package="org.junit.tests.assertion" class="AssertionTest" method="equals" externalInfoUrl="https://pmd.github.io/pmd/pmd_rules_java_bestpractices.html#junitassertionsshouldincludemessage" priority="3">
JUnit assertions should include a message
</violation>
<violation beginline="410" endline="410" begincolumn="9" endcolumn="20" rule="JUnitAssertionsShouldIncludeMessage" ruleset="Best Practices" package="org.junit.tests.assertion" class="AssertionTest" method="equals" externalInfoUrl="https://pmd.github.io/pmd/pmd_rules_java_bestpractices.html#junitassertionsshouldincludemessage" priority="3">
JUnit assertions should include a message
</violation>
<violation beginline="411" endline="411" begincolumn="9" endcolumn="20" rule="JUnitAssertionsShouldIncludeMessage" ruleset="Best Practices" package="org.junit.tests.assertion" class="AssertionTest" method="equals" externalInfoUrl="https://pmd.github.io/pmd/pmd_rules_java_bestpractices.html#junitassertionsshouldincludemessage" priority="3">
JUnit assertions should include a message
</violation>
<violation beginline="416" endline="416" begincolumn="9" endcolumn="20" rule="JUnitAssertionsShouldIncludeMessage" ruleset="Best Practices" package="org.junit.tests.assertion" class="AssertionTest" method="notEqualsObjectWithNull" externalInfoUrl="https://pmd.github.io/pmd/pmd_rules_java_bestpractices.html#junitassertionsshouldincludemessage" priority="3">
JUnit assertions should include a message
</violation>
<violation beginline="421" endline="421" begincolumn="9" endcolumn="20" rule="JUnitAssertionsShouldIncludeMessage" ruleset="Best Practices" package="org.junit.tests.assertion" class="AssertionTest" method="notEqualsNullWithObject" externalInfoUrl="https://pmd.github.io/pmd/pmd_rules_java_bestpractices.html#junitassertionsshouldincludemessage" priority="3">
JUnit assertions should include a message
</violation>
<violation beginline="425" endline="434" begincolumn="12" endcolumn="5" rule="JUnitTestContainsTooManyAsserts" ruleset="Best Practices" package="org.junit.tests.assertion" class="AssertionTest" method="notEqualsObjectWithNullWithMessage" externalInfoUrl="https://pmd.github.io/pmd/pmd_rules_java_bestpractices.html#junittestcontainstoomanyasserts" priority="3">
Unit tests should not contain more than 1 assert(s).
</violation>
<violation beginline="430" endline="430" begincolumn="13" endcolumn="24" rule="JUnitAssertionsShouldIncludeMessage" ruleset="Best Practices" package="org.junit.tests.assertion" class="AssertionTest" method="notEqualsObjectWithNullWithMessage" externalInfoUrl="https://pmd.github.io/pmd/pmd_rules_java_bestpractices.html#junitassertionsshouldincludemessage" priority="3">
JUnit assertions should include a message
</violation>
<violation beginline="437" endline="446" begincolumn="12" endcolumn="5" rule="JUnitTestContainsTooManyAsserts" ruleset="Best Practices" package="org.junit.tests.assertion" class="AssertionTest" method="notEqualsNullWithObjectWithMessage" externalInfoUrl="https://pmd.github.io/pmd/pmd_rules_java_bestpractices.html#junittestcontainstoomanyasserts" priority="3">
Unit tests should not contain more than 1 assert(s).
</violation>
<violation beginline="442" endline="442" begincolumn="13" endcolumn="24" rule="JUnitAssertionsShouldIncludeMessage" ruleset="Best Practices" package="org.junit.tests.assertion" class="AssertionTest" method="notEqualsNullWithObjectWithMessage" externalInfoUrl="https://pmd.github.io/pmd/pmd_rules_java_bestpractices.html#junitassertionsshouldincludemessage" priority="3">
JUnit assertions should include a message
</violation>
<violation beginline="450" endline="450" begincolumn="9" endcolumn="20" rule="JUnitAssertionsShouldIncludeMessage" ruleset="Best Practices" package="org.junit.tests.assertion" class="AssertionTest" method="objectsNotEquals" externalInfoUrl="https://pmd.github.io/pmd/pmd_rules_java_bestpractices.html#junitassertionsshouldincludemessage" priority="3">
JUnit assertions should include a message
</violation>
<violation beginline="455" endline="455" begincolumn="9" endcolumn="20" rule="JUnitAssertionsShouldIncludeMessage" ruleset="Best Practices" package="org.junit.tests.assertion" class="AssertionTest" method="stringsNotEqual" externalInfoUrl="https://pmd.github.io/pmd/pmd_rules_java_bestpractices.html#junitassertionsshouldincludemessage" priority="3">
JUnit assertions should include a message
</violation>
<violation beginline="460" endline="460" begincolumn="9" endcolumn="20" rule="JUnitAssertionsShouldIncludeMessage" ruleset="Best Practices" package="org.junit.tests.assertion" class="AssertionTest" method="booleansNotEqual" externalInfoUrl="https://pmd.github.io/pmd/pmd_rules_java_bestpractices.html#junitassertionsshouldincludemessage" priority="3">
JUnit assertions should include a message
</violation>
<violation beginline="460" endline="460" begincolumn="9" endcolumn="33" rule="UseAssertTrueInsteadOfAssertEquals" ruleset="Best Practices" package="org.junit.tests.assertion" class="AssertionTest" method="booleansNotEqual" externalInfoUrl="https://pmd.github.io/pmd/pmd_rules_java_bestpractices.html#useasserttrueinsteadofassertequals" priority="3">
Use assertTrue(x)/assertFalse(x) instead of assertEquals(true, x)/assertEquals(false, x) or assertEquals(Boolean.TRUE, x)/assertEquals(Boolean.FALSE, x).
</violation>
<violation beginline="465" endline="465" begincolumn="9" endcolumn="20" rule="JUnitAssertionsShouldIncludeMessage" ruleset="Best Practices" package="org.junit.tests.assertion" class="AssertionTest" method="bytesNotEqual" externalInfoUrl="https://pmd.github.io/pmd/pmd_rules_java_bestpractices.html#junitassertionsshouldincludemessage" priority="3">
JUnit assertions should include a message
</violation>
<violation beginline="470" endline="470" begincolumn="9" endcolumn="20" rule="JUnitAssertionsShouldIncludeMessage" ruleset="Best Practices" package="org.junit.tests.assertion" class="AssertionTest" method="charsNotEqual" externalInfoUrl="https://pmd.github.io/pmd/pmd_rules_java_bestpractices.html#junitassertionsshouldincludemessage" priority="3">
JUnit assertions should include a message
</violation>
<violation beginline="475" endline="475" begincolumn="9" endcolumn="20" rule="JUnitAssertionsShouldIncludeMessage" ruleset="Best Practices" package="org.junit.tests.assertion" class="AssertionTest" method="shortsNotEqual" externalInfoUrl="https://pmd.github.io/pmd/pmd_rules_java_bestpractices.html#junitassertionsshouldincludemessage" priority="3">
JUnit assertions should include a message
</violation>
<violation beginline="480" endline="480" begincolumn="9" endcolumn="20" rule="JUnitAssertionsShouldIncludeMessage" ruleset="Best Practices" package="org.junit.tests.assertion" class="AssertionTest" method="intsNotEqual" externalInfoUrl="https://pmd.github.io/pmd/pmd_rules_java_bestpractices.html#junitassertionsshouldincludemessage" priority="3">
JUnit assertions should include a message
</violation>
<violation beginline="485" endline="485" begincolumn="9" endcolumn="20" rule="JUnitAssertionsShouldIncludeMessage" ruleset="Best Practices" package="org.junit.tests.assertion" class="AssertionTest" method="longsNotEqual" externalInfoUrl="https://pmd.github.io/pmd/pmd_rules_java_bestpractices.html#junitassertionsshouldincludemessage" priority="3">
JUnit assertions should include a message
</violation>
<violation beginline="490" endline="490" begincolumn="9" endcolumn="20" rule="JUnitAssertionsShouldIncludeMessage" ruleset="Best Practices" package="org.junit.tests.assertion" class="AssertionTest" method="floatsNotEqual" externalInfoUrl="https://pmd.github.io/pmd/pmd_rules_java_bestpractices.html#junitassertionsshouldincludemessage" priority="3">
JUnit assertions should include a message
</violation>
<violation beginline="496" endline="496" begincolumn="9" endcolumn="20" rule="JUnitAssertionsShouldIncludeMessage" ruleset="Best Practices" package="org.junit.tests.assertion" class="AssertionTest" method="floatsNotEqualWithoutDelta" externalInfoUrl="https://pmd.github.io/pmd/pmd_rules_java_bestpractices.html#junitassertionsshouldincludemessage" priority="3">
JUnit assertions should include a message
</violation>
<violation beginline="502" endline="502" begincolumn="17" endcolumn="40" rule="UseShortArrayInitializer" ruleset="Code Style" package="org.junit.tests.assertion" class="AssertionTest" method="floatsNotDoublesInArrays" variable="f1" externalInfoUrl="https://pmd.github.io/pmd/pmd_rules_java_codestyle.html#useshortarrayinitializer" priority="3">
Array initialization can be written shorter
</violation>
<violation beginline="503" endline="503" begincolumn="17" endcolumn="40" rule="UseShortArrayInitializer" ruleset="Code Style" package="org.junit.tests.assertion" class="AssertionTest" method="floatsNotDoublesInArrays" variable="f2" externalInfoUrl="https://pmd.github.io/pmd/pmd_rules_java_codestyle.html#useshortarrayinitializer" priority="3">
Array initialization can be written shorter
</violation>
<violation beginline="504" endline="504" begincolumn="9" endcolumn="32" rule="UnnecessaryFullyQualifiedName" ruleset="Code Style" package="org.junit.tests.assertion" class="AssertionTest" method="floatsNotDoublesInArrays" externalInfoUrl="https://pmd.github.io/pmd/pmd_rules_java_codestyle.html#unnecessaryfullyqualifiedname" priority="4">
Unnecessary use of fully qualified name 'Assert.assertArrayEquals' due to existing static import 'org.junit.Assert.assertArrayEquals'
</violation>
<violation beginline="509" endline="509" begincolumn="9" endcolumn="20" rule="JUnitAssertionsShouldIncludeMessage" ruleset="Best Practices" package="org.junit.tests.assertion" class="AssertionTest" method="bigDecimalsNotEqual" externalInfoUrl="https://pmd.github.io/pmd/pmd_rules_java_bestpractices.html#junitassertionsshouldincludemessage" priority="3">
JUnit assertions should include a message
</violation>
<violation beginline="515" endline="515" begincolumn="9" endcolumn="20" rule="JUnitAssertionsShouldIncludeMessage" ruleset="Best Practices" package="org.junit.tests.assertion" class="AssertionTest" method="doublesNotEqual" externalInfoUrl="https://pmd.github.io/pmd/pmd_rules_java_bestpractices.html#junitassertionsshouldincludemessage" priority="3">
JUnit assertions should include a message
</violation>
<violation beginline="519" endline="522" begincolumn="12" endcolumn="5" rule="JUnitTestContainsTooManyAsserts" ruleset="Best Practices" package="org.junit.tests.assertion" class="AssertionTest" method="naNsAreEqual" externalInfoUrl="https://pmd.github.io/pmd/pmd_rules_java_bestpractices.html#junittestcontainstoomanyasserts" priority="3">
Unit tests should not contain more than 1 assert(s).
</violation>
<violation beginline="520" endline="520" begincolumn="9" endcolumn="20" rule="JUnitAssertionsShouldIncludeMessage" ruleset="Best Practices" package="org.junit.tests.assertion" class="AssertionTest" method="naNsAreEqual" externalInfoUrl="https://pmd.github.io/pmd/pmd_rules_java_bestpractices.html#junitassertionsshouldincludemessage" priority="3">
JUnit assertions should include a message
</violation>
<violation beginline="521" endline="521" begincolumn="9" endcolumn="20" rule="JUnitAssertionsShouldIncludeMessage" ruleset="Best Practices" package="org.junit.tests.assertion" class="AssertionTest" method="naNsAreEqual" externalInfoUrl="https://pmd.github.io/pmd/pmd_rules_java_bestpractices.html#junitassertionsshouldincludemessage" priority="3">
JUnit assertions should include a message
</violation>
<violation beginline="526" endline="534" begincolumn="12" endcolumn="5" rule="JUnitTestContainsTooManyAsserts" ruleset="Best Practices" package="org.junit.tests.assertion" class="AssertionTest" method="nullNullmessage" externalInfoUrl="https://pmd.github.io/pmd/pmd_rules_java_bestpractices.html#junittestcontainstoomanyasserts" priority="3">
Unit tests should not contain more than 1 assert(s).
</violation>
<violation beginline="528" endline="528" begincolumn="13" endcolumn="22" rule="JUnitAssertionsShouldIncludeMessage" ruleset="Best Practices" package="org.junit.tests.assertion" class="AssertionTest" method="nullNullmessage" externalInfoUrl="https://pmd.github.io/pmd/pmd_rules_java_bestpractices.html#junitassertionsshouldincludemessage" priority="3">
JUnit assertions should include a message
</violation>
<violation beginline="530" endline="530" begincolumn="13" endcolumn="24" rule="JUnitAssertionsShouldIncludeMessage" ruleset="Best Practices" package="org.junit.tests.assertion" class="AssertionTest" method="nullNullmessage" externalInfoUrl="https://pmd.github.io/pmd/pmd_rules_java_bestpractices.html#junitassertionsshouldincludemessage" priority="3">
JUnit assertions should include a message
</violation>
<violation beginline="538" endline="546" begincolumn="12" endcolumn="5" rule="JUnitTestContainsTooManyAsserts" ruleset="Best Practices" package="org.junit.tests.assertion" class="AssertionTest" method="nullWithMessage" externalInfoUrl="https://pmd.github.io/pmd/pmd_rules_java_bestpractices.html#junittestcontainstoomanyasserts" priority="3">
Unit tests should not contain more than 1 assert(s).
</violation>
<violation beginline="542" endline="542" begincolumn="13" endcolumn="24" rule="JUnitAssertionsShouldIncludeMessage" ruleset="Best Practices" package="org.junit.tests.assertion" class="AssertionTest" method="nullWithMessage" externalInfoUrl="https://pmd.github.io/pmd/pmd_rules_java_bestpractices.html#junitassertionsshouldincludemessage" priority="3">
JUnit assertions should include a message
</violation>
<violation beginline="551" endline="551" begincolumn="9" endcolumn="18" rule="JUnitAssertionsShouldIncludeMessage" ruleset="Best Practices" package="org.junit.tests.assertion" class="AssertionTest" method="same" externalInfoUrl="https://pmd.github.io/pmd/pmd_rules_java_bestpractices.html#junitassertionsshouldincludemessage" priority="3">
JUnit assertions should include a message
</violation>
<violation beginline="558" endline="558" begincolumn="9" endcolumn="21" rule="JUnitAssertionsShouldIncludeMessage" ruleset="Best Practices" package="org.junit.tests.assertion" class="AssertionTest" method="notSame" externalInfoUrl="https://pmd.github.io/pmd/pmd_rules_java_bestpractices.html#junitassertionsshouldincludemessage" priority="3">
JUnit assertions should include a message
</violation>
<violation beginline="563" endline="563" begincolumn="9" endcolumn="18" rule="JUnitAssertionsShouldIncludeMessage" ruleset="Best Practices" package="org.junit.tests.assertion" class="AssertionTest" method="objectsNotSame" externalInfoUrl="https://pmd.github.io/pmd/pmd_rules_java_bestpractices.html#junitassertionsshouldincludemessage" priority="3">
JUnit assertions should include a message
</violation>
<violation beginline="569" endline="569" begincolumn="9" endcolumn="21" rule="JUnitAssertionsShouldIncludeMessage" ruleset="Best Practices" package="org.junit.tests.assertion" class="AssertionTest" method="objectsAreSame" externalInfoUrl="https://pmd.github.io/pmd/pmd_rules_java_bestpractices.html#junitassertionsshouldincludemessage" priority="3">
JUnit assertions should include a message
</violation>
<violation beginline="573" endline="582" begincolumn="12" endcolumn="5" rule="JUnitTestContainsTooManyAsserts" ruleset="Best Practices" package="org.junit.tests.assertion" class="AssertionTest" method="sameWithMessage" externalInfoUrl="https://pmd.github.io/pmd/pmd_rules_java_bestpractices.html#junittestcontainstoomanyasserts" priority="3">
Unit tests should not contain more than 1 assert(s).
</violation>
<violation beginline="577" endline="577" begincolumn="13" endcolumn="24" rule="JUnitAssertionsShouldIncludeMessage" ruleset="Best Practices" package="org.junit.tests.assertion" class="AssertionTest" method="sameWithMessage" externalInfoUrl="https://pmd.github.io/pmd/pmd_rules_java_bestpractices.html#junitassertionsshouldincludemessage" priority="3">
JUnit assertions should include a message
</violation>
<violation beginline="585" endline="593" begincolumn="12" endcolumn="5" rule="JUnitTestContainsTooManyAsserts" ruleset="Best Practices" package="org.junit.tests.assertion" class="AssertionTest" method="sameNullMessage" externalInfoUrl="https://pmd.github.io/pmd/pmd_rules_java_bestpractices.html#junittestcontainstoomanyasserts" priority="3">
Unit tests should not contain more than 1 assert(s).
</violation>
<violation beginline="587" endline="587" begincolumn="13" endcolumn="22" rule="JUnitAssertionsShouldIncludeMessage" ruleset="Best Practices" package="org.junit.tests.assertion" class="AssertionTest" method="sameNullMessage" externalInfoUrl="https://pmd.github.io/pmd/pmd_rules_java_bestpractices.html#junitassertionsshouldincludemessage" priority="3">
JUnit assertions should include a message
</violation>
<violation beginline="589" endline="589" begincolumn="13" endcolumn="24" rule="JUnitAssertionsShouldIncludeMessage" ruleset="Best Practices" package="org.junit.tests.assertion" class="AssertionTest" method="sameNullMessage" externalInfoUrl="https://pmd.github.io/pmd/pmd_rules_java_bestpractices.html#junitassertionsshouldincludemessage" priority="3">
JUnit assertions should include a message
</violation>
<violation beginline="596" endline="605" begincolumn="12" endcolumn="5" rule="JUnitTestContainsTooManyAsserts" ruleset="Best Practices" package="org.junit.tests.assertion" class="AssertionTest" method="notSameWithMessage" externalInfoUrl="https://pmd.github.io/pmd/pmd_rules_java_bestpractices.html#junittestcontainstoomanyasserts" priority="3">
Unit tests should not contain more than 1 assert(s).
</violation>
<violation beginline="601" endline="601" begincolumn="13" endcolumn="24" rule="JUnitAssertionsShouldIncludeMessage" ruleset="Best Practices" package="org.junit.tests.assertion" class="AssertionTest" method="notSameWithMessage" externalInfoUrl="https://pmd.github.io/pmd/pmd_rules_java_bestpractices.html#junitassertionsshouldincludemessage" priority="3">
JUnit assertions should include a message
</violation>
<violation beginline="608" endline="617" begincolumn="12" endcolumn="5" rule="JUnitTestContainsTooManyAsserts" ruleset="Best Practices" package="org.junit.tests.assertion" class="AssertionTest" method="notSameNullMessage" externalInfoUrl="https://pmd.github.io/pmd/pmd_rules_java_bestpractices.html#junittestcontainstoomanyasserts" priority="3">
Unit tests should not contain more than 1 assert(s).
</violation>
<violation beginline="611" endline="611" begincolumn="13" endcolumn="25" rule="JUnitAssertionsShouldIncludeMessage" ruleset="Best Practices" package="org.junit.tests.assertion" class="AssertionTest" method="notSameNullMessage" externalInfoUrl="https://pmd.github.io/pmd/pmd_rules_java_bestpractices.html#junitassertionsshouldincludemessage" priority="3">
JUnit assertions should include a message
</violation>
<violation beginline="613" endline="613" begincolumn="13" endcolumn="24" rule="JUnitAssertionsShouldIncludeMessage" ruleset="Best Practices" package="org.junit.tests.assertion" class="AssertionTest" method="notSameNullMessage" externalInfoUrl="https://pmd.github.io/pmd/pmd_rules_java_bestpractices.html#junitassertionsshouldincludemessage" priority="3">
JUnit assertions should include a message
</violation>
<violation beginline="625" endline="625" begincolumn="13" endcolumn="22" rule="JUnitAssertionsShouldIncludeMessage" ruleset="Best Practices" package="org.junit.tests.assertion" class="AssertionTest" method="nullMessage" externalInfoUrl="https://pmd.github.io/pmd/pmd_rules_java_bestpractices.html#junitassertionsshouldincludemessage" priority="3">
JUnit assertions should include a message
</violation>
<violation beginline="632" endline="640" begincolumn="12" endcolumn="5" rule="JUnitTestContainsTooManyAsserts" ruleset="Best Practices" package="org.junit.tests.assertion" class="AssertionTest" method="nullMessageDisappearsWithStringAssertEquals" externalInfoUrl="https://pmd.github.io/pmd/pmd_rules_java_bestpractices.html#junittestcontainstoomanyasserts" priority="3">
Unit tests should not contain more than 1 assert(s).
</violation>
<violation beginline="636" endline="636" begincolumn="13" endcolumn="24" rule="JUnitAssertionsShouldIncludeMessage" ruleset="Best Practices" package="org.junit.tests.assertion" class="AssertionTest" method="nullMessageDisappearsWithStringAssertEquals" externalInfoUrl="https://pmd.github.io/pmd/pmd_rules_java_bestpractices.html#junitassertionsshouldincludemessage" priority="3">
JUnit assertions should include a message
</violation>
<violation beginline="643" endline="651" begincolumn="12" endcolumn="5" rule="JUnitTestContainsTooManyAsserts" ruleset="Best Practices" package="org.junit.tests.assertion" class="AssertionTest" method="nullMessageDisappearsWithAssertEquals" externalInfoUrl="https://pmd.github.io/pmd/pmd_rules_java_bestpractices.html#junittestcontainstoomanyasserts" priority="3">
Unit tests should not contain more than 1 assert(s).
</violation>
<violation beginline="647" endline="647" begincolumn="13" endcolumn="24" rule="JUnitAssertionsShouldIncludeMessage" ruleset="Best Practices" package="org.junit.tests.assertion" class="AssertionTest" method="nullMessageDisappearsWithAssertEquals" externalInfoUrl="https://pmd.github.io/pmd/pmd_rules_java_bestpractices.html#junitassertionsshouldincludemessage" priority="3">
JUnit assertions should include a message
</violation>
<violation beginline="657" endline="657" begincolumn="9" endcolumn="20" rule="JUnitAssertionsShouldIncludeMessage" ruleset="Best Practices" package="org.junit.tests.assertion" class="AssertionTest" method="arraysDeclaredAsObjectAreComparedAsObjects" externalInfoUrl="https://pmd.github.io/pmd/pmd_rules_java_bestpractices.html#junitassertionsshouldincludemessage" priority="3">
JUnit assertions should include a message
</violation>
<violation beginline="661" endline="676" begincolumn="12" endcolumn="5" rule="JUnitTestContainsTooManyAsserts" ruleset="Best Practices" package="org.junit.tests.assertion" class="AssertionTest" method="implicitTypecastEquality" externalInfoUrl="https://pmd.github.io/pmd/pmd_rules_java_bestpractices.html#junittestcontainstoomanyasserts" priority="3">
Unit tests should not contain more than 1 assert(s).
</violation>
<violation beginline="669" endline="669" begincolumn="9" endcolumn="20" rule="JUnitAssertionsShouldIncludeMessage" ruleset="Best Practices" package="org.junit.tests.assertion" class="AssertionTest" method="implicitTypecastEquality" externalInfoUrl="https://pmd.github.io/pmd/pmd_rules_java_bestpractices.html#junitassertionsshouldincludemessage" priority="3">
JUnit assertions should include a message
</violation>
<violation beginline="670" endline="670" begincolumn="9" endcolumn="20" rule="JUnitAssertionsShouldIncludeMessage" ruleset="Best Practices" package="org.junit.tests.assertion" class="AssertionTest" method="implicitTypecastEquality" externalInfoUrl="https://pmd.github.io/pmd/pmd_rules_java_bestpractices.html#junitassertionsshouldincludemessage" priority="3">
JUnit assertions should include a message
</violation>
<violation beginline="671" endline="671" begincolumn="9" endcolumn="20" rule="JUnitAssertionsShouldIncludeMessage" ruleset="Best Practices" package="org.junit.tests.assertion" class="AssertionTest" method="implicitTypecastEquality" externalInfoUrl="https://pmd.github.io/pmd/pmd_rules_java_bestpractices.html#junitassertionsshouldincludemessage" priority="3">
JUnit assertions should include a message
</violation>
<violation beginline="672" endline="672" begincolumn="9" endcolumn="20" rule="JUnitAssertionsShouldIncludeMessage" ruleset="Best Practices" package="org.junit.tests.assertion" class="AssertionTest" method="implicitTypecastEquality" externalInfoUrl="https://pmd.github.io/pmd/pmd_rules_java_bestpractices.html#junitassertionsshouldincludemessage" priority="3">
JUnit assertions should include a message
</violation>
<violation beginline="673" endline="673" begincolumn="9" endcolumn="20" rule="JUnitAssertionsShouldIncludeMessage" ruleset="Best Practices" package="org.junit.tests.assertion" class="AssertionTest" method="implicitTypecastEquality" externalInfoUrl="https://pmd.github.io/pmd/pmd_rules_java_bestpractices.html#junitassertionsshouldincludemessage" priority="3">
JUnit assertions should include a message
</violation>
<violation beginline="674" endline="674" begincolumn="9" endcolumn="20" rule="JUnitAssertionsShouldIncludeMessage" ruleset="Best Practices" package="org.junit.tests.assertion" class="AssertionTest" method="implicitTypecastEquality" externalInfoUrl="https://pmd.github.io/pmd/pmd_rules_java_bestpractices.html#junitassertionsshouldincludemessage" priority="3">
JUnit assertions should include a message
</violation>
<violation beginline="675" endline="675" begincolumn="9" endcolumn="20" rule="JUnitAssertionsShouldIncludeMessage" ruleset="Best Practices" package="org.junit.tests.assertion" class="AssertionTest" method="implicitTypecastEquality" externalInfoUrl="https://pmd.github.io/pmd/pmd_rules_java_bestpractices.html#junitassertionsshouldincludemessage" priority="3">
JUnit assertions should include a message
</violation>
<violation beginline="679" endline="687" begincolumn="12" endcolumn="5" rule="JUnitTestContainsTooManyAsserts" ruleset="Best Practices" package="org.junit.tests.assertion" class="AssertionTest" method="errorMessageDistinguishesDifferentValuesWithSameToString" externalInfoUrl="https://pmd.github.io/pmd/pmd_rules_java_bestpractices.html#junittestcontainstoomanyasserts" priority="3">
Unit tests should not contain more than 1 assert(s).
</violation>
<violation beginline="681" endline="681" begincolumn="13" endcolumn="24" rule="JUnitAssertionsShouldIncludeMessage" ruleset="Best Practices" package="org.junit.tests.assertion" class="AssertionTest" method="errorMessageDistinguishesDifferentValuesWithSameToString" externalInfoUrl="https://pmd.github.io/pmd/pmd_rules_java_bestpractices.html#junitassertionsshouldincludemessage" priority="3">
JUnit assertions should include a message
</violation>
<violation beginline="683" endline="683" begincolumn="13" endcolumn="24" rule="JUnitAssertionsShouldIncludeMessage" ruleset="Best Practices" package="org.junit.tests.assertion" class="AssertionTest" method="errorMessageDistinguishesDifferentValuesWithSameToString" externalInfoUrl="https://pmd.github.io/pmd/pmd_rules_java_bestpractices.html#junitassertionsshouldincludemessage" priority="3">
JUnit assertions should include a message
</violation>
<violation beginline="690" endline="703" begincolumn="12" endcolumn="5" rule="JUnitTestContainsTooManyAsserts" ruleset="Best Practices" package="org.junit.tests.assertion" class="AssertionTest" method="assertThatIncludesDescriptionOfTestedValueInErrorMessage" externalInfoUrl="https://pmd.github.io/pmd/pmd_rules_java_bestpractices.html#junittestcontainstoomanyasserts" priority="3">
Unit tests should not contain more than 1 assert(s).
</violation>
<violation beginline="699" endline="699" begincolumn="13" endcolumn="24" rule="JUnitAssertionsShouldIncludeMessage" ruleset="Best Practices" package="org.junit.tests.assertion" class="AssertionTest" method="assertThatIncludesDescriptionOfTestedValueInErrorMessage" externalInfoUrl="https://pmd.github.io/pmd/pmd_rules_java_bestpractices.html#junitassertionsshouldincludemessage" priority="3">
JUnit assertions should include a message
</violation>
<violation beginline="706" endline="716" begincolumn="12" endcolumn="5" rule="JUnitTestContainsTooManyAsserts" ruleset="Best Practices" package="org.junit.tests.assertion" class="AssertionTest" method="assertThatIncludesAdvancedMismatch" externalInfoUrl="https://pmd.github.io/pmd/pmd_rules_java_bestpractices.html#junittestcontainstoomanyasserts" priority="3">
Unit tests should not contain more than 1 assert(s).
</violation>
<violation beginline="712" endline="712" begincolumn="13" endcolumn="24" rule="JUnitAssertionsShouldIncludeMessage" ruleset="Best Practices" package="org.junit.tests.assertion" class="AssertionTest" method="assertThatIncludesAdvancedMismatch" externalInfoUrl="https://pmd.github.io/pmd/pmd_rules_java_bestpractices.html#junitassertionsshouldincludemessage" priority="3">
JUnit assertions should include a message
</violation>
<violation beginline="719" endline="732" begincolumn="12" endcolumn="5" rule="JUnitTestContainsTooManyAsserts" ruleset="Best Practices" package="org.junit.tests.assertion" class="AssertionTest" method="assertThatDescriptionCanBeElided" externalInfoUrl="https://pmd.github.io/pmd/pmd_rules_java_bestpractices.html#junittestcontainstoomanyasserts" priority="3">
Unit tests should not contain more than 1 assert(s).
</violation>
<violation beginline="726" endline="726" begincolumn="13" endcolumn="22" rule="JUnitAssertionsShouldIncludeMessage" ruleset="Best Practices" package="org.junit.tests.assertion" class="AssertionTest" method="assertThatDescriptionCanBeElided" externalInfoUrl="https://pmd.github.io/pmd/pmd_rules_java_bestpractices.html#junitassertionsshouldincludemessage" priority="3">
JUnit assertions should include a message
</violation>
<violation beginline="728" endline="728" begincolumn="13" endcolumn="24" rule="JUnitAssertionsShouldIncludeMessage" ruleset="Best Practices" package="org.junit.tests.assertion" class="AssertionTest" method="assertThatDescriptionCanBeElided" externalInfoUrl="https://pmd.github.io/pmd/pmd_rules_java_bestpractices.html#junitassertionsshouldincludemessage" priority="3">
JUnit assertions should include a message
</violation>
<violation beginline="735" endline="743" begincolumn="12" endcolumn="5" rule="JUnitTestContainsTooManyAsserts" ruleset="Best Practices" package="org.junit.tests.assertion" class="AssertionTest" method="nullAndStringNullPrintCorrectError" externalInfoUrl="https://pmd.github.io/pmd/pmd_rules_java_bestpractices.html#junittestcontainstoomanyasserts" priority="3">
Unit tests should not contain more than 1 assert(s).
</violation>
<violation beginline="737" endline="737" begincolumn="13" endcolumn="24" rule="JUnitAssertionsShouldIncludeMessage" ruleset="Best Practices" package="org.junit.tests.assertion" class="AssertionTest" method="nullAndStringNullPrintCorrectError" externalInfoUrl="https://pmd.github.io/pmd/pmd_rules_java_bestpractices.html#junitassertionsshouldincludemessage" priority="3">
JUnit assertions should include a message
</violation>
<violation beginline="739" endline="739" begincolumn="13" endcolumn="24" rule="JUnitAssertionsShouldIncludeMessage" ruleset="Best Practices" package="org.junit.tests.assertion" class="AssertionTest" method="nullAndStringNullPrintCorrectError" externalInfoUrl="https://pmd.github.io/pmd/pmd_rules_java_bestpractices.html#junitassertionsshouldincludemessage" priority="3">
JUnit assertions should include a message
</violation>
<violation beginline="747" endline="747" begincolumn="9" endcolumn="20" rule="JUnitAssertionsShouldIncludeMessage" ruleset="Best Practices" package="org.junit.tests.assertion" class="AssertionTest" method="stringNullAndNullWorksToo" externalInfoUrl="https://pmd.github.io/pmd/pmd_rules_java_bestpractices.html#junitassertionsshouldincludemessage" priority="3">
JUnit assertions should include a message
</violation>
<violation beginline="758" endline="769" begincolumn="12" endcolumn="5" rule="JUnitTestContainsTooManyAsserts" ruleset="Best Practices" package="org.junit.tests.assertion" class="AssertionTest" method="nullToString" externalInfoUrl="https://pmd.github.io/pmd/pmd_rules_java_bestpractices.html#junittestcontainstoomanyasserts" priority="3">
Unit tests should not contain more than 1 assert(s).
</violation>
<violation beginline="760" endline="760" begincolumn="13" endcolumn="24" rule="JUnitAssertionsShouldIncludeMessage" ruleset="Best Practices" package="org.junit.tests.assertion" class="AssertionTest" method="nullToString" externalInfoUrl="https://pmd.github.io/pmd/pmd_rules_java_bestpractices.html#junitassertionsshouldincludemessage" priority="3">
JUnit assertions should include a message
</violation>
<violation beginline="762" endline="762" begincolumn="13" endcolumn="24" rule="JUnitAssertionsShouldIncludeMessage" ruleset="Best Practices" package="org.junit.tests.assertion" class="AssertionTest" method="nullToString" externalInfoUrl="https://pmd.github.io/pmd/pmd_rules_java_bestpractices.html#junitassertionsshouldincludemessage" priority="3">
JUnit assertions should include a message
</violation>
<violation beginline="775" endline="775" begincolumn="9" endcolumn="20" rule="JUnitAssertionsShouldIncludeMessage" ruleset="Best Practices" package="org.junit.tests.assertion" class="AssertionTest" method="compareBigDecimalAndInteger" externalInfoUrl="https://pmd.github.io/pmd/pmd_rules_java_bestpractices.html#junitassertionsshouldincludemessage" priority="3">
JUnit assertions should include a message
</violation>
<violation beginline="790" endline="803" begincolumn="12" endcolumn="5" rule="JUnitTestContainsTooManyAsserts" ruleset="Best Practices" package="org.junit.tests.assertion" class="AssertionTest" method="assertNotEqualsIncludesCorrectMessage" externalInfoUrl="https://pmd.github.io/pmd/pmd_rules_java_bestpractices.html#junittestcontainstoomanyasserts" priority="3">
Unit tests should not contain more than 1 assert(s).
</violation>
<violation beginline="793" endline="793" begincolumn="26" endcolumn="57" rule="AvoidDuplicateLiterals" ruleset="Error Prone" package="org.junit.tests.assertion" class="AssertionTest" method="assertNotEqualsIncludesCorrectMessage" externalInfoUrl="https://pmd.github.io/pmd/pmd_rules_java_errorprone.html#avoidduplicateliterals" priority="3">
The String literal "The values should be different" appears 4 times in this file; the first occurrence is on line 793
</violation>
<violation beginline="798" endline="798" begincolumn="13" endcolumn="24" rule="JUnitAssertionsShouldIncludeMessage" ruleset="Best Practices" package="org.junit.tests.assertion" class="AssertionTest" method="assertNotEqualsIncludesCorrectMessage" externalInfoUrl="https://pmd.github.io/pmd/pmd_rules_java_bestpractices.html#junitassertionsshouldincludemessage" priority="3">
JUnit assertions should include a message
</violation>
<violation beginline="806" endline="818" begincolumn="12" endcolumn="5" rule="JUnitTestContainsTooManyAsserts" ruleset="Best Practices" package="org.junit.tests.assertion" class="AssertionTest" method="assertNotEqualsIncludesTheValueBeingTested" externalInfoUrl="https://pmd.github.io/pmd/pmd_rules_java_bestpractices.html#junittestcontainstoomanyasserts" priority="3">
Unit tests should not contain more than 1 assert(s).
</violation>
<violation beginline="813" endline="813" begincolumn="13" endcolumn="22" rule="JUnitAssertionsShouldIncludeMessage" ruleset="Best Practices" package="org.junit.tests.assertion" class="AssertionTest" method="assertNotEqualsIncludesTheValueBeingTested" externalInfoUrl="https://pmd.github.io/pmd/pmd_rules_java_bestpractices.html#junitassertionsshouldincludemessage" priority="3">
JUnit assertions should include a message
</violation>
<violation beginline="821" endline="828" begincolumn="12" endcolumn="5" rule="JUnitTestContainsTooManyAsserts" ruleset="Best Practices" package="org.junit.tests.assertion" class="AssertionTest" method="assertNotEqualsWorksWithPrimitiveTypes" externalInfoUrl="https://pmd.github.io/pmd/pmd_rules_java_bestpractices.html#junittestcontainstoomanyasserts" priority="3">
Unit tests should not contain more than 1 assert(s).
</violation>
<violation beginline="856" endline="864" begincolumn="12" endcolumn="5" rule="JUnitTestContainsTooManyAsserts" ruleset="Best Practices" package="org.junit.tests.assertion" class="AssertionTest" method="assertThrowsIncludesAnInformativeDefaultMessage" externalInfoUrl="https://pmd.github.io/pmd/pmd_rules_java_bestpractices.html#junittestcontainstoomanyasserts" priority="3">
Unit tests should not contain more than 1 assert(s).
</violation>
<violation beginline="860" endline="860" begincolumn="13" endcolumn="24" rule="JUnitAssertionsShouldIncludeMessage" ruleset="Best Practices" package="org.junit.tests.assertion" class="AssertionTest" method="assertThrowsIncludesAnInformativeDefaultMessage" externalInfoUrl="https://pmd.github.io/pmd/pmd_rules_java_bestpractices.html#junitassertionsshouldincludemessage" priority="3">
JUnit assertions should include a message
</violation>
<violation beginline="867" endline="877" begincolumn="12" endcolumn="5" rule="JUnitTestContainsTooManyAsserts" ruleset="Best Practices" package="org.junit.tests.assertion" class="AssertionTest" method="assertThrowsIncludesTheSpecifiedMessage" externalInfoUrl="https://pmd.github.io/pmd/pmd_rules_java_bestpractices.html#junittestcontainstoomanyasserts" priority="3">
Unit tests should not contain more than 1 assert(s).
</violation>
<violation beginline="871" endline="871" begincolumn="13" endcolumn="24" rule="JUnitAssertionsShouldIncludeMessage" ruleset="Best Practices" package="org.junit.tests.assertion" class="AssertionTest" method="assertThrowsIncludesTheSpecifiedMessage" externalInfoUrl="https://pmd.github.io/pmd/pmd_rules_java_bestpractices.html#junitassertionsshouldincludemessage" priority="3">
JUnit assertions should include a message
</violation>
<violation beginline="880" endline="886" begincolumn="12" endcolumn="5" rule="JUnitTestContainsTooManyAsserts" ruleset="Best Practices" package="org.junit.tests.assertion" class="AssertionTest" method="assertThrowsReturnsTheSameObjectThrown" externalInfoUrl="https://pmd.github.io/pmd/pmd_rules_java_bestpractices.html#junittestcontainstoomanyasserts" priority="3">
Unit tests should not contain more than 1 assert(s).
</violation>
<violation beginline="885" endline="885" begincolumn="9" endcolumn="18" rule="JUnitAssertionsShouldIncludeMessage" ruleset="Best Practices" package="org.junit.tests.assertion" class="AssertionTest" method="assertThrowsReturnsTheSameObjectThrown" externalInfoUrl="https://pmd.github.io/pmd/pmd_rules_java_bestpractices.html#junitassertionsshouldincludemessage" priority="3">
JUnit assertions should include a message
</violation>
<violation beginline="896" endline="907" begincolumn="12" endcolumn="5" rule="JUnitTestContainsTooManyAsserts" ruleset="Best Practices" package="org.junit.tests.assertion" class="AssertionTest" method="assertThrowsWrapsAndPropagatesUnexpectedExceptions" externalInfoUrl="https://pmd.github.io/pmd/pmd_rules_java_bestpractices.html#junittestcontainstoomanyasserts" priority="3">
Unit tests should not contain more than 1 assert(s).
</violation>
<violation beginline="902" endline="902" begincolumn="13" endcolumn="22" rule="JUnitAssertionsShouldIncludeMessage" ruleset="Best Practices" package="org.junit.tests.assertion" class="AssertionTest" method="assertThrowsWrapsAndPropagatesUnexpectedExceptions" externalInfoUrl="https://pmd.github.io/pmd/pmd_rules_java_bestpractices.html#junitassertionsshouldincludemessage" priority="3">
JUnit assertions should include a message
</violation>
<violation beginline="903" endline="903" begincolumn="13" endcolumn="24" rule="JUnitAssertionsShouldIncludeMessage" ruleset="Best Practices" package="org.junit.tests.assertion" class="AssertionTest" method="assertThrowsWrapsAndPropagatesUnexpectedExceptions" externalInfoUrl="https://pmd.github.io/pmd/pmd_rules_java_bestpractices.html#junitassertionsshouldincludemessage" priority="3">
JUnit assertions should include a message
</violation>
<violation beginline="910" endline="922" begincolumn="12" endcolumn="5" rule="JUnitTestContainsTooManyAsserts" ruleset="Best Practices" package="org.junit.tests.assertion" class="AssertionTest" method="assertThrowsSuppliesACoherentErrorMessageUponTypeMismatch" externalInfoUrl="https://pmd.github.io/pmd/pmd_rules_java_bestpractices.html#junittestcontainstoomanyasserts" priority="3">
Unit tests should not contain more than 1 assert(s).
</violation>
<violation beginline="916" endline="916" begincolumn="13" endcolumn="24" rule="JUnitAssertionsShouldIncludeMessage" ruleset="Best Practices" package="org.junit.tests.assertion" class="AssertionTest" method="assertThrowsSuppliesACoherentErrorMessageUponTypeMismatch" externalInfoUrl="https://pmd.github.io/pmd/pmd_rules_java_bestpractices.html#junitassertionsshouldincludemessage" priority="3">
JUnit assertions should include a message
</violation>
<violation beginline="918" endline="918" begincolumn="13" endcolumn="22" rule="JUnitAssertionsShouldIncludeMessage" ruleset="Best Practices" package="org.junit.tests.assertion" class="AssertionTest" method="assertThrowsSuppliesACoherentErrorMessageUponTypeMismatch" externalInfoUrl="https://pmd.github.io/pmd/pmd_rules_java_bestpractices.html#junitassertionsshouldincludemessage" priority="3">
JUnit assertions should include a message
</violation>
<violation beginline="925" endline="937" begincolumn="12" endcolumn="5" rule="JUnitTestContainsTooManyAsserts" ruleset="Best Practices" package="org.junit.tests.assertion" class="AssertionTest" method="assertThrowsSuppliesTheSpecifiedMessageUponTypeMismatch" externalInfoUrl="https://pmd.github.io/pmd/pmd_rules_java_bestpractices.html#junittestcontainstoomanyasserts" priority="3">
Unit tests should not contain more than 1 assert(s).
</violation>
<violation beginline="931" endline="931" begincolumn="13" endcolumn="24" rule="JUnitAssertionsShouldIncludeMessage" ruleset="Best Practices" package="org.junit.tests.assertion" class="AssertionTest" method="assertThrowsSuppliesTheSpecifiedMessageUponTypeMismatch" externalInfoUrl="https://pmd.github.io/pmd/pmd_rules_java_bestpractices.html#junitassertionsshouldincludemessage" priority="3">
JUnit assertions should include a message
</violation>
<violation beginline="933" endline="933" begincolumn="13" endcolumn="22" rule="JUnitAssertionsShouldIncludeMessage" ruleset="Best Practices" package="org.junit.tests.assertion" class="AssertionTest" method="assertThrowsSuppliesTheSpecifiedMessageUponTypeMismatch" externalInfoUrl="https://pmd.github.io/pmd/pmd_rules_java_bestpractices.html#junitassertionsshouldincludemessage" priority="3">
JUnit assertions should include a message
</violation>
<violation beginline="940" endline="954" begincolumn="12" endcolumn="5" rule="JUnitTestContainsTooManyAsserts" ruleset="Best Practices" package="org.junit.tests.assertion" class="AssertionTest" method="assertThrowsUsesCanonicalNameUponTypeMismatch" externalInfoUrl="https://pmd.github.io/pmd/pmd_rules_java_bestpractices.html#junittestcontainstoomanyasserts" priority="3">
Unit tests should not contain more than 1 assert(s).
</violation>
<violation beginline="946" endline="946" begincolumn="13" endcolumn="24" rule="JUnitAssertionsShouldIncludeMessage" ruleset="Best Practices" package="org.junit.tests.assertion" class="AssertionTest" method="assertThrowsUsesCanonicalNameUponTypeMismatch" externalInfoUrl="https://pmd.github.io/pmd/pmd_rules_java_bestpractices.html#junitassertionsshouldincludemessage" priority="3">
JUnit assertions should include a message
</violation>
<violation beginline="950" endline="950" begincolumn="13" endcolumn="22" rule="JUnitAssertionsShouldIncludeMessage" ruleset="Best Practices" package="org.junit.tests.assertion" class="AssertionTest" method="assertThrowsUsesCanonicalNameUponTypeMismatch" externalInfoUrl="https://pmd.github.io/pmd/pmd_rules_java_bestpractices.html#junitassertionsshouldincludemessage" priority="3">
JUnit assertions should include a message
</violation>
<violation beginline="957" endline="972" begincolumn="12" endcolumn="5" rule="JUnitTestContainsTooManyAsserts" ruleset="Best Practices" package="org.junit.tests.assertion" class="AssertionTest" method="assertThrowsUsesNameUponTypeMismatchWithAnonymousClass" externalInfoUrl="https://pmd.github.io/pmd/pmd_rules_java_bestpractices.html#junittestcontainstoomanyasserts" priority="3">
Unit tests should not contain more than 1 assert(s).
</violation>
<violation beginline="964" endline="964" begincolumn="13" endcolumn="24" rule="JUnitAssertionsShouldIncludeMessage" ruleset="Best Practices" package="org.junit.tests.assertion" class="AssertionTest" method="assertThrowsUsesNameUponTypeMismatchWithAnonymousClass" externalInfoUrl="https://pmd.github.io/pmd/pmd_rules_java_bestpractices.html#junitassertionsshouldincludemessage" priority="3">
JUnit assertions should include a message
</violation>
<violation beginline="968" endline="968" begincolumn="13" endcolumn="22" rule="JUnitAssertionsShouldIncludeMessage" ruleset="Best Practices" package="org.junit.tests.assertion" class="AssertionTest" method="assertThrowsUsesNameUponTypeMismatchWithAnonymousClass" externalInfoUrl="https://pmd.github.io/pmd/pmd_rules_java_bestpractices.html#junitassertionsshouldincludemessage" priority="3">
JUnit assertions should include a message
</violation>
<violation beginline="975" endline="985" begincolumn="12" endcolumn="5" rule="JUnitTestContainsTooManyAsserts" ruleset="Best Practices" package="org.junit.tests.assertion" class="AssertionTest" method="assertThrowsUsesCanonicalNameWhenRequiredExceptionNotThrown" externalInfoUrl="https://pmd.github.io/pmd/pmd_rules_java_bestpractices.html#junittestcontainstoomanyasserts" priority="3">
Unit tests should not contain more than 1 assert(s).
</violation>
<violation beginline="979" endline="979" begincolumn="13" endcolumn="24" rule="JUnitAssertionsShouldIncludeMessage" ruleset="Best Practices" package="org.junit.tests.assertion" class="AssertionTest" method="assertThrowsUsesCanonicalNameWhenRequiredExceptionNotThrown" externalInfoUrl="https://pmd.github.io/pmd/pmd_rules_java_bestpractices.html#junitassertionsshouldincludemessage" priority="3">
JUnit assertions should include a message
</violation>
<violation beginline="993" endline="994" begincolumn="48" endcolumn="13" rule="UncommentedEmptyMethodBody" ruleset="Documentation" package="org.junit.tests.assertion" class="AssertionTest" method="run" externalInfoUrl="https://pmd.github.io/pmd/pmd_rules_java_documentation.html#uncommentedemptymethodbody" priority="3">
Document empty method body
</violation>
</file>
<file name="C:\Users\Deyan\Downloads\junit4-r4.13.2\src\test\java\org\junit\tests\assertion\ComparisonFailureTest.java">
<violation beginline="17" endline="17" begincolumn="27" endcolumn="32" rule="ImmutableField" ruleset="Design" package="org.junit.tests.assertion" class="ComparisonFailureTest" variable="actual" externalInfoUrl="https://pmd.github.io/pmd/pmd_rules_java_design.html#immutablefield" priority="3">
Private field 'actual' could be made final; it is only initialized in the declaration or constructor.
</violation>
<violation beginline="17" endline="17" begincolumn="17" endcolumn="24" rule="ImmutableField" ruleset="Design" package="org.junit.tests.assertion" class="ComparisonFailureTest" variable="expected" externalInfoUrl="https://pmd.github.io/pmd/pmd_rules_java_design.html#immutablefield" priority="3">
Private field 'expected' could be made final; it is only initialized in the declaration or constructor.
</violation>
<violation beginline="17" endline="17" begincolumn="35" endcolumn="41" rule="ImmutableField" ruleset="Design" package="org.junit.tests.assertion" class="ComparisonFailureTest" variable="message" externalInfoUrl="https://pmd.github.io/pmd/pmd_rules_java_design.html#immutablefield" priority="3">
Private field 'message' could be made final; it is only initialized in the declaration or constructor.
</violation>
<violation beginline="17" endline="17" begincolumn="10" endcolumn="42" rule="OneDeclarationPerLine" ruleset="Best Practices" package="org.junit.tests.assertion" class="ComparisonFailureTest" variable="VariableDeclaratorId, VariableDeclaratorId, VariableDeclaratorId" externalInfoUrl="https://pmd.github.io/pmd/pmd_rules_java_bestpractices.html#onedeclarationperline" priority="4">
Use one line for each declaration, it enhances code readability.
</violation>
<violation beginline="38" endline="38" begincolumn="6" endcolumn="10" rule="AvoidDuplicateLiterals" ruleset="Error Prone" package="org.junit.tests.assertion" class="ComparisonFailureTest" method="data" externalInfoUrl="https://pmd.github.io/pmd/pmd_rules_java_errorprone.html#avoidduplicateliterals" priority="3">
The String literal "abc" appears 4 times in this file; the first occurrence is on line 38
</violation>
<violation beginline="75" endline="75" begincolumn="3" endcolumn="14" rule="JUnitAssertionsShouldIncludeMessage" ruleset="Best Practices" package="org.junit.tests.assertion" class="ComparisonFailureTest" method="compactFailureMessage" externalInfoUrl="https://pmd.github.io/pmd/pmd_rules_java_bestpractices.html#junitassertionsshouldincludemessage" priority="3">
JUnit assertions should include a message
</violation>
</file>
<file name="C:\Users\Deyan\Downloads\junit4-r4.13.2\src\test\java\org\junit\tests\assertion\MultipleFailureExceptionTest.java">
<violation beginline="1" endline="118" begincolumn="1" endcolumn="2" rule="TooManyStaticImports" ruleset="Code Style" package="org.junit.tests.assertion" class="MultipleFailureExceptionTest" externalInfoUrl="https://pmd.github.io/pmd/pmd_rules_java_codestyle.html#toomanystaticimports" priority="3">
Too many static imports may lead to messy code
</violation>
<violation beginline="32" endline="32" begincolumn="62" endcolumn="70" rule="SignatureDeclareThrowsException" ruleset="Design" package="org.junit.tests.assertion" class="MultipleFailureExceptionTest" method="assertEmptyDoesNotThrowForEmptyList" externalInfoUrl="https://pmd.github.io/pmd/pmd_rules_java_design.html#signaturedeclarethrowsexception" priority="3">
A method/constructor should not explicitly throw java.lang.Exception
</violation>
<violation beginline="32" endline="34" begincolumn="12" endcolumn="5" rule="JUnitTestsShouldIncludeAssert" ruleset="Best Practices" package="org.junit.tests.assertion" class="MultipleFailureExceptionTest" method="assertEmptyDoesNotThrowForEmptyList" externalInfoUrl="https://pmd.github.io/pmd/pmd_rules_java_bestpractices.html#junittestsshouldincludeassert" priority="3">
JUnit tests should include assert() or fail()
</violation>
<violation beginline="37" endline="37" begincolumn="68" endcolumn="76" rule="SignatureDeclareThrowsException" ruleset="Design" package="org.junit.tests.assertion" class="MultipleFailureExceptionTest" method="assertEmptyRethrowsSingleRuntimeException" externalInfoUrl="https://pmd.github.io/pmd/pmd_rules_java_design.html#signaturedeclarethrowsexception" priority="3">
A method/constructor should not explicitly throw java.lang.Exception
</violation>
<violation beginline="42" endline="42" begincolumn="13" endcolumn="16" rule="JUnitAssertionsShouldIncludeMessage" ruleset="Best Practices" package="org.junit.tests.assertion" class="MultipleFailureExceptionTest" method="assertEmptyRethrowsSingleRuntimeException" externalInfoUrl="https://pmd.github.io/pmd/pmd_rules_java_bestpractices.html#junitassertionsshouldincludemessage" priority="3">
JUnit assertions should include a message
</violation>
<violation beginline="44" endline="44" begincolumn="13" endcolumn="22" rule="JUnitAssertionsShouldIncludeMessage" ruleset="Best Practices" package="org.junit.tests.assertion" class="MultipleFailureExceptionTest" method="assertEmptyRethrowsSingleRuntimeException" externalInfoUrl="https://pmd.github.io/pmd/pmd_rules_java_bestpractices.html#junitassertionsshouldincludemessage" priority="3">
JUnit assertions should include a message
</violation>
<violation beginline="49" endline="49" begincolumn="57" endcolumn="65" rule="SignatureDeclareThrowsException" ruleset="Design" package="org.junit.tests.assertion" class="MultipleFailureExceptionTest" method="assertEmptyRethrowsSingleError" externalInfoUrl="https://pmd.github.io/pmd/pmd_rules_java_design.html#signaturedeclarethrowsexception" priority="3">
A method/constructor should not explicitly throw java.lang.Exception
</violation>
<violation beginline="54" endline="54" begincolumn="13" endcolumn="16" rule="JUnitAssertionsShouldIncludeMessage" ruleset="Best Practices" package="org.junit.tests.assertion" class="MultipleFailureExceptionTest" method="assertEmptyRethrowsSingleError" externalInfoUrl="https://pmd.github.io/pmd/pmd_rules_java_bestpractices.html#junitassertionsshouldincludemessage" priority="3">
JUnit assertions should include a message
</violation>
<violation beginline="56" endline="56" begincolumn="13" endcolumn="22" rule="JUnitAssertionsShouldIncludeMessage" ruleset="Best Practices" package="org.junit.tests.assertion" class="MultipleFailureExceptionTest" method="assertEmptyRethrowsSingleError" externalInfoUrl="https://pmd.github.io/pmd/pmd_rules_java_bestpractices.html#junitassertionsshouldincludemessage" priority="3">
JUnit assertions should include a message
</violation>
<violation beginline="61" endline="61" begincolumn="85" endcolumn="93" rule="SignatureDeclareThrowsException" ruleset="Design" package="org.junit.tests.assertion" class="MultipleFailureExceptionTest" method="assertEmptyThrowsMultipleFailureExceptionForManyThrowables" externalInfoUrl="https://pmd.github.io/pmd/pmd_rules_java_design.html#signaturedeclarethrowsexception" priority="3">
A method/constructor should not explicitly throw java.lang.Exception
</violation>
<violation beginline="61" endline="75" begincolumn="12" endcolumn="5" rule="JUnitTestContainsTooManyAsserts" ruleset="Best Practices" package="org.junit.tests.assertion" class="MultipleFailureExceptionTest" method="assertEmptyThrowsMultipleFailureExceptionForManyThrowables" externalInfoUrl="https://pmd.github.io/pmd/pmd_rules_java_bestpractices.html#junittestcontainstoomanyasserts" priority="3">
Unit tests should not contain more than 1 assert(s).
</violation>
<violation beginline="62" endline="62" begincolumn="34" endcolumn="59" rule="UseDiamondOperator" ruleset="Code Style" package="org.junit.tests.assertion" class="MultipleFailureExceptionTest" method="assertEmptyThrowsMultipleFailureExceptionForManyThrowables" externalInfoUrl="https://pmd.github.io/pmd/pmd_rules_java_codestyle.html#usediamondoperator" priority="3">
Explicit type arguments can be replaced by Diamond Operator
</violation>
<violation beginline="68" endline="68" begincolumn="13" endcolumn="16" rule="JUnitAssertionsShouldIncludeMessage" ruleset="Best Practices" package="org.junit.tests.assertion" class="MultipleFailureExceptionTest" method="assertEmptyThrowsMultipleFailureExceptionForManyThrowables" externalInfoUrl="https://pmd.github.io/pmd/pmd_rules_java_bestpractices.html#junitassertionsshouldincludemessage" priority="3">
JUnit assertions should include a message
</violation>
<violation beginline="70" endline="70" begincolumn="13" endcolumn="22" rule="JUnitAssertionsShouldIncludeMessage" ruleset="Best Practices" package="org.junit.tests.assertion" class="MultipleFailureExceptionTest" method="assertEmptyThrowsMultipleFailureExceptionForManyThrowables" externalInfoUrl="https://pmd.github.io/pmd/pmd_rules_java_bestpractices.html#junitassertionsshouldincludemessage" priority="3">
JUnit assertions should include a message
</violation>
<violation beginline="71" endline="71" begincolumn="13" endcolumn="22" rule="JUnitAssertionsShouldIncludeMessage" ruleset="Best Practices" package="org.junit.tests.assertion" class="MultipleFailureExceptionTest" method="assertEmptyThrowsMultipleFailureExceptionForManyThrowables" externalInfoUrl="https://pmd.github.io/pmd/pmd_rules_java_bestpractices.html#junitassertionsshouldincludemessage" priority="3">
JUnit assertions should include a message
</violation>
<violation beginline="72" endline="72" begincolumn="13" endcolumn="22" rule="JUnitAssertionsShouldIncludeMessage" ruleset="Best Practices" package="org.junit.tests.assertion" class="MultipleFailureExceptionTest" method="assertEmptyThrowsMultipleFailureExceptionForManyThrowables" externalInfoUrl="https://pmd.github.io/pmd/pmd_rules_java_bestpractices.html#junitassertionsshouldincludemessage" priority="3">
JUnit assertions should include a message
</violation>
<violation beginline="73" endline="73" begincolumn="13" endcolumn="22" rule="JUnitAssertionsShouldIncludeMessage" ruleset="Best Practices" package="org.junit.tests.assertion" class="MultipleFailureExceptionTest" method="assertEmptyThrowsMultipleFailureExceptionForManyThrowables" externalInfoUrl="https://pmd.github.io/pmd/pmd_rules_java_bestpractices.html#junitassertionsshouldincludemessage" priority="3">
JUnit assertions should include a message
</violation>
<violation beginline="81" endline="81" begincolumn="13" endcolumn="16" rule="JUnitAssertionsShouldIncludeMessage" ruleset="Best Practices" package="org.junit.tests.assertion" class="MultipleFailureExceptionTest" method="assertEmptyErrorListConstructorFailure" externalInfoUrl="https://pmd.github.io/pmd/pmd_rules_java_bestpractices.html#junitassertionsshouldincludemessage" priority="3">
JUnit assertions should include a message
</violation>
<violation beginline="83" endline="83" begincolumn="13" endcolumn="22" rule="JUnitAssertionsShouldIncludeMessage" ruleset="Best Practices" package="org.junit.tests.assertion" class="MultipleFailureExceptionTest" method="assertEmptyErrorListConstructorFailure" externalInfoUrl="https://pmd.github.io/pmd/pmd_rules_java_bestpractices.html#junitassertionsshouldincludemessage" priority="3">
JUnit assertions should include a message
</violation>
<violation beginline="89" endline="89" begincolumn="78" endcolumn="86" rule="SignatureDeclareThrowsException" ruleset="Design" package="org.junit.tests.assertion" class="MultipleFailureExceptionTest" method="assertEmptyWrapsAssumptionFailuresForManyThrowables" externalInfoUrl="https://pmd.github.io/pmd/pmd_rules_java_design.html#signaturedeclarethrowsexception" priority="3">
A method/constructor should not explicitly throw java.lang.Exception
</violation>
<violation beginline="89" endline="109" begincolumn="12" endcolumn="5" rule="JUnitTestContainsTooManyAsserts" ruleset="Best Practices" package="org.junit.tests.assertion" class="MultipleFailureExceptionTest" method="assertEmptyWrapsAssumptionFailuresForManyThrowables" externalInfoUrl="https://pmd.github.io/pmd/pmd_rules_java_bestpractices.html#junittestcontainstoomanyasserts" priority="3">
Unit tests should not contain more than 1 assert(s).
</violation>
<violation beginline="90" endline="90" begincolumn="34" endcolumn="59" rule="UseDiamondOperator" ruleset="Code Style" package="org.junit.tests.assertion" class="MultipleFailureExceptionTest" method="assertEmptyWrapsAssumptionFailuresForManyThrowables" externalInfoUrl="https://pmd.github.io/pmd/pmd_rules_java_codestyle.html#usediamondoperator" priority="3">
Explicit type arguments can be replaced by Diamond Operator
</violation>
<violation beginline="97" endline="97" begincolumn="13" endcolumn="16" rule="JUnitAssertionsShouldIncludeMessage" ruleset="Best Practices" package="org.junit.tests.assertion" class="MultipleFailureExceptionTest" method="assertEmptyWrapsAssumptionFailuresForManyThrowables" externalInfoUrl="https://pmd.github.io/pmd/pmd_rules_java_bestpractices.html#junitassertionsshouldincludemessage" priority="3">
JUnit assertions should include a message
</violation>
<violation beginline="99" endline="99" begincolumn="13" endcolumn="22" rule="JUnitAssertionsShouldIncludeMessage" ruleset="Best Practices" package="org.junit.tests.assertion" class="MultipleFailureExceptionTest" method="assertEmptyWrapsAssumptionFailuresForManyThrowables" externalInfoUrl="https://pmd.github.io/pmd/pmd_rules_java_bestpractices.html#junitassertionsshouldincludemessage" priority="3">
JUnit assertions should include a message
</violation>
<violation beginline="100" endline="100" begincolumn="13" endcolumn="22" rule="JUnitAssertionsShouldIncludeMessage" ruleset="Best Practices" package="org.junit.tests.assertion" class="MultipleFailureExceptionTest" method="assertEmptyWrapsAssumptionFailuresForManyThrowables" externalInfoUrl="https://pmd.github.io/pmd/pmd_rules_java_bestpractices.html#junitassertionsshouldincludemessage" priority="3">
JUnit assertions should include a message
</violation>
<violation beginline="101" endline="101" begincolumn="13" endcolumn="22" rule="JUnitAssertionsShouldIncludeMessage" ruleset="Best Practices" package="org.junit.tests.assertion" class="MultipleFailureExceptionTest" method="assertEmptyWrapsAssumptionFailuresForManyThrowables" externalInfoUrl="https://pmd.github.io/pmd/pmd_rules_java_bestpractices.html#junitassertionsshouldincludemessage" priority="3">
JUnit assertions should include a message
</violation>
<violation beginline="102" endline="102" begincolumn="13" endcolumn="22" rule="JUnitAssertionsShouldIncludeMessage" ruleset="Best Practices" package="org.junit.tests.assertion" class="MultipleFailureExceptionTest" method="assertEmptyWrapsAssumptionFailuresForManyThrowables" externalInfoUrl="https://pmd.github.io/pmd/pmd_rules_java_bestpractices.html#junitassertionsshouldincludemessage" priority="3">
JUnit assertions should include a message
</violation>
<violation beginline="104" endline="104" begincolumn="13" endcolumn="22" rule="JUnitAssertionsShouldIncludeMessage" ruleset="Best Practices" package="org.junit.tests.assertion" class="MultipleFailureExceptionTest" method="assertEmptyWrapsAssumptionFailuresForManyThrowables" externalInfoUrl="https://pmd.github.io/pmd/pmd_rules_java_bestpractices.html#junitassertionsshouldincludemessage" priority="3">
JUnit assertions should include a message
</violation>
<violation beginline="106" endline="106" begincolumn="13" endcolumn="22" rule="JUnitAssertionsShouldIncludeMessage" ruleset="Best Practices" package="org.junit.tests.assertion" class="MultipleFailureExceptionTest" method="assertEmptyWrapsAssumptionFailuresForManyThrowables" externalInfoUrl="https://pmd.github.io/pmd/pmd_rules_java_bestpractices.html#junitassertionsshouldincludemessage" priority="3">
JUnit assertions should include a message
</violation>
<violation beginline="107" endline="107" begincolumn="13" endcolumn="22" rule="JUnitAssertionsShouldIncludeMessage" ruleset="Best Practices" package="org.junit.tests.assertion" class="MultipleFailureExceptionTest" method="assertEmptyWrapsAssumptionFailuresForManyThrowables" externalInfoUrl="https://pmd.github.io/pmd/pmd_rules_java_bestpractices.html#junitassertionsshouldincludemessage" priority="3">
JUnit assertions should include a message
</violation>
</file>
<file name="C:\Users\Deyan\Downloads\junit4-r4.13.2\src\test\java\org\junit\tests\deprecated\JUnit4ClassRunnerTest.java">
<violation beginline="24" endline="25" begincolumn="31" endcolumn="9" rule="UncommentedEmptyMethodBody" ruleset="Documentation" package="org.junit.tests.deprecated" class="JUnit4ClassRunnerTest$Example" method="success" externalInfoUrl="https://pmd.github.io/pmd/pmd_rules_java_documentation.html#uncommentedemptymethodbody" priority="3">
Document empty method body
</violation>
<violation beginline="24" endline="25" begincolumn="16" endcolumn="9" rule="JUnitTestsShouldIncludeAssert" ruleset="Best Practices" package="org.junit.tests.deprecated" class="JUnit4ClassRunnerTest$Example" method="success" externalInfoUrl="https://pmd.github.io/pmd/pmd_rules_java_bestpractices.html#junittestsshouldincludeassert" priority="3">
JUnit tests should include assert() or fail()
</violation>
<violation beginline="29" endline="29" begincolumn="13" endcolumn="16" rule="JUnitAssertionsShouldIncludeMessage" ruleset="Best Practices" package="org.junit.tests.deprecated" class="JUnit4ClassRunnerTest$Example" method="failure" externalInfoUrl="https://pmd.github.io/pmd/pmd_rules_java_bestpractices.html#junitassertionsshouldincludemessage" priority="3">
JUnit assertions should include a message
</violation>
<violation beginline="34" endline="38" begincolumn="12" endcolumn="5" rule="JUnitTestContainsTooManyAsserts" ruleset="Best Practices" package="org.junit.tests.deprecated" class="JUnit4ClassRunnerTest" method="runWithOldJUnit4ClassRunner" externalInfoUrl="https://pmd.github.io/pmd/pmd_rules_java_bestpractices.html#junittestcontainstoomanyasserts" priority="3">
Unit tests should not contain more than 1 assert(s).
</violation>
<violation beginline="36" endline="36" begincolumn="9" endcolumn="18" rule="JUnitAssertionsShouldIncludeMessage" ruleset="Best Practices" package="org.junit.tests.deprecated" class="JUnit4ClassRunnerTest" method="runWithOldJUnit4ClassRunner" externalInfoUrl="https://pmd.github.io/pmd/pmd_rules_java_bestpractices.html#junitassertionsshouldincludemessage" priority="3">
JUnit assertions should include a message
</violation>
<violation beginline="37" endline="37" begincolumn="9" endcolumn="18" rule="JUnitAssertionsShouldIncludeMessage" ruleset="Best Practices" package="org.junit.tests.deprecated" class="JUnit4ClassRunnerTest" method="runWithOldJUnit4ClassRunner" externalInfoUrl="https://pmd.github.io/pmd/pmd_rules_java_bestpractices.html#junitassertionsshouldincludemessage" priority="3">
JUnit assertions should include a message
</violation>
<violation beginline="48" endline="49" begincolumn="31" endcolumn="9" rule="UncommentedEmptyMethodBody" ruleset="Documentation" package="org.junit.tests.deprecated" class="JUnit4ClassRunnerTest$UnconstructableExample" method="success" externalInfoUrl="https://pmd.github.io/pmd/pmd_rules_java_documentation.html#uncommentedemptymethodbody" priority="3">
Document empty method body
</violation>
<violation beginline="48" endline="49" begincolumn="16" endcolumn="9" rule="JUnitTestsShouldIncludeAssert" ruleset="Best Practices" package="org.junit.tests.deprecated" class="JUnit4ClassRunnerTest$UnconstructableExample" method="success" externalInfoUrl="https://pmd.github.io/pmd/pmd_rules_java_bestpractices.html#junittestsshouldincludeassert" priority="3">
JUnit tests should include assert() or fail()
</violation>
<violation beginline="53" endline="53" begincolumn="13" endcolumn="16" rule="JUnitAssertionsShouldIncludeMessage" ruleset="Best Practices" package="org.junit.tests.deprecated" class="JUnit4ClassRunnerTest$UnconstructableExample" method="failure" externalInfoUrl="https://pmd.github.io/pmd/pmd_rules_java_bestpractices.html#junitassertionsshouldincludemessage" priority="3">
JUnit assertions should include a message
</violation>
<violation beginline="59" endline="63" begincolumn="12" endcolumn="5" rule="JUnitTestContainsTooManyAsserts" ruleset="Best Practices" package="org.junit.tests.deprecated" class="JUnit4ClassRunnerTest" method="runWithOldJUnit4ClassRunnerAndBadConstructor" externalInfoUrl="https://pmd.github.io/pmd/pmd_rules_java_bestpractices.html#junittestcontainstoomanyasserts" priority="3">
Unit tests should not contain more than 1 assert(s).
</violation>
<violation beginline="61" endline="61" begincolumn="9" endcolumn="18" rule="JUnitAssertionsShouldIncludeMessage" ruleset="Best Practices" package="org.junit.tests.deprecated" class="JUnit4ClassRunnerTest" method="runWithOldJUnit4ClassRunnerAndBadConstructor" externalInfoUrl="https://pmd.github.io/pmd/pmd_rules_java_bestpractices.html#junitassertionsshouldincludemessage" priority="3">
JUnit assertions should include a message
</violation>
<violation beginline="62" endline="62" begincolumn="9" endcolumn="18" rule="JUnitAssertionsShouldIncludeMessage" ruleset="Best Practices" package="org.junit.tests.deprecated" class="JUnit4ClassRunnerTest" method="runWithOldJUnit4ClassRunnerAndBadConstructor" externalInfoUrl="https://pmd.github.io/pmd/pmd_rules_java_bestpractices.html#junitassertionsshouldincludemessage" priority="3">
JUnit assertions should include a message
</violation>
</file>
<file name="C:\Users\Deyan\Downloads\junit4-r4.13.2\src\test\java\org\junit\tests\description\AnnotatedDescriptionTest.java">
<violation beginline="24" endline="25" begincolumn="16" endcolumn="9" rule="ShortMethodName" ruleset="Code Style" package="org.junit.tests.description" class="AnnotatedDescriptionTest$AnnotatedClass" method="a" externalInfoUrl="https://pmd.github.io/pmd/pmd_rules_java_codestyle.html#shortmethodname" priority="3">
Avoid using short method names
</violation>
<violation beginline="24" endline="25" begincolumn="25" endcolumn="9" rule="UncommentedEmptyMethodBody" ruleset="Documentation" package="org.junit.tests.description" class="AnnotatedDescriptionTest$AnnotatedClass" method="a" externalInfoUrl="https://pmd.github.io/pmd/pmd_rules_java_documentation.html#uncommentedemptymethodbody" priority="3">
Document empty method body
</violation>
<violation beginline="24" endline="25" begincolumn="16" endcolumn="9" rule="JUnitTestsShouldIncludeAssert" ruleset="Best Practices" package="org.junit.tests.description" class="AnnotatedDescriptionTest$AnnotatedClass" method="a" externalInfoUrl="https://pmd.github.io/pmd/pmd_rules_java_bestpractices.html#junittestsshouldincludeassert" priority="3">
JUnit tests should include assert() or fail()
</violation>
<violation beginline="30" endline="30" begincolumn="9" endcolumn="18" rule="JUnitAssertionsShouldIncludeMessage" ruleset="Best Practices" package="org.junit.tests.description" class="AnnotatedDescriptionTest" method="annotationsExistOnDescriptionsOfClasses" externalInfoUrl="https://pmd.github.io/pmd/pmd_rules_java_bestpractices.html#junitassertionsshouldincludemessage" priority="3">
JUnit assertions should include a message
</violation>
<violation beginline="36" endline="36" begincolumn="9" endcolumn="20" rule="JUnitAssertionsShouldIncludeMessage" ruleset="Best Practices" package="org.junit.tests.description" class="AnnotatedDescriptionTest" method="getAnnotationsReturnsAllAnnotations" externalInfoUrl="https://pmd.github.io/pmd/pmd_rules_java_bestpractices.html#junitassertionsshouldincludemessage" priority="3">
JUnit assertions should include a message
</violation>
<violation beginline="43" endline="44" begincolumn="16" endcolumn="9" rule="ShortMethodName" ruleset="Code Style" package="org.junit.tests.description" class="AnnotatedDescriptionTest$IgnoredClass" method="a" externalInfoUrl="https://pmd.github.io/pmd/pmd_rules_java_codestyle.html#shortmethodname" priority="3">
Avoid using short method names
</violation>
<violation beginline="43" endline="44" begincolumn="25" endcolumn="9" rule="UncommentedEmptyMethodBody" ruleset="Documentation" package="org.junit.tests.description" class="AnnotatedDescriptionTest$IgnoredClass" method="a" externalInfoUrl="https://pmd.github.io/pmd/pmd_rules_java_documentation.html#uncommentedemptymethodbody" priority="3">
Document empty method body
</violation>
<violation beginline="43" endline="44" begincolumn="16" endcolumn="9" rule="JUnitTestsShouldIncludeAssert" ruleset="Best Practices" package="org.junit.tests.description" class="AnnotatedDescriptionTest$IgnoredClass" method="a" externalInfoUrl="https://pmd.github.io/pmd/pmd_rules_java_bestpractices.html#junittestsshouldincludeassert" priority="3">
JUnit tests should include assert() or fail()
</violation>
<violation beginline="49" endline="49" begincolumn="9" endcolumn="18" rule="JUnitAssertionsShouldIncludeMessage" ruleset="Best Practices" package="org.junit.tests.description" class="AnnotatedDescriptionTest" method="annotationsExistOnDescriptionsOfIgnoredClass" externalInfoUrl="https://pmd.github.io/pmd/pmd_rules_java_bestpractices.html#junitassertionsshouldincludemessage" priority="3">
JUnit assertions should include a message
</violation>
<violation beginline="60" endline="61" begincolumn="16" endcolumn="9" rule="ShortMethodName" ruleset="Code Style" package="org.junit.tests.description" class="AnnotatedDescriptionTest$ValueAnnotatedClass" method="a" externalInfoUrl="https://pmd.github.io/pmd/pmd_rules_java_codestyle.html#shortmethodname" priority="3">
Avoid using short method names
</violation>
<violation beginline="60" endline="61" begincolumn="25" endcolumn="9" rule="UncommentedEmptyMethodBody" ruleset="Documentation" package="org.junit.tests.description" class="AnnotatedDescriptionTest$ValueAnnotatedClass" method="a" externalInfoUrl="https://pmd.github.io/pmd/pmd_rules_java_documentation.html#uncommentedemptymethodbody" priority="3">
Document empty method body
</violation>
<violation beginline="60" endline="61" begincolumn="16" endcolumn="9" rule="JUnitTestsShouldIncludeAssert" ruleset="Best Practices" package="org.junit.tests.description" class="AnnotatedDescriptionTest$ValueAnnotatedClass" method="a" externalInfoUrl="https://pmd.github.io/pmd/pmd_rules_java_bestpractices.html#junittestsshouldincludeassert" priority="3">
JUnit tests should include assert() or fail()
</violation>
<violation beginline="67" endline="67" begincolumn="9" endcolumn="20" rule="JUnitAssertionsShouldIncludeMessage" ruleset="Best Practices" package="org.junit.tests.description" class="AnnotatedDescriptionTest" method="descriptionOfTestClassHasValuedAnnotation" externalInfoUrl="https://pmd.github.io/pmd/pmd_rules_java_bestpractices.html#junitassertionsshouldincludemessage" priority="3">
JUnit assertions should include a message
</violation>
<violation beginline="74" endline="74" begincolumn="9" endcolumn="20" rule="JUnitAssertionsShouldIncludeMessage" ruleset="Best Practices" package="org.junit.tests.description" class="AnnotatedDescriptionTest" method="childlessCopyOfDescriptionStillHasAnnotations" externalInfoUrl="https://pmd.github.io/pmd/pmd_rules_java_bestpractices.html#junitassertionsshouldincludemessage" priority="3">
JUnit assertions should include a message
</violation>
<violation beginline="90" endline="90" begincolumn="9" endcolumn="20" rule="JUnitAssertionsShouldIncludeMessage" ruleset="Best Practices" package="org.junit.tests.description" class="AnnotatedDescriptionTest" method="characterizeCreatingMyOwnAnnotation" externalInfoUrl="https://pmd.github.io/pmd/pmd_rules_java_bestpractices.html#junitassertionsshouldincludemessage" priority="3">
JUnit assertions should include a message
</violation>
</file>
<file name="C:\Users\Deyan\Downloads\junit4-r4.13.2\src\test\java\org\junit\tests\description\SuiteDescriptionTest.java">
<violation beginline="10" endline="10" begincolumn="5" endcolumn="68" rule="DefaultPackage" ruleset="Code Style" package="org.junit.tests.description" class="SuiteDescriptionTest" externalInfoUrl="https://pmd.github.io/pmd/pmd_rules_java_codestyle.html#defaultpackage" priority="3">
Use explicit scoping instead of the default package private level
</violation>
<violation beginline="11" endline="11" begincolumn="5" endcolumn="75" rule="DefaultPackage" ruleset="Code Style" package="org.junit.tests.description" class="SuiteDescriptionTest" externalInfoUrl="https://pmd.github.io/pmd/pmd_rules_java_codestyle.html#defaultpackage" priority="3">
Use explicit scoping instead of the default package private level
</violation>
<violation beginline="12" endline="12" begincolumn="5" endcolumn="65" rule="DefaultPackage" ruleset="Code Style" package="org.junit.tests.description" class="SuiteDescriptionTest" externalInfoUrl="https://pmd.github.io/pmd/pmd_rules_java_codestyle.html#defaultpackage" priority="3">
Use explicit scoping instead of the default package private level
</violation>
<violation beginline="14" endline="14" begincolumn="5" endcolumn="63" rule="DefaultPackage" ruleset="Code Style" package="org.junit.tests.description" class="SuiteDescriptionTest" externalInfoUrl="https://pmd.github.io/pmd/pmd_rules_java_codestyle.html#defaultpackage" priority="3">
Use explicit scoping instead of the default package private level
</violation>
<violation beginline="15" endline="15" begincolumn="5" endcolumn="70" rule="DefaultPackage" ruleset="Code Style" package="org.junit.tests.description" class="SuiteDescriptionTest" externalInfoUrl="https://pmd.github.io/pmd/pmd_rules_java_codestyle.html#defaultpackage" priority="3">
Use explicit scoping instead of the default package private level
</violation>
<violation beginline="18" endline="24" begincolumn="12" endcolumn="5" rule="JUnitTestContainsTooManyAsserts" ruleset="Best Practices" package="org.junit.tests.description" class="SuiteDescriptionTest" method="equalsIsCorrect" externalInfoUrl="https://pmd.github.io/pmd/pmd_rules_java_bestpractices.html#junittestcontainstoomanyasserts" priority="3">
Unit tests should not contain more than 1 assert(s).
</violation>
<violation beginline="19" endline="19" begincolumn="9" endcolumn="20" rule="JUnitAssertionsShouldIncludeMessage" ruleset="Best Practices" package="org.junit.tests.description" class="SuiteDescriptionTest" method="equalsIsCorrect" externalInfoUrl="https://pmd.github.io/pmd/pmd_rules_java_bestpractices.html#junitassertionsshouldincludemessage" priority="3">
JUnit assertions should include a message
</violation>
<violation beginline="20" endline="20" begincolumn="9" endcolumn="19" rule="JUnitAssertionsShouldIncludeMessage" ruleset="Best Practices" package="org.junit.tests.description" class="SuiteDescriptionTest" method="equalsIsCorrect" externalInfoUrl="https://pmd.github.io/pmd/pmd_rules_java_bestpractices.html#junitassertionsshouldincludemessage" priority="3">
JUnit assertions should include a message
</violation>
<violation beginline="21" endline="21" begincolumn="9" endcolumn="20" rule="JUnitAssertionsShouldIncludeMessage" ruleset="Best Practices" package="org.junit.tests.description" class="SuiteDescriptionTest" method="equalsIsCorrect" externalInfoUrl="https://pmd.github.io/pmd/pmd_rules_java_bestpractices.html#junitassertionsshouldincludemessage" priority="3">
JUnit assertions should include a message
</violation>
<violation beginline="22" endline="22" begincolumn="9" endcolumn="20" rule="JUnitAssertionsShouldIncludeMessage" ruleset="Best Practices" package="org.junit.tests.description" class="SuiteDescriptionTest" method="equalsIsCorrect" externalInfoUrl="https://pmd.github.io/pmd/pmd_rules_java_bestpractices.html#junitassertionsshouldincludemessage" priority="3">
JUnit assertions should include a message
</violation>
<violation beginline="23" endline="23" begincolumn="9" endcolumn="19" rule="JUnitAssertionsShouldIncludeMessage" ruleset="Best Practices" package="org.junit.tests.description" class="SuiteDescriptionTest" method="equalsIsCorrect" externalInfoUrl="https://pmd.github.io/pmd/pmd_rules_java_bestpractices.html#junitassertionsshouldincludemessage" priority="3">
JUnit assertions should include a message
</violation>
<violation beginline="27" endline="30" begincolumn="12" endcolumn="5" rule="JUnitTestContainsTooManyAsserts" ruleset="Best Practices" package="org.junit.tests.description" class="SuiteDescriptionTest" method="hashCodeIsReasonable" externalInfoUrl="https://pmd.github.io/pmd/pmd_rules_java_bestpractices.html#junittestcontainstoomanyasserts" priority="3">
Unit tests should not contain more than 1 assert(s).
</violation>
<violation beginline="28" endline="28" begincolumn="9" endcolumn="20" rule="JUnitAssertionsShouldIncludeMessage" ruleset="Best Practices" package="org.junit.tests.description" class="SuiteDescriptionTest" method="hashCodeIsReasonable" externalInfoUrl="https://pmd.github.io/pmd/pmd_rules_java_bestpractices.html#junitassertionsshouldincludemessage" priority="3">
JUnit assertions should include a message
</violation>
<violation beginline="29" endline="29" begincolumn="9" endcolumn="19" rule="JUnitAssertionsShouldIncludeMessage" ruleset="Best Practices" package="org.junit.tests.description" class="SuiteDescriptionTest" method="hashCodeIsReasonable" externalInfoUrl="https://pmd.github.io/pmd/pmd_rules_java_bestpractices.html#junitassertionsshouldincludemessage" priority="3">
JUnit assertions should include a message
</violation>
<violation beginline="29" endline="29" begincolumn="9" endcolumn="62" rule="UseAssertSameInsteadOfAssertTrue" ruleset="Best Practices" package="org.junit.tests.description" class="SuiteDescriptionTest" method="hashCodeIsReasonable" externalInfoUrl="https://pmd.github.io/pmd/pmd_rules_java_bestpractices.html#useassertsameinsteadofasserttrue" priority="3">
Use assertSame(x, y) instead of assertTrue(x==y), or assertNotSame(x,y) vs assertFalse(x==y)
</violation>
</file>
<file name="C:\Users\Deyan\Downloads\junit4-r4.13.2\src\test\java\org\junit\tests\description\TestDescriptionMethodNameTest.java">
<violation beginline="21" endline="21" begincolumn="20" endcolumn="29" rule="ImmutableField" ruleset="Design" package="org.junit.tests.description" class="TestDescriptionMethodNameTest" variable="methodName" externalInfoUrl="https://pmd.github.io/pmd/pmd_rules_java_design.html#immutablefield" priority="3">
Private field 'methodName' could be made final; it is only initialized in the declaration or constructor.
</violation>
<violation beginline="45" endline="45" begincolumn="41" endcolumn="49" rule="SignatureDeclareThrowsException" ruleset="Design" package="org.junit.tests.description" class="TestDescriptionMethodNameTest" method="methodNameTest" externalInfoUrl="https://pmd.github.io/pmd/pmd_rules_java_design.html#signaturedeclarethrowsexception" priority="3">
A method/constructor should not explicitly throw java.lang.Exception
</violation>
<violation beginline="45" endline="49" begincolumn="12" endcolumn="5" rule="JUnitTestContainsTooManyAsserts" ruleset="Best Practices" package="org.junit.tests.description" class="TestDescriptionMethodNameTest" method="methodNameTest" externalInfoUrl="https://pmd.github.io/pmd/pmd_rules_java_bestpractices.html#junittestcontainstoomanyasserts" priority="3">
Unit tests should not contain more than 1 assert(s).
</violation>
<violation beginline="48" endline="48" begincolumn="9" endcolumn="20" rule="JUnitAssertionsShouldIncludeMessage" ruleset="Best Practices" package="org.junit.tests.description" class="TestDescriptionMethodNameTest" method="methodNameTest" externalInfoUrl="https://pmd.github.io/pmd/pmd_rules_java_bestpractices.html#junitassertionsshouldincludemessage" priority="3">
JUnit assertions should include a message
</violation>
</file>
<file name="C:\Users\Deyan\Downloads\junit4-r4.13.2\src\test\java\org\junit\tests\description\TestDescriptionTest.java">
<violation beginline="12" endline="12" begincolumn="9" endcolumn="19" rule="JUnitAssertionsShouldIncludeMessage" ruleset="Best Practices" package="org.junit.tests.description" class="TestDescriptionTest" method="equalsIsFalseForNonTestDescription" externalInfoUrl="https://pmd.github.io/pmd/pmd_rules_java_bestpractices.html#junitassertionsshouldincludemessage" priority="3">
JUnit assertions should include a message
</violation>
<violation beginline="17" endline="17" begincolumn="9" endcolumn="18" rule="JUnitAssertionsShouldIncludeMessage" ruleset="Best Practices" package="org.junit.tests.description" class="TestDescriptionTest" method="equalsIsTrueForSameNameAndNoExplicitUniqueId" externalInfoUrl="https://pmd.github.io/pmd/pmd_rules_java_bestpractices.html#junitassertionsshouldincludemessage" priority="3">
JUnit assertions should include a message
</violation>
<violation beginline="17" endline="17" begincolumn="55" endcolumn="61" rule="AvoidDuplicateLiterals" ruleset="Error Prone" package="org.junit.tests.description" class="TestDescriptionTest" method="equalsIsTrueForSameNameAndNoExplicitUniqueId" externalInfoUrl="https://pmd.github.io/pmd/pmd_rules_java_errorprone.html#avoidduplicateliterals" priority="3">
The String literal "Hello" appears 4 times in this file; the first occurrence is on line 17
</violation>
<violation beginline="22" endline="22" begincolumn="9" endcolumn="19" rule="JUnitAssertionsShouldIncludeMessage" ruleset="Best Practices" package="org.junit.tests.description" class="TestDescriptionTest" method="equalsIsFalseForSameNameAndDifferentUniqueId" externalInfoUrl="https://pmd.github.io/pmd/pmd_rules_java_bestpractices.html#junitassertionsshouldincludemessage" priority="3">
JUnit assertions should include a message
</violation>
</file>
<file name="C:\Users\Deyan\Downloads\junit4-r4.13.2\src\test\java\org\junit\tests\experimental\AssumptionTest.java">
<violation beginline="1" endline="312" begincolumn="1" endcolumn="2" rule="TooManyStaticImports" ruleset="Code Style" package="org.junit.tests.experimental" class="AssumptionTest" externalInfoUrl="https://pmd.github.io/pmd/pmd_rules_java_codestyle.html#toomanystaticimports" priority="3">
Too many static imports may lead to messy code
</violation>
<violation beginline="35" endline="35" begincolumn="13" endcolumn="16" rule="JUnitAssertionsShouldIncludeMessage" ruleset="Best Practices" package="org.junit.tests.experimental" class="AssumptionTest$HasFailingAssumption" method="assumptionsFail" externalInfoUrl="https://pmd.github.io/pmd/pmd_rules_java_bestpractices.html#junitassertionsshouldincludemessage" priority="3">
JUnit assertions should include a message
</violation>
<violation beginline="40" endline="45" begincolumn="12" endcolumn="5" rule="JUnitTestContainsTooManyAsserts" ruleset="Best Practices" package="org.junit.tests.experimental" class="AssumptionTest" method="failedAssumptionsMeanPassing" externalInfoUrl="https://pmd.github.io/pmd/pmd_rules_java_bestpractices.html#junittestcontainstoomanyasserts" priority="3">
Unit tests should not contain more than 1 assert(s).
</violation>
<violation beginline="42" endline="42" begincolumn="9" endcolumn="18" rule="JUnitAssertionsShouldIncludeMessage" ruleset="Best Practices" package="org.junit.tests.experimental" class="AssumptionTest" method="failedAssumptionsMeanPassing" externalInfoUrl="https://pmd.github.io/pmd/pmd_rules_java_bestpractices.html#junitassertionsshouldincludemessage" priority="3">
JUnit assertions should include a message
</violation>
<violation beginline="43" endline="43" begincolumn="9" endcolumn="18" rule="JUnitAssertionsShouldIncludeMessage" ruleset="Best Practices" package="org.junit.tests.experimental" class="AssumptionTest" method="failedAssumptionsMeanPassing" externalInfoUrl="https://pmd.github.io/pmd/pmd_rules_java_bestpractices.html#junitassertionsshouldincludemessage" priority="3">
JUnit assertions should include a message
</violation>
<violation beginline="44" endline="44" begincolumn="9" endcolumn="18" rule="JUnitAssertionsShouldIncludeMessage" ruleset="Best Practices" package="org.junit.tests.experimental" class="AssumptionTest" method="failedAssumptionsMeanPassing" externalInfoUrl="https://pmd.github.io/pmd/pmd_rules_java_bestpractices.html#junitassertionsshouldincludemessage" priority="3">
JUnit assertions should include a message
</violation>
<violation beginline="47" endline="47" begincolumn="24" endcolumn="45" rule="RedundantFieldInitializer" ruleset="Performance" package="org.junit.tests.experimental" class="AssumptionTest" variable="assumptionFailures" externalInfoUrl="https://pmd.github.io/pmd/pmd_rules_java_performance.html#redundantfieldinitializer" priority="3">
Avoid using redundant field initializer for 'assumptionFailures'
</violation>
<violation beginline="47" endline="47" begincolumn="20" endcolumn="46" rule="FieldDeclarationsShouldBeAtStartOfClass" ruleset="Code Style" package="org.junit.tests.experimental" class="AssumptionTest" variable="VariableDeclaratorId" externalInfoUrl="https://pmd.github.io/pmd/pmd_rules_java_codestyle.html#fielddeclarationsshouldbeatstartofclass" priority="3">
Fields should be declared at the top of the class, before any method declarations, constructors, initializers or inner classes.
</violation>
<violation beginline="61" endline="61" begincolumn="9" endcolumn="18" rule="JUnitAssertionsShouldIncludeMessage" ruleset="Best Practices" package="org.junit.tests.experimental" class="AssumptionTest" method="failedAssumptionsCanBeDetectedByListeners" externalInfoUrl="https://pmd.github.io/pmd/pmd_rules_java_bestpractices.html#junitassertionsshouldincludemessage" priority="3">
JUnit assertions should include a message
</violation>
<violation beginline="68" endline="68" begincolumn="13" endcolumn="16" rule="JUnitAssertionsShouldIncludeMessage" ruleset="Best Practices" package="org.junit.tests.experimental" class="AssumptionTest$HasPassingAssumption" method="assumptionsFail" externalInfoUrl="https://pmd.github.io/pmd/pmd_rules_java_bestpractices.html#junitassertionsshouldincludemessage" priority="3">
JUnit assertions should include a message
</violation>
<violation beginline="73" endline="78" begincolumn="12" endcolumn="5" rule="JUnitTestContainsTooManyAsserts" ruleset="Best Practices" package="org.junit.tests.experimental" class="AssumptionTest" method="passingAssumptionsScootThrough" externalInfoUrl="https://pmd.github.io/pmd/pmd_rules_java_bestpractices.html#junittestcontainstoomanyasserts" priority="3">
Unit tests should not contain more than 1 assert(s).
</violation>
<violation beginline="75" endline="75" begincolumn="9" endcolumn="18" rule="JUnitAssertionsShouldIncludeMessage" ruleset="Best Practices" package="org.junit.tests.experimental" class="AssumptionTest" method="passingAssumptionsScootThrough" externalInfoUrl="https://pmd.github.io/pmd/pmd_rules_java_bestpractices.html#junitassertionsshouldincludemessage" priority="3">
JUnit assertions should include a message
</violation>
<violation beginline="76" endline="76" begincolumn="9" endcolumn="18" rule="JUnitAssertionsShouldIncludeMessage" ruleset="Best Practices" package="org.junit.tests.experimental" class="AssumptionTest" method="passingAssumptionsScootThrough" externalInfoUrl="https://pmd.github.io/pmd/pmd_rules_java_bestpractices.html#junitassertionsshouldincludemessage" priority="3">
JUnit assertions should include a message
</violation>
<violation beginline="77" endline="77" begincolumn="9" endcolumn="18" rule="JUnitAssertionsShouldIncludeMessage" ruleset="Best Practices" package="org.junit.tests.experimental" class="AssumptionTest" method="passingAssumptionsScootThrough" externalInfoUrl="https://pmd.github.io/pmd/pmd_rules_java_bestpractices.html#junitassertionsshouldincludemessage" priority="3">
JUnit assertions should include a message
</violation>
<violation beginline="84" endline="84" begincolumn="18" endcolumn="59" rule="AvoidDuplicateLiterals" ruleset="Error Prone" package="org.junit.tests.experimental" class="AssumptionTest" method="assumeThatWorks" externalInfoUrl="https://pmd.github.io/pmd/pmd_rules_java_errorprone.html#avoidduplicateliterals" priority="3">
The String literal "should throw AssumptionViolatedException" appears 5 times in this file; the first occurrence is on line 84
</violation>
<violation beginline="85" endline="87" begincolumn="11" endcolumn="9" rule="EmptyCatchBlock" ruleset="Error Prone" package="org.junit.tests.experimental" class="AssumptionTest" method="assumeThatWorks" externalInfoUrl="https://pmd.github.io/pmd/pmd_rules_java_errorprone.html#emptycatchblock" priority="3">
Avoid empty catch blocks
</violation>
<violation beginline="108" endline="110" begincolumn="11" endcolumn="9" rule="EmptyCatchBlock" ruleset="Error Prone" package="org.junit.tests.experimental" class="AssumptionTest" method="assumeNotNullThrowsException" externalInfoUrl="https://pmd.github.io/pmd/pmd_rules_java_errorprone.html#emptycatchblock" priority="3">
Avoid empty catch blocks
</violation>
<violation beginline="118" endline="120" begincolumn="11" endcolumn="9" rule="EmptyCatchBlock" ruleset="Error Prone" package="org.junit.tests.experimental" class="AssumptionTest" method="assumeNotNullThrowsExceptionForNullArray" externalInfoUrl="https://pmd.github.io/pmd/pmd_rules_java_errorprone.html#emptycatchblock" priority="3">
Avoid empty catch blocks
</violation>
<violation beginline="136" endline="136" begincolumn="13" endcolumn="22" rule="JUnitAssertionsShouldIncludeMessage" ruleset="Best Practices" package="org.junit.tests.experimental" class="AssumptionTest" method="assumeNotNullIncludesParameterList" externalInfoUrl="https://pmd.github.io/pmd/pmd_rules_java_bestpractices.html#junitassertionsshouldincludemessage" priority="3">
JUnit assertions should include a message
</violation>
<violation beginline="137" endline="137" begincolumn="18" endcolumn="26" rule="AvoidCatchingGenericException" ruleset="Design" package="org.junit.tests.experimental" class="AssumptionTest" method="assumeNotNullIncludesParameterList" externalInfoUrl="https://pmd.github.io/pmd/pmd_rules_java_design.html#avoidcatchinggenericexception" priority="3">
Avoid catching generic exceptions such as NullPointerException, RuntimeException, Exception in try-catch block
</violation>
<violation beginline="149" endline="149" begincolumn="13" endcolumn="22" rule="JUnitAssertionsShouldIncludeMessage" ruleset="Best Practices" package="org.junit.tests.experimental" class="AssumptionTest" method="assumeNoExceptionThrows" externalInfoUrl="https://pmd.github.io/pmd/pmd_rules_java_bestpractices.html#junitassertionsshouldincludemessage" priority="3">
JUnit assertions should include a message
</violation>
<violation beginline="153" endline="154" begincolumn="44" endcolumn="5" rule="UncommentedEmptyMethodBody" ruleset="Documentation" package="org.junit.tests.experimental" class="AssumptionTest" method="assertCompletesNormally" externalInfoUrl="https://pmd.github.io/pmd/pmd_rules_java_documentation.html#uncommentedemptymethodbody" priority="3">
Document empty method body
</violation>
<violation beginline="159" endline="159" begincolumn="13" endcolumn="29" rule="UnnecessaryFullyQualifiedName" ruleset="Code Style" package="org.junit.tests.experimental" class="AssumptionTest" method="assumeTrueWorks" externalInfoUrl="https://pmd.github.io/pmd/pmd_rules_java_codestyle.html#unnecessaryfullyqualifiedname" priority="4">
Unnecessary use of fully qualified name 'Assume.assumeTrue' due to existing static import 'org.junit.Assume.assumeTrue'
</violation>
<violation beginline="162" endline="162" begincolumn="13" endcolumn="24" rule="JUnitAssertionsShouldIncludeMessage" ruleset="Best Practices" package="org.junit.tests.experimental" class="AssumptionTest" method="assumeTrueWorks" externalInfoUrl="https://pmd.github.io/pmd/pmd_rules_java_bestpractices.html#junitassertionsshouldincludemessage" priority="3">
JUnit assertions should include a message
</violation>
<violation beginline="172" endline="172" begincolumn="13" endcolumn="24" rule="JUnitAssertionsShouldIncludeMessage" ruleset="Best Practices" package="org.junit.tests.experimental" class="AssumptionTest" method="assumeFalseWorks" externalInfoUrl="https://pmd.github.io/pmd/pmd_rules_java_bestpractices.html#junitassertionsshouldincludemessage" priority="3">
JUnit assertions should include a message
</violation>
<violation beginline="184" endline="184" begincolumn="13" endcolumn="16" rule="JUnitAssertionsShouldIncludeMessage" ruleset="Best Practices" package="org.junit.tests.experimental" class="AssumptionTest$HasFailingAssumeInBefore" method="failing" externalInfoUrl="https://pmd.github.io/pmd/pmd_rules_java_bestpractices.html#junitassertionsshouldincludemessage" priority="3">
JUnit assertions should include a message
</violation>
<violation beginline="190" endline="190" begincolumn="9" endcolumn="18" rule="JUnitAssertionsShouldIncludeMessage" ruleset="Best Practices" package="org.junit.tests.experimental" class="AssumptionTest" method="failingAssumptionInBeforePreventsTestRun" externalInfoUrl="https://pmd.github.io/pmd/pmd_rules_java_bestpractices.html#junitassertionsshouldincludemessage" priority="3">
JUnit assertions should include a message
</violation>
<violation beginline="201" endline="201" begincolumn="13" endcolumn="16" rule="JUnitAssertionsShouldIncludeMessage" ruleset="Best Practices" package="org.junit.tests.experimental" class="AssumptionTest$HasFailingAssumeInBeforeClass" method="failing" externalInfoUrl="https://pmd.github.io/pmd/pmd_rules_java_bestpractices.html#junitassertionsshouldincludemessage" priority="3">
JUnit assertions should include a message
</violation>
<violation beginline="207" endline="207" begincolumn="9" endcolumn="18" rule="JUnitAssertionsShouldIncludeMessage" ruleset="Best Practices" package="org.junit.tests.experimental" class="AssumptionTest" method="failingAssumptionInBeforeClassIgnoresClass" externalInfoUrl="https://pmd.github.io/pmd/pmd_rules_java_bestpractices.html#junitassertionsshouldincludemessage" priority="3">
JUnit assertions should include a message
</violation>
<violation beginline="217" endline="217" begincolumn="13" endcolumn="16" rule="JUnitAssertionsShouldIncludeMessage" ruleset="Best Practices" package="org.junit.tests.experimental" class="AssumptionTest$AssumptionFailureInConstructor" method="shouldFail" externalInfoUrl="https://pmd.github.io/pmd/pmd_rules_java_bestpractices.html#junitassertionsshouldincludemessage" priority="3">
JUnit assertions should include a message
</violation>
<violation beginline="223" endline="223" begincolumn="9" endcolumn="18" rule="JUnitAssertionsShouldIncludeMessage" ruleset="Best Practices" package="org.junit.tests.experimental" class="AssumptionTest" method="failingAssumptionInConstructorIgnoresClass" externalInfoUrl="https://pmd.github.io/pmd/pmd_rules_java_bestpractices.html#junitassertionsshouldincludemessage" priority="3">
JUnit assertions should include a message
</violation>
<violation beginline="237" endline="237" begincolumn="9" endcolumn="18" rule="JUnitAssertionsShouldIncludeMessage" ruleset="Best Practices" package="org.junit.tests.experimental" class="AssumptionTest" method="assumeWithExpectedExceptionShouldThrowAssumptionViolatedException" externalInfoUrl="https://pmd.github.io/pmd/pmd_rules_java_bestpractices.html#junitassertionsshouldincludemessage" priority="3">
JUnit assertions should include a message
</violation>
<violation beginline="240" endline="240" begincolumn="18" endcolumn="64" rule="FieldDeclarationsShouldBeAtStartOfClass" ruleset="Code Style" package="org.junit.tests.experimental" class="AssumptionTest" variable="VariableDeclaratorId" externalInfoUrl="https://pmd.github.io/pmd/pmd_rules_java_codestyle.html#fielddeclarationsshouldbeatstartofclass" priority="3">
Fields should be declared at the top of the class, before any method declarations, constructors, initializers or inner classes.
</violation>
<violation beginline="240" endline="240" begincolumn="5" endcolumn="64" rule="DefaultPackage" ruleset="Code Style" package="org.junit.tests.experimental" class="AssumptionTest" externalInfoUrl="https://pmd.github.io/pmd/pmd_rules_java_codestyle.html#defaultpackage" priority="3">
Use explicit scoping instead of the default package private level
</violation>
<violation beginline="241" endline="241" begincolumn="18" endcolumn="47" rule="FieldDeclarationsShouldBeAtStartOfClass" ruleset="Code Style" package="org.junit.tests.experimental" class="AssumptionTest" variable="VariableDeclaratorId" externalInfoUrl="https://pmd.github.io/pmd/pmd_rules_java_codestyle.html#fielddeclarationsshouldbeatstartofclass" priority="3">
Fields should be declared at the top of the class, before any method declarations, constructors, initializers or inner classes.
</violation>
<violation beginline="241" endline="241" begincolumn="5" endcolumn="47" rule="DefaultPackage" ruleset="Code Style" package="org.junit.tests.experimental" class="AssumptionTest" externalInfoUrl="https://pmd.github.io/pmd/pmd_rules_java_codestyle.html#defaultpackage" priority="3">
Use explicit scoping instead of the default package private level
</violation>
<violation beginline="248" endline="250" begincolumn="16" endcolumn="9" rule="JUnitTestsShouldIncludeAssert" ruleset="Best Practices" package="org.junit.tests.experimental" class="AssumptionTest$HasAssumeWithMessage" method="testMethod" externalInfoUrl="https://pmd.github.io/pmd/pmd_rules_java_bestpractices.html#junittestsshouldincludeassert" priority="3">
JUnit tests should include assert() or fail()
</violation>
<violation beginline="258" endline="258" begincolumn="9" endcolumn="18" rule="JUnitAssertionsShouldIncludeMessage" ruleset="Best Practices" package="org.junit.tests.experimental" class="AssumptionTest" method="assumptionsWithMessage" externalInfoUrl="https://pmd.github.io/pmd/pmd_rules_java_bestpractices.html#junitassertionsshouldincludemessage" priority="3">
JUnit assertions should include a message
</violation>
<violation beginline="266" endline="268" begincolumn="16" endcolumn="9" rule="JUnitTestsShouldIncludeAssert" ruleset="Best Practices" package="org.junit.tests.experimental" class="AssumptionTest$HasAssumeWithMessageAndCause" method="testMethod" externalInfoUrl="https://pmd.github.io/pmd/pmd_rules_java_bestpractices.html#junittestsshouldincludeassert" priority="3">
JUnit tests should include assert() or fail()
</violation>
<violation beginline="272" endline="277" begincolumn="12" endcolumn="5" rule="JUnitTestContainsTooManyAsserts" ruleset="Best Practices" package="org.junit.tests.experimental" class="AssumptionTest" method="assumptionsWithMessageAndCause" externalInfoUrl="https://pmd.github.io/pmd/pmd_rules_java_bestpractices.html#junittestcontainstoomanyasserts" priority="3">
Unit tests should not contain more than 1 assert(s).
</violation>
<violation beginline="275" endline="275" begincolumn="9" endcolumn="18" rule="JUnitAssertionsShouldIncludeMessage" ruleset="Best Practices" package="org.junit.tests.experimental" class="AssumptionTest" method="assumptionsWithMessageAndCause" externalInfoUrl="https://pmd.github.io/pmd/pmd_rules_java_bestpractices.html#junitassertionsshouldincludemessage" priority="3">
JUnit assertions should include a message
</violation>
<violation beginline="276" endline="276" begincolumn="9" endcolumn="18" rule="JUnitAssertionsShouldIncludeMessage" ruleset="Best Practices" package="org.junit.tests.experimental" class="AssumptionTest" method="assumptionsWithMessageAndCause" externalInfoUrl="https://pmd.github.io/pmd/pmd_rules_java_bestpractices.html#junitassertionsshouldincludemessage" priority="3">
JUnit assertions should include a message
</violation>
<violation beginline="283" endline="283" begincolumn="13" endcolumn="16" rule="JUnitAssertionsShouldIncludeMessage" ruleset="Best Practices" package="org.junit.tests.experimental" class="AssumptionTest$HasFailingAssumptionWithMessage" method="assumptionsFail" externalInfoUrl="https://pmd.github.io/pmd/pmd_rules_java_bestpractices.html#junitassertionsshouldincludemessage" priority="3">
JUnit assertions should include a message
</violation>
<violation beginline="288" endline="294" begincolumn="12" endcolumn="5" rule="JUnitTestContainsTooManyAsserts" ruleset="Best Practices" package="org.junit.tests.experimental" class="AssumptionTest" method="failedAssumptionsWithMessage" externalInfoUrl="https://pmd.github.io/pmd/pmd_rules_java_bestpractices.html#junittestcontainstoomanyasserts" priority="3">
Unit tests should not contain more than 1 assert(s).
</violation>
<violation beginline="292" endline="292" begincolumn="9" endcolumn="20" rule="JUnitAssertionsShouldIncludeMessage" ruleset="Best Practices" package="org.junit.tests.experimental" class="AssumptionTest" method="failedAssumptionsWithMessage" externalInfoUrl="https://pmd.github.io/pmd/pmd_rules_java_bestpractices.html#junitassertionsshouldincludemessage" priority="3">
JUnit assertions should include a message
</violation>
<violation beginline="293" endline="293" begincolumn="9" endcolumn="18" rule="JUnitAssertionsShouldIncludeMessage" ruleset="Best Practices" package="org.junit.tests.experimental" class="AssumptionTest" method="failedAssumptionsWithMessage" externalInfoUrl="https://pmd.github.io/pmd/pmd_rules_java_bestpractices.html#junitassertionsshouldincludemessage" priority="3">
JUnit assertions should include a message
</violation>
<violation beginline="301" endline="301" begincolumn="40" endcolumn="63" rule="UseDiamondOperator" ruleset="Code Style" package="org.junit.tests.experimental" class="AssumptionTest" method="runAndGetAssumptionFailures" externalInfoUrl="https://pmd.github.io/pmd/pmd_rules_java_codestyle.html#usediamondoperator" priority="3">
Explicit type arguments can be replaced by Diamond Operator
</violation>
</file>
<file name="C:\Users\Deyan\Downloads\junit4-r4.13.2\src\test\java\org\junit\tests\experimental\MatcherTest.java">
<violation beginline="1" endline="44" begincolumn="1" endcolumn="2" rule="TooManyStaticImports" ruleset="Code Style" package="org.junit.tests.experimental" class="MatcherTest" externalInfoUrl="https://pmd.github.io/pmd/pmd_rules_java_codestyle.html#toomanystaticimports" priority="3">
Too many static imports may lead to messy code
</violation>
</file>
<file name="C:\Users\Deyan\Downloads\junit4-r4.13.2\src\test\java\org\junit\tests\experimental\max\DescriptionTest.java">
<violation beginline="1" endline="123" begincolumn="1" endcolumn="2" rule="TooManyStaticImports" ruleset="Code Style" package="org.junit.tests.experimental.max" class="DescriptionTest" externalInfoUrl="https://pmd.github.io/pmd/pmd_rules_java_codestyle.html#toomanystaticimports" priority="3">
Too many static imports may lead to messy code
</violation>
<violation beginline="21" endline="21" begincolumn="9" endcolumn="18" rule="JUnitAssertionsShouldIncludeMessage" ruleset="Best Practices" package="org.junit.tests.experimental.max" class="DescriptionTest" method="parseClass_whenCantParse" externalInfoUrl="https://pmd.github.io/pmd/pmd_rules_java_bestpractices.html#junitassertionsshouldincludemessage" priority="3">
JUnit assertions should include a message
</violation>
<violation beginline="26" endline="26" begincolumn="9" endcolumn="18" rule="JUnitAssertionsShouldIncludeMessage" ruleset="Best Practices" package="org.junit.tests.experimental.max" class="DescriptionTest" method="parseMethod_whenCantParse" externalInfoUrl="https://pmd.github.io/pmd/pmd_rules_java_bestpractices.html#junitassertionsshouldincludemessage" priority="3">
JUnit assertions should include a message
</violation>
<violation beginline="40" endline="40" begincolumn="59" endcolumn="67" rule="SignatureDeclareThrowsException" ruleset="Design" package="org.junit.tests.experimental.max" class="DescriptionTest" method="parseClassAndMethodNoAnnotations" externalInfoUrl="https://pmd.github.io/pmd/pmd_rules_java_design.html#signaturedeclarethrowsexception" priority="3">
A method/constructor should not explicitly throw java.lang.Exception
</violation>
<violation beginline="40" endline="46" begincolumn="12" endcolumn="5" rule="JUnitTestContainsTooManyAsserts" ruleset="Best Practices" package="org.junit.tests.experimental.max" class="DescriptionTest" method="parseClassAndMethodNoAnnotations" externalInfoUrl="https://pmd.github.io/pmd/pmd_rules_java_bestpractices.html#junittestcontainstoomanyasserts" priority="3">
Unit tests should not contain more than 1 assert(s).
</violation>
<violation beginline="41" endline="41" begincolumn="88" endcolumn="100" rule="AvoidDuplicateLiterals" ruleset="Error Prone" package="org.junit.tests.experimental.max" class="DescriptionTest" method="parseClassAndMethodNoAnnotations" externalInfoUrl="https://pmd.github.io/pmd/pmd_rules_java_errorprone.html#avoidduplicateliterals" priority="3">
The String literal "aTestMethod" appears 8 times in this file; the first occurrence is on line 41
</violation>
<violation beginline="43" endline="43" begincolumn="9" endcolumn="18" rule="JUnitAssertionsShouldIncludeMessage" ruleset="Best Practices" package="org.junit.tests.experimental.max" class="DescriptionTest" method="parseClassAndMethodNoAnnotations" externalInfoUrl="https://pmd.github.io/pmd/pmd_rules_java_bestpractices.html#junitassertionsshouldincludemessage" priority="3">
JUnit assertions should include a message
</violation>
<violation beginline="44" endline="44" begincolumn="9" endcolumn="18" rule="JUnitAssertionsShouldIncludeMessage" ruleset="Best Practices" package="org.junit.tests.experimental.max" class="DescriptionTest" method="parseClassAndMethodNoAnnotations" externalInfoUrl="https://pmd.github.io/pmd/pmd_rules_java_bestpractices.html#junitassertionsshouldincludemessage" priority="3">
JUnit assertions should include a message
</violation>
<violation beginline="45" endline="45" begincolumn="9" endcolumn="18" rule="JUnitAssertionsShouldIncludeMessage" ruleset="Best Practices" package="org.junit.tests.experimental.max" class="DescriptionTest" method="parseClassAndMethodNoAnnotations" externalInfoUrl="https://pmd.github.io/pmd/pmd_rules_java_bestpractices.html#junitassertionsshouldincludemessage" priority="3">
JUnit assertions should include a message
</violation>
<violation beginline="49" endline="49" begincolumn="61" endcolumn="69" rule="SignatureDeclareThrowsException" ruleset="Design" package="org.junit.tests.experimental.max" class="DescriptionTest" method="parseClassAndMethodWithAnnotations" externalInfoUrl="https://pmd.github.io/pmd/pmd_rules_java_design.html#signaturedeclarethrowsexception" priority="3">
A method/constructor should not explicitly throw java.lang.Exception
</violation>
<violation beginline="49" endline="58" begincolumn="12" endcolumn="5" rule="JUnitTestContainsTooManyAsserts" ruleset="Best Practices" package="org.junit.tests.experimental.max" class="DescriptionTest" method="parseClassAndMethodWithAnnotations" externalInfoUrl="https://pmd.github.io/pmd/pmd_rules_java_bestpractices.html#junittestcontainstoomanyasserts" priority="3">
Unit tests should not contain more than 1 assert(s).
</violation>
<violation beginline="55" endline="55" begincolumn="9" endcolumn="18" rule="JUnitAssertionsShouldIncludeMessage" ruleset="Best Practices" package="org.junit.tests.experimental.max" class="DescriptionTest" method="parseClassAndMethodWithAnnotations" externalInfoUrl="https://pmd.github.io/pmd/pmd_rules_java_bestpractices.html#junitassertionsshouldincludemessage" priority="3">
JUnit assertions should include a message
</violation>
<violation beginline="56" endline="56" begincolumn="9" endcolumn="18" rule="JUnitAssertionsShouldIncludeMessage" ruleset="Best Practices" package="org.junit.tests.experimental.max" class="DescriptionTest" method="parseClassAndMethodWithAnnotations" externalInfoUrl="https://pmd.github.io/pmd/pmd_rules_java_bestpractices.html#junitassertionsshouldincludemessage" priority="3">
JUnit assertions should include a message
</violation>
<violation beginline="57" endline="57" begincolumn="9" endcolumn="18" rule="JUnitAssertionsShouldIncludeMessage" ruleset="Best Practices" package="org.junit.tests.experimental.max" class="DescriptionTest" method="parseClassAndMethodWithAnnotations" externalInfoUrl="https://pmd.github.io/pmd/pmd_rules_java_bestpractices.html#junitassertionsshouldincludemessage" priority="3">
JUnit assertions should include a message
</violation>
<violation beginline="61" endline="61" begincolumn="58" endcolumn="66" rule="SignatureDeclareThrowsException" ruleset="Design" package="org.junit.tests.experimental.max" class="DescriptionTest" method="parseClassNameAndMethodUniqueId" externalInfoUrl="https://pmd.github.io/pmd/pmd_rules_java_design.html#signaturedeclarethrowsexception" priority="3">
A method/constructor should not explicitly throw java.lang.Exception
</violation>
<violation beginline="61" endline="67" begincolumn="12" endcolumn="5" rule="JUnitTestContainsTooManyAsserts" ruleset="Best Practices" package="org.junit.tests.experimental.max" class="DescriptionTest" method="parseClassNameAndMethodUniqueId" externalInfoUrl="https://pmd.github.io/pmd/pmd_rules_java_bestpractices.html#junittestcontainstoomanyasserts" priority="3">
Unit tests should not contain more than 1 assert(s).
</violation>
<violation beginline="62" endline="62" begincolumn="69" endcolumn="86" rule="AvoidDuplicateLiterals" ruleset="Error Prone" package="org.junit.tests.experimental.max" class="DescriptionTest" method="parseClassNameAndMethodUniqueId" externalInfoUrl="https://pmd.github.io/pmd/pmd_rules_java_errorprone.html#avoidduplicateliterals" priority="3">
The String literal "not a class name" appears 4 times in this file; the first occurrence is on line 62
</violation>
<violation beginline="64" endline="64" begincolumn="9" endcolumn="18" rule="JUnitAssertionsShouldIncludeMessage" ruleset="Best Practices" package="org.junit.tests.experimental.max" class="DescriptionTest" method="parseClassNameAndMethodUniqueId" externalInfoUrl="https://pmd.github.io/pmd/pmd_rules_java_bestpractices.html#junitassertionsshouldincludemessage" priority="3">
JUnit assertions should include a message
</violation>
<violation beginline="65" endline="65" begincolumn="9" endcolumn="18" rule="JUnitAssertionsShouldIncludeMessage" ruleset="Best Practices" package="org.junit.tests.experimental.max" class="DescriptionTest" method="parseClassNameAndMethodUniqueId" externalInfoUrl="https://pmd.github.io/pmd/pmd_rules_java_bestpractices.html#junitassertionsshouldincludemessage" priority="3">
JUnit assertions should include a message
</violation>
<violation beginline="66" endline="66" begincolumn="9" endcolumn="18" rule="JUnitAssertionsShouldIncludeMessage" ruleset="Best Practices" package="org.junit.tests.experimental.max" class="DescriptionTest" method="parseClassNameAndMethodUniqueId" externalInfoUrl="https://pmd.github.io/pmd/pmd_rules_java_bestpractices.html#junitassertionsshouldincludemessage" priority="3">
JUnit assertions should include a message
</violation>
<violation beginline="70" endline="70" begincolumn="67" endcolumn="75" rule="SignatureDeclareThrowsException" ruleset="Design" package="org.junit.tests.experimental.max" class="DescriptionTest" method="sameNamesButDifferentUniqueIdAreNotEqual" externalInfoUrl="https://pmd.github.io/pmd/pmd_rules_java_design.html#signaturedeclarethrowsexception" priority="3">
A method/constructor should not explicitly throw java.lang.Exception
</violation>
<violation beginline="71" endline="71" begincolumn="9" endcolumn="18" rule="JUnitAssertionsShouldIncludeMessage" ruleset="Best Practices" package="org.junit.tests.experimental.max" class="DescriptionTest" method="sameNamesButDifferentUniqueIdAreNotEqual" externalInfoUrl="https://pmd.github.io/pmd/pmd_rules_java_bestpractices.html#junitassertionsshouldincludemessage" priority="3">
JUnit assertions should include a message
</violation>
<violation beginline="76" endline="76" begincolumn="50" endcolumn="58" rule="SignatureDeclareThrowsException" ruleset="Design" package="org.junit.tests.experimental.max" class="DescriptionTest" method="usesPassedInClassObject" externalInfoUrl="https://pmd.github.io/pmd/pmd_rules_java_design.html#signaturedeclarethrowsexception" priority="3">
A method/constructor should not explicitly throw java.lang.Exception
</violation>
<violation beginline="76" endline="114" begincolumn="12" endcolumn="5" rule="JUnitTestContainsTooManyAsserts" ruleset="Best Practices" package="org.junit.tests.experimental.max" class="DescriptionTest" method="usesPassedInClassObject" externalInfoUrl="https://pmd.github.io/pmd/pmd_rules_java_bestpractices.html#junittestcontainstoomanyasserts" priority="3">
Unit tests should not contain more than 1 assert(s).
</violation>
<violation beginline="83" endline="85" begincolumn="20" endcolumn="13" rule="UselessOverridingMethod" ruleset="Design" package="org.junit.tests.experimental.max" class="DescriptionTest$URLClassLoader2" method="findClass" externalInfoUrl="https://pmd.github.io/pmd/pmd_rules_java_design.html#uselessoverridingmethod" priority="3">
Overriding method merely calls super
</violation>
<violation beginline="90" endline="90" begincolumn="9" endcolumn="20" rule="JUnitAssertionsShouldIncludeMessage" ruleset="Best Practices" package="org.junit.tests.experimental.max" class="DescriptionTest" method="usesPassedInClassObject" externalInfoUrl="https://pmd.github.io/pmd/pmd_rules_java_bestpractices.html#junitassertionsshouldincludemessage" priority="3">
JUnit assertions should include a message
</violation>
<violation beginline="93" endline="93" begincolumn="9" endcolumn="20" rule="JUnitAssertionsShouldIncludeMessage" ruleset="Best Practices" package="org.junit.tests.experimental.max" class="DescriptionTest" method="usesPassedInClassObject" externalInfoUrl="https://pmd.github.io/pmd/pmd_rules_java_bestpractices.html#junitassertionsshouldincludemessage" priority="3">
JUnit assertions should include a message
</violation>
<violation beginline="94" endline="94" begincolumn="9" endcolumn="18" rule="JUnitAssertionsShouldIncludeMessage" ruleset="Best Practices" package="org.junit.tests.experimental.max" class="DescriptionTest" method="usesPassedInClassObject" externalInfoUrl="https://pmd.github.io/pmd/pmd_rules_java_bestpractices.html#junitassertionsshouldincludemessage" priority="3">
JUnit assertions should include a message
</violation>
<violation beginline="95" endline="95" begincolumn="9" endcolumn="20" rule="JUnitAssertionsShouldIncludeMessage" ruleset="Best Practices" package="org.junit.tests.experimental.max" class="DescriptionTest" method="usesPassedInClassObject" externalInfoUrl="https://pmd.github.io/pmd/pmd_rules_java_bestpractices.html#junitassertionsshouldincludemessage" priority="3">
JUnit assertions should include a message
</violation>
<violation beginline="96" endline="96" begincolumn="9" endcolumn="20" rule="JUnitAssertionsShouldIncludeMessage" ruleset="Best Practices" package="org.junit.tests.experimental.max" class="DescriptionTest" method="usesPassedInClassObject" externalInfoUrl="https://pmd.github.io/pmd/pmd_rules_java_bestpractices.html#junitassertionsshouldincludemessage" priority="3">
JUnit assertions should include a message
</violation>
<violation beginline="98" endline="98" begincolumn="54" endcolumn="61" rule="AvoidDuplicateLiterals" ruleset="Error Prone" package="org.junit.tests.experimental.max" class="DescriptionTest" method="usesPassedInClassObject" externalInfoUrl="https://pmd.github.io/pmd/pmd_rules_java_errorprone.html#avoidduplicateliterals" priority="3">
The String literal "tessed" appears 6 times in this file; the first occurrence is on line 98
</violation>
<violation beginline="99" endline="99" begincolumn="9" endcolumn="20" rule="JUnitAssertionsShouldIncludeMessage" ruleset="Best Practices" package="org.junit.tests.experimental.max" class="DescriptionTest" method="usesPassedInClassObject" externalInfoUrl="https://pmd.github.io/pmd/pmd_rules_java_bestpractices.html#junitassertionsshouldincludemessage" priority="3">
JUnit assertions should include a message
</violation>
<violation beginline="100" endline="100" begincolumn="9" endcolumn="20" rule="JUnitAssertionsShouldIncludeMessage" ruleset="Best Practices" package="org.junit.tests.experimental.max" class="DescriptionTest" method="usesPassedInClassObject" externalInfoUrl="https://pmd.github.io/pmd/pmd_rules_java_bestpractices.html#junitassertionsshouldincludemessage" priority="3">
JUnit assertions should include a message
</violation>
<violation beginline="101" endline="101" begincolumn="9" endcolumn="20" rule="JUnitAssertionsShouldIncludeMessage" ruleset="Best Practices" package="org.junit.tests.experimental.max" class="DescriptionTest" method="usesPassedInClassObject" externalInfoUrl="https://pmd.github.io/pmd/pmd_rules_java_bestpractices.html#junitassertionsshouldincludemessage" priority="3">
JUnit assertions should include a message
</violation>
<violation beginline="104" endline="104" begincolumn="9" endcolumn="20" rule="JUnitAssertionsShouldIncludeMessage" ruleset="Best Practices" package="org.junit.tests.experimental.max" class="DescriptionTest" method="usesPassedInClassObject" externalInfoUrl="https://pmd.github.io/pmd/pmd_rules_java_bestpractices.html#junitassertionsshouldincludemessage" priority="3">
JUnit assertions should include a message
</violation>
<violation beginline="105" endline="105" begincolumn="9" endcolumn="20" rule="JUnitAssertionsShouldIncludeMessage" ruleset="Best Practices" package="org.junit.tests.experimental.max" class="DescriptionTest" method="usesPassedInClassObject" externalInfoUrl="https://pmd.github.io/pmd/pmd_rules_java_bestpractices.html#junitassertionsshouldincludemessage" priority="3">
JUnit assertions should include a message
</violation>
<violation beginline="106" endline="106" begincolumn="9" endcolumn="20" rule="JUnitAssertionsShouldIncludeMessage" ruleset="Best Practices" package="org.junit.tests.experimental.max" class="DescriptionTest" method="usesPassedInClassObject" externalInfoUrl="https://pmd.github.io/pmd/pmd_rules_java_bestpractices.html#junitassertionsshouldincludemessage" priority="3">
JUnit assertions should include a message
</violation>
<violation beginline="107" endline="107" begincolumn="9" endcolumn="20" rule="JUnitAssertionsShouldIncludeMessage" ruleset="Best Practices" package="org.junit.tests.experimental.max" class="DescriptionTest" method="usesPassedInClassObject" externalInfoUrl="https://pmd.github.io/pmd/pmd_rules_java_bestpractices.html#junitassertionsshouldincludemessage" priority="3">
JUnit assertions should include a message
</violation>
<violation beginline="110" endline="110" begincolumn="9" endcolumn="20" rule="JUnitAssertionsShouldIncludeMessage" ruleset="Best Practices" package="org.junit.tests.experimental.max" class="DescriptionTest" method="usesPassedInClassObject" externalInfoUrl="https://pmd.github.io/pmd/pmd_rules_java_bestpractices.html#junitassertionsshouldincludemessage" priority="3">
JUnit assertions should include a message
</violation>
<violation beginline="111" endline="111" begincolumn="9" endcolumn="20" rule="JUnitAssertionsShouldIncludeMessage" ruleset="Best Practices" package="org.junit.tests.experimental.max" class="DescriptionTest" method="usesPassedInClassObject" externalInfoUrl="https://pmd.github.io/pmd/pmd_rules_java_bestpractices.html#junitassertionsshouldincludemessage" priority="3">
JUnit assertions should include a message
</violation>
<violation beginline="112" endline="112" begincolumn="9" endcolumn="20" rule="JUnitAssertionsShouldIncludeMessage" ruleset="Best Practices" package="org.junit.tests.experimental.max" class="DescriptionTest" method="usesPassedInClassObject" externalInfoUrl="https://pmd.github.io/pmd/pmd_rules_java_bestpractices.html#junitassertionsshouldincludemessage" priority="3">
JUnit assertions should include a message
</violation>
<violation beginline="113" endline="113" begincolumn="9" endcolumn="20" rule="JUnitAssertionsShouldIncludeMessage" ruleset="Best Practices" package="org.junit.tests.experimental.max" class="DescriptionTest" method="usesPassedInClassObject" externalInfoUrl="https://pmd.github.io/pmd/pmd_rules_java_bestpractices.html#junitassertionsshouldincludemessage" priority="3">
JUnit assertions should include a message
</violation>
<violation beginline="119" endline="120" begincolumn="30" endcolumn="9" rule="UncommentedEmptyMethodBody" ruleset="Documentation" package="org.junit.tests.experimental.max" class="DescriptionTest$Sweet" method="tessed" externalInfoUrl="https://pmd.github.io/pmd/pmd_rules_java_documentation.html#uncommentedemptymethodbody" priority="3">
Document empty method body
</violation>
<violation beginline="119" endline="120" begincolumn="16" endcolumn="9" rule="JUnitTestsShouldIncludeAssert" ruleset="Best Practices" package="org.junit.tests.experimental.max" class="DescriptionTest$Sweet" method="tessed" externalInfoUrl="https://pmd.github.io/pmd/pmd_rules_java_bestpractices.html#junittestsshouldincludeassert" priority="3">
JUnit tests should include assert() or fail()
</violation>
</file>
<file name="C:\Users\Deyan\Downloads\junit4-r4.13.2\src\test\java\org\junit\tests\experimental\max\JUnit38SortingTest.java">
<violation beginline="36" endline="37" begincolumn="28" endcolumn="9" rule="UncommentedEmptyMethodBody" ruleset="Documentation" package="org.junit.tests.experimental.max" class="JUnit38SortingTest$JUnit4Test" method="pass" externalInfoUrl="https://pmd.github.io/pmd/pmd_rules_java_documentation.html#uncommentedemptymethodbody" priority="3">
Document empty method body
</violation>
<violation beginline="36" endline="37" begincolumn="16" endcolumn="9" rule="JUnitTestsShouldIncludeAssert" ruleset="Best Practices" package="org.junit.tests.experimental.max" class="JUnit38SortingTest$JUnit4Test" method="pass" externalInfoUrl="https://pmd.github.io/pmd/pmd_rules_java_bestpractices.html#junittestsshouldincludeassert" priority="3">
JUnit tests should include assert() or fail()
</violation>
<violation beginline="42" endline="42" begincolumn="13" endcolumn="16" rule="JUnitAssertionsShouldIncludeMessage" ruleset="Best Practices" package="org.junit.tests.experimental.max" class="JUnit38SortingTest$JUnit38Test" method="testFails" externalInfoUrl="https://pmd.github.io/pmd/pmd_rules_java_bestpractices.html#junitassertionsshouldincludemessage" priority="3">
JUnit assertions should include a message
</violation>
<violation beginline="45" endline="46" begincolumn="36" endcolumn="9" rule="UncommentedEmptyMethodBody" ruleset="Documentation" package="org.junit.tests.experimental.max" class="JUnit38SortingTest$JUnit38Test" method="testSucceeds" externalInfoUrl="https://pmd.github.io/pmd/pmd_rules_java_documentation.html#uncommentedemptymethodbody" priority="3">
Document empty method body
</violation>
<violation beginline="48" endline="49" begincolumn="39" endcolumn="9" rule="UncommentedEmptyMethodBody" ruleset="Documentation" package="org.junit.tests.experimental.max" class="JUnit38SortingTest$JUnit38Test" method="testSucceedsToo" externalInfoUrl="https://pmd.github.io/pmd/pmd_rules_java_documentation.html#uncommentedemptymethodbody" priority="3">
Document empty method body
</violation>
<violation beginline="59" endline="59" begincolumn="9" endcolumn="20" rule="JUnitAssertionsShouldIncludeMessage" ruleset="Best Practices" package="org.junit.tests.experimental.max" class="JUnit38SortingTest" method="preferRecentlyFailed38Test" externalInfoUrl="https://pmd.github.io/pmd/pmd_rules_java_bestpractices.html#junitassertionsshouldincludemessage" priority="3">
JUnit assertions should include a message
</violation>
</file>
<file name="C:\Users\Deyan\Downloads\junit4-r4.13.2\src\test\java\org\junit\tests\experimental\max\MaxStarterTest.java">
<violation beginline="1" endline="292" begincolumn="1" endcolumn="2" rule="TooManyStaticImports" ruleset="Code Style" package="org.junit.tests.experimental.max" class="MaxStarterTest" externalInfoUrl="https://pmd.github.io/pmd/pmd_rules_java_codestyle.html#toomanystaticimports" priority="3">
Too many static imports may lead to messy code
</violation>
<violation beginline="52" endline="53" begincolumn="31" endcolumn="9" rule="UncommentedEmptyMethodBody" ruleset="Documentation" package="org.junit.tests.experimental.max" class="MaxStarterTest$TwoTests" method="succeed" externalInfoUrl="https://pmd.github.io/pmd/pmd_rules_java_documentation.html#uncommentedemptymethodbody" priority="3">
Document empty method body
</violation>
<violation beginline="52" endline="53" begincolumn="16" endcolumn="9" rule="JUnitTestsShouldIncludeAssert" ruleset="Best Practices" package="org.junit.tests.experimental.max" class="MaxStarterTest$TwoTests" method="succeed" externalInfoUrl="https://pmd.github.io/pmd/pmd_rules_java_bestpractices.html#junittestsshouldincludeassert" priority="3">
JUnit tests should include assert() or fail()
</violation>
<violation beginline="57" endline="57" begincolumn="13" endcolumn="16" rule="JUnitAssertionsShouldIncludeMessage" ruleset="Best Practices" package="org.junit.tests.experimental.max" class="MaxStarterTest$TwoTests" method="dontSucceed" externalInfoUrl="https://pmd.github.io/pmd/pmd_rules_java_bestpractices.html#junitassertionsshouldincludemessage" priority="3">
JUnit assertions should include a message
</violation>
<violation beginline="62" endline="72" begincolumn="12" endcolumn="5" rule="JUnitTestContainsTooManyAsserts" ruleset="Best Practices" package="org.junit.tests.experimental.max" class="MaxStarterTest" method="twoTestsNotRunComeBackInRandomOrder" externalInfoUrl="https://pmd.github.io/pmd/pmd_rules_java_bestpractices.html#junittestcontainstoomanyasserts" priority="3">
Unit tests should not contain more than 1 assert(s).
</violation>
<violation beginline="68" endline="68" begincolumn="33" endcolumn="45" rule="AvoidDuplicateLiterals" ruleset="Error Prone" package="org.junit.tests.experimental.max" class="MaxStarterTest" method="twoTestsNotRunComeBackInRandomOrder" externalInfoUrl="https://pmd.github.io/pmd/pmd_rules_java_errorprone.html#avoidduplicateliterals" priority="3">
The String literal "dontSucceed" appears 5 times in this file; the first occurrence is on line 68
</violation>
<violation beginline="69" endline="69" begincolumn="9" endcolumn="18" rule="JUnitAssertionsShouldIncludeMessage" ruleset="Best Practices" package="org.junit.tests.experimental.max" class="MaxStarterTest" method="twoTestsNotRunComeBackInRandomOrder" externalInfoUrl="https://pmd.github.io/pmd/pmd_rules_java_bestpractices.html#junitassertionsshouldincludemessage" priority="3">
JUnit assertions should include a message
</violation>
<violation beginline="70" endline="70" begincolumn="9" endcolumn="18" rule="JUnitAssertionsShouldIncludeMessage" ruleset="Best Practices" package="org.junit.tests.experimental.max" class="MaxStarterTest" method="twoTestsNotRunComeBackInRandomOrder" externalInfoUrl="https://pmd.github.io/pmd/pmd_rules_java_bestpractices.html#junitassertionsshouldincludemessage" priority="3">
JUnit assertions should include a message
</violation>
<violation beginline="71" endline="71" begincolumn="9" endcolumn="20" rule="JUnitAssertionsShouldIncludeMessage" ruleset="Best Practices" package="org.junit.tests.experimental.max" class="MaxStarterTest" method="twoTestsNotRunComeBackInRandomOrder" externalInfoUrl="https://pmd.github.io/pmd/pmd_rules_java_bestpractices.html#junitassertionsshouldincludemessage" priority="3">
JUnit assertions should include a message
</violation>
<violation beginline="75" endline="84" begincolumn="12" endcolumn="5" rule="JUnitTestContainsTooManyAsserts" ruleset="Best Practices" package="org.junit.tests.experimental.max" class="MaxStarterTest" method="preferNewTests" externalInfoUrl="https://pmd.github.io/pmd/pmd_rules_java_bestpractices.html#junittestcontainstoomanyasserts" priority="3">
Unit tests should not contain more than 1 assert(s).
</violation>
<violation beginline="82" endline="82" begincolumn="9" endcolumn="20" rule="JUnitAssertionsShouldIncludeMessage" ruleset="Best Practices" package="org.junit.tests.experimental.max" class="MaxStarterTest" method="preferNewTests" externalInfoUrl="https://pmd.github.io/pmd/pmd_rules_java_bestpractices.html#junitassertionsshouldincludemessage" priority="3">
JUnit assertions should include a message
</violation>
<violation beginline="83" endline="83" begincolumn="9" endcolumn="20" rule="JUnitAssertionsShouldIncludeMessage" ruleset="Best Practices" package="org.junit.tests.experimental.max" class="MaxStarterTest" method="preferNewTests" externalInfoUrl="https://pmd.github.io/pmd/pmd_rules_java_bestpractices.html#junitassertionsshouldincludemessage" priority="3">
JUnit assertions should include a message
</violation>
<violation beginline="92" endline="101" begincolumn="12" endcolumn="5" rule="JUnitTestContainsTooManyAsserts" ruleset="Best Practices" package="org.junit.tests.experimental.max" class="MaxStarterTest" method="preferNewTestsOverTestsThatFailed" externalInfoUrl="https://pmd.github.io/pmd/pmd_rules_java_bestpractices.html#junittestcontainstoomanyasserts" priority="3">
Unit tests should not contain more than 1 assert(s).
</violation>
<violation beginline="99" endline="99" begincolumn="9" endcolumn="20" rule="JUnitAssertionsShouldIncludeMessage" ruleset="Best Practices" package="org.junit.tests.experimental.max" class="MaxStarterTest" method="preferNewTestsOverTestsThatFailed" externalInfoUrl="https://pmd.github.io/pmd/pmd_rules_java_bestpractices.html#junitassertionsshouldincludemessage" priority="3">
JUnit assertions should include a message
</violation>
<violation beginline="100" endline="100" begincolumn="9" endcolumn="20" rule="JUnitAssertionsShouldIncludeMessage" ruleset="Best Practices" package="org.junit.tests.experimental.max" class="MaxStarterTest" method="preferNewTestsOverTestsThatFailed" externalInfoUrl="https://pmd.github.io/pmd/pmd_rules_java_bestpractices.html#junitassertionsshouldincludemessage" priority="3">
JUnit assertions should include a message
</violation>
<violation beginline="110" endline="110" begincolumn="9" endcolumn="20" rule="JUnitAssertionsShouldIncludeMessage" ruleset="Best Practices" package="org.junit.tests.experimental.max" class="MaxStarterTest" method="preferRecentlyFailed" externalInfoUrl="https://pmd.github.io/pmd/pmd_rules_java_bestpractices.html#junitassertionsshouldincludemessage" priority="3">
JUnit assertions should include a message
</violation>
<violation beginline="114" endline="123" begincolumn="12" endcolumn="5" rule="JUnitTestContainsTooManyAsserts" ruleset="Best Practices" package="org.junit.tests.experimental.max" class="MaxStarterTest" method="sortTestsInMultipleClasses" externalInfoUrl="https://pmd.github.io/pmd/pmd_rules_java_bestpractices.html#junittestcontainstoomanyasserts" priority="3">
Unit tests should not contain more than 1 assert(s).
</violation>
<violation beginline="121" endline="121" begincolumn="9" endcolumn="20" rule="JUnitAssertionsShouldIncludeMessage" ruleset="Best Practices" package="org.junit.tests.experimental.max" class="MaxStarterTest" method="sortTestsInMultipleClasses" externalInfoUrl="https://pmd.github.io/pmd/pmd_rules_java_bestpractices.html#junitassertionsshouldincludemessage" priority="3">
JUnit assertions should include a message
</violation>
<violation beginline="122" endline="122" begincolumn="9" endcolumn="20" rule="JUnitAssertionsShouldIncludeMessage" ruleset="Best Practices" package="org.junit.tests.experimental.max" class="MaxStarterTest" method="sortTestsInMultipleClasses" externalInfoUrl="https://pmd.github.io/pmd/pmd_rules_java_bestpractices.html#junitassertionsshouldincludemessage" priority="3">
JUnit assertions should include a message
</violation>
<violation beginline="129" endline="129" begincolumn="13" endcolumn="16" rule="JUnitAssertionsShouldIncludeMessage" ruleset="Best Practices" package="org.junit.tests.experimental.max" class="MaxStarterTest$TwoUnEqualTests" method="slow" externalInfoUrl="https://pmd.github.io/pmd/pmd_rules_java_bestpractices.html#junitassertionsshouldincludemessage" priority="3">
JUnit assertions should include a message
</violation>
<violation beginline="134" endline="134" begincolumn="13" endcolumn="16" rule="JUnitAssertionsShouldIncludeMessage" ruleset="Best Practices" package="org.junit.tests.experimental.max" class="MaxStarterTest$TwoUnEqualTests" method="fast" externalInfoUrl="https://pmd.github.io/pmd/pmd_rules_java_bestpractices.html#junitassertionsshouldincludemessage" priority="3">
JUnit assertions should include a message
</violation>
<violation beginline="140" endline="148" begincolumn="12" endcolumn="5" rule="JUnitTestContainsTooManyAsserts" ruleset="Best Practices" package="org.junit.tests.experimental.max" class="MaxStarterTest" method="rememberOldRuns" externalInfoUrl="https://pmd.github.io/pmd/pmd_rules_java_bestpractices.html#junittestcontainstoomanyasserts" priority="3">
Unit tests should not contain more than 1 assert(s).
</violation>
<violation beginline="146" endline="146" begincolumn="9" endcolumn="20" rule="JUnitAssertionsShouldIncludeMessage" ruleset="Best Practices" package="org.junit.tests.experimental.max" class="MaxStarterTest" method="rememberOldRuns" externalInfoUrl="https://pmd.github.io/pmd/pmd_rules_java_bestpractices.html#junitassertionsshouldincludemessage" priority="3">
JUnit assertions should include a message
</violation>
<violation beginline="147" endline="147" begincolumn="9" endcolumn="20" rule="JUnitAssertionsShouldIncludeMessage" ruleset="Best Practices" package="org.junit.tests.experimental.max" class="MaxStarterTest" method="rememberOldRuns" externalInfoUrl="https://pmd.github.io/pmd/pmd_rules_java_bestpractices.html#junitassertionsshouldincludemessage" priority="3">
JUnit assertions should include a message
</violation>
<violation beginline="155" endline="155" begincolumn="9" endcolumn="20" rule="JUnitAssertionsShouldIncludeMessage" ruleset="Best Practices" package="org.junit.tests.experimental.max" class="MaxStarterTest" method="preferFast" externalInfoUrl="https://pmd.github.io/pmd/pmd_rules_java_bestpractices.html#junitassertionsshouldincludemessage" priority="3">
JUnit assertions should include a message
</violation>
<violation beginline="161" endline="161" begincolumn="20" endcolumn="28" rule="SignatureDeclareThrowsException" ruleset="Design" package="org.junit.tests.experimental.max" class="MaxStarterTest" method="listenersAreCalledCorrectlyInTheFaceOfFailures" externalInfoUrl="https://pmd.github.io/pmd/pmd_rules_java_design.html#signaturedeclarethrowsexception" priority="3">
A method/constructor should not explicitly throw java.lang.Exception
</violation>
<violation beginline="163" endline="163" begincolumn="40" endcolumn="63" rule="UseDiamondOperator" ruleset="Code Style" package="org.junit.tests.experimental.max" class="MaxStarterTest" method="listenersAreCalledCorrectlyInTheFaceOfFailures" externalInfoUrl="https://pmd.github.io/pmd/pmd_rules_java_codestyle.html#usediamondoperator" priority="3">
Explicit type arguments can be replaced by Diamond Operator
</violation>
<violation beginline="171" endline="171" begincolumn="9" endcolumn="20" rule="JUnitAssertionsShouldIncludeMessage" ruleset="Best Practices" package="org.junit.tests.experimental.max" class="MaxStarterTest" method="listenersAreCalledCorrectlyInTheFaceOfFailures" externalInfoUrl="https://pmd.github.io/pmd/pmd_rules_java_bestpractices.html#junitassertionsshouldincludemessage" priority="3">
JUnit assertions should include a message
</violation>
<violation beginline="178" endline="178" begincolumn="9" endcolumn="20" rule="JUnitAssertionsShouldIncludeMessage" ruleset="Best Practices" package="org.junit.tests.experimental.max" class="MaxStarterTest" method="testsAreOnlyIncludedOnceWhenExpandingForSorting" externalInfoUrl="https://pmd.github.io/pmd/pmd_rules_java_bestpractices.html#junitassertionsshouldincludemessage" priority="3">
JUnit assertions should include a message
</violation>
<violation beginline="182" endline="183" begincolumn="31" endcolumn="9" rule="UncommentedEmptyMethodBody" ruleset="Documentation" package="org.junit.tests.experimental.max" class="MaxStarterTest$TwoOldTests" method="testOne" externalInfoUrl="https://pmd.github.io/pmd/pmd_rules_java_documentation.html#uncommentedemptymethodbody" priority="3">
Document empty method body
</violation>
<violation beginline="185" endline="186" begincolumn="31" endcolumn="9" rule="UncommentedEmptyMethodBody" ruleset="Documentation" package="org.junit.tests.experimental.max" class="MaxStarterTest$TwoOldTests" method="testTwo" externalInfoUrl="https://pmd.github.io/pmd/pmd_rules_java_documentation.html#uncommentedemptymethodbody" priority="3">
Document empty method body
</violation>
<violation beginline="190" endline="190" begincolumn="48" endcolumn="56" rule="SignatureDeclareThrowsException" ruleset="Design" package="org.junit.tests.experimental.max" class="MaxStarterTest" method="junit3TestsAreRunOnce" externalInfoUrl="https://pmd.github.io/pmd/pmd_rules_java_design.html#signaturedeclarethrowsexception" priority="3">
A method/constructor should not explicitly throw java.lang.Exception
</violation>
<violation beginline="193" endline="193" begincolumn="9" endcolumn="20" rule="JUnitAssertionsShouldIncludeMessage" ruleset="Best Practices" package="org.junit.tests.experimental.max" class="MaxStarterTest" method="junit3TestsAreRunOnce" externalInfoUrl="https://pmd.github.io/pmd/pmd_rules_java_bestpractices.html#junitassertionsshouldincludemessage" priority="3">
JUnit assertions should include a message
</violation>
<violation beginline="197" endline="197" begincolumn="61" endcolumn="69" rule="SignatureDeclareThrowsException" ruleset="Design" package="org.junit.tests.experimental.max" class="MaxStarterTest" method="filterSingleMethodFromOldTestClass" externalInfoUrl="https://pmd.github.io/pmd/pmd_rules_java_design.html#signaturedeclarethrowsexception" priority="3">
A method/constructor should not explicitly throw java.lang.Exception
</violation>
<violation beginline="203" endline="203" begincolumn="9" endcolumn="20" rule="JUnitAssertionsShouldIncludeMessage" ruleset="Best Practices" package="org.junit.tests.experimental.max" class="MaxStarterTest" method="filterSingleMethodFromOldTestClass" externalInfoUrl="https://pmd.github.io/pmd/pmd_rules_java_bestpractices.html#junitassertionsshouldincludemessage" priority="3">
JUnit assertions should include a message
</violation>
<violation beginline="231" endline="232" begincolumn="17" endcolumn="9" rule="UnnecessaryConstructor" ruleset="Code Style" package="org.junit.tests.experimental.max" class="MaxStarterTest$MalformedJUnit38Test" method="MalformedJUnit38Test" externalInfoUrl="https://pmd.github.io/pmd/pmd_rules_java_codestyle.html#unnecessaryconstructor" priority="3">
Avoid unnecessary constructors - the compiler will generate these for you
</violation>
<violation beginline="235" endline="236" begincolumn="36" endcolumn="9" rule="UncommentedEmptyMethodBody" ruleset="Documentation" package="org.junit.tests.experimental.max" class="MaxStarterTest$MalformedJUnit38Test" method="testSucceeds" externalInfoUrl="https://pmd.github.io/pmd/pmd_rules_java_documentation.html#uncommentedemptymethodbody" priority="3">
Document empty method body
</violation>
<violation beginline="240" endline="243" begincolumn="12" endcolumn="5" rule="JUnitTestsShouldIncludeAssert" ruleset="Best Practices" package="org.junit.tests.experimental.max" class="MaxStarterTest" method="maxShouldSkipMalformedJUnit38Classes" externalInfoUrl="https://pmd.github.io/pmd/pmd_rules_java_bestpractices.html#junittestsshouldincludeassert" priority="3">
JUnit tests should include assert() or fail()
</violation>
<violation beginline="247" endline="248" begincolumn="36" endcolumn="9" rule="UncommentedEmptyMethodBody" ruleset="Documentation" package="org.junit.tests.experimental.max" class="MaxStarterTest$MalformedJUnit38TestMethod" method="testNothing" externalInfoUrl="https://pmd.github.io/pmd/pmd_rules_java_documentation.html#uncommentedemptymethodbody" priority="3">
Document empty method body
</violation>
<violation beginline="252" endline="262" begincolumn="12" endcolumn="5" rule="JUnitTestContainsTooManyAsserts" ruleset="Best Practices" package="org.junit.tests.experimental.max" class="MaxStarterTest" method="correctErrorFromMalformedTest" externalInfoUrl="https://pmd.github.io/pmd/pmd_rules_java_bestpractices.html#junittestcontainstoomanyasserts" priority="3">
Unit tests should not contain more than 1 assert(s).
</violation>
<violation beginline="259" endline="259" begincolumn="9" endcolumn="18" rule="JUnitAssertionsShouldIncludeMessage" ruleset="Best Practices" package="org.junit.tests.experimental.max" class="MaxStarterTest" method="correctErrorFromMalformedTest" externalInfoUrl="https://pmd.github.io/pmd/pmd_rules_java_bestpractices.html#junitassertionsshouldincludemessage" priority="3">
JUnit assertions should include a message
</violation>
<violation beginline="260" endline="260" begincolumn="9" endcolumn="18" rule="JUnitAssertionsShouldIncludeMessage" ruleset="Best Practices" package="org.junit.tests.experimental.max" class="MaxStarterTest" method="correctErrorFromMalformedTest" externalInfoUrl="https://pmd.github.io/pmd/pmd_rules_java_bestpractices.html#junitassertionsshouldincludemessage" priority="3">
JUnit assertions should include a message
</violation>
<violation beginline="261" endline="261" begincolumn="9" endcolumn="18" rule="JUnitAssertionsShouldIncludeMessage" ruleset="Best Practices" package="org.junit.tests.experimental.max" class="MaxStarterTest" method="correctErrorFromMalformedTest" externalInfoUrl="https://pmd.github.io/pmd/pmd_rules_java_bestpractices.html#junitassertionsshouldincludemessage" priority="3">
JUnit assertions should include a message
</violation>
<violation beginline="265" endline="266" begincolumn="37" endcolumn="9" rule="UncommentedEmptyMethodBody" ruleset="Documentation" package="org.junit.tests.experimental.max" class="MaxStarterTest$HalfMalformedJUnit38TestMethod" method="testSomething" externalInfoUrl="https://pmd.github.io/pmd/pmd_rules_java_documentation.html#uncommentedemptymethodbody" priority="3">
Document empty method body
</violation>
<violation beginline="269" endline="270" begincolumn="36" endcolumn="9" rule="UncommentedEmptyMethodBody" ruleset="Documentation" package="org.junit.tests.experimental.max" class="MaxStarterTest$HalfMalformedJUnit38TestMethod" method="testNothing" externalInfoUrl="https://pmd.github.io/pmd/pmd_rules_java_documentation.html#uncommentedemptymethodbody" priority="3">
Document empty method body
</violation>
<violation beginline="275" endline="275" begincolumn="9" endcolumn="18" rule="JUnitAssertionsShouldIncludeMessage" ruleset="Best Practices" package="org.junit.tests.experimental.max" class="MaxStarterTest" method="halfMalformed" externalInfoUrl="https://pmd.github.io/pmd/pmd_rules_java_bestpractices.html#junitassertionsshouldincludemessage" priority="3">
JUnit assertions should include a message
</violation>
<violation beginline="281" endline="291" begincolumn="12" endcolumn="5" rule="JUnitTestContainsTooManyAsserts" ruleset="Best Practices" package="org.junit.tests.experimental.max" class="MaxStarterTest" method="correctErrorFromHalfMalformedTest" externalInfoUrl="https://pmd.github.io/pmd/pmd_rules_java_bestpractices.html#junittestcontainstoomanyasserts" priority="3">
Unit tests should not contain more than 1 assert(s).
</violation>
<violation beginline="288" endline="288" begincolumn="9" endcolumn="18" rule="JUnitAssertionsShouldIncludeMessage" ruleset="Best Practices" package="org.junit.tests.experimental.max" class="MaxStarterTest" method="correctErrorFromHalfMalformedTest" externalInfoUrl="https://pmd.github.io/pmd/pmd_rules_java_bestpractices.html#junitassertionsshouldincludemessage" priority="3">
JUnit assertions should include a message
</violation>
<violation beginline="289" endline="289" begincolumn="9" endcolumn="18" rule="JUnitAssertionsShouldIncludeMessage" ruleset="Best Practices" package="org.junit.tests.experimental.max" class="MaxStarterTest" method="correctErrorFromHalfMalformedTest" externalInfoUrl="https://pmd.github.io/pmd/pmd_rules_java_bestpractices.html#junitassertionsshouldincludemessage" priority="3">
JUnit assertions should include a message
</violation>
<violation beginline="290" endline="290" begincolumn="9" endcolumn="18" rule="JUnitAssertionsShouldIncludeMessage" ruleset="Best Practices" package="org.junit.tests.experimental.max" class="MaxStarterTest" method="correctErrorFromHalfMalformedTest" externalInfoUrl="https://pmd.github.io/pmd/pmd_rules_java_bestpractices.html#junitassertionsshouldincludemessage" priority="3">
JUnit assertions should include a message
</violation>
</file>
<file name="C:\Users\Deyan\Downloads\junit4-r4.13.2\src\test\java\org\junit\tests\experimental\parallel\ParallelClassTest.java">
<violation beginline="1" endline="79" begincolumn="1" endcolumn="2" rule="TooManyStaticImports" ruleset="Code Style" package="org.junit.tests.experimental.parallel" class="ParallelClassTest" externalInfoUrl="https://pmd.github.io/pmd/pmd_rules_java_codestyle.html#toomanystaticimports" priority="3">
Too many static imports may lead to messy code
</violation>
<violation beginline="20" endline="20" begincolumn="36" endcolumn="54" rule="RedundantFieldInitializer" ruleset="Performance" package="org.junit.tests.experimental.parallel" class="ParallelClassTest" variable="fExample1One" externalInfoUrl="https://pmd.github.io/pmd/pmd_rules_java_performance.html#redundantfieldinitializer" priority="3">
Avoid using redundant field initializer for 'fExample1One'
</violation>
<violation beginline="21" endline="21" begincolumn="36" endcolumn="54" rule="RedundantFieldInitializer" ruleset="Performance" package="org.junit.tests.experimental.parallel" class="ParallelClassTest" variable="fExample1Two" externalInfoUrl="https://pmd.github.io/pmd/pmd_rules_java_performance.html#redundantfieldinitializer" priority="3">
Avoid using redundant field initializer for 'fExample1Two'
</violation>
<violation beginline="22" endline="22" begincolumn="36" endcolumn="54" rule="RedundantFieldInitializer" ruleset="Performance" package="org.junit.tests.experimental.parallel" class="ParallelClassTest" variable="fExample2One" externalInfoUrl="https://pmd.github.io/pmd/pmd_rules_java_performance.html#redundantfieldinitializer" priority="3">
Avoid using redundant field initializer for 'fExample2One'
</violation>
<violation beginline="23" endline="23" begincolumn="36" endcolumn="54" rule="RedundantFieldInitializer" ruleset="Performance" package="org.junit.tests.experimental.parallel" class="ParallelClassTest" variable="fExample2Two" externalInfoUrl="https://pmd.github.io/pmd/pmd_rules_java_performance.html#redundantfieldinitializer" priority="3">
Avoid using redundant field initializer for 'fExample2Two'
</violation>
<violation beginline="30" endline="30" begincolumn="13" endcolumn="22" rule="JUnitAssertionsShouldIncludeMessage" ruleset="Best Practices" package="org.junit.tests.experimental.parallel" class="ParallelClassTest$Example1" method="one" externalInfoUrl="https://pmd.github.io/pmd/pmd_rules_java_bestpractices.html#junitassertionsshouldincludemessage" priority="3">
JUnit assertions should include a message
</violation>
<violation beginline="37" endline="37" begincolumn="13" endcolumn="22" rule="JUnitAssertionsShouldIncludeMessage" ruleset="Best Practices" package="org.junit.tests.experimental.parallel" class="ParallelClassTest$Example1" method="two" externalInfoUrl="https://pmd.github.io/pmd/pmd_rules_java_bestpractices.html#junitassertionsshouldincludemessage" priority="3">
JUnit assertions should include a message
</violation>
<violation beginline="46" endline="46" begincolumn="13" endcolumn="22" rule="JUnitAssertionsShouldIncludeMessage" ruleset="Best Practices" package="org.junit.tests.experimental.parallel" class="ParallelClassTest$Example2" method="one" externalInfoUrl="https://pmd.github.io/pmd/pmd_rules_java_bestpractices.html#junitassertionsshouldincludemessage" priority="3">
JUnit assertions should include a message
</violation>
<violation beginline="53" endline="53" begincolumn="13" endcolumn="22" rule="JUnitAssertionsShouldIncludeMessage" ruleset="Best Practices" package="org.junit.tests.experimental.parallel" class="ParallelClassTest$Example2" method="two" externalInfoUrl="https://pmd.github.io/pmd/pmd_rules_java_bestpractices.html#junitassertionsshouldincludemessage" priority="3">
JUnit assertions should include a message
</violation>
<violation beginline="68" endline="78" begincolumn="12" endcolumn="5" rule="JUnitTestContainsTooManyAsserts" ruleset="Best Practices" package="org.junit.tests.experimental.parallel" class="ParallelClassTest" method="testsRunInParallel" externalInfoUrl="https://pmd.github.io/pmd/pmd_rules_java_bestpractices.html#junittestcontainstoomanyasserts" priority="3">
Unit tests should not contain more than 1 assert(s).
</violation>
<violation beginline="70" endline="70" begincolumn="9" endcolumn="18" rule="JUnitAssertionsShouldIncludeMessage" ruleset="Best Practices" package="org.junit.tests.experimental.parallel" class="ParallelClassTest" method="testsRunInParallel" externalInfoUrl="https://pmd.github.io/pmd/pmd_rules_java_bestpractices.html#junitassertionsshouldincludemessage" priority="3">
JUnit assertions should include a message
</violation>
<violation beginline="71" endline="71" begincolumn="9" endcolumn="21" rule="JUnitAssertionsShouldIncludeMessage" ruleset="Best Practices" package="org.junit.tests.experimental.parallel" class="ParallelClassTest" method="testsRunInParallel" externalInfoUrl="https://pmd.github.io/pmd/pmd_rules_java_bestpractices.html#junitassertionsshouldincludemessage" priority="3">
JUnit assertions should include a message
</violation>
<violation beginline="72" endline="72" begincolumn="9" endcolumn="21" rule="JUnitAssertionsShouldIncludeMessage" ruleset="Best Practices" package="org.junit.tests.experimental.parallel" class="ParallelClassTest" method="testsRunInParallel" externalInfoUrl="https://pmd.github.io/pmd/pmd_rules_java_bestpractices.html#junitassertionsshouldincludemessage" priority="3">
JUnit assertions should include a message
</violation>
<violation beginline="73" endline="73" begincolumn="9" endcolumn="21" rule="JUnitAssertionsShouldIncludeMessage" ruleset="Best Practices" package="org.junit.tests.experimental.parallel" class="ParallelClassTest" method="testsRunInParallel" externalInfoUrl="https://pmd.github.io/pmd/pmd_rules_java_bestpractices.html#junitassertionsshouldincludemessage" priority="3">
JUnit assertions should include a message
</violation>
<violation beginline="74" endline="74" begincolumn="9" endcolumn="21" rule="JUnitAssertionsShouldIncludeMessage" ruleset="Best Practices" package="org.junit.tests.experimental.parallel" class="ParallelClassTest" method="testsRunInParallel" externalInfoUrl="https://pmd.github.io/pmd/pmd_rules_java_bestpractices.html#junitassertionsshouldincludemessage" priority="3">
JUnit assertions should include a message
</violation>
<violation beginline="75" endline="75" begincolumn="9" endcolumn="18" rule="JUnitAssertionsShouldIncludeMessage" ruleset="Best Practices" package="org.junit.tests.experimental.parallel" class="ParallelClassTest" method="testsRunInParallel" externalInfoUrl="https://pmd.github.io/pmd/pmd_rules_java_bestpractices.html#junitassertionsshouldincludemessage" priority="3">
JUnit assertions should include a message
</violation>
<violation beginline="76" endline="76" begincolumn="9" endcolumn="18" rule="JUnitAssertionsShouldIncludeMessage" ruleset="Best Practices" package="org.junit.tests.experimental.parallel" class="ParallelClassTest" method="testsRunInParallel" externalInfoUrl="https://pmd.github.io/pmd/pmd_rules_java_bestpractices.html#junitassertionsshouldincludemessage" priority="3">
JUnit assertions should include a message
</violation>
<violation beginline="77" endline="77" begincolumn="9" endcolumn="18" rule="JUnitAssertionsShouldIncludeMessage" ruleset="Best Practices" package="org.junit.tests.experimental.parallel" class="ParallelClassTest" method="testsRunInParallel" externalInfoUrl="https://pmd.github.io/pmd/pmd_rules_java_bestpractices.html#junitassertionsshouldincludemessage" priority="3">
JUnit assertions should include a message
</violation>
</file>
<file name="C:\Users\Deyan\Downloads\junit4-r4.13.2\src\test\java\org\junit\tests\experimental\parallel\ParallelMethodTest.java">
<violation beginline="1" endline="61" begincolumn="1" endcolumn="2" rule="TooManyStaticImports" ruleset="Code Style" package="org.junit.tests.experimental.parallel" class="ParallelMethodTest" externalInfoUrl="https://pmd.github.io/pmd/pmd_rules_java_codestyle.html#toomanystaticimports" priority="3">
Too many static imports may lead to messy code
</violation>
<violation beginline="21" endline="21" begincolumn="36" endcolumn="46" rule="RedundantFieldInitializer" ruleset="Performance" package="org.junit.tests.experimental.parallel" class="ParallelMethodTest" variable="fOne" externalInfoUrl="https://pmd.github.io/pmd/pmd_rules_java_performance.html#redundantfieldinitializer" priority="3">
Avoid using redundant field initializer for 'fOne'
</violation>
<violation beginline="22" endline="22" begincolumn="36" endcolumn="46" rule="RedundantFieldInitializer" ruleset="Performance" package="org.junit.tests.experimental.parallel" class="ParallelMethodTest" variable="fTwo" externalInfoUrl="https://pmd.github.io/pmd/pmd_rules_java_performance.html#redundantfieldinitializer" priority="3">
Avoid using redundant field initializer for 'fTwo'
</violation>
<violation beginline="35" endline="35" begincolumn="13" endcolumn="22" rule="JUnitAssertionsShouldIncludeMessage" ruleset="Best Practices" package="org.junit.tests.experimental.parallel" class="ParallelMethodTest$Example" method="one" externalInfoUrl="https://pmd.github.io/pmd/pmd_rules_java_bestpractices.html#junitassertionsshouldincludemessage" priority="3">
JUnit assertions should include a message
</violation>
<violation beginline="42" endline="42" begincolumn="13" endcolumn="22" rule="JUnitAssertionsShouldIncludeMessage" ruleset="Best Practices" package="org.junit.tests.experimental.parallel" class="ParallelMethodTest$Example" method="two" externalInfoUrl="https://pmd.github.io/pmd/pmd_rules_java_bestpractices.html#junitassertionsshouldincludemessage" priority="3">
JUnit assertions should include a message
</violation>
<violation beginline="54" endline="60" begincolumn="12" endcolumn="5" rule="JUnitTestContainsTooManyAsserts" ruleset="Best Practices" package="org.junit.tests.experimental.parallel" class="ParallelMethodTest" method="testsRunInParallel" externalInfoUrl="https://pmd.github.io/pmd/pmd_rules_java_bestpractices.html#junittestcontainstoomanyasserts" priority="3">
Unit tests should not contain more than 1 assert(s).
</violation>
<violation beginline="56" endline="56" begincolumn="9" endcolumn="18" rule="JUnitAssertionsShouldIncludeMessage" ruleset="Best Practices" package="org.junit.tests.experimental.parallel" class="ParallelMethodTest" method="testsRunInParallel" externalInfoUrl="https://pmd.github.io/pmd/pmd_rules_java_bestpractices.html#junitassertionsshouldincludemessage" priority="3">
JUnit assertions should include a message
</violation>
<violation beginline="57" endline="57" begincolumn="9" endcolumn="21" rule="JUnitAssertionsShouldIncludeMessage" ruleset="Best Practices" package="org.junit.tests.experimental.parallel" class="ParallelMethodTest" method="testsRunInParallel" externalInfoUrl="https://pmd.github.io/pmd/pmd_rules_java_bestpractices.html#junitassertionsshouldincludemessage" priority="3">
JUnit assertions should include a message
</violation>
<violation beginline="58" endline="58" begincolumn="9" endcolumn="21" rule="JUnitAssertionsShouldIncludeMessage" ruleset="Best Practices" package="org.junit.tests.experimental.parallel" class="ParallelMethodTest" method="testsRunInParallel" externalInfoUrl="https://pmd.github.io/pmd/pmd_rules_java_bestpractices.html#junitassertionsshouldincludemessage" priority="3">
JUnit assertions should include a message
</violation>
<violation beginline="59" endline="59" begincolumn="9" endcolumn="18" rule="JUnitAssertionsShouldIncludeMessage" ruleset="Best Practices" package="org.junit.tests.experimental.parallel" class="ParallelMethodTest" method="testsRunInParallel" externalInfoUrl="https://pmd.github.io/pmd/pmd_rules_java_bestpractices.html#junitassertionsshouldincludemessage" priority="3">
JUnit assertions should include a message
</violation>
</file>
<file name="C:\Users\Deyan\Downloads\junit4-r4.13.2\src\test\java\org\junit\tests\experimental\results\PrintableResultTest.java">
<violation beginline="39" endline="39" begincolumn="19" endcolumn="53" rule="FieldDeclarationsShouldBeAtStartOfClass" ruleset="Code Style" package="org.junit.tests.experimental.results" class="PrintableResultTest" variable="VariableDeclaratorId" externalInfoUrl="https://pmd.github.io/pmd/pmd_rules_java_codestyle.html#fielddeclarationsshouldbeatstartofclass" priority="3">
Fields should be declared at the top of the class, before any method declarations, constructors, initializers or inner classes.
</violation>
<violation beginline="43" endline="43" begincolumn="57" endcolumn="69" rule="UnnecessaryFullyQualifiedName" ruleset="Code Style" package="org.junit.tests.experimental.results" class="PrintableResultTest" method="includeMultipleFailures" externalInfoUrl="https://pmd.github.io/pmd/pmd_rules_java_codestyle.html#unnecessaryfullyqualifiedname" priority="4">
Unnecessary use of fully qualified name 'Arrays.asList' due to existing static import 'java.util.Arrays.asList'
</violation>
</file>
<file name="C:\Users\Deyan\Downloads\junit4-r4.13.2\src\test\java\org\junit\tests\experimental\results\ResultMatchersTest.java">
<violation beginline="21" endline="21" begincolumn="9" endcolumn="18" rule="JUnitAssertionsShouldIncludeMessage" ruleset="Best Practices" package="org.junit.tests.experimental.results" class="ResultMatchersTest" method="hasFailuresHasGoodDescription" externalInfoUrl="https://pmd.github.io/pmd/pmd_rules_java_bestpractices.html#junitassertionsshouldincludemessage" priority="3">
JUnit assertions should include a message
</violation>
<violation beginline="27" endline="27" begincolumn="9" endcolumn="18" rule="JUnitAssertionsShouldIncludeMessage" ruleset="Best Practices" package="org.junit.tests.experimental.results" class="ResultMatchersTest" method="hasFailuresDescriptionReflectsInput" externalInfoUrl="https://pmd.github.io/pmd/pmd_rules_java_bestpractices.html#junitassertionsshouldincludemessage" priority="3">
JUnit assertions should include a message
</violation>
<violation beginline="28" endline="28" begincolumn="32" endcolumn="33" rule="AddEmptyString" ruleset="Performance" package="org.junit.tests.experimental.results" class="ResultMatchersTest" method="hasFailuresDescriptionReflectsInput" externalInfoUrl="https://pmd.github.io/pmd/pmd_rules_java_performance.html#addemptystring" priority="3">
Do not add empty strings
</violation>
<violation beginline="35" endline="35" begincolumn="9" endcolumn="18" rule="JUnitAssertionsShouldIncludeMessage" ruleset="Best Practices" package="org.junit.tests.experimental.results" class="ResultMatchersTest" method="hasFailureContaining_givenResultWithNoFailures" externalInfoUrl="https://pmd.github.io/pmd/pmd_rules_java_bestpractices.html#junitassertionsshouldincludemessage" priority="3">
JUnit assertions should include a message
</violation>
<violation beginline="39" endline="45" begincolumn="12" endcolumn="5" rule="JUnitTestContainsTooManyAsserts" ruleset="Best Practices" package="org.junit.tests.experimental.results" class="ResultMatchersTest" method="hasFailureContaining_givenResultWithOneFailure" externalInfoUrl="https://pmd.github.io/pmd/pmd_rules_java_bestpractices.html#junittestcontainstoomanyasserts" priority="3">
Unit tests should not contain more than 1 assert(s).
</violation>
<violation beginline="43" endline="43" begincolumn="9" endcolumn="18" rule="JUnitAssertionsShouldIncludeMessage" ruleset="Best Practices" package="org.junit.tests.experimental.results" class="ResultMatchersTest" method="hasFailureContaining_givenResultWithOneFailure" externalInfoUrl="https://pmd.github.io/pmd/pmd_rules_java_bestpractices.html#junitassertionsshouldincludemessage" priority="3">
JUnit assertions should include a message
</violation>
<violation beginline="44" endline="44" begincolumn="9" endcolumn="18" rule="JUnitAssertionsShouldIncludeMessage" ruleset="Best Practices" package="org.junit.tests.experimental.results" class="ResultMatchersTest" method="hasFailureContaining_givenResultWithOneFailure" externalInfoUrl="https://pmd.github.io/pmd/pmd_rules_java_bestpractices.html#junitassertionsshouldincludemessage" priority="3">
JUnit assertions should include a message
</violation>
</file>
<file name="C:\Users\Deyan\Downloads\junit4-r4.13.2\src\test\java\org\junit\tests\experimental\theories\AssumingInTheoriesTest.java">
<violation beginline="18" endline="20" begincolumn="12" endcolumn="5" rule="JUnitTestsShouldIncludeAssert" ruleset="Best Practices" package="org.junit.tests.experimental.theories" class="AssumingInTheoriesTest" method="noTheoryAnnotationMeansAssumeShouldIgnore" externalInfoUrl="https://pmd.github.io/pmd/pmd_rules_java_bestpractices.html#junittestsshouldincludeassert" priority="3">
JUnit tests should include assert() or fail()
</violation>
</file>
<file name="C:\Users\Deyan\Downloads\junit4-r4.13.2\src\test\java\org\junit\tests\experimental\theories\ParameterSignatureTest.java">
<violation beginline="1" endline="92" begincolumn="1" endcolumn="2" rule="TooManyStaticImports" ruleset="Code Style" package="org.junit.tests.experimental.theories" class="ParameterSignatureTest" externalInfoUrl="https://pmd.github.io/pmd/pmd_rules_java_codestyle.html#toomanystaticimports" priority="3">
Too many static imports may lead to messy code
</violation>
<violation beginline="25" endline="25" begincolumn="43" endcolumn="59" rule="AvoidUncheckedExceptionsInSignatures" ruleset="Design" package="org.junit.tests.experimental.theories" class="ParameterSignatureTest" method="getType" externalInfoUrl="https://pmd.github.io/pmd/pmd_rules_java_design.html#avoiduncheckedexceptionsinsignatures" priority="3">
A method or constructor should not explicitly declare unchecked exceptions in its 'throws' clause
</violation>
<violation beginline="32" endline="32" begincolumn="23" endcolumn="30" rule="RedundantFieldInitializer" ruleset="Performance" package="org.junit.tests.experimental.theories" class="ParameterSignatureTest" variable="ZERO" externalInfoUrl="https://pmd.github.io/pmd/pmd_rules_java_performance.html#redundantfieldinitializer" priority="3">
Avoid using redundant field initializer for 'ZERO'
</violation>
<violation beginline="32" endline="32" begincolumn="19" endcolumn="31" rule="FieldDeclarationsShouldBeAtStartOfClass" ruleset="Code Style" package="org.junit.tests.experimental.theories" class="ParameterSignatureTest" variable="VariableDeclaratorId" externalInfoUrl="https://pmd.github.io/pmd/pmd_rules_java_codestyle.html#fielddeclarationsshouldbeatstartofclass" priority="3">
Fields should be declared at the top of the class, before any method declarations, constructors, initializers or inner classes.
</violation>
<violation beginline="35" endline="35" begincolumn="19" endcolumn="30" rule="FieldDeclarationsShouldBeAtStartOfClass" ruleset="Code Style" package="org.junit.tests.experimental.theories" class="ParameterSignatureTest" variable="VariableDeclaratorId" externalInfoUrl="https://pmd.github.io/pmd/pmd_rules_java_codestyle.html#fielddeclarationsshouldbeatstartofclass" priority="3">
Fields should be declared at the top of the class, before any method declarations, constructors, initializers or inner classes.
</violation>
<violation beginline="40" endline="40" begincolumn="9" endcolumn="20" rule="JUnitAssertionsShouldIncludeMessage" ruleset="Best Practices" package="org.junit.tests.experimental.theories" class="ParameterSignatureTest" method="getType" externalInfoUrl="https://pmd.github.io/pmd/pmd_rules_java_bestpractices.html#junitassertionsshouldincludemessage" priority="3">
JUnit assertions should include a message
</violation>
<violation beginline="44" endline="45" begincolumn="56" endcolumn="5" rule="UncommentedEmptyMethodBody" ruleset="Documentation" package="org.junit.tests.experimental.theories" class="ParameterSignatureTest" method="foo" externalInfoUrl="https://pmd.github.io/pmd/pmd_rules_java_documentation.html#uncommentedemptymethodbody" priority="3">
Document empty method body
</violation>
<violation beginline="48" endline="48" begincolumn="41" endcolumn="57" rule="AvoidUncheckedExceptionsInSignatures" ruleset="Design" package="org.junit.tests.experimental.theories" class="ParameterSignatureTest" method="getAnnotations" externalInfoUrl="https://pmd.github.io/pmd/pmd_rules_java_design.html#avoiduncheckedexceptionsinsignatures" priority="3">
A method or constructor should not explicitly declare unchecked exceptions in its 'throws' clause
</violation>
<violation beginline="53" endline="53" begincolumn="9" endcolumn="18" rule="JUnitAssertionsShouldIncludeMessage" ruleset="Best Practices" package="org.junit.tests.experimental.theories" class="ParameterSignatureTest" method="getAnnotations" externalInfoUrl="https://pmd.github.io/pmd/pmd_rules_java_bestpractices.html#junitassertionsshouldincludemessage" priority="3">
JUnit assertions should include a message
</violation>
<violation beginline="57" endline="58" begincolumn="38" endcolumn="5" rule="UncommentedEmptyMethodBody" ruleset="Documentation" package="org.junit.tests.experimental.theories" class="ParameterSignatureTest" method="intMethod" externalInfoUrl="https://pmd.github.io/pmd/pmd_rules_java_documentation.html#uncommentedemptymethodbody" priority="3">
Document empty method body
</violation>
<violation beginline="60" endline="61" begincolumn="46" endcolumn="5" rule="UncommentedEmptyMethodBody" ruleset="Documentation" package="org.junit.tests.experimental.theories" class="ParameterSignatureTest" method="integerMethod" externalInfoUrl="https://pmd.github.io/pmd/pmd_rules_java_documentation.html#uncommentedemptymethodbody" priority="3">
Document empty method body
</violation>
<violation beginline="63" endline="64" begincolumn="44" endcolumn="5" rule="UncommentedEmptyMethodBody" ruleset="Documentation" package="org.junit.tests.experimental.theories" class="ParameterSignatureTest" method="numberMethod" externalInfoUrl="https://pmd.github.io/pmd/pmd_rules_java_documentation.html#uncommentedemptymethodbody" priority="3">
Document empty method body
</violation>
<violation beginline="67" endline="67" begincolumn="71" endcolumn="79" rule="SignatureDeclareThrowsException" ruleset="Design" package="org.junit.tests.experimental.theories" class="ParameterSignatureTest" method="primitiveTypesShouldBeAcceptedAsWrapperTypes" externalInfoUrl="https://pmd.github.io/pmd/pmd_rules_java_design.html#signaturedeclarethrowsexception" priority="3">
A method/constructor should not explicitly throw java.lang.Exception
</violation>
<violation beginline="72" endline="72" begincolumn="9" endcolumn="18" rule="JUnitAssertionsShouldIncludeMessage" ruleset="Best Practices" package="org.junit.tests.experimental.theories" class="ParameterSignatureTest" method="primitiveTypesShouldBeAcceptedAsWrapperTypes" externalInfoUrl="https://pmd.github.io/pmd/pmd_rules_java_bestpractices.html#junitassertionsshouldincludemessage" priority="3">
JUnit assertions should include a message
</violation>
<violation beginline="76" endline="76" begincolumn="81" endcolumn="89" rule="SignatureDeclareThrowsException" ruleset="Design" package="org.junit.tests.experimental.theories" class="ParameterSignatureTest" method="primitiveTypesShouldBeAcceptedAsWrapperTypeAssignables" externalInfoUrl="https://pmd.github.io/pmd/pmd_rules_java_design.html#signaturedeclarethrowsexception" priority="3">
A method/constructor should not explicitly throw java.lang.Exception
</violation>
<violation beginline="81" endline="81" begincolumn="9" endcolumn="18" rule="JUnitAssertionsShouldIncludeMessage" ruleset="Best Practices" package="org.junit.tests.experimental.theories" class="ParameterSignatureTest" method="primitiveTypesShouldBeAcceptedAsWrapperTypeAssignables" externalInfoUrl="https://pmd.github.io/pmd/pmd_rules_java_bestpractices.html#junitassertionsshouldincludemessage" priority="3">
JUnit assertions should include a message
</violation>
<violation beginline="85" endline="85" begincolumn="71" endcolumn="79" rule="SignatureDeclareThrowsException" ruleset="Design" package="org.junit.tests.experimental.theories" class="ParameterSignatureTest" method="wrapperTypesShouldBeAcceptedAsPrimitiveTypes" externalInfoUrl="https://pmd.github.io/pmd/pmd_rules_java_design.html#signaturedeclarethrowsexception" priority="3">
A method/constructor should not explicitly throw java.lang.Exception
</violation>
<violation beginline="90" endline="90" begincolumn="9" endcolumn="18" rule="JUnitAssertionsShouldIncludeMessage" ruleset="Best Practices" package="org.junit.tests.experimental.theories" class="ParameterSignatureTest" method="wrapperTypesShouldBeAcceptedAsPrimitiveTypes" externalInfoUrl="https://pmd.github.io/pmd/pmd_rules_java_bestpractices.html#junitassertionsshouldincludemessage" priority="3">
JUnit assertions should include a message
</violation>
</file>
<file name="C:\Users\Deyan\Downloads\junit4-r4.13.2\src\test\java\org\junit\tests\experimental\theories\PotentialAssignmentTest.java">
<violation beginline="3" endline="3" begincolumn="1" endcolumn="33" rule="UnusedImports" ruleset="Best Practices" package="org.junit.tests.experimental.theories" class="PotentialAssignmentTest" externalInfoUrl="https://pmd.github.io/pmd/pmd_rules_java_bestpractices.html#unusedimports" priority="4">
Avoid unused imports such as 'org.junit.Assert'
</violation>
<violation beginline="22" endline="22" begincolumn="9" endcolumn="20" rule="JUnitAssertionsShouldIncludeMessage" ruleset="Best Practices" package="org.junit.tests.experimental.theories" class="PotentialAssignmentTest" method="shouldUseQuotedValueInDescription" externalInfoUrl="https://pmd.github.io/pmd/pmd_rules_java_bestpractices.html#junitassertionsshouldincludemessage" priority="3">
JUnit assertions should include a message
</violation>
<violation beginline="32" endline="32" begincolumn="9" endcolumn="20" rule="JUnitAssertionsShouldIncludeMessage" ruleset="Best Practices" package="org.junit.tests.experimental.theories" class="PotentialAssignmentTest" method="shouldNotUseQuotesForNullValueDescriptions" externalInfoUrl="https://pmd.github.io/pmd/pmd_rules_java_bestpractices.html#junitassertionsshouldincludemessage" priority="3">
JUnit assertions should include a message
</violation>
<violation beginline="41" endline="41" begincolumn="27" endcolumn="42" rule="AvoidThrowingRawExceptionTypes" ruleset="Design" package="org.junit.tests.experimental.theories" class="PotentialAssignmentTest" method="toString" externalInfoUrl="https://pmd.github.io/pmd/pmd_rules_java_design.html#avoidthrowingrawexceptiontypes" priority="1">
Avoid throwing raw exception types.
</violation>
<violation beginline="47" endline="47" begincolumn="9" endcolumn="20" rule="JUnitAssertionsShouldIncludeMessage" ruleset="Best Practices" package="org.junit.tests.experimental.theories" class="PotentialAssignmentTest" method="shouldIncludeFailureInDescriptionIfToStringFails" externalInfoUrl="https://pmd.github.io/pmd/pmd_rules_java_bestpractices.html#junitassertionsshouldincludemessage" priority="3">
JUnit assertions should include a message
</violation>
<violation beginline="54" endline="54" begincolumn="9" endcolumn="20" rule="JUnitAssertionsShouldIncludeMessage" ruleset="Best Practices" package="org.junit.tests.experimental.theories" class="PotentialAssignmentTest" method="shouldReturnGivenValue" externalInfoUrl="https://pmd.github.io/pmd/pmd_rules_java_bestpractices.html#junitassertionsshouldincludemessage" priority="3">
JUnit assertions should include a message
</violation>
</file>
<file name="C:\Users\Deyan\Downloads\junit4-r4.13.2\src\test\java\org\junit\tests\experimental\theories\TestedOnSupplierTest.java">
<violation beginline="17" endline="18" begincolumn="50" endcolumn="5" rule="UncommentedEmptyMethodBody" ruleset="Documentation" package="org.junit.tests.experimental.theories" class="TestedOnSupplierTest" method="foo" externalInfoUrl="https://pmd.github.io/pmd/pmd_rules_java_documentation.html#uncommentedemptymethodbody" priority="3">
Document empty method body
</violation>
<violation beginline="21" endline="21" begincolumn="57" endcolumn="65" rule="SignatureDeclareThrowsException" ruleset="Design" package="org.junit.tests.experimental.theories" class="TestedOnSupplierTest" method="descriptionStatesParameterName" externalInfoUrl="https://pmd.github.io/pmd/pmd_rules_java_design.html#signaturedeclarethrowsexception" priority="3">
A method/constructor should not explicitly throw java.lang.Exception
</violation>
<violation beginline="24" endline="24" begincolumn="9" endcolumn="18" rule="JUnitAssertionsShouldIncludeMessage" ruleset="Best Practices" package="org.junit.tests.experimental.theories" class="TestedOnSupplierTest" method="descriptionStatesParameterName" externalInfoUrl="https://pmd.github.io/pmd/pmd_rules_java_bestpractices.html#junitassertionsshouldincludemessage" priority="3">
JUnit assertions should include a message
</violation>
</file>
<file name="C:\Users\Deyan\Downloads\junit4-r4.13.2\src\test\java\org\junit\tests\experimental\theories\extendingwithstubs\Guesser.java">
<violation beginline="25" endline="26" begincolumn="16" endcolumn="9" rule="UncommentedEmptyConstructor" ruleset="Documentation" package="org.junit.tests.experimental.theories.extendingwithstubs" class="Guesser$GuessMap" method="GuessMap" externalInfoUrl="https://pmd.github.io/pmd/pmd_rules_java_documentation.html#uncommentedemptyconstructor" priority="3">
Document empty constructor
</violation>
<violation beginline="28" endline="36" begincolumn="9" endcolumn="9" rule="DefaultPackage" ruleset="Code Style" package="org.junit.tests.experimental.theories.extendingwithstubs" class="Guesser$GuessMap" externalInfoUrl="https://pmd.github.io/pmd/pmd_rules_java_codestyle.html#defaultpackage" priority="3">
Use explicit scoping instead of the default package private level
</violation>
<violation beginline="49" endline="54" begincolumn="9" endcolumn="9" rule="DefaultPackage" ruleset="Code Style" package="org.junit.tests.experimental.theories.extendingwithstubs" class="Guesser$GuessMap" externalInfoUrl="https://pmd.github.io/pmd/pmd_rules_java_codestyle.html#defaultpackage" priority="3">
Use explicit scoping instead of the default package private level
</violation>
<violation beginline="56" endline="56" begincolumn="59" endcolumn="71" rule="UseVarargs" ruleset="Best Practices" package="org.junit.tests.experimental.theories.extendingwithstubs" class="Guesser$GuessMap" method="invoke" variable="args" externalInfoUrl="https://pmd.github.io/pmd/pmd_rules_java_bestpractices.html#usevarargs" priority="4">
Consider using varargs for methods or constructors which take an array the last parameter.
</violation>
<violation beginline="62" endline="62" begincolumn="19" endcolumn="35" rule="FieldDeclarationsShouldBeAtStartOfClass" ruleset="Code Style" package="org.junit.tests.experimental.theories.extendingwithstubs" class="Guesser" variable="VariableDeclaratorId" externalInfoUrl="https://pmd.github.io/pmd/pmd_rules_java_codestyle.html#fielddeclarationsshouldbeatstartofclass" priority="3">
Fields should be declared at the top of the class, before any method declarations, constructors, initializers or inner classes.
</violation>
<violation beginline="64" endline="64" begincolumn="19" endcolumn="42" rule="FieldDeclarationsShouldBeAtStartOfClass" ruleset="Code Style" package="org.junit.tests.experimental.theories.extendingwithstubs" class="Guesser" variable="VariableDeclaratorId" externalInfoUrl="https://pmd.github.io/pmd/pmd_rules_java_codestyle.html#fielddeclarationsshouldbeatstartofclass" priority="3">
Fields should be declared at the top of the class, before any method declarations, constructors, initializers or inner classes.
</violation>
<violation beginline="83" endline="83" begincolumn="56" endcolumn="88" rule="UseDiamondOperator" ruleset="Code Style" package="org.junit.tests.experimental.theories.extendingwithstubs" class="Guesser" method="reguesses" externalInfoUrl="https://pmd.github.io/pmd/pmd_rules_java_codestyle.html#usediamondoperator" priority="3">
Explicit type arguments can be replaced by Diamond Operator
</violation>
<violation beginline="86" endline="87" begincolumn="46" endcolumn="13" rule="UncommentedEmptyMethodBody" ruleset="Documentation" package="org.junit.tests.experimental.theories.extendingwithstubs" class="Guesser" method="append" externalInfoUrl="https://pmd.github.io/pmd/pmd_rules_java_documentation.html#uncommentedemptymethodbody" priority="3">
Document empty method body
</violation>
<violation beginline="89" endline="89" begincolumn="21" endcolumn="40" rule="RedundantFieldInitializer" ruleset="Performance" package="org.junit.tests.experimental.theories.extendingwithstubs" class="Guesser" method="reguesses" variable="expectedSeen" externalInfoUrl="https://pmd.github.io/pmd/pmd_rules_java_performance.html#redundantfieldinitializer" priority="3">
Avoid using redundant field initializer for 'expectedSeen'
</violation>
<violation beginline="89" endline="89" begincolumn="13" endcolumn="41" rule="FieldDeclarationsShouldBeAtStartOfClass" ruleset="Code Style" package="org.junit.tests.experimental.theories.extendingwithstubs" class="Guesser" method="reguesses" variable="VariableDeclaratorId" externalInfoUrl="https://pmd.github.io/pmd/pmd_rules_java_codestyle.html#fielddeclarationsshouldbeatstartofclass" priority="3">
Fields should be declared at the top of the class, before any method declarations, constructors, initializers or inner classes.
</violation>
<violation beginline="90" endline="90" begincolumn="20" endcolumn="34" rule="RedundantFieldInitializer" ruleset="Performance" package="org.junit.tests.experimental.theories.extendingwithstubs" class="Guesser" method="reguesses" variable="expected" externalInfoUrl="https://pmd.github.io/pmd/pmd_rules_java_performance.html#redundantfieldinitializer" priority="3">
Avoid using redundant field initializer for 'expected'
</violation>
<violation beginline="90" endline="90" begincolumn="13" endcolumn="35" rule="FieldDeclarationsShouldBeAtStartOfClass" ruleset="Code Style" package="org.junit.tests.experimental.theories.extendingwithstubs" class="Guesser" method="reguesses" variable="VariableDeclaratorId" externalInfoUrl="https://pmd.github.io/pmd/pmd_rules_java_codestyle.html#fielddeclarationsshouldbeatstartofclass" priority="3">
Fields should be declared at the top of the class, before any method declarations, constructors, initializers or inner classes.
</violation>
</file>
<file name="C:\Users\Deyan\Downloads\junit4-r4.13.2\src\test\java\org\junit\tests\experimental\theories\extendingwithstubs\GuesserQueue.java">
<violation beginline="34" endline="42" begincolumn="5" endcolumn="5" rule="DefaultPackage" ruleset="Code Style" package="org.junit.tests.experimental.theories.extendingwithstubs" class="GuesserQueue" externalInfoUrl="https://pmd.github.io/pmd/pmd_rules_java_codestyle.html#defaultpackage" priority="3">
Use explicit scoping instead of the default package private level
</violation>
<violation beginline="44" endline="44" begincolumn="26" endcolumn="52" rule="FieldDeclarationsShouldBeAtStartOfClass" ruleset="Code Style" package="org.junit.tests.experimental.theories.extendingwithstubs" class="GuesserQueue" variable="VariableDeclaratorId" externalInfoUrl="https://pmd.github.io/pmd/pmd_rules_java_codestyle.html#fielddeclarationsshouldbeatstartofclass" priority="3">
Fields should be declared at the top of the class, before any method declarations, constructors, initializers or inner classes.
</violation>
<violation beginline="45" endline="45" begincolumn="13" endcolumn="41" rule="FieldDeclarationsShouldBeAtStartOfClass" ruleset="Code Style" package="org.junit.tests.experimental.theories.extendingwithstubs" class="GuesserQueue" variable="VariableDeclaratorId" externalInfoUrl="https://pmd.github.io/pmd/pmd_rules_java_codestyle.html#fielddeclarationsshouldbeatstartofclass" priority="3">
Fields should be declared at the top of the class, before any method declarations, constructors, initializers or inner classes.
</violation>
</file>
<file name="C:\Users\Deyan\Downloads\junit4-r4.13.2\src\test\java\org\junit\tests\experimental\theories\extendingwithstubs\MethodCall.java">
<violation beginline="12" endline="12" begincolumn="38" endcolumn="51" rule="ArrayIsStoredDirectly" ruleset="Best Practices" package="org.junit.tests.experimental.theories.extendingwithstubs" class="MethodCall" method="MethodCall" variable="args" externalInfoUrl="https://pmd.github.io/pmd/pmd_rules_java_bestpractices.html#arrayisstoreddirectly" priority="3">
The user-supplied array 'args' is stored directly.
</violation>
<violation beginline="45" endline="45" begincolumn="34" endcolumn="56" rule="UseDiamondOperator" ruleset="Code Style" package="org.junit.tests.experimental.theories.extendingwithstubs" class="MethodCall" method="argList" externalInfoUrl="https://pmd.github.io/pmd/pmd_rules_java_codestyle.html#usediamondoperator" priority="3">
Explicit type arguments can be replaced by Diamond Operator
</violation>
</file>
<file name="C:\Users\Deyan\Downloads\junit4-r4.13.2\src\test\java\org\junit\tests\experimental\theories\extendingwithstubs\ReguessableValue.java">
<violation beginline="10" endline="12" begincolumn="12" endcolumn="5" rule="UnnecessaryConstructor" ruleset="Code Style" package="org.junit.tests.experimental.theories.extendingwithstubs" class="ReguessableValue" method="ReguessableValue" externalInfoUrl="https://pmd.github.io/pmd/pmd_rules_java_codestyle.html#unnecessaryconstructor" priority="3">
Avoid unnecessary constructors - the compiler will generate these for you
</violation>
</file>
<file name="C:\Users\Deyan\Downloads\junit4-r4.13.2\src\test\java\org\junit\tests\experimental\theories\extendingwithstubs\StubbedTheories.java">
<violation beginline="31" endline="31" begincolumn="45" endcolumn="73" rule="UseDiamondOperator" ruleset="Code Style" package="org.junit.tests.experimental.theories.extendingwithstubs" class="StubbedTheories$StubbedTheoryAnchor" externalInfoUrl="https://pmd.github.io/pmd/pmd_rules_java_codestyle.html#usediamondoperator" priority="3">
Explicit type arguments can be replaced by Diamond Operator
</violation>
<violation beginline="31" endline="31" begincolumn="17" endcolumn="74" rule="FieldDeclarationsShouldBeAtStartOfClass" ruleset="Code Style" package="org.junit.tests.experimental.theories.extendingwithstubs" class="StubbedTheories$StubbedTheoryAnchor" variable="VariableDeclaratorId" externalInfoUrl="https://pmd.github.io/pmd/pmd_rules_java_codestyle.html#fielddeclarationsshouldbeatstartofclass" priority="3">
Fields should be declared at the top of the class, before any method declarations, constructors, initializers or inner classes.
</violation>
<violation beginline="31" endline="31" begincolumn="36" endcolumn="41" rule="ImmutableField" ruleset="Design" package="org.junit.tests.experimental.theories.extendingwithstubs" class="StubbedTheories$StubbedTheoryAnchor" variable="queues" externalInfoUrl="https://pmd.github.io/pmd/pmd_rules_java_design.html#immutablefield" priority="3">
Private field 'queues' could be made final; it is only initialized in the declaration or constructor.
</violation>
<violation beginline="46" endline="47" begincolumn="13" endcolumn="77" rule="ControlStatementBraces" ruleset="Code Style" package="org.junit.tests.experimental.theories.extendingwithstubs" class="StubbedTheories$StubbedTheoryAnchor" method="runWithIncompleteAssignment" externalInfoUrl="https://pmd.github.io/pmd/pmd_rules_java_codestyle.html#controlstatementbraces" priority="3">
This statement should have braces
</violation>
</file>
<file name="C:\Users\Deyan\Downloads\junit4-r4.13.2\src\test\java\org\junit\tests\experimental\theories\internal\AllMembersSupplierTest.java">
<violation beginline="1" endline="209" begincolumn="1" endcolumn="1" rule="TooManyStaticImports" ruleset="Code Style" package="org.junit.tests.experimental.theories.internal" class="AllMembersSupplierTest" externalInfoUrl="https://pmd.github.io/pmd/pmd_rules_java_codestyle.html#toomanystaticimports" priority="3">
Too many static imports may lead to messy code
</violation>
<violation beginline="29" endline="29" begincolumn="32" endcolumn="67" rule="UseShortArrayInitializer" ruleset="Code Style" package="org.junit.tests.experimental.theories.internal" class="AllMembersSupplierTest$HasDataPointsArrayField" variable="list" externalInfoUrl="https://pmd.github.io/pmd/pmd_rules_java_codestyle.html#useshortarrayinitializer" priority="3">
Array initialization can be written shorter
</violation>
<violation beginline="32" endline="33" begincolumn="42" endcolumn="9" rule="UncommentedEmptyMethodBody" ruleset="Documentation" package="org.junit.tests.experimental.theories.internal" class="AllMembersSupplierTest$HasDataPointsArrayField" method="theory" externalInfoUrl="https://pmd.github.io/pmd/pmd_rules_java_documentation.html#uncommentedemptymethodbody" priority="3">
Document empty method body
</violation>
<violation beginline="39" endline="39" begincolumn="57" endcolumn="64" rule="AvoidDuplicateLiterals" ruleset="Error Prone" package="org.junit.tests.experimental.theories.internal" class="AllMembersSupplierTest" method="dataPointsArrayShouldBeRecognized" externalInfoUrl="https://pmd.github.io/pmd/pmd_rules_java_errorprone.html#avoidduplicateliterals" priority="3">
The String literal "theory" appears 7 times in this file; the first occurrence is on line 39
</violation>
<violation beginline="41" endline="41" begincolumn="9" endcolumn="20" rule="JUnitAssertionsShouldIncludeMessage" ruleset="Best Practices" package="org.junit.tests.experimental.theories.internal" class="AllMembersSupplierTest" method="dataPointsArrayShouldBeRecognized" externalInfoUrl="https://pmd.github.io/pmd/pmd_rules_java_bestpractices.html#junitassertionsshouldincludemessage" priority="3">
JUnit assertions should include a message
</violation>
<violation beginline="49" endline="50" begincolumn="43" endcolumn="9" rule="UncommentedEmptyMethodBody" ruleset="Documentation" package="org.junit.tests.experimental.theories.internal" class="AllMembersSupplierTest$HasDataPointsArrayWithMatchingButInaccurateTypes" method="theory" externalInfoUrl="https://pmd.github.io/pmd/pmd_rules_java_documentation.html#uncommentedemptymethodbody" priority="3">
Document empty method body
</violation>
<violation beginline="58" endline="58" begincolumn="9" endcolumn="20" rule="JUnitAssertionsShouldIncludeMessage" ruleset="Best Practices" package="org.junit.tests.experimental.theories.internal" class="AllMembersSupplierTest" method="dataPointsArrayShouldBeRecognizedOnValueTypeNotFieldType" externalInfoUrl="https://pmd.github.io/pmd/pmd_rules_java_bestpractices.html#junitassertionsshouldincludemessage" priority="3">
JUnit assertions should include a message
</violation>
<violation beginline="68" endline="69" begincolumn="42" endcolumn="9" rule="UncommentedEmptyMethodBody" ruleset="Documentation" package="org.junit.tests.experimental.theories.internal" class="AllMembersSupplierTest$HasDataPointMethodWithOverlyGeneralTypes" method="theory" externalInfoUrl="https://pmd.github.io/pmd/pmd_rules_java_documentation.html#uncommentedemptymethodbody" priority="3">
Document empty method body
</violation>
<violation beginline="77" endline="77" begincolumn="9" endcolumn="20" rule="JUnitAssertionsShouldIncludeMessage" ruleset="Best Practices" package="org.junit.tests.experimental.theories.internal" class="AllMembersSupplierTest" method="dataPointMethodShouldBeRecognizedForOverlyGeneralParameters" externalInfoUrl="https://pmd.github.io/pmd/pmd_rules_java_bestpractices.html#junitassertionsshouldincludemessage" priority="3">
JUnit assertions should include a message
</violation>
<violation beginline="85" endline="86" begincolumn="40" endcolumn="9" rule="UncommentedEmptyMethodBody" ruleset="Documentation" package="org.junit.tests.experimental.theories.internal" class="AllMembersSupplierTest$HasDataPointsWithObjectParameter" method="theory" externalInfoUrl="https://pmd.github.io/pmd/pmd_rules_java_documentation.html#uncommentedemptymethodbody" priority="3">
Document empty method body
</violation>
<violation beginline="90" endline="98" begincolumn="12" endcolumn="5" rule="JUnitTestContainsTooManyAsserts" ruleset="Best Practices" package="org.junit.tests.experimental.theories.internal" class="AllMembersSupplierTest" method="dataPointsAnnotationMeansTreatAsArrayOnly" externalInfoUrl="https://pmd.github.io/pmd/pmd_rules_java_bestpractices.html#junittestcontainstoomanyasserts" priority="3">
Unit tests should not contain more than 1 assert(s).
</violation>
<violation beginline="94" endline="94" begincolumn="9" endcolumn="20" rule="JUnitAssertionsShouldIncludeMessage" ruleset="Best Practices" package="org.junit.tests.experimental.theories.internal" class="AllMembersSupplierTest" method="dataPointsAnnotationMeansTreatAsArrayOnly" externalInfoUrl="https://pmd.github.io/pmd/pmd_rules_java_bestpractices.html#junitassertionsshouldincludemessage" priority="3">
JUnit assertions should include a message
</violation>
<violation beginline="102" endline="102" begincolumn="32" endcolumn="52" rule="RedundantFieldInitializer" ruleset="Performance" package="org.junit.tests.experimental.theories.internal" class="AllMembersSupplierTest$HasDataPointsFieldWithNullValue" variable="objects" externalInfoUrl="https://pmd.github.io/pmd/pmd_rules_java_performance.html#redundantfieldinitializer" priority="3">
Avoid using redundant field initializer for 'objects'
</violation>
<violation beginline="104" endline="105" begincolumn="16" endcolumn="9" rule="UncommentedEmptyConstructor" ruleset="Documentation" package="org.junit.tests.experimental.theories.internal" class="AllMembersSupplierTest$HasDataPointsFieldWithNullValue" method="HasDataPointsFieldWithNullValue" externalInfoUrl="https://pmd.github.io/pmd/pmd_rules_java_documentation.html#uncommentedemptyconstructor" priority="3">
Document empty constructor
</violation>
<violation beginline="112" endline="112" begincolumn="9" endcolumn="18" rule="JUnitAssertionsShouldIncludeMessage" ruleset="Best Practices" package="org.junit.tests.experimental.theories.internal" class="AllMembersSupplierTest" method="dataPointsArrayFieldMayContainNullValue" externalInfoUrl="https://pmd.github.io/pmd/pmd_rules_java_bestpractices.html#junitassertionsshouldincludemessage" priority="3">
JUnit assertions should include a message
</violation>
<violation beginline="121" endline="122" begincolumn="16" endcolumn="9" rule="UncommentedEmptyConstructor" ruleset="Documentation" package="org.junit.tests.experimental.theories.internal" class="AllMembersSupplierTest$HasDataPointsMethodWithNullValue" method="HasDataPointsMethodWithNullValue" externalInfoUrl="https://pmd.github.io/pmd/pmd_rules_java_documentation.html#uncommentedemptyconstructor" priority="3">
Document empty constructor
</violation>
<violation beginline="129" endline="129" begincolumn="9" endcolumn="18" rule="JUnitAssertionsShouldIncludeMessage" ruleset="Best Practices" package="org.junit.tests.experimental.theories.internal" class="AllMembersSupplierTest" method="dataPointsArrayMethodMayContainNullValue" externalInfoUrl="https://pmd.github.io/pmd/pmd_rules_java_bestpractices.html#junitassertionsshouldincludemessage" priority="3">
JUnit assertions should include a message
</violation>
<violation beginline="135" endline="135" begincolumn="23" endcolumn="38" rule="AvoidThrowingRawExceptionTypes" ruleset="Design" package="org.junit.tests.experimental.theories.internal" class="AllMembersSupplierTest$HasFailingDataPointsArrayMethod" method="objects" externalInfoUrl="https://pmd.github.io/pmd/pmd_rules_java_design.html#avoidthrowingrawexceptiontypes" priority="1">
Avoid throwing raw exception types.
</violation>
<violation beginline="138" endline="139" begincolumn="16" endcolumn="9" rule="UncommentedEmptyConstructor" ruleset="Documentation" package="org.junit.tests.experimental.theories.internal" class="AllMembersSupplierTest$HasFailingDataPointsArrayMethod" method="HasFailingDataPointsArrayMethod" externalInfoUrl="https://pmd.github.io/pmd/pmd_rules_java_documentation.html#uncommentedemptyconstructor" priority="3">
Document empty constructor
</violation>
<violation beginline="162" endline="163" begincolumn="42" endcolumn="9" rule="UncommentedEmptyMethodBody" ruleset="Documentation" package="org.junit.tests.experimental.theories.internal" class="AllMembersSupplierTest$HasDataPointsListField" method="theory" externalInfoUrl="https://pmd.github.io/pmd/pmd_rules_java_documentation.html#uncommentedemptymethodbody" priority="3">
Document empty method body
</violation>
<violation beginline="171" endline="171" begincolumn="9" endcolumn="20" rule="JUnitAssertionsShouldIncludeMessage" ruleset="Best Practices" package="org.junit.tests.experimental.theories.internal" class="AllMembersSupplierTest" method="dataPointsCollectionFieldsShouldBeRecognized" externalInfoUrl="https://pmd.github.io/pmd/pmd_rules_java_bestpractices.html#junitassertionsshouldincludemessage" priority="3">
JUnit assertions should include a message
</violation>
<violation beginline="181" endline="182" begincolumn="42" endcolumn="9" rule="UncommentedEmptyMethodBody" ruleset="Documentation" package="org.junit.tests.experimental.theories.internal" class="AllMembersSupplierTest$HasDataPointsListMethod" method="theory" externalInfoUrl="https://pmd.github.io/pmd/pmd_rules_java_documentation.html#uncommentedemptymethodbody" priority="3">
Document empty method body
</violation>
<violation beginline="190" endline="190" begincolumn="9" endcolumn="20" rule="JUnitAssertionsShouldIncludeMessage" ruleset="Best Practices" package="org.junit.tests.experimental.theories.internal" class="AllMembersSupplierTest" method="dataPointsCollectionMethodShouldBeRecognized" externalInfoUrl="https://pmd.github.io/pmd/pmd_rules_java_bestpractices.html#junitassertionsshouldincludemessage" priority="3">
JUnit assertions should include a message
</violation>
<violation beginline="198" endline="199" begincolumn="42" endcolumn="9" rule="UncommentedEmptyMethodBody" ruleset="Documentation" package="org.junit.tests.experimental.theories.internal" class="AllMembersSupplierTest$HasDataPointsListFieldWithOverlyGenericTypes" method="theory" externalInfoUrl="https://pmd.github.io/pmd/pmd_rules_java_documentation.html#uncommentedemptymethodbody" priority="3">
Document empty method body
</violation>
<violation beginline="207" endline="207" begincolumn="9" endcolumn="20" rule="JUnitAssertionsShouldIncludeMessage" ruleset="Best Practices" package="org.junit.tests.experimental.theories.internal" class="AllMembersSupplierTest" method="dataPointsCollectionShouldBeRecognizedIgnoringStrangeTypes" externalInfoUrl="https://pmd.github.io/pmd/pmd_rules_java_bestpractices.html#junitassertionsshouldincludemessage" priority="3">
JUnit assertions should include a message
</violation>
</file>
<file name="C:\Users\Deyan\Downloads\junit4-r4.13.2\src\test\java\org\junit\tests\experimental\theories\internal\ParameterizedAssertionErrorTest.java">
<violation beginline="1" endline="95" begincolumn="1" endcolumn="2" rule="TooManyStaticImports" ruleset="Code Style" package="org.junit.tests.experimental.theories.internal" class="ParameterizedAssertionErrorTest" externalInfoUrl="https://pmd.github.io/pmd/pmd_rules_java_codestyle.html#toomanystaticimports" priority="3">
Too many static imports may lead to messy code
</violation>
<violation beginline="44" endline="44" begincolumn="9" endcolumn="18" rule="JUnitAssertionsShouldIncludeMessage" ruleset="Best Practices" package="org.junit.tests.experimental.theories.internal" class="ParameterizedAssertionErrorTest" method="equalParameterizedAssertionErrorsHaveSameToString" externalInfoUrl="https://pmd.github.io/pmd/pmd_rules_java_bestpractices.html#junitassertionsshouldincludemessage" priority="3">
JUnit assertions should include a message
</violation>
<violation beginline="51" endline="51" begincolumn="9" endcolumn="18" rule="JUnitAssertionsShouldIncludeMessage" ruleset="Best Practices" package="org.junit.tests.experimental.theories.internal" class="ParameterizedAssertionErrorTest" method="differentParameterizedAssertionErrorsHaveDifferentToStrings" externalInfoUrl="https://pmd.github.io/pmd/pmd_rules_java_bestpractices.html#junitassertionsshouldincludemessage" priority="3">
JUnit assertions should include a message
</violation>
<violation beginline="56" endline="56" begincolumn="13" endcolumn="27" rule="UseVarargs" ruleset="Best Practices" package="org.junit.tests.experimental.theories.internal" class="ParameterizedAssertionErrorTest" method="equalsReturnsTrue" variable="params" externalInfoUrl="https://pmd.github.io/pmd/pmd_rules_java_bestpractices.html#usevarargs" priority="4">
Consider using varargs for methods or constructors which take an array the last parameter.
</violation>
<violation beginline="57" endline="57" begincolumn="9" endcolumn="18" rule="JUnitAssertionsShouldIncludeMessage" ruleset="Best Practices" package="org.junit.tests.experimental.theories.internal" class="ParameterizedAssertionErrorTest" method="equalsReturnsTrue" externalInfoUrl="https://pmd.github.io/pmd/pmd_rules_java_bestpractices.html#junitassertionsshouldincludemessage" priority="3">
JUnit assertions should include a message
</violation>
<violation beginline="64" endline="64" begincolumn="13" endcolumn="27" rule="UseVarargs" ruleset="Best Practices" package="org.junit.tests.experimental.theories.internal" class="ParameterizedAssertionErrorTest" method="sameHashCodeWhenEquals" variable="params" externalInfoUrl="https://pmd.github.io/pmd/pmd_rules_java_bestpractices.html#usevarargs" priority="4">
Consider using varargs for methods or constructors which take an array the last parameter.
</violation>
<violation beginline="71" endline="71" begincolumn="9" endcolumn="18" rule="JUnitAssertionsShouldIncludeMessage" ruleset="Best Practices" package="org.junit.tests.experimental.theories.internal" class="ParameterizedAssertionErrorTest" method="sameHashCodeWhenEquals" externalInfoUrl="https://pmd.github.io/pmd/pmd_rules_java_bestpractices.html#junitassertionsshouldincludemessage" priority="3">
JUnit assertions should include a message
</violation>
<violation beginline="76" endline="76" begincolumn="9" endcolumn="18" rule="JUnitAssertionsShouldIncludeMessage" ruleset="Best Practices" package="org.junit.tests.experimental.theories.internal" class="ParameterizedAssertionErrorTest" method="buildParameterizedAssertionError" externalInfoUrl="https://pmd.github.io/pmd/pmd_rules_java_bestpractices.html#junitassertionsshouldincludemessage" priority="3">
JUnit assertions should include a message
</violation>
<violation beginline="83" endline="83" begincolumn="21" endcolumn="34" rule="EqualsNull" ruleset="Error Prone" package="org.junit.tests.experimental.theories.internal" class="ParameterizedAssertionErrorTest" method="isNotEqualToNull" externalInfoUrl="https://pmd.github.io/pmd/pmd_rules_java_errorprone.html#equalsnull" priority="1">
Avoid using equals() to compare against null
</violation>
<violation beginline="83" endline="83" begincolumn="9" endcolumn="19" rule="JUnitAssertionsShouldIncludeMessage" ruleset="Best Practices" package="org.junit.tests.experimental.theories.internal" class="ParameterizedAssertionErrorTest" method="isNotEqualToNull" externalInfoUrl="https://pmd.github.io/pmd/pmd_rules_java_bestpractices.html#junitassertionsshouldincludemessage" priority="3">
JUnit assertions should include a message
</violation>
<violation beginline="88" endline="88" begincolumn="9" endcolumn="18" rule="JUnitAssertionsShouldIncludeMessage" ruleset="Best Practices" package="org.junit.tests.experimental.theories.internal" class="ParameterizedAssertionErrorTest" method="canJoinWhenToStringFails" externalInfoUrl="https://pmd.github.io/pmd/pmd_rules_java_bestpractices.html#junitassertionsshouldincludemessage" priority="3">
JUnit assertions should include a message
</violation>
</file>
<file name="C:\Users\Deyan\Downloads\junit4-r4.13.2\src\test\java\org\junit\tests\experimental\theories\internal\SpecificDataPointsSupplierTest.java">
<violation beginline="25" endline="25" begincolumn="31" endcolumn="37" rule="AvoidDuplicateLiterals" ruleset="Error Prone" package="org.junit.tests.experimental.theories.internal" class="SpecificDataPointsSupplierTest$TestClassWithNamedDataPoints" externalInfoUrl="https://pmd.github.io/pmd/pmd_rules_java_errorprone.html#avoidduplicateliterals" priority="3">
The String literal "named" appears 5 times in this file; the first occurrence is on line 25
</violation>
<violation beginline="26" endline="26" begincolumn="32" endcolumn="70" rule="UseShortArrayInitializer" ruleset="Code Style" package="org.junit.tests.experimental.theories.internal" class="SpecificDataPointsSupplierTest$TestClassWithNamedDataPoints" variable="values" externalInfoUrl="https://pmd.github.io/pmd/pmd_rules_java_codestyle.html#useshortarrayinitializer" priority="3">
Array initialization can be written shorter
</violation>
<violation beginline="29" endline="29" begincolumn="32" endcolumn="69" rule="UseShortArrayInitializer" ruleset="Code Style" package="org.junit.tests.experimental.theories.internal" class="SpecificDataPointsSupplierTest$TestClassWithNamedDataPoints" variable="otherValues" externalInfoUrl="https://pmd.github.io/pmd/pmd_rules_java_codestyle.html#useshortarrayinitializer" priority="3">
Array initialization can be written shorter
</violation>
<violation beginline="37" endline="37" begincolumn="23" endcolumn="64" rule="FieldDeclarationsShouldBeAtStartOfClass" ruleset="Code Style" package="org.junit.tests.experimental.theories.internal" class="SpecificDataPointsSupplierTest$TestClassWithNamedDataPoints" variable="VariableDeclaratorId" externalInfoUrl="https://pmd.github.io/pmd/pmd_rules_java_codestyle.html#fielddeclarationsshouldbeatstartofclass" priority="3">
Fields should be declared at the top of the class, before any method declarations, constructors, initializers or inner classes.
</violation>
<violation beginline="40" endline="40" begincolumn="23" endcolumn="62" rule="FieldDeclarationsShouldBeAtStartOfClass" ruleset="Code Style" package="org.junit.tests.experimental.theories.internal" class="SpecificDataPointsSupplierTest$TestClassWithNamedDataPoints" variable="VariableDeclaratorId" externalInfoUrl="https://pmd.github.io/pmd/pmd_rules_java_codestyle.html#fielddeclarationsshouldbeatstartofclass" priority="3">
Fields should be declared at the top of the class, before any method declarations, constructors, initializers or inner classes.
</violation>
<violation beginline="59" endline="67" begincolumn="12" endcolumn="5" rule="JUnitTestContainsTooManyAsserts" ruleset="Best Practices" package="org.junit.tests.experimental.theories.internal" class="SpecificDataPointsSupplierTest" method="shouldReturnOnlyTheNamedDataPoints" externalInfoUrl="https://pmd.github.io/pmd/pmd_rules_java_bestpractices.html#junittestcontainstoomanyasserts" priority="3">
Unit tests should not contain more than 1 assert(s).
</violation>
<violation beginline="65" endline="65" begincolumn="9" endcolumn="20" rule="JUnitAssertionsShouldIncludeMessage" ruleset="Best Practices" package="org.junit.tests.experimental.theories.internal" class="SpecificDataPointsSupplierTest" method="shouldReturnOnlyTheNamedDataPoints" externalInfoUrl="https://pmd.github.io/pmd/pmd_rules_java_bestpractices.html#junitassertionsshouldincludemessage" priority="3">
JUnit assertions should include a message
</violation>
<violation beginline="66" endline="66" begincolumn="9" endcolumn="18" rule="JUnitAssertionsShouldIncludeMessage" ruleset="Best Practices" package="org.junit.tests.experimental.theories.internal" class="SpecificDataPointsSupplierTest" method="shouldReturnOnlyTheNamedDataPoints" externalInfoUrl="https://pmd.github.io/pmd/pmd_rules_java_bestpractices.html#junitassertionsshouldincludemessage" priority="3">
JUnit assertions should include a message
</violation>
<violation beginline="70" endline="78" begincolumn="12" endcolumn="5" rule="JUnitTestContainsTooManyAsserts" ruleset="Best Practices" package="org.junit.tests.experimental.theories.internal" class="SpecificDataPointsSupplierTest" method="shouldReturnOnlyTheNamedFieldDataPoints" externalInfoUrl="https://pmd.github.io/pmd/pmd_rules_java_bestpractices.html#junittestcontainstoomanyasserts" priority="3">
Unit tests should not contain more than 1 assert(s).
</violation>
<violation beginline="76" endline="76" begincolumn="9" endcolumn="20" rule="JUnitAssertionsShouldIncludeMessage" ruleset="Best Practices" package="org.junit.tests.experimental.theories.internal" class="SpecificDataPointsSupplierTest" method="shouldReturnOnlyTheNamedFieldDataPoints" externalInfoUrl="https://pmd.github.io/pmd/pmd_rules_java_bestpractices.html#junitassertionsshouldincludemessage" priority="3">
JUnit assertions should include a message
</violation>
<violation beginline="77" endline="77" begincolumn="9" endcolumn="18" rule="JUnitAssertionsShouldIncludeMessage" ruleset="Best Practices" package="org.junit.tests.experimental.theories.internal" class="SpecificDataPointsSupplierTest" method="shouldReturnOnlyTheNamedFieldDataPoints" externalInfoUrl="https://pmd.github.io/pmd/pmd_rules_java_bestpractices.html#junitassertionsshouldincludemessage" priority="3">
JUnit assertions should include a message
</violation>
<violation beginline="81" endline="89" begincolumn="12" endcolumn="5" rule="JUnitTestContainsTooManyAsserts" ruleset="Best Practices" package="org.junit.tests.experimental.theories.internal" class="SpecificDataPointsSupplierTest" method="shouldReturnOnlyTheNamedMethodDataPoints" externalInfoUrl="https://pmd.github.io/pmd/pmd_rules_java_bestpractices.html#junittestcontainstoomanyasserts" priority="3">
Unit tests should not contain more than 1 assert(s).
</violation>
<violation beginline="87" endline="87" begincolumn="9" endcolumn="20" rule="JUnitAssertionsShouldIncludeMessage" ruleset="Best Practices" package="org.junit.tests.experimental.theories.internal" class="SpecificDataPointsSupplierTest" method="shouldReturnOnlyTheNamedMethodDataPoints" externalInfoUrl="https://pmd.github.io/pmd/pmd_rules_java_bestpractices.html#junitassertionsshouldincludemessage" priority="3">
JUnit assertions should include a message
</violation>
<violation beginline="88" endline="88" begincolumn="9" endcolumn="18" rule="JUnitAssertionsShouldIncludeMessage" ruleset="Best Practices" package="org.junit.tests.experimental.theories.internal" class="SpecificDataPointsSupplierTest" method="shouldReturnOnlyTheNamedMethodDataPoints" externalInfoUrl="https://pmd.github.io/pmd/pmd_rules_java_bestpractices.html#junitassertionsshouldincludemessage" priority="3">
JUnit assertions should include a message
</violation>
<violation beginline="92" endline="100" begincolumn="12" endcolumn="5" rule="JUnitTestContainsTooManyAsserts" ruleset="Best Practices" package="org.junit.tests.experimental.theories.internal" class="SpecificDataPointsSupplierTest" method="shouldReturnOnlyTheNamedSingleFieldDataPoints" externalInfoUrl="https://pmd.github.io/pmd/pmd_rules_java_bestpractices.html#junittestcontainstoomanyasserts" priority="3">
Unit tests should not contain more than 1 assert(s).
</violation>
<violation beginline="98" endline="98" begincolumn="9" endcolumn="20" rule="JUnitAssertionsShouldIncludeMessage" ruleset="Best Practices" package="org.junit.tests.experimental.theories.internal" class="SpecificDataPointsSupplierTest" method="shouldReturnOnlyTheNamedSingleFieldDataPoints" externalInfoUrl="https://pmd.github.io/pmd/pmd_rules_java_bestpractices.html#junitassertionsshouldincludemessage" priority="3">
JUnit assertions should include a message
</violation>
<violation beginline="99" endline="99" begincolumn="9" endcolumn="18" rule="JUnitAssertionsShouldIncludeMessage" ruleset="Best Practices" package="org.junit.tests.experimental.theories.internal" class="SpecificDataPointsSupplierTest" method="shouldReturnOnlyTheNamedSingleFieldDataPoints" externalInfoUrl="https://pmd.github.io/pmd/pmd_rules_java_bestpractices.html#junitassertionsshouldincludemessage" priority="3">
JUnit assertions should include a message
</violation>
<violation beginline="103" endline="111" begincolumn="12" endcolumn="5" rule="JUnitTestContainsTooManyAsserts" ruleset="Best Practices" package="org.junit.tests.experimental.theories.internal" class="SpecificDataPointsSupplierTest" method="shouldReturnOnlyTheNamedSingleMethodDataPoints" externalInfoUrl="https://pmd.github.io/pmd/pmd_rules_java_bestpractices.html#junittestcontainstoomanyasserts" priority="3">
Unit tests should not contain more than 1 assert(s).
</violation>
<violation beginline="109" endline="109" begincolumn="9" endcolumn="20" rule="JUnitAssertionsShouldIncludeMessage" ruleset="Best Practices" package="org.junit.tests.experimental.theories.internal" class="SpecificDataPointsSupplierTest" method="shouldReturnOnlyTheNamedSingleMethodDataPoints" externalInfoUrl="https://pmd.github.io/pmd/pmd_rules_java_bestpractices.html#junitassertionsshouldincludemessage" priority="3">
JUnit assertions should include a message
</violation>
<violation beginline="110" endline="110" begincolumn="9" endcolumn="18" rule="JUnitAssertionsShouldIncludeMessage" ruleset="Best Practices" package="org.junit.tests.experimental.theories.internal" class="SpecificDataPointsSupplierTest" method="shouldReturnOnlyTheNamedSingleMethodDataPoints" externalInfoUrl="https://pmd.github.io/pmd/pmd_rules_java_bestpractices.html#junitassertionsshouldincludemessage" priority="3">
JUnit assertions should include a message
</violation>
<violation beginline="120" endline="120" begincolumn="9" endcolumn="20" rule="JUnitAssertionsShouldIncludeMessage" ruleset="Best Practices" package="org.junit.tests.experimental.theories.internal" class="SpecificDataPointsSupplierTest" method="shouldReturnNothingIfTheNamedDataPointsAreMissing" externalInfoUrl="https://pmd.github.io/pmd/pmd_rules_java_bestpractices.html#junitassertionsshouldincludemessage" priority="3">
JUnit assertions should include a message
</violation>
<violation beginline="124" endline="124" begincolumn="37" endcolumn="59" rule="UseDiamondOperator" ruleset="Code Style" package="org.junit.tests.experimental.theories.internal" class="SpecificDataPointsSupplierTest" method="getStringValuesFromAssignments" externalInfoUrl="https://pmd.github.io/pmd/pmd_rules_java_codestyle.html#usediamondoperator" priority="3">
Explicit type arguments can be replaced by Diamond Operator
</violation>
<violation beginline="131" endline="131" begincolumn="68" endcolumn="76" rule="SignatureDeclareThrowsException" ruleset="Design" package="org.junit.tests.experimental.theories.internal" class="SpecificDataPointsSupplierTest" method="signature" externalInfoUrl="https://pmd.github.io/pmd/pmd_rules_java_design.html#signaturedeclarethrowsexception" priority="3">
A method/constructor should not explicitly throw java.lang.Exception
</violation>
<violation beginline="135" endline="136" begincolumn="54" endcolumn="5" rule="UncommentedEmptyMethodBody" ruleset="Documentation" package="org.junit.tests.experimental.theories.internal" class="SpecificDataPointsSupplierTest" method="methodWantingAnyString" externalInfoUrl="https://pmd.github.io/pmd/pmd_rules_java_documentation.html#uncommentedemptymethodbody" priority="3">
Document empty method body
</violation>
<violation beginline="138" endline="139" begincolumn="86" endcolumn="5" rule="UncommentedEmptyMethodBody" ruleset="Documentation" package="org.junit.tests.experimental.theories.internal" class="SpecificDataPointsSupplierTest" method="methodWantingNamedFieldString" externalInfoUrl="https://pmd.github.io/pmd/pmd_rules_java_documentation.html#uncommentedemptymethodbody" priority="3">
Document empty method body
</violation>
<violation beginline="141" endline="142" begincolumn="88" endcolumn="5" rule="UncommentedEmptyMethodBody" ruleset="Documentation" package="org.junit.tests.experimental.theories.internal" class="SpecificDataPointsSupplierTest" method="methodWantingNamedMethodString" externalInfoUrl="https://pmd.github.io/pmd/pmd_rules_java_documentation.html#uncommentedemptymethodbody" priority="3">
Document empty method body
</violation>
<violation beginline="144" endline="145" begincolumn="93" endcolumn="5" rule="UncommentedEmptyMethodBody" ruleset="Documentation" package="org.junit.tests.experimental.theories.internal" class="SpecificDataPointsSupplierTest" method="methodWantingNamedSingleFieldString" externalInfoUrl="https://pmd.github.io/pmd/pmd_rules_java_documentation.html#uncommentedemptymethodbody" priority="3">
Document empty method body
</violation>
<violation beginline="147" endline="148" begincolumn="100" endcolumn="5" rule="UncommentedEmptyMethodBody" ruleset="Documentation" package="org.junit.tests.experimental.theories.internal" class="SpecificDataPointsSupplierTest" method="methodWantingNamedSingleMethodString" externalInfoUrl="https://pmd.github.io/pmd/pmd_rules_java_documentation.html#uncommentedemptymethodbody" priority="3">
Document empty method body
</violation>
<violation beginline="150" endline="151" begincolumn="85" endcolumn="5" rule="UncommentedEmptyMethodBody" ruleset="Documentation" package="org.junit.tests.experimental.theories.internal" class="SpecificDataPointsSupplierTest" method="methodWantingAllNamedStrings" externalInfoUrl="https://pmd.github.io/pmd/pmd_rules_java_documentation.html#uncommentedemptymethodbody" priority="3">
Document empty method body
</violation>
<violation beginline="153" endline="154" begincolumn="93" endcolumn="5" rule="UncommentedEmptyMethodBody" ruleset="Documentation" package="org.junit.tests.experimental.theories.internal" class="SpecificDataPointsSupplierTest" method="methodWantingWrongNamedString" externalInfoUrl="https://pmd.github.io/pmd/pmd_rules_java_documentation.html#uncommentedemptymethodbody" priority="3">
Document empty method body
</violation>
</file>
<file name="C:\Users\Deyan\Downloads\junit4-r4.13.2\src\test\java\org\junit\tests\experimental\theories\runner\FailingDataPointMethods.java">
<violation beginline="23" endline="23" begincolumn="23" endcolumn="38" rule="AvoidThrowingRawExceptionTypes" ruleset="Design" package="org.junit.tests.experimental.theories.runner" class="FailingDataPointMethods$HasFailingSingleDataPointMethod" method="failingDataPoint" externalInfoUrl="https://pmd.github.io/pmd/pmd_rules_java_design.html#avoidthrowingrawexceptiontypes" priority="1">
Avoid throwing raw exception types.
</violation>
<violation beginline="27" endline="28" begincolumn="35" endcolumn="9" rule="UncommentedEmptyMethodBody" ruleset="Documentation" package="org.junit.tests.experimental.theories.runner" class="FailingDataPointMethods$HasFailingSingleDataPointMethod" method="theory" externalInfoUrl="https://pmd.github.io/pmd/pmd_rules_java_documentation.html#uncommentedemptymethodbody" priority="3">
Document empty method body
</violation>
<violation beginline="33" endline="33" begincolumn="9" endcolumn="18" rule="JUnitAssertionsShouldIncludeMessage" ruleset="Best Practices" package="org.junit.tests.experimental.theories.runner" class="FailingDataPointMethods" method="shouldFailFromExceptionsInSingleDataPointMethods" externalInfoUrl="https://pmd.github.io/pmd/pmd_rules_java_bestpractices.html#junitassertionsshouldincludemessage" priority="3">
JUnit assertions should include a message
</violation>
<violation beginline="43" endline="43" begincolumn="23" endcolumn="38" rule="AvoidThrowingRawExceptionTypes" ruleset="Design" package="org.junit.tests.experimental.theories.runner" class="FailingDataPointMethods$HasFailingDataPointArrayMethod" method="failingDataPoints" externalInfoUrl="https://pmd.github.io/pmd/pmd_rules_java_design.html#avoidthrowingrawexceptiontypes" priority="1">
Avoid throwing raw exception types.
</violation>
<violation beginline="47" endline="48" begincolumn="35" endcolumn="9" rule="UncommentedEmptyMethodBody" ruleset="Documentation" package="org.junit.tests.experimental.theories.runner" class="FailingDataPointMethods$HasFailingDataPointArrayMethod" method="theory" externalInfoUrl="https://pmd.github.io/pmd/pmd_rules_java_documentation.html#uncommentedemptymethodbody" priority="3">
Document empty method body
</violation>
<violation beginline="53" endline="53" begincolumn="9" endcolumn="18" rule="JUnitAssertionsShouldIncludeMessage" ruleset="Best Practices" package="org.junit.tests.experimental.theories.runner" class="FailingDataPointMethods" method="shouldFailFromExceptionsInDataPointArrayMethods" externalInfoUrl="https://pmd.github.io/pmd/pmd_rules_java_bestpractices.html#junitassertionsshouldincludemessage" priority="3">
JUnit assertions should include a message
</violation>
<violation beginline="63" endline="63" begincolumn="23" endcolumn="38" rule="AvoidThrowingRawExceptionTypes" ruleset="Design" package="org.junit.tests.experimental.theories.runner" class="FailingDataPointMethods$HasIgnoredFailingSingleDataPointMethod" method="failingDataPoint" externalInfoUrl="https://pmd.github.io/pmd/pmd_rules_java_design.html#avoidthrowingrawexceptiontypes" priority="1">
Avoid throwing raw exception types.
</violation>
<violation beginline="67" endline="68" begincolumn="35" endcolumn="9" rule="UncommentedEmptyMethodBody" ruleset="Documentation" package="org.junit.tests.experimental.theories.runner" class="FailingDataPointMethods$HasIgnoredFailingSingleDataPointMethod" method="theory" externalInfoUrl="https://pmd.github.io/pmd/pmd_rules_java_documentation.html#uncommentedemptymethodbody" priority="3">
Document empty method body
</violation>
<violation beginline="73" endline="73" begincolumn="9" endcolumn="18" rule="JUnitAssertionsShouldIncludeMessage" ruleset="Best Practices" package="org.junit.tests.experimental.theories.runner" class="FailingDataPointMethods" method="shouldIgnoreSingleDataPointMethodExceptionsOnRequest" externalInfoUrl="https://pmd.github.io/pmd/pmd_rules_java_bestpractices.html#junitassertionsshouldincludemessage" priority="3">
JUnit assertions should include a message
</violation>
<violation beginline="83" endline="83" begincolumn="23" endcolumn="38" rule="AvoidThrowingRawExceptionTypes" ruleset="Design" package="org.junit.tests.experimental.theories.runner" class="FailingDataPointMethods$HasIgnoredFailingMultipleDataPointMethod" method="failingDataPoint" externalInfoUrl="https://pmd.github.io/pmd/pmd_rules_java_design.html#avoidthrowingrawexceptiontypes" priority="1">
Avoid throwing raw exception types.
</violation>
<violation beginline="87" endline="88" begincolumn="35" endcolumn="9" rule="UncommentedEmptyMethodBody" ruleset="Documentation" package="org.junit.tests.experimental.theories.runner" class="FailingDataPointMethods$HasIgnoredFailingMultipleDataPointMethod" method="theory" externalInfoUrl="https://pmd.github.io/pmd/pmd_rules_java_documentation.html#uncommentedemptymethodbody" priority="3">
Document empty method body
</violation>
<violation beginline="93" endline="93" begincolumn="9" endcolumn="18" rule="JUnitAssertionsShouldIncludeMessage" ruleset="Best Practices" package="org.junit.tests.experimental.theories.runner" class="FailingDataPointMethods" method="shouldIgnoreMultipleDataPointMethodExceptionsOnRequest" externalInfoUrl="https://pmd.github.io/pmd/pmd_rules_java_bestpractices.html#junitassertionsshouldincludemessage" priority="3">
JUnit assertions should include a message
</violation>
<violation beginline="103" endline="103" begincolumn="23" endcolumn="38" rule="AvoidThrowingRawExceptionTypes" ruleset="Design" package="org.junit.tests.experimental.theories.runner" class="FailingDataPointMethods$HasWronglyIgnoredFailingSingleDataPointMethod" method="failingDataPoint" externalInfoUrl="https://pmd.github.io/pmd/pmd_rules_java_design.html#avoidthrowingrawexceptiontypes" priority="1">
Avoid throwing raw exception types.
</violation>
<violation beginline="107" endline="108" begincolumn="35" endcolumn="9" rule="UncommentedEmptyMethodBody" ruleset="Documentation" package="org.junit.tests.experimental.theories.runner" class="FailingDataPointMethods$HasWronglyIgnoredFailingSingleDataPointMethod" method="theory" externalInfoUrl="https://pmd.github.io/pmd/pmd_rules_java_documentation.html#uncommentedemptymethodbody" priority="3">
Document empty method body
</violation>
<violation beginline="113" endline="113" begincolumn="9" endcolumn="18" rule="JUnitAssertionsShouldIncludeMessage" ruleset="Best Practices" package="org.junit.tests.experimental.theories.runner" class="FailingDataPointMethods" method="shouldNotIgnoreNonMatchingSingleDataPointExceptions" externalInfoUrl="https://pmd.github.io/pmd/pmd_rules_java_bestpractices.html#junitassertionsshouldincludemessage" priority="3">
JUnit assertions should include a message
</violation>
<violation beginline="123" endline="123" begincolumn="23" endcolumn="38" rule="AvoidThrowingRawExceptionTypes" ruleset="Design" package="org.junit.tests.experimental.theories.runner" class="FailingDataPointMethods$HasWronglyIgnoredFailingMultipleDataPointMethod" method="failingDataPoint" externalInfoUrl="https://pmd.github.io/pmd/pmd_rules_java_design.html#avoidthrowingrawexceptiontypes" priority="1">
Avoid throwing raw exception types.
</violation>
<violation beginline="127" endline="128" begincolumn="35" endcolumn="9" rule="UncommentedEmptyMethodBody" ruleset="Documentation" package="org.junit.tests.experimental.theories.runner" class="FailingDataPointMethods$HasWronglyIgnoredFailingMultipleDataPointMethod" method="theory" externalInfoUrl="https://pmd.github.io/pmd/pmd_rules_java_documentation.html#uncommentedemptymethodbody" priority="3">
Document empty method body
</violation>
<violation beginline="133" endline="133" begincolumn="9" endcolumn="18" rule="JUnitAssertionsShouldIncludeMessage" ruleset="Best Practices" package="org.junit.tests.experimental.theories.runner" class="FailingDataPointMethods" method="shouldNotIgnoreNonMatchingMultipleDataPointExceptions" externalInfoUrl="https://pmd.github.io/pmd/pmd_rules_java_bestpractices.html#junitassertionsshouldincludemessage" priority="3">
JUnit assertions should include a message
</violation>
</file>
<file name="C:\Users\Deyan\Downloads\junit4-r4.13.2\src\test\java\org\junit\tests\experimental\theories\runner\SuccessfulWithDataPointFields.java">
<violation beginline="1" endline="211" begincolumn="1" endcolumn="1" rule="TooManyStaticImports" ruleset="Code Style" package="org.junit.tests.experimental.theories.runner" class="SuccessfulWithDataPointFields" externalInfoUrl="https://pmd.github.io/pmd/pmd_rules_java_codestyle.html#toomanystaticimports" priority="3">
Too many static imports may lead to messy code
</violation>
<violation beginline="40" endline="40" begincolumn="21" endcolumn="31" rule="RedundantFieldInitializer" ruleset="Performance" package="org.junit.tests.experimental.theories.runner" class="SuccessfulWithDataPointFields$BeforeAndAfterOnSameInstance" variable="befores" externalInfoUrl="https://pmd.github.io/pmd/pmd_rules_java_performance.html#redundantfieldinitializer" priority="3">
Avoid using redundant field initializer for 'befores'
</violation>
<violation beginline="49" endline="49" begincolumn="13" endcolumn="36" rule="UseAssertSameInsteadOfAssertTrue" ruleset="Best Practices" package="org.junit.tests.experimental.theories.runner" class="SuccessfulWithDataPointFields$BeforeAndAfterOnSameInstance" method="stringsAreOK" externalInfoUrl="https://pmd.github.io/pmd/pmd_rules_java_bestpractices.html#useassertsameinsteadofasserttrue" priority="3">
Use assertSame(x, y) instead of assertTrue(x==y), or assertNotSame(x,y) vs assertFalse(x==y)
</violation>
<violation beginline="61" endline="61" begincolumn="37" endcolumn="59" rule="UseDiamondOperator" ruleset="Code Style" package="org.junit.tests.experimental.theories.runner" class="SuccessfulWithDataPointFields$NewObjectEachTime" externalInfoUrl="https://pmd.github.io/pmd/pmd_rules_java_codestyle.html#usediamondoperator" priority="3">
Explicit type arguments can be replaced by Diamond Operator
</violation>
<violation beginline="61" endline="61" begincolumn="30" endcolumn="33" rule="ImmutableField" ruleset="Design" package="org.junit.tests.experimental.theories.runner" class="SuccessfulWithDataPointFields$NewObjectEachTime" variable="list" externalInfoUrl="https://pmd.github.io/pmd/pmd_rules_java_design.html#immutablefield" priority="3">
Private field 'list' could be made final; it is only initialized in the declaration or constructor.
</violation>
<violation beginline="75" endline="75" begincolumn="21" endcolumn="21" rule="ImmutableField" ruleset="Design" package="org.junit.tests.experimental.theories.runner" class="SuccessfulWithDataPointFields$PositiveInts" variable="x" externalInfoUrl="https://pmd.github.io/pmd/pmd_rules_java_design.html#immutablefield" priority="3">
Private field 'x' could be made final; it is only initialized in the declaration or constructor.
</violation>
<violation beginline="95" endline="95" begincolumn="21" endcolumn="21" rule="ImmutableField" ruleset="Design" package="org.junit.tests.experimental.theories.runner" class="SuccessfulWithDataPointFields$PositiveIntsWithNegativeField" variable="x" externalInfoUrl="https://pmd.github.io/pmd/pmd_rules_java_design.html#immutablefield" priority="3">
Private field 'x' could be made final; it is only initialized in the declaration or constructor.
</violation>
<violation beginline="113" endline="113" begincolumn="21" endcolumn="21" rule="ImmutableField" ruleset="Design" package="org.junit.tests.experimental.theories.runner" class="SuccessfulWithDataPointFields$PositiveIntsWithMethodParams" variable="x" externalInfoUrl="https://pmd.github.io/pmd/pmd_rules_java_design.html#immutablefield" priority="3">
Private field 'x' could be made final; it is only initialized in the declaration or constructor.
</violation>
<violation beginline="135" endline="136" begincolumn="16" endcolumn="9" rule="UncommentedEmptyConstructor" ruleset="Documentation" package="org.junit.tests.experimental.theories.runner" class="SuccessfulWithDataPointFields$DifferentTypesInConstructor" method="DifferentTypesInConstructor" externalInfoUrl="https://pmd.github.io/pmd/pmd_rules_java_documentation.html#uncommentedemptyconstructor" priority="3">
Document empty constructor
</violation>
<violation beginline="139" endline="140" begincolumn="41" endcolumn="9" rule="UncommentedEmptyMethodBody" ruleset="Documentation" package="org.junit.tests.experimental.theories.runner" class="SuccessfulWithDataPointFields$DifferentTypesInConstructor" method="yesIndeed" externalInfoUrl="https://pmd.github.io/pmd/pmd_rules_java_documentation.html#uncommentedemptymethodbody" priority="3">
Document empty method body
</violation>
<violation beginline="145" endline="145" begincolumn="27" endcolumn="37" rule="RedundantFieldInitializer" ruleset="Performance" package="org.junit.tests.experimental.theories.runner" class="SuccessfulWithDataPointFields$BeforeAndAfterEachTime" variable="befores" externalInfoUrl="https://pmd.github.io/pmd/pmd_rules_java_performance.html#redundantfieldinitializer" priority="3">
Avoid using redundant field initializer for 'befores'
</violation>
<violation beginline="164" endline="165" begincolumn="49" endcolumn="9" rule="UncommentedEmptyMethodBody" ruleset="Documentation" package="org.junit.tests.experimental.theories.runner" class="SuccessfulWithDataPointFields$BeforeAndAfterEachTime" method="stringsAreOK" externalInfoUrl="https://pmd.github.io/pmd/pmd_rules_java_documentation.html#uncommentedemptymethodbody" priority="3">
Document empty method body
</violation>
<violation beginline="175" endline="175" begincolumn="27" endcolumn="35" rule="RedundantFieldInitializer" ruleset="Performance" package="org.junit.tests.experimental.theories.runner" class="SuccessfulWithDataPointFields$OneTestTwoAnnotations" variable="tests" externalInfoUrl="https://pmd.github.io/pmd/pmd_rules_java_performance.html#redundantfieldinitializer" priority="3">
Avoid using redundant field initializer for 'tests'
</violation>
<violation beginline="201" endline="201" begincolumn="27" endcolumn="34" rule="RedundantFieldInitializer" ruleset="Performance" package="org.junit.tests.experimental.theories.runner" class="SuccessfulWithDataPointFields$StaticPublicNonDataPoints" variable="ZERO" externalInfoUrl="https://pmd.github.io/pmd/pmd_rules_java_performance.html#redundantfieldinitializer" priority="3">
Avoid using redundant field initializer for 'ZERO'
</violation>
<violation beginline="208" endline="208" begincolumn="13" endcolumn="30" rule="UseAssertSameInsteadOfAssertTrue" ruleset="Best Practices" package="org.junit.tests.experimental.theories.runner" class="SuccessfulWithDataPointFields$StaticPublicNonDataPoints" method="onlyAnnotatedFields" externalInfoUrl="https://pmd.github.io/pmd/pmd_rules_java_bestpractices.html#useassertsameinsteadofasserttrue" priority="3">
Use assertSame(x, y) instead of assertTrue(x==y), or assertNotSame(x,y) vs assertFalse(x==y)
</violation>
</file>
<file name="C:\Users\Deyan\Downloads\junit4-r4.13.2\src\test\java\org\junit\tests\experimental\theories\runner\TheoriesPerformanceTest.java">
<violation beginline="26" endline="26" begincolumn="26" endcolumn="61" rule="FieldDeclarationsShouldBeAtStartOfClass" ruleset="Code Style" package="org.junit.tests.experimental.theories.runner" class="TheoriesPerformanceTest" variable="VariableDeclaratorId" externalInfoUrl="https://pmd.github.io/pmd/pmd_rules_java_codestyle.html#fielddeclarationsshouldbeatstartofclass" priority="3">
Fields should be declared at the top of the class, before any method declarations, constructors, initializers or inner classes.
</violation>
<violation beginline="36" endline="36" begincolumn="9" endcolumn="18" rule="JUnitAssertionsShouldIncludeMessage" ruleset="Best Practices" package="org.junit.tests.experimental.theories.runner" class="TheoriesPerformanceTest" method="tryCombinationsQuickly" externalInfoUrl="https://pmd.github.io/pmd/pmd_rules_java_bestpractices.html#junitassertionsshouldincludemessage" priority="3">
JUnit assertions should include a message
</violation>
</file>
<file name="C:\Users\Deyan\Downloads\junit4-r4.13.2\src\test\java\org\junit\tests\experimental\theories\runner\TypeMatchingBetweenMultiDataPointsMethod.java">
<violation beginline="27" endline="27" begincolumn="32" endcolumn="45" rule="UseVarargs" ruleset="Best Practices" package="org.junit.tests.experimental.theories.runner" class="TypeMatchingBetweenMultiDataPointsMethod$WithWrongfullyTypedDataPointsMethod" method="testTheory" variable="array" externalInfoUrl="https://pmd.github.io/pmd/pmd_rules_java_bestpractices.html#usevarargs" priority="4">
Consider using varargs for methods or constructors which take an array the last parameter.
</violation>
<violation beginline="27" endline="28" begincolumn="48" endcolumn="9" rule="UncommentedEmptyMethodBody" ruleset="Documentation" package="org.junit.tests.experimental.theories.runner" class="TypeMatchingBetweenMultiDataPointsMethod$WithWrongfullyTypedDataPointsMethod" method="testTheory" externalInfoUrl="https://pmd.github.io/pmd/pmd_rules_java_documentation.html#uncommentedemptymethodbody" priority="3">
Document empty method body
</violation>
<violation beginline="33" endline="33" begincolumn="9" endcolumn="18" rule="JUnitAssertionsShouldIncludeMessage" ruleset="Best Practices" package="org.junit.tests.experimental.theories.runner" class="TypeMatchingBetweenMultiDataPointsMethod" method="ignoreWrongTypedDataPointsMethod" externalInfoUrl="https://pmd.github.io/pmd/pmd_rules_java_bestpractices.html#junitassertionsshouldincludemessage" priority="3">
JUnit assertions should include a message
</violation>
<violation beginline="49" endline="49" begincolumn="32" endcolumn="45" rule="UseVarargs" ruleset="Best Practices" package="org.junit.tests.experimental.theories.runner" class="TypeMatchingBetweenMultiDataPointsMethod$WithCorrectlyTypedDataPointsMethod" method="testTheory" variable="array" externalInfoUrl="https://pmd.github.io/pmd/pmd_rules_java_bestpractices.html#usevarargs" priority="4">
Consider using varargs for methods or constructors which take an array the last parameter.
</violation>
<violation beginline="49" endline="50" begincolumn="48" endcolumn="9" rule="UncommentedEmptyMethodBody" ruleset="Documentation" package="org.junit.tests.experimental.theories.runner" class="TypeMatchingBetweenMultiDataPointsMethod$WithCorrectlyTypedDataPointsMethod" method="testTheory" externalInfoUrl="https://pmd.github.io/pmd/pmd_rules_java_documentation.html#uncommentedemptymethodbody" priority="3">
Document empty method body
</violation>
<violation beginline="54" endline="54" begincolumn="59" endcolumn="67" rule="SignatureDeclareThrowsException" ruleset="Design" package="org.junit.tests.experimental.theories.runner" class="TypeMatchingBetweenMultiDataPointsMethod" method="pickUpMultiPointDataPointMethods" externalInfoUrl="https://pmd.github.io/pmd/pmd_rules_java_design.html#signaturedeclarethrowsexception" priority="3">
A method/constructor should not explicitly throw java.lang.Exception
</violation>
<violation beginline="55" endline="55" begincolumn="9" endcolumn="18" rule="JUnitAssertionsShouldIncludeMessage" ruleset="Best Practices" package="org.junit.tests.experimental.theories.runner" class="TypeMatchingBetweenMultiDataPointsMethod" method="pickUpMultiPointDataPointMethods" externalInfoUrl="https://pmd.github.io/pmd/pmd_rules_java_bestpractices.html#junitassertionsshouldincludemessage" priority="3">
JUnit assertions should include a message
</violation>
</file>
<file name="C:\Users\Deyan\Downloads\junit4-r4.13.2\src\test\java\org\junit\tests\experimental\theories\runner\UnsuccessfulWithDataPointFields.java">
<violation beginline="1" endline="243" begincolumn="1" endcolumn="2" rule="TooManyStaticImports" ruleset="Code Style" package="org.junit.tests.experimental.theories.runner" class="UnsuccessfulWithDataPointFields" externalInfoUrl="https://pmd.github.io/pmd/pmd_rules_java_codestyle.html#toomanystaticimports" priority="3">
Too many static imports may lead to messy code
</violation>
<violation beginline="27" endline="27" begincolumn="13" endcolumn="22" rule="JUnitAssertionsShouldIncludeMessage" ruleset="Best Practices" package="org.junit.tests.experimental.theories.runner" class="UnsuccessfulWithDataPointFields$HasAFailingTheory" method="everythingIsZero" externalInfoUrl="https://pmd.github.io/pmd/pmd_rules_java_bestpractices.html#junitassertionsshouldincludemessage" priority="3">
JUnit assertions should include a message
</violation>
<violation beginline="32" endline="32" begincolumn="51" endcolumn="59" rule="SignatureDeclareThrowsException" ruleset="Design" package="org.junit.tests.experimental.theories.runner" class="UnsuccessfulWithDataPointFields" method="theoryClassMethodsShowUp" externalInfoUrl="https://pmd.github.io/pmd/pmd_rules_java_design.html#signaturedeclarethrowsexception" priority="3">
A method/constructor should not explicitly throw java.lang.Exception
</violation>
<violation beginline="33" endline="33" begincolumn="9" endcolumn="18" rule="JUnitAssertionsShouldIncludeMessage" ruleset="Best Practices" package="org.junit.tests.experimental.theories.runner" class="UnsuccessfulWithDataPointFields" method="theoryClassMethodsShowUp" externalInfoUrl="https://pmd.github.io/pmd/pmd_rules_java_bestpractices.html#junitassertionsshouldincludemessage" priority="3">
JUnit assertions should include a message
</violation>
<violation beginline="38" endline="38" begincolumn="55" endcolumn="63" rule="SignatureDeclareThrowsException" ruleset="Design" package="org.junit.tests.experimental.theories.runner" class="UnsuccessfulWithDataPointFields" method="theoryAnnotationsAreRetained" externalInfoUrl="https://pmd.github.io/pmd/pmd_rules_java_design.html#signaturedeclarethrowsexception" priority="3">
A method/constructor should not explicitly throw java.lang.Exception
</violation>
<violation beginline="39" endline="39" begincolumn="9" endcolumn="18" rule="JUnitAssertionsShouldIncludeMessage" ruleset="Best Practices" package="org.junit.tests.experimental.theories.runner" class="UnsuccessfulWithDataPointFields" method="theoryAnnotationsAreRetained" externalInfoUrl="https://pmd.github.io/pmd/pmd_rules_java_bestpractices.html#junitassertionsshouldincludemessage" priority="3">
JUnit assertions should include a message
</violation>
<violation beginline="44" endline="44" begincolumn="41" endcolumn="49" rule="SignatureDeclareThrowsException" ruleset="Design" package="org.junit.tests.experimental.theories.runner" class="UnsuccessfulWithDataPointFields" method="canRunTheories" externalInfoUrl="https://pmd.github.io/pmd/pmd_rules_java_design.html#signaturedeclarethrowsexception" priority="3">
A method/constructor should not explicitly throw java.lang.Exception
</violation>
<violation beginline="45" endline="45" begincolumn="9" endcolumn="18" rule="JUnitAssertionsShouldIncludeMessage" ruleset="Best Practices" package="org.junit.tests.experimental.theories.runner" class="UnsuccessfulWithDataPointFields" method="canRunTheories" externalInfoUrl="https://pmd.github.io/pmd/pmd_rules_java_bestpractices.html#junitassertionsshouldincludemessage" priority="3">
JUnit assertions should include a message
</violation>
<violation beginline="56" endline="56" begincolumn="13" endcolumn="22" rule="JUnitAssertionsShouldIncludeMessage" ruleset="Best Practices" package="org.junit.tests.experimental.theories.runner" class="UnsuccessfulWithDataPointFields$DoesntUseParams" method="everythingIsZero" externalInfoUrl="https://pmd.github.io/pmd/pmd_rules_java_bestpractices.html#junitassertionsshouldincludemessage" priority="3">
JUnit assertions should include a message
</violation>
<violation beginline="61" endline="61" begincolumn="42" endcolumn="50" rule="SignatureDeclareThrowsException" ruleset="Design" package="org.junit.tests.experimental.theories.runner" class="UnsuccessfulWithDataPointFields" method="reportBadParams" externalInfoUrl="https://pmd.github.io/pmd/pmd_rules_java_design.html#signaturedeclarethrowsexception" priority="3">
A method/constructor should not explicitly throw java.lang.Exception
</violation>
<violation beginline="62" endline="62" begincolumn="9" endcolumn="18" rule="JUnitAssertionsShouldIncludeMessage" ruleset="Best Practices" package="org.junit.tests.experimental.theories.runner" class="UnsuccessfulWithDataPointFields" method="reportBadParams" externalInfoUrl="https://pmd.github.io/pmd/pmd_rules_java_bestpractices.html#junitassertionsshouldincludemessage" priority="3">
JUnit assertions should include a message
</violation>
<violation beginline="69" endline="69" begincolumn="30" endcolumn="40" rule="RedundantFieldInitializer" ruleset="Performance" package="org.junit.tests.experimental.theories.runner" class="UnsuccessfulWithDataPointFields$NullsOK" variable="NULL" externalInfoUrl="https://pmd.github.io/pmd/pmd_rules_java_performance.html#redundantfieldinitializer" priority="3">
Avoid using redundant field initializer for 'NULL'
</violation>
<violation beginline="76" endline="76" begincolumn="13" endcolumn="22" rule="JUnitAssertionsShouldIncludeMessage" ruleset="Best Practices" package="org.junit.tests.experimental.theories.runner" class="UnsuccessfulWithDataPointFields$NullsOK" method="everythingIsA" externalInfoUrl="https://pmd.github.io/pmd/pmd_rules_java_bestpractices.html#junitassertionsshouldincludemessage" priority="3">
JUnit assertions should include a message
</violation>
<violation beginline="81" endline="81" begincolumn="52" endcolumn="60" rule="SignatureDeclareThrowsException" ruleset="Design" package="org.junit.tests.experimental.theories.runner" class="UnsuccessfulWithDataPointFields" method="nullsUsedUnlessProhibited" externalInfoUrl="https://pmd.github.io/pmd/pmd_rules_java_design.html#signaturedeclarethrowsexception" priority="3">
A method/constructor should not explicitly throw java.lang.Exception
</violation>
<violation beginline="82" endline="82" begincolumn="9" endcolumn="18" rule="JUnitAssertionsShouldIncludeMessage" ruleset="Best Practices" package="org.junit.tests.experimental.theories.runner" class="UnsuccessfulWithDataPointFields" method="nullsUsedUnlessProhibited" externalInfoUrl="https://pmd.github.io/pmd/pmd_rules_java_bestpractices.html#junitassertionsshouldincludemessage" priority="3">
JUnit assertions should include a message
</violation>
<violation beginline="91" endline="94" begincolumn="9" endcolumn="9" rule="DefaultPackage" ruleset="Code Style" package="org.junit.tests.experimental.theories.runner" class="UnsuccessfulWithDataPointFields$TheoriesMustBePublic" externalInfoUrl="https://pmd.github.io/pmd/pmd_rules_java_codestyle.html#defaultpackage" priority="3">
Use explicit scoping instead of the default package private level
</violation>
<violation beginline="92" endline="94" begincolumn="29" endcolumn="9" rule="UncommentedEmptyMethodBody" ruleset="Documentation" package="org.junit.tests.experimental.theories.runner" class="UnsuccessfulWithDataPointFields$TheoriesMustBePublic" method="numbers" externalInfoUrl="https://pmd.github.io/pmd/pmd_rules_java_documentation.html#uncommentedemptymethodbody" priority="3">
Document empty method body
</violation>
<violation beginline="99" endline="99" begincolumn="9" endcolumn="18" rule="JUnitAssertionsShouldIncludeMessage" ruleset="Best Practices" package="org.junit.tests.experimental.theories.runner" class="UnsuccessfulWithDataPointFields" method="theoriesMustBePublic" externalInfoUrl="https://pmd.github.io/pmd/pmd_rules_java_bestpractices.html#junitassertionsshouldincludemessage" priority="3">
JUnit assertions should include a message
</violation>
<violation beginline="110" endline="110" begincolumn="22" endcolumn="44" rule="UseShortArrayInitializer" ruleset="Code Style" package="org.junit.tests.experimental.theories.runner" class="UnsuccessfulWithDataPointFields$DataPointFieldsMustBeStatic" variable="FOURS" externalInfoUrl="https://pmd.github.io/pmd/pmd_rules_java_codestyle.html#useshortarrayinitializer" priority="3">
Array initialization can be written shorter
</violation>
<violation beginline="113" endline="115" begincolumn="36" endcolumn="9" rule="UncommentedEmptyMethodBody" ruleset="Documentation" package="org.junit.tests.experimental.theories.runner" class="UnsuccessfulWithDataPointFields$DataPointFieldsMustBeStatic" method="numbers" externalInfoUrl="https://pmd.github.io/pmd/pmd_rules_java_documentation.html#uncommentedemptymethodbody" priority="3">
Document empty method body
</violation>
<violation beginline="120" endline="120" begincolumn="9" endcolumn="18" rule="JUnitAssertionsShouldIncludeMessage" ruleset="Best Practices" package="org.junit.tests.experimental.theories.runner" class="UnsuccessfulWithDataPointFields" method="dataPointFieldsMustBeStatic" externalInfoUrl="https://pmd.github.io/pmd/pmd_rules_java_bestpractices.html#junitassertionsshouldincludemessage" priority="3">
JUnit assertions should include a message
</violation>
<violation beginline="139" endline="141" begincolumn="36" endcolumn="9" rule="UncommentedEmptyMethodBody" ruleset="Documentation" package="org.junit.tests.experimental.theories.runner" class="UnsuccessfulWithDataPointFields$DataPointMethodsMustBeStatic" method="numbers" externalInfoUrl="https://pmd.github.io/pmd/pmd_rules_java_documentation.html#uncommentedemptymethodbody" priority="3">
Document empty method body
</violation>
<violation beginline="146" endline="146" begincolumn="9" endcolumn="18" rule="JUnitAssertionsShouldIncludeMessage" ruleset="Best Practices" package="org.junit.tests.experimental.theories.runner" class="UnsuccessfulWithDataPointFields" method="dataPointMethodsMustBeStatic" externalInfoUrl="https://pmd.github.io/pmd/pmd_rules_java_bestpractices.html#junitassertionsshouldincludemessage" priority="3">
JUnit assertions should include a message
</violation>
<violation beginline="156" endline="157" begincolumn="9" endcolumn="29" rule="DefaultPackage" ruleset="Code Style" package="org.junit.tests.experimental.theories.runner" class="UnsuccessfulWithDataPointFields$DataPointFieldsMustBePublic" externalInfoUrl="https://pmd.github.io/pmd/pmd_rules_java_codestyle.html#defaultpackage" priority="3">
Use explicit scoping instead of the default package private level
</violation>
<violation beginline="159" endline="160" begincolumn="9" endcolumn="46" rule="DefaultPackage" ruleset="Code Style" package="org.junit.tests.experimental.theories.runner" class="UnsuccessfulWithDataPointFields$DataPointFieldsMustBePublic" externalInfoUrl="https://pmd.github.io/pmd/pmd_rules_java_codestyle.html#defaultpackage" priority="3">
Use explicit scoping instead of the default package private level
</violation>
<violation beginline="160" endline="160" begincolumn="22" endcolumn="45" rule="UseShortArrayInitializer" ruleset="Code Style" package="org.junit.tests.experimental.theories.runner" class="UnsuccessfulWithDataPointFields$DataPointFieldsMustBePublic" variable="THREES" externalInfoUrl="https://pmd.github.io/pmd/pmd_rules_java_codestyle.html#useshortarrayinitializer" priority="3">
Array initialization can be written shorter
</violation>
<violation beginline="166" endline="166" begincolumn="32" endcolumn="54" rule="UseShortArrayInitializer" ruleset="Code Style" package="org.junit.tests.experimental.theories.runner" class="UnsuccessfulWithDataPointFields$DataPointFieldsMustBePublic" variable="FOURS" externalInfoUrl="https://pmd.github.io/pmd/pmd_rules_java_codestyle.html#useshortarrayinitializer" priority="3">
Array initialization can be written shorter
</violation>
<violation beginline="169" endline="169" begincolumn="28" endcolumn="31" rule="UnusedPrivateField" ruleset="Best Practices" package="org.junit.tests.experimental.theories.runner" class="UnsuccessfulWithDataPointFields$DataPointFieldsMustBePublic" variable="FIVE" externalInfoUrl="https://pmd.github.io/pmd/pmd_rules_java_bestpractices.html#unusedprivatefield" priority="3">
Avoid unused private fields such as 'FIVE'.
</violation>
<violation beginline="172" endline="172" begincolumn="30" endcolumn="52" rule="UseShortArrayInitializer" ruleset="Code Style" package="org.junit.tests.experimental.theories.runner" class="UnsuccessfulWithDataPointFields$DataPointFieldsMustBePublic" variable="FIVES" externalInfoUrl="https://pmd.github.io/pmd/pmd_rules_java_codestyle.html#useshortarrayinitializer" priority="3">
Array initialization can be written shorter
</violation>
<violation beginline="172" endline="172" begincolumn="30" endcolumn="34" rule="UnusedPrivateField" ruleset="Best Practices" package="org.junit.tests.experimental.theories.runner" class="UnsuccessfulWithDataPointFields$DataPointFieldsMustBePublic" variable="FIVES" externalInfoUrl="https://pmd.github.io/pmd/pmd_rules_java_bestpractices.html#unusedprivatefield" priority="3">
Avoid unused private fields such as 'FIVES'.
</violation>
<violation beginline="175" endline="177" begincolumn="36" endcolumn="9" rule="UncommentedEmptyMethodBody" ruleset="Documentation" package="org.junit.tests.experimental.theories.runner" class="UnsuccessfulWithDataPointFields$DataPointFieldsMustBePublic" method="numbers" externalInfoUrl="https://pmd.github.io/pmd/pmd_rules_java_documentation.html#uncommentedemptymethodbody" priority="3">
Document empty method body
</violation>
<violation beginline="184" endline="184" begincolumn="9" endcolumn="18" rule="JUnitAssertionsShouldIncludeMessage" ruleset="Best Practices" package="org.junit.tests.experimental.theories.runner" class="UnsuccessfulWithDataPointFields" method="dataPointFieldsMustBePublic" externalInfoUrl="https://pmd.github.io/pmd/pmd_rules_java_bestpractices.html#junitassertionsshouldincludemessage" priority="3">
JUnit assertions should include a message
</violation>
<violation beginline="195" endline="198" begincolumn="9" endcolumn="9" rule="DefaultPackage" ruleset="Code Style" package="org.junit.tests.experimental.theories.runner" class="UnsuccessfulWithDataPointFields$DataPointMethodsMustBePublic" externalInfoUrl="https://pmd.github.io/pmd/pmd_rules_java_codestyle.html#defaultpackage" priority="3">
Use explicit scoping instead of the default package private level
</violation>
<violation beginline="200" endline="203" begincolumn="9" endcolumn="9" rule="DefaultPackage" ruleset="Code Style" package="org.junit.tests.experimental.theories.runner" class="UnsuccessfulWithDataPointFields$DataPointMethodsMustBePublic" externalInfoUrl="https://pmd.github.io/pmd/pmd_rules_java_codestyle.html#defaultpackage" priority="3">
Use explicit scoping instead of the default package private level
</violation>
<violation beginline="226" endline="228" begincolumn="36" endcolumn="9" rule="UncommentedEmptyMethodBody" ruleset="Documentation" package="org.junit.tests.experimental.theories.runner" class="UnsuccessfulWithDataPointFields$DataPointMethodsMustBePublic" method="numbers" externalInfoUrl="https://pmd.github.io/pmd/pmd_rules_java_documentation.html#uncommentedemptymethodbody" priority="3">
Document empty method body
</violation>
<violation beginline="235" endline="235" begincolumn="9" endcolumn="18" rule="JUnitAssertionsShouldIncludeMessage" ruleset="Best Practices" package="org.junit.tests.experimental.theories.runner" class="UnsuccessfulWithDataPointFields" method="dataPointMethodsMustBePublic" externalInfoUrl="https://pmd.github.io/pmd/pmd_rules_java_bestpractices.html#junitassertionsshouldincludemessage" priority="3">
JUnit assertions should include a message
</violation>
</file>
<file name="C:\Users\Deyan\Downloads\junit4-r4.13.2\src\test\java\org\junit\tests\experimental\theories\runner\WhenNoParametersMatch.java">
<violation beginline="1" endline="51" begincolumn="1" endcolumn="1" rule="TooManyStaticImports" ruleset="Code Style" package="org.junit.tests.experimental.theories.runner" class="WhenNoParametersMatch" externalInfoUrl="https://pmd.github.io/pmd/pmd_rules_java_codestyle.html#toomanystaticimports" priority="3">
Too many static imports may lead to messy code
</violation>
<violation beginline="28" endline="28" begincolumn="27" endcolumn="34" rule="RedundantFieldInitializer" ruleset="Performance" package="org.junit.tests.experimental.theories.runner" class="WhenNoParametersMatch$AssumptionsFail" variable="DATA" externalInfoUrl="https://pmd.github.io/pmd/pmd_rules_java_performance.html#redundantfieldinitializer" priority="3">
Avoid using redundant field initializer for 'DATA'
</violation>
<violation beginline="31" endline="31" begincolumn="40" endcolumn="53" rule="RedundantFieldInitializer" ruleset="Performance" package="org.junit.tests.experimental.theories.runner" class="WhenNoParametersMatch$AssumptionsFail" variable="MATCHER" externalInfoUrl="https://pmd.github.io/pmd/pmd_rules_java_performance.html#redundantfieldinitializer" priority="3">
Avoid using redundant field initializer for 'MATCHER'
</violation>
<violation beginline="41" endline="41" begincolumn="46" endcolumn="54" rule="SignatureDeclareThrowsException" ruleset="Design" package="org.junit.tests.experimental.theories.runner" class="WhenNoParametersMatch" method="showFailedAssumptionsWhenNoParametersFound" externalInfoUrl="https://pmd.github.io/pmd/pmd_rules_java_design.html#signaturedeclarethrowsexception" priority="3">
A method/constructor should not explicitly throw java.lang.Exception
</violation>
<violation beginline="49" endline="49" begincolumn="43" endcolumn="44" rule="AddEmptyString" ruleset="Performance" package="org.junit.tests.experimental.theories.runner" class="WhenNoParametersMatch" method="showFailedAssumptionsWhenNoParametersFound" externalInfoUrl="https://pmd.github.io/pmd/pmd_rules_java_performance.html#addemptystring" priority="3">
Do not add empty strings
</violation>
</file>
<file name="C:\Users\Deyan\Downloads\junit4-r4.13.2\src\test\java\org\junit\tests\experimental\theories\runner\WithAutoGeneratedDataPoints.java">
<violation beginline="17" endline="18" begincolumn="36" endcolumn="9" rule="UncommentedEmptyMethodBody" ruleset="Documentation" package="org.junit.tests.experimental.theories.runner" class="WithAutoGeneratedDataPoints$TheoryTestClassWithAutogeneratedParameterValues" method="theory" externalInfoUrl="https://pmd.github.io/pmd/pmd_rules_java_documentation.html#uncommentedemptymethodbody" priority="3">
Document empty method body
</violation>
<violation beginline="20" endline="21" begincolumn="39" endcolumn="9" rule="UncommentedEmptyMethodBody" ruleset="Documentation" package="org.junit.tests.experimental.theories.runner" class="WithAutoGeneratedDataPoints$TheoryTestClassWithAutogeneratedParameterValues" method="theory" externalInfoUrl="https://pmd.github.io/pmd/pmd_rules_java_documentation.html#uncommentedemptymethodbody" priority="3">
Document empty method body
</violation>
<violation beginline="27" endline="27" begincolumn="9" endcolumn="20" rule="JUnitAssertionsShouldIncludeMessage" ruleset="Best Practices" package="org.junit.tests.experimental.theories.runner" class="WithAutoGeneratedDataPoints" method="shouldAutomaticallyGenerateEnumDataPoints" externalInfoUrl="https://pmd.github.io/pmd/pmd_rules_java_bestpractices.html#junitassertionsshouldincludemessage" priority="3">
JUnit assertions should include a message
</violation>
<violation beginline="28" endline="28" begincolumn="81" endcolumn="88" rule="AvoidDuplicateLiterals" ruleset="Error Prone" package="org.junit.tests.experimental.theories.runner" class="WithAutoGeneratedDataPoints" method="shouldAutomaticallyGenerateEnumDataPoints" externalInfoUrl="https://pmd.github.io/pmd/pmd_rules_java_errorprone.html#avoidduplicateliterals" priority="3">
The String literal "theory" appears 4 times in this file; the first occurrence is on line 28
</violation>
<violation beginline="33" endline="33" begincolumn="9" endcolumn="20" rule="JUnitAssertionsShouldIncludeMessage" ruleset="Best Practices" package="org.junit.tests.experimental.theories.runner" class="WithAutoGeneratedDataPoints" method="shouldAutomaticallyGenerateBooleanDataPoints" externalInfoUrl="https://pmd.github.io/pmd/pmd_rules_java_bestpractices.html#junitassertionsshouldincludemessage" priority="3">
JUnit assertions should include a message
</violation>
<violation beginline="43" endline="44" begincolumn="36" endcolumn="9" rule="UncommentedEmptyMethodBody" ruleset="Documentation" package="org.junit.tests.experimental.theories.runner" class="WithAutoGeneratedDataPoints$TheoryTestClassWithSpecificEnumDataPoint" method="theory" externalInfoUrl="https://pmd.github.io/pmd/pmd_rules_java_documentation.html#uncommentedemptymethodbody" priority="3">
Document empty method body
</violation>
<violation beginline="50" endline="50" begincolumn="9" endcolumn="20" rule="JUnitAssertionsShouldIncludeMessage" ruleset="Best Practices" package="org.junit.tests.experimental.theories.runner" class="WithAutoGeneratedDataPoints" method="shouldNotAutogenerateEnumDataPointsWhenSpecificDataPointGiven" externalInfoUrl="https://pmd.github.io/pmd/pmd_rules_java_bestpractices.html#junitassertionsshouldincludemessage" priority="3">
JUnit assertions should include a message
</violation>
<violation beginline="60" endline="61" begincolumn="39" endcolumn="9" rule="UncommentedEmptyMethodBody" ruleset="Documentation" package="org.junit.tests.experimental.theories.runner" class="WithAutoGeneratedDataPoints$TheoryTestClassWithSpecificBooleanDataPoint" method="theory" externalInfoUrl="https://pmd.github.io/pmd/pmd_rules_java_documentation.html#uncommentedemptymethodbody" priority="3">
Document empty method body
</violation>
<violation beginline="67" endline="67" begincolumn="9" endcolumn="20" rule="JUnitAssertionsShouldIncludeMessage" ruleset="Best Practices" package="org.junit.tests.experimental.theories.runner" class="WithAutoGeneratedDataPoints" method="shouldNotAutogenerateBooleanDataPointsWhenSpecificDataPointGiven" externalInfoUrl="https://pmd.github.io/pmd/pmd_rules_java_bestpractices.html#junitassertionsshouldincludemessage" priority="3">
JUnit assertions should include a message
</violation>
</file>
<file name="C:\Users\Deyan\Downloads\junit4-r4.13.2\src\test\java\org\junit\tests\experimental\theories\runner\WithDataPointMethod.java">
<violation beginline="1" endline="114" begincolumn="1" endcolumn="2" rule="TooManyStaticImports" ruleset="Code Style" package="org.junit.tests.experimental.theories.runner" class="WithDataPointMethod" externalInfoUrl="https://pmd.github.io/pmd/pmd_rules_java_codestyle.html#toomanystaticimports" priority="3">
Too many static imports may lead to messy code
</violation>
<violation beginline="35" endline="36" begincolumn="38" endcolumn="9" rule="UncommentedEmptyMethodBody" ruleset="Documentation" package="org.junit.tests.experimental.theories.runner" class="WithDataPointMethod$HasDataPointMethod" method="allIntsOk" externalInfoUrl="https://pmd.github.io/pmd/pmd_rules_java_documentation.html#uncommentedemptymethodbody" priority="3">
Document empty method body
</violation>
<violation beginline="41" endline="41" begincolumn="9" endcolumn="18" rule="JUnitAssertionsShouldIncludeMessage" ruleset="Best Practices" package="org.junit.tests.experimental.theories.runner" class="WithDataPointMethod" method="pickUpDataPointMethods" externalInfoUrl="https://pmd.github.io/pmd/pmd_rules_java_bestpractices.html#junitassertionsshouldincludemessage" priority="3">
JUnit assertions should include a message
</violation>
<violation beginline="52" endline="52" begincolumn="23" endcolumn="34" rule="FieldDeclarationsShouldBeAtStartOfClass" ruleset="Code Style" package="org.junit.tests.experimental.theories.runner" class="WithDataPointMethod$DataPointMethodReturnsMutableObject" variable="VariableDeclaratorId" externalInfoUrl="https://pmd.github.io/pmd/pmd_rules_java_codestyle.html#fielddeclarationsshouldbeatstartofclass" priority="3">
Fields should be declared at the top of the class, before any method declarations, constructors, initializers or inner classes.
</violation>
<violation beginline="55" endline="55" begincolumn="23" endcolumn="34" rule="FieldDeclarationsShouldBeAtStartOfClass" ruleset="Code Style" package="org.junit.tests.experimental.theories.runner" class="WithDataPointMethod$DataPointMethodReturnsMutableObject" variable="VariableDeclaratorId" externalInfoUrl="https://pmd.github.io/pmd/pmd_rules_java_codestyle.html#fielddeclarationsshouldbeatstartofclass" priority="3">
Fields should be declared at the top of the class, before any method declarations, constructors, initializers or inner classes.
</violation>
<violation beginline="59" endline="59" begincolumn="13" endcolumn="22" rule="JUnitAssertionsShouldIncludeMessage" ruleset="Best Practices" package="org.junit.tests.experimental.theories.runner" class="WithDataPointMethod$DataPointMethodReturnsMutableObject" method="everythingsEmpty" externalInfoUrl="https://pmd.github.io/pmd/pmd_rules_java_bestpractices.html#junitassertionsshouldincludemessage" priority="3">
JUnit assertions should include a message
</violation>
<violation beginline="66" endline="66" begincolumn="9" endcolumn="18" rule="JUnitAssertionsShouldIncludeMessage" ruleset="Best Practices" package="org.junit.tests.experimental.theories.runner" class="WithDataPointMethod" method="mutableObjectsAreCreatedAfresh" externalInfoUrl="https://pmd.github.io/pmd/pmd_rules_java_bestpractices.html#junitassertionsshouldincludemessage" priority="3">
JUnit assertions should include a message
</violation>
<violation beginline="81" endline="82" begincolumn="38" endcolumn="9" rule="UncommentedEmptyMethodBody" ruleset="Documentation" package="org.junit.tests.experimental.theories.runner" class="WithDataPointMethod$HasDateMethod" method="allIntsOk" externalInfoUrl="https://pmd.github.io/pmd/pmd_rules_java_documentation.html#uncommentedemptymethodbody" priority="3">
Document empty method body
</violation>
<violation beginline="85" endline="86" begincolumn="45" endcolumn="9" rule="UncommentedEmptyMethodBody" ruleset="Documentation" package="org.junit.tests.experimental.theories.runner" class="WithDataPointMethod$HasDateMethod" method="onlyStringsOk" externalInfoUrl="https://pmd.github.io/pmd/pmd_rules_java_documentation.html#uncommentedemptymethodbody" priority="3">
Document empty method body
</violation>
<violation beginline="89" endline="90" begincolumn="41" endcolumn="9" rule="UncommentedEmptyMethodBody" ruleset="Documentation" package="org.junit.tests.experimental.theories.runner" class="WithDataPointMethod$HasDateMethod" method="onlyDatesOk" externalInfoUrl="https://pmd.github.io/pmd/pmd_rules_java_documentation.html#uncommentedemptymethodbody" priority="3">
Document empty method body
</violation>
<violation beginline="95" endline="95" begincolumn="9" endcolumn="18" rule="JUnitAssertionsShouldIncludeMessage" ruleset="Best Practices" package="org.junit.tests.experimental.theories.runner" class="WithDataPointMethod" method="ignoreDataPointMethodsWithWrongTypes" externalInfoUrl="https://pmd.github.io/pmd/pmd_rules_java_bestpractices.html#junitassertionsshouldincludemessage" priority="3">
JUnit assertions should include a message
</violation>
<violation beginline="102" endline="102" begincolumn="9" endcolumn="18" rule="JUnitAssertionsShouldIncludeMessage" ruleset="Best Practices" package="org.junit.tests.experimental.theories.runner" class="WithDataPointMethod" method="ignoreDataPointMethodsWithoutAnnotation" externalInfoUrl="https://pmd.github.io/pmd/pmd_rules_java_bestpractices.html#junitassertionsshouldincludemessage" priority="3">
JUnit assertions should include a message
</violation>
</file>
<file name="C:\Users\Deyan\Downloads\junit4-r4.13.2\src\test\java\org\junit\tests\experimental\theories\runner\WithExtendedParameterSources.java">
<violation beginline="1" endline="180" begincolumn="1" endcolumn="1" rule="TooManyStaticImports" ruleset="Code Style" package="org.junit.tests.experimental.theories.runner" class="WithExtendedParameterSources" externalInfoUrl="https://pmd.github.io/pmd/pmd_rules_java_codestyle.html#toomanystaticimports" priority="3">
Too many static imports may lead to messy code
</violation>
<violation beginline="26" endline="26" begincolumn="13" endcolumn="22" rule="JUnitAssertionsShouldIncludeMessage" ruleset="Best Practices" package="org.junit.tests.experimental.theories.runner" class="WithExtendedParameterSources$ParameterAnnotations" method="everythingIsOne" externalInfoUrl="https://pmd.github.io/pmd/pmd_rules_java_bestpractices.html#junitassertionsshouldincludemessage" priority="3">
JUnit assertions should include a message
</violation>
<violation beginline="32" endline="32" begincolumn="9" endcolumn="18" rule="JUnitAssertionsShouldIncludeMessage" ruleset="Best Practices" package="org.junit.tests.experimental.theories.runner" class="WithExtendedParameterSources" method="testedOnLimitsParameters" externalInfoUrl="https://pmd.github.io/pmd/pmd_rules_java_bestpractices.html#junitassertionsshouldincludemessage" priority="3">
JUnit assertions should include a message
</violation>
<violation beginline="32" endline="33" begincolumn="60" endcolumn="29" rule="UnnecessaryFullyQualifiedName" ruleset="Code Style" package="org.junit.tests.experimental.theories.runner" class="WithExtendedParameterSources" method="testedOnLimitsParameters" externalInfoUrl="https://pmd.github.io/pmd/pmd_rules_java_codestyle.html#unnecessaryfullyqualifiedname" priority="4">
Unnecessary use of fully qualified name 'ResultMatchers.isSuccessful' due to existing static import 'org.junit.experimental.results.ResultMatchers.isSuccessful'
</violation>
<violation beginline="43" endline="43" begincolumn="30" endcolumn="40" rule="RedundantFieldInitializer" ruleset="Performance" package="org.junit.tests.experimental.theories.runner" class="WithExtendedParameterSources$ShouldFilterOutNullSingleDataPoints" variable="NULL" externalInfoUrl="https://pmd.github.io/pmd/pmd_rules_java_performance.html#redundantfieldinitializer" priority="3">
Avoid using redundant field initializer for 'NULL'
</violation>
<violation beginline="47" endline="47" begincolumn="13" endcolumn="22" rule="JUnitAssertionsShouldIncludeMessage" ruleset="Best Practices" package="org.junit.tests.experimental.theories.runner" class="WithExtendedParameterSources$ShouldFilterOutNullSingleDataPoints" method="allStringsAreNonNull" externalInfoUrl="https://pmd.github.io/pmd/pmd_rules_java_bestpractices.html#junitassertionsshouldincludemessage" priority="3">
JUnit assertions should include a message
</violation>
<violation beginline="53" endline="53" begincolumn="9" endcolumn="18" rule="JUnitAssertionsShouldIncludeMessage" ruleset="Best Practices" package="org.junit.tests.experimental.theories.runner" class="WithExtendedParameterSources" method="shouldFilterOutNullSingleDataPoints" externalInfoUrl="https://pmd.github.io/pmd/pmd_rules_java_bestpractices.html#junitassertionsshouldincludemessage" priority="3">
JUnit assertions should include a message
</violation>
<violation beginline="63" endline="63" begincolumn="13" endcolumn="22" rule="JUnitAssertionsShouldIncludeMessage" ruleset="Best Practices" package="org.junit.tests.experimental.theories.runner" class="WithExtendedParameterSources$ShouldFilterOutNullElementsFromDataPointArrays" method="allStringsAreNonNull" externalInfoUrl="https://pmd.github.io/pmd/pmd_rules_java_bestpractices.html#junitassertionsshouldincludemessage" priority="3">
JUnit assertions should include a message
</violation>
<violation beginline="69" endline="69" begincolumn="9" endcolumn="18" rule="JUnitAssertionsShouldIncludeMessage" ruleset="Best Practices" package="org.junit.tests.experimental.theories.runner" class="WithExtendedParameterSources" method="shouldFilterOutNullElementsFromDataPointArrays" externalInfoUrl="https://pmd.github.io/pmd/pmd_rules_java_bestpractices.html#junitassertionsshouldincludemessage" priority="3">
JUnit assertions should include a message
</violation>
<violation beginline="75" endline="75" begincolumn="30" endcolumn="41" rule="RedundantFieldInitializer" ruleset="Performance" package="org.junit.tests.experimental.theories.runner" class="WithExtendedParameterSources$ShouldRejectTheoriesWithOnlyDisallowedNullData" variable="value" externalInfoUrl="https://pmd.github.io/pmd/pmd_rules_java_performance.html#redundantfieldinitializer" priority="3">
Avoid using redundant field initializer for 'value'
</violation>
<violation beginline="78" endline="79" begincolumn="52" endcolumn="9" rule="UncommentedEmptyMethodBody" ruleset="Documentation" package="org.junit.tests.experimental.theories.runner" class="WithExtendedParameterSources$ShouldRejectTheoriesWithOnlyDisallowedNullData" method="allStringsAreNonNull" externalInfoUrl="https://pmd.github.io/pmd/pmd_rules_java_documentation.html#uncommentedemptymethodbody" priority="3">
Document empty method body
</violation>
<violation beginline="84" endline="84" begincolumn="9" endcolumn="18" rule="JUnitAssertionsShouldIncludeMessage" ruleset="Best Practices" package="org.junit.tests.experimental.theories.runner" class="WithExtendedParameterSources" method="ShouldRejectTheoriesWithOnlyDisallowedNullData" externalInfoUrl="https://pmd.github.io/pmd/pmd_rules_java_bestpractices.html#junitassertionsshouldincludemessage" priority="3">
JUnit assertions should include a message
</violation>
<violation beginline="92" endline="92" begincolumn="32" endcolumn="63" rule="UseShortArrayInitializer" ruleset="Code Style" package="org.junit.tests.experimental.theories.runner" class="WithExtendedParameterSources$DataPointArrays" variable="STRINGS" externalInfoUrl="https://pmd.github.io/pmd/pmd_rules_java_codestyle.html#useshortarrayinitializer" priority="3">
Array initialization can be written shorter
</violation>
<violation beginline="104" endline="104" begincolumn="9" endcolumn="18" rule="JUnitAssertionsShouldIncludeMessage" ruleset="Best Practices" package="org.junit.tests.experimental.theories.runner" class="WithExtendedParameterSources" method="getDataPointsFromArray" externalInfoUrl="https://pmd.github.io/pmd/pmd_rules_java_bestpractices.html#junitassertionsshouldincludemessage" priority="3">
JUnit assertions should include a message
</violation>
<violation beginline="126" endline="126" begincolumn="9" endcolumn="18" rule="JUnitAssertionsShouldIncludeMessage" ruleset="Best Practices" package="org.junit.tests.experimental.theories.runner" class="WithExtendedParameterSources" method="getDataPointsFromArrayMethod" externalInfoUrl="https://pmd.github.io/pmd/pmd_rules_java_bestpractices.html#junitassertionsshouldincludemessage" priority="3">
JUnit assertions should include a message
</violation>
<violation beginline="158" endline="158" begincolumn="9" endcolumn="18" rule="JUnitAssertionsShouldIncludeMessage" ruleset="Best Practices" package="org.junit.tests.experimental.theories.runner" class="WithExtendedParameterSources" method="getDataPointsFromArrayMethodInSpiteOfMalformedness" externalInfoUrl="https://pmd.github.io/pmd/pmd_rules_java_bestpractices.html#junitassertionsshouldincludemessage" priority="3">
JUnit assertions should include a message
</violation>
<violation beginline="166" endline="166" begincolumn="32" endcolumn="63" rule="UseShortArrayInitializer" ruleset="Code Style" package="org.junit.tests.experimental.theories.runner" class="WithExtendedParameterSources$DataPointArrayToBeUsedForWholeParameter" variable="STRINGS" externalInfoUrl="https://pmd.github.io/pmd/pmd_rules_java_codestyle.html#useshortarrayinitializer" priority="3">
Array initialization can be written shorter
</violation>
<violation beginline="169" endline="169" begincolumn="30" endcolumn="45" rule="UseVarargs" ruleset="Best Practices" package="org.junit.tests.experimental.theories.runner" class="WithExtendedParameterSources$DataPointArrayToBeUsedForWholeParameter" method="addToLog" variable="strings" externalInfoUrl="https://pmd.github.io/pmd/pmd_rules_java_bestpractices.html#usevarargs" priority="4">
Consider using varargs for methods or constructors which take an array the last parameter.
</violation>
<violation beginline="178" endline="178" begincolumn="9" endcolumn="18" rule="JUnitAssertionsShouldIncludeMessage" ruleset="Best Practices" package="org.junit.tests.experimental.theories.runner" class="WithExtendedParameterSources" method="dataPointCanBeArray" externalInfoUrl="https://pmd.github.io/pmd/pmd_rules_java_bestpractices.html#junitassertionsshouldincludemessage" priority="3">
JUnit assertions should include a message
</violation>
</file>
<file name="C:\Users\Deyan\Downloads\junit4-r4.13.2\src\test\java\org\junit\tests\experimental\theories\runner\WithNamedDataPoints.java">
<violation beginline="25" endline="25" begincolumn="32" endcolumn="66" rule="UseShortArrayInitializer" ruleset="Code Style" package="org.junit.tests.experimental.theories.runner" class="WithNamedDataPoints$HasSpecificDatapointsParameters" variable="badStrings" externalInfoUrl="https://pmd.github.io/pmd/pmd_rules_java_codestyle.html#useshortarrayinitializer" priority="3">
Array initialization can be written shorter
</violation>
<violation beginline="30" endline="30" begincolumn="21" endcolumn="27" rule="AvoidDuplicateLiterals" ruleset="Error Prone" package="org.junit.tests.experimental.theories.runner" class="WithNamedDataPoints$HasSpecificDatapointsParameters" externalInfoUrl="https://pmd.github.io/pmd/pmd_rules_java_errorprone.html#avoidduplicateliterals" priority="3">
The String literal "named" appears 5 times in this file; the first occurrence is on line 30
</violation>
<violation beginline="31" endline="31" begincolumn="32" endcolumn="89" rule="UseShortArrayInitializer" ruleset="Code Style" package="org.junit.tests.experimental.theories.runner" class="WithNamedDataPoints$HasSpecificDatapointsParameters" variable="goodStrings" externalInfoUrl="https://pmd.github.io/pmd/pmd_rules_java_codestyle.html#useshortarrayinitializer" priority="3">
Array initialization can be written shorter
</violation>
<violation beginline="57" endline="58" begincolumn="67" endcolumn="9" rule="UncommentedEmptyMethodBody" ruleset="Documentation" package="org.junit.tests.experimental.theories.runner" class="WithNamedDataPoints$HasSpecificDatapointsParameters" method="theory" externalInfoUrl="https://pmd.github.io/pmd/pmd_rules_java_documentation.html#uncommentedemptymethodbody" priority="3">
Document empty method body
</violation>
<violation beginline="63" endline="71" begincolumn="12" endcolumn="5" rule="JUnitTestContainsTooManyAsserts" ruleset="Best Practices" package="org.junit.tests.experimental.theories.runner" class="WithNamedDataPoints" method="onlyUseSpecificDataPointsIfSpecified" externalInfoUrl="https://pmd.github.io/pmd/pmd_rules_java_bestpractices.html#junittestcontainstoomanyasserts" priority="3">
Unit tests should not contain more than 1 assert(s).
</violation>
<violation beginline="67" endline="67" begincolumn="9" endcolumn="20" rule="JUnitAssertionsShouldIncludeMessage" ruleset="Best Practices" package="org.junit.tests.experimental.theories.runner" class="WithNamedDataPoints" method="onlyUseSpecificDataPointsIfSpecified" externalInfoUrl="https://pmd.github.io/pmd/pmd_rules_java_bestpractices.html#junitassertionsshouldincludemessage" priority="3">
JUnit assertions should include a message
</violation>
<violation beginline="69" endline="69" begincolumn="13" endcolumn="22" rule="JUnitAssertionsShouldIncludeMessage" ruleset="Best Practices" package="org.junit.tests.experimental.theories.runner" class="WithNamedDataPoints" method="onlyUseSpecificDataPointsIfSpecified" externalInfoUrl="https://pmd.github.io/pmd/pmd_rules_java_bestpractices.html#junitassertionsshouldincludemessage" priority="3">
JUnit assertions should include a message
</violation>
</file>
<file name="C:\Users\Deyan\Downloads\junit4-r4.13.2\src\test\java\org\junit\tests\experimental\theories\runner\WithOnlyTestAnnotations.java">
<violation beginline="1" endline="82" begincolumn="1" endcolumn="1" rule="TooManyStaticImports" ruleset="Code Style" package="org.junit.tests.experimental.theories.runner" class="WithOnlyTestAnnotations" externalInfoUrl="https://pmd.github.io/pmd/pmd_rules_java_codestyle.html#toomanystaticimports" priority="3">
Too many static imports may lead to messy code
</violation>
<violation beginline="22" endline="24" begincolumn="35" endcolumn="9" rule="UncommentedEmptyMethodBody" ruleset="Documentation" package="org.junit.tests.experimental.theories.runner" class="WithOnlyTestAnnotations$HonorExpectedException" method="shouldThrow" externalInfoUrl="https://pmd.github.io/pmd/pmd_rules_java_documentation.html#uncommentedemptymethodbody" priority="3">
Document empty method body
</violation>
<violation beginline="28" endline="28" begincolumn="40" endcolumn="48" rule="SignatureDeclareThrowsException" ruleset="Design" package="org.junit.tests.experimental.theories.runner" class="WithOnlyTestAnnotations" method="honorExpected" externalInfoUrl="https://pmd.github.io/pmd/pmd_rules_java_design.html#signaturedeclarethrowsexception" priority="3">
A method/constructor should not explicitly throw java.lang.Exception
</violation>
<violation beginline="29" endline="29" begincolumn="9" endcolumn="18" rule="JUnitAssertionsShouldIncludeMessage" ruleset="Best Practices" package="org.junit.tests.experimental.theories.runner" class="WithOnlyTestAnnotations" method="honorExpected" externalInfoUrl="https://pmd.github.io/pmd/pmd_rules_java_bestpractices.html#junitassertionsshouldincludemessage" priority="3">
JUnit assertions should include a message
</violation>
<violation beginline="36" endline="36" begincolumn="13" endcolumn="45" rule="AvoidThrowingNullPointerException" ruleset="Design" package="org.junit.tests.experimental.theories.runner" class="WithOnlyTestAnnotations$HonorExpectedExceptionPasses" method="shouldThrow" externalInfoUrl="https://pmd.github.io/pmd/pmd_rules_java_design.html#avoidthrowingnullpointerexception" priority="1">
Avoid throwing null pointer exceptions.
</violation>
<violation beginline="41" endline="41" begincolumn="47" endcolumn="55" rule="SignatureDeclareThrowsException" ruleset="Design" package="org.junit.tests.experimental.theories.runner" class="WithOnlyTestAnnotations" method="honorExpectedPassing" externalInfoUrl="https://pmd.github.io/pmd/pmd_rules_java_design.html#signaturedeclarethrowsexception" priority="3">
A method/constructor should not explicitly throw java.lang.Exception
</violation>
<violation beginline="42" endline="42" begincolumn="9" endcolumn="18" rule="JUnitAssertionsShouldIncludeMessage" ruleset="Best Practices" package="org.junit.tests.experimental.theories.runner" class="WithOnlyTestAnnotations" method="honorExpectedPassing" externalInfoUrl="https://pmd.github.io/pmd/pmd_rules_java_bestpractices.html#junitassertionsshouldincludemessage" priority="3">
JUnit assertions should include a message
</violation>
<violation beginline="48" endline="56" begincolumn="16" endcolumn="9" rule="JUnitTestsShouldIncludeAssert" ruleset="Best Practices" package="org.junit.tests.experimental.theories.runner" class="WithOnlyTestAnnotations$HonorTimeout" method="shouldStop" externalInfoUrl="https://pmd.github.io/pmd/pmd_rules_java_bestpractices.html#junittestsshouldincludeassert" priority="3">
JUnit tests should include assert() or fail()
</violation>
<violation beginline="60" endline="60" begincolumn="39" endcolumn="47" rule="SignatureDeclareThrowsException" ruleset="Design" package="org.junit.tests.experimental.theories.runner" class="WithOnlyTestAnnotations" method="honorTimeout" externalInfoUrl="https://pmd.github.io/pmd/pmd_rules_java_design.html#signaturedeclarethrowsexception" priority="3">
A method/constructor should not explicitly throw java.lang.Exception
</violation>
<violation beginline="61" endline="61" begincolumn="9" endcolumn="18" rule="JUnitAssertionsShouldIncludeMessage" ruleset="Best Practices" package="org.junit.tests.experimental.theories.runner" class="WithOnlyTestAnnotations" method="honorTimeout" externalInfoUrl="https://pmd.github.io/pmd/pmd_rules_java_bestpractices.html#junitassertionsshouldincludemessage" priority="3">
JUnit assertions should include a message
</violation>
<violation beginline="67" endline="67" begincolumn="27" endcolumn="34" rule="RedundantFieldInitializer" ruleset="Performance" package="org.junit.tests.experimental.theories.runner" class="WithOnlyTestAnnotations$ErrorWhenTestHasParametersDespiteTheories" variable="ZERO" externalInfoUrl="https://pmd.github.io/pmd/pmd_rules_java_performance.html#redundantfieldinitializer" priority="3">
Avoid using redundant field initializer for 'ZERO'
</violation>
<violation beginline="70" endline="71" begincolumn="39" endcolumn="9" rule="UncommentedEmptyMethodBody" ruleset="Documentation" package="org.junit.tests.experimental.theories.runner" class="WithOnlyTestAnnotations$ErrorWhenTestHasParametersDespiteTheories" method="testMethod" externalInfoUrl="https://pmd.github.io/pmd/pmd_rules_java_documentation.html#uncommentedemptymethodbody" priority="3">
Document empty method body
</violation>
<violation beginline="70" endline="71" begincolumn="16" endcolumn="9" rule="JUnitTestsShouldIncludeAssert" ruleset="Best Practices" package="org.junit.tests.experimental.theories.runner" class="WithOnlyTestAnnotations$ErrorWhenTestHasParametersDespiteTheories" method="testMethod" externalInfoUrl="https://pmd.github.io/pmd/pmd_rules_java_bestpractices.html#junittestsshouldincludeassert" priority="3">
JUnit tests should include assert() or fail()
</violation>
<violation beginline="75" endline="81" begincolumn="12" endcolumn="5" rule="JUnitTestContainsTooManyAsserts" ruleset="Best Practices" package="org.junit.tests.experimental.theories.runner" class="WithOnlyTestAnnotations" method="testErrorWhenTestHasParametersDespiteTheories" externalInfoUrl="https://pmd.github.io/pmd/pmd_rules_java_bestpractices.html#junittestcontainstoomanyasserts" priority="3">
Unit tests should not contain more than 1 assert(s).
</violation>
<violation beginline="78" endline="78" begincolumn="9" endcolumn="20" rule="JUnitAssertionsShouldIncludeMessage" ruleset="Best Practices" package="org.junit.tests.experimental.theories.runner" class="WithOnlyTestAnnotations" method="testErrorWhenTestHasParametersDespiteTheories" externalInfoUrl="https://pmd.github.io/pmd/pmd_rules_java_bestpractices.html#junitassertionsshouldincludemessage" priority="3">
JUnit assertions should include a message
</violation>
<violation beginline="80" endline="80" begincolumn="9" endcolumn="18" rule="JUnitAssertionsShouldIncludeMessage" ruleset="Best Practices" package="org.junit.tests.experimental.theories.runner" class="WithOnlyTestAnnotations" method="testErrorWhenTestHasParametersDespiteTheories" externalInfoUrl="https://pmd.github.io/pmd/pmd_rules_java_bestpractices.html#junitassertionsshouldincludemessage" priority="3">
JUnit assertions should include a message
</violation>
</file>
<file name="C:\Users\Deyan\Downloads\junit4-r4.13.2\src\test\java\org\junit\tests\experimental\theories\runner\WithParameterSupplier.java">
<violation beginline="29" endline="29" begincolumn="24" endcolumn="34" rule="ImmutableField" ruleset="Design" package="org.junit.tests.experimental.theories.runner" class="WithParameterSupplier$SimplePotentialAssignment" variable="description" externalInfoUrl="https://pmd.github.io/pmd/pmd_rules_java_design.html#immutablefield" priority="3">
Private field 'description' could be made final; it is only initialized in the declaration or constructor.
</violation>
<violation beginline="30" endline="30" begincolumn="24" endcolumn="28" rule="ImmutableField" ruleset="Design" package="org.junit.tests.experimental.theories.runner" class="WithParameterSupplier$SimplePotentialAssignment" variable="value" externalInfoUrl="https://pmd.github.io/pmd/pmd_rules_java_design.html#immutablefield" priority="3">
Private field 'value' could be made final; it is only initialized in the declaration or constructor.
</violation>
<violation beginline="48" endline="48" begincolumn="26" endcolumn="79" rule="FieldDeclarationsShouldBeAtStartOfClass" ruleset="Code Style" package="org.junit.tests.experimental.theories.runner" class="WithParameterSupplier" variable="VariableDeclaratorId" externalInfoUrl="https://pmd.github.io/pmd/pmd_rules_java_codestyle.html#fielddeclarationsshouldbeatstartofclass" priority="3">
Fields should be declared at the top of the class, before any method declarations, constructors, initializers or inner classes.
</violation>
<violation beginline="54" endline="54" begincolumn="53" endcolumn="88" rule="UseDiamondOperator" ruleset="Code Style" package="org.junit.tests.experimental.theories.runner" class="WithParameterSupplier$SimpleSupplier" method="getValueSources" externalInfoUrl="https://pmd.github.io/pmd/pmd_rules_java_codestyle.html#usediamondoperator" priority="3">
Explicit type arguments can be replaced by Diamond Operator
</violation>
<violation beginline="70" endline="71" begincolumn="92" endcolumn="9" rule="UncommentedEmptyMethodBody" ruleset="Documentation" package="org.junit.tests.experimental.theories.runner" class="WithParameterSupplier$TestClassUsingParameterSupplier" method="theoryMethod" externalInfoUrl="https://pmd.github.io/pmd/pmd_rules_java_documentation.html#uncommentedemptymethodbody" priority="3">
Document empty method body
</violation>
<violation beginline="76" endline="83" begincolumn="12" endcolumn="5" rule="JUnitTestContainsTooManyAsserts" ruleset="Best Practices" package="org.junit.tests.experimental.theories.runner" class="WithParameterSupplier" method="shouldPickUpDataPointsFromParameterSupplier" externalInfoUrl="https://pmd.github.io/pmd/pmd_rules_java_bestpractices.html#junittestcontainstoomanyasserts" priority="3">
Unit tests should not contain more than 1 assert(s).
</violation>
<violation beginline="80" endline="80" begincolumn="9" endcolumn="20" rule="JUnitAssertionsShouldIncludeMessage" ruleset="Best Practices" package="org.junit.tests.experimental.theories.runner" class="WithParameterSupplier" method="shouldPickUpDataPointsFromParameterSupplier" externalInfoUrl="https://pmd.github.io/pmd/pmd_rules_java_bestpractices.html#junitassertionsshouldincludemessage" priority="3">
JUnit assertions should include a message
</violation>
<violation beginline="81" endline="81" begincolumn="9" endcolumn="20" rule="JUnitAssertionsShouldIncludeMessage" ruleset="Best Practices" package="org.junit.tests.experimental.theories.runner" class="WithParameterSupplier" method="shouldPickUpDataPointsFromParameterSupplier" externalInfoUrl="https://pmd.github.io/pmd/pmd_rules_java_bestpractices.html#junitassertionsshouldincludemessage" priority="3">
JUnit assertions should include a message
</violation>
<violation beginline="82" endline="82" begincolumn="9" endcolumn="20" rule="JUnitAssertionsShouldIncludeMessage" ruleset="Best Practices" package="org.junit.tests.experimental.theories.runner" class="WithParameterSupplier" method="shouldPickUpDataPointsFromParameterSupplier" externalInfoUrl="https://pmd.github.io/pmd/pmd_rules_java_bestpractices.html#junitassertionsshouldincludemessage" priority="3">
JUnit assertions should include a message
</violation>
<violation beginline="87" endline="88" begincolumn="16" endcolumn="9" rule="UncommentedEmptyConstructor" ruleset="Documentation" package="org.junit.tests.experimental.theories.runner" class="WithParameterSupplier$SupplierWithUnknownConstructor" method="SupplierWithUnknownConstructor" externalInfoUrl="https://pmd.github.io/pmd/pmd_rules_java_documentation.html#uncommentedemptyconstructor" priority="3">
Document empty constructor
</violation>
<violation beginline="101" endline="102" begincolumn="102" endcolumn="9" rule="UncommentedEmptyMethodBody" ruleset="Documentation" package="org.junit.tests.experimental.theories.runner" class="WithParameterSupplier$TestClassUsingSupplierWithUnknownConstructor" method="theory" externalInfoUrl="https://pmd.github.io/pmd/pmd_rules_java_documentation.html#uncommentedemptymethodbody" priority="3">
Document empty method body
</violation>
<violation beginline="107" endline="107" begincolumn="71" endcolumn="79" rule="SignatureDeclareThrowsException" ruleset="Design" package="org.junit.tests.experimental.theories.runner" class="WithParameterSupplier" method="shouldRejectSuppliersWithUnknownConstructors" externalInfoUrl="https://pmd.github.io/pmd/pmd_rules_java_design.html#signaturedeclarethrowsexception" priority="3">
A method/constructor should not explicitly throw java.lang.Exception
</violation>
<violation beginline="114" endline="115" begincolumn="16" endcolumn="9" rule="UncommentedEmptyConstructor" ruleset="Documentation" package="org.junit.tests.experimental.theories.runner" class="WithParameterSupplier$SupplierWithTwoConstructors" method="SupplierWithTwoConstructors" externalInfoUrl="https://pmd.github.io/pmd/pmd_rules_java_documentation.html#uncommentedemptyconstructor" priority="3">
Document empty constructor
</violation>
<violation beginline="128" endline="129" begincolumn="99" endcolumn="9" rule="UncommentedEmptyMethodBody" ruleset="Documentation" package="org.junit.tests.experimental.theories.runner" class="WithParameterSupplier$TestClassUsingSupplierWithTwoConstructors" method="theory" externalInfoUrl="https://pmd.github.io/pmd/pmd_rules_java_documentation.html#uncommentedemptymethodbody" priority="3">
Document empty method body
</violation>
<violation beginline="134" endline="134" begincolumn="67" endcolumn="75" rule="SignatureDeclareThrowsException" ruleset="Design" package="org.junit.tests.experimental.theories.runner" class="WithParameterSupplier" method="shouldRejectSuppliersWithTwoConstructors" externalInfoUrl="https://pmd.github.io/pmd/pmd_rules_java_design.html#signaturedeclarethrowsexception" priority="3">
A method/constructor should not explicitly throw java.lang.Exception
</violation>
<violation beginline="141" endline="142" begincolumn="16" endcolumn="9" rule="UncommentedEmptyConstructor" ruleset="Documentation" package="org.junit.tests.experimental.theories.runner" class="WithParameterSupplier$SupplierWithTestClassConstructor" method="SupplierWithTestClassConstructor" externalInfoUrl="https://pmd.github.io/pmd/pmd_rules_java_documentation.html#uncommentedemptyconstructor" priority="3">
Document empty constructor
</violation>
<violation beginline="155" endline="156" begincolumn="104" endcolumn="9" rule="UncommentedEmptyMethodBody" ruleset="Documentation" package="org.junit.tests.experimental.theories.runner" class="WithParameterSupplier$TestClassUsingSupplierWithTestClassConstructor" method="theory" externalInfoUrl="https://pmd.github.io/pmd/pmd_rules_java_documentation.html#uncommentedemptymethodbody" priority="3">
Document empty method body
</violation>
<violation beginline="161" endline="161" begincolumn="72" endcolumn="80" rule="SignatureDeclareThrowsException" ruleset="Design" package="org.junit.tests.experimental.theories.runner" class="WithParameterSupplier" method="shouldAcceptSuppliersWithTestClassConstructor" externalInfoUrl="https://pmd.github.io/pmd/pmd_rules_java_design.html#signaturedeclarethrowsexception" priority="3">
A method/constructor should not explicitly throw java.lang.Exception
</violation>
<violation beginline="161" endline="163" begincolumn="12" endcolumn="5" rule="JUnitTestsShouldIncludeAssert" ruleset="Best Practices" package="org.junit.tests.experimental.theories.runner" class="WithParameterSupplier" method="shouldAcceptSuppliersWithTestClassConstructor" externalInfoUrl="https://pmd.github.io/pmd/pmd_rules_java_bestpractices.html#junittestsshouldincludeassert" priority="3">
JUnit tests should include assert() or fail()
</violation>
</file>
<file name="C:\Users\Deyan\Downloads\junit4-r4.13.2\src\test\java\org\junit\tests\experimental\theories\runner\WithUnresolvedGenericTypeVariablesOnTheoryParms.java">
<violation beginline="1" endline="180" begincolumn="1" endcolumn="1" rule="TooManyStaticImports" ruleset="Code Style" package="org.junit.tests.experimental.theories.runner" class="WithUnresolvedGenericTypeVariablesOnTheoryParms" externalInfoUrl="https://pmd.github.io/pmd/pmd_rules_java_codestyle.html#toomanystaticimports" priority="3">
Too many static imports may lead to messy code
</violation>
<violation beginline="27" endline="27" begincolumn="9" endcolumn="18" rule="JUnitAssertionsShouldIncludeMessage" ruleset="Best Practices" package="org.junit.tests.experimental.theories.runner" class="WithUnresolvedGenericTypeVariablesOnTheoryParms" method="whereTypeVariableIsOnTheTheory" externalInfoUrl="https://pmd.github.io/pmd/pmd_rules_java_bestpractices.html#junitassertionsshouldincludemessage" priority="3">
JUnit assertions should include a message
</violation>
<violation beginline="33" endline="33" begincolumn="67" endcolumn="71" rule="AvoidDuplicateLiterals" ruleset="Error Prone" package="org.junit.tests.experimental.theories.runner" class="WithUnresolvedGenericTypeVariablesOnTheoryParms$TypeVariableOnTheoryOnly" externalInfoUrl="https://pmd.github.io/pmd/pmd_rules_java_errorprone.html#avoidduplicateliterals" priority="3">
The String literal "bar" appears 7 times in this file; the first occurrence is on line 33
</violation>
<violation beginline="33" endline="33" begincolumn="60" endcolumn="64" rule="AvoidDuplicateLiterals" ruleset="Error Prone" package="org.junit.tests.experimental.theories.runner" class="WithUnresolvedGenericTypeVariablesOnTheoryParms$TypeVariableOnTheoryOnly" externalInfoUrl="https://pmd.github.io/pmd/pmd_rules_java_errorprone.html#avoidduplicateliterals" priority="3">
The String literal "foo" appears 7 times in this file; the first occurrence is on line 33
</violation>
<violation beginline="36" endline="37" begincolumn="55" endcolumn="9" rule="UncommentedEmptyMethodBody" ruleset="Documentation" package="org.junit.tests.experimental.theories.runner" class="WithUnresolvedGenericTypeVariablesOnTheoryParms$TypeVariableOnTheoryOnly" externalInfoUrl="https://pmd.github.io/pmd/pmd_rules_java_documentation.html#uncommentedemptymethodbody" priority="3">
Document empty method body
</violation>
<violation beginline="43" endline="43" begincolumn="9" endcolumn="18" rule="JUnitAssertionsShouldIncludeMessage" ruleset="Best Practices" package="org.junit.tests.experimental.theories.runner" class="WithUnresolvedGenericTypeVariablesOnTheoryParms" method="whereTypeVariableIsOnTheoryParm" externalInfoUrl="https://pmd.github.io/pmd/pmd_rules_java_bestpractices.html#junitassertionsshouldincludemessage" priority="3">
JUnit assertions should include a message
</violation>
<violation beginline="43" endline="43" begincolumn="55" endcolumn="82" rule="AvoidDuplicateLiterals" ruleset="Error Prone" package="org.junit.tests.experimental.theories.runner" class="WithUnresolvedGenericTypeVariablesOnTheoryParms" method="whereTypeVariableIsOnTheoryParm" externalInfoUrl="https://pmd.github.io/pmd/pmd_rules_java_errorprone.html#avoidduplicateliterals" priority="3">
The String literal "unresolved type variable T" appears 4 times in this file; the first occurrence is on line 43
</violation>
<violation beginline="52" endline="53" begincolumn="41" endcolumn="9" rule="UncommentedEmptyMethodBody" ruleset="Documentation" package="org.junit.tests.experimental.theories.runner" class="WithUnresolvedGenericTypeVariablesOnTheoryParms$TypeVariableOnTheoryParm" externalInfoUrl="https://pmd.github.io/pmd/pmd_rules_java_documentation.html#uncommentedemptymethodbody" priority="3">
Document empty method body
</violation>
<violation beginline="59" endline="59" begincolumn="9" endcolumn="18" rule="JUnitAssertionsShouldIncludeMessage" ruleset="Best Practices" package="org.junit.tests.experimental.theories.runner" class="WithUnresolvedGenericTypeVariablesOnTheoryParms" method="whereTypeVariableIsOnParameterizedTheoryParm" externalInfoUrl="https://pmd.github.io/pmd/pmd_rules_java_bestpractices.html#junitassertionsshouldincludemessage" priority="3">
JUnit assertions should include a message
</violation>
<violation beginline="68" endline="69" begincolumn="55" endcolumn="9" rule="UncommentedEmptyMethodBody" ruleset="Documentation" package="org.junit.tests.experimental.theories.runner" class="WithUnresolvedGenericTypeVariablesOnTheoryParms$TypeVariableOnParameterizedTheoryParm" externalInfoUrl="https://pmd.github.io/pmd/pmd_rules_java_documentation.html#uncommentedemptymethodbody" priority="3">
Document empty method body
</violation>
<violation beginline="75" endline="75" begincolumn="9" endcolumn="18" rule="JUnitAssertionsShouldIncludeMessage" ruleset="Best Practices" package="org.junit.tests.experimental.theories.runner" class="WithUnresolvedGenericTypeVariablesOnTheoryParms" method="whereTypeVariableIsOnWildcardUpperBoundOnTheoryParm" externalInfoUrl="https://pmd.github.io/pmd/pmd_rules_java_bestpractices.html#junitassertionsshouldincludemessage" priority="3">
JUnit assertions should include a message
</violation>
<violation beginline="84" endline="85" begincolumn="65" endcolumn="9" rule="UncommentedEmptyMethodBody" ruleset="Documentation" package="org.junit.tests.experimental.theories.runner" class="WithUnresolvedGenericTypeVariablesOnTheoryParms$TypeVariableOnWildcardUpperBoundOnTheoryParm" externalInfoUrl="https://pmd.github.io/pmd/pmd_rules_java_documentation.html#uncommentedemptymethodbody" priority="3">
Document empty method body
</violation>
<violation beginline="91" endline="91" begincolumn="9" endcolumn="18" rule="JUnitAssertionsShouldIncludeMessage" ruleset="Best Practices" package="org.junit.tests.experimental.theories.runner" class="WithUnresolvedGenericTypeVariablesOnTheoryParms" method="whereTypeVariableIsOnWildcardLowerBoundOnTheoryParm" externalInfoUrl="https://pmd.github.io/pmd/pmd_rules_java_bestpractices.html#junitassertionsshouldincludemessage" priority="3">
JUnit assertions should include a message
</violation>
<violation beginline="100" endline="101" begincolumn="63" endcolumn="9" rule="UncommentedEmptyMethodBody" ruleset="Documentation" package="org.junit.tests.experimental.theories.runner" class="WithUnresolvedGenericTypeVariablesOnTheoryParms$TypeVariableOnWildcardLowerBoundOnTheoryParm" externalInfoUrl="https://pmd.github.io/pmd/pmd_rules_java_documentation.html#uncommentedemptymethodbody" priority="3">
Document empty method body
</violation>
<violation beginline="107" endline="107" begincolumn="9" endcolumn="18" rule="JUnitAssertionsShouldIncludeMessage" ruleset="Best Practices" package="org.junit.tests.experimental.theories.runner" class="WithUnresolvedGenericTypeVariablesOnTheoryParms" method="whereTypeVariableIsOnArrayTypeOnTheoryParm" externalInfoUrl="https://pmd.github.io/pmd/pmd_rules_java_bestpractices.html#junitassertionsshouldincludemessage" priority="3">
JUnit assertions should include a message
</violation>
<violation beginline="118" endline="118" begincolumn="34" endcolumn="42" rule="UseVarargs" ruleset="Best Practices" package="org.junit.tests.experimental.theories.runner" class="WithUnresolvedGenericTypeVariablesOnTheoryParms$TypeVariableOnArrayTypeOnTheoryParm" variable="items" externalInfoUrl="https://pmd.github.io/pmd/pmd_rules_java_bestpractices.html#usevarargs" priority="4">
Consider using varargs for methods or constructors which take an array the last parameter.
</violation>
<violation beginline="118" endline="119" begincolumn="45" endcolumn="9" rule="UncommentedEmptyMethodBody" ruleset="Documentation" package="org.junit.tests.experimental.theories.runner" class="WithUnresolvedGenericTypeVariablesOnTheoryParms$TypeVariableOnArrayTypeOnTheoryParm" externalInfoUrl="https://pmd.github.io/pmd/pmd_rules_java_documentation.html#uncommentedemptymethodbody" priority="3">
Document empty method body
</violation>
<violation beginline="125" endline="125" begincolumn="9" endcolumn="18" rule="JUnitAssertionsShouldIncludeMessage" ruleset="Best Practices" package="org.junit.tests.experimental.theories.runner" class="WithUnresolvedGenericTypeVariablesOnTheoryParms" method="whereTypeVariableIsOnComponentOfArrayTypeOnTheoryParm" externalInfoUrl="https://pmd.github.io/pmd/pmd_rules_java_bestpractices.html#junitassertionsshouldincludemessage" priority="3">
JUnit assertions should include a message
</violation>
<violation beginline="139" endline="139" begincolumn="34" endcolumn="54" rule="UseVarargs" ruleset="Best Practices" package="org.junit.tests.experimental.theories.runner" class="WithUnresolvedGenericTypeVariablesOnTheoryParms$TypeVariableOnComponentOfArrayTypeOnTheoryParm" variable="items" externalInfoUrl="https://pmd.github.io/pmd/pmd_rules_java_bestpractices.html#usevarargs" priority="4">
Consider using varargs for methods or constructors which take an array the last parameter.
</violation>
<violation beginline="139" endline="140" begincolumn="57" endcolumn="9" rule="UncommentedEmptyMethodBody" ruleset="Documentation" package="org.junit.tests.experimental.theories.runner" class="WithUnresolvedGenericTypeVariablesOnTheoryParms$TypeVariableOnComponentOfArrayTypeOnTheoryParm" externalInfoUrl="https://pmd.github.io/pmd/pmd_rules_java_documentation.html#uncommentedemptymethodbody" priority="3">
Document empty method body
</violation>
<violation beginline="146" endline="146" begincolumn="9" endcolumn="18" rule="JUnitAssertionsShouldIncludeMessage" ruleset="Best Practices" package="org.junit.tests.experimental.theories.runner" class="WithUnresolvedGenericTypeVariablesOnTheoryParms" method="whereTypeVariableIsOnTheoryClass" externalInfoUrl="https://pmd.github.io/pmd/pmd_rules_java_bestpractices.html#junitassertionsshouldincludemessage" priority="3">
JUnit assertions should include a message
</violation>
<violation beginline="155" endline="156" begincolumn="37" endcolumn="9" rule="UncommentedEmptyMethodBody" ruleset="Documentation" package="org.junit.tests.experimental.theories.runner" class="WithUnresolvedGenericTypeVariablesOnTheoryParms$TypeVariableOnTheoryClass" method="forItem" externalInfoUrl="https://pmd.github.io/pmd/pmd_rules_java_documentation.html#uncommentedemptymethodbody" priority="3">
Document empty method body
</violation>
<violation beginline="160" endline="170" begincolumn="12" endcolumn="5" rule="JUnitTestContainsTooManyAsserts" ruleset="Best Practices" package="org.junit.tests.experimental.theories.runner" class="WithUnresolvedGenericTypeVariablesOnTheoryParms" method="whereTypeVariablesAbound" externalInfoUrl="https://pmd.github.io/pmd/pmd_rules_java_bestpractices.html#junittestcontainstoomanyasserts" priority="3">
Unit tests should not contain more than 1 assert(s).
</violation>
<violation beginline="162" endline="162" begincolumn="9" endcolumn="18" rule="JUnitAssertionsShouldIncludeMessage" ruleset="Best Practices" package="org.junit.tests.experimental.theories.runner" class="WithUnresolvedGenericTypeVariablesOnTheoryParms" method="whereTypeVariablesAbound" externalInfoUrl="https://pmd.github.io/pmd/pmd_rules_java_bestpractices.html#junitassertionsshouldincludemessage" priority="3">
JUnit assertions should include a message
</violation>
<violation beginline="163" endline="163" begincolumn="9" endcolumn="18" rule="JUnitAssertionsShouldIncludeMessage" ruleset="Best Practices" package="org.junit.tests.experimental.theories.runner" class="WithUnresolvedGenericTypeVariablesOnTheoryParms" method="whereTypeVariablesAbound" externalInfoUrl="https://pmd.github.io/pmd/pmd_rules_java_bestpractices.html#junitassertionsshouldincludemessage" priority="3">
JUnit assertions should include a message
</violation>
<violation beginline="164" endline="164" begincolumn="9" endcolumn="18" rule="JUnitAssertionsShouldIncludeMessage" ruleset="Best Practices" package="org.junit.tests.experimental.theories.runner" class="WithUnresolvedGenericTypeVariablesOnTheoryParms" method="whereTypeVariablesAbound" externalInfoUrl="https://pmd.github.io/pmd/pmd_rules_java_bestpractices.html#junitassertionsshouldincludemessage" priority="3">
JUnit assertions should include a message
</violation>
<violation beginline="165" endline="165" begincolumn="9" endcolumn="18" rule="JUnitAssertionsShouldIncludeMessage" ruleset="Best Practices" package="org.junit.tests.experimental.theories.runner" class="WithUnresolvedGenericTypeVariablesOnTheoryParms" method="whereTypeVariablesAbound" externalInfoUrl="https://pmd.github.io/pmd/pmd_rules_java_bestpractices.html#junitassertionsshouldincludemessage" priority="3">
JUnit assertions should include a message
</violation>
<violation beginline="166" endline="166" begincolumn="9" endcolumn="18" rule="JUnitAssertionsShouldIncludeMessage" ruleset="Best Practices" package="org.junit.tests.experimental.theories.runner" class="WithUnresolvedGenericTypeVariablesOnTheoryParms" method="whereTypeVariablesAbound" externalInfoUrl="https://pmd.github.io/pmd/pmd_rules_java_bestpractices.html#junitassertionsshouldincludemessage" priority="3">
JUnit assertions should include a message
</violation>
<violation beginline="167" endline="167" begincolumn="9" endcolumn="18" rule="JUnitAssertionsShouldIncludeMessage" ruleset="Best Practices" package="org.junit.tests.experimental.theories.runner" class="WithUnresolvedGenericTypeVariablesOnTheoryParms" method="whereTypeVariablesAbound" externalInfoUrl="https://pmd.github.io/pmd/pmd_rules_java_bestpractices.html#junitassertionsshouldincludemessage" priority="3">
JUnit assertions should include a message
</violation>
<violation beginline="168" endline="168" begincolumn="9" endcolumn="18" rule="JUnitAssertionsShouldIncludeMessage" ruleset="Best Practices" package="org.junit.tests.experimental.theories.runner" class="WithUnresolvedGenericTypeVariablesOnTheoryParms" method="whereTypeVariablesAbound" externalInfoUrl="https://pmd.github.io/pmd/pmd_rules_java_bestpractices.html#junitassertionsshouldincludemessage" priority="3">
JUnit assertions should include a message
</violation>
<violation beginline="169" endline="169" begincolumn="9" endcolumn="18" rule="JUnitAssertionsShouldIncludeMessage" ruleset="Best Practices" package="org.junit.tests.experimental.theories.runner" class="WithUnresolvedGenericTypeVariablesOnTheoryParms" method="whereTypeVariablesAbound" externalInfoUrl="https://pmd.github.io/pmd/pmd_rules_java_bestpractices.html#junitassertionsshouldincludemessage" priority="3">
JUnit assertions should include a message
</violation>
<violation beginline="177" endline="177" begincolumn="17" endcolumn="37" rule="UseVarargs" ruleset="Best Practices" package="org.junit.tests.experimental.theories.runner" class="WithUnresolvedGenericTypeVariablesOnTheoryParms$TypeVariablesAbound" variable="sixth" externalInfoUrl="https://pmd.github.io/pmd/pmd_rules_java_bestpractices.html#usevarargs" priority="4">
Consider using varargs for methods or constructors which take an array the last parameter.
</violation>
<violation beginline="177" endline="178" begincolumn="40" endcolumn="9" rule="UncommentedEmptyMethodBody" ruleset="Documentation" package="org.junit.tests.experimental.theories.runner" class="WithUnresolvedGenericTypeVariablesOnTheoryParms$TypeVariablesAbound" externalInfoUrl="https://pmd.github.io/pmd/pmd_rules_java_documentation.html#uncommentedemptymethodbody" priority="3">
Document empty method body
</violation>
</file>
<file name="C:\Users\Deyan\Downloads\junit4-r4.13.2\src\test\java\org\junit\tests\junit3compatibility\AllTestsTest.java">
<violation beginline="26" endline="32" begincolumn="19" endcolumn="5" rule="ShortClassName" ruleset="Code Style" package="org.junit.tests.junit3compatibility" class="AllTestsTest$All" externalInfoUrl="https://pmd.github.io/pmd/pmd_rules_java_codestyle.html#shortclassname" priority="4">
Avoid short class names like All
</violation>
<violation beginline="39" endline="39" begincolumn="9" endcolumn="18" rule="JUnitAssertionsShouldIncludeMessage" ruleset="Best Practices" package="org.junit.tests.junit3compatibility" class="AllTestsTest" method="ensureTestIsRun" externalInfoUrl="https://pmd.github.io/pmd/pmd_rules_java_bestpractices.html#junitassertionsshouldincludemessage" priority="3">
JUnit assertions should include a message
</violation>
<violation beginline="45" endline="45" begincolumn="9" endcolumn="20" rule="JUnitAssertionsShouldIncludeMessage" ruleset="Best Practices" package="org.junit.tests.junit3compatibility" class="AllTestsTest" method="correctTestCount" externalInfoUrl="https://pmd.github.io/pmd/pmd_rules_java_bestpractices.html#junitassertionsshouldincludemessage" priority="3">
JUnit assertions should include a message
</violation>
<violation beginline="51" endline="51" begincolumn="9" endcolumn="18" rule="JUnitAssertionsShouldIncludeMessage" ruleset="Best Practices" package="org.junit.tests.junit3compatibility" class="AllTestsTest" method="someUsefulDescription" externalInfoUrl="https://pmd.github.io/pmd/pmd_rules_java_bestpractices.html#junitassertionsshouldincludemessage" priority="3">
JUnit assertions should include a message
</violation>
<violation beginline="56" endline="58" begincolumn="16" endcolumn="9" rule="JUnitTestsShouldIncludeAssert" ruleset="Best Practices" package="org.junit.tests.junit3compatibility" class="AllTestsTest$JUnit4Test" method="testSomething" externalInfoUrl="https://pmd.github.io/pmd/pmd_rules_java_bestpractices.html#junittestsshouldincludeassert" priority="3">
JUnit tests should include assert() or fail()
</violation>
<violation beginline="73" endline="73" begincolumn="9" endcolumn="20" rule="JUnitAssertionsShouldIncludeMessage" ruleset="Best Practices" package="org.junit.tests.junit3compatibility" class="AllTestsTest" method="correctTestCountAdapted" externalInfoUrl="https://pmd.github.io/pmd/pmd_rules_java_bestpractices.html#junitassertionsshouldincludemessage" priority="3">
JUnit assertions should include a message
</violation>
<violation beginline="79" endline="79" begincolumn="23" endcolumn="38" rule="AvoidThrowingRawExceptionTypes" ruleset="Design" package="org.junit.tests.junit3compatibility" class="AllTestsTest$BadSuiteMethod" method="suite" externalInfoUrl="https://pmd.github.io/pmd/pmd_rules_java_design.html#avoidthrowingrawexceptiontypes" priority="1">
Avoid throwing raw exception types.
</violation>
</file>
<file name="C:\Users\Deyan\Downloads\junit4-r4.13.2\src\test\java\org\junit\tests\junit3compatibility\ClassRequestTest.java">
<violation beginline="10" endline="12" begincolumn="9" endcolumn="9" rule="DefaultPackage" ruleset="Code Style" package="org.junit.tests.junit3compatibility" class="ClassRequestTest$PrivateSuiteMethod" externalInfoUrl="https://pmd.github.io/pmd/pmd_rules_java_codestyle.html#defaultpackage" priority="3">
Use explicit scoping instead of the default package private level
</violation>
<violation beginline="10" endline="12" begincolumn="16" endcolumn="9" rule="JUnitStaticSuite" ruleset="Error Prone" package="org.junit.tests.junit3compatibility" class="ClassRequestTest$PrivateSuiteMethod" method="suite" externalInfoUrl="https://pmd.github.io/pmd/pmd_rules_java_errorprone.html#junitstaticsuite" priority="3">
You have a suite() method that is not both public and static, so JUnit wont call it to get your TestSuite.  Is that what you wanted to do?
</violation>
<violation beginline="17" endline="17" begincolumn="9" endcolumn="18" rule="JUnitAssertionsShouldIncludeMessage" ruleset="Best Practices" package="org.junit.tests.junit3compatibility" class="ClassRequestTest" method="noSuiteMethodIfMethodPrivate" externalInfoUrl="https://pmd.github.io/pmd/pmd_rules_java_bestpractices.html#junitassertionsshouldincludemessage" priority="3">
JUnit assertions should include a message
</violation>
</file>
<file name="C:\Users\Deyan\Downloads\junit4-r4.13.2\src\test\java\org\junit\tests\junit3compatibility\ForwardCompatibilityPrintingTest.java">
<violation beginline="37" endline="37" begincolumn="17" endcolumn="29" rule="AvoidDuplicateLiterals" ruleset="Error Prone" package="org.junit.tests.junit3compatibility" class="ForwardCompatibilityPrintingTest" method="testError" externalInfoUrl="https://pmd.github.io/pmd/pmd_rules_java_errorprone.html#avoidduplicateliterals" priority="3">
The String literal "Errors here" appears 4 times in this file; the first occurrence is on line 37
</violation>
<violation beginline="50" endline="50" begincolumn="27" endcolumn="35" rule="AvoidThrowingRawExceptionTypes" ruleset="Design" package="org.junit.tests.junit3compatibility" class="ForwardCompatibilityPrintingTest" method="runTest" externalInfoUrl="https://pmd.github.io/pmd/pmd_rules_java_design.html#avoidthrowingrawexceptiontypes" priority="1">
Avoid throwing raw exception types.
</violation>
<violation beginline="54" endline="54" begincolumn="9" endcolumn="20" rule="JUnitAssertionsShouldIncludeMessage" ruleset="Best Practices" package="org.junit.tests.junit3compatibility" class="ForwardCompatibilityPrintingTest" method="testError" externalInfoUrl="https://pmd.github.io/pmd/pmd_rules_java_bestpractices.html#junitassertionsshouldincludemessage" priority="3">
JUnit assertions should include a message
</violation>
<violation beginline="80" endline="80" begincolumn="9" endcolumn="20" rule="JUnitAssertionsShouldIncludeMessage" ruleset="Best Practices" package="org.junit.tests.junit3compatibility" class="ForwardCompatibilityPrintingTest" method="testErrorAdapted" externalInfoUrl="https://pmd.github.io/pmd/pmd_rules_java_bestpractices.html#junitassertionsshouldincludemessage" priority="3">
JUnit assertions should include a message
</violation>
<violation beginline="83" endline="83" begincolumn="29" endcolumn="42" rule="UseVarargs" ruleset="Best Practices" package="org.junit.tests.junit3compatibility" class="ForwardCompatibilityPrintingTest" method="expected" variable="lines" externalInfoUrl="https://pmd.github.io/pmd/pmd_rules_java_bestpractices.html#usevarargs" priority="4">
Consider using varargs for methods or constructors which take an array the last parameter.
</violation>
<violation beginline="85" endline="85" begincolumn="21" endcolumn="34" rule="CloseResource" ruleset="Error Prone" package="org.junit.tests.junit3compatibility" class="ForwardCompatibilityPrintingTest" method="expected" variable="expectedWriter" externalInfoUrl="https://pmd.github.io/pmd/pmd_rules_java_errorprone.html#closeresource" priority="3">
Ensure that resources like this OutputStream object are closed after use
</violation>
<violation beginline="86" endline="88" begincolumn="9" endcolumn="9" rule="ForLoopCanBeForeach" ruleset="Best Practices" package="org.junit.tests.junit3compatibility" class="ForwardCompatibilityPrintingTest" method="expected" externalInfoUrl="https://pmd.github.io/pmd/pmd_rules_java_bestpractices.html#forloopcanbeforeach" priority="3">
This for loop can be replaced by a foreach loop
</violation>
</file>
<file name="C:\Users\Deyan\Downloads\junit4-r4.13.2\src\test\java\org\junit\tests\junit3compatibility\ForwardCompatibilityTest.java">
<violation beginline="20" endline="20" begincolumn="5" endcolumn="23" rule="DefaultPackage" ruleset="Code Style" package="org.junit.tests.junit3compatibility" class="ForwardCompatibilityTest" externalInfoUrl="https://pmd.github.io/pmd/pmd_rules_java_codestyle.html#defaultpackage" priority="3">
Use explicit scoping instead of the default package private level
</violation>
<violation beginline="34" endline="36" begincolumn="16" endcolumn="9" rule="JUnitTestsShouldIncludeAssert" ruleset="Best Practices" package="org.junit.tests.junit3compatibility" class="ForwardCompatibilityTest$NewTest" method="test" externalInfoUrl="https://pmd.github.io/pmd/pmd_rules_java_bestpractices.html#junittestsshouldincludeassert" priority="3">
JUnit tests should include assert() or fail()
</violation>
<violation beginline="44" endline="44" begincolumn="9" endcolumn="20" rule="JUnitAssertionsShouldIncludeMessage" ruleset="Best Practices" package="org.junit.tests.junit3compatibility" class="ForwardCompatibilityTest" method="testCompatibility" externalInfoUrl="https://pmd.github.io/pmd/pmd_rules_java_bestpractices.html#junitassertionsshouldincludemessage" priority="3">
JUnit assertions should include a message
</violation>
<violation beginline="50" endline="50" begincolumn="9" endcolumn="20" rule="JUnitAssertionsShouldIncludeMessage" ruleset="Best Practices" package="org.junit.tests.junit3compatibility" class="ForwardCompatibilityTest" method="testToString" externalInfoUrl="https://pmd.github.io/pmd/pmd_rules_java_bestpractices.html#junitassertionsshouldincludemessage" priority="3">
JUnit assertions should include a message
</violation>
<violation beginline="56" endline="56" begincolumn="9" endcolumn="18" rule="JUnitAssertionsShouldIncludeMessage" ruleset="Best Practices" package="org.junit.tests.junit3compatibility" class="ForwardCompatibilityTest" method="testUseGlobalCache" externalInfoUrl="https://pmd.github.io/pmd/pmd_rules_java_bestpractices.html#junitassertionsshouldincludemessage" priority="3">
JUnit assertions should include a message
</violation>
<violation beginline="59" endline="59" begincolumn="12" endcolumn="49" rule="FieldDeclarationsShouldBeAtStartOfClass" ruleset="Code Style" package="org.junit.tests.junit3compatibility" class="ForwardCompatibilityTest" variable="VariableDeclaratorId" externalInfoUrl="https://pmd.github.io/pmd/pmd_rules_java_codestyle.html#fielddeclarationsshouldbeatstartofclass" priority="3">
Fields should be declared at the top of the class, before any method declarations, constructors, initializers or inner classes.
</violation>
<violation beginline="59" endline="59" begincolumn="5" endcolumn="49" rule="DefaultPackage" ruleset="Code Style" package="org.junit.tests.junit3compatibility" class="ForwardCompatibilityTest" externalInfoUrl="https://pmd.github.io/pmd/pmd_rules_java_codestyle.html#defaultpackage" priority="3">
Use explicit scoping instead of the default package private level
</violation>
<violation beginline="63" endline="63" begincolumn="36" endcolumn="44" rule="SignatureDeclareThrowsException" ruleset="Design" package="org.junit.tests.junit3compatibility" class="ForwardCompatibilityTest$ErrorTest" method="error" externalInfoUrl="https://pmd.github.io/pmd/pmd_rules_java_design.html#signaturedeclarethrowsexception" priority="3">
A method/constructor should not explicitly throw java.lang.Exception
</violation>
<violation beginline="72" endline="72" begincolumn="9" endcolumn="20" rule="JUnitAssertionsShouldIncludeMessage" ruleset="Best Practices" package="org.junit.tests.junit3compatibility" class="ForwardCompatibilityTest" method="testException" externalInfoUrl="https://pmd.github.io/pmd/pmd_rules_java_bestpractices.html#junitassertionsshouldincludemessage" priority="3">
JUnit assertions should include a message
</violation>
<violation beginline="94" endline="94" begincolumn="28" endcolumn="43" rule="InefficientStringBuffering" ruleset="Performance" package="org.junit.tests.junit3compatibility" class="ForwardCompatibilityTest" method="addError" externalInfoUrl="https://pmd.github.io/pmd/pmd_rules_java_performance.html#inefficientstringbuffering" priority="3">
Avoid concatenating nonliterals in a StringBuffer/StringBuilder constructor or append().
</violation>
<violation beginline="99" endline="99" begincolumn="9" endcolumn="20" rule="JUnitAssertionsShouldIncludeMessage" ruleset="Best Practices" package="org.junit.tests.junit3compatibility" class="ForwardCompatibilityTest" method="testNotifyResult" externalInfoUrl="https://pmd.github.io/pmd/pmd_rules_java_bestpractices.html#junitassertionsshouldincludemessage" priority="3">
JUnit assertions should include a message
</violation>
<violation beginline="105" endline="105" begincolumn="38" endcolumn="46" rule="SignatureDeclareThrowsException" ruleset="Design" package="org.junit.tests.junit3compatibility" class="ForwardCompatibilityTest$NoExceptionTest" method="succeed" externalInfoUrl="https://pmd.github.io/pmd/pmd_rules_java_design.html#signaturedeclarethrowsexception" priority="3">
A method/constructor should not explicitly throw java.lang.Exception
</violation>
<violation beginline="105" endline="106" begincolumn="48" endcolumn="9" rule="UncommentedEmptyMethodBody" ruleset="Documentation" package="org.junit.tests.junit3compatibility" class="ForwardCompatibilityTest$NoExceptionTest" method="succeed" externalInfoUrl="https://pmd.github.io/pmd/pmd_rules_java_documentation.html#uncommentedemptymethodbody" priority="3">
Document empty method body
</violation>
<violation beginline="113" endline="113" begincolumn="9" endcolumn="19" rule="JUnitAssertionsShouldIncludeMessage" ruleset="Best Practices" package="org.junit.tests.junit3compatibility" class="ForwardCompatibilityTest" method="testNoException" externalInfoUrl="https://pmd.github.io/pmd/pmd_rules_java_bestpractices.html#junitassertionsshouldincludemessage" priority="3">
JUnit assertions should include a message
</violation>
<violation beginline="118" endline="118" begincolumn="39" endcolumn="47" rule="SignatureDeclareThrowsException" ruleset="Design" package="org.junit.tests.junit3compatibility" class="ForwardCompatibilityTest$ExpectedTest" method="expected" externalInfoUrl="https://pmd.github.io/pmd/pmd_rules_java_design.html#signaturedeclarethrowsexception" priority="3">
A method/constructor should not explicitly throw java.lang.Exception
</violation>
<violation beginline="119" endline="119" begincolumn="23" endcolumn="31" rule="AvoidThrowingRawExceptionTypes" ruleset="Design" package="org.junit.tests.junit3compatibility" class="ForwardCompatibilityTest$ExpectedTest" method="expected" externalInfoUrl="https://pmd.github.io/pmd/pmd_rules_java_design.html#avoidthrowingrawexceptiontypes" priority="1">
Avoid throwing raw exception types.
</violation>
<violation beginline="127" endline="127" begincolumn="9" endcolumn="18" rule="JUnitAssertionsShouldIncludeMessage" ruleset="Best Practices" package="org.junit.tests.junit3compatibility" class="ForwardCompatibilityTest" method="testExpected" externalInfoUrl="https://pmd.github.io/pmd/pmd_rules_java_bestpractices.html#junitassertionsshouldincludemessage" priority="3">
JUnit assertions should include a message
</violation>
<violation beginline="132" endline="132" begincolumn="39" endcolumn="47" rule="SignatureDeclareThrowsException" ruleset="Design" package="org.junit.tests.junit3compatibility" class="ForwardCompatibilityTest$UnExpectedExceptionTest" method="expected" externalInfoUrl="https://pmd.github.io/pmd/pmd_rules_java_design.html#signaturedeclarethrowsexception" priority="3">
A method/constructor should not explicitly throw java.lang.Exception
</violation>
<violation beginline="133" endline="133" begincolumn="23" endcolumn="27" rule="AvoidThrowingRawExceptionTypes" ruleset="Design" package="org.junit.tests.junit3compatibility" class="ForwardCompatibilityTest$UnExpectedExceptionTest" method="expected" externalInfoUrl="https://pmd.github.io/pmd/pmd_rules_java_design.html#avoidthrowingrawexceptiontypes" priority="1">
Avoid throwing raw exception types.
</violation>
<violation beginline="137" endline="137" begincolumn="12" endcolumn="22" rule="FieldDeclarationsShouldBeAtStartOfClass" ruleset="Code Style" package="org.junit.tests.junit3compatibility" class="ForwardCompatibilityTest" variable="VariableDeclaratorId" externalInfoUrl="https://pmd.github.io/pmd/pmd_rules_java_codestyle.html#fielddeclarationsshouldbeatstartofclass" priority="3">
Fields should be declared at the top of the class, before any method declarations, constructors, initializers or inner classes.
</violation>
<violation beginline="137" endline="137" begincolumn="5" endcolumn="22" rule="DefaultPackage" ruleset="Code Style" package="org.junit.tests.junit3compatibility" class="ForwardCompatibilityTest" externalInfoUrl="https://pmd.github.io/pmd/pmd_rules_java_codestyle.html#defaultpackage" priority="3">
Use explicit scoping instead of the default package private level
</violation>
<violation beginline="176" endline="176" begincolumn="9" endcolumn="20" rule="JUnitAssertionsShouldIncludeMessage" ruleset="Best Practices" package="org.junit.tests.junit3compatibility" class="ForwardCompatibilityTest" method="testBeforeAndAfterClass" externalInfoUrl="https://pmd.github.io/pmd/pmd_rules_java_bestpractices.html#junitassertionsshouldincludemessage" priority="3">
JUnit assertions should include a message
</violation>
<violation beginline="182" endline="182" begincolumn="23" endcolumn="27" rule="AvoidThrowingRawExceptionTypes" ruleset="Design" package="org.junit.tests.junit3compatibility" class="ForwardCompatibilityTest$ExceptionInBeforeTest" method="error" externalInfoUrl="https://pmd.github.io/pmd/pmd_rules_java_design.html#avoidthrowingrawexceptiontypes" priority="1">
Avoid throwing raw exception types.
</violation>
<violation beginline="186" endline="187" begincolumn="31" endcolumn="9" rule="UncommentedEmptyMethodBody" ruleset="Documentation" package="org.junit.tests.junit3compatibility" class="ForwardCompatibilityTest$ExceptionInBeforeTest" method="nothing" externalInfoUrl="https://pmd.github.io/pmd/pmd_rules_java_documentation.html#uncommentedemptymethodbody" priority="3">
Document empty method body
</violation>
<violation beginline="194" endline="194" begincolumn="9" endcolumn="20" rule="JUnitAssertionsShouldIncludeMessage" ruleset="Best Practices" package="org.junit.tests.junit3compatibility" class="ForwardCompatibilityTest" method="testExceptionInBefore" externalInfoUrl="https://pmd.github.io/pmd/pmd_rules_java_bestpractices.html#junitassertionsshouldincludemessage" priority="3">
JUnit assertions should include a message
</violation>
<violation beginline="199" endline="200" begincolumn="38" endcolumn="9" rule="UncommentedEmptyMethodBody" ruleset="Documentation" package="org.junit.tests.junit3compatibility" class="ForwardCompatibilityTest$InvalidMethodTest" method="shouldBeStatic" externalInfoUrl="https://pmd.github.io/pmd/pmd_rules_java_documentation.html#uncommentedemptymethodbody" priority="3">
Document empty method body
</violation>
<violation beginline="203" endline="204" begincolumn="29" endcolumn="9" rule="UncommentedEmptyMethodBody" ruleset="Documentation" package="org.junit.tests.junit3compatibility" class="ForwardCompatibilityTest$InvalidMethodTest" method="aTest" externalInfoUrl="https://pmd.github.io/pmd/pmd_rules_java_documentation.html#uncommentedemptymethodbody" priority="3">
Document empty method body
</violation>
<violation beginline="207" endline="214" begincolumn="12" endcolumn="5" rule="JUnitTestContainsTooManyAsserts" ruleset="Best Practices" package="org.junit.tests.junit3compatibility" class="ForwardCompatibilityTest" method="testInvalidMethod" externalInfoUrl="https://pmd.github.io/pmd/pmd_rules_java_bestpractices.html#junittestcontainstoomanyasserts" priority="3">
Unit tests should not contain more than 1 assert(s).
</violation>
<violation beginline="211" endline="211" begincolumn="9" endcolumn="20" rule="JUnitAssertionsShouldIncludeMessage" ruleset="Best Practices" package="org.junit.tests.junit3compatibility" class="ForwardCompatibilityTest" method="testInvalidMethod" externalInfoUrl="https://pmd.github.io/pmd/pmd_rules_java_bestpractices.html#junitassertionsshouldincludemessage" priority="3">
JUnit assertions should include a message
</violation>
<violation beginline="213" endline="213" begincolumn="9" endcolumn="18" rule="JUnitAssertionsShouldIncludeMessage" ruleset="Best Practices" package="org.junit.tests.junit3compatibility" class="ForwardCompatibilityTest" method="testInvalidMethod" externalInfoUrl="https://pmd.github.io/pmd/pmd_rules_java_bestpractices.html#junitassertionsshouldincludemessage" priority="3">
JUnit assertions should include a message
</violation>
<violation beginline="216" endline="216" begincolumn="28" endcolumn="41" rule="RedundantFieldInitializer" ruleset="Performance" package="org.junit.tests.junit3compatibility" class="ForwardCompatibilityTest" variable="wasRun" externalInfoUrl="https://pmd.github.io/pmd/pmd_rules_java_performance.html#redundantfieldinitializer" priority="3">
Avoid using redundant field initializer for 'wasRun'
</violation>
<violation beginline="216" endline="216" begincolumn="20" endcolumn="42" rule="FieldDeclarationsShouldBeAtStartOfClass" ruleset="Code Style" package="org.junit.tests.junit3compatibility" class="ForwardCompatibilityTest" variable="VariableDeclaratorId" externalInfoUrl="https://pmd.github.io/pmd/pmd_rules_java_codestyle.html#fielddeclarationsshouldbeatstartofclass" priority="3">
Fields should be declared at the top of the class, before any method declarations, constructors, initializers or inner classes.
</violation>
<violation beginline="219" endline="220" begincolumn="16" endcolumn="9" rule="UncommentedEmptyConstructor" ruleset="Documentation" package="org.junit.tests.junit3compatibility" class="ForwardCompatibilityTest$MarkerRunner" method="MarkerRunner" externalInfoUrl="https://pmd.github.io/pmd/pmd_rules_java_documentation.html#uncommentedemptyconstructor" priority="3">
Document empty constructor
</violation>
<violation beginline="247" endline="247" begincolumn="9" endcolumn="18" rule="JUnitAssertionsShouldIncludeMessage" ruleset="Best Practices" package="org.junit.tests.junit3compatibility" class="ForwardCompatibilityTest" method="testRunWithClass" externalInfoUrl="https://pmd.github.io/pmd/pmd_rules_java_bestpractices.html#junitassertionsshouldincludemessage" priority="3">
JUnit assertions should include a message
</violation>
<violation beginline="252" endline="252" begincolumn="9" endcolumn="20" rule="JUnitAssertionsShouldIncludeMessage" ruleset="Best Practices" package="org.junit.tests.junit3compatibility" class="ForwardCompatibilityTest" method="testToStringSuite" externalInfoUrl="https://pmd.github.io/pmd/pmd_rules_java_bestpractices.html#junitassertionsshouldincludemessage" priority="3">
JUnit assertions should include a message
</violation>
</file>
<file name="C:\Users\Deyan\Downloads\junit4-r4.13.2\src\test\java\org\junit\tests\junit3compatibility\InitializationErrorForwardCompatibilityTest.java">
<violation beginline="23" endline="23" begincolumn="54" endcolumn="62" rule="SignatureDeclareThrowsException" ruleset="Design" package="org.junit.tests.junit3compatibility" class="InitializationErrorForwardCompatibilityTest$CantInitialize" method="CantInitialize" externalInfoUrl="https://pmd.github.io/pmd/pmd_rules_java_design.html#signaturedeclarethrowsexception" priority="3">
A method/constructor should not explicitly throw java.lang.Exception
</violation>
<violation beginline="24" endline="24" begincolumn="23" endcolumn="31" rule="AvoidThrowingRawExceptionTypes" ruleset="Design" package="org.junit.tests.junit3compatibility" class="InitializationErrorForwardCompatibilityTest$CantInitialize" method="CantInitialize" externalInfoUrl="https://pmd.github.io/pmd/pmd_rules_java_design.html#avoidthrowingrawexceptiontypes" priority="1">
Avoid throwing raw exception types.
</violation>
<violation beginline="33" endline="34" begincolumn="47" endcolumn="9" rule="UncommentedEmptyMethodBody" ruleset="Documentation" package="org.junit.tests.junit3compatibility" class="InitializationErrorForwardCompatibilityTest$CantInitialize" method="run" externalInfoUrl="https://pmd.github.io/pmd/pmd_rules_java_documentation.html#uncommentedemptymethodbody" priority="3">
Document empty method body
</violation>
<violation beginline="41" endline="41" begincolumn="13" endcolumn="39" rule="FieldDeclarationsShouldBeAtStartOfClass" ruleset="Code Style" package="org.junit.tests.junit3compatibility" class="InitializationErrorForwardCompatibilityTest" variable="VariableDeclaratorId" externalInfoUrl="https://pmd.github.io/pmd/pmd_rules_java_codestyle.html#fielddeclarationsshouldbeatstartofclass" priority="3">
Fields should be declared at the top of the class, before any method declarations, constructors, initializers or inner classes.
</violation>
<violation beginline="51" endline="51" begincolumn="9" endcolumn="20" rule="JUnitAssertionsShouldIncludeMessage" ruleset="Best Practices" package="org.junit.tests.junit3compatibility" class="InitializationErrorForwardCompatibilityTest" method="initializationErrorsShowUpAsWarnings" externalInfoUrl="https://pmd.github.io/pmd/pmd_rules_java_bestpractices.html#junitassertionsshouldincludemessage" priority="3">
JUnit assertions should include a message
</violation>
<violation beginline="55" endline="61" begincolumn="12" endcolumn="5" rule="JUnitTestContainsTooManyAsserts" ruleset="Best Practices" package="org.junit.tests.junit3compatibility" class="InitializationErrorForwardCompatibilityTest" method="initializationErrorsAreThrownAtRuntime" externalInfoUrl="https://pmd.github.io/pmd/pmd_rules_java_bestpractices.html#junittestcontainstoomanyasserts" priority="3">
Unit tests should not contain more than 1 assert(s).
</violation>
<violation beginline="58" endline="58" begincolumn="9" endcolumn="20" rule="JUnitAssertionsShouldIncludeMessage" ruleset="Best Practices" package="org.junit.tests.junit3compatibility" class="InitializationErrorForwardCompatibilityTest" method="initializationErrorsAreThrownAtRuntime" externalInfoUrl="https://pmd.github.io/pmd/pmd_rules_java_bestpractices.html#junitassertionsshouldincludemessage" priority="3">
JUnit assertions should include a message
</violation>
<violation beginline="59" endline="59" begincolumn="9" endcolumn="20" rule="JUnitAssertionsShouldIncludeMessage" ruleset="Best Practices" package="org.junit.tests.junit3compatibility" class="InitializationErrorForwardCompatibilityTest" method="initializationErrorsAreThrownAtRuntime" externalInfoUrl="https://pmd.github.io/pmd/pmd_rules_java_bestpractices.html#junitassertionsshouldincludemessage" priority="3">
JUnit assertions should include a message
</violation>
<violation beginline="71" endline="72" begincolumn="41" endcolumn="9" rule="UncommentedEmptyMethodBody" ruleset="Documentation" package="org.junit.tests.junit3compatibility" class="InitializationErrorForwardCompatibilityTest$ErrorRememberingListener" method="addFailure" externalInfoUrl="https://pmd.github.io/pmd/pmd_rules_java_documentation.html#uncommentedemptymethodbody" priority="3">
Document empty method body
</violation>
<violation beginline="74" endline="75" begincolumn="56" endcolumn="9" rule="UncommentedEmptyMethodBody" ruleset="Documentation" package="org.junit.tests.junit3compatibility" class="InitializationErrorForwardCompatibilityTest$ErrorRememberingListener" method="endTest" externalInfoUrl="https://pmd.github.io/pmd/pmd_rules_java_documentation.html#uncommentedemptymethodbody" priority="3">
Document empty method body
</violation>
<violation beginline="77" endline="78" begincolumn="58" endcolumn="9" rule="UncommentedEmptyMethodBody" ruleset="Documentation" package="org.junit.tests.junit3compatibility" class="InitializationErrorForwardCompatibilityTest$ErrorRememberingListener" method="startTest" externalInfoUrl="https://pmd.github.io/pmd/pmd_rules_java_documentation.html#uncommentedemptymethodbody" priority="3">
Document empty method body
</violation>
<violation beginline="86" endline="94" begincolumn="12" endcolumn="5" rule="JUnitTestContainsTooManyAsserts" ruleset="Best Practices" package="org.junit.tests.junit3compatibility" class="InitializationErrorForwardCompatibilityTest" method="generatedErrorTestsMatchUp" externalInfoUrl="https://pmd.github.io/pmd/pmd_rules_java_bestpractices.html#junittestcontainstoomanyasserts" priority="3">
Unit tests should not contain more than 1 assert(s).
</violation>
<violation beginline="92" endline="92" begincolumn="9" endcolumn="21" rule="JUnitAssertionsShouldIncludeMessage" ruleset="Best Practices" package="org.junit.tests.junit3compatibility" class="InitializationErrorForwardCompatibilityTest" method="generatedErrorTestsMatchUp" externalInfoUrl="https://pmd.github.io/pmd/pmd_rules_java_bestpractices.html#junitassertionsshouldincludemessage" priority="3">
JUnit assertions should include a message
</violation>
<violation beginline="93" endline="93" begincolumn="9" endcolumn="18" rule="JUnitAssertionsShouldIncludeMessage" ruleset="Best Practices" package="org.junit.tests.junit3compatibility" class="InitializationErrorForwardCompatibilityTest" method="generatedErrorTestsMatchUp" externalInfoUrl="https://pmd.github.io/pmd/pmd_rules_java_bestpractices.html#junitassertionsshouldincludemessage" priority="3">
JUnit assertions should include a message
</violation>
<violation beginline="93" endline="93" begincolumn="9" endcolumn="53" rule="UseAssertSameInsteadOfAssertTrue" ruleset="Best Practices" package="org.junit.tests.junit3compatibility" class="InitializationErrorForwardCompatibilityTest" method="generatedErrorTestsMatchUp" externalInfoUrl="https://pmd.github.io/pmd/pmd_rules_java_bestpractices.html#useassertsameinsteadofasserttrue" priority="3">
Use assertSame(x, y) instead of assertTrue(x==y), or assertNotSame(x,y) vs assertFalse(x==y)
</violation>
<violation beginline="97" endline="97" begincolumn="60" endcolumn="68" rule="SignatureDeclareThrowsException" ruleset="Design" package="org.junit.tests.junit3compatibility" class="InitializationErrorForwardCompatibilityTest$InitializesWithError" method="InitializesWithError" externalInfoUrl="https://pmd.github.io/pmd/pmd_rules_java_design.html#signaturedeclarethrowsexception" priority="3">
A method/constructor should not explicitly throw java.lang.Exception
</violation>
<violation beginline="99" endline="99" begincolumn="23" endcolumn="31" rule="AvoidThrowingRawExceptionTypes" ruleset="Design" package="org.junit.tests.junit3compatibility" class="InitializationErrorForwardCompatibilityTest$InitializesWithError" method="InitializesWithError" externalInfoUrl="https://pmd.github.io/pmd/pmd_rules_java_design.html#avoidthrowingrawexceptiontypes" priority="1">
Avoid throwing raw exception types.
</violation>
</file>
<file name="C:\Users\Deyan\Downloads\junit4-r4.13.2\src\test\java\org\junit\tests\junit3compatibility\JUnit38ClassRunnerTest.java">
<violation beginline="28" endline="30" begincolumn="29" endcolumn="9" rule="UncommentedEmptyMethodBody" ruleset="Documentation" package="org.junit.tests.junit3compatibility" class="JUnit38ClassRunnerTest$MyTest" method="testA" externalInfoUrl="https://pmd.github.io/pmd/pmd_rules_java_documentation.html#uncommentedemptymethodbody" priority="3">
Document empty method body
</violation>
<violation beginline="36" endline="36" begincolumn="9" endcolumn="20" rule="JUnitAssertionsShouldIncludeMessage" ruleset="Best Practices" package="org.junit.tests.junit3compatibility" class="JUnit38ClassRunnerTest" method="plansDecoratorCorrectly" externalInfoUrl="https://pmd.github.io/pmd/pmd_rules_java_bestpractices.html#junitassertionsshouldincludemessage" priority="3">
JUnit assertions should include a message
</violation>
<violation beginline="51" endline="51" begincolumn="9" endcolumn="20" rule="JUnitAssertionsShouldIncludeMessage" ruleset="Best Practices" package="org.junit.tests.junit3compatibility" class="JUnit38ClassRunnerTest" method="canUnadaptAnAdapter" externalInfoUrl="https://pmd.github.io/pmd/pmd_rules_java_bestpractices.html#junitassertionsshouldincludemessage" priority="3">
JUnit assertions should include a message
</violation>
<violation beginline="54" endline="54" begincolumn="12" endcolumn="21" rule="FieldDeclarationsShouldBeAtStartOfClass" ruleset="Code Style" package="org.junit.tests.junit3compatibility" class="JUnit38ClassRunnerTest" variable="VariableDeclaratorId" externalInfoUrl="https://pmd.github.io/pmd/pmd_rules_java_codestyle.html#fielddeclarationsshouldbeatstartofclass" priority="3">
Fields should be declared at the top of the class, before any method declarations, constructors, initializers or inner classes.
</violation>
<violation beginline="54" endline="54" begincolumn="5" endcolumn="21" rule="DefaultPackage" ruleset="Code Style" package="org.junit.tests.junit3compatibility" class="JUnit38ClassRunnerTest" externalInfoUrl="https://pmd.github.io/pmd/pmd_rules_java_codestyle.html#defaultpackage" priority="3">
Use explicit scoping instead of the default package private level
</violation>
<violation beginline="57" endline="58" begincolumn="31" endcolumn="9" rule="UncommentedEmptyMethodBody" ruleset="Documentation" package="org.junit.tests.junit3compatibility" class="JUnit38ClassRunnerTest$OneTest" method="testOne" externalInfoUrl="https://pmd.github.io/pmd/pmd_rules_java_documentation.html#uncommentedemptymethodbody" priority="3">
Document empty method body
</violation>
<violation beginline="62" endline="78" begincolumn="12" endcolumn="5" rule="JUnitTestContainsTooManyAsserts" ruleset="Best Practices" package="org.junit.tests.junit3compatibility" class="JUnit38ClassRunnerTest" method="testListener" externalInfoUrl="https://pmd.github.io/pmd/pmd_rules_java_bestpractices.html#junittestcontainstoomanyasserts" priority="3">
Unit tests should not contain more than 1 assert(s).
</violation>
<violation beginline="67" endline="67" begincolumn="17" endcolumn="28" rule="JUnitAssertionsShouldIncludeMessage" ruleset="Best Practices" package="org.junit.tests.junit3compatibility" class="JUnit38ClassRunnerTest" method="testStarted" externalInfoUrl="https://pmd.github.io/pmd/pmd_rules_java_bestpractices.html#junitassertionsshouldincludemessage" priority="3">
JUnit assertions should include a message
</violation>
<violation beginline="76" endline="76" begincolumn="9" endcolumn="20" rule="JUnitAssertionsShouldIncludeMessage" ruleset="Best Practices" package="org.junit.tests.junit3compatibility" class="JUnit38ClassRunnerTest" method="testListener" externalInfoUrl="https://pmd.github.io/pmd/pmd_rules_java_bestpractices.html#junitassertionsshouldincludemessage" priority="3">
JUnit assertions should include a message
</violation>
<violation beginline="77" endline="77" begincolumn="9" endcolumn="20" rule="JUnitAssertionsShouldIncludeMessage" ruleset="Best Practices" package="org.junit.tests.junit3compatibility" class="JUnit38ClassRunnerTest" method="testListener" externalInfoUrl="https://pmd.github.io/pmd/pmd_rules_java_bestpractices.html#junitassertionsshouldincludemessage" priority="3">
JUnit assertions should include a message
</violation>
<violation beginline="82" endline="83" begincolumn="36" endcolumn="9" rule="UncommentedEmptyMethodBody" ruleset="Documentation" package="org.junit.tests.junit3compatibility" class="JUnit38ClassRunnerTest$ClassWithInvalidMethod" method="testInvalid" externalInfoUrl="https://pmd.github.io/pmd/pmd_rules_java_documentation.html#uncommentedemptymethodbody" priority="3">
Document empty method body
</violation>
<violation beginline="87" endline="92" begincolumn="12" endcolumn="5" rule="JUnitTestContainsTooManyAsserts" ruleset="Best Practices" package="org.junit.tests.junit3compatibility" class="JUnit38ClassRunnerTest" method="invalidTestMethodReportedCorrectly" externalInfoUrl="https://pmd.github.io/pmd/pmd_rules_java_bestpractices.html#junittestcontainstoomanyasserts" priority="3">
Unit tests should not contain more than 1 assert(s).
</violation>
<violation beginline="90" endline="90" begincolumn="9" endcolumn="20" rule="JUnitAssertionsShouldIncludeMessage" ruleset="Best Practices" package="org.junit.tests.junit3compatibility" class="JUnit38ClassRunnerTest" method="invalidTestMethodReportedCorrectly" externalInfoUrl="https://pmd.github.io/pmd/pmd_rules_java_bestpractices.html#junitassertionsshouldincludemessage" priority="3">
JUnit assertions should include a message
</violation>
<violation beginline="91" endline="91" begincolumn="9" endcolumn="20" rule="JUnitAssertionsShouldIncludeMessage" ruleset="Best Practices" package="org.junit.tests.junit3compatibility" class="JUnit38ClassRunnerTest" method="invalidTestMethodReportedCorrectly" externalInfoUrl="https://pmd.github.io/pmd/pmd_rules_java_bestpractices.html#junitassertionsshouldincludemessage" priority="3">
JUnit assertions should include a message
</violation>
<violation beginline="96" endline="97" begincolumn="19" endcolumn="5" rule="UnnecessaryModifier" ruleset="Code Style" package="org.junit.tests.junit3compatibility" class="JUnit38ClassRunnerTest$MyAnnotation" externalInfoUrl="https://pmd.github.io/pmd/pmd_rules_java_codestyle.html#unnecessarymodifier" priority="3">
Unnecessary modifier 'static' on annotation 'MyAnnotation': nested annotation types are implicitly static
</violation>
<violation beginline="101" endline="102" begincolumn="37" endcolumn="9" rule="UncommentedEmptyMethodBody" ruleset="Documentation" package="org.junit.tests.junit3compatibility" class="JUnit38ClassRunnerTest$JUnit3ClassWithAnnotatedMethod" method="testAnnotated" externalInfoUrl="https://pmd.github.io/pmd/pmd_rules_java_documentation.html#uncommentedemptymethodbody" priority="3">
Document empty method body
</violation>
<violation beginline="104" endline="105" begincolumn="40" endcolumn="9" rule="UncommentedEmptyMethodBody" ruleset="Documentation" package="org.junit.tests.junit3compatibility" class="JUnit38ClassRunnerTest$JUnit3ClassWithAnnotatedMethod" method="testNotAnnotated" externalInfoUrl="https://pmd.github.io/pmd/pmd_rules_java_documentation.html#uncommentedemptymethodbody" priority="3">
Document empty method body
</violation>
<violation beginline="125" endline="125" begincolumn="9" endcolumn="20" rule="JUnitAssertionsShouldIncludeMessage" ruleset="Best Practices" package="org.junit.tests.junit3compatibility" class="JUnit38ClassRunnerTest" method="assertAnnotationFiltering" externalInfoUrl="https://pmd.github.io/pmd/pmd_rules_java_bestpractices.html#junitassertionsshouldincludemessage" priority="3">
JUnit assertions should include a message
</violation>
<violation beginline="127" endline="127" begincolumn="17" endcolumn="66" rule="LiteralsFirstInComparisons" ruleset="Best Practices" package="org.junit.tests.junit3compatibility" class="JUnit38ClassRunnerTest" method="assertAnnotationFiltering" externalInfoUrl="https://pmd.github.io/pmd/pmd_rules_java_bestpractices.html#literalsfirstincomparisons" priority="3">
Position literals first in String comparisons
</violation>
<violation beginline="128" endline="128" begincolumn="17" endcolumn="29" rule="JUnitAssertionsShouldIncludeMessage" ruleset="Best Practices" package="org.junit.tests.junit3compatibility" class="JUnit38ClassRunnerTest" method="assertAnnotationFiltering" externalInfoUrl="https://pmd.github.io/pmd/pmd_rules_java_bestpractices.html#junitassertionsshouldincludemessage" priority="3">
JUnit assertions should include a message
</violation>
<violation beginline="130" endline="130" begincolumn="17" endcolumn="26" rule="JUnitAssertionsShouldIncludeMessage" ruleset="Best Practices" package="org.junit.tests.junit3compatibility" class="JUnit38ClassRunnerTest" method="assertAnnotationFiltering" externalInfoUrl="https://pmd.github.io/pmd/pmd_rules_java_bestpractices.html#junitassertionsshouldincludemessage" priority="3">
JUnit assertions should include a message
</violation>
</file>
<file name="C:\Users\Deyan\Downloads\junit4-r4.13.2\src\test\java\org\junit\tests\junit3compatibility\JUnit4TestAdapterTest.java">
<violation beginline="22" endline="22" begincolumn="9" endcolumn="20" rule="JUnitAssertionsShouldIncludeMessage" ruleset="Best Practices" package="org.junit.tests.junit3compatibility" class="JUnit4TestAdapterTest" method="doTest" externalInfoUrl="https://pmd.github.io/pmd/pmd_rules_java_bestpractices.html#junitassertionsshouldincludemessage" priority="3">
JUnit assertions should include a message
</violation>
<violation beginline="23" endline="23" begincolumn="9" endcolumn="20" rule="JUnitAssertionsShouldIncludeMessage" ruleset="Best Practices" package="org.junit.tests.junit3compatibility" class="JUnit4TestAdapterTest" method="doTest" externalInfoUrl="https://pmd.github.io/pmd/pmd_rules_java_bestpractices.html#junitassertionsshouldincludemessage" priority="3">
JUnit assertions should include a message
</violation>
<violation beginline="24" endline="24" begincolumn="9" endcolumn="20" rule="JUnitAssertionsShouldIncludeMessage" ruleset="Best Practices" package="org.junit.tests.junit3compatibility" class="JUnit4TestAdapterTest" method="doTest" externalInfoUrl="https://pmd.github.io/pmd/pmd_rules_java_bestpractices.html#junitassertionsshouldincludemessage" priority="3">
JUnit assertions should include a message
</violation>
<violation beginline="29" endline="29" begincolumn="9" endcolumn="20" rule="JUnitAssertionsShouldIncludeMessage" ruleset="Best Practices" package="org.junit.tests.junit3compatibility" class="JUnit4TestAdapterTest" method="doTest" externalInfoUrl="https://pmd.github.io/pmd/pmd_rules_java_bestpractices.html#junitassertionsshouldincludemessage" priority="3">
JUnit assertions should include a message
</violation>
<violation beginline="30" endline="30" begincolumn="9" endcolumn="20" rule="JUnitAssertionsShouldIncludeMessage" ruleset="Best Practices" package="org.junit.tests.junit3compatibility" class="JUnit4TestAdapterTest" method="doTest" externalInfoUrl="https://pmd.github.io/pmd/pmd_rules_java_bestpractices.html#junitassertionsshouldincludemessage" priority="3">
JUnit assertions should include a message
</violation>
<violation beginline="31" endline="31" begincolumn="9" endcolumn="20" rule="JUnitAssertionsShouldIncludeMessage" ruleset="Best Practices" package="org.junit.tests.junit3compatibility" class="JUnit4TestAdapterTest" method="doTest" externalInfoUrl="https://pmd.github.io/pmd/pmd_rules_java_bestpractices.html#junitassertionsshouldincludemessage" priority="3">
JUnit assertions should include a message
</violation>
<violation beginline="36" endline="36" begincolumn="35" endcolumn="43" rule="SignatureDeclareThrowsException" ruleset="Design" package="org.junit.tests.junit3compatibility" class="JUnit4TestAdapterTest$Test4" method="pass" externalInfoUrl="https://pmd.github.io/pmd/pmd_rules_java_design.html#signaturedeclarethrowsexception" priority="3">
A method/constructor should not explicitly throw java.lang.Exception
</violation>
<violation beginline="36" endline="38" begincolumn="16" endcolumn="9" rule="JUnitTestsShouldIncludeAssert" ruleset="Best Practices" package="org.junit.tests.junit3compatibility" class="JUnit4TestAdapterTest$Test4" method="pass" externalInfoUrl="https://pmd.github.io/pmd/pmd_rules_java_bestpractices.html#junittestsshouldincludeassert" priority="3">
JUnit tests should include assert() or fail()
</violation>
<violation beginline="47" endline="49" begincolumn="12" endcolumn="5" rule="JUnitTestsShouldIncludeAssert" ruleset="Best Practices" package="org.junit.tests.junit3compatibility" class="JUnit4TestAdapterTest" method="testJUnit4Suite" externalInfoUrl="https://pmd.github.io/pmd/pmd_rules_java_bestpractices.html#junittestsshouldincludeassert" priority="3">
JUnit tests should include assert() or fail()
</violation>
<violation beginline="63" endline="65" begincolumn="12" endcolumn="5" rule="JUnitTestsShouldIncludeAssert" ruleset="Best Practices" package="org.junit.tests.junit3compatibility" class="JUnit4TestAdapterTest" method="testJUnit3Suite" externalInfoUrl="https://pmd.github.io/pmd/pmd_rules_java_bestpractices.html#junittestsshouldincludeassert" priority="3">
JUnit tests should include assert() or fail()
</violation>
<violation beginline="79" endline="81" begincolumn="12" endcolumn="5" rule="JUnitTestsShouldIncludeAssert" ruleset="Best Practices" package="org.junit.tests.junit3compatibility" class="JUnit4TestAdapterTest" method="testJUnit4SuiteThatContainsJUnit3SuiteClass" externalInfoUrl="https://pmd.github.io/pmd/pmd_rules_java_bestpractices.html#junittestsshouldincludeassert" priority="3">
JUnit tests should include assert() or fail()
</violation>
</file>
<file name="C:\Users\Deyan\Downloads\junit4-r4.13.2\src\test\java\org\junit\tests\junit3compatibility\OldTestClassAdaptingListenerTest.java">
<violation beginline="26" endline="26" begincolumn="9" endcolumn="20" rule="JUnitAssertionsShouldIncludeMessage" ruleset="Best Practices" package="org.junit.tests.junit3compatibility" class="OldTestClassAdaptingListenerTest" method="addFailureDelegatesToNotifier" externalInfoUrl="https://pmd.github.io/pmd/pmd_rules_java_bestpractices.html#junitassertionsshouldincludemessage" priority="3">
JUnit assertions should include a message
</violation>
</file>
<file name="C:\Users\Deyan\Downloads\junit4-r4.13.2\src\test\java\org\junit\tests\junit3compatibility\SuiteMethodTest.java">
<violation beginline="41" endline="41" begincolumn="9" endcolumn="18" rule="JUnitAssertionsShouldIncludeMessage" ruleset="Best Practices" package="org.junit.tests.junit3compatibility" class="SuiteMethodTest" method="makeSureSuiteIsCalled" externalInfoUrl="https://pmd.github.io/pmd/pmd_rules_java_bestpractices.html#junitassertionsshouldincludemessage" priority="3">
JUnit assertions should include a message
</violation>
<violation beginline="46" endline="48" begincolumn="16" endcolumn="9" rule="JUnitTestsShouldIncludeAssert" ruleset="Best Practices" package="org.junit.tests.junit3compatibility" class="SuiteMethodTest$NewTest" method="sample" externalInfoUrl="https://pmd.github.io/pmd/pmd_rules_java_bestpractices.html#junittestsshouldincludeassert" priority="3">
JUnit tests should include assert() or fail()
</violation>
<violation beginline="59" endline="59" begincolumn="9" endcolumn="18" rule="JUnitAssertionsShouldIncludeMessage" ruleset="Best Practices" package="org.junit.tests.junit3compatibility" class="SuiteMethodTest" method="makeSureSuiteWorksWithJUnit4Classes" externalInfoUrl="https://pmd.github.io/pmd/pmd_rules_java_bestpractices.html#junitassertionsshouldincludemessage" priority="3">
JUnit assertions should include a message
</violation>
<violation beginline="66" endline="67" begincolumn="31" endcolumn="9" rule="UncommentedEmptyMethodBody" ruleset="Documentation" package="org.junit.tests.junit3compatibility" class="SuiteMethodTest$CompatibilityTest" method="ignored" externalInfoUrl="https://pmd.github.io/pmd/pmd_rules_java_documentation.html#uncommentedemptymethodbody" priority="3">
Document empty method body
</violation>
<violation beginline="66" endline="67" begincolumn="16" endcolumn="9" rule="JUnitTestsShouldIncludeAssert" ruleset="Best Practices" package="org.junit.tests.junit3compatibility" class="SuiteMethodTest$CompatibilityTest" method="ignored" externalInfoUrl="https://pmd.github.io/pmd/pmd_rules_java_bestpractices.html#junittestsshouldincludeassert" priority="3">
JUnit tests should include assert() or fail()
</violation>
<violation beginline="76" endline="82" begincolumn="12" endcolumn="5" rule="JUnitTestContainsTooManyAsserts" ruleset="Best Practices" package="org.junit.tests.junit3compatibility" class="SuiteMethodTest" method="descriptionAndRunNotificationsAreConsistent" externalInfoUrl="https://pmd.github.io/pmd/pmd_rules_java_bestpractices.html#junittestcontainstoomanyasserts" priority="3">
Unit tests should not contain more than 1 assert(s).
</violation>
<violation beginline="78" endline="78" begincolumn="9" endcolumn="20" rule="JUnitAssertionsShouldIncludeMessage" ruleset="Best Practices" package="org.junit.tests.junit3compatibility" class="SuiteMethodTest" method="descriptionAndRunNotificationsAreConsistent" externalInfoUrl="https://pmd.github.io/pmd/pmd_rules_java_bestpractices.html#junitassertionsshouldincludemessage" priority="3">
JUnit assertions should include a message
</violation>
<violation beginline="81" endline="81" begincolumn="9" endcolumn="20" rule="JUnitAssertionsShouldIncludeMessage" ruleset="Best Practices" package="org.junit.tests.junit3compatibility" class="SuiteMethodTest" method="descriptionAndRunNotificationsAreConsistent" externalInfoUrl="https://pmd.github.io/pmd/pmd_rules_java_bestpractices.html#junitassertionsshouldincludemessage" priority="3">
JUnit assertions should include a message
</violation>
<violation beginline="86" endline="88" begincolumn="16" endcolumn="9" rule="JUnitTestsShouldIncludeAssert" ruleset="Best Practices" package="org.junit.tests.junit3compatibility" class="SuiteMethodTest$NewTestSuiteFails" method="sample" externalInfoUrl="https://pmd.github.io/pmd/pmd_rules_java_bestpractices.html#junittestsshouldincludeassert" priority="3">
JUnit tests should include assert() or fail()
</violation>
<violation beginline="97" endline="102" begincolumn="12" endcolumn="5" rule="JUnitTestContainsTooManyAsserts" ruleset="Best Practices" package="org.junit.tests.junit3compatibility" class="SuiteMethodTest" method="suiteIsUsedWithJUnit4Classes" externalInfoUrl="https://pmd.github.io/pmd/pmd_rules_java_bestpractices.html#junittestcontainstoomanyasserts" priority="3">
Unit tests should not contain more than 1 assert(s).
</violation>
<violation beginline="100" endline="100" begincolumn="9" endcolumn="20" rule="JUnitAssertionsShouldIncludeMessage" ruleset="Best Practices" package="org.junit.tests.junit3compatibility" class="SuiteMethodTest" method="suiteIsUsedWithJUnit4Classes" externalInfoUrl="https://pmd.github.io/pmd/pmd_rules_java_bestpractices.html#junitassertionsshouldincludemessage" priority="3">
JUnit assertions should include a message
</violation>
<violation beginline="101" endline="101" begincolumn="9" endcolumn="19" rule="JUnitAssertionsShouldIncludeMessage" ruleset="Best Practices" package="org.junit.tests.junit3compatibility" class="SuiteMethodTest" method="suiteIsUsedWithJUnit4Classes" externalInfoUrl="https://pmd.github.io/pmd/pmd_rules_java_bestpractices.html#junitassertionsshouldincludemessage" priority="3">
JUnit assertions should include a message
</violation>
<violation beginline="108" endline="110" begincolumn="16" endcolumn="9" rule="JUnitTestsShouldIncludeAssert" ruleset="Best Practices" package="org.junit.tests.junit3compatibility" class="SuiteMethodTest$NewTestSuiteNotUsed" method="sample" externalInfoUrl="https://pmd.github.io/pmd/pmd_rules_java_bestpractices.html#junittestsshouldincludeassert" priority="3">
JUnit tests should include assert() or fail()
</violation>
<violation beginline="114" endline="116" begincolumn="16" endcolumn="9" rule="JUnitTestsShouldIncludeAssert" ruleset="Best Practices" package="org.junit.tests.junit3compatibility" class="SuiteMethodTest$NewTestSuiteNotUsed" method="ignore" externalInfoUrl="https://pmd.github.io/pmd/pmd_rules_java_bestpractices.html#junittestsshouldincludeassert" priority="3">
JUnit tests should include assert() or fail()
</violation>
<violation beginline="124" endline="133" begincolumn="12" endcolumn="5" rule="JUnitTestContainsTooManyAsserts" ruleset="Best Practices" package="org.junit.tests.junit3compatibility" class="SuiteMethodTest" method="makeSureSuiteNotUsedWithJUnit4Classes2" externalInfoUrl="https://pmd.github.io/pmd/pmd_rules_java_bestpractices.html#junittestcontainstoomanyasserts" priority="3">
Unit tests should not contain more than 1 assert(s).
</violation>
<violation beginline="128" endline="128" begincolumn="9" endcolumn="18" rule="JUnitAssertionsShouldIncludeMessage" ruleset="Best Practices" package="org.junit.tests.junit3compatibility" class="SuiteMethodTest" method="makeSureSuiteNotUsedWithJUnit4Classes2" externalInfoUrl="https://pmd.github.io/pmd/pmd_rules_java_bestpractices.html#junitassertionsshouldincludemessage" priority="3">
JUnit assertions should include a message
</violation>
<violation beginline="129" endline="129" begincolumn="9" endcolumn="19" rule="JUnitAssertionsShouldIncludeMessage" ruleset="Best Practices" package="org.junit.tests.junit3compatibility" class="SuiteMethodTest" method="makeSureSuiteNotUsedWithJUnit4Classes2" externalInfoUrl="https://pmd.github.io/pmd/pmd_rules_java_bestpractices.html#junitassertionsshouldincludemessage" priority="3">
JUnit assertions should include a message
</violation>
<violation beginline="130" endline="130" begincolumn="9" endcolumn="20" rule="JUnitAssertionsShouldIncludeMessage" ruleset="Best Practices" package="org.junit.tests.junit3compatibility" class="SuiteMethodTest" method="makeSureSuiteNotUsedWithJUnit4Classes2" externalInfoUrl="https://pmd.github.io/pmd/pmd_rules_java_bestpractices.html#junitassertionsshouldincludemessage" priority="3">
JUnit assertions should include a message
</violation>
<violation beginline="131" endline="131" begincolumn="9" endcolumn="20" rule="JUnitAssertionsShouldIncludeMessage" ruleset="Best Practices" package="org.junit.tests.junit3compatibility" class="SuiteMethodTest" method="makeSureSuiteNotUsedWithJUnit4Classes2" externalInfoUrl="https://pmd.github.io/pmd/pmd_rules_java_bestpractices.html#junitassertionsshouldincludemessage" priority="3">
JUnit assertions should include a message
</violation>
<violation beginline="132" endline="132" begincolumn="9" endcolumn="20" rule="JUnitAssertionsShouldIncludeMessage" ruleset="Best Practices" package="org.junit.tests.junit3compatibility" class="SuiteMethodTest" method="makeSureSuiteNotUsedWithJUnit4Classes2" externalInfoUrl="https://pmd.github.io/pmd/pmd_rules_java_bestpractices.html#junitassertionsshouldincludemessage" priority="3">
JUnit assertions should include a message
</violation>
</file>
<file name="C:\Users\Deyan\Downloads\junit4-r4.13.2\src\test\java\org\junit\tests\listening\ListenerTest.java">
<violation beginline="15" endline="16" begincolumn="31" endcolumn="9" rule="UncommentedEmptyMethodBody" ruleset="Documentation" package="org.junit.tests.listening" class="ListenerTest$OneTest" method="nothing" externalInfoUrl="https://pmd.github.io/pmd/pmd_rules_java_documentation.html#uncommentedemptymethodbody" priority="3">
Document empty method body
</violation>
<violation beginline="15" endline="16" begincolumn="16" endcolumn="9" rule="JUnitTestsShouldIncludeAssert" ruleset="Best Practices" package="org.junit.tests.listening" class="ListenerTest$OneTest" method="nothing" externalInfoUrl="https://pmd.github.io/pmd/pmd_rules_java_bestpractices.html#junittestsshouldincludeassert" priority="3">
JUnit tests should include assert() or fail()
</violation>
<violation beginline="36" endline="36" begincolumn="9" endcolumn="20" rule="JUnitAssertionsShouldIncludeMessage" ruleset="Best Practices" package="org.junit.tests.listening" class="ListenerTest" method="notifyListenersInTheOrderInWhichTheyAreAdded" externalInfoUrl="https://pmd.github.io/pmd/pmd_rules_java_bestpractices.html#junitassertionsshouldincludemessage" priority="3">
JUnit assertions should include a message
</violation>
</file>
<file name="C:\Users\Deyan\Downloads\junit4-r4.13.2\src\test\java\org\junit\tests\listening\RunnerTest.java">
<violation beginline="18" endline="18" begincolumn="9" endcolumn="22" rule="DefaultPackage" ruleset="Code Style" package="org.junit.tests.listening" class="RunnerTest$MyListener" externalInfoUrl="https://pmd.github.io/pmd/pmd_rules_java_codestyle.html#defaultpackage" priority="3">
Use explicit scoping instead of the default package private level
</violation>
<violation beginline="28" endline="29" begincolumn="29" endcolumn="9" rule="UncommentedEmptyMethodBody" ruleset="Documentation" package="org.junit.tests.listening" class="RunnerTest$Example" method="empty" externalInfoUrl="https://pmd.github.io/pmd/pmd_rules_java_documentation.html#uncommentedemptymethodbody" priority="3">
Document empty method body
</violation>
<violation beginline="28" endline="29" begincolumn="16" endcolumn="9" rule="JUnitTestsShouldIncludeAssert" ruleset="Best Practices" package="org.junit.tests.listening" class="RunnerTest$Example" method="empty" externalInfoUrl="https://pmd.github.io/pmd/pmd_rules_java_bestpractices.html#junittestsshouldincludeassert" priority="3">
JUnit tests should include assert() or fail()
</violation>
<violation beginline="38" endline="38" begincolumn="9" endcolumn="20" rule="JUnitAssertionsShouldIncludeMessage" ruleset="Best Practices" package="org.junit.tests.listening" class="RunnerTest" method="newTestCount" externalInfoUrl="https://pmd.github.io/pmd/pmd_rules_java_bestpractices.html#junitassertionsshouldincludemessage" priority="3">
JUnit assertions should include a message
</violation>
<violation beginline="42" endline="43" begincolumn="33" endcolumn="9" rule="UncommentedEmptyMethodBody" ruleset="Documentation" package="org.junit.tests.listening" class="RunnerTest$ExampleTest" method="testEmpty" externalInfoUrl="https://pmd.github.io/pmd/pmd_rules_java_documentation.html#uncommentedemptymethodbody" priority="3">
Document empty method body
</violation>
<violation beginline="52" endline="52" begincolumn="9" endcolumn="20" rule="JUnitAssertionsShouldIncludeMessage" ruleset="Best Practices" package="org.junit.tests.listening" class="RunnerTest" method="oldTestCount" externalInfoUrl="https://pmd.github.io/pmd/pmd_rules_java_bestpractices.html#junitassertionsshouldincludemessage" priority="3">
JUnit assertions should include a message
</violation>
<violation beginline="57" endline="58" begincolumn="29" endcolumn="9" rule="UncommentedEmptyMethodBody" ruleset="Documentation" package="org.junit.tests.listening" class="RunnerTest$NewExample" method="empty" externalInfoUrl="https://pmd.github.io/pmd/pmd_rules_java_documentation.html#uncommentedemptymethodbody" priority="3">
Document empty method body
</violation>
<violation beginline="57" endline="58" begincolumn="16" endcolumn="9" rule="JUnitTestsShouldIncludeAssert" ruleset="Best Practices" package="org.junit.tests.listening" class="RunnerTest$NewExample" method="empty" externalInfoUrl="https://pmd.github.io/pmd/pmd_rules_java_bestpractices.html#junittestsshouldincludeassert" priority="3">
JUnit tests should include assert() or fail()
</violation>
<violation beginline="73" endline="73" begincolumn="9" endcolumn="18" rule="JUnitAssertionsShouldIncludeMessage" ruleset="Best Practices" package="org.junit.tests.listening" class="RunnerTest" method="testFinished" externalInfoUrl="https://pmd.github.io/pmd/pmd_rules_java_bestpractices.html#junitassertionsshouldincludemessage" priority="3">
JUnit assertions should include a message
</violation>
</file>
<file name="C:\Users\Deyan\Downloads\junit4-r4.13.2\src\test\java\org\junit\tests\listening\TestListenerTest.java">
<violation beginline="15" endline="15" begincolumn="5" endcolumn="14" rule="DefaultPackage" ruleset="Code Style" package="org.junit.tests.listening" class="TestListenerTest" externalInfoUrl="https://pmd.github.io/pmd/pmd_rules_java_codestyle.html#defaultpackage" priority="3">
Use explicit scoping instead of the default package private level
</violation>
<violation beginline="20" endline="20" begincolumn="23" endcolumn="27" rule="AvoidThrowingRawExceptionTypes" ruleset="Design" package="org.junit.tests.listening" class="TestListenerTest$ErrorListener" method="testRunStarted" externalInfoUrl="https://pmd.github.io/pmd/pmd_rules_java_design.html#avoidthrowingrawexceptiontypes" priority="1">
Avoid throwing raw exception types.
</violation>
<violation beginline="26" endline="27" begincolumn="31" endcolumn="9" rule="UncommentedEmptyMethodBody" ruleset="Documentation" package="org.junit.tests.listening" class="TestListenerTest$OneTest" method="nothing" externalInfoUrl="https://pmd.github.io/pmd/pmd_rules_java_documentation.html#uncommentedemptymethodbody" priority="3">
Document empty method body
</violation>
<violation beginline="26" endline="27" begincolumn="16" endcolumn="9" rule="JUnitTestsShouldIncludeAssert" ruleset="Best Practices" package="org.junit.tests.listening" class="TestListenerTest$OneTest" method="nothing" externalInfoUrl="https://pmd.github.io/pmd/pmd_rules_java_bestpractices.html#junittestsshouldincludeassert" priority="3">
JUnit tests should include assert() or fail()
</violation>
<violation beginline="41" endline="41" begincolumn="23" endcolumn="31" rule="AvoidThrowingRawExceptionTypes" ruleset="Design" package="org.junit.tests.listening" class="TestListenerTest$ExceptionListener" method="testRunStarted" externalInfoUrl="https://pmd.github.io/pmd/pmd_rules_java_design.html#avoidthrowingrawexceptiontypes" priority="1">
Avoid throwing raw exception types.
</violation>
<violation beginline="46" endline="56" begincolumn="12" endcolumn="5" rule="JUnitTestContainsTooManyAsserts" ruleset="Best Practices" package="org.junit.tests.listening" class="TestListenerTest" method="reportsFailureOfListener" externalInfoUrl="https://pmd.github.io/pmd/pmd_rules_java_bestpractices.html#junittestcontainstoomanyasserts" priority="3">
Unit tests should not contain more than 1 assert(s).
</violation>
<violation beginline="52" endline="52" begincolumn="9" endcolumn="20" rule="JUnitAssertionsShouldIncludeMessage" ruleset="Best Practices" package="org.junit.tests.listening" class="TestListenerTest" method="reportsFailureOfListener" externalInfoUrl="https://pmd.github.io/pmd/pmd_rules_java_bestpractices.html#junitassertionsshouldincludemessage" priority="3">
JUnit assertions should include a message
</violation>
<violation beginline="53" endline="53" begincolumn="9" endcolumn="20" rule="JUnitAssertionsShouldIncludeMessage" ruleset="Best Practices" package="org.junit.tests.listening" class="TestListenerTest" method="reportsFailureOfListener" externalInfoUrl="https://pmd.github.io/pmd/pmd_rules_java_bestpractices.html#junitassertionsshouldincludemessage" priority="3">
JUnit assertions should include a message
</violation>
<violation beginline="55" endline="55" begincolumn="9" endcolumn="20" rule="JUnitAssertionsShouldIncludeMessage" ruleset="Best Practices" package="org.junit.tests.listening" class="TestListenerTest" method="reportsFailureOfListener" externalInfoUrl="https://pmd.github.io/pmd/pmd_rules_java_bestpractices.html#junitassertionsshouldincludemessage" priority="3">
JUnit assertions should include a message
</violation>
<violation beginline="63" endline="63" begincolumn="9" endcolumn="21" rule="JUnitAssertionsShouldIncludeMessage" ruleset="Best Practices" package="org.junit.tests.listening" class="TestListenerTest" method="freshResultEachTime" externalInfoUrl="https://pmd.github.io/pmd/pmd_rules_java_bestpractices.html#junitassertionsshouldincludemessage" priority="3">
JUnit assertions should include a message
</violation>
</file>
<file name="C:\Users\Deyan\Downloads\junit4-r4.13.2\src\test\java\org\junit\tests\listening\TextListenerTest.java">
<violation beginline="32" endline="33" begincolumn="27" endcolumn="9" rule="UncommentedEmptyMethodBody" ruleset="Documentation" package="org.junit.tests.listening" class="TextListenerTest$OneTest" method="one" externalInfoUrl="https://pmd.github.io/pmd/pmd_rules_java_documentation.html#uncommentedemptymethodbody" priority="3">
Document empty method body
</violation>
<violation beginline="36" endline="40" begincolumn="12" endcolumn="5" rule="JUnitTestContainsTooManyAsserts" ruleset="Best Practices" package="org.junit.tests.listening" class="TextListenerTest" method="testSuccess" externalInfoUrl="https://pmd.github.io/pmd/pmd_rules_java_bestpractices.html#junittestcontainstoomanyasserts" priority="3">
Unit tests should not contain more than 1 assert(s).
</violation>
<violation beginline="38" endline="38" begincolumn="9" endcolumn="18" rule="JUnitAssertionsShouldIncludeMessage" ruleset="Best Practices" package="org.junit.tests.listening" class="TextListenerTest" method="testSuccess" externalInfoUrl="https://pmd.github.io/pmd/pmd_rules_java_bestpractices.html#junitassertionsshouldincludemessage" priority="3">
JUnit assertions should include a message
</violation>
<violation beginline="39" endline="39" begincolumn="9" endcolumn="18" rule="JUnitAssertionsShouldIncludeMessage" ruleset="Best Practices" package="org.junit.tests.listening" class="TextListenerTest" method="testSuccess" externalInfoUrl="https://pmd.github.io/pmd/pmd_rules_java_bestpractices.html#junitassertionsshouldincludemessage" priority="3">
JUnit assertions should include a message
</violation>
<violation beginline="44" endline="44" begincolumn="36" endcolumn="44" rule="SignatureDeclareThrowsException" ruleset="Design" package="org.junit.tests.listening" class="TextListenerTest$ErrorTest" method="error" externalInfoUrl="https://pmd.github.io/pmd/pmd_rules_java_design.html#signaturedeclarethrowsexception" priority="3">
A method/constructor should not explicitly throw java.lang.Exception
</violation>
<violation beginline="45" endline="45" begincolumn="23" endcolumn="31" rule="AvoidThrowingRawExceptionTypes" ruleset="Design" package="org.junit.tests.listening" class="TextListenerTest$ErrorTest" method="error" externalInfoUrl="https://pmd.github.io/pmd/pmd_rules_java_design.html#avoidthrowingrawexceptiontypes" priority="1">
Avoid throwing raw exception types.
</violation>
<violation beginline="49" endline="53" begincolumn="12" endcolumn="5" rule="JUnitTestContainsTooManyAsserts" ruleset="Best Practices" package="org.junit.tests.listening" class="TextListenerTest" method="testError" externalInfoUrl="https://pmd.github.io/pmd/pmd_rules_java_bestpractices.html#junittestcontainstoomanyasserts" priority="3">
Unit tests should not contain more than 1 assert(s).
</violation>
<violation beginline="51" endline="51" begincolumn="9" endcolumn="18" rule="JUnitAssertionsShouldIncludeMessage" ruleset="Best Practices" package="org.junit.tests.listening" class="TextListenerTest" method="testError" externalInfoUrl="https://pmd.github.io/pmd/pmd_rules_java_bestpractices.html#junitassertionsshouldincludemessage" priority="3">
JUnit assertions should include a message
</violation>
<violation beginline="52" endline="52" begincolumn="9" endcolumn="18" rule="JUnitAssertionsShouldIncludeMessage" ruleset="Best Practices" package="org.junit.tests.listening" class="TextListenerTest" method="testError" externalInfoUrl="https://pmd.github.io/pmd/pmd_rules_java_bestpractices.html#junitassertionsshouldincludemessage" priority="3">
JUnit assertions should include a message
</violation>
<violation beginline="52" endline="52" begincolumn="9" endcolumn="172" rule="UseAssertSameInsteadOfAssertTrue" ruleset="Best Practices" package="org.junit.tests.listening" class="TextListenerTest" method="testError" externalInfoUrl="https://pmd.github.io/pmd/pmd_rules_java_bestpractices.html#useassertsameinsteadofasserttrue" priority="3">
Use assertSame(x, y) instead of assertTrue(x==y), or assertNotSame(x,y) vs assertFalse(x==y)
</violation>
<violation beginline="55" endline="59" begincolumn="19" endcolumn="5" rule="ShortClassName" ruleset="Code Style" package="org.junit.tests.listening" class="TextListenerTest$Time" externalInfoUrl="https://pmd.github.io/pmd/pmd_rules_java_codestyle.html#shortclassname" priority="4">
Avoid short class names like Time
</violation>
<violation beginline="57" endline="58" begincolumn="28" endcolumn="9" rule="UncommentedEmptyMethodBody" ruleset="Documentation" package="org.junit.tests.listening" class="TextListenerTest$Time" method="time" externalInfoUrl="https://pmd.github.io/pmd/pmd_rules_java_documentation.html#uncommentedemptymethodbody" priority="3">
Document empty method body
</violation>
<violation beginline="61" endline="65" begincolumn="12" endcolumn="5" rule="JUnitTestContainsTooManyAsserts" ruleset="Best Practices" package="org.junit.tests.listening" class="TextListenerTest" method="testTime" externalInfoUrl="https://pmd.github.io/pmd/pmd_rules_java_bestpractices.html#junittestcontainstoomanyasserts" priority="3">
Unit tests should not contain more than 1 assert(s).
</violation>
<violation beginline="63" endline="63" begincolumn="9" endcolumn="18" rule="JUnitAssertionsShouldIncludeMessage" ruleset="Best Practices" package="org.junit.tests.listening" class="TextListenerTest" method="testTime" externalInfoUrl="https://pmd.github.io/pmd/pmd_rules_java_bestpractices.html#junitassertionsshouldincludemessage" priority="3">
JUnit assertions should include a message
</violation>
<violation beginline="64" endline="64" begincolumn="9" endcolumn="18" rule="JUnitAssertionsShouldIncludeMessage" ruleset="Best Practices" package="org.junit.tests.listening" class="TextListenerTest" method="testTime" externalInfoUrl="https://pmd.github.io/pmd/pmd_rules_java_bestpractices.html#junitassertionsshouldincludemessage" priority="3">
JUnit assertions should include a message
</violation>
<violation beginline="69" endline="69" begincolumn="21" endcolumn="26" rule="CloseResource" ruleset="Error Prone" package="org.junit.tests.listening" class="TextListenerTest" method="convert" variable="writer" externalInfoUrl="https://pmd.github.io/pmd/pmd_rules_java_errorprone.html#closeresource" priority="3">
Ensure that resources like this OutputStream object are closed after use
</violation>
</file>
<file name="C:\Users\Deyan\Downloads\junit4-r4.13.2\src\test\java\org\junit\tests\listening\UserStopTest.java">
<violation beginline="25" endline="26" begincolumn="27" endcolumn="9" rule="UncommentedEmptyMethodBody" ruleset="Documentation" package="org.junit.tests.listening" class="UserStopTest$OneTest" method="foo" externalInfoUrl="https://pmd.github.io/pmd/pmd_rules_java_documentation.html#uncommentedemptymethodbody" priority="3">
Document empty method body
</violation>
<violation beginline="25" endline="26" begincolumn="16" endcolumn="9" rule="JUnitTestsShouldIncludeAssert" ruleset="Best Practices" package="org.junit.tests.listening" class="UserStopTest$OneTest" method="foo" externalInfoUrl="https://pmd.github.io/pmd/pmd_rules_java_bestpractices.html#junittestsshouldincludeassert" priority="3">
JUnit tests should include assert() or fail()
</violation>
<violation beginline="30" endline="30" begincolumn="42" endcolumn="50" rule="SignatureDeclareThrowsException" ruleset="Design" package="org.junit.tests.listening" class="UserStopTest" method="stopClassRunner" externalInfoUrl="https://pmd.github.io/pmd/pmd_rules_java_design.html#signaturedeclarethrowsexception" priority="3">
A method/constructor should not explicitly throw java.lang.Exception
</violation>
</file>
<file name="C:\Users\Deyan\Downloads\junit4-r4.13.2\src\test\java\org\junit\tests\manipulation\ComparatorBasedOrdering.java">
<violation beginline="24" endline="24" begincolumn="37" endcolumn="76" rule="UseDiamondOperator" ruleset="Code Style" package="org.junit.tests.manipulation" class="ComparatorBasedOrdering" method="orderItems" externalInfoUrl="https://pmd.github.io/pmd/pmd_rules_java_codestyle.html#usediamondoperator" priority="3">
Explicit type arguments can be replaced by Diamond Operator
</violation>
</file>
<file name="C:\Users\Deyan\Downloads\junit4-r4.13.2\src\test\java\org\junit\tests\manipulation\Comparators.java">
<violation beginline="11" endline="19" begincolumn="1" endcolumn="1" rule="ClassWithOnlyPrivateConstructorsShouldBeFinal" ruleset="Design" package="org.junit.tests.manipulation" class="Comparators" externalInfoUrl="https://pmd.github.io/pmd/pmd_rules_java_design.html#classwithonlyprivateconstructorsshouldbefinal" priority="1">
A class which only has private constructors should be final
</violation>
<violation beginline="12" endline="12" begincolumn="26" endcolumn="84" rule="AvoidFieldNameMatchingMethodName" ruleset="Error Prone" package="org.junit.tests.manipulation" class="Comparators" variable="VariableDeclaratorId" externalInfoUrl="https://pmd.github.io/pmd/pmd_rules_java_errorprone.html#avoidfieldnamematchingmethodname" priority="3">
Field ALPHANUMERIC has the same name as a method
</violation>
</file>
<file name="C:\Users\Deyan\Downloads\junit4-r4.13.2\src\test\java\org\junit\tests\manipulation\FilterTest.java">
<violation beginline="30" endline="35" begincolumn="12" endcolumn="5" rule="JUnitTestContainsTooManyAsserts" ruleset="Best Practices" package="org.junit.tests.manipulation" class="FilterTest" method="intersectionText" externalInfoUrl="https://pmd.github.io/pmd/pmd_rules_java_bestpractices.html#junittestcontainstoomanyasserts" priority="3">
Unit tests should not contain more than 1 assert(s).
</violation>
<violation beginline="33" endline="33" begincolumn="9" endcolumn="20" rule="JUnitAssertionsShouldIncludeMessage" ruleset="Best Practices" package="org.junit.tests.manipulation" class="FilterTest" method="intersectionText" externalInfoUrl="https://pmd.github.io/pmd/pmd_rules_java_bestpractices.html#junitassertionsshouldincludemessage" priority="3">
JUnit assertions should include a message
</violation>
<violation beginline="34" endline="34" begincolumn="9" endcolumn="20" rule="JUnitAssertionsShouldIncludeMessage" ruleset="Best Practices" package="org.junit.tests.manipulation" class="FilterTest" method="intersectionText" externalInfoUrl="https://pmd.github.io/pmd/pmd_rules_java_bestpractices.html#junitassertionsshouldincludemessage" priority="3">
JUnit assertions should include a message
</violation>
<violation beginline="40" endline="40" begincolumn="9" endcolumn="18" rule="JUnitAssertionsShouldIncludeMessage" ruleset="Best Practices" package="org.junit.tests.manipulation" class="FilterTest" method="intersectSelf" externalInfoUrl="https://pmd.github.io/pmd/pmd_rules_java_bestpractices.html#junitassertionsshouldincludemessage" priority="3">
JUnit assertions should include a message
</violation>
<violation beginline="44" endline="49" begincolumn="12" endcolumn="5" rule="JUnitTestContainsTooManyAsserts" ruleset="Best Practices" package="org.junit.tests.manipulation" class="FilterTest" method="intersectAll" externalInfoUrl="https://pmd.github.io/pmd/pmd_rules_java_bestpractices.html#junittestcontainstoomanyasserts" priority="3">
Unit tests should not contain more than 1 assert(s).
</violation>
<violation beginline="46" endline="46" begincolumn="9" endcolumn="18" rule="JUnitAssertionsShouldIncludeMessage" ruleset="Best Practices" package="org.junit.tests.manipulation" class="FilterTest" method="intersectAll" externalInfoUrl="https://pmd.github.io/pmd/pmd_rules_java_bestpractices.html#junitassertionsshouldincludemessage" priority="3">
JUnit assertions should include a message
</violation>
<violation beginline="47" endline="47" begincolumn="9" endcolumn="18" rule="JUnitAssertionsShouldIncludeMessage" ruleset="Best Practices" package="org.junit.tests.manipulation" class="FilterTest" method="intersectAll" externalInfoUrl="https://pmd.github.io/pmd/pmd_rules_java_bestpractices.html#junitassertionsshouldincludemessage" priority="3">
JUnit assertions should include a message
</violation>
<violation beginline="48" endline="48" begincolumn="9" endcolumn="18" rule="JUnitAssertionsShouldIncludeMessage" ruleset="Best Practices" package="org.junit.tests.manipulation" class="FilterTest" method="intersectAll" externalInfoUrl="https://pmd.github.io/pmd/pmd_rules_java_bestpractices.html#junitassertionsshouldincludemessage" priority="3">
JUnit assertions should include a message
</violation>
</file>
<file name="C:\Users\Deyan\Downloads\junit4-r4.13.2\src\test\java\org\junit\tests\manipulation\FilterableTest.java">
<violation beginline="44" endline="45" begincolumn="16" endcolumn="9" rule="UncommentedEmptyConstructor" ruleset="Documentation" package="org.junit.tests.manipulation" class="FilterableTest$FilteredTest" method="FilteredTest" externalInfoUrl="https://pmd.github.io/pmd/pmd_rules_java_documentation.html#uncommentedemptyconstructor" priority="3">
Document empty constructor
</violation>
<violation beginline="53" endline="54" begincolumn="31" endcolumn="9" rule="UncommentedEmptyMethodBody" ruleset="Documentation" package="org.junit.tests.manipulation" class="FilterableTest$FilteredTest" method="runThis" externalInfoUrl="https://pmd.github.io/pmd/pmd_rules_java_documentation.html#uncommentedemptymethodbody" priority="3">
Document empty method body
</violation>
<violation beginline="53" endline="54" begincolumn="16" endcolumn="9" rule="JUnitTestsShouldIncludeAssert" ruleset="Best Practices" package="org.junit.tests.manipulation" class="FilterableTest$FilteredTest" method="runThis" externalInfoUrl="https://pmd.github.io/pmd/pmd_rules_java_bestpractices.html#junittestsshouldincludeassert" priority="3">
JUnit tests should include assert() or fail()
</violation>
<violation beginline="60" endline="60" begincolumn="9" endcolumn="18" rule="JUnitAssertionsShouldIncludeMessage" ruleset="Best Practices" package="org.junit.tests.manipulation" class="FilterableTest" method="testFilterInRunnerConstructor" externalInfoUrl="https://pmd.github.io/pmd/pmd_rules_java_bestpractices.html#junitassertionsshouldincludemessage" priority="3">
JUnit assertions should include a message
</violation>
</file>
<file name="C:\Users\Deyan\Downloads\junit4-r4.13.2\src\test\java\org\junit\tests\manipulation\OrderWithTest.java">
<violation beginline="25" endline="27" begincolumn="20" endcolumn="13" rule="ShortMethodName" ruleset="Code Style" package="org.junit.tests.manipulation" class="OrderWithTest$TestClassRunnerIsOrderableViaOrderWith$Unordered" method="a" externalInfoUrl="https://pmd.github.io/pmd/pmd_rules_java_codestyle.html#shortmethodname" priority="3">
Avoid using short method names
</violation>
<violation beginline="30" endline="32" begincolumn="20" endcolumn="13" rule="ShortMethodName" ruleset="Code Style" package="org.junit.tests.manipulation" class="OrderWithTest$TestClassRunnerIsOrderableViaOrderWith$Unordered" method="b" externalInfoUrl="https://pmd.github.io/pmd/pmd_rules_java_codestyle.html#shortmethodname" priority="3">
Avoid using short method names
</violation>
<violation beginline="35" endline="37" begincolumn="20" endcolumn="13" rule="ShortMethodName" ruleset="Code Style" package="org.junit.tests.manipulation" class="OrderWithTest$TestClassRunnerIsOrderableViaOrderWith$Unordered" method="c" externalInfoUrl="https://pmd.github.io/pmd/pmd_rules_java_codestyle.html#shortmethodname" priority="3">
Avoid using short method names
</violation>
<violation beginline="71" endline="86" begincolumn="27" endcolumn="13" rule="ShortClassName" ruleset="Code Style" package="org.junit.tests.manipulation" class="OrderWithTest$TestClassRunnerIsOrderableViaOrderWith$UnorderedSuite$A" externalInfoUrl="https://pmd.github.io/pmd/pmd_rules_java_codestyle.html#shortclassname" priority="4">
Avoid short class names like A
</violation>
<violation beginline="73" endline="75" begincolumn="24" endcolumn="17" rule="ShortMethodName" ruleset="Code Style" package="org.junit.tests.manipulation" class="OrderWithTest$TestClassRunnerIsOrderableViaOrderWith$UnorderedSuite$A" method="a" externalInfoUrl="https://pmd.github.io/pmd/pmd_rules_java_codestyle.html#shortmethodname" priority="3">
Avoid using short method names
</violation>
<violation beginline="78" endline="80" begincolumn="24" endcolumn="17" rule="ShortMethodName" ruleset="Code Style" package="org.junit.tests.manipulation" class="OrderWithTest$TestClassRunnerIsOrderableViaOrderWith$UnorderedSuite$A" method="b" externalInfoUrl="https://pmd.github.io/pmd/pmd_rules_java_codestyle.html#shortmethodname" priority="3">
Avoid using short method names
</violation>
<violation beginline="83" endline="85" begincolumn="24" endcolumn="17" rule="ShortMethodName" ruleset="Code Style" package="org.junit.tests.manipulation" class="OrderWithTest$TestClassRunnerIsOrderableViaOrderWith$UnorderedSuite$A" method="c" externalInfoUrl="https://pmd.github.io/pmd/pmd_rules_java_codestyle.html#shortmethodname" priority="3">
Avoid using short method names
</violation>
<violation beginline="88" endline="103" begincolumn="27" endcolumn="13" rule="ShortClassName" ruleset="Code Style" package="org.junit.tests.manipulation" class="OrderWithTest$TestClassRunnerIsOrderableViaOrderWith$UnorderedSuite$B" externalInfoUrl="https://pmd.github.io/pmd/pmd_rules_java_codestyle.html#shortclassname" priority="4">
Avoid short class names like B
</violation>
<violation beginline="90" endline="92" begincolumn="24" endcolumn="17" rule="ShortMethodName" ruleset="Code Style" package="org.junit.tests.manipulation" class="OrderWithTest$TestClassRunnerIsOrderableViaOrderWith$UnorderedSuite$B" method="a" externalInfoUrl="https://pmd.github.io/pmd/pmd_rules_java_codestyle.html#shortmethodname" priority="3">
Avoid using short method names
</violation>
<violation beginline="95" endline="97" begincolumn="24" endcolumn="17" rule="ShortMethodName" ruleset="Code Style" package="org.junit.tests.manipulation" class="OrderWithTest$TestClassRunnerIsOrderableViaOrderWith$UnorderedSuite$B" method="b" externalInfoUrl="https://pmd.github.io/pmd/pmd_rules_java_codestyle.html#shortmethodname" priority="3">
Avoid using short method names
</violation>
<violation beginline="100" endline="102" begincolumn="24" endcolumn="17" rule="ShortMethodName" ruleset="Code Style" package="org.junit.tests.manipulation" class="OrderWithTest$TestClassRunnerIsOrderableViaOrderWith$UnorderedSuite$B" method="c" externalInfoUrl="https://pmd.github.io/pmd/pmd_rules_java_codestyle.html#shortmethodname" priority="3">
Avoid using short method names
</violation>
<violation beginline="136" endline="138" begincolumn="20" endcolumn="13" rule="ShortMethodName" ruleset="Code Style" package="org.junit.tests.manipulation" class="OrderWithTest$TestClassRunnerIsSortableViaOrderWith$Unordered" method="a" externalInfoUrl="https://pmd.github.io/pmd/pmd_rules_java_codestyle.html#shortmethodname" priority="3">
Avoid using short method names
</violation>
<violation beginline="141" endline="143" begincolumn="20" endcolumn="13" rule="ShortMethodName" ruleset="Code Style" package="org.junit.tests.manipulation" class="OrderWithTest$TestClassRunnerIsSortableViaOrderWith$Unordered" method="b" externalInfoUrl="https://pmd.github.io/pmd/pmd_rules_java_codestyle.html#shortmethodname" priority="3">
Avoid using short method names
</violation>
<violation beginline="146" endline="148" begincolumn="20" endcolumn="13" rule="ShortMethodName" ruleset="Code Style" package="org.junit.tests.manipulation" class="OrderWithTest$TestClassRunnerIsSortableViaOrderWith$Unordered" method="c" externalInfoUrl="https://pmd.github.io/pmd/pmd_rules_java_codestyle.html#shortmethodname" priority="3">
Avoid using short method names
</violation>
<violation beginline="186" endline="188" begincolumn="20" endcolumn="13" rule="ShortMethodName" ruleset="Code Style" package="org.junit.tests.manipulation" class="OrderWithTest$TestClassRunnerIsOrderableWithSuiteMethod$Unordered" method="a" externalInfoUrl="https://pmd.github.io/pmd/pmd_rules_java_codestyle.html#shortmethodname" priority="3">
Avoid using short method names
</violation>
<violation beginline="191" endline="193" begincolumn="20" endcolumn="13" rule="ShortMethodName" ruleset="Code Style" package="org.junit.tests.manipulation" class="OrderWithTest$TestClassRunnerIsOrderableWithSuiteMethod$Unordered" method="b" externalInfoUrl="https://pmd.github.io/pmd/pmd_rules_java_codestyle.html#shortmethodname" priority="3">
Avoid using short method names
</violation>
<violation beginline="196" endline="198" begincolumn="20" endcolumn="13" rule="ShortMethodName" ruleset="Code Style" package="org.junit.tests.manipulation" class="OrderWithTest$TestClassRunnerIsOrderableWithSuiteMethod$Unordered" method="c" externalInfoUrl="https://pmd.github.io/pmd/pmd_rules_java_codestyle.html#shortmethodname" priority="3">
Avoid using short method names
</violation>
<violation beginline="241" endline="242" begincolumn="20" endcolumn="13" rule="UncommentedEmptyConstructor" ruleset="Documentation" package="org.junit.tests.manipulation" class="OrderWithTest$UnOrderableRunnersAreHandledWithoutCrashing$UnOrderableRunner" method="UnOrderableRunner" externalInfoUrl="https://pmd.github.io/pmd/pmd_rules_java_documentation.html#uncommentedemptyconstructor" priority="3">
Document empty constructor
</violation>
<violation beginline="250" endline="251" begincolumn="51" endcolumn="13" rule="UncommentedEmptyMethodBody" ruleset="Documentation" package="org.junit.tests.manipulation" class="OrderWithTest$UnOrderableRunnersAreHandledWithoutCrashing$UnOrderableRunner" method="run" externalInfoUrl="https://pmd.github.io/pmd/pmd_rules_java_documentation.html#uncommentedemptymethodbody" priority="3">
Document empty method body
</violation>
<violation beginline="257" endline="258" begincolumn="20" endcolumn="13" rule="ShortMethodName" ruleset="Code Style" package="org.junit.tests.manipulation" class="OrderWithTest$UnOrderableRunnersAreHandledWithoutCrashing$UnOrderable" method="a" externalInfoUrl="https://pmd.github.io/pmd/pmd_rules_java_codestyle.html#shortmethodname" priority="3">
Avoid using short method names
</violation>
<violation beginline="257" endline="258" begincolumn="29" endcolumn="13" rule="UncommentedEmptyMethodBody" ruleset="Documentation" package="org.junit.tests.manipulation" class="OrderWithTest$UnOrderableRunnersAreHandledWithoutCrashing$UnOrderable" method="a" externalInfoUrl="https://pmd.github.io/pmd/pmd_rules_java_documentation.html#uncommentedemptymethodbody" priority="3">
Document empty method body
</violation>
</file>
<file name="C:\Users\Deyan\Downloads\junit4-r4.13.2\src\test\java\org\junit\tests\manipulation\OrderableTest.java">
<violation beginline="30" endline="32" begincolumn="20" endcolumn="13" rule="ShortMethodName" ruleset="Code Style" package="org.junit.tests.manipulation" class="OrderableTest$TestClassRunnerIsOrderable$OrderMe" method="a" externalInfoUrl="https://pmd.github.io/pmd/pmd_rules_java_codestyle.html#shortmethodname" priority="3">
Avoid using short method names
</violation>
<violation beginline="35" endline="37" begincolumn="20" endcolumn="13" rule="ShortMethodName" ruleset="Code Style" package="org.junit.tests.manipulation" class="OrderableTest$TestClassRunnerIsOrderable$OrderMe" method="b" externalInfoUrl="https://pmd.github.io/pmd/pmd_rules_java_codestyle.html#shortmethodname" priority="3">
Avoid using short method names
</violation>
<violation beginline="40" endline="42" begincolumn="20" endcolumn="13" rule="ShortMethodName" ruleset="Code Style" package="org.junit.tests.manipulation" class="OrderableTest$TestClassRunnerIsOrderable$OrderMe" method="c" externalInfoUrl="https://pmd.github.io/pmd/pmd_rules_java_codestyle.html#shortmethodname" priority="3">
Avoid using short method names
</violation>
<violation beginline="48" endline="50" begincolumn="20" endcolumn="13" rule="ShortMethodName" ruleset="Code Style" package="org.junit.tests.manipulation" class="OrderableTest$TestClassRunnerIsOrderable$DoNotOrderMe" method="a" externalInfoUrl="https://pmd.github.io/pmd/pmd_rules_java_codestyle.html#shortmethodname" priority="3">
Avoid using short method names
</violation>
<violation beginline="53" endline="55" begincolumn="20" endcolumn="13" rule="ShortMethodName" ruleset="Code Style" package="org.junit.tests.manipulation" class="OrderableTest$TestClassRunnerIsOrderable$DoNotOrderMe" method="b" externalInfoUrl="https://pmd.github.io/pmd/pmd_rules_java_codestyle.html#shortmethodname" priority="3">
Avoid using short method names
</violation>
<violation beginline="58" endline="60" begincolumn="20" endcolumn="13" rule="ShortMethodName" ruleset="Code Style" package="org.junit.tests.manipulation" class="OrderableTest$TestClassRunnerIsOrderable$DoNotOrderMe" method="c" externalInfoUrl="https://pmd.github.io/pmd/pmd_rules_java_codestyle.html#shortmethodname" priority="3">
Avoid using short method names
</violation>
<violation beginline="74" endline="74" begincolumn="26" endcolumn="30" rule="AvoidDuplicateLiterals" ruleset="Error Prone" package="org.junit.tests.manipulation" class="OrderableTest$TestClassRunnerIsOrderable" method="orderingForwardWorksOnTestClassRunner" externalInfoUrl="https://pmd.github.io/pmd/pmd_rules_java_errorprone.html#avoidduplicateliterals" priority="3">
The String literal "abc" appears 4 times in this file; the first occurrence is on line 74
</violation>
<violation beginline="97" endline="112" begincolumn="27" endcolumn="13" rule="ShortClassName" ruleset="Code Style" package="org.junit.tests.manipulation" class="OrderableTest$TestClassRunnerIsOrderable$Enclosing$A" externalInfoUrl="https://pmd.github.io/pmd/pmd_rules_java_codestyle.html#shortclassname" priority="4">
Avoid short class names like A
</violation>
<violation beginline="99" endline="101" begincolumn="24" endcolumn="17" rule="ShortMethodName" ruleset="Code Style" package="org.junit.tests.manipulation" class="OrderableTest$TestClassRunnerIsOrderable$Enclosing$A" method="a" externalInfoUrl="https://pmd.github.io/pmd/pmd_rules_java_codestyle.html#shortmethodname" priority="3">
Avoid using short method names
</violation>
<violation beginline="104" endline="106" begincolumn="24" endcolumn="17" rule="ShortMethodName" ruleset="Code Style" package="org.junit.tests.manipulation" class="OrderableTest$TestClassRunnerIsOrderable$Enclosing$A" method="b" externalInfoUrl="https://pmd.github.io/pmd/pmd_rules_java_codestyle.html#shortmethodname" priority="3">
Avoid using short method names
</violation>
<violation beginline="109" endline="111" begincolumn="24" endcolumn="17" rule="ShortMethodName" ruleset="Code Style" package="org.junit.tests.manipulation" class="OrderableTest$TestClassRunnerIsOrderable$Enclosing$A" method="c" externalInfoUrl="https://pmd.github.io/pmd/pmd_rules_java_codestyle.html#shortmethodname" priority="3">
Avoid using short method names
</violation>
<violation beginline="114" endline="129" begincolumn="27" endcolumn="13" rule="ShortClassName" ruleset="Code Style" package="org.junit.tests.manipulation" class="OrderableTest$TestClassRunnerIsOrderable$Enclosing$B" externalInfoUrl="https://pmd.github.io/pmd/pmd_rules_java_codestyle.html#shortclassname" priority="4">
Avoid short class names like B
</violation>
<violation beginline="116" endline="118" begincolumn="24" endcolumn="17" rule="ShortMethodName" ruleset="Code Style" package="org.junit.tests.manipulation" class="OrderableTest$TestClassRunnerIsOrderable$Enclosing$B" method="a" externalInfoUrl="https://pmd.github.io/pmd/pmd_rules_java_codestyle.html#shortmethodname" priority="3">
Avoid using short method names
</violation>
<violation beginline="121" endline="123" begincolumn="24" endcolumn="17" rule="ShortMethodName" ruleset="Code Style" package="org.junit.tests.manipulation" class="OrderableTest$TestClassRunnerIsOrderable$Enclosing$B" method="b" externalInfoUrl="https://pmd.github.io/pmd/pmd_rules_java_codestyle.html#shortmethodname" priority="3">
Avoid using short method names
</violation>
<violation beginline="126" endline="128" begincolumn="24" endcolumn="17" rule="ShortMethodName" ruleset="Code Style" package="org.junit.tests.manipulation" class="OrderableTest$TestClassRunnerIsOrderable$Enclosing$B" method="c" externalInfoUrl="https://pmd.github.io/pmd/pmd_rules_java_codestyle.html#shortmethodname" priority="3">
Avoid using short method names
</violation>
<violation beginline="186" endline="188" begincolumn="20" endcolumn="13" rule="ShortMethodName" ruleset="Code Style" package="org.junit.tests.manipulation" class="OrderableTest$TestOrderableClassRunnerIsSortable$OrderMe" method="a" externalInfoUrl="https://pmd.github.io/pmd/pmd_rules_java_codestyle.html#shortmethodname" priority="3">
Avoid using short method names
</violation>
<violation beginline="191" endline="193" begincolumn="20" endcolumn="13" rule="ShortMethodName" ruleset="Code Style" package="org.junit.tests.manipulation" class="OrderableTest$TestOrderableClassRunnerIsSortable$OrderMe" method="b" externalInfoUrl="https://pmd.github.io/pmd/pmd_rules_java_codestyle.html#shortmethodname" priority="3">
Avoid using short method names
</violation>
<violation beginline="196" endline="198" begincolumn="20" endcolumn="13" rule="ShortMethodName" ruleset="Code Style" package="org.junit.tests.manipulation" class="OrderableTest$TestOrderableClassRunnerIsSortable$OrderMe" method="c" externalInfoUrl="https://pmd.github.io/pmd/pmd_rules_java_codestyle.html#shortmethodname" priority="3">
Avoid using short method names
</violation>
<violation beginline="230" endline="232" begincolumn="20" endcolumn="13" rule="ShortMethodName" ruleset="Code Style" package="org.junit.tests.manipulation" class="OrderableTest$TestClassRunnerIsOrderableWithSuiteMethod$OrderMe" method="a" externalInfoUrl="https://pmd.github.io/pmd/pmd_rules_java_codestyle.html#shortmethodname" priority="3">
Avoid using short method names
</violation>
<violation beginline="235" endline="237" begincolumn="20" endcolumn="13" rule="ShortMethodName" ruleset="Code Style" package="org.junit.tests.manipulation" class="OrderableTest$TestClassRunnerIsOrderableWithSuiteMethod$OrderMe" method="b" externalInfoUrl="https://pmd.github.io/pmd/pmd_rules_java_codestyle.html#shortmethodname" priority="3">
Avoid using short method names
</violation>
<violation beginline="240" endline="242" begincolumn="20" endcolumn="13" rule="ShortMethodName" ruleset="Code Style" package="org.junit.tests.manipulation" class="OrderableTest$TestClassRunnerIsOrderableWithSuiteMethod$OrderMe" method="c" externalInfoUrl="https://pmd.github.io/pmd/pmd_rules_java_codestyle.html#shortmethodname" priority="3">
Avoid using short method names
</violation>
<violation beginline="274" endline="275" begincolumn="20" endcolumn="13" rule="UncommentedEmptyConstructor" ruleset="Documentation" package="org.junit.tests.manipulation" class="OrderableTest$UnOrderableRunnersAreHandledWithoutCrashing$UnOrderableRunner" method="UnOrderableRunner" externalInfoUrl="https://pmd.github.io/pmd/pmd_rules_java_documentation.html#uncommentedemptyconstructor" priority="3">
Document empty constructor
</violation>
<violation beginline="283" endline="284" begincolumn="51" endcolumn="13" rule="UncommentedEmptyMethodBody" ruleset="Documentation" package="org.junit.tests.manipulation" class="OrderableTest$UnOrderableRunnersAreHandledWithoutCrashing$UnOrderableRunner" method="run" externalInfoUrl="https://pmd.github.io/pmd/pmd_rules_java_documentation.html#uncommentedemptymethodbody" priority="3">
Document empty method body
</violation>
<violation beginline="290" endline="291" begincolumn="20" endcolumn="13" rule="ShortMethodName" ruleset="Code Style" package="org.junit.tests.manipulation" class="OrderableTest$UnOrderableRunnersAreHandledWithoutCrashing$UnOrderable" method="a" externalInfoUrl="https://pmd.github.io/pmd/pmd_rules_java_codestyle.html#shortmethodname" priority="3">
Avoid using short method names
</violation>
<violation beginline="290" endline="291" begincolumn="29" endcolumn="13" rule="UncommentedEmptyMethodBody" ruleset="Documentation" package="org.junit.tests.manipulation" class="OrderableTest$UnOrderableRunnersAreHandledWithoutCrashing$UnOrderable" method="a" externalInfoUrl="https://pmd.github.io/pmd/pmd_rules_java_documentation.html#uncommentedemptymethodbody" priority="3">
Document empty method body
</violation>
</file>
<file name="C:\Users\Deyan\Downloads\junit4-r4.13.2\src\test\java\org\junit\tests\manipulation\SingleMethodTest.java">
<violation beginline="37" endline="38" begincolumn="27" endcolumn="9" rule="UncommentedEmptyMethodBody" ruleset="Documentation" package="org.junit.tests.manipulation" class="SingleMethodTest$OneTimeSetup" method="one" externalInfoUrl="https://pmd.github.io/pmd/pmd_rules_java_documentation.html#uncommentedemptymethodbody" priority="3">
Document empty method body
</violation>
<violation beginline="37" endline="38" begincolumn="16" endcolumn="9" rule="JUnitTestsShouldIncludeAssert" ruleset="Best Practices" package="org.junit.tests.manipulation" class="SingleMethodTest$OneTimeSetup" method="one" externalInfoUrl="https://pmd.github.io/pmd/pmd_rules_java_bestpractices.html#junittestsshouldincludeassert" priority="3">
JUnit tests should include assert() or fail()
</violation>
<violation beginline="41" endline="42" begincolumn="27" endcolumn="9" rule="UncommentedEmptyMethodBody" ruleset="Documentation" package="org.junit.tests.manipulation" class="SingleMethodTest$OneTimeSetup" method="two" externalInfoUrl="https://pmd.github.io/pmd/pmd_rules_java_documentation.html#uncommentedemptymethodbody" priority="3">
Document empty method body
</violation>
<violation beginline="41" endline="42" begincolumn="16" endcolumn="9" rule="JUnitTestsShouldIncludeAssert" ruleset="Best Practices" package="org.junit.tests.manipulation" class="SingleMethodTest$OneTimeSetup" method="two" externalInfoUrl="https://pmd.github.io/pmd/pmd_rules_java_bestpractices.html#junittestsshouldincludeassert" priority="3">
JUnit tests should include assert() or fail()
</violation>
<violation beginline="46" endline="46" begincolumn="39" endcolumn="47" rule="SignatureDeclareThrowsException" ruleset="Design" package="org.junit.tests.manipulation" class="SingleMethodTest" method="oneTimeSetup" externalInfoUrl="https://pmd.github.io/pmd/pmd_rules_java_design.html#signaturedeclarethrowsexception" priority="3">
A method/constructor should not explicitly throw java.lang.Exception
</violation>
<violation beginline="46" endline="53" begincolumn="12" endcolumn="5" rule="JUnitTestContainsTooManyAsserts" ruleset="Best Practices" package="org.junit.tests.manipulation" class="SingleMethodTest" method="oneTimeSetup" externalInfoUrl="https://pmd.github.io/pmd/pmd_rules_java_bestpractices.html#junittestcontainstoomanyasserts" priority="3">
Unit tests should not contain more than 1 assert(s).
</violation>
<violation beginline="51" endline="51" begincolumn="9" endcolumn="20" rule="JUnitAssertionsShouldIncludeMessage" ruleset="Best Practices" package="org.junit.tests.manipulation" class="SingleMethodTest" method="oneTimeSetup" externalInfoUrl="https://pmd.github.io/pmd/pmd_rules_java_bestpractices.html#junitassertionsshouldincludemessage" priority="3">
JUnit assertions should include a message
</violation>
<violation beginline="52" endline="52" begincolumn="9" endcolumn="20" rule="JUnitAssertionsShouldIncludeMessage" ruleset="Best Practices" package="org.junit.tests.manipulation" class="SingleMethodTest" method="oneTimeSetup" externalInfoUrl="https://pmd.github.io/pmd/pmd_rules_java_bestpractices.html#junitassertionsshouldincludemessage" priority="3">
JUnit assertions should include a message
</violation>
<violation beginline="62" endline="63" begincolumn="16" endcolumn="9" rule="UncommentedEmptyConstructor" ruleset="Documentation" package="org.junit.tests.manipulation" class="SingleMethodTest$ParameterizedOneTimeSetup" method="ParameterizedOneTimeSetup" externalInfoUrl="https://pmd.github.io/pmd/pmd_rules_java_documentation.html#uncommentedemptyconstructor" priority="3">
Document empty constructor
</violation>
<violation beginline="66" endline="67" begincolumn="27" endcolumn="9" rule="UncommentedEmptyMethodBody" ruleset="Documentation" package="org.junit.tests.manipulation" class="SingleMethodTest$ParameterizedOneTimeSetup" method="one" externalInfoUrl="https://pmd.github.io/pmd/pmd_rules_java_documentation.html#uncommentedemptymethodbody" priority="3">
Document empty method body
</violation>
<violation beginline="66" endline="67" begincolumn="16" endcolumn="9" rule="JUnitTestsShouldIncludeAssert" ruleset="Best Practices" package="org.junit.tests.manipulation" class="SingleMethodTest$ParameterizedOneTimeSetup" method="one" externalInfoUrl="https://pmd.github.io/pmd/pmd_rules_java_bestpractices.html#junittestsshouldincludeassert" priority="3">
JUnit tests should include assert() or fail()
</violation>
<violation beginline="71" endline="71" begincolumn="60" endcolumn="68" rule="SignatureDeclareThrowsException" ruleset="Design" package="org.junit.tests.manipulation" class="SingleMethodTest" method="parameterizedFilterToSingleMethod" externalInfoUrl="https://pmd.github.io/pmd/pmd_rules_java_design.html#signaturedeclarethrowsexception" priority="3">
A method/constructor should not explicitly throw java.lang.Exception
</violation>
<violation beginline="77" endline="77" begincolumn="9" endcolumn="20" rule="JUnitAssertionsShouldIncludeMessage" ruleset="Best Practices" package="org.junit.tests.manipulation" class="SingleMethodTest" method="parameterizedFilterToSingleMethod" externalInfoUrl="https://pmd.github.io/pmd/pmd_rules_java_bestpractices.html#junitassertionsshouldincludemessage" priority="3">
JUnit assertions should include a message
</violation>
<violation beginline="87" endline="88" begincolumn="16" endcolumn="9" rule="UncommentedEmptyConstructor" ruleset="Documentation" package="org.junit.tests.manipulation" class="SingleMethodTest$ParameterizedOneTimeBeforeClass" method="ParameterizedOneTimeBeforeClass" externalInfoUrl="https://pmd.github.io/pmd/pmd_rules_java_documentation.html#uncommentedemptyconstructor" priority="3">
Document empty constructor
</violation>
<violation beginline="96" endline="97" begincolumn="27" endcolumn="9" rule="UncommentedEmptyMethodBody" ruleset="Documentation" package="org.junit.tests.manipulation" class="SingleMethodTest$ParameterizedOneTimeBeforeClass" method="one" externalInfoUrl="https://pmd.github.io/pmd/pmd_rules_java_documentation.html#uncommentedemptymethodbody" priority="3">
Document empty method body
</violation>
<violation beginline="96" endline="97" begincolumn="16" endcolumn="9" rule="JUnitTestsShouldIncludeAssert" ruleset="Best Practices" package="org.junit.tests.manipulation" class="SingleMethodTest$ParameterizedOneTimeBeforeClass" method="one" externalInfoUrl="https://pmd.github.io/pmd/pmd_rules_java_bestpractices.html#junittestsshouldincludeassert" priority="3">
JUnit tests should include assert() or fail()
</violation>
<violation beginline="102" endline="102" begincolumn="51" endcolumn="59" rule="SignatureDeclareThrowsException" ruleset="Design" package="org.junit.tests.manipulation" class="SingleMethodTest" method="parameterizedBeforeClass" externalInfoUrl="https://pmd.github.io/pmd/pmd_rules_java_design.html#signaturedeclarethrowsexception" priority="3">
A method/constructor should not explicitly throw java.lang.Exception
</violation>
<violation beginline="105" endline="105" begincolumn="9" endcolumn="20" rule="JUnitAssertionsShouldIncludeMessage" ruleset="Best Practices" package="org.junit.tests.manipulation" class="SingleMethodTest" method="parameterizedBeforeClass" externalInfoUrl="https://pmd.github.io/pmd/pmd_rules_java_bestpractices.html#junitassertionsshouldincludemessage" priority="3">
JUnit assertions should include a message
</violation>
<violation beginline="109" endline="109" begincolumn="47" endcolumn="55" rule="SignatureDeclareThrowsException" ruleset="Design" package="org.junit.tests.manipulation" class="SingleMethodTest" method="filteringAffectsPlan" externalInfoUrl="https://pmd.github.io/pmd/pmd_rules_java_design.html#signaturedeclarethrowsexception" priority="3">
A method/constructor should not explicitly throw java.lang.Exception
</violation>
<violation beginline="111" endline="111" begincolumn="9" endcolumn="20" rule="JUnitAssertionsShouldIncludeMessage" ruleset="Best Practices" package="org.junit.tests.manipulation" class="SingleMethodTest" method="filteringAffectsPlan" externalInfoUrl="https://pmd.github.io/pmd/pmd_rules_java_bestpractices.html#junitassertionsshouldincludemessage" priority="3">
JUnit assertions should include a message
</violation>
<violation beginline="115" endline="115" begincolumn="58" endcolumn="66" rule="SignatureDeclareThrowsException" ruleset="Design" package="org.junit.tests.manipulation" class="SingleMethodTest" method="nonexistentMethodCreatesFailure" externalInfoUrl="https://pmd.github.io/pmd/pmd_rules_java_design.html#signaturedeclarethrowsexception" priority="3">
A method/constructor should not explicitly throw java.lang.Exception
</violation>
<violation beginline="116" endline="116" begincolumn="9" endcolumn="20" rule="JUnitAssertionsShouldIncludeMessage" ruleset="Best Practices" package="org.junit.tests.manipulation" class="SingleMethodTest" method="nonexistentMethodCreatesFailure" externalInfoUrl="https://pmd.github.io/pmd/pmd_rules_java_bestpractices.html#junitassertionsshouldincludemessage" priority="3">
JUnit assertions should include a message
</violation>
<violation beginline="139" endline="140" begincolumn="16" endcolumn="9" rule="ShortMethodName" ruleset="Code Style" package="org.junit.tests.manipulation" class="SingleMethodTest$TestOne" method="a" externalInfoUrl="https://pmd.github.io/pmd/pmd_rules_java_codestyle.html#shortmethodname" priority="3">
Avoid using short method names
</violation>
<violation beginline="139" endline="140" begincolumn="25" endcolumn="9" rule="UncommentedEmptyMethodBody" ruleset="Documentation" package="org.junit.tests.manipulation" class="SingleMethodTest$TestOne" method="a" externalInfoUrl="https://pmd.github.io/pmd/pmd_rules_java_documentation.html#uncommentedemptymethodbody" priority="3">
Document empty method body
</violation>
<violation beginline="139" endline="140" begincolumn="16" endcolumn="9" rule="JUnitTestsShouldIncludeAssert" ruleset="Best Practices" package="org.junit.tests.manipulation" class="SingleMethodTest$TestOne" method="a" externalInfoUrl="https://pmd.github.io/pmd/pmd_rules_java_bestpractices.html#junittestsshouldincludeassert" priority="3">
JUnit tests should include assert() or fail()
</violation>
<violation beginline="143" endline="144" begincolumn="16" endcolumn="9" rule="ShortMethodName" ruleset="Code Style" package="org.junit.tests.manipulation" class="SingleMethodTest$TestOne" method="b" externalInfoUrl="https://pmd.github.io/pmd/pmd_rules_java_codestyle.html#shortmethodname" priority="3">
Avoid using short method names
</violation>
<violation beginline="143" endline="144" begincolumn="25" endcolumn="9" rule="UncommentedEmptyMethodBody" ruleset="Documentation" package="org.junit.tests.manipulation" class="SingleMethodTest$TestOne" method="b" externalInfoUrl="https://pmd.github.io/pmd/pmd_rules_java_documentation.html#uncommentedemptymethodbody" priority="3">
Document empty method body
</violation>
<violation beginline="143" endline="144" begincolumn="16" endcolumn="9" rule="JUnitTestsShouldIncludeAssert" ruleset="Best Practices" package="org.junit.tests.manipulation" class="SingleMethodTest$TestOne" method="b" externalInfoUrl="https://pmd.github.io/pmd/pmd_rules_java_bestpractices.html#junittestsshouldincludeassert" priority="3">
JUnit tests should include assert() or fail()
</violation>
<violation beginline="149" endline="150" begincolumn="16" endcolumn="9" rule="ShortMethodName" ruleset="Code Style" package="org.junit.tests.manipulation" class="SingleMethodTest$TestTwo" method="a" externalInfoUrl="https://pmd.github.io/pmd/pmd_rules_java_codestyle.html#shortmethodname" priority="3">
Avoid using short method names
</violation>
<violation beginline="149" endline="150" begincolumn="25" endcolumn="9" rule="UncommentedEmptyMethodBody" ruleset="Documentation" package="org.junit.tests.manipulation" class="SingleMethodTest$TestTwo" method="a" externalInfoUrl="https://pmd.github.io/pmd/pmd_rules_java_documentation.html#uncommentedemptymethodbody" priority="3">
Document empty method body
</violation>
<violation beginline="149" endline="150" begincolumn="16" endcolumn="9" rule="JUnitTestsShouldIncludeAssert" ruleset="Best Practices" package="org.junit.tests.manipulation" class="SingleMethodTest$TestTwo" method="a" externalInfoUrl="https://pmd.github.io/pmd/pmd_rules_java_bestpractices.html#junittestsshouldincludeassert" priority="3">
JUnit tests should include assert() or fail()
</violation>
<violation beginline="153" endline="154" begincolumn="16" endcolumn="9" rule="ShortMethodName" ruleset="Code Style" package="org.junit.tests.manipulation" class="SingleMethodTest$TestTwo" method="b" externalInfoUrl="https://pmd.github.io/pmd/pmd_rules_java_codestyle.html#shortmethodname" priority="3">
Avoid using short method names
</violation>
<violation beginline="153" endline="154" begincolumn="25" endcolumn="9" rule="UncommentedEmptyMethodBody" ruleset="Documentation" package="org.junit.tests.manipulation" class="SingleMethodTest$TestTwo" method="b" externalInfoUrl="https://pmd.github.io/pmd/pmd_rules_java_documentation.html#uncommentedemptymethodbody" priority="3">
Document empty method body
</violation>
<violation beginline="153" endline="154" begincolumn="16" endcolumn="9" rule="JUnitTestsShouldIncludeAssert" ruleset="Best Practices" package="org.junit.tests.manipulation" class="SingleMethodTest$TestTwo" method="b" externalInfoUrl="https://pmd.github.io/pmd/pmd_rules_java_bestpractices.html#junittestsshouldincludeassert" priority="3">
JUnit tests should include assert() or fail()
</violation>
<violation beginline="163" endline="163" begincolumn="59" endcolumn="67" rule="SignatureDeclareThrowsException" ruleset="Design" package="org.junit.tests.manipulation" class="SingleMethodTest" method="eliminateUnnecessaryTreeBranches" externalInfoUrl="https://pmd.github.io/pmd/pmd_rules_java_design.html#signaturedeclarethrowsexception" priority="3">
A method/constructor should not explicitly throw java.lang.Exception
</violation>
<violation beginline="168" endline="168" begincolumn="9" endcolumn="20" rule="JUnitAssertionsShouldIncludeMessage" ruleset="Best Practices" package="org.junit.tests.manipulation" class="SingleMethodTest" method="eliminateUnnecessaryTreeBranches" externalInfoUrl="https://pmd.github.io/pmd/pmd_rules_java_bestpractices.html#junitassertionsshouldincludemessage" priority="3">
JUnit assertions should include a message
</violation>
<violation beginline="173" endline="174" begincolumn="16" endcolumn="9" rule="ShortMethodName" ruleset="Code Style" package="org.junit.tests.manipulation" class="SingleMethodTest$HasSuiteMethod" method="a" externalInfoUrl="https://pmd.github.io/pmd/pmd_rules_java_codestyle.html#shortmethodname" priority="3">
Avoid using short method names
</violation>
<violation beginline="173" endline="174" begincolumn="25" endcolumn="9" rule="UncommentedEmptyMethodBody" ruleset="Documentation" package="org.junit.tests.manipulation" class="SingleMethodTest$HasSuiteMethod" method="a" externalInfoUrl="https://pmd.github.io/pmd/pmd_rules_java_documentation.html#uncommentedemptymethodbody" priority="3">
Document empty method body
</violation>
<violation beginline="173" endline="174" begincolumn="16" endcolumn="9" rule="JUnitTestsShouldIncludeAssert" ruleset="Best Practices" package="org.junit.tests.manipulation" class="SingleMethodTest$HasSuiteMethod" method="a" externalInfoUrl="https://pmd.github.io/pmd/pmd_rules_java_bestpractices.html#junittestsshouldincludeassert" priority="3">
JUnit tests should include assert() or fail()
</violation>
<violation beginline="177" endline="178" begincolumn="16" endcolumn="9" rule="ShortMethodName" ruleset="Code Style" package="org.junit.tests.manipulation" class="SingleMethodTest$HasSuiteMethod" method="b" externalInfoUrl="https://pmd.github.io/pmd/pmd_rules_java_codestyle.html#shortmethodname" priority="3">
Avoid using short method names
</violation>
<violation beginline="177" endline="178" begincolumn="25" endcolumn="9" rule="UncommentedEmptyMethodBody" ruleset="Documentation" package="org.junit.tests.manipulation" class="SingleMethodTest$HasSuiteMethod" method="b" externalInfoUrl="https://pmd.github.io/pmd/pmd_rules_java_documentation.html#uncommentedemptymethodbody" priority="3">
Document empty method body
</violation>
<violation beginline="177" endline="178" begincolumn="16" endcolumn="9" rule="JUnitTestsShouldIncludeAssert" ruleset="Best Practices" package="org.junit.tests.manipulation" class="SingleMethodTest$HasSuiteMethod" method="b" externalInfoUrl="https://pmd.github.io/pmd/pmd_rules_java_bestpractices.html#junittestsshouldincludeassert" priority="3">
JUnit tests should include assert() or fail()
</violation>
<violation beginline="188" endline="188" begincolumn="9" endcolumn="18" rule="JUnitAssertionsShouldIncludeMessage" ruleset="Best Practices" package="org.junit.tests.manipulation" class="SingleMethodTest" method="classesWithSuiteMethodsAreFiltered" externalInfoUrl="https://pmd.github.io/pmd/pmd_rules_java_bestpractices.html#junitassertionsshouldincludemessage" priority="3">
JUnit assertions should include a message
</violation>
</file>
<file name="C:\Users\Deyan\Downloads\junit4-r4.13.2\src\test\java\org\junit\tests\manipulation\SortableTest.java">
<violation beginline="40" endline="42" begincolumn="20" endcolumn="13" rule="ShortMethodName" ruleset="Code Style" package="org.junit.tests.manipulation" class="SortableTest$TestClassRunnerIsSortable$SortMe" method="a" externalInfoUrl="https://pmd.github.io/pmd/pmd_rules_java_codestyle.html#shortmethodname" priority="3">
Avoid using short method names
</violation>
<violation beginline="45" endline="47" begincolumn="20" endcolumn="13" rule="ShortMethodName" ruleset="Code Style" package="org.junit.tests.manipulation" class="SortableTest$TestClassRunnerIsSortable$SortMe" method="b" externalInfoUrl="https://pmd.github.io/pmd/pmd_rules_java_codestyle.html#shortmethodname" priority="3">
Avoid using short method names
</violation>
<violation beginline="50" endline="52" begincolumn="20" endcolumn="13" rule="ShortMethodName" ruleset="Code Style" package="org.junit.tests.manipulation" class="SortableTest$TestClassRunnerIsSortable$SortMe" method="c" externalInfoUrl="https://pmd.github.io/pmd/pmd_rules_java_codestyle.html#shortmethodname" priority="3">
Avoid using short method names
</violation>
<violation beginline="58" endline="60" begincolumn="20" endcolumn="13" rule="ShortMethodName" ruleset="Code Style" package="org.junit.tests.manipulation" class="SortableTest$TestClassRunnerIsSortable$DoNotSortMe" method="a" externalInfoUrl="https://pmd.github.io/pmd/pmd_rules_java_codestyle.html#shortmethodname" priority="3">
Avoid using short method names
</violation>
<violation beginline="63" endline="65" begincolumn="20" endcolumn="13" rule="ShortMethodName" ruleset="Code Style" package="org.junit.tests.manipulation" class="SortableTest$TestClassRunnerIsSortable$DoNotSortMe" method="b" externalInfoUrl="https://pmd.github.io/pmd/pmd_rules_java_codestyle.html#shortmethodname" priority="3">
Avoid using short method names
</violation>
<violation beginline="68" endline="70" begincolumn="20" endcolumn="13" rule="ShortMethodName" ruleset="Code Style" package="org.junit.tests.manipulation" class="SortableTest$TestClassRunnerIsSortable$DoNotSortMe" method="c" externalInfoUrl="https://pmd.github.io/pmd/pmd_rules_java_codestyle.html#shortmethodname" priority="3">
Avoid using short method names
</violation>
<violation beginline="83" endline="83" begincolumn="26" endcolumn="30" rule="AvoidDuplicateLiterals" ruleset="Error Prone" package="org.junit.tests.manipulation" class="SortableTest$TestClassRunnerIsSortable" method="sortingForwardWorksOnTestClassRunner" externalInfoUrl="https://pmd.github.io/pmd/pmd_rules_java_errorprone.html#avoidduplicateliterals" priority="3">
The String literal "abc" appears 4 times in this file; the first occurrence is on line 83
</violation>
<violation beginline="104" endline="119" begincolumn="27" endcolumn="13" rule="ShortClassName" ruleset="Code Style" package="org.junit.tests.manipulation" class="SortableTest$TestClassRunnerIsSortable$Enclosing$A" externalInfoUrl="https://pmd.github.io/pmd/pmd_rules_java_codestyle.html#shortclassname" priority="4">
Avoid short class names like A
</violation>
<violation beginline="106" endline="108" begincolumn="24" endcolumn="17" rule="ShortMethodName" ruleset="Code Style" package="org.junit.tests.manipulation" class="SortableTest$TestClassRunnerIsSortable$Enclosing$A" method="a" externalInfoUrl="https://pmd.github.io/pmd/pmd_rules_java_codestyle.html#shortmethodname" priority="3">
Avoid using short method names
</violation>
<violation beginline="111" endline="113" begincolumn="24" endcolumn="17" rule="ShortMethodName" ruleset="Code Style" package="org.junit.tests.manipulation" class="SortableTest$TestClassRunnerIsSortable$Enclosing$A" method="b" externalInfoUrl="https://pmd.github.io/pmd/pmd_rules_java_codestyle.html#shortmethodname" priority="3">
Avoid using short method names
</violation>
<violation beginline="116" endline="118" begincolumn="24" endcolumn="17" rule="ShortMethodName" ruleset="Code Style" package="org.junit.tests.manipulation" class="SortableTest$TestClassRunnerIsSortable$Enclosing$A" method="c" externalInfoUrl="https://pmd.github.io/pmd/pmd_rules_java_codestyle.html#shortmethodname" priority="3">
Avoid using short method names
</violation>
<violation beginline="121" endline="136" begincolumn="27" endcolumn="13" rule="ShortClassName" ruleset="Code Style" package="org.junit.tests.manipulation" class="SortableTest$TestClassRunnerIsSortable$Enclosing$B" externalInfoUrl="https://pmd.github.io/pmd/pmd_rules_java_codestyle.html#shortclassname" priority="4">
Avoid short class names like B
</violation>
<violation beginline="123" endline="125" begincolumn="24" endcolumn="17" rule="ShortMethodName" ruleset="Code Style" package="org.junit.tests.manipulation" class="SortableTest$TestClassRunnerIsSortable$Enclosing$B" method="a" externalInfoUrl="https://pmd.github.io/pmd/pmd_rules_java_codestyle.html#shortmethodname" priority="3">
Avoid using short method names
</violation>
<violation beginline="128" endline="130" begincolumn="24" endcolumn="17" rule="ShortMethodName" ruleset="Code Style" package="org.junit.tests.manipulation" class="SortableTest$TestClassRunnerIsSortable$Enclosing$B" method="b" externalInfoUrl="https://pmd.github.io/pmd/pmd_rules_java_codestyle.html#shortmethodname" priority="3">
Avoid using short method names
</violation>
<violation beginline="133" endline="135" begincolumn="24" endcolumn="17" rule="ShortMethodName" ruleset="Code Style" package="org.junit.tests.manipulation" class="SortableTest$TestClassRunnerIsSortable$Enclosing$B" method="c" externalInfoUrl="https://pmd.github.io/pmd/pmd_rules_java_codestyle.html#shortmethodname" priority="3">
Avoid using short method names
</violation>
<violation beginline="161" endline="163" begincolumn="20" endcolumn="13" rule="ShortMethodName" ruleset="Code Style" package="org.junit.tests.manipulation" class="SortableTest$TestClassRunnerIsSortableWithSuiteMethod$SortMe" method="a" externalInfoUrl="https://pmd.github.io/pmd/pmd_rules_java_codestyle.html#shortmethodname" priority="3">
Avoid using short method names
</violation>
<violation beginline="166" endline="168" begincolumn="20" endcolumn="13" rule="ShortMethodName" ruleset="Code Style" package="org.junit.tests.manipulation" class="SortableTest$TestClassRunnerIsSortableWithSuiteMethod$SortMe" method="b" externalInfoUrl="https://pmd.github.io/pmd/pmd_rules_java_codestyle.html#shortmethodname" priority="3">
Avoid using short method names
</violation>
<violation beginline="171" endline="173" begincolumn="20" endcolumn="13" rule="ShortMethodName" ruleset="Code Style" package="org.junit.tests.manipulation" class="SortableTest$TestClassRunnerIsSortableWithSuiteMethod$SortMe" method="c" externalInfoUrl="https://pmd.github.io/pmd/pmd_rules_java_codestyle.html#shortmethodname" priority="3">
Avoid using short method names
</violation>
<violation beginline="204" endline="205" begincolumn="20" endcolumn="13" rule="UncommentedEmptyConstructor" ruleset="Documentation" package="org.junit.tests.manipulation" class="SortableTest$UnsortableRunnersAreHandledWithoutCrashing$UnsortableRunner" method="UnsortableRunner" externalInfoUrl="https://pmd.github.io/pmd/pmd_rules_java_documentation.html#uncommentedemptyconstructor" priority="3">
Document empty constructor
</violation>
<violation beginline="213" endline="214" begincolumn="51" endcolumn="13" rule="UncommentedEmptyMethodBody" ruleset="Documentation" package="org.junit.tests.manipulation" class="SortableTest$UnsortableRunnersAreHandledWithoutCrashing$UnsortableRunner" method="run" externalInfoUrl="https://pmd.github.io/pmd/pmd_rules_java_documentation.html#uncommentedemptymethodbody" priority="3">
Document empty method body
</violation>
<violation beginline="220" endline="221" begincolumn="20" endcolumn="13" rule="ShortMethodName" ruleset="Code Style" package="org.junit.tests.manipulation" class="SortableTest$UnsortableRunnersAreHandledWithoutCrashing$Unsortable" method="a" externalInfoUrl="https://pmd.github.io/pmd/pmd_rules_java_codestyle.html#shortmethodname" priority="3">
Avoid using short method names
</violation>
<violation beginline="220" endline="221" begincolumn="29" endcolumn="13" rule="UncommentedEmptyMethodBody" ruleset="Documentation" package="org.junit.tests.manipulation" class="SortableTest$UnsortableRunnersAreHandledWithoutCrashing$Unsortable" method="a" externalInfoUrl="https://pmd.github.io/pmd/pmd_rules_java_documentation.html#uncommentedemptymethodbody" priority="3">
Document empty method body
</violation>
<violation beginline="262" endline="264" begincolumn="20" endcolumn="13" rule="ShortMethodName" ruleset="Code Style" package="org.junit.tests.manipulation" class="SortableTest$TestOnlySortableClassRunnerIsSortable$SortMe" method="a" externalInfoUrl="https://pmd.github.io/pmd/pmd_rules_java_codestyle.html#shortmethodname" priority="3">
Avoid using short method names
</violation>
<violation beginline="267" endline="269" begincolumn="20" endcolumn="13" rule="ShortMethodName" ruleset="Code Style" package="org.junit.tests.manipulation" class="SortableTest$TestOnlySortableClassRunnerIsSortable$SortMe" method="b" externalInfoUrl="https://pmd.github.io/pmd/pmd_rules_java_codestyle.html#shortmethodname" priority="3">
Avoid using short method names
</violation>
<violation beginline="272" endline="274" begincolumn="20" endcolumn="13" rule="ShortMethodName" ruleset="Code Style" package="org.junit.tests.manipulation" class="SortableTest$TestOnlySortableClassRunnerIsSortable$SortMe" method="c" externalInfoUrl="https://pmd.github.io/pmd/pmd_rules_java_codestyle.html#shortmethodname" priority="3">
Avoid using short method names
</violation>
</file>
<file name="C:\Users\Deyan\Downloads\junit4-r4.13.2\src\test\java\org\junit\tests\running\classes\BlockJUnit4ClassRunnerTest.java">
<violation beginline="18" endline="19" begincolumn="32" endcolumn="13" rule="UncommentedEmptyMethodBody" ruleset="Documentation" package="org.junit.tests.running.classes" class="BlockJUnit4ClassRunnerTest$OuterClass$Enclosed" method="test" externalInfoUrl="https://pmd.github.io/pmd/pmd_rules_java_documentation.html#uncommentedemptymethodbody" priority="3">
Document empty method body
</violation>
<violation beginline="18" endline="19" begincolumn="20" endcolumn="13" rule="JUnitTestsShouldIncludeAssert" ruleset="Best Practices" package="org.junit.tests.running.classes" class="BlockJUnit4ClassRunnerTest$OuterClass$Enclosed" method="test" externalInfoUrl="https://pmd.github.io/pmd/pmd_rules_java_bestpractices.html#junittestsshouldincludeassert" priority="3">
JUnit tests should include assert() or fail()
</violation>
<violation beginline="24" endline="24" begincolumn="55" endcolumn="63" rule="SignatureDeclareThrowsException" ruleset="Design" package="org.junit.tests.running.classes" class="BlockJUnit4ClassRunnerTest" method="detectNonStaticEnclosedClass" externalInfoUrl="https://pmd.github.io/pmd/pmd_rules_java_design.html#signaturedeclarethrowsexception" priority="3">
A method/constructor should not explicitly throw java.lang.Exception
</violation>
<violation beginline="24" endline="35" begincolumn="12" endcolumn="5" rule="JUnitTestContainsTooManyAsserts" ruleset="Best Practices" package="org.junit.tests.running.classes" class="BlockJUnit4ClassRunnerTest" method="detectNonStaticEnclosedClass" externalInfoUrl="https://pmd.github.io/pmd/pmd_rules_java_bestpractices.html#junittestcontainstoomanyasserts" priority="3">
Unit tests should not contain more than 1 assert(s).
</violation>
<violation beginline="37" endline="37" begincolumn="20" endcolumn="30" rule="FieldDeclarationsShouldBeAtStartOfClass" ruleset="Code Style" package="org.junit.tests.running.classes" class="BlockJUnit4ClassRunnerTest" variable="VariableDeclaratorId" externalInfoUrl="https://pmd.github.io/pmd/pmd_rules_java_codestyle.html#fielddeclarationsshouldbeatstartofclass" priority="3">
Fields should be declared at the top of the class, before any method declarations, constructors, initializers or inner classes.
</violation>
<violation beginline="45" endline="47" begincolumn="16" endcolumn="9" rule="JUnitTestsShouldIncludeAssert" ruleset="Best Practices" package="org.junit.tests.running.classes" class="BlockJUnit4ClassRunnerTest$MethodBlockAfterFireTestStarted" method="test" externalInfoUrl="https://pmd.github.io/pmd/pmd_rules_java_bestpractices.html#junittestsshouldincludeassert" priority="3">
JUnit tests should include assert() or fail()
</violation>
<violation beginline="66" endline="66" begincolumn="9" endcolumn="20" rule="JUnitAssertionsShouldIncludeMessage" ruleset="Best Practices" package="org.junit.tests.running.classes" class="BlockJUnit4ClassRunnerTest" method="methodBlockAfterFireTestStarted" externalInfoUrl="https://pmd.github.io/pmd/pmd_rules_java_bestpractices.html#junitassertionsshouldincludemessage" priority="3">
JUnit assertions should include a message
</violation>
</file>
<file name="C:\Users\Deyan\Downloads\junit4-r4.13.2\src\test\java\org\junit\tests\running\classes\ClassLevelMethodsWithIgnoredTestsTest.java">
<violation beginline="40" endline="40" begincolumn="18" endcolumn="40" rule="AvoidDuplicateLiterals" ruleset="Error Prone" package="org.junit.tests.running.classes" class="ClassLevelMethodsWithIgnoredTestsTest$BeforeClassWithIgnoredTest" method="test" externalInfoUrl="https://pmd.github.io/pmd/pmd_rules_java_errorprone.html#avoidduplicateliterals" priority="3">
The String literal "test() should not run" appears 4 times in this file; the first occurrence is on line 40
</violation>
<violation beginline="45" endline="48" begincolumn="12" endcolumn="5" rule="JUnitTestsShouldIncludeAssert" ruleset="Best Practices" package="org.junit.tests.running.classes" class="ClassLevelMethodsWithIgnoredTestsTest" method="beforeClassShouldNotRunWhenAllTestsAreIgnored" externalInfoUrl="https://pmd.github.io/pmd/pmd_rules_java_bestpractices.html#junittestsshouldincludeassert" priority="3">
JUnit tests should include assert() or fail()
</violation>
<violation beginline="64" endline="68" begincolumn="12" endcolumn="5" rule="JUnitTestsShouldIncludeAssert" ruleset="Best Practices" package="org.junit.tests.running.classes" class="ClassLevelMethodsWithIgnoredTestsTest" method="beforeClassShouldNotRunWhenWholeClassIsIgnored" externalInfoUrl="https://pmd.github.io/pmd/pmd_rules_java_bestpractices.html#junittestsshouldincludeassert" priority="3">
JUnit tests should include assert() or fail()
</violation>
<violation beginline="84" endline="87" begincolumn="12" endcolumn="5" rule="JUnitTestsShouldIncludeAssert" ruleset="Best Practices" package="org.junit.tests.running.classes" class="ClassLevelMethodsWithIgnoredTestsTest" method="afterClassShouldNotRunWhenAllTestsAreIgnored" externalInfoUrl="https://pmd.github.io/pmd/pmd_rules_java_bestpractices.html#junittestsshouldincludeassert" priority="3">
JUnit tests should include assert() or fail()
</violation>
<violation beginline="107" endline="109" begincolumn="16" endcolumn="9" rule="JUnitTestsShouldIncludeAssert" ruleset="Best Practices" package="org.junit.tests.running.classes" class="ClassLevelMethodsWithIgnoredTestsTest$HasUnfilteredTest" method="unfilteredTest" externalInfoUrl="https://pmd.github.io/pmd/pmd_rules_java_bestpractices.html#junittestsshouldincludeassert" priority="3">
JUnit tests should include assert() or fail()
</violation>
<violation beginline="113" endline="120" begincolumn="12" endcolumn="5" rule="JUnitTestsShouldIncludeAssert" ruleset="Best Practices" package="org.junit.tests.running.classes" class="ClassLevelMethodsWithIgnoredTestsTest" method="beforeClassShouldNotRunWhenAllTestsAreFiltered" externalInfoUrl="https://pmd.github.io/pmd/pmd_rules_java_bestpractices.html#junittestsshouldincludeassert" priority="3">
JUnit tests should include assert() or fail()
</violation>
<violation beginline="124" endline="124" begincolumn="23" endcolumn="38" rule="AvoidThrowingRawExceptionTypes" ruleset="Design" package="org.junit.tests.running.classes" class="ClassLevelMethodsWithIgnoredTestsTest$BrokenRule" method="apply" externalInfoUrl="https://pmd.github.io/pmd/pmd_rules_java_design.html#avoidthrowingrawexceptiontypes" priority="1">
Avoid throwing raw exception types.
</violation>
<violation beginline="140" endline="143" begincolumn="12" endcolumn="5" rule="JUnitTestsShouldIncludeAssert" ruleset="Best Practices" package="org.junit.tests.running.classes" class="ClassLevelMethodsWithIgnoredTestsTest" method="classRuleShouldNotBeAppliedWhenAllTestsAreIgnored" externalInfoUrl="https://pmd.github.io/pmd/pmd_rules_java_bestpractices.html#junittestsshouldincludeassert" priority="3">
JUnit tests should include assert() or fail()
</violation>
<violation beginline="153" endline="153" begincolumn="35" endcolumn="39" rule="SimplifyBooleanExpressions" ruleset="Design" package="org.junit.tests.running.classes" class="ClassLevelMethodsWithIgnoredTestsTest" method="analyseResult" externalInfoUrl="https://pmd.github.io/pmd/pmd_rules_java_design.html#simplifybooleanexpressions" priority="3">
Avoid unnecessary comparisons in boolean expressions
</violation>
</file>
<file name="C:\Users\Deyan\Downloads\junit4-r4.13.2\src\test\java\org\junit\tests\running\classes\EnclosedTest.java">
<violation beginline="16" endline="22" begincolumn="23" endcolumn="9" rule="ShortClassName" ruleset="Code Style" package="org.junit.tests.running.classes" class="EnclosedTest$Enclosing$A" externalInfoUrl="https://pmd.github.io/pmd/pmd_rules_java_codestyle.html#shortclassname" priority="4">
Avoid short class names like A
</violation>
<violation beginline="18" endline="18" begincolumn="20" endcolumn="30" rule="ShortMethodName" ruleset="Code Style" package="org.junit.tests.running.classes" class="EnclosedTest$Enclosing$A" method="a" externalInfoUrl="https://pmd.github.io/pmd/pmd_rules_java_codestyle.html#shortmethodname" priority="3">
Avoid using short method names
</violation>
<violation beginline="18" endline="18" begincolumn="29" endcolumn="30" rule="UncommentedEmptyMethodBody" ruleset="Documentation" package="org.junit.tests.running.classes" class="EnclosedTest$Enclosing$A" method="a" externalInfoUrl="https://pmd.github.io/pmd/pmd_rules_java_documentation.html#uncommentedemptymethodbody" priority="3">
Document empty method body
</violation>
<violation beginline="18" endline="18" begincolumn="20" endcolumn="30" rule="JUnitTestsShouldIncludeAssert" ruleset="Best Practices" package="org.junit.tests.running.classes" class="EnclosedTest$Enclosing$A" method="a" externalInfoUrl="https://pmd.github.io/pmd/pmd_rules_java_bestpractices.html#junittestsshouldincludeassert" priority="3">
JUnit tests should include assert() or fail()
</violation>
<violation beginline="21" endline="21" begincolumn="20" endcolumn="30" rule="ShortMethodName" ruleset="Code Style" package="org.junit.tests.running.classes" class="EnclosedTest$Enclosing$A" method="b" externalInfoUrl="https://pmd.github.io/pmd/pmd_rules_java_codestyle.html#shortmethodname" priority="3">
Avoid using short method names
</violation>
<violation beginline="21" endline="21" begincolumn="29" endcolumn="30" rule="UncommentedEmptyMethodBody" ruleset="Documentation" package="org.junit.tests.running.classes" class="EnclosedTest$Enclosing$A" method="b" externalInfoUrl="https://pmd.github.io/pmd/pmd_rules_java_documentation.html#uncommentedemptymethodbody" priority="3">
Document empty method body
</violation>
<violation beginline="21" endline="21" begincolumn="20" endcolumn="30" rule="JUnitTestsShouldIncludeAssert" ruleset="Best Practices" package="org.junit.tests.running.classes" class="EnclosedTest$Enclosing$A" method="b" externalInfoUrl="https://pmd.github.io/pmd/pmd_rules_java_bestpractices.html#junittestsshouldincludeassert" priority="3">
JUnit tests should include assert() or fail()
</violation>
<violation beginline="23" endline="32" begincolumn="23" endcolumn="9" rule="ShortClassName" ruleset="Code Style" package="org.junit.tests.running.classes" class="EnclosedTest$Enclosing$B" externalInfoUrl="https://pmd.github.io/pmd/pmd_rules_java_codestyle.html#shortclassname" priority="4">
Avoid short class names like B
</violation>
<violation beginline="25" endline="25" begincolumn="20" endcolumn="30" rule="ShortMethodName" ruleset="Code Style" package="org.junit.tests.running.classes" class="EnclosedTest$Enclosing$B" method="a" externalInfoUrl="https://pmd.github.io/pmd/pmd_rules_java_codestyle.html#shortmethodname" priority="3">
Avoid using short method names
</violation>
<violation beginline="25" endline="25" begincolumn="29" endcolumn="30" rule="UncommentedEmptyMethodBody" ruleset="Documentation" package="org.junit.tests.running.classes" class="EnclosedTest$Enclosing$B" method="a" externalInfoUrl="https://pmd.github.io/pmd/pmd_rules_java_documentation.html#uncommentedemptymethodbody" priority="3">
Document empty method body
</violation>
<violation beginline="25" endline="25" begincolumn="20" endcolumn="30" rule="JUnitTestsShouldIncludeAssert" ruleset="Best Practices" package="org.junit.tests.running.classes" class="EnclosedTest$Enclosing$B" method="a" externalInfoUrl="https://pmd.github.io/pmd/pmd_rules_java_bestpractices.html#junittestsshouldincludeassert" priority="3">
JUnit tests should include assert() or fail()
</violation>
<violation beginline="28" endline="28" begincolumn="20" endcolumn="30" rule="ShortMethodName" ruleset="Code Style" package="org.junit.tests.running.classes" class="EnclosedTest$Enclosing$B" method="b" externalInfoUrl="https://pmd.github.io/pmd/pmd_rules_java_codestyle.html#shortmethodname" priority="3">
Avoid using short method names
</violation>
<violation beginline="28" endline="28" begincolumn="29" endcolumn="30" rule="UncommentedEmptyMethodBody" ruleset="Documentation" package="org.junit.tests.running.classes" class="EnclosedTest$Enclosing$B" method="b" externalInfoUrl="https://pmd.github.io/pmd/pmd_rules_java_documentation.html#uncommentedemptymethodbody" priority="3">
Document empty method body
</violation>
<violation beginline="28" endline="28" begincolumn="20" endcolumn="30" rule="JUnitTestsShouldIncludeAssert" ruleset="Best Practices" package="org.junit.tests.running.classes" class="EnclosedTest$Enclosing$B" method="b" externalInfoUrl="https://pmd.github.io/pmd/pmd_rules_java_bestpractices.html#junittestsshouldincludeassert" priority="3">
JUnit tests should include assert() or fail()
</violation>
<violation beginline="31" endline="31" begincolumn="20" endcolumn="30" rule="ShortMethodName" ruleset="Code Style" package="org.junit.tests.running.classes" class="EnclosedTest$Enclosing$B" method="c" externalInfoUrl="https://pmd.github.io/pmd/pmd_rules_java_codestyle.html#shortmethodname" priority="3">
Avoid using short method names
</violation>
<violation beginline="31" endline="31" begincolumn="29" endcolumn="30" rule="UncommentedEmptyMethodBody" ruleset="Documentation" package="org.junit.tests.running.classes" class="EnclosedTest$Enclosing$B" method="c" externalInfoUrl="https://pmd.github.io/pmd/pmd_rules_java_documentation.html#uncommentedemptymethodbody" priority="3">
Document empty method body
</violation>
<violation beginline="31" endline="31" begincolumn="20" endcolumn="30" rule="JUnitTestsShouldIncludeAssert" ruleset="Best Practices" package="org.junit.tests.running.classes" class="EnclosedTest$Enclosing$B" method="c" externalInfoUrl="https://pmd.github.io/pmd/pmd_rules_java_bestpractices.html#junittestsshouldincludeassert" priority="3">
JUnit tests should include assert() or fail()
</violation>
<violation beginline="33" endline="35" begincolumn="32" endcolumn="9" rule="ShortClassName" ruleset="Code Style" package="org.junit.tests.running.classes" class="EnclosedTest$Enclosing$C" externalInfoUrl="https://pmd.github.io/pmd/pmd_rules_java_codestyle.html#shortclassname" priority="4">
Avoid short class names like C
</violation>
<violation beginline="33" endline="35" begincolumn="32" endcolumn="9" rule="AbstractClassWithoutAbstractMethod" ruleset="Best Practices" package="org.junit.tests.running.classes" class="EnclosedTest$Enclosing$C" externalInfoUrl="https://pmd.github.io/pmd/pmd_rules_java_bestpractices.html#abstractclasswithoutabstractmethod" priority="3">
This abstract class does not have any abstract methods
</violation>
<violation beginline="34" endline="34" begincolumn="26" endcolumn="36" rule="EmptyMethodInAbstractClassShouldBeAbstract" ruleset="Code Style" package="org.junit.tests.running.classes" class="EnclosedTest$Enclosing$C" method="a" externalInfoUrl="https://pmd.github.io/pmd/pmd_rules_java_codestyle.html#emptymethodinabstractclassshouldbeabstract" priority="1">
An empty method in an abstract class should be abstract instead
</violation>
<violation beginline="34" endline="34" begincolumn="26" endcolumn="36" rule="ShortMethodName" ruleset="Code Style" package="org.junit.tests.running.classes" class="EnclosedTest$Enclosing$C" method="a" externalInfoUrl="https://pmd.github.io/pmd/pmd_rules_java_codestyle.html#shortmethodname" priority="3">
Avoid using short method names
</violation>
<violation beginline="34" endline="34" begincolumn="35" endcolumn="36" rule="UncommentedEmptyMethodBody" ruleset="Documentation" package="org.junit.tests.running.classes" class="EnclosedTest$Enclosing$C" method="a" externalInfoUrl="https://pmd.github.io/pmd/pmd_rules_java_documentation.html#uncommentedemptymethodbody" priority="3">
Document empty method body
</violation>
<violation beginline="34" endline="34" begincolumn="26" endcolumn="36" rule="JUnitTestsShouldIncludeAssert" ruleset="Best Practices" package="org.junit.tests.running.classes" class="EnclosedTest$Enclosing$C" method="a" externalInfoUrl="https://pmd.github.io/pmd/pmd_rules_java_bestpractices.html#junittestsshouldincludeassert" priority="3">
JUnit tests should include assert() or fail()
</violation>
<violation beginline="39" endline="39" begincolumn="69" endcolumn="77" rule="SignatureDeclareThrowsException" ruleset="Design" package="org.junit.tests.running.classes" class="EnclosedTest" method="enclosedRunnerPlansConcreteEnclosedClasses" externalInfoUrl="https://pmd.github.io/pmd/pmd_rules_java_design.html#signaturedeclarethrowsexception" priority="3">
A method/constructor should not explicitly throw java.lang.Exception
</violation>
<violation beginline="41" endline="41" begincolumn="9" endcolumn="20" rule="JUnitAssertionsShouldIncludeMessage" ruleset="Best Practices" package="org.junit.tests.running.classes" class="EnclosedTest" method="enclosedRunnerPlansConcreteEnclosedClasses" externalInfoUrl="https://pmd.github.io/pmd/pmd_rules_java_bestpractices.html#junitassertionsshouldincludemessage" priority="3">
JUnit assertions should include a message
</violation>
<violation beginline="45" endline="45" begincolumn="68" endcolumn="76" rule="SignatureDeclareThrowsException" ruleset="Design" package="org.junit.tests.running.classes" class="EnclosedTest" method="enclosedRunnerRunsConcreteEnclosedClasses" externalInfoUrl="https://pmd.github.io/pmd/pmd_rules_java_design.html#signaturedeclarethrowsexception" priority="3">
A method/constructor should not explicitly throw java.lang.Exception
</violation>
<violation beginline="47" endline="47" begincolumn="9" endcolumn="20" rule="JUnitAssertionsShouldIncludeMessage" ruleset="Best Practices" package="org.junit.tests.running.classes" class="EnclosedTest" method="enclosedRunnerRunsConcreteEnclosedClasses" externalInfoUrl="https://pmd.github.io/pmd/pmd_rules_java_bestpractices.html#junitassertionsshouldincludemessage" priority="3">
JUnit assertions should include a message
</violation>
<violation beginline="51" endline="51" begincolumn="65" endcolumn="73" rule="SignatureDeclareThrowsException" ruleset="Design" package="org.junit.tests.running.classes" class="EnclosedTest" method="enclosedRunnerIsNamedForEnclosingClass" externalInfoUrl="https://pmd.github.io/pmd/pmd_rules_java_design.html#signaturedeclarethrowsexception" priority="3">
A method/constructor should not explicitly throw java.lang.Exception
</violation>
<violation beginline="52" endline="52" begincolumn="9" endcolumn="20" rule="JUnitAssertionsShouldIncludeMessage" ruleset="Best Practices" package="org.junit.tests.running.classes" class="EnclosedTest" method="enclosedRunnerIsNamedForEnclosingClass" externalInfoUrl="https://pmd.github.io/pmd/pmd_rules_java_bestpractices.html#junitassertionsshouldincludemessage" priority="3">
JUnit assertions should include a message
</violation>
</file>
<file name="C:\Users\Deyan\Downloads\junit4-r4.13.2\src\test\java\org\junit\tests\running\classes\IgnoreClassTest.java">
<violation beginline="16" endline="16" begincolumn="13" endcolumn="16" rule="JUnitAssertionsShouldIncludeMessage" ruleset="Best Practices" package="org.junit.tests.running.classes" class="IgnoreClassTest$IgnoreMe" method="iFail" externalInfoUrl="https://pmd.github.io/pmd/pmd_rules_java_bestpractices.html#junitassertionsshouldincludemessage" priority="3">
JUnit assertions should include a message
</violation>
<violation beginline="21" endline="21" begincolumn="13" endcolumn="16" rule="JUnitAssertionsShouldIncludeMessage" ruleset="Best Practices" package="org.junit.tests.running.classes" class="IgnoreClassTest$IgnoreMe" method="iFailToo" externalInfoUrl="https://pmd.github.io/pmd/pmd_rules_java_bestpractices.html#junitassertionsshouldincludemessage" priority="3">
JUnit assertions should include a message
</violation>
<violation beginline="26" endline="30" begincolumn="12" endcolumn="5" rule="JUnitTestContainsTooManyAsserts" ruleset="Best Practices" package="org.junit.tests.running.classes" class="IgnoreClassTest" method="ignoreClass" externalInfoUrl="https://pmd.github.io/pmd/pmd_rules_java_bestpractices.html#junittestcontainstoomanyasserts" priority="3">
Unit tests should not contain more than 1 assert(s).
</violation>
<violation beginline="28" endline="28" begincolumn="9" endcolumn="20" rule="JUnitAssertionsShouldIncludeMessage" ruleset="Best Practices" package="org.junit.tests.running.classes" class="IgnoreClassTest" method="ignoreClass" externalInfoUrl="https://pmd.github.io/pmd/pmd_rules_java_bestpractices.html#junitassertionsshouldincludemessage" priority="3">
JUnit assertions should include a message
</violation>
<violation beginline="29" endline="29" begincolumn="9" endcolumn="20" rule="JUnitAssertionsShouldIncludeMessage" ruleset="Best Practices" package="org.junit.tests.running.classes" class="IgnoreClassTest" method="ignoreClass" externalInfoUrl="https://pmd.github.io/pmd/pmd_rules_java_bestpractices.html#junitassertionsshouldincludemessage" priority="3">
JUnit assertions should include a message
</violation>
</file>
<file name="C:\Users\Deyan\Downloads\junit4-r4.13.2\src\test\java\org\junit\tests\running\classes\ParameterizedTestTest.java">
<violation beginline="1" endline="809" begincolumn="1" endcolumn="2" rule="TooManyStaticImports" ruleset="Code Style" package="org.junit.tests.running.classes" class="ParameterizedTestTest" externalInfoUrl="https://pmd.github.io/pmd/pmd_rules_java_codestyle.html#toomanystaticimports" priority="3">
Too many static imports may lead to messy code
</violation>
<violation beginline="45" endline="45" begincolumn="20" endcolumn="32" rule="UnnecessaryFullyQualifiedName" ruleset="Code Style" package="org.junit.tests.running.classes" class="ParameterizedTestTest$AdditionTest" method="data" externalInfoUrl="https://pmd.github.io/pmd/pmd_rules_java_codestyle.html#unnecessaryfullyqualifiedname" priority="4">
Unnecessary use of fully qualified name 'Arrays.asList' due to existing static import 'java.util.Arrays.asList'
</violation>
<violation beginline="49" endline="49" begincolumn="17" endcolumn="33" rule="FieldDeclarationsShouldBeAtStartOfClass" ruleset="Code Style" package="org.junit.tests.running.classes" class="ParameterizedTestTest$AdditionTest" variable="VariableDeclaratorId" externalInfoUrl="https://pmd.github.io/pmd/pmd_rules_java_codestyle.html#fielddeclarationsshouldbeatstartofclass" priority="3">
Fields should be declared at the top of the class, before any method declarations, constructors, initializers or inner classes.
</violation>
<violation beginline="49" endline="49" begincolumn="21" endcolumn="32" rule="ImmutableField" ruleset="Design" package="org.junit.tests.running.classes" class="ParameterizedTestTest$AdditionTest" variable="firstSummand" externalInfoUrl="https://pmd.github.io/pmd/pmd_rules_java_design.html#immutablefield" priority="3">
Private field 'firstSummand' could be made final; it is only initialized in the declaration or constructor.
</violation>
<violation beginline="51" endline="51" begincolumn="17" endcolumn="34" rule="FieldDeclarationsShouldBeAtStartOfClass" ruleset="Code Style" package="org.junit.tests.running.classes" class="ParameterizedTestTest$AdditionTest" variable="VariableDeclaratorId" externalInfoUrl="https://pmd.github.io/pmd/pmd_rules_java_codestyle.html#fielddeclarationsshouldbeatstartofclass" priority="3">
Fields should be declared at the top of the class, before any method declarations, constructors, initializers or inner classes.
</violation>
<violation beginline="51" endline="51" begincolumn="21" endcolumn="33" rule="ImmutableField" ruleset="Design" package="org.junit.tests.running.classes" class="ParameterizedTestTest$AdditionTest" variable="secondSummand" externalInfoUrl="https://pmd.github.io/pmd/pmd_rules_java_design.html#immutablefield" priority="3">
Private field 'secondSummand' could be made final; it is only initialized in the declaration or constructor.
</violation>
<violation beginline="53" endline="53" begincolumn="17" endcolumn="24" rule="FieldDeclarationsShouldBeAtStartOfClass" ruleset="Code Style" package="org.junit.tests.running.classes" class="ParameterizedTestTest$AdditionTest" variable="VariableDeclaratorId" externalInfoUrl="https://pmd.github.io/pmd/pmd_rules_java_codestyle.html#fielddeclarationsshouldbeatstartofclass" priority="3">
Fields should be declared at the top of the class, before any method declarations, constructors, initializers or inner classes.
</violation>
<violation beginline="53" endline="53" begincolumn="21" endcolumn="23" rule="ImmutableField" ruleset="Design" package="org.junit.tests.running.classes" class="ParameterizedTestTest$AdditionTest" variable="sum" externalInfoUrl="https://pmd.github.io/pmd/pmd_rules_java_design.html#immutablefield" priority="3">
Private field 'sum' could be made final; it is only initialized in the declaration or constructor.
</violation>
<violation beginline="63" endline="63" begincolumn="13" endcolumn="24" rule="JUnitAssertionsShouldIncludeMessage" ruleset="Best Practices" package="org.junit.tests.running.classes" class="ParameterizedTestTest$AdditionTest" method="test" externalInfoUrl="https://pmd.github.io/pmd/pmd_rules_java_bestpractices.html#junitassertionsshouldincludemessage" priority="3">
JUnit assertions should include a message
</violation>
<violation beginline="70" endline="70" begincolumn="9" endcolumn="20" rule="JUnitAssertionsShouldIncludeMessage" ruleset="Best Practices" package="org.junit.tests.running.classes" class="ParameterizedTestTest" method="countsRuns" externalInfoUrl="https://pmd.github.io/pmd/pmd_rules_java_bestpractices.html#junitassertionsshouldincludemessage" priority="3">
JUnit assertions should include a message
</violation>
<violation beginline="74" endline="74" begincolumn="41" endcolumn="49" rule="SignatureDeclareThrowsException" ruleset="Design" package="org.junit.tests.running.classes" class="ParameterizedTestTest" method="countBeforeRun" externalInfoUrl="https://pmd.github.io/pmd/pmd_rules_java_design.html#signaturedeclarethrowsexception" priority="3">
A method/constructor should not explicitly throw java.lang.Exception
</violation>
<violation beginline="76" endline="76" begincolumn="9" endcolumn="20" rule="JUnitAssertionsShouldIncludeMessage" ruleset="Best Practices" package="org.junit.tests.running.classes" class="ParameterizedTestTest" method="countBeforeRun" externalInfoUrl="https://pmd.github.io/pmd/pmd_rules_java_bestpractices.html#junitassertionsshouldincludemessage" priority="3">
JUnit assertions should include a message
</violation>
<violation beginline="80" endline="80" begincolumn="46" endcolumn="54" rule="SignatureDeclareThrowsException" ruleset="Design" package="org.junit.tests.running.classes" class="ParameterizedTestTest" method="plansNamedCorrectly" externalInfoUrl="https://pmd.github.io/pmd/pmd_rules_java_design.html#signaturedeclarethrowsexception" priority="3">
A method/constructor should not explicitly throw java.lang.Exception
</violation>
<violation beginline="83" endline="83" begincolumn="9" endcolumn="20" rule="JUnitAssertionsShouldIncludeMessage" ruleset="Best Practices" package="org.junit.tests.running.classes" class="ParameterizedTestTest" method="plansNamedCorrectly" externalInfoUrl="https://pmd.github.io/pmd/pmd_rules_java_bestpractices.html#junitassertionsshouldincludemessage" priority="3">
JUnit assertions should include a message
</violation>
<violation beginline="91" endline="91" begincolumn="20" endcolumn="32" rule="UnnecessaryFullyQualifiedName" ruleset="Code Style" package="org.junit.tests.running.classes" class="ParameterizedTestTest$ThreeFailures" method="data" externalInfoUrl="https://pmd.github.io/pmd/pmd_rules_java_codestyle.html#unnecessaryfullyqualifiedname" priority="4">
Unnecessary use of fully qualified name 'Arrays.asList' due to existing static import 'java.util.Arrays.asList'
</violation>
<violation beginline="95" endline="95" begincolumn="16" endcolumn="26" rule="FieldDeclarationsShouldBeAtStartOfClass" ruleset="Code Style" package="org.junit.tests.running.classes" class="ParameterizedTestTest$ThreeFailures" variable="VariableDeclaratorId" externalInfoUrl="https://pmd.github.io/pmd/pmd_rules_java_codestyle.html#fielddeclarationsshouldbeatstartofclass" priority="3">
Fields should be declared at the top of the class, before any method declarations, constructors, initializers or inner classes.
</violation>
<violation beginline="99" endline="99" begincolumn="13" endcolumn="16" rule="JUnitAssertionsShouldIncludeMessage" ruleset="Best Practices" package="org.junit.tests.running.classes" class="ParameterizedTestTest$ThreeFailures" method="testSomething" externalInfoUrl="https://pmd.github.io/pmd/pmd_rules_java_bestpractices.html#junitassertionsshouldincludemessage" priority="3">
JUnit assertions should include a message
</violation>
<violation beginline="104" endline="104" begincolumn="41" endcolumn="49" rule="SignatureDeclareThrowsException" ruleset="Design" package="org.junit.tests.running.classes" class="ParameterizedTestTest" method="countsFailures" externalInfoUrl="https://pmd.github.io/pmd/pmd_rules_java_design.html#signaturedeclarethrowsexception" priority="3">
A method/constructor should not explicitly throw java.lang.Exception
</violation>
<violation beginline="106" endline="106" begincolumn="9" endcolumn="20" rule="JUnitAssertionsShouldIncludeMessage" ruleset="Best Practices" package="org.junit.tests.running.classes" class="ParameterizedTestTest" method="countsFailures" externalInfoUrl="https://pmd.github.io/pmd/pmd_rules_java_bestpractices.html#junitassertionsshouldincludemessage" priority="3">
JUnit assertions should include a message
</violation>
<violation beginline="112" endline="112" begincolumn="9" endcolumn="20" rule="JUnitAssertionsShouldIncludeMessage" ruleset="Best Practices" package="org.junit.tests.running.classes" class="ParameterizedTestTest" method="failuresNamedCorrectly" externalInfoUrl="https://pmd.github.io/pmd/pmd_rules_java_bestpractices.html#junitassertionsshouldincludemessage" priority="3">
JUnit assertions should include a message
</violation>
<violation beginline="121" endline="121" begincolumn="20" endcolumn="32" rule="UnnecessaryFullyQualifiedName" ruleset="Code Style" package="org.junit.tests.running.classes" class="ParameterizedTestTest$ParameterizedWithoutSpecialTestname" method="data" externalInfoUrl="https://pmd.github.io/pmd/pmd_rules_java_codestyle.html#unnecessaryfullyqualifiedname" priority="4">
Unnecessary use of fully qualified name 'Arrays.asList' due to existing static import 'java.util.Arrays.asList'
</violation>
<violation beginline="124" endline="125" begincolumn="16" endcolumn="9" rule="UncommentedEmptyConstructor" ruleset="Documentation" package="org.junit.tests.running.classes" class="ParameterizedTestTest$ParameterizedWithoutSpecialTestname" method="ParameterizedWithoutSpecialTestname" externalInfoUrl="https://pmd.github.io/pmd/pmd_rules_java_documentation.html#uncommentedemptyconstructor" priority="3">
Document empty constructor
</violation>
<violation beginline="128" endline="129" begincolumn="37" endcolumn="9" rule="UncommentedEmptyMethodBody" ruleset="Documentation" package="org.junit.tests.running.classes" class="ParameterizedTestTest$ParameterizedWithoutSpecialTestname" method="testSomething" externalInfoUrl="https://pmd.github.io/pmd/pmd_rules_java_documentation.html#uncommentedemptymethodbody" priority="3">
Document empty method body
</violation>
<violation beginline="128" endline="129" begincolumn="16" endcolumn="9" rule="JUnitTestsShouldIncludeAssert" ruleset="Best Practices" package="org.junit.tests.running.classes" class="ParameterizedTestTest$ParameterizedWithoutSpecialTestname" method="testSomething" externalInfoUrl="https://pmd.github.io/pmd/pmd_rules_java_bestpractices.html#junittestsshouldincludeassert" priority="3">
JUnit tests should include assert() or fail()
</violation>
<violation beginline="137" endline="137" begincolumn="9" endcolumn="20" rule="JUnitAssertionsShouldIncludeMessage" ruleset="Best Practices" package="org.junit.tests.running.classes" class="ParameterizedTestTest" method="usesIndexAsTestName" externalInfoUrl="https://pmd.github.io/pmd/pmd_rules_java_bestpractices.html#junitassertionsshouldincludemessage" priority="3">
JUnit assertions should include a message
</violation>
<violation beginline="144" endline="144" begincolumn="20" endcolumn="32" rule="UnnecessaryFullyQualifiedName" ruleset="Code Style" package="org.junit.tests.running.classes" class="ParameterizedTestTest$AdditionTestWithAnnotatedFields" method="data" externalInfoUrl="https://pmd.github.io/pmd/pmd_rules_java_codestyle.html#unnecessaryfullyqualifiedname" priority="4">
Unnecessary use of fully qualified name 'Arrays.asList' due to existing static import 'java.util.Arrays.asList'
</violation>
<violation beginline="149" endline="149" begincolumn="16" endcolumn="32" rule="FieldDeclarationsShouldBeAtStartOfClass" ruleset="Code Style" package="org.junit.tests.running.classes" class="ParameterizedTestTest$AdditionTestWithAnnotatedFields" variable="VariableDeclaratorId" externalInfoUrl="https://pmd.github.io/pmd/pmd_rules_java_codestyle.html#fielddeclarationsshouldbeatstartofclass" priority="3">
Fields should be declared at the top of the class, before any method declarations, constructors, initializers or inner classes.
</violation>
<violation beginline="152" endline="152" begincolumn="16" endcolumn="33" rule="FieldDeclarationsShouldBeAtStartOfClass" ruleset="Code Style" package="org.junit.tests.running.classes" class="ParameterizedTestTest$AdditionTestWithAnnotatedFields" variable="VariableDeclaratorId" externalInfoUrl="https://pmd.github.io/pmd/pmd_rules_java_codestyle.html#fielddeclarationsshouldbeatstartofclass" priority="3">
Fields should be declared at the top of the class, before any method declarations, constructors, initializers or inner classes.
</violation>
<violation beginline="155" endline="155" begincolumn="16" endcolumn="23" rule="FieldDeclarationsShouldBeAtStartOfClass" ruleset="Code Style" package="org.junit.tests.running.classes" class="ParameterizedTestTest$AdditionTestWithAnnotatedFields" variable="VariableDeclaratorId" externalInfoUrl="https://pmd.github.io/pmd/pmd_rules_java_codestyle.html#fielddeclarationsshouldbeatstartofclass" priority="3">
Fields should be declared at the top of the class, before any method declarations, constructors, initializers or inner classes.
</violation>
<violation beginline="159" endline="159" begincolumn="13" endcolumn="24" rule="JUnitAssertionsShouldIncludeMessage" ruleset="Best Practices" package="org.junit.tests.running.classes" class="ParameterizedTestTest$AdditionTestWithAnnotatedFields" method="test" externalInfoUrl="https://pmd.github.io/pmd/pmd_rules_java_bestpractices.html#junitassertionsshouldincludemessage" priority="3">
JUnit assertions should include a message
</violation>
<violation beginline="164" endline="168" begincolumn="12" endcolumn="5" rule="JUnitTestContainsTooManyAsserts" ruleset="Best Practices" package="org.junit.tests.running.classes" class="ParameterizedTestTest" method="providesDataByAnnotatedFields" externalInfoUrl="https://pmd.github.io/pmd/pmd_rules_java_bestpractices.html#junittestcontainstoomanyasserts" priority="3">
Unit tests should not contain more than 1 assert(s).
</violation>
<violation beginline="166" endline="166" begincolumn="9" endcolumn="20" rule="JUnitAssertionsShouldIncludeMessage" ruleset="Best Practices" package="org.junit.tests.running.classes" class="ParameterizedTestTest" method="providesDataByAnnotatedFields" externalInfoUrl="https://pmd.github.io/pmd/pmd_rules_java_bestpractices.html#junitassertionsshouldincludemessage" priority="3">
JUnit assertions should include a message
</violation>
<violation beginline="167" endline="167" begincolumn="9" endcolumn="20" rule="JUnitAssertionsShouldIncludeMessage" ruleset="Best Practices" package="org.junit.tests.running.classes" class="ParameterizedTestTest" method="providesDataByAnnotatedFields" externalInfoUrl="https://pmd.github.io/pmd/pmd_rules_java_bestpractices.html#junitassertionsshouldincludemessage" priority="3">
JUnit assertions should include a message
</violation>
<violation beginline="174" endline="174" begincolumn="20" endcolumn="32" rule="UnnecessaryFullyQualifiedName" ruleset="Code Style" package="org.junit.tests.running.classes" class="ParameterizedTestTest$BadIndexForAnnotatedFieldTest" method="data" externalInfoUrl="https://pmd.github.io/pmd/pmd_rules_java_codestyle.html#unnecessaryfullyqualifiedname" priority="4">
Unnecessary use of fully qualified name 'Arrays.asList' due to existing static import 'java.util.Arrays.asList'
</violation>
<violation beginline="178" endline="178" begincolumn="16" endcolumn="26" rule="FieldDeclarationsShouldBeAtStartOfClass" ruleset="Code Style" package="org.junit.tests.running.classes" class="ParameterizedTestTest$BadIndexForAnnotatedFieldTest" variable="VariableDeclaratorId" externalInfoUrl="https://pmd.github.io/pmd/pmd_rules_java_codestyle.html#fielddeclarationsshouldbeatstartofclass" priority="3">
Fields should be declared at the top of the class, before any method declarations, constructors, initializers or inner classes.
</violation>
<violation beginline="180" endline="180" begincolumn="16" endcolumn="29" rule="FieldDeclarationsShouldBeAtStartOfClass" ruleset="Code Style" package="org.junit.tests.running.classes" class="ParameterizedTestTest$BadIndexForAnnotatedFieldTest" variable="VariableDeclaratorId" externalInfoUrl="https://pmd.github.io/pmd/pmd_rules_java_codestyle.html#fielddeclarationsshouldbeatstartofclass" priority="3">
Fields should be declared at the top of the class, before any method declarations, constructors, initializers or inner classes.
</violation>
<violation beginline="184" endline="184" begincolumn="13" endcolumn="24" rule="JUnitAssertionsShouldIncludeMessage" ruleset="Best Practices" package="org.junit.tests.running.classes" class="ParameterizedTestTest$BadIndexForAnnotatedFieldTest" method="test" externalInfoUrl="https://pmd.github.io/pmd/pmd_rules_java_bestpractices.html#junitassertionsshouldincludemessage" priority="3">
JUnit assertions should include a message
</violation>
<violation beginline="193" endline="200" begincolumn="12" endcolumn="5" rule="JUnitTestContainsTooManyAsserts" ruleset="Best Practices" package="org.junit.tests.running.classes" class="ParameterizedTestTest" method="failureOnInitialization" externalInfoUrl="https://pmd.github.io/pmd/pmd_rules_java_bestpractices.html#junittestcontainstoomanyasserts" priority="3">
Unit tests should not contain more than 1 assert(s).
</violation>
<violation beginline="195" endline="195" begincolumn="9" endcolumn="20" rule="JUnitAssertionsShouldIncludeMessage" ruleset="Best Practices" package="org.junit.tests.running.classes" class="ParameterizedTestTest" method="failureOnInitialization" externalInfoUrl="https://pmd.github.io/pmd/pmd_rules_java_bestpractices.html#junitassertionsshouldincludemessage" priority="3">
JUnit assertions should include a message
</violation>
<violation beginline="197" endline="197" begincolumn="9" endcolumn="18" rule="JUnitAssertionsShouldIncludeMessage" ruleset="Best Practices" package="org.junit.tests.running.classes" class="ParameterizedTestTest" method="failureOnInitialization" externalInfoUrl="https://pmd.github.io/pmd/pmd_rules_java_bestpractices.html#junitassertionsshouldincludemessage" priority="3">
JUnit assertions should include a message
</violation>
<violation beginline="206" endline="206" begincolumn="20" endcolumn="32" rule="UnnecessaryFullyQualifiedName" ruleset="Code Style" package="org.junit.tests.running.classes" class="ParameterizedTestTest$BadNumberOfAnnotatedFieldTest" method="data" externalInfoUrl="https://pmd.github.io/pmd/pmd_rules_java_codestyle.html#unnecessaryfullyqualifiedname" priority="4">
Unnecessary use of fully qualified name 'Arrays.asList' due to existing static import 'java.util.Arrays.asList'
</violation>
<violation beginline="210" endline="210" begincolumn="16" endcolumn="26" rule="FieldDeclarationsShouldBeAtStartOfClass" ruleset="Code Style" package="org.junit.tests.running.classes" class="ParameterizedTestTest$BadNumberOfAnnotatedFieldTest" variable="VariableDeclaratorId" externalInfoUrl="https://pmd.github.io/pmd/pmd_rules_java_codestyle.html#fielddeclarationsshouldbeatstartofclass" priority="3">
Fields should be declared at the top of the class, before any method declarations, constructors, initializers or inner classes.
</violation>
<violation beginline="212" endline="212" begincolumn="16" endcolumn="29" rule="FieldDeclarationsShouldBeAtStartOfClass" ruleset="Code Style" package="org.junit.tests.running.classes" class="ParameterizedTestTest$BadNumberOfAnnotatedFieldTest" variable="VariableDeclaratorId" externalInfoUrl="https://pmd.github.io/pmd/pmd_rules_java_codestyle.html#fielddeclarationsshouldbeatstartofclass" priority="3">
Fields should be declared at the top of the class, before any method declarations, constructors, initializers or inner classes.
</violation>
<violation beginline="216" endline="216" begincolumn="13" endcolumn="24" rule="JUnitAssertionsShouldIncludeMessage" ruleset="Best Practices" package="org.junit.tests.running.classes" class="ParameterizedTestTest$BadNumberOfAnnotatedFieldTest" method="test" externalInfoUrl="https://pmd.github.io/pmd/pmd_rules_java_bestpractices.html#junitassertionsshouldincludemessage" priority="3">
JUnit assertions should include a message
</violation>
<violation beginline="225" endline="230" begincolumn="12" endcolumn="5" rule="JUnitTestContainsTooManyAsserts" ruleset="Best Practices" package="org.junit.tests.running.classes" class="ParameterizedTestTest" method="numberOfFieldsAndParametersShouldMatch" externalInfoUrl="https://pmd.github.io/pmd/pmd_rules_java_bestpractices.html#junittestcontainstoomanyasserts" priority="3">
Unit tests should not contain more than 1 assert(s).
</violation>
<violation beginline="227" endline="227" begincolumn="9" endcolumn="20" rule="JUnitAssertionsShouldIncludeMessage" ruleset="Best Practices" package="org.junit.tests.running.classes" class="ParameterizedTestTest" method="numberOfFieldsAndParametersShouldMatch" externalInfoUrl="https://pmd.github.io/pmd/pmd_rules_java_bestpractices.html#junitassertionsshouldincludemessage" priority="3">
JUnit assertions should include a message
</violation>
<violation beginline="229" endline="229" begincolumn="9" endcolumn="18" rule="JUnitAssertionsShouldIncludeMessage" ruleset="Best Practices" package="org.junit.tests.running.classes" class="ParameterizedTestTest" method="numberOfFieldsAndParametersShouldMatch" externalInfoUrl="https://pmd.github.io/pmd/pmd_rules_java_bestpractices.html#junitassertionsshouldincludemessage" priority="3">
JUnit assertions should include a message
</violation>
<violation beginline="232" endline="232" begincolumn="20" endcolumn="31" rule="FieldDeclarationsShouldBeAtStartOfClass" ruleset="Code Style" package="org.junit.tests.running.classes" class="ParameterizedTestTest" variable="VariableDeclaratorId" externalInfoUrl="https://pmd.github.io/pmd/pmd_rules_java_codestyle.html#fielddeclarationsshouldbeatstartofclass" priority="3">
Fields should be declared at the top of the class, before any method declarations, constructors, initializers or inner classes.
</violation>
<violation beginline="246" endline="248" begincolumn="16" endcolumn="9" rule="UncommentedEmptyConstructor" ruleset="Documentation" package="org.junit.tests.running.classes" class="ParameterizedTestTest$BeforeAndAfter" method="BeforeAndAfter" externalInfoUrl="https://pmd.github.io/pmd/pmd_rules_java_documentation.html#uncommentedemptyconstructor" priority="3">
Document empty constructor
</violation>
<violation beginline="252" endline="252" begincolumn="20" endcolumn="32" rule="UnnecessaryFullyQualifiedName" ruleset="Code Style" package="org.junit.tests.running.classes" class="ParameterizedTestTest$BeforeAndAfter" method="data" externalInfoUrl="https://pmd.github.io/pmd/pmd_rules_java_codestyle.html#unnecessaryfullyqualifiedname" priority="4">
Unnecessary use of fully qualified name 'Arrays.asList' due to existing static import 'java.util.Arrays.asList'
</violation>
<violation beginline="256" endline="257" begincolumn="29" endcolumn="9" rule="UncommentedEmptyMethodBody" ruleset="Documentation" package="org.junit.tests.running.classes" class="ParameterizedTestTest$BeforeAndAfter" method="aTest" externalInfoUrl="https://pmd.github.io/pmd/pmd_rules_java_documentation.html#uncommentedemptymethodbody" priority="3">
Document empty method body
</violation>
<violation beginline="256" endline="257" begincolumn="16" endcolumn="9" rule="JUnitTestsShouldIncludeAssert" ruleset="Best Practices" package="org.junit.tests.running.classes" class="ParameterizedTestTest$BeforeAndAfter" method="aTest" externalInfoUrl="https://pmd.github.io/pmd/pmd_rules_java_bestpractices.html#junittestsshouldincludeassert" priority="3">
JUnit tests should include assert() or fail()
</violation>
<violation beginline="264" endline="264" begincolumn="9" endcolumn="20" rule="JUnitAssertionsShouldIncludeMessage" ruleset="Best Practices" package="org.junit.tests.running.classes" class="ParameterizedTestTest" method="beforeAndAfterClassAreRun" externalInfoUrl="https://pmd.github.io/pmd/pmd_rules_java_bestpractices.html#junitassertionsshouldincludemessage" priority="3">
JUnit assertions should include a message
</violation>
<violation beginline="290" endline="290" begincolumn="23" endcolumn="31" rule="FieldDeclarationsShouldBeAtStartOfClass" ruleset="Code Style" package="org.junit.tests.running.classes" class="ParameterizedTestTest$BeforeParamAndAfterParam" variable="VariableDeclaratorId" externalInfoUrl="https://pmd.github.io/pmd/pmd_rules_java_codestyle.html#fielddeclarationsshouldbeatstartofclass" priority="3">
Fields should be declared at the top of the class, before any method declarations, constructors, initializers or inner classes.
</violation>
<violation beginline="298" endline="298" begincolumn="20" endcolumn="32" rule="UnnecessaryFullyQualifiedName" ruleset="Code Style" package="org.junit.tests.running.classes" class="ParameterizedTestTest$BeforeParamAndAfterParam" method="data" externalInfoUrl="https://pmd.github.io/pmd/pmd_rules_java_codestyle.html#unnecessaryfullyqualifiedname" priority="4">
Unnecessary use of fully qualified name 'Arrays.asList' due to existing static import 'java.util.Arrays.asList'
</violation>
<violation beginline="302" endline="304" begincolumn="16" endcolumn="9" rule="JUnitTestsShouldIncludeAssert" ruleset="Best Practices" package="org.junit.tests.running.classes" class="ParameterizedTestTest$BeforeParamAndAfterParam" method="first" externalInfoUrl="https://pmd.github.io/pmd/pmd_rules_java_bestpractices.html#junittestsshouldincludeassert" priority="3">
JUnit tests should include assert() or fail()
</violation>
<violation beginline="307" endline="309" begincolumn="16" endcolumn="9" rule="JUnitTestsShouldIncludeAssert" ruleset="Best Practices" package="org.junit.tests.running.classes" class="ParameterizedTestTest$BeforeParamAndAfterParam" method="second" externalInfoUrl="https://pmd.github.io/pmd/pmd_rules_java_bestpractices.html#junittestsshouldincludeassert" priority="3">
JUnit tests should include assert() or fail()
</violation>
<violation beginline="313" endline="319" begincolumn="12" endcolumn="5" rule="JUnitTestContainsTooManyAsserts" ruleset="Best Practices" package="org.junit.tests.running.classes" class="ParameterizedTestTest" method="beforeParamAndAfterParamAreRun" externalInfoUrl="https://pmd.github.io/pmd/pmd_rules_java_bestpractices.html#junittestcontainstoomanyasserts" priority="3">
Unit tests should not contain more than 1 assert(s).
</violation>
<violation beginline="316" endline="316" begincolumn="9" endcolumn="20" rule="JUnitAssertionsShouldIncludeMessage" ruleset="Best Practices" package="org.junit.tests.running.classes" class="ParameterizedTestTest" method="beforeParamAndAfterParamAreRun" externalInfoUrl="https://pmd.github.io/pmd/pmd_rules_java_bestpractices.html#junitassertionsshouldincludemessage" priority="3">
JUnit assertions should include a message
</violation>
<violation beginline="317" endline="317" begincolumn="9" endcolumn="20" rule="JUnitAssertionsShouldIncludeMessage" ruleset="Best Practices" package="org.junit.tests.running.classes" class="ParameterizedTestTest" method="beforeParamAndAfterParamAreRun" externalInfoUrl="https://pmd.github.io/pmd/pmd_rules_java_bestpractices.html#junitassertionsshouldincludemessage" priority="3">
JUnit assertions should include a message
</violation>
<violation beginline="344" endline="344" begincolumn="23" endcolumn="31" rule="FieldDeclarationsShouldBeAtStartOfClass" ruleset="Code Style" package="org.junit.tests.running.classes" class="ParameterizedTestTest$MultipleBeforeParamAndAfterParam" variable="VariableDeclaratorId" externalInfoUrl="https://pmd.github.io/pmd/pmd_rules_java_codestyle.html#fielddeclarationsshouldbeatstartofclass" priority="3">
Fields should be declared at the top of the class, before any method declarations, constructors, initializers or inner classes.
</violation>
<violation beginline="352" endline="352" begincolumn="20" endcolumn="32" rule="UnnecessaryFullyQualifiedName" ruleset="Code Style" package="org.junit.tests.running.classes" class="ParameterizedTestTest$MultipleBeforeParamAndAfterParam" method="data" externalInfoUrl="https://pmd.github.io/pmd/pmd_rules_java_codestyle.html#unnecessaryfullyqualifiedname" priority="4">
Unnecessary use of fully qualified name 'Arrays.asList' due to existing static import 'java.util.Arrays.asList'
</violation>
<violation beginline="356" endline="358" begincolumn="16" endcolumn="9" rule="JUnitTestsShouldIncludeAssert" ruleset="Best Practices" package="org.junit.tests.running.classes" class="ParameterizedTestTest$MultipleBeforeParamAndAfterParam" method="first" externalInfoUrl="https://pmd.github.io/pmd/pmd_rules_java_bestpractices.html#junittestsshouldincludeassert" priority="3">
JUnit tests should include assert() or fail()
</violation>
<violation beginline="361" endline="363" begincolumn="16" endcolumn="9" rule="JUnitTestsShouldIncludeAssert" ruleset="Best Practices" package="org.junit.tests.running.classes" class="ParameterizedTestTest$MultipleBeforeParamAndAfterParam" method="second" externalInfoUrl="https://pmd.github.io/pmd/pmd_rules_java_bestpractices.html#junittestsshouldincludeassert" priority="3">
JUnit tests should include assert() or fail()
</violation>
<violation beginline="367" endline="373" begincolumn="12" endcolumn="5" rule="JUnitTestContainsTooManyAsserts" ruleset="Best Practices" package="org.junit.tests.running.classes" class="ParameterizedTestTest" method="multipleBeforeParamAndAfterParamAreRun" externalInfoUrl="https://pmd.github.io/pmd/pmd_rules_java_bestpractices.html#junittestcontainstoomanyasserts" priority="3">
Unit tests should not contain more than 1 assert(s).
</violation>
<violation beginline="370" endline="370" begincolumn="9" endcolumn="20" rule="JUnitAssertionsShouldIncludeMessage" ruleset="Best Practices" package="org.junit.tests.running.classes" class="ParameterizedTestTest" method="multipleBeforeParamAndAfterParamAreRun" externalInfoUrl="https://pmd.github.io/pmd/pmd_rules_java_bestpractices.html#junitassertionsshouldincludemessage" priority="3">
JUnit assertions should include a message
</violation>
<violation beginline="371" endline="371" begincolumn="9" endcolumn="20" rule="JUnitAssertionsShouldIncludeMessage" ruleset="Best Practices" package="org.junit.tests.running.classes" class="ParameterizedTestTest" method="multipleBeforeParamAndAfterParamAreRun" externalInfoUrl="https://pmd.github.io/pmd/pmd_rules_java_bestpractices.html#junitassertionsshouldincludemessage" priority="3">
JUnit assertions should include a message
</violation>
<violation beginline="388" endline="388" begincolumn="23" endcolumn="31" rule="FieldDeclarationsShouldBeAtStartOfClass" ruleset="Code Style" package="org.junit.tests.running.classes" class="ParameterizedTestTest$MultipleParametersBeforeParamAndAfterParam" variable="VariableDeclaratorId" externalInfoUrl="https://pmd.github.io/pmd/pmd_rules_java_codestyle.html#fielddeclarationsshouldbeatstartofclass" priority="3">
Fields should be declared at the top of the class, before any method declarations, constructors, initializers or inner classes.
</violation>
<violation beginline="389" endline="389" begincolumn="23" endcolumn="28" rule="FieldDeclarationsShouldBeAtStartOfClass" ruleset="Code Style" package="org.junit.tests.running.classes" class="ParameterizedTestTest$MultipleParametersBeforeParamAndAfterParam" variable="VariableDeclaratorId" externalInfoUrl="https://pmd.github.io/pmd/pmd_rules_java_codestyle.html#fielddeclarationsshouldbeatstartofclass" priority="3">
Fields should be declared at the top of the class, before any method declarations, constructors, initializers or inner classes.
</violation>
<violation beginline="398" endline="398" begincolumn="20" endcolumn="32" rule="UnnecessaryFullyQualifiedName" ruleset="Code Style" package="org.junit.tests.running.classes" class="ParameterizedTestTest$MultipleParametersBeforeParamAndAfterParam" method="data" externalInfoUrl="https://pmd.github.io/pmd/pmd_rules_java_codestyle.html#unnecessaryfullyqualifiedname" priority="4">
Unnecessary use of fully qualified name 'Arrays.asList' due to existing static import 'java.util.Arrays.asList'
</violation>
<violation beginline="402" endline="404" begincolumn="16" endcolumn="9" rule="JUnitTestsShouldIncludeAssert" ruleset="Best Practices" package="org.junit.tests.running.classes" class="ParameterizedTestTest$MultipleParametersBeforeParamAndAfterParam" method="first" externalInfoUrl="https://pmd.github.io/pmd/pmd_rules_java_bestpractices.html#junittestsshouldincludeassert" priority="3">
JUnit tests should include assert() or fail()
</violation>
<violation beginline="407" endline="409" begincolumn="16" endcolumn="9" rule="JUnitTestsShouldIncludeAssert" ruleset="Best Practices" package="org.junit.tests.running.classes" class="ParameterizedTestTest$MultipleParametersBeforeParamAndAfterParam" method="second" externalInfoUrl="https://pmd.github.io/pmd/pmd_rules_java_bestpractices.html#junittestsshouldincludeassert" priority="3">
JUnit tests should include assert() or fail()
</violation>
<violation beginline="413" endline="419" begincolumn="12" endcolumn="5" rule="JUnitTestContainsTooManyAsserts" ruleset="Best Practices" package="org.junit.tests.running.classes" class="ParameterizedTestTest" method="multipleParametersBeforeParamAndAfterParamAreRun" externalInfoUrl="https://pmd.github.io/pmd/pmd_rules_java_bestpractices.html#junittestcontainstoomanyasserts" priority="3">
Unit tests should not contain more than 1 assert(s).
</violation>
<violation beginline="416" endline="416" begincolumn="9" endcolumn="20" rule="JUnitAssertionsShouldIncludeMessage" ruleset="Best Practices" package="org.junit.tests.running.classes" class="ParameterizedTestTest" method="multipleParametersBeforeParamAndAfterParamAreRun" externalInfoUrl="https://pmd.github.io/pmd/pmd_rules_java_bestpractices.html#junitassertionsshouldincludemessage" priority="3">
JUnit assertions should include a message
</violation>
<violation beginline="417" endline="417" begincolumn="9" endcolumn="20" rule="JUnitAssertionsShouldIncludeMessage" ruleset="Best Practices" package="org.junit.tests.running.classes" class="ParameterizedTestTest" method="multipleParametersBeforeParamAndAfterParamAreRun" externalInfoUrl="https://pmd.github.io/pmd/pmd_rules_java_bestpractices.html#junitassertionsshouldincludemessage" priority="3">
JUnit assertions should include a message
</violation>
<violation beginline="424" endline="425" begincolumn="43" endcolumn="9" rule="UncommentedEmptyMethodBody" ruleset="Documentation" package="org.junit.tests.running.classes" class="ParameterizedTestTest$BeforeParamAndAfterParamError" method="beforeParam" externalInfoUrl="https://pmd.github.io/pmd/pmd_rules_java_documentation.html#uncommentedemptymethodbody" priority="3">
Document empty method body
</violation>
<violation beginline="428" endline="429" begincolumn="42" endcolumn="9" rule="UncommentedEmptyMethodBody" ruleset="Documentation" package="org.junit.tests.running.classes" class="ParameterizedTestTest$BeforeParamAndAfterParamError" method="afterParam" externalInfoUrl="https://pmd.github.io/pmd/pmd_rules_java_documentation.html#uncommentedemptymethodbody" priority="3">
Document empty method body
</violation>
<violation beginline="431" endline="432" begincolumn="16" endcolumn="9" rule="UncommentedEmptyConstructor" ruleset="Documentation" package="org.junit.tests.running.classes" class="ParameterizedTestTest$BeforeParamAndAfterParamError" method="BeforeParamAndAfterParamError" externalInfoUrl="https://pmd.github.io/pmd/pmd_rules_java_documentation.html#uncommentedemptyconstructor" priority="3">
Document empty constructor
</violation>
<violation beginline="436" endline="436" begincolumn="20" endcolumn="32" rule="UnnecessaryFullyQualifiedName" ruleset="Code Style" package="org.junit.tests.running.classes" class="ParameterizedTestTest$BeforeParamAndAfterParamError" method="data" externalInfoUrl="https://pmd.github.io/pmd/pmd_rules_java_codestyle.html#unnecessaryfullyqualifiedname" priority="4">
Unnecessary use of fully qualified name 'Arrays.asList' due to existing static import 'java.util.Arrays.asList'
</violation>
<violation beginline="440" endline="441" begincolumn="28" endcolumn="9" rule="UncommentedEmptyMethodBody" ruleset="Documentation" package="org.junit.tests.running.classes" class="ParameterizedTestTest$BeforeParamAndAfterParamError" method="test" externalInfoUrl="https://pmd.github.io/pmd/pmd_rules_java_documentation.html#uncommentedemptymethodbody" priority="3">
Document empty method body
</violation>
<violation beginline="440" endline="441" begincolumn="16" endcolumn="9" rule="JUnitTestsShouldIncludeAssert" ruleset="Best Practices" package="org.junit.tests.running.classes" class="ParameterizedTestTest$BeforeParamAndAfterParamError" method="test" externalInfoUrl="https://pmd.github.io/pmd/pmd_rules_java_bestpractices.html#junittestsshouldincludeassert" priority="3">
JUnit tests should include assert() or fail()
</violation>
<violation beginline="445" endline="452" begincolumn="12" endcolumn="5" rule="JUnitTestContainsTooManyAsserts" ruleset="Best Practices" package="org.junit.tests.running.classes" class="ParameterizedTestTest" method="beforeParamAndAfterParamValidation" externalInfoUrl="https://pmd.github.io/pmd/pmd_rules_java_bestpractices.html#junittestcontainstoomanyasserts" priority="3">
Unit tests should not contain more than 1 assert(s).
</violation>
<violation beginline="448" endline="448" begincolumn="9" endcolumn="20" rule="JUnitAssertionsShouldIncludeMessage" ruleset="Best Practices" package="org.junit.tests.running.classes" class="ParameterizedTestTest" method="beforeParamAndAfterParamValidation" externalInfoUrl="https://pmd.github.io/pmd/pmd_rules_java_bestpractices.html#junitassertionsshouldincludemessage" priority="3">
JUnit assertions should include a message
</violation>
<violation beginline="450" endline="450" begincolumn="9" endcolumn="18" rule="JUnitAssertionsShouldIncludeMessage" ruleset="Best Practices" package="org.junit.tests.running.classes" class="ParameterizedTestTest" method="beforeParamAndAfterParamValidation" externalInfoUrl="https://pmd.github.io/pmd/pmd_rules_java_bestpractices.html#junitassertionsshouldincludemessage" priority="3">
JUnit assertions should include a message
</violation>
<violation beginline="451" endline="451" begincolumn="9" endcolumn="18" rule="JUnitAssertionsShouldIncludeMessage" ruleset="Best Practices" package="org.junit.tests.running.classes" class="ParameterizedTestTest" method="beforeParamAndAfterParamValidation" externalInfoUrl="https://pmd.github.io/pmd/pmd_rules_java_bestpractices.html#junitassertionsshouldincludemessage" priority="3">
JUnit assertions should include a message
</violation>
<violation beginline="457" endline="458" begincolumn="60" endcolumn="9" rule="UncommentedEmptyMethodBody" ruleset="Documentation" package="org.junit.tests.running.classes" class="ParameterizedTestTest$BeforeParamAndAfterParamErrorNumberOfParameters" method="beforeParam" externalInfoUrl="https://pmd.github.io/pmd/pmd_rules_java_documentation.html#uncommentedemptymethodbody" priority="3">
Document empty method body
</violation>
<violation beginline="461" endline="462" begincolumn="69" endcolumn="9" rule="UncommentedEmptyMethodBody" ruleset="Documentation" package="org.junit.tests.running.classes" class="ParameterizedTestTest$BeforeParamAndAfterParamErrorNumberOfParameters" method="afterParam" externalInfoUrl="https://pmd.github.io/pmd/pmd_rules_java_documentation.html#uncommentedemptymethodbody" priority="3">
Document empty method body
</violation>
<violation beginline="464" endline="465" begincolumn="16" endcolumn="9" rule="UncommentedEmptyConstructor" ruleset="Documentation" package="org.junit.tests.running.classes" class="ParameterizedTestTest$BeforeParamAndAfterParamErrorNumberOfParameters" method="BeforeParamAndAfterParamErrorNumberOfParameters" externalInfoUrl="https://pmd.github.io/pmd/pmd_rules_java_documentation.html#uncommentedemptyconstructor" priority="3">
Document empty constructor
</violation>
<violation beginline="469" endline="469" begincolumn="20" endcolumn="32" rule="UnnecessaryFullyQualifiedName" ruleset="Code Style" package="org.junit.tests.running.classes" class="ParameterizedTestTest$BeforeParamAndAfterParamErrorNumberOfParameters" method="data" externalInfoUrl="https://pmd.github.io/pmd/pmd_rules_java_codestyle.html#unnecessaryfullyqualifiedname" priority="4">
Unnecessary use of fully qualified name 'Arrays.asList' due to existing static import 'java.util.Arrays.asList'
</violation>
<violation beginline="473" endline="474" begincolumn="28" endcolumn="9" rule="UncommentedEmptyMethodBody" ruleset="Documentation" package="org.junit.tests.running.classes" class="ParameterizedTestTest$BeforeParamAndAfterParamErrorNumberOfParameters" method="test" externalInfoUrl="https://pmd.github.io/pmd/pmd_rules_java_documentation.html#uncommentedemptymethodbody" priority="3">
Document empty method body
</violation>
<violation beginline="473" endline="474" begincolumn="16" endcolumn="9" rule="JUnitTestsShouldIncludeAssert" ruleset="Best Practices" package="org.junit.tests.running.classes" class="ParameterizedTestTest$BeforeParamAndAfterParamErrorNumberOfParameters" method="test" externalInfoUrl="https://pmd.github.io/pmd/pmd_rules_java_bestpractices.html#junittestsshouldincludeassert" priority="3">
JUnit tests should include assert() or fail()
</violation>
<violation beginline="478" endline="487" begincolumn="12" endcolumn="5" rule="JUnitTestContainsTooManyAsserts" ruleset="Best Practices" package="org.junit.tests.running.classes" class="ParameterizedTestTest" method="beforeParamAndAfterParamValidationNumberOfParameters" externalInfoUrl="https://pmd.github.io/pmd/pmd_rules_java_bestpractices.html#junittestcontainstoomanyasserts" priority="3">
Unit tests should not contain more than 1 assert(s).
</violation>
<violation beginline="481" endline="481" begincolumn="9" endcolumn="20" rule="JUnitAssertionsShouldIncludeMessage" ruleset="Best Practices" package="org.junit.tests.running.classes" class="ParameterizedTestTest" method="beforeParamAndAfterParamValidationNumberOfParameters" externalInfoUrl="https://pmd.github.io/pmd/pmd_rules_java_bestpractices.html#junitassertionsshouldincludemessage" priority="3">
JUnit assertions should include a message
</violation>
<violation beginline="483" endline="483" begincolumn="9" endcolumn="18" rule="JUnitAssertionsShouldIncludeMessage" ruleset="Best Practices" package="org.junit.tests.running.classes" class="ParameterizedTestTest" method="beforeParamAndAfterParamValidationNumberOfParameters" externalInfoUrl="https://pmd.github.io/pmd/pmd_rules_java_bestpractices.html#junitassertionsshouldincludemessage" priority="3">
JUnit assertions should include a message
</violation>
<violation beginline="485" endline="485" begincolumn="9" endcolumn="18" rule="JUnitAssertionsShouldIncludeMessage" ruleset="Best Practices" package="org.junit.tests.running.classes" class="ParameterizedTestTest" method="beforeParamAndAfterParamValidationNumberOfParameters" externalInfoUrl="https://pmd.github.io/pmd/pmd_rules_java_bestpractices.html#junitassertionsshouldincludemessage" priority="3">
JUnit assertions should include a message
</violation>
<violation beginline="505" endline="505" begincolumn="9" endcolumn="20" rule="JUnitAssertionsShouldIncludeMessage" ruleset="Best Practices" package="org.junit.tests.running.classes" class="ParameterizedTestTest" method="validateClassCatchesNoParameters" externalInfoUrl="https://pmd.github.io/pmd/pmd_rules_java_bestpractices.html#junitassertionsshouldincludemessage" priority="3">
JUnit assertions should include a message
</violation>
<violation beginline="511" endline="513" begincolumn="16" endcolumn="9" rule="JUnitTestsShouldIncludeAssert" ruleset="Best Practices" package="org.junit.tests.running.classes" class="ParameterizedTestTest$IncorrectTest" method="test" externalInfoUrl="https://pmd.github.io/pmd/pmd_rules_java_bestpractices.html#junittestsshouldincludeassert" priority="3">
JUnit tests should include assert() or fail()
</violation>
<violation beginline="522" endline="522" begincolumn="56" endcolumn="64" rule="SignatureDeclareThrowsException" ruleset="Design" package="org.junit.tests.running.classes" class="ParameterizedTestTest" method="failuresAddedForBadTestMethod" externalInfoUrl="https://pmd.github.io/pmd/pmd_rules_java_design.html#signaturedeclarethrowsexception" priority="3">
A method/constructor should not explicitly throw java.lang.Exception
</violation>
<violation beginline="524" endline="524" begincolumn="9" endcolumn="20" rule="JUnitAssertionsShouldIncludeMessage" ruleset="Best Practices" package="org.junit.tests.running.classes" class="ParameterizedTestTest" method="failuresAddedForBadTestMethod" externalInfoUrl="https://pmd.github.io/pmd/pmd_rules_java_bestpractices.html#junitassertionsshouldincludemessage" priority="3">
JUnit assertions should include a message
</violation>
<violation beginline="535" endline="536" begincolumn="29" endcolumn="9" rule="UncommentedEmptyMethodBody" ruleset="Documentation" package="org.junit.tests.running.classes" class="ParameterizedTestTest$ProtectedParametersTest" method="aTest" externalInfoUrl="https://pmd.github.io/pmd/pmd_rules_java_documentation.html#uncommentedemptymethodbody" priority="3">
Document empty method body
</violation>
<violation beginline="535" endline="536" begincolumn="16" endcolumn="9" rule="JUnitTestsShouldIncludeAssert" ruleset="Best Practices" package="org.junit.tests.running.classes" class="ParameterizedTestTest$ProtectedParametersTest" method="aTest" externalInfoUrl="https://pmd.github.io/pmd/pmd_rules_java_bestpractices.html#junittestsshouldincludeassert" priority="3">
JUnit tests should include assert() or fail()
</violation>
<violation beginline="554" endline="555" begincolumn="29" endcolumn="9" rule="UncommentedEmptyMethodBody" ruleset="Documentation" package="org.junit.tests.running.classes" class="ParameterizedTestTest$ParametersNotIterable" method="aTest" externalInfoUrl="https://pmd.github.io/pmd/pmd_rules_java_documentation.html#uncommentedemptymethodbody" priority="3">
Document empty method body
</violation>
<violation beginline="554" endline="555" begincolumn="16" endcolumn="9" rule="JUnitTestsShouldIncludeAssert" ruleset="Best Practices" package="org.junit.tests.running.classes" class="ParameterizedTestTest$ParametersNotIterable" method="aTest" externalInfoUrl="https://pmd.github.io/pmd/pmd_rules_java_bestpractices.html#junittestsshouldincludeassert" priority="3">
JUnit tests should include assert() or fail()
</violation>
<violation beginline="560" endline="560" begincolumn="9" endcolumn="18" rule="JUnitAssertionsShouldIncludeMessage" ruleset="Best Practices" package="org.junit.tests.running.classes" class="ParameterizedTestTest" method="meaningfulFailureWhenParametersAreNotAnIterable" externalInfoUrl="https://pmd.github.io/pmd/pmd_rules_java_bestpractices.html#junitassertionsshouldincludemessage" priority="3">
JUnit assertions should include a message
</violation>
<violation beginline="573" endline="573" begincolumn="20" endcolumn="32" rule="UnnecessaryFullyQualifiedName" ruleset="Code Style" package="org.junit.tests.running.classes" class="ParameterizedTestTest$PrivateConstructor" method="data" externalInfoUrl="https://pmd.github.io/pmd/pmd_rules_java_codestyle.html#unnecessaryfullyqualifiedname" priority="4">
Unnecessary use of fully qualified name 'Arrays.asList' due to existing static import 'java.util.Arrays.asList'
</violation>
<violation beginline="577" endline="578" begincolumn="29" endcolumn="9" rule="UncommentedEmptyMethodBody" ruleset="Documentation" package="org.junit.tests.running.classes" class="ParameterizedTestTest$PrivateConstructor" method="aTest" externalInfoUrl="https://pmd.github.io/pmd/pmd_rules_java_documentation.html#uncommentedemptymethodbody" priority="3">
Document empty method body
</violation>
<violation beginline="577" endline="578" begincolumn="16" endcolumn="9" rule="JUnitTestsShouldIncludeAssert" ruleset="Best Practices" package="org.junit.tests.running.classes" class="ParameterizedTestTest$PrivateConstructor" method="aTest" externalInfoUrl="https://pmd.github.io/pmd/pmd_rules_java_bestpractices.html#junittestsshouldincludeassert" priority="3">
JUnit tests should include assert() or fail()
</violation>
<violation beginline="595" endline="595" begincolumn="16" endcolumn="32" rule="FieldDeclarationsShouldBeAtStartOfClass" ruleset="Code Style" package="org.junit.tests.running.classes" class="ParameterizedTestTest$AdditionTestWithArray" variable="VariableDeclaratorId" externalInfoUrl="https://pmd.github.io/pmd/pmd_rules_java_codestyle.html#fielddeclarationsshouldbeatstartofclass" priority="3">
Fields should be declared at the top of the class, before any method declarations, constructors, initializers or inner classes.
</violation>
<violation beginline="598" endline="598" begincolumn="16" endcolumn="33" rule="FieldDeclarationsShouldBeAtStartOfClass" ruleset="Code Style" package="org.junit.tests.running.classes" class="ParameterizedTestTest$AdditionTestWithArray" variable="VariableDeclaratorId" externalInfoUrl="https://pmd.github.io/pmd/pmd_rules_java_codestyle.html#fielddeclarationsshouldbeatstartofclass" priority="3">
Fields should be declared at the top of the class, before any method declarations, constructors, initializers or inner classes.
</violation>
<violation beginline="601" endline="601" begincolumn="16" endcolumn="23" rule="FieldDeclarationsShouldBeAtStartOfClass" ruleset="Code Style" package="org.junit.tests.running.classes" class="ParameterizedTestTest$AdditionTestWithArray" variable="VariableDeclaratorId" externalInfoUrl="https://pmd.github.io/pmd/pmd_rules_java_codestyle.html#fielddeclarationsshouldbeatstartofclass" priority="3">
Fields should be declared at the top of the class, before any method declarations, constructors, initializers or inner classes.
</violation>
<violation beginline="605" endline="605" begincolumn="13" endcolumn="24" rule="JUnitAssertionsShouldIncludeMessage" ruleset="Best Practices" package="org.junit.tests.running.classes" class="ParameterizedTestTest$AdditionTestWithArray" method="test" externalInfoUrl="https://pmd.github.io/pmd/pmd_rules_java_bestpractices.html#junitassertionsshouldincludemessage" priority="3">
JUnit assertions should include a message
</violation>
<violation beginline="612" endline="612" begincolumn="9" endcolumn="20" rule="JUnitAssertionsShouldIncludeMessage" ruleset="Best Practices" package="org.junit.tests.running.classes" class="ParameterizedTestTest" method="runsEveryTestOfArray" externalInfoUrl="https://pmd.github.io/pmd/pmd_rules_java_bestpractices.html#junitassertionsshouldincludemessage" priority="3">
JUnit assertions should include a message
</violation>
<violation beginline="622" endline="623" begincolumn="16" endcolumn="9" rule="UncommentedEmptyConstructor" ruleset="Documentation" package="org.junit.tests.running.classes" class="ParameterizedTestTest$SingleArgumentTestWithArray" method="SingleArgumentTestWithArray" externalInfoUrl="https://pmd.github.io/pmd/pmd_rules_java_documentation.html#uncommentedemptyconstructor" priority="3">
Document empty constructor
</violation>
<violation beginline="626" endline="627" begincolumn="29" endcolumn="9" rule="UncommentedEmptyMethodBody" ruleset="Documentation" package="org.junit.tests.running.classes" class="ParameterizedTestTest$SingleArgumentTestWithArray" method="aTest" externalInfoUrl="https://pmd.github.io/pmd/pmd_rules_java_documentation.html#uncommentedemptymethodbody" priority="3">
Document empty method body
</violation>
<violation beginline="626" endline="627" begincolumn="16" endcolumn="9" rule="JUnitTestsShouldIncludeAssert" ruleset="Best Practices" package="org.junit.tests.running.classes" class="ParameterizedTestTest$SingleArgumentTestWithArray" method="aTest" externalInfoUrl="https://pmd.github.io/pmd/pmd_rules_java_bestpractices.html#junittestsshouldincludeassert" priority="3">
JUnit tests should include assert() or fail()
</violation>
<violation beginline="633" endline="633" begincolumn="9" endcolumn="20" rule="JUnitAssertionsShouldIncludeMessage" ruleset="Best Practices" package="org.junit.tests.running.classes" class="ParameterizedTestTest" method="runsForEverySingleArgumentOfArray" externalInfoUrl="https://pmd.github.io/pmd/pmd_rules_java_bestpractices.html#junitassertionsshouldincludemessage" priority="3">
JUnit assertions should include a message
</violation>
<violation beginline="648" endline="649" begincolumn="16" endcolumn="9" rule="UncommentedEmptyConstructor" ruleset="Documentation" package="org.junit.tests.running.classes" class="ParameterizedTestTest$SingleArgumentTestWithIterable" method="SingleArgumentTestWithIterable" externalInfoUrl="https://pmd.github.io/pmd/pmd_rules_java_documentation.html#uncommentedemptyconstructor" priority="3">
Document empty constructor
</violation>
<violation beginline="652" endline="653" begincolumn="29" endcolumn="9" rule="UncommentedEmptyMethodBody" ruleset="Documentation" package="org.junit.tests.running.classes" class="ParameterizedTestTest$SingleArgumentTestWithIterable" method="aTest" externalInfoUrl="https://pmd.github.io/pmd/pmd_rules_java_documentation.html#uncommentedemptymethodbody" priority="3">
Document empty method body
</violation>
<violation beginline="652" endline="653" begincolumn="16" endcolumn="9" rule="JUnitTestsShouldIncludeAssert" ruleset="Best Practices" package="org.junit.tests.running.classes" class="ParameterizedTestTest$SingleArgumentTestWithIterable" method="aTest" externalInfoUrl="https://pmd.github.io/pmd/pmd_rules_java_bestpractices.html#junittestsshouldincludeassert" priority="3">
JUnit tests should include assert() or fail()
</violation>
<violation beginline="676" endline="676" begincolumn="9" endcolumn="20" rule="JUnitAssertionsShouldIncludeMessage" ruleset="Best Practices" package="org.junit.tests.running.classes" class="ParameterizedTestTest" method="runsForEverySingleArgumentOfIterable" externalInfoUrl="https://pmd.github.io/pmd/pmd_rules_java_bestpractices.html#junitassertionsshouldincludemessage" priority="3">
JUnit assertions should include a message
</violation>
<violation beginline="686" endline="687" begincolumn="16" endcolumn="9" rule="UncommentedEmptyConstructor" ruleset="Documentation" package="org.junit.tests.running.classes" class="ParameterizedTestTest$SingleArgumentTestWithCollection" method="SingleArgumentTestWithCollection" externalInfoUrl="https://pmd.github.io/pmd/pmd_rules_java_documentation.html#uncommentedemptyconstructor" priority="3">
Document empty constructor
</violation>
<violation beginline="690" endline="691" begincolumn="29" endcolumn="9" rule="UncommentedEmptyMethodBody" ruleset="Documentation" package="org.junit.tests.running.classes" class="ParameterizedTestTest$SingleArgumentTestWithCollection" method="aTest" externalInfoUrl="https://pmd.github.io/pmd/pmd_rules_java_documentation.html#uncommentedemptymethodbody" priority="3">
Document empty method body
</violation>
<violation beginline="690" endline="691" begincolumn="16" endcolumn="9" rule="JUnitTestsShouldIncludeAssert" ruleset="Best Practices" package="org.junit.tests.running.classes" class="ParameterizedTestTest$SingleArgumentTestWithCollection" method="aTest" externalInfoUrl="https://pmd.github.io/pmd/pmd_rules_java_bestpractices.html#junittestsshouldincludeassert" priority="3">
JUnit tests should include assert() or fail()
</violation>
<violation beginline="698" endline="698" begincolumn="9" endcolumn="20" rule="JUnitAssertionsShouldIncludeMessage" ruleset="Best Practices" package="org.junit.tests.running.classes" class="ParameterizedTestTest" method="runsForEverySingleArgumentOfCollection" externalInfoUrl="https://pmd.github.io/pmd/pmd_rules_java_bestpractices.html#junitassertionsshouldincludemessage" priority="3">
JUnit assertions should include a message
</violation>
<violation beginline="719" endline="720" begincolumn="16" endcolumn="9" rule="UncommentedEmptyConstructor" ruleset="Documentation" package="org.junit.tests.running.classes" class="ParameterizedTestTest$TestWithUseParametersRunnerFactoryAnnotation" method="TestWithUseParametersRunnerFactoryAnnotation" externalInfoUrl="https://pmd.github.io/pmd/pmd_rules_java_documentation.html#uncommentedemptyconstructor" priority="3">
Document empty constructor
</violation>
<violation beginline="723" endline="724" begincolumn="29" endcolumn="9" rule="UncommentedEmptyMethodBody" ruleset="Documentation" package="org.junit.tests.running.classes" class="ParameterizedTestTest$TestWithUseParametersRunnerFactoryAnnotation" method="aTest" externalInfoUrl="https://pmd.github.io/pmd/pmd_rules_java_documentation.html#uncommentedemptymethodbody" priority="3">
Document empty method body
</violation>
<violation beginline="723" endline="724" begincolumn="16" endcolumn="9" rule="JUnitTestsShouldIncludeAssert" ruleset="Best Practices" package="org.junit.tests.running.classes" class="ParameterizedTestTest$TestWithUseParametersRunnerFactoryAnnotation" method="aTest" externalInfoUrl="https://pmd.github.io/pmd/pmd_rules_java_bestpractices.html#junittestsshouldincludeassert" priority="3">
JUnit tests should include assert() or fail()
</violation>
<violation beginline="736" endline="736" begincolumn="9" endcolumn="20" rule="JUnitAssertionsShouldIncludeMessage" ruleset="Best Practices" package="org.junit.tests.running.classes" class="ParameterizedTestTest" method="assertTestCreatesSingleFailureWithMessage" externalInfoUrl="https://pmd.github.io/pmd/pmd_rules_java_bestpractices.html#junitassertionsshouldincludemessage" priority="3">
JUnit assertions should include a message
</violation>
<violation beginline="737" endline="737" begincolumn="9" endcolumn="20" rule="JUnitAssertionsShouldIncludeMessage" ruleset="Best Practices" package="org.junit.tests.running.classes" class="ParameterizedTestTest" method="assertTestCreatesSingleFailureWithMessage" externalInfoUrl="https://pmd.github.io/pmd/pmd_rules_java_bestpractices.html#junitassertionsshouldincludemessage" priority="3">
JUnit assertions should include a message
</violation>
<violation beginline="742" endline="747" begincolumn="28" endcolumn="5" rule="AbstractClassWithoutAbstractMethod" ruleset="Best Practices" package="org.junit.tests.running.classes" class="ParameterizedTestTest$UseParameterizedFactoryAbstractTest" externalInfoUrl="https://pmd.github.io/pmd/pmd_rules_java_bestpractices.html#abstractclasswithoutabstractmethod" priority="3">
This abstract class does not have any abstract methods
</violation>
<violation beginline="752" endline="754" begincolumn="16" endcolumn="9" rule="UncommentedEmptyConstructor" ruleset="Documentation" package="org.junit.tests.running.classes" class="ParameterizedTestTest$UseParameterizedFactoryTest" method="UseParameterizedFactoryTest" externalInfoUrl="https://pmd.github.io/pmd/pmd_rules_java_documentation.html#uncommentedemptyconstructor" priority="3">
Document empty constructor
</violation>
<violation beginline="757" endline="758" begincolumn="41" endcolumn="9" rule="UncommentedEmptyMethodBody" ruleset="Documentation" package="org.junit.tests.running.classes" class="ParameterizedTestTest$UseParameterizedFactoryTest" method="parameterizedTest" externalInfoUrl="https://pmd.github.io/pmd/pmd_rules_java_documentation.html#uncommentedemptymethodbody" priority="3">
Document empty method body
</violation>
<violation beginline="757" endline="758" begincolumn="16" endcolumn="9" rule="JUnitTestsShouldIncludeAssert" ruleset="Best Practices" package="org.junit.tests.running.classes" class="ParameterizedTestTest$UseParameterizedFactoryTest" method="parameterizedTest" externalInfoUrl="https://pmd.github.io/pmd/pmd_rules_java_bestpractices.html#junittestsshouldincludeassert" priority="3">
JUnit tests should include assert() or fail()
</violation>
<violation beginline="770" endline="770" begincolumn="9" endcolumn="39" rule="DefaultPackage" ruleset="Code Style" package="org.junit.tests.running.classes" class="ParameterizedTestTest$AssumptionInParametersMethod" externalInfoUrl="https://pmd.github.io/pmd/pmd_rules_java_codestyle.html#defaultpackage" priority="3">
Use explicit scoping instead of the default package private level
</violation>
<violation beginline="778" endline="779" begincolumn="16" endcolumn="9" rule="UncommentedEmptyConstructor" ruleset="Documentation" package="org.junit.tests.running.classes" class="ParameterizedTestTest$AssumptionInParametersMethod" method="AssumptionInParametersMethod" externalInfoUrl="https://pmd.github.io/pmd/pmd_rules_java_documentation.html#uncommentedemptyconstructor" priority="3">
Document empty constructor
</violation>
<violation beginline="782" endline="783" begincolumn="29" endcolumn="9" rule="UncommentedEmptyMethodBody" ruleset="Documentation" package="org.junit.tests.running.classes" class="ParameterizedTestTest$AssumptionInParametersMethod" method="test1" externalInfoUrl="https://pmd.github.io/pmd/pmd_rules_java_documentation.html#uncommentedemptymethodbody" priority="3">
Document empty method body
</violation>
<violation beginline="782" endline="783" begincolumn="16" endcolumn="9" rule="JUnitTestsShouldIncludeAssert" ruleset="Best Practices" package="org.junit.tests.running.classes" class="ParameterizedTestTest$AssumptionInParametersMethod" method="test1" externalInfoUrl="https://pmd.github.io/pmd/pmd_rules_java_bestpractices.html#junittestsshouldincludeassert" priority="3">
JUnit tests should include assert() or fail()
</violation>
<violation beginline="786" endline="787" begincolumn="29" endcolumn="9" rule="UncommentedEmptyMethodBody" ruleset="Documentation" package="org.junit.tests.running.classes" class="ParameterizedTestTest$AssumptionInParametersMethod" method="test2" externalInfoUrl="https://pmd.github.io/pmd/pmd_rules_java_documentation.html#uncommentedemptymethodbody" priority="3">
Document empty method body
</violation>
<violation beginline="786" endline="787" begincolumn="16" endcolumn="9" rule="JUnitTestsShouldIncludeAssert" ruleset="Best Practices" package="org.junit.tests.running.classes" class="ParameterizedTestTest$AssumptionInParametersMethod" method="test2" externalInfoUrl="https://pmd.github.io/pmd/pmd_rules_java_bestpractices.html#junittestsshouldincludeassert" priority="3">
JUnit tests should include assert() or fail()
</violation>
<violation beginline="791" endline="798" begincolumn="12" endcolumn="5" rule="JUnitTestContainsTooManyAsserts" ruleset="Best Practices" package="org.junit.tests.running.classes" class="ParameterizedTestTest" method="testsAreExecutedWhenAssumptionInParametersMethodDoesNotFail" externalInfoUrl="https://pmd.github.io/pmd/pmd_rules_java_bestpractices.html#junittestcontainstoomanyasserts" priority="3">
Unit tests should not contain more than 1 assert(s).
</violation>
<violation beginline="794" endline="794" begincolumn="9" endcolumn="18" rule="JUnitAssertionsShouldIncludeMessage" ruleset="Best Practices" package="org.junit.tests.running.classes" class="ParameterizedTestTest" method="testsAreExecutedWhenAssumptionInParametersMethodDoesNotFail" externalInfoUrl="https://pmd.github.io/pmd/pmd_rules_java_bestpractices.html#junitassertionsshouldincludemessage" priority="3">
JUnit assertions should include a message
</violation>
<violation beginline="795" endline="795" begincolumn="9" endcolumn="20" rule="JUnitAssertionsShouldIncludeMessage" ruleset="Best Practices" package="org.junit.tests.running.classes" class="ParameterizedTestTest" method="testsAreExecutedWhenAssumptionInParametersMethodDoesNotFail" externalInfoUrl="https://pmd.github.io/pmd/pmd_rules_java_bestpractices.html#junitassertionsshouldincludemessage" priority="3">
JUnit assertions should include a message
</violation>
<violation beginline="796" endline="796" begincolumn="9" endcolumn="20" rule="JUnitAssertionsShouldIncludeMessage" ruleset="Best Practices" package="org.junit.tests.running.classes" class="ParameterizedTestTest" method="testsAreExecutedWhenAssumptionInParametersMethodDoesNotFail" externalInfoUrl="https://pmd.github.io/pmd/pmd_rules_java_bestpractices.html#junitassertionsshouldincludemessage" priority="3">
JUnit assertions should include a message
</violation>
<violation beginline="797" endline="797" begincolumn="9" endcolumn="20" rule="JUnitAssertionsShouldIncludeMessage" ruleset="Best Practices" package="org.junit.tests.running.classes" class="ParameterizedTestTest" method="testsAreExecutedWhenAssumptionInParametersMethodDoesNotFail" externalInfoUrl="https://pmd.github.io/pmd/pmd_rules_java_bestpractices.html#junitassertionsshouldincludemessage" priority="3">
JUnit assertions should include a message
</violation>
<violation beginline="801" endline="808" begincolumn="12" endcolumn="5" rule="JUnitTestContainsTooManyAsserts" ruleset="Best Practices" package="org.junit.tests.running.classes" class="ParameterizedTestTest" method="testsAreNotExecutedWhenAssumptionInParametersMethodFails" externalInfoUrl="https://pmd.github.io/pmd/pmd_rules_java_bestpractices.html#junittestcontainstoomanyasserts" priority="3">
Unit tests should not contain more than 1 assert(s).
</violation>
<violation beginline="804" endline="804" begincolumn="9" endcolumn="18" rule="JUnitAssertionsShouldIncludeMessage" ruleset="Best Practices" package="org.junit.tests.running.classes" class="ParameterizedTestTest" method="testsAreNotExecutedWhenAssumptionInParametersMethodFails" externalInfoUrl="https://pmd.github.io/pmd/pmd_rules_java_bestpractices.html#junitassertionsshouldincludemessage" priority="3">
JUnit assertions should include a message
</violation>
<violation beginline="805" endline="805" begincolumn="9" endcolumn="20" rule="JUnitAssertionsShouldIncludeMessage" ruleset="Best Practices" package="org.junit.tests.running.classes" class="ParameterizedTestTest" method="testsAreNotExecutedWhenAssumptionInParametersMethodFails" externalInfoUrl="https://pmd.github.io/pmd/pmd_rules_java_bestpractices.html#junitassertionsshouldincludemessage" priority="3">
JUnit assertions should include a message
</violation>
<violation beginline="806" endline="806" begincolumn="9" endcolumn="20" rule="JUnitAssertionsShouldIncludeMessage" ruleset="Best Practices" package="org.junit.tests.running.classes" class="ParameterizedTestTest" method="testsAreNotExecutedWhenAssumptionInParametersMethodFails" externalInfoUrl="https://pmd.github.io/pmd/pmd_rules_java_bestpractices.html#junitassertionsshouldincludemessage" priority="3">
JUnit assertions should include a message
</violation>
<violation beginline="807" endline="807" begincolumn="9" endcolumn="20" rule="JUnitAssertionsShouldIncludeMessage" ruleset="Best Practices" package="org.junit.tests.running.classes" class="ParameterizedTestTest" method="testsAreNotExecutedWhenAssumptionInParametersMethodFails" externalInfoUrl="https://pmd.github.io/pmd/pmd_rules_java_bestpractices.html#junitassertionsshouldincludemessage" priority="3">
JUnit assertions should include a message
</violation>
</file>
<file name="C:\Users\Deyan\Downloads\junit4-r4.13.2\src\test\java\org\junit\tests\running\classes\ParentRunnerFilteringTest.java">
<violation beginline="1" endline="171" begincolumn="1" endcolumn="1" rule="TooManyStaticImports" ruleset="Code Style" package="org.junit.tests.running.classes" class="ParentRunnerFilteringTest" externalInfoUrl="https://pmd.github.io/pmd/pmd_rules_java_codestyle.html#toomanystaticimports" priority="3">
Too many static imports may lead to messy code
</violation>
<violation beginline="47" endline="47" begincolumn="60" endcolumn="94" rule="UseDiamondOperator" ruleset="Code Style" package="org.junit.tests.running.classes" class="ParentRunnerFilteringTest$CountingFilter" externalInfoUrl="https://pmd.github.io/pmd/pmd_rules_java_codestyle.html#usediamondoperator" priority="3">
Explicit type arguments can be replaced by Diamond Operator
</violation>
<violation beginline="76" endline="78" begincolumn="16" endcolumn="9" rule="JUnitTestsShouldIncludeAssert" ruleset="Best Practices" package="org.junit.tests.running.classes" class="ParentRunnerFilteringTest$ExampleTest" method="test1" externalInfoUrl="https://pmd.github.io/pmd/pmd_rules_java_bestpractices.html#junittestsshouldincludeassert" priority="3">
JUnit tests should include assert() or fail()
</violation>
<violation beginline="89" endline="89" begincolumn="43" endcolumn="49" rule="AvoidDuplicateLiterals" ruleset="Error Prone" package="org.junit.tests.running.classes" class="ParentRunnerFilteringTest" method="testSuiteFiltering" externalInfoUrl="https://pmd.github.io/pmd/pmd_rules_java_errorprone.html#avoidduplicateliterals" priority="3">
The String literal "test1" appears 5 times in this file; the first occurrence is on line 89
</violation>
<violation beginline="134" endline="134" begincolumn="9" endcolumn="18" rule="JUnitAssertionsShouldIncludeMessage" ruleset="Best Practices" package="org.junit.tests.running.classes" class="ParentRunnerFilteringTest" method="testRunSuiteFiltering" externalInfoUrl="https://pmd.github.io/pmd/pmd_rules_java_bestpractices.html#junitassertionsshouldincludemessage" priority="3">
JUnit assertions should include a message
</violation>
<violation beginline="139" endline="150" begincolumn="12" endcolumn="5" rule="JUnitTestContainsTooManyAsserts" ruleset="Best Practices" package="org.junit.tests.running.classes" class="ParentRunnerFilteringTest" method="testCountClassFiltering" externalInfoUrl="https://pmd.github.io/pmd/pmd_rules_java_bestpractices.html#junittestcontainstoomanyasserts" priority="3">
Unit tests should not contain more than 1 assert(s).
</violation>
<violation beginline="145" endline="145" begincolumn="9" endcolumn="20" rule="JUnitAssertionsShouldIncludeMessage" ruleset="Best Practices" package="org.junit.tests.running.classes" class="ParentRunnerFilteringTest" method="testCountClassFiltering" externalInfoUrl="https://pmd.github.io/pmd/pmd_rules_java_bestpractices.html#junitassertionsshouldincludemessage" priority="3">
JUnit assertions should include a message
</violation>
<violation beginline="146" endline="146" begincolumn="9" endcolumn="20" rule="JUnitAssertionsShouldIncludeMessage" ruleset="Best Practices" package="org.junit.tests.running.classes" class="ParentRunnerFilteringTest" method="testCountClassFiltering" externalInfoUrl="https://pmd.github.io/pmd/pmd_rules_java_bestpractices.html#junitassertionsshouldincludemessage" priority="3">
JUnit assertions should include a message
</violation>
<violation beginline="149" endline="149" begincolumn="9" endcolumn="20" rule="JUnitAssertionsShouldIncludeMessage" ruleset="Best Practices" package="org.junit.tests.running.classes" class="ParentRunnerFilteringTest" method="testCountClassFiltering" externalInfoUrl="https://pmd.github.io/pmd/pmd_rules_java_bestpractices.html#junitassertionsshouldincludemessage" priority="3">
JUnit assertions should include a message
</violation>
<violation beginline="153" endline="170" begincolumn="12" endcolumn="5" rule="JUnitTestContainsTooManyAsserts" ruleset="Best Practices" package="org.junit.tests.running.classes" class="ParentRunnerFilteringTest" method="testCountSuiteFiltering" externalInfoUrl="https://pmd.github.io/pmd/pmd_rules_java_bestpractices.html#junittestcontainstoomanyasserts" priority="3">
Unit tests should not contain more than 1 assert(s).
</violation>
<violation beginline="162" endline="162" begincolumn="9" endcolumn="20" rule="JUnitAssertionsShouldIncludeMessage" ruleset="Best Practices" package="org.junit.tests.running.classes" class="ParentRunnerFilteringTest" method="testCountSuiteFiltering" externalInfoUrl="https://pmd.github.io/pmd/pmd_rules_java_bestpractices.html#junitassertionsshouldincludemessage" priority="3">
JUnit assertions should include a message
</violation>
<violation beginline="163" endline="163" begincolumn="9" endcolumn="20" rule="JUnitAssertionsShouldIncludeMessage" ruleset="Best Practices" package="org.junit.tests.running.classes" class="ParentRunnerFilteringTest" method="testCountSuiteFiltering" externalInfoUrl="https://pmd.github.io/pmd/pmd_rules_java_bestpractices.html#junitassertionsshouldincludemessage" priority="3">
JUnit assertions should include a message
</violation>
<violation beginline="166" endline="166" begincolumn="9" endcolumn="20" rule="JUnitAssertionsShouldIncludeMessage" ruleset="Best Practices" package="org.junit.tests.running.classes" class="ParentRunnerFilteringTest" method="testCountSuiteFiltering" externalInfoUrl="https://pmd.github.io/pmd/pmd_rules_java_bestpractices.html#junitassertionsshouldincludemessage" priority="3">
JUnit assertions should include a message
</violation>
<violation beginline="169" endline="169" begincolumn="9" endcolumn="20" rule="JUnitAssertionsShouldIncludeMessage" ruleset="Best Practices" package="org.junit.tests.running.classes" class="ParentRunnerFilteringTest" method="testCountSuiteFiltering" externalInfoUrl="https://pmd.github.io/pmd/pmd_rules_java_bestpractices.html#junitassertionsshouldincludemessage" priority="3">
JUnit assertions should include a message
</violation>
</file>
<file name="C:\Users\Deyan\Downloads\junit4-r4.13.2\src\test\java\org\junit\tests\running\classes\ParentRunnerTest.java">
<violation beginline="37" endline="39" begincolumn="16" endcolumn="9" rule="JUnitTestsShouldIncludeAssert" ruleset="Best Practices" package="org.junit.tests.running.classes" class="ParentRunnerTest$FruitTest" method="apple" externalInfoUrl="https://pmd.github.io/pmd/pmd_rules_java_bestpractices.html#junittestsshouldincludeassert" priority="3">
JUnit tests should include assert() or fail()
</violation>
<violation beginline="42" endline="44" begincolumn="16" endcolumn="9" rule="JUnitTestsShouldIncludeAssert" ruleset="Best Practices" package="org.junit.tests.running.classes" class="ParentRunnerTest$FruitTest" method="Banana" externalInfoUrl="https://pmd.github.io/pmd/pmd_rules_java_bestpractices.html#junittestsshouldincludeassert" priority="3">
JUnit tests should include assert() or fail()
</violation>
<violation beginline="64" endline="64" begincolumn="9" endcolumn="20" rule="JUnitAssertionsShouldIncludeMessage" ruleset="Best Practices" package="org.junit.tests.running.classes" class="ParentRunnerTest" method="useChildHarvester" externalInfoUrl="https://pmd.github.io/pmd/pmd_rules_java_bestpractices.html#junitassertionsshouldincludemessage" priority="3">
JUnit assertions should include a message
</violation>
<violation beginline="68" endline="77" begincolumn="12" endcolumn="5" rule="JUnitTestContainsTooManyAsserts" ruleset="Best Practices" package="org.junit.tests.running.classes" class="ParentRunnerTest" method="testMultipleFilters" externalInfoUrl="https://pmd.github.io/pmd/pmd_rules_java_bestpractices.html#junittestcontainstoomanyasserts" priority="3">
Unit tests should not contain more than 1 assert(s).
</violation>
<violation beginline="75" endline="75" begincolumn="9" endcolumn="18" rule="JUnitAssertionsShouldIncludeMessage" ruleset="Best Practices" package="org.junit.tests.running.classes" class="ParentRunnerTest" method="testMultipleFilters" externalInfoUrl="https://pmd.github.io/pmd/pmd_rules_java_bestpractices.html#junitassertionsshouldincludemessage" priority="3">
JUnit assertions should include a message
</violation>
<violation beginline="76" endline="76" begincolumn="9" endcolumn="20" rule="JUnitAssertionsShouldIncludeMessage" ruleset="Best Practices" package="org.junit.tests.running.classes" class="ParentRunnerTest" method="testMultipleFilters" externalInfoUrl="https://pmd.github.io/pmd/pmd_rules_java_bestpractices.html#junitassertionsshouldincludemessage" priority="3">
JUnit assertions should include a message
</violation>
<violation beginline="87" endline="87" begincolumn="24" endcolumn="32" rule="UseCollectionIsEmpty" ruleset="Best Practices" package="org.junit.tests.running.classes" class="ParentRunnerTest" method="matchesSafely" externalInfoUrl="https://pmd.github.io/pmd/pmd_rules_java_bestpractices.html#usecollectionisempty" priority="3">
Substitute calls to size() == 0 (or size() != 0, size() &gt; 0, size() &lt; 1) with calls to isEmpty()
</violation>
<violation beginline="112" endline="113" begincolumn="46" endcolumn="9" rule="UncommentedEmptyMethodBody" ruleset="Documentation" package="org.junit.tests.running.classes" class="ParentRunnerTest$ExampleTest" method="test1" externalInfoUrl="https://pmd.github.io/pmd/pmd_rules_java_documentation.html#uncommentedemptymethodbody" priority="3">
Document empty method body
</violation>
<violation beginline="112" endline="113" begincolumn="16" endcolumn="9" rule="JUnitTestsShouldIncludeAssert" ruleset="Best Practices" package="org.junit.tests.running.classes" class="ParentRunnerTest$ExampleTest" method="test1" externalInfoUrl="https://pmd.github.io/pmd/pmd_rules_java_bestpractices.html#junittestsshouldincludeassert" priority="3">
JUnit tests should include assert() or fail()
</violation>
<violation beginline="116" endline="117" begincolumn="46" endcolumn="9" rule="UncommentedEmptyMethodBody" ruleset="Documentation" package="org.junit.tests.running.classes" class="ParentRunnerTest$ExampleTest" method="test2" externalInfoUrl="https://pmd.github.io/pmd/pmd_rules_java_documentation.html#uncommentedemptymethodbody" priority="3">
Document empty method body
</violation>
<violation beginline="116" endline="117" begincolumn="16" endcolumn="9" rule="JUnitTestsShouldIncludeAssert" ruleset="Best Practices" package="org.junit.tests.running.classes" class="ParentRunnerTest$ExampleTest" method="test2" externalInfoUrl="https://pmd.github.io/pmd/pmd_rules_java_bestpractices.html#junittestsshouldincludeassert" priority="3">
JUnit tests should include assert() or fail()
</violation>
<violation beginline="120" endline="121" begincolumn="46" endcolumn="9" rule="UncommentedEmptyMethodBody" ruleset="Documentation" package="org.junit.tests.running.classes" class="ParentRunnerTest$ExampleTest" method="test3" externalInfoUrl="https://pmd.github.io/pmd/pmd_rules_java_documentation.html#uncommentedemptymethodbody" priority="3">
Document empty method body
</violation>
<violation beginline="120" endline="121" begincolumn="16" endcolumn="9" rule="JUnitTestsShouldIncludeAssert" ruleset="Best Practices" package="org.junit.tests.running.classes" class="ParentRunnerTest$ExampleTest" method="test3" externalInfoUrl="https://pmd.github.io/pmd/pmd_rules_java_bestpractices.html#junittestsshouldincludeassert" priority="3">
JUnit tests should include assert() or fail()
</violation>
<violation beginline="137" endline="138" begincolumn="16" endcolumn="9" rule="UncommentedEmptyConstructor" ruleset="Documentation" package="org.junit.tests.running.classes" class="ParentRunnerTest$NonPublicTestClass" method="NonPublicTestClass" externalInfoUrl="https://pmd.github.io/pmd/pmd_rules_java_documentation.html#uncommentedemptyconstructor" priority="3">
Document empty constructor
</violation>
<violation beginline="141" endline="141" begincolumn="36" endcolumn="37" rule="UncommentedEmptyMethodBody" ruleset="Documentation" package="org.junit.tests.running.classes" class="ParentRunnerTest$NonPublicTestClass" method="alwaysPasses" externalInfoUrl="https://pmd.github.io/pmd/pmd_rules_java_documentation.html#uncommentedemptymethodbody" priority="3">
Document empty method body
</violation>
<violation beginline="141" endline="141" begincolumn="16" endcolumn="37" rule="JUnitTestsShouldIncludeAssert" ruleset="Best Practices" package="org.junit.tests.running.classes" class="ParentRunnerTest$NonPublicTestClass" method="alwaysPasses" externalInfoUrl="https://pmd.github.io/pmd/pmd_rules_java_bestpractices.html#junittestsshouldincludeassert" priority="3">
JUnit tests should include assert() or fail()
</violation>
<violation beginline="155" endline="155" begincolumn="9" endcolumn="18" rule="JUnitAssertionsShouldIncludeMessage" ruleset="Best Practices" package="org.junit.tests.running.classes" class="ParentRunnerTest" method="assertClassHasFailureMessage" externalInfoUrl="https://pmd.github.io/pmd/pmd_rules_java_bestpractices.html#junitassertionsshouldincludemessage" priority="3">
JUnit assertions should include a message
</violation>
<violation beginline="156" endline="156" begincolumn="9" endcolumn="18" rule="JUnitAssertionsShouldIncludeMessage" ruleset="Best Practices" package="org.junit.tests.running.classes" class="ParentRunnerTest" method="assertClassHasFailureMessage" externalInfoUrl="https://pmd.github.io/pmd/pmd_rules_java_bestpractices.html#junitassertionsshouldincludemessage" priority="3">
JUnit assertions should include a message
</violation>
<violation beginline="167" endline="167" begincolumn="28" endcolumn="29" rule="UncommentedEmptyMethodBody" ruleset="Documentation" package="org.junit.tests.running.classes" class="ParentRunnerTest$AssertionErrorAtParentLevelTest" method="test" externalInfoUrl="https://pmd.github.io/pmd/pmd_rules_java_documentation.html#uncommentedemptymethodbody" priority="3">
Document empty method body
</violation>
<violation beginline="167" endline="167" begincolumn="16" endcolumn="29" rule="JUnitTestsShouldIncludeAssert" ruleset="Best Practices" package="org.junit.tests.running.classes" class="ParentRunnerTest$AssertionErrorAtParentLevelTest" method="test" externalInfoUrl="https://pmd.github.io/pmd/pmd_rules_java_bestpractices.html#junittestsshouldincludeassert" priority="3">
JUnit tests should include assert() or fail()
</violation>
<violation beginline="173" endline="173" begincolumn="9" endcolumn="27" rule="UnnecessaryFullyQualifiedName" ruleset="Code Style" package="org.junit.tests.running.classes" class="ParentRunnerTest" method="assertionErrorAtParentLevelTest" externalInfoUrl="https://pmd.github.io/pmd/pmd_rules_java_codestyle.html#unnecessaryfullyqualifiedname" priority="4">
Unnecessary use of fully qualified name 'Assert.assertEquals' due to existing static import 'org.junit.Assert.assertEquals'
</violation>
<violation beginline="174" endline="174" begincolumn="9" endcolumn="27" rule="UnnecessaryFullyQualifiedName" ruleset="Code Style" package="org.junit.tests.running.classes" class="ParentRunnerTest" method="assertionErrorAtParentLevelTest" externalInfoUrl="https://pmd.github.io/pmd/pmd_rules_java_codestyle.html#unnecessaryfullyqualifiedname" priority="4">
Unnecessary use of fully qualified name 'Assert.assertEquals' due to existing static import 'org.junit.Assert.assertEquals'
</violation>
<violation beginline="175" endline="175" begincolumn="9" endcolumn="27" rule="UnnecessaryFullyQualifiedName" ruleset="Code Style" package="org.junit.tests.running.classes" class="ParentRunnerTest" method="assertionErrorAtParentLevelTest" externalInfoUrl="https://pmd.github.io/pmd/pmd_rules_java_codestyle.html#unnecessaryfullyqualifiedname" priority="4">
Unnecessary use of fully qualified name 'Assert.assertEquals' due to existing static import 'org.junit.Assert.assertEquals'
</violation>
<violation beginline="176" endline="176" begincolumn="9" endcolumn="27" rule="UnnecessaryFullyQualifiedName" ruleset="Code Style" package="org.junit.tests.running.classes" class="ParentRunnerTest" method="assertionErrorAtParentLevelTest" externalInfoUrl="https://pmd.github.io/pmd/pmd_rules_java_codestyle.html#unnecessaryfullyqualifiedname" priority="4">
Unnecessary use of fully qualified name 'Assert.assertEquals' due to existing static import 'org.junit.Assert.assertEquals'
</violation>
<violation beginline="178" endline="178" begincolumn="9" endcolumn="27" rule="UnnecessaryFullyQualifiedName" ruleset="Code Style" package="org.junit.tests.running.classes" class="ParentRunnerTest" method="assertionErrorAtParentLevelTest" externalInfoUrl="https://pmd.github.io/pmd/pmd_rules_java_codestyle.html#unnecessaryfullyqualifiedname" priority="4">
Unnecessary use of fully qualified name 'Assert.assertEquals' due to existing static import 'org.junit.Assert.assertEquals'
</violation>
<violation beginline="179" endline="179" begincolumn="9" endcolumn="27" rule="UnnecessaryFullyQualifiedName" ruleset="Code Style" package="org.junit.tests.running.classes" class="ParentRunnerTest" method="assertionErrorAtParentLevelTest" externalInfoUrl="https://pmd.github.io/pmd/pmd_rules_java_codestyle.html#unnecessaryfullyqualifiedname" priority="4">
Unnecessary use of fully qualified name 'Assert.assertEquals' due to existing static import 'org.junit.Assert.assertEquals'
</violation>
<violation beginline="180" endline="180" begincolumn="9" endcolumn="27" rule="UnnecessaryFullyQualifiedName" ruleset="Code Style" package="org.junit.tests.running.classes" class="ParentRunnerTest" method="assertionErrorAtParentLevelTest" externalInfoUrl="https://pmd.github.io/pmd/pmd_rules_java_codestyle.html#unnecessaryfullyqualifiedname" priority="4">
Unnecessary use of fully qualified name 'Assert.assertEquals' due to existing static import 'org.junit.Assert.assertEquals'
</violation>
<violation beginline="181" endline="181" begincolumn="9" endcolumn="27" rule="UnnecessaryFullyQualifiedName" ruleset="Code Style" package="org.junit.tests.running.classes" class="ParentRunnerTest" method="assertionErrorAtParentLevelTest" externalInfoUrl="https://pmd.github.io/pmd/pmd_rules_java_codestyle.html#unnecessaryfullyqualifiedname" priority="4">
Unnecessary use of fully qualified name 'Assert.assertEquals' due to existing static import 'org.junit.Assert.assertEquals'
</violation>
<violation beginline="182" endline="182" begincolumn="9" endcolumn="27" rule="UnnecessaryFullyQualifiedName" ruleset="Code Style" package="org.junit.tests.running.classes" class="ParentRunnerTest" method="assertionErrorAtParentLevelTest" externalInfoUrl="https://pmd.github.io/pmd/pmd_rules_java_codestyle.html#unnecessaryfullyqualifiedname" priority="4">
Unnecessary use of fully qualified name 'Assert.assertEquals' due to existing static import 'org.junit.Assert.assertEquals'
</violation>
<violation beginline="193" endline="193" begincolumn="28" endcolumn="29" rule="UncommentedEmptyMethodBody" ruleset="Documentation" package="org.junit.tests.running.classes" class="ParentRunnerTest$AssumptionViolatedAtParentLevelTest" method="test" externalInfoUrl="https://pmd.github.io/pmd/pmd_rules_java_documentation.html#uncommentedemptymethodbody" priority="3">
Document empty method body
</violation>
<violation beginline="193" endline="193" begincolumn="16" endcolumn="29" rule="JUnitTestsShouldIncludeAssert" ruleset="Best Practices" package="org.junit.tests.running.classes" class="ParentRunnerTest$AssumptionViolatedAtParentLevelTest" method="test" externalInfoUrl="https://pmd.github.io/pmd/pmd_rules_java_bestpractices.html#junittestsshouldincludeassert" priority="3">
JUnit tests should include assert() or fail()
</violation>
<violation beginline="199" endline="199" begincolumn="9" endcolumn="27" rule="UnnecessaryFullyQualifiedName" ruleset="Code Style" package="org.junit.tests.running.classes" class="ParentRunnerTest" method="assumptionViolatedAtParentLevel" externalInfoUrl="https://pmd.github.io/pmd/pmd_rules_java_codestyle.html#unnecessaryfullyqualifiedname" priority="4">
Unnecessary use of fully qualified name 'Assert.assertEquals' due to existing static import 'org.junit.Assert.assertEquals'
</violation>
<violation beginline="200" endline="200" begincolumn="9" endcolumn="27" rule="UnnecessaryFullyQualifiedName" ruleset="Code Style" package="org.junit.tests.running.classes" class="ParentRunnerTest" method="assumptionViolatedAtParentLevel" externalInfoUrl="https://pmd.github.io/pmd/pmd_rules_java_codestyle.html#unnecessaryfullyqualifiedname" priority="4">
Unnecessary use of fully qualified name 'Assert.assertEquals' due to existing static import 'org.junit.Assert.assertEquals'
</violation>
<violation beginline="201" endline="201" begincolumn="9" endcolumn="27" rule="UnnecessaryFullyQualifiedName" ruleset="Code Style" package="org.junit.tests.running.classes" class="ParentRunnerTest" method="assumptionViolatedAtParentLevel" externalInfoUrl="https://pmd.github.io/pmd/pmd_rules_java_codestyle.html#unnecessaryfullyqualifiedname" priority="4">
Unnecessary use of fully qualified name 'Assert.assertEquals' due to existing static import 'org.junit.Assert.assertEquals'
</violation>
<violation beginline="202" endline="202" begincolumn="9" endcolumn="27" rule="UnnecessaryFullyQualifiedName" ruleset="Code Style" package="org.junit.tests.running.classes" class="ParentRunnerTest" method="assumptionViolatedAtParentLevel" externalInfoUrl="https://pmd.github.io/pmd/pmd_rules_java_codestyle.html#unnecessaryfullyqualifiedname" priority="4">
Unnecessary use of fully qualified name 'Assert.assertEquals' due to existing static import 'org.junit.Assert.assertEquals'
</violation>
<violation beginline="204" endline="204" begincolumn="9" endcolumn="27" rule="UnnecessaryFullyQualifiedName" ruleset="Code Style" package="org.junit.tests.running.classes" class="ParentRunnerTest" method="assumptionViolatedAtParentLevel" externalInfoUrl="https://pmd.github.io/pmd/pmd_rules_java_codestyle.html#unnecessaryfullyqualifiedname" priority="4">
Unnecessary use of fully qualified name 'Assert.assertEquals' due to existing static import 'org.junit.Assert.assertEquals'
</violation>
<violation beginline="205" endline="205" begincolumn="9" endcolumn="27" rule="UnnecessaryFullyQualifiedName" ruleset="Code Style" package="org.junit.tests.running.classes" class="ParentRunnerTest" method="assumptionViolatedAtParentLevel" externalInfoUrl="https://pmd.github.io/pmd/pmd_rules_java_codestyle.html#unnecessaryfullyqualifiedname" priority="4">
Unnecessary use of fully qualified name 'Assert.assertEquals' due to existing static import 'org.junit.Assert.assertEquals'
</violation>
<violation beginline="206" endline="206" begincolumn="9" endcolumn="27" rule="UnnecessaryFullyQualifiedName" ruleset="Code Style" package="org.junit.tests.running.classes" class="ParentRunnerTest" method="assumptionViolatedAtParentLevel" externalInfoUrl="https://pmd.github.io/pmd/pmd_rules_java_codestyle.html#unnecessaryfullyqualifiedname" priority="4">
Unnecessary use of fully qualified name 'Assert.assertEquals' due to existing static import 'org.junit.Assert.assertEquals'
</violation>
<violation beginline="207" endline="207" begincolumn="9" endcolumn="27" rule="UnnecessaryFullyQualifiedName" ruleset="Code Style" package="org.junit.tests.running.classes" class="ParentRunnerTest" method="assumptionViolatedAtParentLevel" externalInfoUrl="https://pmd.github.io/pmd/pmd_rules_java_codestyle.html#unnecessaryfullyqualifiedname" priority="4">
Unnecessary use of fully qualified name 'Assert.assertEquals' due to existing static import 'org.junit.Assert.assertEquals'
</violation>
<violation beginline="208" endline="208" begincolumn="9" endcolumn="27" rule="UnnecessaryFullyQualifiedName" ruleset="Code Style" package="org.junit.tests.running.classes" class="ParentRunnerTest" method="assumptionViolatedAtParentLevel" externalInfoUrl="https://pmd.github.io/pmd/pmd_rules_java_codestyle.html#unnecessaryfullyqualifiedname" priority="4">
Unnecessary use of fully qualified name 'Assert.assertEquals' due to existing static import 'org.junit.Assert.assertEquals'
</violation>
<violation beginline="213" endline="213" begincolumn="28" endcolumn="29" rule="UncommentedEmptyMethodBody" ruleset="Documentation" package="org.junit.tests.running.classes" class="ParentRunnerTest$TestTest" method="pass" externalInfoUrl="https://pmd.github.io/pmd/pmd_rules_java_documentation.html#uncommentedemptymethodbody" priority="3">
Document empty method body
</violation>
<violation beginline="213" endline="213" begincolumn="16" endcolumn="29" rule="JUnitTestsShouldIncludeAssert" ruleset="Best Practices" package="org.junit.tests.running.classes" class="ParentRunnerTest$TestTest" method="pass" externalInfoUrl="https://pmd.github.io/pmd/pmd_rules_java_bestpractices.html#junittestsshouldincludeassert" priority="3">
JUnit tests should include assert() or fail()
</violation>
<violation beginline="216" endline="218" begincolumn="16" endcolumn="9" rule="JUnitTestsShouldIncludeAssert" ruleset="Best Practices" package="org.junit.tests.running.classes" class="ParentRunnerTest$TestTest" method="fail" externalInfoUrl="https://pmd.github.io/pmd/pmd_rules_java_bestpractices.html#junittestsshouldincludeassert" priority="3">
JUnit tests should include assert() or fail()
</violation>
<violation beginline="222" endline="222" begincolumn="30" endcolumn="31" rule="UncommentedEmptyMethodBody" ruleset="Documentation" package="org.junit.tests.running.classes" class="ParentRunnerTest$TestTest" method="ignore" externalInfoUrl="https://pmd.github.io/pmd/pmd_rules_java_documentation.html#uncommentedemptymethodbody" priority="3">
Document empty method body
</violation>
<violation beginline="222" endline="222" begincolumn="16" endcolumn="31" rule="JUnitTestsShouldIncludeAssert" ruleset="Best Practices" package="org.junit.tests.running.classes" class="ParentRunnerTest$TestTest" method="ignore" externalInfoUrl="https://pmd.github.io/pmd/pmd_rules_java_bestpractices.html#junittestsshouldincludeassert" priority="3">
JUnit tests should include assert() or fail()
</violation>
<violation beginline="226" endline="228" begincolumn="16" endcolumn="9" rule="JUnitTestsShouldIncludeAssert" ruleset="Best Practices" package="org.junit.tests.running.classes" class="ParentRunnerTest$TestTest" method="assumptionFail" externalInfoUrl="https://pmd.github.io/pmd/pmd_rules_java_bestpractices.html#junittestsshouldincludeassert" priority="3">
JUnit tests should include assert() or fail()
</violation>
<violation beginline="234" endline="234" begincolumn="9" endcolumn="27" rule="UnnecessaryFullyQualifiedName" ruleset="Code Style" package="org.junit.tests.running.classes" class="ParentRunnerTest" method="parentRunnerTestMethods" externalInfoUrl="https://pmd.github.io/pmd/pmd_rules_java_codestyle.html#unnecessaryfullyqualifiedname" priority="4">
Unnecessary use of fully qualified name 'Assert.assertEquals' due to existing static import 'org.junit.Assert.assertEquals'
</violation>
<violation beginline="235" endline="235" begincolumn="9" endcolumn="27" rule="UnnecessaryFullyQualifiedName" ruleset="Code Style" package="org.junit.tests.running.classes" class="ParentRunnerTest" method="parentRunnerTestMethods" externalInfoUrl="https://pmd.github.io/pmd/pmd_rules_java_codestyle.html#unnecessaryfullyqualifiedname" priority="4">
Unnecessary use of fully qualified name 'Assert.assertEquals' due to existing static import 'org.junit.Assert.assertEquals'
</violation>
<violation beginline="236" endline="236" begincolumn="9" endcolumn="27" rule="UnnecessaryFullyQualifiedName" ruleset="Code Style" package="org.junit.tests.running.classes" class="ParentRunnerTest" method="parentRunnerTestMethods" externalInfoUrl="https://pmd.github.io/pmd/pmd_rules_java_codestyle.html#unnecessaryfullyqualifiedname" priority="4">
Unnecessary use of fully qualified name 'Assert.assertEquals' due to existing static import 'org.junit.Assert.assertEquals'
</violation>
<violation beginline="237" endline="237" begincolumn="9" endcolumn="27" rule="UnnecessaryFullyQualifiedName" ruleset="Code Style" package="org.junit.tests.running.classes" class="ParentRunnerTest" method="parentRunnerTestMethods" externalInfoUrl="https://pmd.github.io/pmd/pmd_rules_java_codestyle.html#unnecessaryfullyqualifiedname" priority="4">
Unnecessary use of fully qualified name 'Assert.assertEquals' due to existing static import 'org.junit.Assert.assertEquals'
</violation>
<violation beginline="239" endline="239" begincolumn="9" endcolumn="27" rule="UnnecessaryFullyQualifiedName" ruleset="Code Style" package="org.junit.tests.running.classes" class="ParentRunnerTest" method="parentRunnerTestMethods" externalInfoUrl="https://pmd.github.io/pmd/pmd_rules_java_codestyle.html#unnecessaryfullyqualifiedname" priority="4">
Unnecessary use of fully qualified name 'Assert.assertEquals' due to existing static import 'org.junit.Assert.assertEquals'
</violation>
<violation beginline="240" endline="240" begincolumn="9" endcolumn="27" rule="UnnecessaryFullyQualifiedName" ruleset="Code Style" package="org.junit.tests.running.classes" class="ParentRunnerTest" method="parentRunnerTestMethods" externalInfoUrl="https://pmd.github.io/pmd/pmd_rules_java_codestyle.html#unnecessaryfullyqualifiedname" priority="4">
Unnecessary use of fully qualified name 'Assert.assertEquals' due to existing static import 'org.junit.Assert.assertEquals'
</violation>
<violation beginline="241" endline="241" begincolumn="9" endcolumn="27" rule="UnnecessaryFullyQualifiedName" ruleset="Code Style" package="org.junit.tests.running.classes" class="ParentRunnerTest" method="parentRunnerTestMethods" externalInfoUrl="https://pmd.github.io/pmd/pmd_rules_java_codestyle.html#unnecessaryfullyqualifiedname" priority="4">
Unnecessary use of fully qualified name 'Assert.assertEquals' due to existing static import 'org.junit.Assert.assertEquals'
</violation>
<violation beginline="242" endline="242" begincolumn="9" endcolumn="27" rule="UnnecessaryFullyQualifiedName" ruleset="Code Style" package="org.junit.tests.running.classes" class="ParentRunnerTest" method="parentRunnerTestMethods" externalInfoUrl="https://pmd.github.io/pmd/pmd_rules_java_codestyle.html#unnecessaryfullyqualifiedname" priority="4">
Unnecessary use of fully qualified name 'Assert.assertEquals' due to existing static import 'org.junit.Assert.assertEquals'
</violation>
<violation beginline="243" endline="243" begincolumn="9" endcolumn="27" rule="UnnecessaryFullyQualifiedName" ruleset="Code Style" package="org.junit.tests.running.classes" class="ParentRunnerTest" method="parentRunnerTestMethods" externalInfoUrl="https://pmd.github.io/pmd/pmd_rules_java_codestyle.html#unnecessaryfullyqualifiedname" priority="4">
Unnecessary use of fully qualified name 'Assert.assertEquals' due to existing static import 'org.junit.Assert.assertEquals'
</violation>
<violation beginline="255" endline="309" begincolumn="20" endcolumn="5" rule="DataClass" ruleset="Design" package="org.junit.tests.running.classes" class="ParentRunnerTest$CountingRunListener" externalInfoUrl="https://pmd.github.io/pmd/pmd_rules_java_design.html#dataclass" priority="3">
The class 'CountingRunListener' is suspected to be a Data Class (WOC=0.000%, NOPA=0, NOAM=7, WMC=9)
</violation>
<violation beginline="256" endline="256" begincolumn="21" endcolumn="40" rule="RedundantFieldInitializer" ruleset="Performance" package="org.junit.tests.running.classes" class="ParentRunnerTest$CountingRunListener" variable="testSuiteStarted" externalInfoUrl="https://pmd.github.io/pmd/pmd_rules_java_performance.html#redundantfieldinitializer" priority="3">
Avoid using redundant field initializer for 'testSuiteStarted'
</violation>
<violation beginline="256" endline="256" begincolumn="17" endcolumn="41" rule="AvoidFieldNameMatchingMethodName" ruleset="Error Prone" package="org.junit.tests.running.classes" class="ParentRunnerTest$CountingRunListener" variable="VariableDeclaratorId" externalInfoUrl="https://pmd.github.io/pmd/pmd_rules_java_errorprone.html#avoidfieldnamematchingmethodname" priority="3">
Field testSuiteStarted has the same name as a method
</violation>
<violation beginline="257" endline="257" begincolumn="21" endcolumn="41" rule="RedundantFieldInitializer" ruleset="Performance" package="org.junit.tests.running.classes" class="ParentRunnerTest$CountingRunListener" variable="testSuiteFinished" externalInfoUrl="https://pmd.github.io/pmd/pmd_rules_java_performance.html#redundantfieldinitializer" priority="3">
Avoid using redundant field initializer for 'testSuiteFinished'
</violation>
<violation beginline="257" endline="257" begincolumn="17" endcolumn="42" rule="AvoidFieldNameMatchingMethodName" ruleset="Error Prone" package="org.junit.tests.running.classes" class="ParentRunnerTest$CountingRunListener" variable="VariableDeclaratorId" externalInfoUrl="https://pmd.github.io/pmd/pmd_rules_java_errorprone.html#avoidfieldnamematchingmethodname" priority="3">
Field testSuiteFinished has the same name as a method
</violation>
<violation beginline="258" endline="258" begincolumn="21" endcolumn="40" rule="RedundantFieldInitializer" ruleset="Performance" package="org.junit.tests.running.classes" class="ParentRunnerTest$CountingRunListener" variable="testSuiteFailure" externalInfoUrl="https://pmd.github.io/pmd/pmd_rules_java_performance.html#redundantfieldinitializer" priority="3">
Avoid using redundant field initializer for 'testSuiteFailure'
</violation>
<violation beginline="259" endline="259" begincolumn="21" endcolumn="50" rule="RedundantFieldInitializer" ruleset="Performance" package="org.junit.tests.running.classes" class="ParentRunnerTest$CountingRunListener" variable="testSuiteAssumptionFailure" externalInfoUrl="https://pmd.github.io/pmd/pmd_rules_java_performance.html#redundantfieldinitializer" priority="3">
Avoid using redundant field initializer for 'testSuiteAssumptionFailure'
</violation>
<violation beginline="261" endline="261" begincolumn="21" endcolumn="35" rule="RedundantFieldInitializer" ruleset="Performance" package="org.junit.tests.running.classes" class="ParentRunnerTest$CountingRunListener" variable="testStarted" externalInfoUrl="https://pmd.github.io/pmd/pmd_rules_java_performance.html#redundantfieldinitializer" priority="3">
Avoid using redundant field initializer for 'testStarted'
</violation>
<violation beginline="261" endline="261" begincolumn="17" endcolumn="36" rule="AvoidFieldNameMatchingMethodName" ruleset="Error Prone" package="org.junit.tests.running.classes" class="ParentRunnerTest$CountingRunListener" variable="VariableDeclaratorId" externalInfoUrl="https://pmd.github.io/pmd/pmd_rules_java_errorprone.html#avoidfieldnamematchingmethodname" priority="3">
Field testStarted has the same name as a method
</violation>
<violation beginline="262" endline="262" begincolumn="21" endcolumn="36" rule="RedundantFieldInitializer" ruleset="Performance" package="org.junit.tests.running.classes" class="ParentRunnerTest$CountingRunListener" variable="testFinished" externalInfoUrl="https://pmd.github.io/pmd/pmd_rules_java_performance.html#redundantfieldinitializer" priority="3">
Avoid using redundant field initializer for 'testFinished'
</violation>
<violation beginline="262" endline="262" begincolumn="17" endcolumn="37" rule="AvoidFieldNameMatchingMethodName" ruleset="Error Prone" package="org.junit.tests.running.classes" class="ParentRunnerTest$CountingRunListener" variable="VariableDeclaratorId" externalInfoUrl="https://pmd.github.io/pmd/pmd_rules_java_errorprone.html#avoidfieldnamematchingmethodname" priority="3">
Field testFinished has the same name as a method
</violation>
<violation beginline="263" endline="263" begincolumn="21" endcolumn="35" rule="RedundantFieldInitializer" ruleset="Performance" package="org.junit.tests.running.classes" class="ParentRunnerTest$CountingRunListener" variable="testFailure" externalInfoUrl="https://pmd.github.io/pmd/pmd_rules_java_performance.html#redundantfieldinitializer" priority="3">
Avoid using redundant field initializer for 'testFailure'
</violation>
<violation beginline="263" endline="263" begincolumn="17" endcolumn="36" rule="AvoidFieldNameMatchingMethodName" ruleset="Error Prone" package="org.junit.tests.running.classes" class="ParentRunnerTest$CountingRunListener" variable="VariableDeclaratorId" externalInfoUrl="https://pmd.github.io/pmd/pmd_rules_java_errorprone.html#avoidfieldnamematchingmethodname" priority="3">
Field testFailure has the same name as a method
</violation>
<violation beginline="264" endline="264" begincolumn="21" endcolumn="45" rule="RedundantFieldInitializer" ruleset="Performance" package="org.junit.tests.running.classes" class="ParentRunnerTest$CountingRunListener" variable="testAssumptionFailure" externalInfoUrl="https://pmd.github.io/pmd/pmd_rules_java_performance.html#redundantfieldinitializer" priority="3">
Avoid using redundant field initializer for 'testAssumptionFailure'
</violation>
<violation beginline="264" endline="264" begincolumn="17" endcolumn="46" rule="AvoidFieldNameMatchingMethodName" ruleset="Error Prone" package="org.junit.tests.running.classes" class="ParentRunnerTest$CountingRunListener" variable="VariableDeclaratorId" externalInfoUrl="https://pmd.github.io/pmd/pmd_rules_java_errorprone.html#avoidfieldnamematchingmethodname" priority="3">
Field testAssumptionFailure has the same name as a method
</violation>
<violation beginline="265" endline="265" begincolumn="21" endcolumn="35" rule="RedundantFieldInitializer" ruleset="Performance" package="org.junit.tests.running.classes" class="ParentRunnerTest$CountingRunListener" variable="testIgnored" externalInfoUrl="https://pmd.github.io/pmd/pmd_rules_java_performance.html#redundantfieldinitializer" priority="3">
Avoid using redundant field initializer for 'testIgnored'
</violation>
<violation beginline="265" endline="265" begincolumn="17" endcolumn="36" rule="AvoidFieldNameMatchingMethodName" ruleset="Error Prone" package="org.junit.tests.running.classes" class="ParentRunnerTest$CountingRunListener" variable="VariableDeclaratorId" externalInfoUrl="https://pmd.github.io/pmd/pmd_rules_java_errorprone.html#avoidfieldnamematchingmethodname" priority="3">
Field testIgnored has the same name as a method
</violation>
</file>
<file name="C:\Users\Deyan\Downloads\junit4-r4.13.2\src\test\java\org\junit\tests\running\classes\RunWithTest.java">
<violation beginline="45" endline="52" begincolumn="12" endcolumn="5" rule="JUnitTestContainsTooManyAsserts" ruleset="Best Practices" package="org.junit.tests.running.classes" class="RunWithTest" method="run" externalInfoUrl="https://pmd.github.io/pmd/pmd_rules_java_bestpractices.html#junittestcontainstoomanyasserts" priority="3">
Unit tests should not contain more than 1 assert(s).
</violation>
<violation beginline="49" endline="49" begincolumn="9" endcolumn="18" rule="JUnitAssertionsShouldIncludeMessage" ruleset="Best Practices" package="org.junit.tests.running.classes" class="RunWithTest" method="run" externalInfoUrl="https://pmd.github.io/pmd/pmd_rules_java_bestpractices.html#junitassertionsshouldincludemessage" priority="3">
JUnit assertions should include a message
</violation>
<violation beginline="50" endline="50" begincolumn="9" endcolumn="18" rule="JUnitAssertionsShouldIncludeMessage" ruleset="Best Practices" package="org.junit.tests.running.classes" class="RunWithTest" method="run" externalInfoUrl="https://pmd.github.io/pmd/pmd_rules_java_bestpractices.html#junitassertionsshouldincludemessage" priority="3">
JUnit assertions should include a message
</violation>
<violation beginline="51" endline="51" begincolumn="9" endcolumn="18" rule="JUnitAssertionsShouldIncludeMessage" ruleset="Best Practices" package="org.junit.tests.running.classes" class="RunWithTest" method="run" externalInfoUrl="https://pmd.github.io/pmd/pmd_rules_java_bestpractices.html#junitassertionsshouldincludemessage" priority="3">
JUnit assertions should include a message
</violation>
<violation beginline="62" endline="62" begincolumn="9" endcolumn="18" rule="JUnitAssertionsShouldIncludeMessage" ruleset="Best Practices" package="org.junit.tests.running.classes" class="RunWithTest" method="runWithExtendsToSubclasses" externalInfoUrl="https://pmd.github.io/pmd/pmd_rules_java_bestpractices.html#junitassertionsshouldincludemessage" priority="3">
JUnit assertions should include a message
</violation>
<violation beginline="83" endline="83" begincolumn="9" endcolumn="20" rule="JUnitAssertionsShouldIncludeMessage" ruleset="Best Practices" package="org.junit.tests.running.classes" class="RunWithTest" method="characterizeErrorMessageFromBadRunner" externalInfoUrl="https://pmd.github.io/pmd/pmd_rules_java_bestpractices.html#junitassertionsshouldincludemessage" priority="3">
JUnit assertions should include a message
</violation>
</file>
<file name="C:\Users\Deyan\Downloads\junit4-r4.13.2\src\test\java\org\junit\tests\running\classes\SuiteTest.java">
<violation beginline="1" endline="218" begincolumn="1" endcolumn="2" rule="TooManyStaticImports" ruleset="Code Style" package="org.junit.tests.running.classes" class="SuiteTest" externalInfoUrl="https://pmd.github.io/pmd/pmd_rules_java_codestyle.html#toomanystaticimports" priority="3">
Too many static imports may lead to messy code
</violation>
<violation beginline="29" endline="30" begincolumn="28" endcolumn="9" rule="UncommentedEmptyMethodBody" ruleset="Documentation" package="org.junit.tests.running.classes" class="SuiteTest$TestA" method="pass" externalInfoUrl="https://pmd.github.io/pmd/pmd_rules_java_documentation.html#uncommentedemptymethodbody" priority="3">
Document empty method body
</violation>
<violation beginline="29" endline="30" begincolumn="16" endcolumn="9" rule="JUnitTestsShouldIncludeAssert" ruleset="Best Practices" package="org.junit.tests.running.classes" class="SuiteTest$TestA" method="pass" externalInfoUrl="https://pmd.github.io/pmd/pmd_rules_java_bestpractices.html#junittestsshouldincludeassert" priority="3">
JUnit tests should include assert() or fail()
</violation>
<violation beginline="42" endline="43" begincolumn="19" endcolumn="5" rule="ShortClassName" ruleset="Code Style" package="org.junit.tests.running.classes" class="SuiteTest$All" externalInfoUrl="https://pmd.github.io/pmd/pmd_rules_java_codestyle.html#shortclassname" priority="4">
Avoid short class names like All
</violation>
<violation beginline="54" endline="54" begincolumn="42" endcolumn="43" rule="UncommentedEmptyMethodBody" ruleset="Documentation" package="org.junit.tests.running.classes" class="SuiteTest$NonPublicSuiteWithBeforeClass" method="doesNothing" externalInfoUrl="https://pmd.github.io/pmd/pmd_rules_java_documentation.html#uncommentedemptymethodbody" priority="3">
Document empty method body
</violation>
<violation beginline="61" endline="66" begincolumn="12" endcolumn="5" rule="JUnitTestContainsTooManyAsserts" ruleset="Best Practices" package="org.junit.tests.running.classes" class="SuiteTest" method="ensureTestIsRun" externalInfoUrl="https://pmd.github.io/pmd/pmd_rules_java_bestpractices.html#junittestcontainstoomanyasserts" priority="3">
Unit tests should not contain more than 1 assert(s).
</violation>
<violation beginline="64" endline="64" begincolumn="9" endcolumn="20" rule="JUnitAssertionsShouldIncludeMessage" ruleset="Best Practices" package="org.junit.tests.running.classes" class="SuiteTest" method="ensureTestIsRun" externalInfoUrl="https://pmd.github.io/pmd/pmd_rules_java_bestpractices.html#junitassertionsshouldincludemessage" priority="3">
JUnit assertions should include a message
</violation>
<violation beginline="65" endline="65" begincolumn="9" endcolumn="20" rule="JUnitAssertionsShouldIncludeMessage" ruleset="Best Practices" package="org.junit.tests.running.classes" class="SuiteTest" method="ensureTestIsRun" externalInfoUrl="https://pmd.github.io/pmd/pmd_rules_java_bestpractices.html#junitassertionsshouldincludemessage" priority="3">
JUnit assertions should include a message
</violation>
<violation beginline="69" endline="74" begincolumn="12" endcolumn="5" rule="JUnitTestContainsTooManyAsserts" ruleset="Best Practices" package="org.junit.tests.running.classes" class="SuiteTest" method="ensureInheritedTestIsRun" externalInfoUrl="https://pmd.github.io/pmd/pmd_rules_java_bestpractices.html#junittestcontainstoomanyasserts" priority="3">
Unit tests should not contain more than 1 assert(s).
</violation>
<violation beginline="72" endline="72" begincolumn="9" endcolumn="20" rule="JUnitAssertionsShouldIncludeMessage" ruleset="Best Practices" package="org.junit.tests.running.classes" class="SuiteTest" method="ensureInheritedTestIsRun" externalInfoUrl="https://pmd.github.io/pmd/pmd_rules_java_bestpractices.html#junitassertionsshouldincludemessage" priority="3">
JUnit assertions should include a message
</violation>
<violation beginline="73" endline="73" begincolumn="9" endcolumn="20" rule="JUnitAssertionsShouldIncludeMessage" ruleset="Best Practices" package="org.junit.tests.running.classes" class="SuiteTest" method="ensureInheritedTestIsRun" externalInfoUrl="https://pmd.github.io/pmd/pmd_rules_java_bestpractices.html#junitassertionsshouldincludemessage" priority="3">
JUnit assertions should include a message
</violation>
<violation beginline="77" endline="77" begincolumn="50" endcolumn="58" rule="SignatureDeclareThrowsException" ruleset="Design" package="org.junit.tests.running.classes" class="SuiteTest" method="suiteTestCountIsCorrect" externalInfoUrl="https://pmd.github.io/pmd/pmd_rules_java_design.html#signaturedeclarethrowsexception" priority="3">
A method/constructor should not explicitly throw java.lang.Exception
</violation>
<violation beginline="79" endline="79" begincolumn="9" endcolumn="20" rule="JUnitAssertionsShouldIncludeMessage" ruleset="Best Practices" package="org.junit.tests.running.classes" class="SuiteTest" method="suiteTestCountIsCorrect" externalInfoUrl="https://pmd.github.io/pmd/pmd_rules_java_bestpractices.html#junitassertionsshouldincludemessage" priority="3">
JUnit assertions should include a message
</violation>
<violation beginline="83" endline="88" begincolumn="12" endcolumn="5" rule="JUnitTestContainsTooManyAsserts" ruleset="Best Practices" package="org.junit.tests.running.classes" class="SuiteTest" method="suiteClassDoesNotNeedToBePublic" externalInfoUrl="https://pmd.github.io/pmd/pmd_rules_java_bestpractices.html#junittestcontainstoomanyasserts" priority="3">
Unit tests should not contain more than 1 assert(s).
</violation>
<violation beginline="86" endline="86" begincolumn="9" endcolumn="20" rule="JUnitAssertionsShouldIncludeMessage" ruleset="Best Practices" package="org.junit.tests.running.classes" class="SuiteTest" method="suiteClassDoesNotNeedToBePublic" externalInfoUrl="https://pmd.github.io/pmd/pmd_rules_java_bestpractices.html#junitassertionsshouldincludemessage" priority="3">
JUnit assertions should include a message
</violation>
<violation beginline="87" endline="87" begincolumn="9" endcolumn="20" rule="JUnitAssertionsShouldIncludeMessage" ruleset="Best Practices" package="org.junit.tests.running.classes" class="SuiteTest" method="suiteClassDoesNotNeedToBePublic" externalInfoUrl="https://pmd.github.io/pmd/pmd_rules_java_bestpractices.html#junitassertionsshouldincludemessage" priority="3">
JUnit assertions should include a message
</violation>
<violation beginline="92" endline="92" begincolumn="9" endcolumn="18" rule="JUnitAssertionsShouldIncludeMessage" ruleset="Best Practices" package="org.junit.tests.running.classes" class="SuiteTest" method="nonPublicSuiteClassWithBeforeClassPasses" externalInfoUrl="https://pmd.github.io/pmd/pmd_rules_java_bestpractices.html#junitassertionsshouldincludemessage" priority="3">
JUnit assertions should include a message
</violation>
<violation beginline="100" endline="100" begincolumn="9" endcolumn="20" rule="JUnitAssertionsShouldIncludeMessage" ruleset="Best Practices" package="org.junit.tests.running.classes" class="SuiteTest" method="ensureSuitesWorkWithForwardCompatibility" externalInfoUrl="https://pmd.github.io/pmd/pmd_rules_java_bestpractices.html#junitassertionsshouldincludemessage" priority="3">
JUnit assertions should include a message
</violation>
<violation beginline="107" endline="107" begincolumn="9" endcolumn="20" rule="JUnitAssertionsShouldIncludeMessage" ruleset="Best Practices" package="org.junit.tests.running.classes" class="SuiteTest" method="forwardCompatibilityWorksWithGetTests" externalInfoUrl="https://pmd.github.io/pmd/pmd_rules_java_bestpractices.html#junitassertionsshouldincludemessage" priority="3">
JUnit assertions should include a message
</violation>
<violation beginline="113" endline="113" begincolumn="9" endcolumn="20" rule="JUnitAssertionsShouldIncludeMessage" ruleset="Best Practices" package="org.junit.tests.running.classes" class="SuiteTest" method="forwardCompatibilityWorksWithTestCount" externalInfoUrl="https://pmd.github.io/pmd/pmd_rules_java_bestpractices.html#junitassertionsshouldincludemessage" priority="3">
JUnit assertions should include a message
</violation>
<violation beginline="117" endline="117" begincolumn="20" endcolumn="35" rule="FieldDeclarationsShouldBeAtStartOfClass" ruleset="Code Style" package="org.junit.tests.running.classes" class="SuiteTest" variable="VariableDeclaratorId" externalInfoUrl="https://pmd.github.io/pmd/pmd_rules_java_codestyle.html#fielddeclarationsshouldbeatstartofclass" priority="3">
Fields should be declared at the top of the class, before any method declarations, constructors, initializers or inner classes.
</violation>
<violation beginline="137" endline="137" begincolumn="9" endcolumn="20" rule="JUnitAssertionsShouldIncludeMessage" ruleset="Best Practices" package="org.junit.tests.running.classes" class="SuiteTest" method="beforeAndAfterClassRunOnSuite" externalInfoUrl="https://pmd.github.io/pmd/pmd_rules_java_bestpractices.html#junitassertionsshouldincludemessage" priority="3">
JUnit assertions should include a message
</violation>
<violation beginline="145" endline="152" begincolumn="12" endcolumn="5" rule="JUnitTestContainsTooManyAsserts" ruleset="Best Practices" package="org.junit.tests.running.classes" class="SuiteTest" method="withoutSuiteClassAnnotationProducesFailure" externalInfoUrl="https://pmd.github.io/pmd/pmd_rules_java_bestpractices.html#junittestcontainstoomanyasserts" priority="3">
Unit tests should not contain more than 1 assert(s).
</violation>
<violation beginline="147" endline="147" begincolumn="9" endcolumn="20" rule="JUnitAssertionsShouldIncludeMessage" ruleset="Best Practices" package="org.junit.tests.running.classes" class="SuiteTest" method="withoutSuiteClassAnnotationProducesFailure" externalInfoUrl="https://pmd.github.io/pmd/pmd_rules_java_bestpractices.html#junitassertionsshouldincludemessage" priority="3">
JUnit assertions should include a message
</violation>
<violation beginline="151" endline="151" begincolumn="9" endcolumn="20" rule="JUnitAssertionsShouldIncludeMessage" ruleset="Best Practices" package="org.junit.tests.running.classes" class="SuiteTest" method="withoutSuiteClassAnnotationProducesFailure" externalInfoUrl="https://pmd.github.io/pmd/pmd_rules_java_bestpractices.html#junitassertionsshouldincludemessage" priority="3">
JUnit assertions should include a message
</violation>
<violation beginline="162" endline="162" begincolumn="9" endcolumn="20" rule="JUnitAssertionsShouldIncludeMessage" ruleset="Best Practices" package="org.junit.tests.running.classes" class="SuiteTest" method="whatHappensWhenASuiteHasACycle" externalInfoUrl="https://pmd.github.io/pmd/pmd_rules_java_bestpractices.html#junitassertionsshouldincludemessage" priority="3">
JUnit assertions should include a message
</violation>
<violation beginline="173" endline="173" begincolumn="9" endcolumn="20" rule="JUnitAssertionsShouldIncludeMessage" ruleset="Best Practices" package="org.junit.tests.running.classes" class="SuiteTest" method="whatHappensWhenASuiteHasAForkingCycle" externalInfoUrl="https://pmd.github.io/pmd/pmd_rules_java_bestpractices.html#junitassertionsshouldincludemessage" priority="3">
JUnit assertions should include a message
</violation>
<violation beginline="193" endline="193" begincolumn="9" endcolumn="20" rule="JUnitAssertionsShouldIncludeMessage" ruleset="Best Practices" package="org.junit.tests.running.classes" class="SuiteTest" method="whatHappensWhenASuiteContainsItselfIndirectly" externalInfoUrl="https://pmd.github.io/pmd/pmd_rules_java_bestpractices.html#junitassertionsshouldincludemessage" priority="3">
JUnit assertions should include a message
</violation>
<violation beginline="199" endline="201" begincolumn="16" endcolumn="9" rule="UncommentedEmptyConstructor" ruleset="Documentation" package="org.junit.tests.running.classes" class="SuiteTest$WithoutDefaultConstructor" method="WithoutDefaultConstructor" externalInfoUrl="https://pmd.github.io/pmd/pmd_rules_java_documentation.html#uncommentedemptyconstructor" priority="3">
Document empty constructor
</violation>
<violation beginline="205" endline="205" begincolumn="67" endcolumn="75" rule="SignatureDeclareThrowsException" ruleset="Design" package="org.junit.tests.running.classes" class="SuiteTest" method="suiteShouldBeOKwithNonDefaultConstructor" externalInfoUrl="https://pmd.github.io/pmd/pmd_rules_java_design.html#signaturedeclarethrowsexception" priority="3">
A method/constructor should not explicitly throw java.lang.Exception
</violation>
<violation beginline="207" endline="207" begincolumn="9" endcolumn="18" rule="JUnitAssertionsShouldIncludeMessage" ruleset="Best Practices" package="org.junit.tests.running.classes" class="SuiteTest" method="suiteShouldBeOKwithNonDefaultConstructor" externalInfoUrl="https://pmd.github.io/pmd/pmd_rules_java_bestpractices.html#junitassertionsshouldincludemessage" priority="3">
JUnit assertions should include a message
</violation>
<violation beginline="216" endline="216" begincolumn="9" endcolumn="18" rule="JUnitAssertionsShouldIncludeMessage" ruleset="Best Practices" package="org.junit.tests.running.classes" class="SuiteTest" method="suiteShouldComplainAboutNoSuiteClassesAnnotation" externalInfoUrl="https://pmd.github.io/pmd/pmd_rules_java_bestpractices.html#junitassertionsshouldincludemessage" priority="3">
JUnit assertions should include a message
</violation>
</file>
<file name="C:\Users\Deyan\Downloads\junit4-r4.13.2\src\test\java\org\junit\tests\running\classes\ThreadsTest.java">
<violation beginline="22" endline="22" begincolumn="46" endcolumn="69" rule="UseDiamondOperator" ruleset="Code Style" package="org.junit.tests.running.classes" class="ThreadsTest" externalInfoUrl="https://pmd.github.io/pmd/pmd_rules_java_codestyle.html#usediamondoperator" priority="3">
Explicit type arguments can be replaced by Diamond Operator
</violation>
<violation beginline="22" endline="22" begincolumn="27" endcolumn="42" rule="ImmutableField" ruleset="Design" package="org.junit.tests.running.classes" class="ThreadsTest" variable="interruptedFlags" externalInfoUrl="https://pmd.github.io/pmd/pmd_rules_java_design.html#immutablefield" priority="3">
Private field 'interruptedFlags' could be made final; it is only initialized in the declaration or constructor.
</violation>
<violation beginline="23" endline="23" begincolumn="23" endcolumn="26" rule="ImmutableField" ruleset="Design" package="org.junit.tests.running.classes" class="ThreadsTest" variable="core" externalInfoUrl="https://pmd.github.io/pmd/pmd_rules_java_design.html#immutablefield" priority="3">
Private field 'core' could be made final; it is only initialized in the declaration or constructor.
</violation>
<violation beginline="28" endline="30" begincolumn="16" endcolumn="9" rule="JUnitTestsShouldIncludeAssert" ruleset="Best Practices" package="org.junit.tests.running.classes" class="ThreadsTest$TestWithInterrupt" method="interruptCurrentThread" externalInfoUrl="https://pmd.github.io/pmd/pmd_rules_java_bestpractices.html#junittestsshouldincludeassert" priority="3">
JUnit tests should include assert() or fail()
</violation>
<violation beginline="33" endline="35" begincolumn="16" endcolumn="9" rule="JUnitTestsShouldIncludeAssert" ruleset="Best Practices" package="org.junit.tests.running.classes" class="ThreadsTest$TestWithInterrupt" method="otherTestCaseInterruptingCurrentThread" externalInfoUrl="https://pmd.github.io/pmd/pmd_rules_java_bestpractices.html#junittestsshouldincludeassert" priority="3">
JUnit tests should include assert() or fail()
</violation>
<violation beginline="40" endline="52" begincolumn="12" endcolumn="5" rule="JUnitTestContainsTooManyAsserts" ruleset="Best Practices" package="org.junit.tests.running.classes" class="ThreadsTest" method="currentThreadInterruptedStatusIsClearedAfterEachTestExecution" externalInfoUrl="https://pmd.github.io/pmd/pmd_rules_java_bestpractices.html#junittestcontainstoomanyasserts" priority="3">
Unit tests should not contain more than 1 assert(s).
</violation>
<violation beginline="50" endline="50" begincolumn="9" endcolumn="20" rule="JUnitAssertionsShouldIncludeMessage" ruleset="Best Practices" package="org.junit.tests.running.classes" class="ThreadsTest" method="currentThreadInterruptedStatusIsClearedAfterEachTestExecution" externalInfoUrl="https://pmd.github.io/pmd/pmd_rules_java_bestpractices.html#junitassertionsshouldincludemessage" priority="3">
JUnit assertions should include a message
</violation>
<violation beginline="51" endline="51" begincolumn="9" endcolumn="20" rule="JUnitAssertionsShouldIncludeMessage" ruleset="Best Practices" package="org.junit.tests.running.classes" class="ThreadsTest" method="currentThreadInterruptedStatusIsClearedAfterEachTestExecution" externalInfoUrl="https://pmd.github.io/pmd/pmd_rules_java_bestpractices.html#junitassertionsshouldincludemessage" priority="3">
JUnit assertions should include a message
</violation>
<violation beginline="62" endline="64" begincolumn="16" endcolumn="9" rule="JUnitTestsShouldIncludeAssert" ruleset="Best Practices" package="org.junit.tests.running.classes" class="ThreadsTest$TestWithInterruptFromAfterClass" method="test" externalInfoUrl="https://pmd.github.io/pmd/pmd_rules_java_bestpractices.html#junittestsshouldincludeassert" priority="3">
JUnit tests should include assert() or fail()
</violation>
<violation beginline="68" endline="82" begincolumn="12" endcolumn="5" rule="JUnitTestContainsTooManyAsserts" ruleset="Best Practices" package="org.junit.tests.running.classes" class="ThreadsTest" method="currentThreadInterruptStatusIsClearedAfterSuiteExecution" externalInfoUrl="https://pmd.github.io/pmd/pmd_rules_java_bestpractices.html#junittestcontainstoomanyasserts" priority="3">
Unit tests should not contain more than 1 assert(s).
</violation>
<violation beginline="80" endline="80" begincolumn="9" endcolumn="20" rule="JUnitAssertionsShouldIncludeMessage" ruleset="Best Practices" package="org.junit.tests.running.classes" class="ThreadsTest" method="currentThreadInterruptStatusIsClearedAfterSuiteExecution" externalInfoUrl="https://pmd.github.io/pmd/pmd_rules_java_bestpractices.html#junitassertionsshouldincludemessage" priority="3">
JUnit assertions should include a message
</violation>
<violation beginline="81" endline="81" begincolumn="9" endcolumn="20" rule="JUnitAssertionsShouldIncludeMessage" ruleset="Best Practices" package="org.junit.tests.running.classes" class="ThreadsTest" method="currentThreadInterruptStatusIsClearedAfterSuiteExecution" externalInfoUrl="https://pmd.github.io/pmd/pmd_rules_java_bestpractices.html#junitassertionsshouldincludemessage" priority="3">
JUnit assertions should include a message
</violation>
</file>
<file name="C:\Users\Deyan\Downloads\junit4-r4.13.2\src\test\java\org\junit\tests\running\classes\UseSuiteAsASuperclassTest.java">
<violation beginline="17" endline="18" begincolumn="28" endcolumn="9" rule="UncommentedEmptyMethodBody" ruleset="Documentation" package="org.junit.tests.running.classes" class="UseSuiteAsASuperclassTest$TestA" method="pass" externalInfoUrl="https://pmd.github.io/pmd/pmd_rules_java_documentation.html#uncommentedemptymethodbody" priority="3">
Document empty method body
</violation>
<violation beginline="17" endline="18" begincolumn="16" endcolumn="9" rule="JUnitTestsShouldIncludeAssert" ruleset="Best Practices" package="org.junit.tests.running.classes" class="UseSuiteAsASuperclassTest$TestA" method="pass" externalInfoUrl="https://pmd.github.io/pmd/pmd_rules_java_bestpractices.html#junittestsshouldincludeassert" priority="3">
JUnit tests should include assert() or fail()
</violation>
<violation beginline="24" endline="24" begincolumn="13" endcolumn="16" rule="JUnitAssertionsShouldIncludeMessage" ruleset="Best Practices" package="org.junit.tests.running.classes" class="UseSuiteAsASuperclassTest$TestB" method="dontPass" externalInfoUrl="https://pmd.github.io/pmd/pmd_rules_java_bestpractices.html#junitassertionsshouldincludemessage" priority="3">
JUnit assertions should include a message
</violation>
<violation beginline="39" endline="44" begincolumn="12" endcolumn="5" rule="JUnitTestContainsTooManyAsserts" ruleset="Best Practices" package="org.junit.tests.running.classes" class="UseSuiteAsASuperclassTest" method="ensureTestsAreRun" externalInfoUrl="https://pmd.github.io/pmd/pmd_rules_java_bestpractices.html#junittestcontainstoomanyasserts" priority="3">
Unit tests should not contain more than 1 assert(s).
</violation>
<violation beginline="42" endline="42" begincolumn="9" endcolumn="20" rule="JUnitAssertionsShouldIncludeMessage" ruleset="Best Practices" package="org.junit.tests.running.classes" class="UseSuiteAsASuperclassTest" method="ensureTestsAreRun" externalInfoUrl="https://pmd.github.io/pmd/pmd_rules_java_bestpractices.html#junitassertionsshouldincludemessage" priority="3">
JUnit assertions should include a message
</violation>
<violation beginline="43" endline="43" begincolumn="9" endcolumn="20" rule="JUnitAssertionsShouldIncludeMessage" ruleset="Best Practices" package="org.junit.tests.running.classes" class="UseSuiteAsASuperclassTest" method="ensureTestsAreRun" externalInfoUrl="https://pmd.github.io/pmd/pmd_rules_java_bestpractices.html#junitassertionsshouldincludemessage" priority="3">
JUnit assertions should include a message
</violation>
</file>
<file name="C:\Users\Deyan\Downloads\junit4-r4.13.2\src\test\java\org\junit\tests\running\classes\parent\ParentRunnerClassLoaderTest.java">
<violation beginline="90" endline="92" begincolumn="16" endcolumn="9" rule="UselessOverridingMethod" ruleset="Design" package="org.junit.tests.running.classes.parent" class="ParentRunnerClassLoaderTest$VisibleClassLoader" method="findClass" externalInfoUrl="https://pmd.github.io/pmd/pmd_rules_java_design.html#uselessoverridingmethod" priority="3">
Overriding method merely calls super
</violation>
</file>
<file name="C:\Users\Deyan\Downloads\junit4-r4.13.2\src\test\java\org\junit\tests\running\core\CommandLineTest.java">
<violation beginline="15" endline="15" begincolumn="13" endcolumn="42" rule="SingularField" ruleset="Design" package="org.junit.tests.running.core" class="CommandLineTest" variable="VariableDeclaratorId" externalInfoUrl="https://pmd.github.io/pmd/pmd_rules_java_design.html#singularfield" priority="3">
Perhaps 'results' could be replaced by a local variable.
</violation>
<violation beginline="33" endline="35" begincolumn="16" endcolumn="9" rule="JUnitTestsShouldIncludeAssert" ruleset="Best Practices" package="org.junit.tests.running.core" class="CommandLineTest$Example" method="test" externalInfoUrl="https://pmd.github.io/pmd/pmd_rules_java_bestpractices.html#junittestsshouldincludeassert" priority="3">
JUnit tests should include assert() or fail()
</violation>
<violation beginline="46" endline="46" begincolumn="9" endcolumn="18" rule="JUnitAssertionsShouldIncludeMessage" ruleset="Best Practices" package="org.junit.tests.running.core" class="CommandLineTest" method="runATest" externalInfoUrl="https://pmd.github.io/pmd/pmd_rules_java_bestpractices.html#junitassertionsshouldincludemessage" priority="3">
JUnit assertions should include a message
</violation>
<violation beginline="53" endline="53" begincolumn="9" endcolumn="18" rule="JUnitAssertionsShouldIncludeMessage" ruleset="Best Practices" package="org.junit.tests.running.core" class="CommandLineTest" method="runAClass" externalInfoUrl="https://pmd.github.io/pmd/pmd_rules_java_bestpractices.html#junitassertionsshouldincludemessage" priority="3">
JUnit assertions should include a message
</violation>
<violation beginline="56" endline="56" begincolumn="20" endcolumn="30" rule="FieldDeclarationsShouldBeAtStartOfClass" ruleset="Code Style" package="org.junit.tests.running.core" class="CommandLineTest" variable="VariableDeclaratorId" externalInfoUrl="https://pmd.github.io/pmd/pmd_rules_java_codestyle.html#fielddeclarationsshouldbeatstartofclass" priority="3">
Fields should be declared at the top of the class, before any method declarations, constructors, initializers or inner classes.
</violation>
<violation beginline="60" endline="62" begincolumn="16" endcolumn="9" rule="JUnitTestsShouldIncludeAssert" ruleset="Best Practices" package="org.junit.tests.running.core" class="CommandLineTest$Count" method="increment" externalInfoUrl="https://pmd.github.io/pmd/pmd_rules_java_bestpractices.html#junittestsshouldincludeassert" priority="3">
JUnit tests should include assert() or fail()
</violation>
<violation beginline="69" endline="69" begincolumn="9" endcolumn="20" rule="JUnitAssertionsShouldIncludeMessage" ruleset="Best Practices" package="org.junit.tests.running.core" class="CommandLineTest" method="runTwoClassesAsArray" externalInfoUrl="https://pmd.github.io/pmd/pmd_rules_java_bestpractices.html#junitassertionsshouldincludemessage" priority="3">
JUnit assertions should include a message
</violation>
<violation beginline="76" endline="76" begincolumn="9" endcolumn="20" rule="JUnitAssertionsShouldIncludeMessage" ruleset="Best Practices" package="org.junit.tests.running.core" class="CommandLineTest" method="runTwoClasses" externalInfoUrl="https://pmd.github.io/pmd/pmd_rules_java_bestpractices.html#junitassertionsshouldincludemessage" priority="3">
JUnit assertions should include a message
</violation>
</file>
<file name="C:\Users\Deyan\Downloads\junit4-r4.13.2\src\test\java\org\junit\tests\running\core\JUnitCoreReturnsCorrectExitCodeTest.java">
<violation beginline="11" endline="16" begincolumn="19" endcolumn="5" rule="ShortClassName" ruleset="Code Style" package="org.junit.tests.running.core" class="JUnitCoreReturnsCorrectExitCodeTest$Fail" externalInfoUrl="https://pmd.github.io/pmd/pmd_rules_java_codestyle.html#shortclassname" priority="4">
Avoid short class names like Fail
</violation>
<violation beginline="14" endline="14" begincolumn="13" endcolumn="16" rule="JUnitAssertionsShouldIncludeMessage" ruleset="Best Practices" package="org.junit.tests.running.core" class="JUnitCoreReturnsCorrectExitCodeTest$Fail" method="kaboom" externalInfoUrl="https://pmd.github.io/pmd/pmd_rules_java_bestpractices.html#junitassertionsshouldincludemessage" priority="3">
JUnit assertions should include a message
</violation>
<violation beginline="19" endline="19" begincolumn="51" endcolumn="59" rule="SignatureDeclareThrowsException" ruleset="Design" package="org.junit.tests.running.core" class="JUnitCoreReturnsCorrectExitCodeTest" method="failureCausesExitCodeOf1" externalInfoUrl="https://pmd.github.io/pmd/pmd_rules_java_design.html#signaturedeclarethrowsexception" priority="3">
A method/constructor should not explicitly throw java.lang.Exception
</violation>
<violation beginline="19" endline="21" begincolumn="12" endcolumn="5" rule="JUnitTestsShouldIncludeAssert" ruleset="Best Practices" package="org.junit.tests.running.core" class="JUnitCoreReturnsCorrectExitCodeTest" method="failureCausesExitCodeOf1" externalInfoUrl="https://pmd.github.io/pmd/pmd_rules_java_bestpractices.html#junittestsshouldincludeassert" priority="3">
JUnit tests should include assert() or fail()
</violation>
<violation beginline="24" endline="24" begincolumn="56" endcolumn="64" rule="SignatureDeclareThrowsException" ruleset="Design" package="org.junit.tests.running.core" class="JUnitCoreReturnsCorrectExitCodeTest" method="missingClassCausesExitCodeOf1" externalInfoUrl="https://pmd.github.io/pmd/pmd_rules_java_design.html#signaturedeclarethrowsexception" priority="3">
A method/constructor should not explicitly throw java.lang.Exception
</violation>
<violation beginline="24" endline="26" begincolumn="12" endcolumn="5" rule="JUnitTestsShouldIncludeAssert" ruleset="Best Practices" package="org.junit.tests.running.core" class="JUnitCoreReturnsCorrectExitCodeTest" method="missingClassCausesExitCodeOf1" externalInfoUrl="https://pmd.github.io/pmd/pmd_rules_java_bestpractices.html#junittestsshouldincludeassert" priority="3">
JUnit tests should include assert() or fail()
</violation>
<violation beginline="30" endline="31" begincolumn="39" endcolumn="9" rule="UncommentedEmptyMethodBody" ruleset="Documentation" package="org.junit.tests.running.core" class="JUnitCoreReturnsCorrectExitCodeTest$Succeed" method="peacefulSilence" externalInfoUrl="https://pmd.github.io/pmd/pmd_rules_java_documentation.html#uncommentedemptymethodbody" priority="3">
Document empty method body
</violation>
<violation beginline="30" endline="31" begincolumn="16" endcolumn="9" rule="JUnitTestsShouldIncludeAssert" ruleset="Best Practices" package="org.junit.tests.running.core" class="JUnitCoreReturnsCorrectExitCodeTest$Succeed" method="peacefulSilence" externalInfoUrl="https://pmd.github.io/pmd/pmd_rules_java_bestpractices.html#junittestsshouldincludeassert" priority="3">
JUnit tests should include assert() or fail()
</violation>
<violation beginline="35" endline="35" begincolumn="51" endcolumn="59" rule="SignatureDeclareThrowsException" ruleset="Design" package="org.junit.tests.running.core" class="JUnitCoreReturnsCorrectExitCodeTest" method="successCausesExitCodeOf0" externalInfoUrl="https://pmd.github.io/pmd/pmd_rules_java_design.html#signaturedeclarethrowsexception" priority="3">
A method/constructor should not explicitly throw java.lang.Exception
</violation>
<violation beginline="35" endline="37" begincolumn="12" endcolumn="5" rule="JUnitTestsShouldIncludeAssert" ruleset="Best Practices" package="org.junit.tests.running.core" class="JUnitCoreReturnsCorrectExitCodeTest" method="successCausesExitCodeOf0" externalInfoUrl="https://pmd.github.io/pmd/pmd_rules_java_bestpractices.html#junittestsshouldincludeassert" priority="3">
JUnit tests should include assert() or fail()
</violation>
<violation beginline="45" endline="45" begincolumn="9" endcolumn="20" rule="JUnitAssertionsShouldIncludeMessage" ruleset="Best Practices" package="org.junit.tests.running.core" class="JUnitCoreReturnsCorrectExitCodeTest" method="runClass" externalInfoUrl="https://pmd.github.io/pmd/pmd_rules_java_bestpractices.html#junitassertionsshouldincludemessage" priority="3">
JUnit assertions should include a message
</violation>
</file>
<file name="C:\Users\Deyan\Downloads\junit4-r4.13.2\src\test\java\org\junit\tests\running\core\MainRunner.java">
<violation beginline="52" endline="52" begincolumn="21" endcolumn="26" rule="CloseResource" ruleset="Error Prone" package="org.junit.tests.running.core" class="MainRunner" method="runWithCheckForSystemExit" variable="oldOut" externalInfoUrl="https://pmd.github.io/pmd/pmd_rules_java_errorprone.html#closeresource" priority="3">
Ensure that resources like this PrintStream object are closed after use
</violation>
<violation beginline="57" endline="57" begincolumn="13" endcolumn="30" rule="SystemPrintln" ruleset="Best Practices" package="org.junit.tests.running.core" class="MainRunner" method="runWithCheckForSystemExit" externalInfoUrl="https://pmd.github.io/pmd/pmd_rules_java_bestpractices.html#systemprintln" priority="2">
System.out.println is used
</violation>
<violation beginline="60" endline="60" begincolumn="13" endcolumn="30" rule="SystemPrintln" ruleset="Best Practices" package="org.junit.tests.running.core" class="MainRunner" method="runWithCheckForSystemExit" externalInfoUrl="https://pmd.github.io/pmd/pmd_rules_java_bestpractices.html#systemprintln" priority="2">
System.out.println is used
</violation>
</file>
<file name="C:\Users\Deyan\Downloads\junit4-r4.13.2\src\test\java\org\junit\tests\running\core\SystemExitTest.java">
<violation beginline="15" endline="19" begincolumn="19" endcolumn="5" rule="ShortClassName" ruleset="Code Style" package="org.junit.tests.running.core" class="SystemExitTest$Exit" externalInfoUrl="https://pmd.github.io/pmd/pmd_rules_java_codestyle.html#shortclassname" priority="4">
Avoid short class names like Exit
</violation>
<violation beginline="22" endline="22" begincolumn="51" endcolumn="59" rule="SignatureDeclareThrowsException" ruleset="Design" package="org.junit.tests.running.core" class="SystemExitTest" method="failureCausesExitCodeOf1" externalInfoUrl="https://pmd.github.io/pmd/pmd_rules_java_design.html#signaturedeclarethrowsexception" priority="3">
A method/constructor should not explicitly throw java.lang.Exception
</violation>
<violation beginline="27" endline="27" begincolumn="21" endcolumn="25" rule="CloseResource" ruleset="Error Prone" package="org.junit.tests.running.core" class="SystemExitTest" method="failureCausesExitCodeOf1" variable="input" externalInfoUrl="https://pmd.github.io/pmd/pmd_rules_java_errorprone.html#closeresource" priority="3">
Ensure that resources like this InputStream object are closed after use
</violation>
<violation beginline="28" endline="28" begincolumn="38" endcolumn="38" rule="EmptyWhileStmt" ruleset="Error Prone" package="org.junit.tests.running.core" class="SystemExitTest" method="failureCausesExitCodeOf1" externalInfoUrl="https://pmd.github.io/pmd/pmd_rules_java_errorprone.html#emptywhilestmt" priority="3">
Avoid empty while statements
</violation>
<violation beginline="28" endline="28" begincolumn="9" endcolumn="38" rule="ControlStatementBraces" ruleset="Code Style" package="org.junit.tests.running.core" class="SystemExitTest" method="failureCausesExitCodeOf1" externalInfoUrl="https://pmd.github.io/pmd/pmd_rules_java_codestyle.html#controlstatementbraces" priority="3">
This statement should have braces
</violation>
<violation beginline="29" endline="29" begincolumn="9" endcolumn="20" rule="JUnitAssertionsShouldIncludeMessage" ruleset="Best Practices" package="org.junit.tests.running.core" class="SystemExitTest" method="failureCausesExitCodeOf1" externalInfoUrl="https://pmd.github.io/pmd/pmd_rules_java_bestpractices.html#junitassertionsshouldincludemessage" priority="3">
JUnit assertions should include a message
</violation>
</file>
<file name="C:\Users\Deyan\Downloads\junit4-r4.13.2\src\test\java\org\junit\tests\running\methods\AnnotationTest.java">
<violation beginline="1" endline="842" begincolumn="1" endcolumn="2" rule="TooManyStaticImports" ruleset="Code Style" package="org.junit.tests.running.methods" class="AnnotationTest" externalInfoUrl="https://pmd.github.io/pmd/pmd_rules_java_codestyle.html#toomanystaticimports" priority="3">
Too many static imports may lead to messy code
</violation>
<violation beginline="30" endline="30" begincolumn="5" endcolumn="23" rule="DefaultPackage" ruleset="Code Style" package="org.junit.tests.running.methods" class="AnnotationTest" externalInfoUrl="https://pmd.github.io/pmd/pmd_rules_java_codestyle.html#defaultpackage" priority="3">
Use explicit scoping instead of the default package private level
</violation>
<violation beginline="47" endline="47" begincolumn="9" endcolumn="18" rule="JUnitAssertionsShouldIncludeMessage" ruleset="Best Practices" package="org.junit.tests.running.methods" class="AnnotationTest" method="testAnnotatedMethod" externalInfoUrl="https://pmd.github.io/pmd/pmd_rules_java_bestpractices.html#junitassertionsshouldincludemessage" priority="3">
JUnit assertions should include a message
</violation>
<violation beginline="61" endline="61" begincolumn="9" endcolumn="18" rule="JUnitAssertionsShouldIncludeMessage" ruleset="Best Practices" package="org.junit.tests.running.methods" class="AnnotationTest" method="testAnnotatedMethodWithFutureProofExplicitRunner" externalInfoUrl="https://pmd.github.io/pmd/pmd_rules_java_bestpractices.html#junitassertionsshouldincludemessage" priority="3">
JUnit assertions should include a message
</violation>
<violation beginline="71" endline="72" begincolumn="31" endcolumn="9" rule="UncommentedEmptyMethodBody" ruleset="Documentation" package="org.junit.tests.running.methods" class="AnnotationTest$SetupTest" method="success" externalInfoUrl="https://pmd.github.io/pmd/pmd_rules_java_documentation.html#uncommentedemptymethodbody" priority="3">
Document empty method body
</violation>
<violation beginline="78" endline="78" begincolumn="9" endcolumn="18" rule="JUnitAssertionsShouldIncludeMessage" ruleset="Best Practices" package="org.junit.tests.running.methods" class="AnnotationTest" method="testSetup" externalInfoUrl="https://pmd.github.io/pmd/pmd_rules_java_bestpractices.html#junitassertionsshouldincludemessage" priority="3">
JUnit assertions should include a message
</violation>
<violation beginline="88" endline="89" begincolumn="31" endcolumn="9" rule="UncommentedEmptyMethodBody" ruleset="Documentation" package="org.junit.tests.running.methods" class="AnnotationTest$TeardownTest" method="success" externalInfoUrl="https://pmd.github.io/pmd/pmd_rules_java_documentation.html#uncommentedemptymethodbody" priority="3">
Document empty method body
</violation>
<violation beginline="95" endline="95" begincolumn="9" endcolumn="18" rule="JUnitAssertionsShouldIncludeMessage" ruleset="Best Practices" package="org.junit.tests.running.methods" class="AnnotationTest" method="testTeardown" externalInfoUrl="https://pmd.github.io/pmd/pmd_rules_java_bestpractices.html#junitassertionsshouldincludemessage" priority="3">
JUnit assertions should include a message
</violation>
<violation beginline="100" endline="100" begincolumn="36" endcolumn="44" rule="SignatureDeclareThrowsException" ruleset="Design" package="org.junit.tests.running.methods" class="AnnotationTest$FailureTest" method="error" externalInfoUrl="https://pmd.github.io/pmd/pmd_rules_java_design.html#signaturedeclarethrowsexception" priority="3">
A method/constructor should not explicitly throw java.lang.Exception
</violation>
<violation beginline="105" endline="111" begincolumn="12" endcolumn="5" rule="JUnitTestContainsTooManyAsserts" ruleset="Best Practices" package="org.junit.tests.running.methods" class="AnnotationTest" method="testRunFailure" externalInfoUrl="https://pmd.github.io/pmd/pmd_rules_java_bestpractices.html#junittestcontainstoomanyasserts" priority="3">
Unit tests should not contain more than 1 assert(s).
</violation>
<violation beginline="108" endline="108" begincolumn="9" endcolumn="20" rule="JUnitAssertionsShouldIncludeMessage" ruleset="Best Practices" package="org.junit.tests.running.methods" class="AnnotationTest" method="testRunFailure" externalInfoUrl="https://pmd.github.io/pmd/pmd_rules_java_bestpractices.html#junitassertionsshouldincludemessage" priority="3">
JUnit assertions should include a message
</violation>
<violation beginline="109" endline="109" begincolumn="9" endcolumn="20" rule="JUnitAssertionsShouldIncludeMessage" ruleset="Best Practices" package="org.junit.tests.running.methods" class="AnnotationTest" method="testRunFailure" externalInfoUrl="https://pmd.github.io/pmd/pmd_rules_java_bestpractices.html#junitassertionsshouldincludemessage" priority="3">
JUnit assertions should include a message
</violation>
<violation beginline="110" endline="110" begincolumn="9" endcolumn="20" rule="JUnitAssertionsShouldIncludeMessage" ruleset="Best Practices" package="org.junit.tests.running.methods" class="AnnotationTest" method="testRunFailure" externalInfoUrl="https://pmd.github.io/pmd/pmd_rules_java_bestpractices.html#junitassertionsshouldincludemessage" priority="3">
JUnit assertions should include a message
</violation>
<violation beginline="116" endline="116" begincolumn="23" endcolumn="27" rule="AvoidThrowingRawExceptionTypes" ruleset="Design" package="org.junit.tests.running.methods" class="AnnotationTest$SetupFailureTest" method="before" externalInfoUrl="https://pmd.github.io/pmd/pmd_rules_java_design.html#avoidthrowingrawexceptiontypes" priority="1">
Avoid throwing raw exception types.
</violation>
<violation beginline="120" endline="122" begincolumn="16" endcolumn="9" rule="JUnitTestsShouldIncludeAssert" ruleset="Best Practices" package="org.junit.tests.running.methods" class="AnnotationTest$SetupFailureTest" method="test" externalInfoUrl="https://pmd.github.io/pmd/pmd_rules_java_bestpractices.html#junittestsshouldincludeassert" priority="3">
JUnit tests should include assert() or fail()
</violation>
<violation beginline="125" endline="132" begincolumn="12" endcolumn="5" rule="JUnitTestContainsTooManyAsserts" ruleset="Best Practices" package="org.junit.tests.running.methods" class="AnnotationTest" method="testSetupFailure" externalInfoUrl="https://pmd.github.io/pmd/pmd_rules_java_bestpractices.html#junittestcontainstoomanyasserts" priority="3">
Unit tests should not contain more than 1 assert(s).
</violation>
<violation beginline="128" endline="128" begincolumn="9" endcolumn="20" rule="JUnitAssertionsShouldIncludeMessage" ruleset="Best Practices" package="org.junit.tests.running.methods" class="AnnotationTest" method="testSetupFailure" externalInfoUrl="https://pmd.github.io/pmd/pmd_rules_java_bestpractices.html#junitassertionsshouldincludemessage" priority="3">
JUnit assertions should include a message
</violation>
<violation beginline="129" endline="129" begincolumn="9" endcolumn="20" rule="JUnitAssertionsShouldIncludeMessage" ruleset="Best Practices" package="org.junit.tests.running.methods" class="AnnotationTest" method="testSetupFailure" externalInfoUrl="https://pmd.github.io/pmd/pmd_rules_java_bestpractices.html#junitassertionsshouldincludemessage" priority="3">
JUnit assertions should include a message
</violation>
<violation beginline="130" endline="130" begincolumn="9" endcolumn="20" rule="JUnitAssertionsShouldIncludeMessage" ruleset="Best Practices" package="org.junit.tests.running.methods" class="AnnotationTest" method="testSetupFailure" externalInfoUrl="https://pmd.github.io/pmd/pmd_rules_java_bestpractices.html#junitassertionsshouldincludemessage" priority="3">
JUnit assertions should include a message
</violation>
<violation beginline="131" endline="131" begincolumn="9" endcolumn="19" rule="JUnitAssertionsShouldIncludeMessage" ruleset="Best Practices" package="org.junit.tests.running.methods" class="AnnotationTest" method="testSetupFailure" externalInfoUrl="https://pmd.github.io/pmd/pmd_rules_java_bestpractices.html#junitassertionsshouldincludemessage" priority="3">
JUnit assertions should include a message
</violation>
<violation beginline="137" endline="137" begincolumn="23" endcolumn="27" rule="AvoidThrowingRawExceptionTypes" ruleset="Design" package="org.junit.tests.running.methods" class="AnnotationTest$TeardownFailureTest" method="after" externalInfoUrl="https://pmd.github.io/pmd/pmd_rules_java_design.html#avoidthrowingrawexceptiontypes" priority="1">
Avoid throwing raw exception types.
</violation>
<violation beginline="141" endline="142" begincolumn="28" endcolumn="9" rule="UncommentedEmptyMethodBody" ruleset="Documentation" package="org.junit.tests.running.methods" class="AnnotationTest$TeardownFailureTest" method="test" externalInfoUrl="https://pmd.github.io/pmd/pmd_rules_java_documentation.html#uncommentedemptymethodbody" priority="3">
Document empty method body
</violation>
<violation beginline="141" endline="142" begincolumn="16" endcolumn="9" rule="JUnitTestsShouldIncludeAssert" ruleset="Best Practices" package="org.junit.tests.running.methods" class="AnnotationTest$TeardownFailureTest" method="test" externalInfoUrl="https://pmd.github.io/pmd/pmd_rules_java_bestpractices.html#junittestsshouldincludeassert" priority="3">
JUnit tests should include assert() or fail()
</violation>
<violation beginline="145" endline="151" begincolumn="12" endcolumn="5" rule="JUnitTestContainsTooManyAsserts" ruleset="Best Practices" package="org.junit.tests.running.methods" class="AnnotationTest" method="testTeardownFailure" externalInfoUrl="https://pmd.github.io/pmd/pmd_rules_java_bestpractices.html#junittestcontainstoomanyasserts" priority="3">
Unit tests should not contain more than 1 assert(s).
</violation>
<violation beginline="148" endline="148" begincolumn="9" endcolumn="20" rule="JUnitAssertionsShouldIncludeMessage" ruleset="Best Practices" package="org.junit.tests.running.methods" class="AnnotationTest" method="testTeardownFailure" externalInfoUrl="https://pmd.github.io/pmd/pmd_rules_java_bestpractices.html#junitassertionsshouldincludemessage" priority="3">
JUnit assertions should include a message
</violation>
<violation beginline="149" endline="149" begincolumn="9" endcolumn="20" rule="JUnitAssertionsShouldIncludeMessage" ruleset="Best Practices" package="org.junit.tests.running.methods" class="AnnotationTest" method="testTeardownFailure" externalInfoUrl="https://pmd.github.io/pmd/pmd_rules_java_bestpractices.html#junitassertionsshouldincludemessage" priority="3">
JUnit assertions should include a message
</violation>
<violation beginline="150" endline="150" begincolumn="9" endcolumn="20" rule="JUnitAssertionsShouldIncludeMessage" ruleset="Best Practices" package="org.junit.tests.running.methods" class="AnnotationTest" method="testTeardownFailure" externalInfoUrl="https://pmd.github.io/pmd/pmd_rules_java_bestpractices.html#junitassertionsshouldincludemessage" priority="3">
JUnit assertions should include a message
</violation>
<violation beginline="156" endline="156" begincolumn="23" endcolumn="27" rule="AvoidThrowingRawExceptionTypes" ruleset="Design" package="org.junit.tests.running.methods" class="AnnotationTest$TestAndTeardownFailureTest" method="after" externalInfoUrl="https://pmd.github.io/pmd/pmd_rules_java_design.html#avoidthrowingrawexceptiontypes" priority="1">
Avoid throwing raw exception types.
</violation>
<violation beginline="160" endline="162" begincolumn="16" endcolumn="9" rule="JUnitTestsShouldIncludeAssert" ruleset="Best Practices" package="org.junit.tests.running.methods" class="AnnotationTest$TestAndTeardownFailureTest" method="test" externalInfoUrl="https://pmd.github.io/pmd/pmd_rules_java_bestpractices.html#junittestsshouldincludeassert" priority="3">
JUnit tests should include assert() or fail()
</violation>
<violation beginline="161" endline="161" begincolumn="23" endcolumn="31" rule="AvoidThrowingRawExceptionTypes" ruleset="Design" package="org.junit.tests.running.methods" class="AnnotationTest$TestAndTeardownFailureTest" method="test" externalInfoUrl="https://pmd.github.io/pmd/pmd_rules_java_design.html#avoidthrowingrawexceptiontypes" priority="1">
Avoid throwing raw exception types.
</violation>
<violation beginline="165" endline="171" begincolumn="12" endcolumn="5" rule="JUnitTestContainsTooManyAsserts" ruleset="Best Practices" package="org.junit.tests.running.methods" class="AnnotationTest" method="testTestAndTeardownFailure" externalInfoUrl="https://pmd.github.io/pmd/pmd_rules_java_bestpractices.html#junittestcontainstoomanyasserts" priority="3">
Unit tests should not contain more than 1 assert(s).
</violation>
<violation beginline="168" endline="168" begincolumn="9" endcolumn="20" rule="JUnitAssertionsShouldIncludeMessage" ruleset="Best Practices" package="org.junit.tests.running.methods" class="AnnotationTest" method="testTestAndTeardownFailure" externalInfoUrl="https://pmd.github.io/pmd/pmd_rules_java_bestpractices.html#junitassertionsshouldincludemessage" priority="3">
JUnit assertions should include a message
</violation>
<violation beginline="169" endline="169" begincolumn="9" endcolumn="20" rule="JUnitAssertionsShouldIncludeMessage" ruleset="Best Practices" package="org.junit.tests.running.methods" class="AnnotationTest" method="testTestAndTeardownFailure" externalInfoUrl="https://pmd.github.io/pmd/pmd_rules_java_bestpractices.html#junitassertionsshouldincludemessage" priority="3">
JUnit assertions should include a message
</violation>
<violation beginline="170" endline="170" begincolumn="9" endcolumn="18" rule="JUnitAssertionsShouldIncludeMessage" ruleset="Best Practices" package="org.junit.tests.running.methods" class="AnnotationTest" method="testTestAndTeardownFailure" externalInfoUrl="https://pmd.github.io/pmd/pmd_rules_java_bestpractices.html#junitassertionsshouldincludemessage" priority="3">
JUnit assertions should include a message
</violation>
<violation beginline="180" endline="182" begincolumn="16" endcolumn="9" rule="JUnitTestsShouldIncludeAssert" ruleset="Best Practices" package="org.junit.tests.running.methods" class="AnnotationTest$TeardownAfterFailureTest" method="test" externalInfoUrl="https://pmd.github.io/pmd/pmd_rules_java_bestpractices.html#junittestsshouldincludeassert" priority="3">
JUnit tests should include assert() or fail()
</violation>
<violation beginline="181" endline="181" begincolumn="23" endcolumn="31" rule="AvoidThrowingRawExceptionTypes" ruleset="Design" package="org.junit.tests.running.methods" class="AnnotationTest$TeardownAfterFailureTest" method="test" externalInfoUrl="https://pmd.github.io/pmd/pmd_rules_java_design.html#avoidthrowingrawexceptiontypes" priority="1">
Avoid throwing raw exception types.
</violation>
<violation beginline="188" endline="188" begincolumn="9" endcolumn="18" rule="JUnitAssertionsShouldIncludeMessage" ruleset="Best Practices" package="org.junit.tests.running.methods" class="AnnotationTest" method="testTeardownAfterFailure" externalInfoUrl="https://pmd.github.io/pmd/pmd_rules_java_bestpractices.html#junitassertionsshouldincludemessage" priority="3">
JUnit assertions should include a message
</violation>
<violation beginline="191" endline="191" begincolumn="12" endcolumn="21" rule="FieldDeclarationsShouldBeAtStartOfClass" ruleset="Code Style" package="org.junit.tests.running.methods" class="AnnotationTest" variable="VariableDeclaratorId" externalInfoUrl="https://pmd.github.io/pmd/pmd_rules_java_codestyle.html#fielddeclarationsshouldbeatstartofclass" priority="3">
Fields should be declared at the top of the class, before any method declarations, constructors, initializers or inner classes.
</violation>
<violation beginline="191" endline="191" begincolumn="5" endcolumn="21" rule="DefaultPackage" ruleset="Code Style" package="org.junit.tests.running.methods" class="AnnotationTest" externalInfoUrl="https://pmd.github.io/pmd/pmd_rules_java_codestyle.html#defaultpackage" priority="3">
Use explicit scoping instead of the default package private level
</violation>
<violation beginline="192" endline="192" begincolumn="12" endcolumn="36" rule="FieldDeclarationsShouldBeAtStartOfClass" ruleset="Code Style" package="org.junit.tests.running.methods" class="AnnotationTest" variable="VariableDeclaratorId" externalInfoUrl="https://pmd.github.io/pmd/pmd_rules_java_codestyle.html#fielddeclarationsshouldbeatstartofclass" priority="3">
Fields should be declared at the top of the class, before any method declarations, constructors, initializers or inner classes.
</violation>
<violation beginline="192" endline="192" begincolumn="5" endcolumn="36" rule="DefaultPackage" ruleset="Code Style" package="org.junit.tests.running.methods" class="AnnotationTest" externalInfoUrl="https://pmd.github.io/pmd/pmd_rules_java_codestyle.html#defaultpackage" priority="3">
Use explicit scoping instead of the default package private level
</violation>
<violation beginline="208" endline="215" begincolumn="12" endcolumn="5" rule="JUnitTestContainsTooManyAsserts" ruleset="Best Practices" package="org.junit.tests.running.methods" class="AnnotationTest" method="testTwoTests" externalInfoUrl="https://pmd.github.io/pmd/pmd_rules_java_bestpractices.html#junittestcontainstoomanyasserts" priority="3">
Unit tests should not contain more than 1 assert(s).
</violation>
<violation beginline="210" endline="210" begincolumn="17" endcolumn="37" rule="UseDiamondOperator" ruleset="Code Style" package="org.junit.tests.running.methods" class="AnnotationTest" method="testTwoTests" externalInfoUrl="https://pmd.github.io/pmd/pmd_rules_java_codestyle.html#usediamondoperator" priority="3">
Explicit type arguments can be replaced by Diamond Operator
</violation>
<violation beginline="213" endline="213" begincolumn="9" endcolumn="20" rule="JUnitAssertionsShouldIncludeMessage" ruleset="Best Practices" package="org.junit.tests.running.methods" class="AnnotationTest" method="testTwoTests" externalInfoUrl="https://pmd.github.io/pmd/pmd_rules_java_bestpractices.html#junitassertionsshouldincludemessage" priority="3">
JUnit assertions should include a message
</violation>
<violation beginline="214" endline="214" begincolumn="9" endcolumn="20" rule="JUnitAssertionsShouldIncludeMessage" ruleset="Best Practices" package="org.junit.tests.running.methods" class="AnnotationTest" method="testTwoTests" externalInfoUrl="https://pmd.github.io/pmd/pmd_rules_java_bestpractices.html#junitassertionsshouldincludemessage" priority="3">
JUnit assertions should include a message
</violation>
<violation beginline="218" endline="220" begincolumn="16" endcolumn="9" rule="JUnitTestsShouldIncludeAssert" ruleset="Best Practices" package="org.junit.tests.running.methods" class="AnnotationTest$OldTest" method="test" externalInfoUrl="https://pmd.github.io/pmd/pmd_rules_java_bestpractices.html#junittestsshouldincludeassert" priority="3">
JUnit tests should include assert() or fail()
</violation>
<violation beginline="226" endline="226" begincolumn="9" endcolumn="18" rule="JUnitAssertionsShouldIncludeMessage" ruleset="Best Practices" package="org.junit.tests.running.methods" class="AnnotationTest" method="testOldTest" externalInfoUrl="https://pmd.github.io/pmd/pmd_rules_java_bestpractices.html#junitassertionsshouldincludemessage" priority="3">
JUnit assertions should include a message
</violation>
<violation beginline="230" endline="232" begincolumn="16" endcolumn="9" rule="JUnitTestsShouldIncludeAssert" ruleset="Best Practices" package="org.junit.tests.running.methods" class="AnnotationTest$OldSuiteTest" method="testOne" externalInfoUrl="https://pmd.github.io/pmd/pmd_rules_java_bestpractices.html#junittestsshouldincludeassert" priority="3">
JUnit tests should include assert() or fail()
</violation>
<violation beginline="239" endline="239" begincolumn="9" endcolumn="18" rule="JUnitAssertionsShouldIncludeMessage" ruleset="Best Practices" package="org.junit.tests.running.methods" class="AnnotationTest" method="testOldSuiteTest" externalInfoUrl="https://pmd.github.io/pmd/pmd_rules_java_bestpractices.html#junitassertionsshouldincludemessage" priority="3">
JUnit assertions should include a message
</violation>
<violation beginline="245" endline="245" begincolumn="23" endcolumn="27" rule="AvoidThrowingRawExceptionTypes" ruleset="Design" package="org.junit.tests.running.methods" class="AnnotationTest$ExceptionTest" method="expectedException" externalInfoUrl="https://pmd.github.io/pmd/pmd_rules_java_design.html#avoidthrowingrawexceptiontypes" priority="1">
Avoid throwing raw exception types.
</violation>
<violation beginline="252" endline="252" begincolumn="9" endcolumn="20" rule="JUnitAssertionsShouldIncludeMessage" ruleset="Best Practices" package="org.junit.tests.running.methods" class="AnnotationTest" method="testException" externalInfoUrl="https://pmd.github.io/pmd/pmd_rules_java_bestpractices.html#junitassertionsshouldincludemessage" priority="3">
JUnit assertions should include a message
</violation>
<violation beginline="257" endline="258" begincolumn="41" endcolumn="9" rule="UncommentedEmptyMethodBody" ruleset="Documentation" package="org.junit.tests.running.methods" class="AnnotationTest$NoExceptionTest" method="expectedException" externalInfoUrl="https://pmd.github.io/pmd/pmd_rules_java_documentation.html#uncommentedemptymethodbody" priority="3">
Document empty method body
</violation>
<violation beginline="261" endline="266" begincolumn="12" endcolumn="5" rule="JUnitTestContainsTooManyAsserts" ruleset="Best Practices" package="org.junit.tests.running.methods" class="AnnotationTest" method="testExceptionNotThrown" externalInfoUrl="https://pmd.github.io/pmd/pmd_rules_java_bestpractices.html#junittestcontainstoomanyasserts" priority="3">
Unit tests should not contain more than 1 assert(s).
</violation>
<violation beginline="264" endline="264" begincolumn="9" endcolumn="20" rule="JUnitAssertionsShouldIncludeMessage" ruleset="Best Practices" package="org.junit.tests.running.methods" class="AnnotationTest" method="testExceptionNotThrown" externalInfoUrl="https://pmd.github.io/pmd/pmd_rules_java_bestpractices.html#junitassertionsshouldincludemessage" priority="3">
JUnit assertions should include a message
</violation>
<violation beginline="265" endline="265" begincolumn="9" endcolumn="20" rule="JUnitAssertionsShouldIncludeMessage" ruleset="Best Practices" package="org.junit.tests.running.methods" class="AnnotationTest" method="testExceptionNotThrown" externalInfoUrl="https://pmd.github.io/pmd/pmd_rules_java_bestpractices.html#junitassertionsshouldincludemessage" priority="3">
JUnit assertions should include a message
</violation>
<violation beginline="275" endline="276" begincolumn="27" endcolumn="9" rule="UncommentedEmptyMethodBody" ruleset="Documentation" package="org.junit.tests.running.methods" class="AnnotationTest$OneTimeSetup" method="one" externalInfoUrl="https://pmd.github.io/pmd/pmd_rules_java_documentation.html#uncommentedemptymethodbody" priority="3">
Document empty method body
</violation>
<violation beginline="279" endline="280" begincolumn="27" endcolumn="9" rule="UncommentedEmptyMethodBody" ruleset="Documentation" package="org.junit.tests.running.methods" class="AnnotationTest$OneTimeSetup" method="two" externalInfoUrl="https://pmd.github.io/pmd/pmd_rules_java_documentation.html#uncommentedemptymethodbody" priority="3">
Document empty method body
</violation>
<violation beginline="287" endline="287" begincolumn="9" endcolumn="20" rule="JUnitAssertionsShouldIncludeMessage" ruleset="Best Practices" package="org.junit.tests.running.methods" class="AnnotationTest" method="testOneTimeSetup" externalInfoUrl="https://pmd.github.io/pmd/pmd_rules_java_bestpractices.html#junitassertionsshouldincludemessage" priority="3">
JUnit assertions should include a message
</violation>
<violation beginline="297" endline="298" begincolumn="27" endcolumn="9" rule="UncommentedEmptyMethodBody" ruleset="Documentation" package="org.junit.tests.running.methods" class="AnnotationTest$OneTimeTeardown" method="one" externalInfoUrl="https://pmd.github.io/pmd/pmd_rules_java_documentation.html#uncommentedemptymethodbody" priority="3">
Document empty method body
</violation>
<violation beginline="301" endline="302" begincolumn="27" endcolumn="9" rule="UncommentedEmptyMethodBody" ruleset="Documentation" package="org.junit.tests.running.methods" class="AnnotationTest$OneTimeTeardown" method="two" externalInfoUrl="https://pmd.github.io/pmd/pmd_rules_java_documentation.html#uncommentedemptymethodbody" priority="3">
Document empty method body
</violation>
<violation beginline="309" endline="309" begincolumn="9" endcolumn="20" rule="JUnitAssertionsShouldIncludeMessage" ruleset="Best Practices" package="org.junit.tests.running.methods" class="AnnotationTest" method="testOneTimeTeardown" externalInfoUrl="https://pmd.github.io/pmd/pmd_rules_java_bestpractices.html#junitassertionsshouldincludemessage" priority="3">
JUnit assertions should include a message
</violation>
<violation beginline="312" endline="312" begincolumn="12" endcolumn="22" rule="FieldDeclarationsShouldBeAtStartOfClass" ruleset="Code Style" package="org.junit.tests.running.methods" class="AnnotationTest" variable="VariableDeclaratorId" externalInfoUrl="https://pmd.github.io/pmd/pmd_rules_java_codestyle.html#fielddeclarationsshouldbeatstartofclass" priority="3">
Fields should be declared at the top of the class, before any method declarations, constructors, initializers or inner classes.
</violation>
<violation beginline="312" endline="312" begincolumn="5" endcolumn="22" rule="DefaultPackage" ruleset="Code Style" package="org.junit.tests.running.methods" class="AnnotationTest" externalInfoUrl="https://pmd.github.io/pmd/pmd_rules_java_codestyle.html#defaultpackage" priority="3">
Use explicit scoping instead of the default package private level
</violation>
<violation beginline="326" endline="328" begincolumn="16" endcolumn="9" rule="JUnitTestsShouldIncludeAssert" ruleset="Best Practices" package="org.junit.tests.running.methods" class="AnnotationTest$OrderTest" method="test" externalInfoUrl="https://pmd.github.io/pmd/pmd_rules_java_bestpractices.html#junittestsshouldincludeassert" priority="3">
JUnit tests should include assert() or fail()
</violation>
<violation beginline="345" endline="345" begincolumn="9" endcolumn="20" rule="JUnitAssertionsShouldIncludeMessage" ruleset="Best Practices" package="org.junit.tests.running.methods" class="AnnotationTest" method="testOrder" externalInfoUrl="https://pmd.github.io/pmd/pmd_rules_java_bestpractices.html#junitassertionsshouldincludemessage" priority="3">
JUnit assertions should include a message
</violation>
<violation beginline="350" endline="351" begincolumn="28" endcolumn="9" rule="UncommentedEmptyMethodBody" ruleset="Documentation" package="org.junit.tests.running.methods" class="AnnotationTest$NonStaticOneTimeSetup" method="once" externalInfoUrl="https://pmd.github.io/pmd/pmd_rules_java_documentation.html#uncommentedemptymethodbody" priority="3">
Document empty method body
</violation>
<violation beginline="354" endline="355" begincolumn="29" endcolumn="9" rule="UncommentedEmptyMethodBody" ruleset="Documentation" package="org.junit.tests.running.methods" class="AnnotationTest$NonStaticOneTimeSetup" method="aTest" externalInfoUrl="https://pmd.github.io/pmd/pmd_rules_java_documentation.html#uncommentedemptymethodbody" priority="3">
Document empty method body
</violation>
<violation beginline="361" endline="361" begincolumn="9" endcolumn="20" rule="JUnitAssertionsShouldIncludeMessage" ruleset="Best Practices" package="org.junit.tests.running.methods" class="AnnotationTest" method="testNonStaticOneTimeSetup" externalInfoUrl="https://pmd.github.io/pmd/pmd_rules_java_bestpractices.html#junitassertionsshouldincludemessage" priority="3">
JUnit assertions should include a message
</violation>
<violation beginline="366" endline="366" begincolumn="44" endcolumn="52" rule="SignatureDeclareThrowsException" ruleset="Design" package="org.junit.tests.running.methods" class="AnnotationTest$ErrorInBeforeClass" method="before" externalInfoUrl="https://pmd.github.io/pmd/pmd_rules_java_design.html#signaturedeclarethrowsexception" priority="3">
A method/constructor should not explicitly throw java.lang.Exception
</violation>
<violation beginline="367" endline="367" begincolumn="23" endcolumn="31" rule="AvoidThrowingRawExceptionTypes" ruleset="Design" package="org.junit.tests.running.methods" class="AnnotationTest$ErrorInBeforeClass" method="before" externalInfoUrl="https://pmd.github.io/pmd/pmd_rules_java_design.html#avoidthrowingrawexceptiontypes" priority="1">
Avoid throwing raw exception types.
</violation>
<violation beginline="371" endline="373" begincolumn="16" endcolumn="9" rule="JUnitTestsShouldIncludeAssert" ruleset="Best Practices" package="org.junit.tests.running.methods" class="AnnotationTest$ErrorInBeforeClass" method="test" externalInfoUrl="https://pmd.github.io/pmd/pmd_rules_java_bestpractices.html#junittestsshouldincludeassert" priority="3">
JUnit tests should include assert() or fail()
</violation>
<violation beginline="376" endline="384" begincolumn="12" endcolumn="5" rule="JUnitTestContainsTooManyAsserts" ruleset="Best Practices" package="org.junit.tests.running.methods" class="AnnotationTest" method="testErrorInBeforeClass" externalInfoUrl="https://pmd.github.io/pmd/pmd_rules_java_bestpractices.html#junittestcontainstoomanyasserts" priority="3">
Unit tests should not contain more than 1 assert(s).
</violation>
<violation beginline="380" endline="380" begincolumn="9" endcolumn="19" rule="JUnitAssertionsShouldIncludeMessage" ruleset="Best Practices" package="org.junit.tests.running.methods" class="AnnotationTest" method="testErrorInBeforeClass" externalInfoUrl="https://pmd.github.io/pmd/pmd_rules_java_bestpractices.html#junitassertionsshouldincludemessage" priority="3">
JUnit assertions should include a message
</violation>
<violation beginline="381" endline="381" begincolumn="9" endcolumn="20" rule="JUnitAssertionsShouldIncludeMessage" ruleset="Best Practices" package="org.junit.tests.running.methods" class="AnnotationTest" method="testErrorInBeforeClass" externalInfoUrl="https://pmd.github.io/pmd/pmd_rules_java_bestpractices.html#junitassertionsshouldincludemessage" priority="3">
JUnit assertions should include a message
</violation>
<violation beginline="383" endline="383" begincolumn="9" endcolumn="20" rule="JUnitAssertionsShouldIncludeMessage" ruleset="Best Practices" package="org.junit.tests.running.methods" class="AnnotationTest" method="testErrorInBeforeClass" externalInfoUrl="https://pmd.github.io/pmd/pmd_rules_java_bestpractices.html#junitassertionsshouldincludemessage" priority="3">
JUnit assertions should include a message
</violation>
<violation beginline="388" endline="390" begincolumn="16" endcolumn="9" rule="JUnitTestsShouldIncludeAssert" ruleset="Best Practices" package="org.junit.tests.running.methods" class="AnnotationTest$ErrorInAfterClass" method="test" externalInfoUrl="https://pmd.github.io/pmd/pmd_rules_java_bestpractices.html#junittestsshouldincludeassert" priority="3">
JUnit tests should include assert() or fail()
</violation>
<violation beginline="393" endline="393" begincolumn="43" endcolumn="51" rule="SignatureDeclareThrowsException" ruleset="Design" package="org.junit.tests.running.methods" class="AnnotationTest$ErrorInAfterClass" method="after" externalInfoUrl="https://pmd.github.io/pmd/pmd_rules_java_design.html#signaturedeclarethrowsexception" priority="3">
A method/constructor should not explicitly throw java.lang.Exception
</violation>
<violation beginline="394" endline="394" begincolumn="23" endcolumn="31" rule="AvoidThrowingRawExceptionTypes" ruleset="Design" package="org.junit.tests.running.methods" class="AnnotationTest$ErrorInAfterClass" method="after" externalInfoUrl="https://pmd.github.io/pmd/pmd_rules_java_design.html#avoidthrowingrawexceptiontypes" priority="1">
Avoid throwing raw exception types.
</violation>
<violation beginline="398" endline="404" begincolumn="12" endcolumn="5" rule="JUnitTestContainsTooManyAsserts" ruleset="Best Practices" package="org.junit.tests.running.methods" class="AnnotationTest" method="testErrorInAfterClass" externalInfoUrl="https://pmd.github.io/pmd/pmd_rules_java_bestpractices.html#junittestcontainstoomanyasserts" priority="3">
Unit tests should not contain more than 1 assert(s).
</violation>
<violation beginline="402" endline="402" begincolumn="9" endcolumn="18" rule="JUnitAssertionsShouldIncludeMessage" ruleset="Best Practices" package="org.junit.tests.running.methods" class="AnnotationTest" method="testErrorInAfterClass" externalInfoUrl="https://pmd.github.io/pmd/pmd_rules_java_bestpractices.html#junitassertionsshouldincludemessage" priority="3">
JUnit assertions should include a message
</violation>
<violation beginline="403" endline="403" begincolumn="9" endcolumn="20" rule="JUnitAssertionsShouldIncludeMessage" ruleset="Best Practices" package="org.junit.tests.running.methods" class="AnnotationTest" method="testErrorInAfterClass" externalInfoUrl="https://pmd.github.io/pmd/pmd_rules_java_bestpractices.html#junitassertionsshouldincludemessage" priority="3">
JUnit assertions should include a message
</violation>
<violation beginline="450" endline="452" begincolumn="16" endcolumn="9" rule="JUnitTestsShouldIncludeAssert" ruleset="Best Practices" package="org.junit.tests.running.methods" class="AnnotationTest$SubInheritance" method="test" externalInfoUrl="https://pmd.github.io/pmd/pmd_rules_java_bestpractices.html#junittestsshouldincludeassert" priority="3">
JUnit tests should include assert() or fail()
</violation>
<violation beginline="451" endline="451" begincolumn="20" endcolumn="26" rule="AvoidDuplicateLiterals" ruleset="Error Prone" package="org.junit.tests.running.methods" class="AnnotationTest$SubInheritance" method="test" externalInfoUrl="https://pmd.github.io/pmd/pmd_rules_java_errorprone.html#avoidduplicateliterals" priority="3">
The String literal "Test " appears 9 times in this file; the first occurrence is on line 451
</violation>
<violation beginline="459" endline="459" begincolumn="9" endcolumn="20" rule="JUnitAssertionsShouldIncludeMessage" ruleset="Best Practices" package="org.junit.tests.running.methods" class="AnnotationTest" method="testOrderingOfInheritance" externalInfoUrl="https://pmd.github.io/pmd/pmd_rules_java_bestpractices.html#junitassertionsshouldincludemessage" priority="3">
JUnit assertions should include a message
</violation>
<violation beginline="462" endline="488" begincolumn="28" endcolumn="5" rule="AbstractClassWithoutAbstractMethod" ruleset="Best Practices" package="org.junit.tests.running.methods" class="AnnotationTest$SuperShadowing" externalInfoUrl="https://pmd.github.io/pmd/pmd_rules_java_bestpractices.html#abstractclasswithoutabstractmethod" priority="3">
This abstract class does not have any abstract methods
</violation>
<violation beginline="533" endline="535" begincolumn="16" endcolumn="9" rule="JUnitTestsShouldIncludeAssert" ruleset="Best Practices" package="org.junit.tests.running.methods" class="AnnotationTest$SubShadowing" method="test" externalInfoUrl="https://pmd.github.io/pmd/pmd_rules_java_bestpractices.html#junittestsshouldincludeassert" priority="3">
JUnit tests should include assert() or fail()
</violation>
<violation beginline="538" endline="546" begincolumn="12" endcolumn="5" rule="JUnitTestContainsTooManyAsserts" ruleset="Best Practices" package="org.junit.tests.running.methods" class="AnnotationTest" method="testShadowing" externalInfoUrl="https://pmd.github.io/pmd/pmd_rules_java_bestpractices.html#junittestcontainstoomanyasserts" priority="3">
Unit tests should not contain more than 1 assert(s).
</violation>
<violation beginline="540" endline="540" begincolumn="9" endcolumn="18" rule="JUnitAssertionsShouldIncludeMessage" ruleset="Best Practices" package="org.junit.tests.running.methods" class="AnnotationTest" method="testShadowing" externalInfoUrl="https://pmd.github.io/pmd/pmd_rules_java_bestpractices.html#junitassertionsshouldincludemessage" priority="3">
JUnit assertions should include a message
</violation>
<violation beginline="541" endline="541" begincolumn="9" endcolumn="20" rule="JUnitAssertionsShouldIncludeMessage" ruleset="Best Practices" package="org.junit.tests.running.methods" class="AnnotationTest" method="testShadowing" externalInfoUrl="https://pmd.github.io/pmd/pmd_rules_java_bestpractices.html#junitassertionsshouldincludemessage" priority="3">
JUnit assertions should include a message
</violation>
<violation beginline="548" endline="564" begincolumn="28" endcolumn="5" rule="AbstractClassWithoutAbstractMethod" ruleset="Best Practices" package="org.junit.tests.running.methods" class="AnnotationTest$SuperStaticMethodShadowing" externalInfoUrl="https://pmd.github.io/pmd/pmd_rules_java_bestpractices.html#abstractclasswithoutabstractmethod" priority="3">
This abstract class does not have any abstract methods
</violation>
<violation beginline="584" endline="586" begincolumn="16" endcolumn="9" rule="JUnitTestsShouldIncludeAssert" ruleset="Best Practices" package="org.junit.tests.running.methods" class="AnnotationTest$SubStaticMethodShadowing" method="test" externalInfoUrl="https://pmd.github.io/pmd/pmd_rules_java_bestpractices.html#junittestsshouldincludeassert" priority="3">
JUnit tests should include assert() or fail()
</violation>
<violation beginline="589" endline="597" begincolumn="12" endcolumn="5" rule="JUnitTestContainsTooManyAsserts" ruleset="Best Practices" package="org.junit.tests.running.methods" class="AnnotationTest" method="testStaticMethodsCanBeTreatedAsShadowed" externalInfoUrl="https://pmd.github.io/pmd/pmd_rules_java_bestpractices.html#junittestcontainstoomanyasserts" priority="3">
Unit tests should not contain more than 1 assert(s).
</violation>
<violation beginline="591" endline="591" begincolumn="9" endcolumn="18" rule="JUnitAssertionsShouldIncludeMessage" ruleset="Best Practices" package="org.junit.tests.running.methods" class="AnnotationTest" method="testStaticMethodsCanBeTreatedAsShadowed" externalInfoUrl="https://pmd.github.io/pmd/pmd_rules_java_bestpractices.html#junitassertionsshouldincludemessage" priority="3">
JUnit assertions should include a message
</violation>
<violation beginline="592" endline="592" begincolumn="9" endcolumn="20" rule="JUnitAssertionsShouldIncludeMessage" ruleset="Best Practices" package="org.junit.tests.running.methods" class="AnnotationTest" method="testStaticMethodsCanBeTreatedAsShadowed" externalInfoUrl="https://pmd.github.io/pmd/pmd_rules_java_bestpractices.html#junitassertionsshouldincludemessage" priority="3">
JUnit assertions should include a message
</violation>
<violation beginline="599" endline="613" begincolumn="28" endcolumn="5" rule="AbstractClassWithoutAnyMethod" ruleset="Design" package="org.junit.tests.running.methods" class="AnnotationTest$SuperFieldShadowing" externalInfoUrl="https://pmd.github.io/pmd/pmd_rules_java_design.html#abstractclasswithoutanymethod" priority="1">
No abstract method which means that the keyword is most likely used to prevent instantiation. Use a private or protected constructor instead.
</violation>
<violation beginline="599" endline="613" begincolumn="28" endcolumn="5" rule="AbstractClassWithoutAbstractMethod" ruleset="Best Practices" package="org.junit.tests.running.methods" class="AnnotationTest$SuperFieldShadowing" externalInfoUrl="https://pmd.github.io/pmd/pmd_rules_java_bestpractices.html#abstractclasswithoutabstractmethod" priority="3">
This abstract class does not have any abstract methods
</violation>
<violation beginline="621" endline="621" begincolumn="24" endcolumn="43" rule="AvoidDuplicateLiterals" ruleset="Error Prone" package="org.junit.tests.running.methods" class="AnnotationTest$SubFieldShadowing" method="before" externalInfoUrl="https://pmd.github.io/pmd/pmd_rules_java_errorprone.html#avoidduplicateliterals" priority="3">
The String literal "sub.rule.before() " appears 4 times in this file; the first occurrence is on line 621
</violation>
<violation beginline="626" endline="626" begincolumn="24" endcolumn="42" rule="AvoidDuplicateLiterals" ruleset="Error Prone" package="org.junit.tests.running.methods" class="AnnotationTest$SubFieldShadowing" method="after" externalInfoUrl="https://pmd.github.io/pmd/pmd_rules_java_errorprone.html#avoidduplicateliterals" priority="3">
The String literal "sub.rule.after() " appears 4 times in this file; the first occurrence is on line 626
</violation>
<violation beginline="631" endline="633" begincolumn="16" endcolumn="9" rule="JUnitTestsShouldIncludeAssert" ruleset="Best Practices" package="org.junit.tests.running.methods" class="AnnotationTest$SubFieldShadowing" method="test" externalInfoUrl="https://pmd.github.io/pmd/pmd_rules_java_bestpractices.html#junittestsshouldincludeassert" priority="3">
JUnit tests should include assert() or fail()
</violation>
<violation beginline="636" endline="644" begincolumn="12" endcolumn="5" rule="JUnitTestContainsTooManyAsserts" ruleset="Best Practices" package="org.junit.tests.running.methods" class="AnnotationTest" method="testFieldsShadowFieldsFromParent" externalInfoUrl="https://pmd.github.io/pmd/pmd_rules_java_bestpractices.html#junittestcontainstoomanyasserts" priority="3">
Unit tests should not contain more than 1 assert(s).
</violation>
<violation beginline="638" endline="638" begincolumn="9" endcolumn="18" rule="JUnitAssertionsShouldIncludeMessage" ruleset="Best Practices" package="org.junit.tests.running.methods" class="AnnotationTest" method="testFieldsShadowFieldsFromParent" externalInfoUrl="https://pmd.github.io/pmd/pmd_rules_java_bestpractices.html#junitassertionsshouldincludemessage" priority="3">
JUnit assertions should include a message
</violation>
<violation beginline="639" endline="639" begincolumn="9" endcolumn="20" rule="JUnitAssertionsShouldIncludeMessage" ruleset="Best Practices" package="org.junit.tests.running.methods" class="AnnotationTest" method="testFieldsShadowFieldsFromParent" externalInfoUrl="https://pmd.github.io/pmd/pmd_rules_java_bestpractices.html#junitassertionsshouldincludemessage" priority="3">
JUnit assertions should include a message
</violation>
<violation beginline="646" endline="660" begincolumn="28" endcolumn="5" rule="AbstractClassWithoutAnyMethod" ruleset="Design" package="org.junit.tests.running.methods" class="AnnotationTest$SuperStaticFieldShadowing" externalInfoUrl="https://pmd.github.io/pmd/pmd_rules_java_design.html#abstractclasswithoutanymethod" priority="1">
No abstract method which means that the keyword is most likely used to prevent instantiation. Use a private or protected constructor instead.
</violation>
<violation beginline="646" endline="660" begincolumn="28" endcolumn="5" rule="AbstractClassWithoutAbstractMethod" ruleset="Best Practices" package="org.junit.tests.running.methods" class="AnnotationTest$SuperStaticFieldShadowing" externalInfoUrl="https://pmd.github.io/pmd/pmd_rules_java_bestpractices.html#abstractclasswithoutabstractmethod" priority="3">
This abstract class does not have any abstract methods
</violation>
<violation beginline="678" endline="680" begincolumn="16" endcolumn="9" rule="JUnitTestsShouldIncludeAssert" ruleset="Best Practices" package="org.junit.tests.running.methods" class="AnnotationTest$SubStaticFieldShadowing" method="test" externalInfoUrl="https://pmd.github.io/pmd/pmd_rules_java_bestpractices.html#junittestsshouldincludeassert" priority="3">
JUnit tests should include assert() or fail()
</violation>
<violation beginline="683" endline="691" begincolumn="12" endcolumn="5" rule="JUnitTestContainsTooManyAsserts" ruleset="Best Practices" package="org.junit.tests.running.methods" class="AnnotationTest" method="testStaticFieldsCanBeTreatedAsShadowed" externalInfoUrl="https://pmd.github.io/pmd/pmd_rules_java_bestpractices.html#junittestcontainstoomanyasserts" priority="3">
Unit tests should not contain more than 1 assert(s).
</violation>
<violation beginline="685" endline="685" begincolumn="9" endcolumn="18" rule="JUnitAssertionsShouldIncludeMessage" ruleset="Best Practices" package="org.junit.tests.running.methods" class="AnnotationTest" method="testStaticFieldsCanBeTreatedAsShadowed" externalInfoUrl="https://pmd.github.io/pmd/pmd_rules_java_bestpractices.html#junitassertionsshouldincludemessage" priority="3">
JUnit assertions should include a message
</violation>
<violation beginline="686" endline="686" begincolumn="9" endcolumn="20" rule="JUnitAssertionsShouldIncludeMessage" ruleset="Best Practices" package="org.junit.tests.running.methods" class="AnnotationTest" method="testStaticFieldsCanBeTreatedAsShadowed" externalInfoUrl="https://pmd.github.io/pmd/pmd_rules_java_bestpractices.html#junitassertionsshouldincludemessage" priority="3">
JUnit assertions should include a message
</violation>
<violation beginline="713" endline="721" begincolumn="12" endcolumn="5" rule="JUnitTestContainsTooManyAsserts" ruleset="Best Practices" package="org.junit.tests.running.methods" class="AnnotationTest" method="testTestInheritance" externalInfoUrl="https://pmd.github.io/pmd/pmd_rules_java_bestpractices.html#junittestcontainstoomanyasserts" priority="3">
Unit tests should not contain more than 1 assert(s).
</violation>
<violation beginline="718" endline="718" begincolumn="9" endcolumn="18" rule="JUnitAssertionsShouldIncludeMessage" ruleset="Best Practices" package="org.junit.tests.running.methods" class="AnnotationTest" method="testTestInheritance" externalInfoUrl="https://pmd.github.io/pmd/pmd_rules_java_bestpractices.html#junitassertionsshouldincludemessage" priority="3">
JUnit assertions should include a message
</violation>
<violation beginline="719" endline="719" begincolumn="9" endcolumn="18" rule="JUnitAssertionsShouldIncludeMessage" ruleset="Best Practices" package="org.junit.tests.running.methods" class="AnnotationTest" method="testTestInheritance" externalInfoUrl="https://pmd.github.io/pmd/pmd_rules_java_bestpractices.html#junitassertionsshouldincludemessage" priority="3">
JUnit assertions should include a message
</violation>
<violation beginline="720" endline="720" begincolumn="9" endcolumn="19" rule="JUnitAssertionsShouldIncludeMessage" ruleset="Best Practices" package="org.junit.tests.running.methods" class="AnnotationTest" method="testTestInheritance" externalInfoUrl="https://pmd.github.io/pmd/pmd_rules_java_bestpractices.html#junitassertionsshouldincludemessage" priority="3">
JUnit assertions should include a message
</violation>
<violation beginline="725" endline="726" begincolumn="28" endcolumn="9" rule="UncommentedEmptyMethodBody" ruleset="Documentation" package="org.junit.tests.running.methods" class="AnnotationTest$RunAllAfters" method="good" externalInfoUrl="https://pmd.github.io/pmd/pmd_rules_java_documentation.html#uncommentedemptymethodbody" priority="3">
Document empty method body
</violation>
<violation beginline="730" endline="730" begincolumn="23" endcolumn="27" rule="AvoidThrowingRawExceptionTypes" ruleset="Design" package="org.junit.tests.running.methods" class="AnnotationTest$RunAllAfters" method="bad" externalInfoUrl="https://pmd.github.io/pmd/pmd_rules_java_design.html#avoidthrowingrawexceptiontypes" priority="1">
Avoid throwing raw exception types.
</violation>
<violation beginline="734" endline="735" begincolumn="29" endcolumn="9" rule="UncommentedEmptyMethodBody" ruleset="Documentation" package="org.junit.tests.running.methods" class="AnnotationTest$RunAllAfters" method="empty" externalInfoUrl="https://pmd.github.io/pmd/pmd_rules_java_documentation.html#uncommentedemptymethodbody" priority="3">
Document empty method body
</violation>
<violation beginline="739" endline="739" begincolumn="20" endcolumn="24" rule="AvoidDuplicateLiterals" ruleset="Error Prone" package="org.junit.tests.running.methods" class="AnnotationTest$RunAllAfters" method="one" externalInfoUrl="https://pmd.github.io/pmd/pmd_rules_java_errorprone.html#avoidduplicateliterals" priority="3">
The String literal "one" appears 8 times in this file; the first occurrence is on line 739
</violation>
<violation beginline="744" endline="744" begincolumn="20" endcolumn="24" rule="AvoidDuplicateLiterals" ruleset="Error Prone" package="org.junit.tests.running.methods" class="AnnotationTest$RunAllAfters" method="two" externalInfoUrl="https://pmd.github.io/pmd/pmd_rules_java_errorprone.html#avoidduplicateliterals" priority="3">
The String literal "two" appears 8 times in this file; the first occurrence is on line 744
</violation>
<violation beginline="748" endline="754" begincolumn="12" endcolumn="5" rule="JUnitTestContainsTooManyAsserts" ruleset="Best Practices" package="org.junit.tests.running.methods" class="AnnotationTest" method="testRunAllAfters" externalInfoUrl="https://pmd.github.io/pmd/pmd_rules_java_bestpractices.html#junittestcontainstoomanyasserts" priority="3">
Unit tests should not contain more than 1 assert(s).
</violation>
<violation beginline="752" endline="752" begincolumn="9" endcolumn="18" rule="JUnitAssertionsShouldIncludeMessage" ruleset="Best Practices" package="org.junit.tests.running.methods" class="AnnotationTest" method="testRunAllAfters" externalInfoUrl="https://pmd.github.io/pmd/pmd_rules_java_bestpractices.html#junitassertionsshouldincludemessage" priority="3">
JUnit assertions should include a message
</violation>
<violation beginline="753" endline="753" begincolumn="9" endcolumn="18" rule="JUnitAssertionsShouldIncludeMessage" ruleset="Best Practices" package="org.junit.tests.running.methods" class="AnnotationTest" method="testRunAllAfters" externalInfoUrl="https://pmd.github.io/pmd/pmd_rules_java_bestpractices.html#junitassertionsshouldincludemessage" priority="3">
JUnit assertions should include a message
</violation>
<violation beginline="758" endline="759" begincolumn="29" endcolumn="9" rule="UncommentedEmptyMethodBody" ruleset="Documentation" package="org.junit.tests.running.methods" class="AnnotationTest$RunAllAftersRegardless" method="empty" externalInfoUrl="https://pmd.github.io/pmd/pmd_rules_java_documentation.html#uncommentedemptymethodbody" priority="3">
Document empty method body
</violation>
<violation beginline="764" endline="764" begincolumn="23" endcolumn="27" rule="AvoidThrowingRawExceptionTypes" ruleset="Design" package="org.junit.tests.running.methods" class="AnnotationTest$RunAllAftersRegardless" method="one" externalInfoUrl="https://pmd.github.io/pmd/pmd_rules_java_design.html#avoidthrowingrawexceptiontypes" priority="1">
Avoid throwing raw exception types.
</violation>
<violation beginline="770" endline="770" begincolumn="23" endcolumn="27" rule="AvoidThrowingRawExceptionTypes" ruleset="Design" package="org.junit.tests.running.methods" class="AnnotationTest$RunAllAftersRegardless" method="two" externalInfoUrl="https://pmd.github.io/pmd/pmd_rules_java_design.html#avoidthrowingrawexceptiontypes" priority="1">
Avoid throwing raw exception types.
</violation>
<violation beginline="774" endline="781" begincolumn="12" endcolumn="5" rule="JUnitTestContainsTooManyAsserts" ruleset="Best Practices" package="org.junit.tests.running.methods" class="AnnotationTest" method="testRunAllAftersRegardless" externalInfoUrl="https://pmd.github.io/pmd/pmd_rules_java_bestpractices.html#junittestcontainstoomanyasserts" priority="3">
Unit tests should not contain more than 1 assert(s).
</violation>
<violation beginline="778" endline="778" begincolumn="9" endcolumn="18" rule="JUnitAssertionsShouldIncludeMessage" ruleset="Best Practices" package="org.junit.tests.running.methods" class="AnnotationTest" method="testRunAllAftersRegardless" externalInfoUrl="https://pmd.github.io/pmd/pmd_rules_java_bestpractices.html#junitassertionsshouldincludemessage" priority="3">
JUnit assertions should include a message
</violation>
<violation beginline="779" endline="779" begincolumn="9" endcolumn="18" rule="JUnitAssertionsShouldIncludeMessage" ruleset="Best Practices" package="org.junit.tests.running.methods" class="AnnotationTest" method="testRunAllAftersRegardless" externalInfoUrl="https://pmd.github.io/pmd/pmd_rules_java_bestpractices.html#junitassertionsshouldincludemessage" priority="3">
JUnit assertions should include a message
</violation>
<violation beginline="780" endline="780" begincolumn="9" endcolumn="20" rule="JUnitAssertionsShouldIncludeMessage" ruleset="Best Practices" package="org.junit.tests.running.methods" class="AnnotationTest" method="testRunAllAftersRegardless" externalInfoUrl="https://pmd.github.io/pmd/pmd_rules_java_bestpractices.html#junitassertionsshouldincludemessage" priority="3">
JUnit assertions should include a message
</violation>
<violation beginline="785" endline="786" begincolumn="28" endcolumn="9" rule="UncommentedEmptyMethodBody" ruleset="Documentation" package="org.junit.tests.running.methods" class="AnnotationTest$RunAllAfterClasses" method="good" externalInfoUrl="https://pmd.github.io/pmd/pmd_rules_java_documentation.html#uncommentedemptymethodbody" priority="3">
Document empty method body
</violation>
<violation beginline="790" endline="790" begincolumn="23" endcolumn="27" rule="AvoidThrowingRawExceptionTypes" ruleset="Design" package="org.junit.tests.running.methods" class="AnnotationTest$RunAllAfterClasses" method="bad" externalInfoUrl="https://pmd.github.io/pmd/pmd_rules_java_design.html#avoidthrowingrawexceptiontypes" priority="1">
Avoid throwing raw exception types.
</violation>
<violation beginline="794" endline="795" begincolumn="29" endcolumn="9" rule="UncommentedEmptyMethodBody" ruleset="Documentation" package="org.junit.tests.running.methods" class="AnnotationTest$RunAllAfterClasses" method="empty" externalInfoUrl="https://pmd.github.io/pmd/pmd_rules_java_documentation.html#uncommentedemptymethodbody" priority="3">
Document empty method body
</violation>
<violation beginline="808" endline="814" begincolumn="12" endcolumn="5" rule="JUnitTestContainsTooManyAsserts" ruleset="Best Practices" package="org.junit.tests.running.methods" class="AnnotationTest" method="testRunAllAfterClasses" externalInfoUrl="https://pmd.github.io/pmd/pmd_rules_java_bestpractices.html#junittestcontainstoomanyasserts" priority="3">
Unit tests should not contain more than 1 assert(s).
</violation>
<violation beginline="812" endline="812" begincolumn="9" endcolumn="18" rule="JUnitAssertionsShouldIncludeMessage" ruleset="Best Practices" package="org.junit.tests.running.methods" class="AnnotationTest" method="testRunAllAfterClasses" externalInfoUrl="https://pmd.github.io/pmd/pmd_rules_java_bestpractices.html#junitassertionsshouldincludemessage" priority="3">
JUnit assertions should include a message
</violation>
<violation beginline="813" endline="813" begincolumn="9" endcolumn="18" rule="JUnitAssertionsShouldIncludeMessage" ruleset="Best Practices" package="org.junit.tests.running.methods" class="AnnotationTest" method="testRunAllAfterClasses" externalInfoUrl="https://pmd.github.io/pmd/pmd_rules_java_bestpractices.html#junitassertionsshouldincludemessage" priority="3">
JUnit assertions should include a message
</violation>
<violation beginline="818" endline="819" begincolumn="29" endcolumn="9" rule="UncommentedEmptyMethodBody" ruleset="Documentation" package="org.junit.tests.running.methods" class="AnnotationTest$RunAllAfterClassesRegardless" method="empty" externalInfoUrl="https://pmd.github.io/pmd/pmd_rules_java_documentation.html#uncommentedemptymethodbody" priority="3">
Document empty method body
</violation>
<violation beginline="824" endline="824" begincolumn="23" endcolumn="27" rule="AvoidThrowingRawExceptionTypes" ruleset="Design" package="org.junit.tests.running.methods" class="AnnotationTest$RunAllAfterClassesRegardless" method="one" externalInfoUrl="https://pmd.github.io/pmd/pmd_rules_java_design.html#avoidthrowingrawexceptiontypes" priority="1">
Avoid throwing raw exception types.
</violation>
<violation beginline="830" endline="830" begincolumn="23" endcolumn="27" rule="AvoidThrowingRawExceptionTypes" ruleset="Design" package="org.junit.tests.running.methods" class="AnnotationTest$RunAllAfterClassesRegardless" method="two" externalInfoUrl="https://pmd.github.io/pmd/pmd_rules_java_design.html#avoidthrowingrawexceptiontypes" priority="1">
Avoid throwing raw exception types.
</violation>
<violation beginline="834" endline="841" begincolumn="12" endcolumn="5" rule="JUnitTestContainsTooManyAsserts" ruleset="Best Practices" package="org.junit.tests.running.methods" class="AnnotationTest" method="testRunAllAfterClassesRegardless" externalInfoUrl="https://pmd.github.io/pmd/pmd_rules_java_bestpractices.html#junittestcontainstoomanyasserts" priority="3">
Unit tests should not contain more than 1 assert(s).
</violation>
<violation beginline="838" endline="838" begincolumn="9" endcolumn="18" rule="JUnitAssertionsShouldIncludeMessage" ruleset="Best Practices" package="org.junit.tests.running.methods" class="AnnotationTest" method="testRunAllAfterClassesRegardless" externalInfoUrl="https://pmd.github.io/pmd/pmd_rules_java_bestpractices.html#junitassertionsshouldincludemessage" priority="3">
JUnit assertions should include a message
</violation>
<violation beginline="839" endline="839" begincolumn="9" endcolumn="18" rule="JUnitAssertionsShouldIncludeMessage" ruleset="Best Practices" package="org.junit.tests.running.methods" class="AnnotationTest" method="testRunAllAfterClassesRegardless" externalInfoUrl="https://pmd.github.io/pmd/pmd_rules_java_bestpractices.html#junitassertionsshouldincludemessage" priority="3">
JUnit assertions should include a message
</violation>
<violation beginline="840" endline="840" begincolumn="9" endcolumn="20" rule="JUnitAssertionsShouldIncludeMessage" ruleset="Best Practices" package="org.junit.tests.running.methods" class="AnnotationTest" method="testRunAllAfterClassesRegardless" externalInfoUrl="https://pmd.github.io/pmd/pmd_rules_java_bestpractices.html#junitassertionsshouldincludemessage" priority="3">
JUnit assertions should include a message
</violation>
</file>
<file name="C:\Users\Deyan\Downloads\junit4-r4.13.2\src\test\java\org\junit\tests\running\methods\ExpectedTest.java">
<violation beginline="17" endline="17" begincolumn="39" endcolumn="47" rule="SignatureDeclareThrowsException" ruleset="Design" package="org.junit.tests.running.methods" class="ExpectedTest$Expected" method="expected" externalInfoUrl="https://pmd.github.io/pmd/pmd_rules_java_design.html#signaturedeclarethrowsexception" priority="3">
A method/constructor should not explicitly throw java.lang.Exception
</violation>
<violation beginline="18" endline="18" begincolumn="23" endcolumn="31" rule="AvoidThrowingRawExceptionTypes" ruleset="Design" package="org.junit.tests.running.methods" class="ExpectedTest$Expected" method="expected" externalInfoUrl="https://pmd.github.io/pmd/pmd_rules_java_design.html#avoidthrowingrawexceptiontypes" priority="1">
Avoid throwing raw exception types.
</violation>
<violation beginline="26" endline="26" begincolumn="9" endcolumn="18" rule="JUnitAssertionsShouldIncludeMessage" ruleset="Best Practices" package="org.junit.tests.running.methods" class="ExpectedTest" method="expected" externalInfoUrl="https://pmd.github.io/pmd/pmd_rules_java_bestpractices.html#junitassertionsshouldincludemessage" priority="3">
JUnit assertions should include a message
</violation>
<violation beginline="31" endline="31" begincolumn="39" endcolumn="47" rule="SignatureDeclareThrowsException" ruleset="Design" package="org.junit.tests.running.methods" class="ExpectedTest$Unexpected" method="expected" externalInfoUrl="https://pmd.github.io/pmd/pmd_rules_java_design.html#signaturedeclarethrowsexception" priority="3">
A method/constructor should not explicitly throw java.lang.Exception
</violation>
<violation beginline="32" endline="32" begincolumn="23" endcolumn="27" rule="AvoidThrowingRawExceptionTypes" ruleset="Design" package="org.junit.tests.running.methods" class="ExpectedTest$Unexpected" method="expected" externalInfoUrl="https://pmd.github.io/pmd/pmd_rules_java_design.html#avoidthrowingrawexceptiontypes" priority="1">
Avoid throwing raw exception types.
</violation>
<violation beginline="37" endline="43" begincolumn="12" endcolumn="5" rule="JUnitTestContainsTooManyAsserts" ruleset="Best Practices" package="org.junit.tests.running.methods" class="ExpectedTest" method="unexpected" externalInfoUrl="https://pmd.github.io/pmd/pmd_rules_java_bestpractices.html#junittestcontainstoomanyasserts" priority="3">
Unit tests should not contain more than 1 assert(s).
</violation>
<violation beginline="41" endline="41" begincolumn="9" endcolumn="18" rule="JUnitAssertionsShouldIncludeMessage" ruleset="Best Practices" package="org.junit.tests.running.methods" class="ExpectedTest" method="unexpected" externalInfoUrl="https://pmd.github.io/pmd/pmd_rules_java_bestpractices.html#junitassertionsshouldincludemessage" priority="3">
JUnit assertions should include a message
</violation>
<violation beginline="42" endline="42" begincolumn="9" endcolumn="20" rule="JUnitAssertionsShouldIncludeMessage" ruleset="Best Practices" package="org.junit.tests.running.methods" class="ExpectedTest" method="unexpected" externalInfoUrl="https://pmd.github.io/pmd/pmd_rules_java_bestpractices.html#junitassertionsshouldincludemessage" priority="3">
JUnit assertions should include a message
</violation>
<violation beginline="47" endline="48" begincolumn="31" endcolumn="9" rule="UncommentedEmptyMethodBody" ruleset="Documentation" package="org.junit.tests.running.methods" class="ExpectedTest$NoneThrown" method="nothing" externalInfoUrl="https://pmd.github.io/pmd/pmd_rules_java_documentation.html#uncommentedemptymethodbody" priority="3">
Document empty method body
</violation>
<violation beginline="52" endline="58" begincolumn="12" endcolumn="5" rule="JUnitTestContainsTooManyAsserts" ruleset="Best Practices" package="org.junit.tests.running.methods" class="ExpectedTest" method="noneThrown" externalInfoUrl="https://pmd.github.io/pmd/pmd_rules_java_bestpractices.html#junittestcontainstoomanyasserts" priority="3">
Unit tests should not contain more than 1 assert(s).
</violation>
<violation beginline="55" endline="55" begincolumn="9" endcolumn="19" rule="JUnitAssertionsShouldIncludeMessage" ruleset="Best Practices" package="org.junit.tests.running.methods" class="ExpectedTest" method="noneThrown" externalInfoUrl="https://pmd.github.io/pmd/pmd_rules_java_bestpractices.html#junitassertionsshouldincludemessage" priority="3">
JUnit assertions should include a message
</violation>
<violation beginline="57" endline="57" begincolumn="9" endcolumn="18" rule="JUnitAssertionsShouldIncludeMessage" ruleset="Best Practices" package="org.junit.tests.running.methods" class="ExpectedTest" method="noneThrown" externalInfoUrl="https://pmd.github.io/pmd/pmd_rules_java_bestpractices.html#junitassertionsshouldincludemessage" priority="3">
JUnit assertions should include a message
</violation>
<violation beginline="69" endline="69" begincolumn="9" endcolumn="18" rule="JUnitAssertionsShouldIncludeMessage" ruleset="Best Practices" package="org.junit.tests.running.methods" class="ExpectedTest" method="expectsSuperclass" externalInfoUrl="https://pmd.github.io/pmd/pmd_rules_java_bestpractices.html#junitassertionsshouldincludemessage" priority="3">
JUnit assertions should include a message
</violation>
<violation beginline="81" endline="81" begincolumn="9" endcolumn="18" rule="JUnitAssertionsShouldIncludeMessage" ruleset="Best Practices" package="org.junit.tests.running.methods" class="ExpectedTest" method="expectsAssumptionViolatedException" externalInfoUrl="https://pmd.github.io/pmd/pmd_rules_java_bestpractices.html#junitassertionsshouldincludemessage" priority="3">
JUnit assertions should include a message
</violation>
</file>
<file name="C:\Users\Deyan\Downloads\junit4-r4.13.2\src\test\java\org\junit\tests\running\methods\InheritedTestTest.java">
<violation beginline="13" endline="17" begincolumn="28" endcolumn="5" rule="AbstractClassWithoutAbstractMethod" ruleset="Best Practices" package="org.junit.tests.running.methods" class="InheritedTestTest$Super" externalInfoUrl="https://pmd.github.io/pmd/pmd_rules_java_bestpractices.html#abstractclasswithoutabstractmethod" priority="3">
This abstract class does not have any abstract methods
</violation>
<violation beginline="15" endline="16" begincolumn="16" endcolumn="9" rule="EmptyMethodInAbstractClassShouldBeAbstract" ruleset="Code Style" package="org.junit.tests.running.methods" class="InheritedTestTest$Super" method="nothing" externalInfoUrl="https://pmd.github.io/pmd/pmd_rules_java_codestyle.html#emptymethodinabstractclassshouldbeabstract" priority="1">
An empty method in an abstract class should be abstract instead
</violation>
<violation beginline="15" endline="16" begincolumn="31" endcolumn="9" rule="UncommentedEmptyMethodBody" ruleset="Documentation" package="org.junit.tests.running.methods" class="InheritedTestTest$Super" method="nothing" externalInfoUrl="https://pmd.github.io/pmd/pmd_rules_java_documentation.html#uncommentedemptymethodbody" priority="3">
Document empty method body
</violation>
<violation beginline="15" endline="16" begincolumn="16" endcolumn="9" rule="JUnitTestsShouldIncludeAssert" ruleset="Best Practices" package="org.junit.tests.running.methods" class="InheritedTestTest$Super" method="nothing" externalInfoUrl="https://pmd.github.io/pmd/pmd_rules_java_bestpractices.html#junittestsshouldincludeassert" priority="3">
JUnit tests should include assert() or fail()
</violation>
<violation beginline="19" endline="20" begincolumn="19" endcolumn="5" rule="ShortClassName" ruleset="Code Style" package="org.junit.tests.running.methods" class="InheritedTestTest$Sub" externalInfoUrl="https://pmd.github.io/pmd/pmd_rules_java_codestyle.html#shortclassname" priority="4">
Avoid short class names like Sub
</violation>
<violation beginline="25" endline="25" begincolumn="9" endcolumn="18" rule="JUnitAssertionsShouldIncludeMessage" ruleset="Best Practices" package="org.junit.tests.running.methods" class="InheritedTestTest" method="subclassWithOnlyInheritedTestsRuns" externalInfoUrl="https://pmd.github.io/pmd/pmd_rules_java_bestpractices.html#junitassertionsshouldincludemessage" priority="3">
JUnit assertions should include a message
</violation>
<violation beginline="31" endline="31" begincolumn="13" endcolumn="16" rule="JUnitAssertionsShouldIncludeMessage" ruleset="Best Practices" package="org.junit.tests.running.methods" class="InheritedTestTest$SubWithBefore" method="gack" externalInfoUrl="https://pmd.github.io/pmd/pmd_rules_java_bestpractices.html#junitassertionsshouldincludemessage" priority="3">
JUnit assertions should include a message
</violation>
<violation beginline="37" endline="37" begincolumn="9" endcolumn="19" rule="JUnitAssertionsShouldIncludeMessage" ruleset="Best Practices" package="org.junit.tests.running.methods" class="InheritedTestTest" method="subclassWithInheritedTestAndOwnBeforeRunsBefore" externalInfoUrl="https://pmd.github.io/pmd/pmd_rules_java_bestpractices.html#junitassertionsshouldincludemessage" priority="3">
JUnit assertions should include a message
</violation>
</file>
<file name="C:\Users\Deyan\Downloads\junit4-r4.13.2\src\test\java\org\junit\tests\running\methods\ParameterizedTestMethodTest.java">
<violation beginline="136" endline="136" begincolumn="13" endcolumn="28" rule="FieldDeclarationsShouldBeAtStartOfClass" ruleset="Code Style" package="org.junit.tests.running.methods" class="ParameterizedTestMethodTest" variable="VariableDeclaratorId" externalInfoUrl="https://pmd.github.io/pmd/pmd_rules_java_codestyle.html#fielddeclarationsshouldbeatstartofclass" priority="3">
Fields should be declared at the top of the class, before any method declarations, constructors, initializers or inner classes.
</violation>
<violation beginline="136" endline="136" begincolumn="22" endcolumn="27" rule="ImmutableField" ruleset="Design" package="org.junit.tests.running.methods" class="ParameterizedTestMethodTest" variable="fClass" externalInfoUrl="https://pmd.github.io/pmd/pmd_rules_java_design.html#immutablefield" priority="3">
Private field 'fClass' could be made final; it is only initialized in the declaration or constructor.
</violation>
<violation beginline="137" endline="137" begincolumn="13" endcolumn="28" rule="FieldDeclarationsShouldBeAtStartOfClass" ruleset="Code Style" package="org.junit.tests.running.methods" class="ParameterizedTestMethodTest" variable="VariableDeclaratorId" externalInfoUrl="https://pmd.github.io/pmd/pmd_rules_java_codestyle.html#fielddeclarationsshouldbeatstartofclass" priority="3">
Fields should be declared at the top of the class, before any method declarations, constructors, initializers or inner classes.
</violation>
<violation beginline="137" endline="137" begincolumn="17" endcolumn="27" rule="ImmutableField" ruleset="Design" package="org.junit.tests.running.methods" class="ParameterizedTestMethodTest" variable="fErrorCount" externalInfoUrl="https://pmd.github.io/pmd/pmd_rules_java_design.html#immutablefield" priority="3">
Private field 'fErrorCount' could be made final; it is only initialized in the declaration or constructor.
</violation>
<violation beginline="140" endline="142" begincolumn="9" endcolumn="9" rule="DefaultPackage" ruleset="Code Style" package="org.junit.tests.running.methods" class="ParameterizedTestMethodTest$SuperWrong" externalInfoUrl="https://pmd.github.io/pmd/pmd_rules_java_codestyle.html#defaultpackage" priority="3">
Use explicit scoping instead of the default package private level
</violation>
<violation beginline="141" endline="142" begincolumn="26" endcolumn="9" rule="UncommentedEmptyMethodBody" ruleset="Documentation" package="org.junit.tests.running.methods" class="ParameterizedTestMethodTest$SuperWrong" method="notPublic" externalInfoUrl="https://pmd.github.io/pmd/pmd_rules_java_documentation.html#uncommentedemptymethodbody" priority="3">
Document empty method body
</violation>
<violation beginline="147" endline="148" begincolumn="32" endcolumn="9" rule="UncommentedEmptyMethodBody" ruleset="Documentation" package="org.junit.tests.running.methods" class="ParameterizedTestMethodTest$SubWrong" method="justFine" externalInfoUrl="https://pmd.github.io/pmd/pmd_rules_java_documentation.html#uncommentedemptymethodbody" priority="3">
Document empty method body
</violation>
<violation beginline="147" endline="148" begincolumn="16" endcolumn="9" rule="JUnitTestsShouldIncludeAssert" ruleset="Best Practices" package="org.junit.tests.running.methods" class="ParameterizedTestMethodTest$SubWrong" method="justFine" externalInfoUrl="https://pmd.github.io/pmd/pmd_rules_java_bestpractices.html#junittestsshouldincludeassert" priority="3">
JUnit tests should include assert() or fail()
</violation>
<violation beginline="154" endline="155" begincolumn="33" endcolumn="9" rule="UncommentedEmptyMethodBody" ruleset="Documentation" package="org.junit.tests.running.methods" class="ParameterizedTestMethodTest$SubShadows" method="notPublic" externalInfoUrl="https://pmd.github.io/pmd/pmd_rules_java_documentation.html#uncommentedemptymethodbody" priority="3">
Document empty method body
</violation>
<violation beginline="154" endline="155" begincolumn="16" endcolumn="9" rule="JUnitTestsShouldIncludeAssert" ruleset="Best Practices" package="org.junit.tests.running.methods" class="ParameterizedTestMethodTest$SubShadows" method="notPublic" externalInfoUrl="https://pmd.github.io/pmd/pmd_rules_java_bestpractices.html#junittestsshouldincludeassert" priority="3">
JUnit tests should include assert() or fail()
</violation>
<violation beginline="182" endline="182" begincolumn="9" endcolumn="20" rule="JUnitAssertionsShouldIncludeMessage" ruleset="Best Practices" package="org.junit.tests.running.methods" class="ParameterizedTestMethodTest" method="testFailures" externalInfoUrl="https://pmd.github.io/pmd/pmd_rules_java_bestpractices.html#junitassertionsshouldincludemessage" priority="3">
JUnit assertions should include a message
</violation>
</file>
<file name="C:\Users\Deyan\Downloads\junit4-r4.13.2\src\test\java\org\junit\tests\running\methods\TestMethodTest.java">
<violation beginline="139" endline="139" begincolumn="9" endcolumn="20" rule="JUnitAssertionsShouldIncludeMessage" ruleset="Best Practices" package="org.junit.tests.running.methods" class="TestMethodTest" method="testFailures" externalInfoUrl="https://pmd.github.io/pmd/pmd_rules_java_bestpractices.html#junitassertionsshouldincludemessage" priority="3">
JUnit assertions should include a message
</violation>
<violation beginline="143" endline="145" begincolumn="9" endcolumn="9" rule="DefaultPackage" ruleset="Code Style" package="org.junit.tests.running.methods" class="TestMethodTest$SuperWrong" externalInfoUrl="https://pmd.github.io/pmd/pmd_rules_java_codestyle.html#defaultpackage" priority="3">
Use explicit scoping instead of the default package private level
</violation>
<violation beginline="144" endline="145" begincolumn="26" endcolumn="9" rule="UncommentedEmptyMethodBody" ruleset="Documentation" package="org.junit.tests.running.methods" class="TestMethodTest$SuperWrong" method="notPublic" externalInfoUrl="https://pmd.github.io/pmd/pmd_rules_java_documentation.html#uncommentedemptymethodbody" priority="3">
Document empty method body
</violation>
<violation beginline="150" endline="151" begincolumn="32" endcolumn="9" rule="UncommentedEmptyMethodBody" ruleset="Documentation" package="org.junit.tests.running.methods" class="TestMethodTest$SubWrong" method="justFine" externalInfoUrl="https://pmd.github.io/pmd/pmd_rules_java_documentation.html#uncommentedemptymethodbody" priority="3">
Document empty method body
</violation>
<violation beginline="150" endline="151" begincolumn="16" endcolumn="9" rule="JUnitTestsShouldIncludeAssert" ruleset="Best Practices" package="org.junit.tests.running.methods" class="TestMethodTest$SubWrong" method="justFine" externalInfoUrl="https://pmd.github.io/pmd/pmd_rules_java_bestpractices.html#junittestsshouldincludeassert" priority="3">
JUnit tests should include assert() or fail()
</violation>
<violation beginline="155" endline="155" begincolumn="51" endcolumn="59" rule="SignatureDeclareThrowsException" ruleset="Design" package="org.junit.tests.running.methods" class="TestMethodTest" method="validateInheritedMethods" externalInfoUrl="https://pmd.github.io/pmd/pmd_rules_java_design.html#signaturedeclarethrowsexception" priority="3">
A method/constructor should not explicitly throw java.lang.Exception
</violation>
<violation beginline="157" endline="157" begincolumn="9" endcolumn="20" rule="JUnitAssertionsShouldIncludeMessage" ruleset="Best Practices" package="org.junit.tests.running.methods" class="TestMethodTest" method="validateInheritedMethods" externalInfoUrl="https://pmd.github.io/pmd/pmd_rules_java_bestpractices.html#junitassertionsshouldincludemessage" priority="3">
JUnit assertions should include a message
</violation>
<violation beginline="163" endline="164" begincolumn="33" endcolumn="9" rule="UncommentedEmptyMethodBody" ruleset="Documentation" package="org.junit.tests.running.methods" class="TestMethodTest$SubShadows" method="notPublic" externalInfoUrl="https://pmd.github.io/pmd/pmd_rules_java_documentation.html#uncommentedemptymethodbody" priority="3">
Document empty method body
</violation>
<violation beginline="163" endline="164" begincolumn="16" endcolumn="9" rule="JUnitTestsShouldIncludeAssert" ruleset="Best Practices" package="org.junit.tests.running.methods" class="TestMethodTest$SubShadows" method="notPublic" externalInfoUrl="https://pmd.github.io/pmd/pmd_rules_java_bestpractices.html#junittestsshouldincludeassert" priority="3">
JUnit tests should include assert() or fail()
</violation>
<violation beginline="168" endline="168" begincolumn="54" endcolumn="62" rule="SignatureDeclareThrowsException" ruleset="Design" package="org.junit.tests.running.methods" class="TestMethodTest" method="dontValidateShadowedMethods" externalInfoUrl="https://pmd.github.io/pmd/pmd_rules_java_design.html#signaturedeclarethrowsexception" priority="3">
A method/constructor should not explicitly throw java.lang.Exception
</violation>
<violation beginline="170" endline="170" begincolumn="9" endcolumn="18" rule="JUnitAssertionsShouldIncludeMessage" ruleset="Best Practices" package="org.junit.tests.running.methods" class="TestMethodTest" method="dontValidateShadowedMethods" externalInfoUrl="https://pmd.github.io/pmd/pmd_rules_java_bestpractices.html#junitassertionsshouldincludemessage" priority="3">
JUnit assertions should include a message
</violation>
<violation beginline="184" endline="185" begincolumn="29" endcolumn="9" rule="UncommentedEmptyMethodBody" ruleset="Documentation" package="org.junit.tests.running.methods" class="TestMethodTest$IgnoredTest" method="valid" externalInfoUrl="https://pmd.github.io/pmd/pmd_rules_java_documentation.html#uncommentedemptymethodbody" priority="3">
Document empty method body
</violation>
<violation beginline="184" endline="185" begincolumn="16" endcolumn="9" rule="JUnitTestsShouldIncludeAssert" ruleset="Best Practices" package="org.junit.tests.running.methods" class="TestMethodTest$IgnoredTest" method="valid" externalInfoUrl="https://pmd.github.io/pmd/pmd_rules_java_bestpractices.html#junittestsshouldincludeassert" priority="3">
JUnit tests should include assert() or fail()
</violation>
<violation beginline="189" endline="190" begincolumn="31" endcolumn="9" rule="UncommentedEmptyMethodBody" ruleset="Documentation" package="org.junit.tests.running.methods" class="TestMethodTest$IgnoredTest" method="ignored" externalInfoUrl="https://pmd.github.io/pmd/pmd_rules_java_documentation.html#uncommentedemptymethodbody" priority="3">
Document empty method body
</violation>
<violation beginline="189" endline="190" begincolumn="16" endcolumn="9" rule="JUnitTestsShouldIncludeAssert" ruleset="Best Practices" package="org.junit.tests.running.methods" class="TestMethodTest$IgnoredTest" method="ignored" externalInfoUrl="https://pmd.github.io/pmd/pmd_rules_java_bestpractices.html#junittestsshouldincludeassert" priority="3">
JUnit tests should include assert() or fail()
</violation>
<violation beginline="194" endline="195" begincolumn="34" endcolumn="9" rule="UncommentedEmptyMethodBody" ruleset="Documentation" package="org.junit.tests.running.methods" class="TestMethodTest$IgnoredTest" method="withReason" externalInfoUrl="https://pmd.github.io/pmd/pmd_rules_java_documentation.html#uncommentedemptymethodbody" priority="3">
Document empty method body
</violation>
<violation beginline="194" endline="195" begincolumn="16" endcolumn="9" rule="JUnitTestsShouldIncludeAssert" ruleset="Best Practices" package="org.junit.tests.running.methods" class="TestMethodTest$IgnoredTest" method="withReason" externalInfoUrl="https://pmd.github.io/pmd/pmd_rules_java_bestpractices.html#junittestsshouldincludeassert" priority="3">
JUnit tests should include assert() or fail()
</violation>
<violation beginline="199" endline="204" begincolumn="12" endcolumn="5" rule="JUnitTestContainsTooManyAsserts" ruleset="Best Practices" package="org.junit.tests.running.methods" class="TestMethodTest" method="ignoreRunner" externalInfoUrl="https://pmd.github.io/pmd/pmd_rules_java_bestpractices.html#junittestcontainstoomanyasserts" priority="3">
Unit tests should not contain more than 1 assert(s).
</violation>
<violation beginline="202" endline="202" begincolumn="9" endcolumn="20" rule="JUnitAssertionsShouldIncludeMessage" ruleset="Best Practices" package="org.junit.tests.running.methods" class="TestMethodTest" method="ignoreRunner" externalInfoUrl="https://pmd.github.io/pmd/pmd_rules_java_bestpractices.html#junitassertionsshouldincludemessage" priority="3">
JUnit assertions should include a message
</violation>
<violation beginline="203" endline="203" begincolumn="9" endcolumn="20" rule="JUnitAssertionsShouldIncludeMessage" ruleset="Best Practices" package="org.junit.tests.running.methods" class="TestMethodTest" method="ignoreRunner" externalInfoUrl="https://pmd.github.io/pmd/pmd_rules_java_bestpractices.html#junitassertionsshouldincludemessage" priority="3">
JUnit assertions should include a message
</violation>
<violation beginline="210" endline="210" begincolumn="9" endcolumn="20" rule="JUnitAssertionsShouldIncludeMessage" ruleset="Best Practices" package="org.junit.tests.running.methods" class="TestMethodTest" method="compatibility" externalInfoUrl="https://pmd.github.io/pmd/pmd_rules_java_bestpractices.html#junitassertionsshouldincludemessage" priority="3">
JUnit assertions should include a message
</violation>
<violation beginline="215" endline="216" begincolumn="16" endcolumn="9" rule="ShortMethodName" ruleset="Code Style" package="org.junit.tests.running.methods" class="TestMethodTest$Confused" method="a" externalInfoUrl="https://pmd.github.io/pmd/pmd_rules_java_codestyle.html#shortmethodname" priority="3">
Avoid using short method names
</violation>
<violation beginline="215" endline="216" begincolumn="33" endcolumn="9" rule="UncommentedEmptyMethodBody" ruleset="Documentation" package="org.junit.tests.running.methods" class="TestMethodTest$Confused" method="a" externalInfoUrl="https://pmd.github.io/pmd/pmd_rules_java_documentation.html#uncommentedemptymethodbody" priority="3">
Document empty method body
</violation>
<violation beginline="215" endline="216" begincolumn="16" endcolumn="9" rule="JUnitTestsShouldIncludeAssert" ruleset="Best Practices" package="org.junit.tests.running.methods" class="TestMethodTest$Confused" method="a" externalInfoUrl="https://pmd.github.io/pmd/pmd_rules_java_bestpractices.html#junittestsshouldincludeassert" priority="3">
JUnit tests should include assert() or fail()
</violation>
<violation beginline="219" endline="220" begincolumn="16" endcolumn="9" rule="ShortMethodName" ruleset="Code Style" package="org.junit.tests.running.methods" class="TestMethodTest$Confused" method="a" externalInfoUrl="https://pmd.github.io/pmd/pmd_rules_java_codestyle.html#shortmethodname" priority="3">
Avoid using short method names
</violation>
<violation beginline="219" endline="220" begincolumn="25" endcolumn="9" rule="UncommentedEmptyMethodBody" ruleset="Documentation" package="org.junit.tests.running.methods" class="TestMethodTest$Confused" method="a" externalInfoUrl="https://pmd.github.io/pmd/pmd_rules_java_documentation.html#uncommentedemptymethodbody" priority="3">
Document empty method body
</violation>
<violation beginline="219" endline="220" begincolumn="16" endcolumn="9" rule="JUnitTestsShouldIncludeAssert" ruleset="Best Practices" package="org.junit.tests.running.methods" class="TestMethodTest$Confused" method="a" externalInfoUrl="https://pmd.github.io/pmd/pmd_rules_java_bestpractices.html#junittestsshouldincludeassert" priority="3">
JUnit tests should include assert() or fail()
</violation>
<violation beginline="229" endline="230" begincolumn="16" endcolumn="9" rule="UncommentedEmptyConstructor" ruleset="Documentation" package="org.junit.tests.running.methods" class="TestMethodTest$ConstructorParameter" method="ConstructorParameter" externalInfoUrl="https://pmd.github.io/pmd/pmd_rules_java_documentation.html#uncommentedemptyconstructor" priority="3">
Document empty constructor
</violation>
<violation beginline="233" endline="234" begincolumn="16" endcolumn="9" rule="ShortMethodName" ruleset="Code Style" package="org.junit.tests.running.methods" class="TestMethodTest$ConstructorParameter" method="a" externalInfoUrl="https://pmd.github.io/pmd/pmd_rules_java_codestyle.html#shortmethodname" priority="3">
Avoid using short method names
</violation>
<violation beginline="233" endline="234" begincolumn="25" endcolumn="9" rule="UncommentedEmptyMethodBody" ruleset="Documentation" package="org.junit.tests.running.methods" class="TestMethodTest$ConstructorParameter" method="a" externalInfoUrl="https://pmd.github.io/pmd/pmd_rules_java_documentation.html#uncommentedemptymethodbody" priority="3">
Document empty method body
</violation>
<violation beginline="233" endline="234" begincolumn="16" endcolumn="9" rule="JUnitTestsShouldIncludeAssert" ruleset="Best Practices" package="org.junit.tests.running.methods" class="TestMethodTest$ConstructorParameter" method="a" externalInfoUrl="https://pmd.github.io/pmd/pmd_rules_java_bestpractices.html#junittestsshouldincludeassert" priority="3">
JUnit tests should include assert() or fail()
</violation>
<violation beginline="245" endline="246" begincolumn="31" endcolumn="9" rule="UncommentedEmptyMethodBody" ruleset="Documentation" package="org.junit.tests.running.methods" class="TestMethodTest$OnlyTestIsIgnored" method="ignored" externalInfoUrl="https://pmd.github.io/pmd/pmd_rules_java_documentation.html#uncommentedemptymethodbody" priority="3">
Document empty method body
</violation>
<violation beginline="245" endline="246" begincolumn="16" endcolumn="9" rule="JUnitTestsShouldIncludeAssert" ruleset="Best Practices" package="org.junit.tests.running.methods" class="TestMethodTest$OnlyTestIsIgnored" method="ignored" externalInfoUrl="https://pmd.github.io/pmd/pmd_rules_java_bestpractices.html#junittestsshouldincludeassert" priority="3">
JUnit tests should include assert() or fail()
</violation>
<violation beginline="250" endline="254" begincolumn="12" endcolumn="5" rule="JUnitTestContainsTooManyAsserts" ruleset="Best Practices" package="org.junit.tests.running.methods" class="TestMethodTest" method="onlyIgnoredMethodsIsStillFineTestClass" externalInfoUrl="https://pmd.github.io/pmd/pmd_rules_java_bestpractices.html#junittestcontainstoomanyasserts" priority="3">
Unit tests should not contain more than 1 assert(s).
</violation>
<violation beginline="252" endline="252" begincolumn="9" endcolumn="20" rule="JUnitAssertionsShouldIncludeMessage" ruleset="Best Practices" package="org.junit.tests.running.methods" class="TestMethodTest" method="onlyIgnoredMethodsIsStillFineTestClass" externalInfoUrl="https://pmd.github.io/pmd/pmd_rules_java_bestpractices.html#junitassertionsshouldincludemessage" priority="3">
JUnit assertions should include a message
</violation>
<violation beginline="253" endline="253" begincolumn="9" endcolumn="20" rule="JUnitAssertionsShouldIncludeMessage" ruleset="Best Practices" package="org.junit.tests.running.methods" class="TestMethodTest" method="onlyIgnoredMethodsIsStillFineTestClass" externalInfoUrl="https://pmd.github.io/pmd/pmd_rules_java_bestpractices.html#junitassertionsshouldincludemessage" priority="3">
JUnit assertions should include a message
</violation>
</file>
<file name="C:\Users\Deyan\Downloads\junit4-r4.13.2\src\test\java\org\junit\tests\running\methods\TimeoutTest.java">
<violation beginline="1" endline="334" begincolumn="1" endcolumn="2" rule="TooManyStaticImports" ruleset="Code Style" package="org.junit.tests.running.methods" class="TimeoutTest" externalInfoUrl="https://pmd.github.io/pmd/pmd_rules_java_codestyle.html#toomanystaticimports" priority="3">
Too many static imports may lead to messy code
</violation>
<violation beginline="32" endline="32" begincolumn="13" endcolumn="16" rule="JUnitAssertionsShouldIncludeMessage" ruleset="Best Practices" package="org.junit.tests.running.methods" class="TimeoutTest$FailureWithTimeoutTest" method="failure" externalInfoUrl="https://pmd.github.io/pmd/pmd_rules_java_bestpractices.html#junitassertionsshouldincludemessage" priority="3">
JUnit assertions should include a message
</violation>
<violation beginline="37" endline="37" begincolumn="45" endcolumn="53" rule="SignatureDeclareThrowsException" ruleset="Design" package="org.junit.tests.running.methods" class="TimeoutTest" method="failureWithTimeout" externalInfoUrl="https://pmd.github.io/pmd/pmd_rules_java_design.html#signaturedeclarethrowsexception" priority="3">
A method/constructor should not explicitly throw java.lang.Exception
</violation>
<violation beginline="37" endline="43" begincolumn="12" endcolumn="5" rule="JUnitTestContainsTooManyAsserts" ruleset="Best Practices" package="org.junit.tests.running.methods" class="TimeoutTest" method="failureWithTimeout" externalInfoUrl="https://pmd.github.io/pmd/pmd_rules_java_bestpractices.html#junittestcontainstoomanyasserts" priority="3">
Unit tests should not contain more than 1 assert(s).
</violation>
<violation beginline="40" endline="40" begincolumn="9" endcolumn="20" rule="JUnitAssertionsShouldIncludeMessage" ruleset="Best Practices" package="org.junit.tests.running.methods" class="TimeoutTest" method="failureWithTimeout" externalInfoUrl="https://pmd.github.io/pmd/pmd_rules_java_bestpractices.html#junitassertionsshouldincludemessage" priority="3">
JUnit assertions should include a message
</violation>
<violation beginline="41" endline="41" begincolumn="9" endcolumn="20" rule="JUnitAssertionsShouldIncludeMessage" ruleset="Best Practices" package="org.junit.tests.running.methods" class="TimeoutTest" method="failureWithTimeout" externalInfoUrl="https://pmd.github.io/pmd/pmd_rules_java_bestpractices.html#junitassertionsshouldincludemessage" priority="3">
JUnit assertions should include a message
</violation>
<violation beginline="42" endline="42" begincolumn="9" endcolumn="20" rule="JUnitAssertionsShouldIncludeMessage" ruleset="Best Practices" package="org.junit.tests.running.methods" class="TimeoutTest" method="failureWithTimeout" externalInfoUrl="https://pmd.github.io/pmd/pmd_rules_java_bestpractices.html#junitassertionsshouldincludemessage" priority="3">
JUnit assertions should include a message
</violation>
<violation beginline="47" endline="49" begincolumn="16" endcolumn="9" rule="JUnitTestsShouldIncludeAssert" ruleset="Best Practices" package="org.junit.tests.running.methods" class="TimeoutTest$FailureWithTimeoutRunTimeExceptionTest" method="failure" externalInfoUrl="https://pmd.github.io/pmd/pmd_rules_java_bestpractices.html#junittestsshouldincludeassert" priority="3">
JUnit tests should include assert() or fail()
</violation>
<violation beginline="48" endline="48" begincolumn="13" endcolumn="45" rule="AvoidThrowingNullPointerException" ruleset="Design" package="org.junit.tests.running.methods" class="TimeoutTest$FailureWithTimeoutRunTimeExceptionTest" method="failure" externalInfoUrl="https://pmd.github.io/pmd/pmd_rules_java_design.html#avoidthrowingnullpointerexception" priority="1">
Avoid throwing null pointer exceptions.
</violation>
<violation beginline="53" endline="53" begincolumn="61" endcolumn="69" rule="SignatureDeclareThrowsException" ruleset="Design" package="org.junit.tests.running.methods" class="TimeoutTest" method="failureWithTimeoutRunTimeException" externalInfoUrl="https://pmd.github.io/pmd/pmd_rules_java_design.html#signaturedeclarethrowsexception" priority="3">
A method/constructor should not explicitly throw java.lang.Exception
</violation>
<violation beginline="53" endline="59" begincolumn="12" endcolumn="5" rule="JUnitTestContainsTooManyAsserts" ruleset="Best Practices" package="org.junit.tests.running.methods" class="TimeoutTest" method="failureWithTimeoutRunTimeException" externalInfoUrl="https://pmd.github.io/pmd/pmd_rules_java_bestpractices.html#junittestcontainstoomanyasserts" priority="3">
Unit tests should not contain more than 1 assert(s).
</violation>
<violation beginline="56" endline="56" begincolumn="9" endcolumn="20" rule="JUnitAssertionsShouldIncludeMessage" ruleset="Best Practices" package="org.junit.tests.running.methods" class="TimeoutTest" method="failureWithTimeoutRunTimeException" externalInfoUrl="https://pmd.github.io/pmd/pmd_rules_java_bestpractices.html#junitassertionsshouldincludemessage" priority="3">
JUnit assertions should include a message
</violation>
<violation beginline="57" endline="57" begincolumn="9" endcolumn="20" rule="JUnitAssertionsShouldIncludeMessage" ruleset="Best Practices" package="org.junit.tests.running.methods" class="TimeoutTest" method="failureWithTimeoutRunTimeException" externalInfoUrl="https://pmd.github.io/pmd/pmd_rules_java_bestpractices.html#junitassertionsshouldincludemessage" priority="3">
JUnit assertions should include a message
</violation>
<violation beginline="58" endline="58" begincolumn="9" endcolumn="20" rule="JUnitAssertionsShouldIncludeMessage" ruleset="Best Practices" package="org.junit.tests.running.methods" class="TimeoutTest" method="failureWithTimeoutRunTimeException" externalInfoUrl="https://pmd.github.io/pmd/pmd_rules_java_bestpractices.html#junitassertionsshouldincludemessage" priority="3">
JUnit assertions should include a message
</violation>
<violation beginline="63" endline="64" begincolumn="31" endcolumn="9" rule="UncommentedEmptyMethodBody" ruleset="Documentation" package="org.junit.tests.running.methods" class="TimeoutTest$SuccessWithTimeoutTest" method="success" externalInfoUrl="https://pmd.github.io/pmd/pmd_rules_java_documentation.html#uncommentedemptymethodbody" priority="3">
Document empty method body
</violation>
<violation beginline="63" endline="64" begincolumn="16" endcolumn="9" rule="JUnitTestsShouldIncludeAssert" ruleset="Best Practices" package="org.junit.tests.running.methods" class="TimeoutTest$SuccessWithTimeoutTest" method="success" externalInfoUrl="https://pmd.github.io/pmd/pmd_rules_java_bestpractices.html#junittestsshouldincludeassert" priority="3">
JUnit tests should include assert() or fail()
</violation>
<violation beginline="68" endline="68" begincolumn="45" endcolumn="53" rule="SignatureDeclareThrowsException" ruleset="Design" package="org.junit.tests.running.methods" class="TimeoutTest" method="successWithTimeout" externalInfoUrl="https://pmd.github.io/pmd/pmd_rules_java_design.html#signaturedeclarethrowsexception" priority="3">
A method/constructor should not explicitly throw java.lang.Exception
</violation>
<violation beginline="68" endline="73" begincolumn="12" endcolumn="5" rule="JUnitTestContainsTooManyAsserts" ruleset="Best Practices" package="org.junit.tests.running.methods" class="TimeoutTest" method="successWithTimeout" externalInfoUrl="https://pmd.github.io/pmd/pmd_rules_java_bestpractices.html#junittestcontainstoomanyasserts" priority="3">
Unit tests should not contain more than 1 assert(s).
</violation>
<violation beginline="71" endline="71" begincolumn="9" endcolumn="20" rule="JUnitAssertionsShouldIncludeMessage" ruleset="Best Practices" package="org.junit.tests.running.methods" class="TimeoutTest" method="successWithTimeout" externalInfoUrl="https://pmd.github.io/pmd/pmd_rules_java_bestpractices.html#junitassertionsshouldincludemessage" priority="3">
JUnit assertions should include a message
</violation>
<violation beginline="72" endline="72" begincolumn="9" endcolumn="20" rule="JUnitAssertionsShouldIncludeMessage" ruleset="Best Practices" package="org.junit.tests.running.methods" class="TimeoutTest" method="successWithTimeout" externalInfoUrl="https://pmd.github.io/pmd/pmd_rules_java_bestpractices.html#junitassertionsshouldincludemessage" priority="3">
JUnit assertions should include a message
</violation>
<violation beginline="77" endline="79" begincolumn="16" endcolumn="9" rule="JUnitTestsShouldIncludeAssert" ruleset="Best Practices" package="org.junit.tests.running.methods" class="TimeoutTest$TimeoutFailureTest" method="success" externalInfoUrl="https://pmd.github.io/pmd/pmd_rules_java_bestpractices.html#junittestsshouldincludeassert" priority="3">
JUnit tests should include assert() or fail()
</violation>
<violation beginline="78" endline="78" begincolumn="26" endcolumn="30" rule="UseUnderscoresInNumericLiterals" ruleset="Code Style" package="org.junit.tests.running.methods" class="TimeoutTest$TimeoutFailureTest" method="success" externalInfoUrl="https://pmd.github.io/pmd/pmd_rules_java_codestyle.html#useunderscoresinnumericliterals" priority="3">
Number 40000 should separate every third digit with an underscore
</violation>
<violation beginline="84" endline="84" begincolumn="41" endcolumn="49" rule="SignatureDeclareThrowsException" ruleset="Design" package="org.junit.tests.running.methods" class="TimeoutTest" method="timeoutFailure" externalInfoUrl="https://pmd.github.io/pmd/pmd_rules_java_design.html#signaturedeclarethrowsexception" priority="3">
A method/constructor should not explicitly throw java.lang.Exception
</violation>
<violation beginline="84" endline="90" begincolumn="12" endcolumn="5" rule="JUnitTestContainsTooManyAsserts" ruleset="Best Practices" package="org.junit.tests.running.methods" class="TimeoutTest" method="timeoutFailure" externalInfoUrl="https://pmd.github.io/pmd/pmd_rules_java_bestpractices.html#junittestcontainstoomanyasserts" priority="3">
Unit tests should not contain more than 1 assert(s).
</violation>
<violation beginline="87" endline="87" begincolumn="9" endcolumn="20" rule="JUnitAssertionsShouldIncludeMessage" ruleset="Best Practices" package="org.junit.tests.running.methods" class="TimeoutTest" method="timeoutFailure" externalInfoUrl="https://pmd.github.io/pmd/pmd_rules_java_bestpractices.html#junitassertionsshouldincludemessage" priority="3">
JUnit assertions should include a message
</violation>
<violation beginline="88" endline="88" begincolumn="9" endcolumn="20" rule="JUnitAssertionsShouldIncludeMessage" ruleset="Best Practices" package="org.junit.tests.running.methods" class="TimeoutTest" method="timeoutFailure" externalInfoUrl="https://pmd.github.io/pmd/pmd_rules_java_bestpractices.html#junitassertionsshouldincludemessage" priority="3">
JUnit assertions should include a message
</violation>
<violation beginline="89" endline="89" begincolumn="9" endcolumn="20" rule="JUnitAssertionsShouldIncludeMessage" ruleset="Best Practices" package="org.junit.tests.running.methods" class="TimeoutTest" method="timeoutFailure" externalInfoUrl="https://pmd.github.io/pmd/pmd_rules_java_bestpractices.html#junitassertionsshouldincludemessage" priority="3">
JUnit assertions should include a message
</violation>
<violation beginline="94" endline="96" begincolumn="16" endcolumn="9" rule="JUnitTestsShouldIncludeAssert" ruleset="Best Practices" package="org.junit.tests.running.methods" class="TimeoutTest$InfiniteLoopTest" method="failure" externalInfoUrl="https://pmd.github.io/pmd/pmd_rules_java_bestpractices.html#junittestsshouldincludeassert" priority="3">
JUnit tests should include assert() or fail()
</violation>
<violation beginline="109" endline="109" begincolumn="39" endcolumn="47" rule="SignatureDeclareThrowsException" ruleset="Design" package="org.junit.tests.running.methods" class="TimeoutTest" method="infiniteLoop" externalInfoUrl="https://pmd.github.io/pmd/pmd_rules_java_design.html#signaturedeclarethrowsexception" priority="3">
A method/constructor should not explicitly throw java.lang.Exception
</violation>
<violation beginline="109" endline="116" begincolumn="12" endcolumn="5" rule="JUnitTestContainsTooManyAsserts" ruleset="Best Practices" package="org.junit.tests.running.methods" class="TimeoutTest" method="infiniteLoop" externalInfoUrl="https://pmd.github.io/pmd/pmd_rules_java_bestpractices.html#junittestcontainstoomanyasserts" priority="3">
Unit tests should not contain more than 1 assert(s).
</violation>
<violation beginline="112" endline="112" begincolumn="9" endcolumn="20" rule="JUnitAssertionsShouldIncludeMessage" ruleset="Best Practices" package="org.junit.tests.running.methods" class="TimeoutTest" method="infiniteLoop" externalInfoUrl="https://pmd.github.io/pmd/pmd_rules_java_bestpractices.html#junitassertionsshouldincludemessage" priority="3">
JUnit assertions should include a message
</violation>
<violation beginline="113" endline="113" begincolumn="9" endcolumn="20" rule="JUnitAssertionsShouldIncludeMessage" ruleset="Best Practices" package="org.junit.tests.running.methods" class="TimeoutTest" method="infiniteLoop" externalInfoUrl="https://pmd.github.io/pmd/pmd_rules_java_bestpractices.html#junitassertionsshouldincludemessage" priority="3">
JUnit assertions should include a message
</violation>
<violation beginline="115" endline="115" begincolumn="9" endcolumn="18" rule="JUnitAssertionsShouldIncludeMessage" ruleset="Best Practices" package="org.junit.tests.running.methods" class="TimeoutTest" method="infiniteLoop" externalInfoUrl="https://pmd.github.io/pmd/pmd_rules_java_bestpractices.html#junitassertionsshouldincludemessage" priority="3">
JUnit assertions should include a message
</violation>
<violation beginline="120" endline="122" begincolumn="16" endcolumn="9" rule="JUnitTestsShouldIncludeAssert" ruleset="Best Practices" package="org.junit.tests.running.methods" class="TimeoutTest$ImpatientLoopTest" method="failure" externalInfoUrl="https://pmd.github.io/pmd/pmd_rules_java_bestpractices.html#junittestsshouldincludeassert" priority="3">
JUnit tests should include assert() or fail()
</violation>
<violation beginline="125" endline="125" begincolumn="13" endcolumn="24" rule="ControlStatementBraces" ruleset="Code Style" package="org.junit.tests.running.methods" class="TimeoutTest$ImpatientLoopTest" method="infiniteLoop" externalInfoUrl="https://pmd.github.io/pmd/pmd_rules_java_codestyle.html#controlstatementbraces" priority="3">
This statement should have braces
</violation>
<violation beginline="131" endline="131" begincolumn="74" endcolumn="82" rule="SignatureDeclareThrowsException" ruleset="Design" package="org.junit.tests.running.methods" class="TimeoutTest" method="infiniteLoopRunsForApproximatelyLengthOfTimeout" externalInfoUrl="https://pmd.github.io/pmd/pmd_rules_java_design.html#signaturedeclarethrowsexception" priority="3">
A method/constructor should not explicitly throw java.lang.Exception
</violation>
<violation beginline="146" endline="146" begincolumn="9" endcolumn="25" rule="UnnecessaryLocalBeforeReturn" ruleset="Code Style" package="org.junit.tests.running.methods" class="TimeoutTest" method="runAndTime" externalInfoUrl="https://pmd.github.io/pmd/pmd_rules_java_codestyle.html#unnecessarylocalbeforereturn" priority="3">
Consider simply returning the value vs storing it in local variable 'totalTime'
</violation>
<violation beginline="151" endline="151" begincolumn="21" endcolumn="26" rule="CloseResource" ruleset="Error Prone" package="org.junit.tests.running.methods" class="TimeoutTest" method="stackForException" variable="writer" externalInfoUrl="https://pmd.github.io/pmd/pmd_rules_java_errorprone.html#closeresource" priority="3">
Ensure that resources like this Writer object are closed after use
</violation>
<violation beginline="157" endline="157" begincolumn="59" endcolumn="67" rule="SignatureDeclareThrowsException" ruleset="Design" package="org.junit.tests.running.methods" class="TimeoutTest" method="stalledThreadAppearsInStackTrace" externalInfoUrl="https://pmd.github.io/pmd/pmd_rules_java_design.html#signaturedeclarethrowsexception" priority="3">
A method/constructor should not explicitly throw java.lang.Exception
</violation>
<violation beginline="157" endline="164" begincolumn="12" endcolumn="5" rule="JUnitTestContainsTooManyAsserts" ruleset="Best Practices" package="org.junit.tests.running.methods" class="TimeoutTest" method="stalledThreadAppearsInStackTrace" externalInfoUrl="https://pmd.github.io/pmd/pmd_rules_java_bestpractices.html#junittestcontainstoomanyasserts" priority="3">
Unit tests should not contain more than 1 assert(s).
</violation>
<violation beginline="160" endline="160" begincolumn="9" endcolumn="20" rule="JUnitAssertionsShouldIncludeMessage" ruleset="Best Practices" package="org.junit.tests.running.methods" class="TimeoutTest" method="stalledThreadAppearsInStackTrace" externalInfoUrl="https://pmd.github.io/pmd/pmd_rules_java_bestpractices.html#junitassertionsshouldincludemessage" priority="3">
JUnit assertions should include a message
</violation>
<violation beginline="161" endline="161" begincolumn="9" endcolumn="20" rule="JUnitAssertionsShouldIncludeMessage" ruleset="Best Practices" package="org.junit.tests.running.methods" class="TimeoutTest" method="stalledThreadAppearsInStackTrace" externalInfoUrl="https://pmd.github.io/pmd/pmd_rules_java_bestpractices.html#junitassertionsshouldincludemessage" priority="3">
JUnit assertions should include a message
</violation>
<violation beginline="163" endline="163" begincolumn="9" endcolumn="18" rule="JUnitAssertionsShouldIncludeMessage" ruleset="Best Practices" package="org.junit.tests.running.methods" class="TimeoutTest" method="stalledThreadAppearsInStackTrace" externalInfoUrl="https://pmd.github.io/pmd/pmd_rules_java_bestpractices.html#junitassertionsshouldincludemessage" priority="3">
JUnit assertions should include a message
</violation>
<violation beginline="169" endline="169" begincolumn="29" endcolumn="34" rule="ImmutableField" ruleset="Design" package="org.junit.tests.running.methods" class="TimeoutTest$InfiniteLoopMultithreaded$ThreadTest" variable="fStall" externalInfoUrl="https://pmd.github.io/pmd/pmd_rules_java_design.html#immutablefield" priority="3">
Private field 'fStall' could be made final; it is only initialized in the declaration or constructor.
</violation>
<violation beginline="177" endline="177" begincolumn="21" endcolumn="32" rule="ControlStatementBraces" ruleset="Code Style" package="org.junit.tests.running.methods" class="TimeoutTest$InfiniteLoopMultithreaded$ThreadTest" method="run" externalInfoUrl="https://pmd.github.io/pmd/pmd_rules_java_codestyle.html#controlstatementbraces" priority="3">
This statement should have braces
</violation>
<violation beginline="177" endline="177" begincolumn="21" endcolumn="32" rule="ControlStatementBraces" ruleset="Code Style" package="org.junit.tests.running.methods" class="TimeoutTest$InfiniteLoopMultithreaded$ThreadTest" method="run" externalInfoUrl="https://pmd.github.io/pmd/pmd_rules_java_codestyle.html#controlstatementbraces" priority="3">
This statement should have braces
</violation>
<violation beginline="185" endline="185" begincolumn="62" endcolumn="70" rule="SignatureDeclareThrowsException" ruleset="Design" package="org.junit.tests.running.methods" class="TimeoutTest$InfiniteLoopMultithreaded" method="failure" externalInfoUrl="https://pmd.github.io/pmd/pmd_rules_java_design.html#signaturedeclarethrowsexception" priority="3">
A method/constructor should not explicitly throw java.lang.Exception
</violation>
<violation beginline="193" endline="193" begincolumn="17" endcolumn="28" rule="ControlStatementBraces" ruleset="Code Style" package="org.junit.tests.running.methods" class="TimeoutTest$InfiniteLoopMultithreaded" method="failure" externalInfoUrl="https://pmd.github.io/pmd/pmd_rules_java_codestyle.html#controlstatementbraces" priority="3">
This statement should have braces
</violation>
<violation beginline="193" endline="193" begincolumn="17" endcolumn="28" rule="ControlStatementBraces" ruleset="Code Style" package="org.junit.tests.running.methods" class="TimeoutTest$InfiniteLoopMultithreaded" method="failure" externalInfoUrl="https://pmd.github.io/pmd/pmd_rules_java_codestyle.html#controlstatementbraces" priority="3">
This statement should have braces
</violation>
<violation beginline="208" endline="208" begincolumn="38" endcolumn="46" rule="SignatureDeclareThrowsException" ruleset="Design" package="org.junit.tests.running.methods" class="TimeoutTest$InfiniteLoopWithStuckThreadTest" method="failure" externalInfoUrl="https://pmd.github.io/pmd/pmd_rules_java_design.html#signaturedeclarethrowsexception" priority="3">
A method/constructor should not explicitly throw java.lang.Exception
</violation>
<violation beginline="208" endline="210" begincolumn="16" endcolumn="9" rule="JUnitTestsShouldIncludeAssert" ruleset="Best Practices" package="org.junit.tests.running.methods" class="TimeoutTest$InfiniteLoopWithStuckThreadTest" method="failure" externalInfoUrl="https://pmd.github.io/pmd/pmd_rules_java_bestpractices.html#junittestsshouldincludeassert" priority="3">
JUnit tests should include assert() or fail()
</violation>
<violation beginline="221" endline="221" begincolumn="38" endcolumn="46" rule="SignatureDeclareThrowsException" ruleset="Design" package="org.junit.tests.running.methods" class="TimeoutTest$InfiniteLoopStuckInMainThreadTest" method="failure" externalInfoUrl="https://pmd.github.io/pmd/pmd_rules_java_design.html#signaturedeclarethrowsexception" priority="3">
A method/constructor should not explicitly throw java.lang.Exception
</violation>
<violation beginline="221" endline="223" begincolumn="16" endcolumn="9" rule="JUnitTestsShouldIncludeAssert" ruleset="Best Practices" package="org.junit.tests.running.methods" class="TimeoutTest$InfiniteLoopStuckInMainThreadTest" method="failure" externalInfoUrl="https://pmd.github.io/pmd/pmd_rules_java_bestpractices.html#junittestsshouldincludeassert" priority="3">
JUnit tests should include assert() or fail()
</violation>
<violation beginline="227" endline="227" begincolumn="54" endcolumn="62" rule="SignatureDeclareThrowsException" ruleset="Design" package="org.junit.tests.running.methods" class="TimeoutTest" method="timeoutFailureMultithreaded" externalInfoUrl="https://pmd.github.io/pmd/pmd_rules_java_design.html#signaturedeclarethrowsexception" priority="3">
A method/constructor should not explicitly throw java.lang.Exception
</violation>
<violation beginline="227" endline="238" begincolumn="12" endcolumn="5" rule="JUnitTestContainsTooManyAsserts" ruleset="Best Practices" package="org.junit.tests.running.methods" class="TimeoutTest" method="timeoutFailureMultithreaded" externalInfoUrl="https://pmd.github.io/pmd/pmd_rules_java_bestpractices.html#junittestcontainstoomanyasserts" priority="3">
Unit tests should not contain more than 1 assert(s).
</violation>
<violation beginline="230" endline="230" begincolumn="9" endcolumn="20" rule="JUnitAssertionsShouldIncludeMessage" ruleset="Best Practices" package="org.junit.tests.running.methods" class="TimeoutTest" method="timeoutFailureMultithreaded" externalInfoUrl="https://pmd.github.io/pmd/pmd_rules_java_bestpractices.html#junitassertionsshouldincludemessage" priority="3">
JUnit assertions should include a message
</violation>
<violation beginline="231" endline="231" begincolumn="9" endcolumn="20" rule="JUnitAssertionsShouldIncludeMessage" ruleset="Best Practices" package="org.junit.tests.running.methods" class="TimeoutTest" method="timeoutFailureMultithreaded" externalInfoUrl="https://pmd.github.io/pmd/pmd_rules_java_bestpractices.html#junitassertionsshouldincludemessage" priority="3">
JUnit assertions should include a message
</violation>
<violation beginline="233" endline="234" begincolumn="9" endcolumn="70" rule="ControlStatementBraces" ruleset="Code Style" package="org.junit.tests.running.methods" class="TimeoutTest" method="timeoutFailureMultithreaded" externalInfoUrl="https://pmd.github.io/pmd/pmd_rules_java_codestyle.html#controlstatementbraces" priority="3">
This statement should have braces
</violation>
<violation beginline="235" endline="235" begincolumn="9" endcolumn="18" rule="JUnitAssertionsShouldIncludeMessage" ruleset="Best Practices" package="org.junit.tests.running.methods" class="TimeoutTest" method="timeoutFailureMultithreaded" externalInfoUrl="https://pmd.github.io/pmd/pmd_rules_java_bestpractices.html#junitassertionsshouldincludemessage" priority="3">
JUnit assertions should include a message
</violation>
<violation beginline="236" endline="236" begincolumn="9" endcolumn="18" rule="JUnitAssertionsShouldIncludeMessage" ruleset="Best Practices" package="org.junit.tests.running.methods" class="TimeoutTest" method="timeoutFailureMultithreaded" externalInfoUrl="https://pmd.github.io/pmd/pmd_rules_java_bestpractices.html#junitassertionsshouldincludemessage" priority="3">
JUnit assertions should include a message
</violation>
<violation beginline="237" endline="237" begincolumn="9" endcolumn="18" rule="JUnitAssertionsShouldIncludeMessage" ruleset="Best Practices" package="org.junit.tests.running.methods" class="TimeoutTest" method="timeoutFailureMultithreaded" externalInfoUrl="https://pmd.github.io/pmd/pmd_rules_java_bestpractices.html#junitassertionsshouldincludemessage" priority="3">
JUnit assertions should include a message
</violation>
<violation beginline="241" endline="241" begincolumn="65" endcolumn="73" rule="SignatureDeclareThrowsException" ruleset="Design" package="org.junit.tests.running.methods" class="TimeoutTest" method="timeoutFailureMultithreadedStuckInMain" externalInfoUrl="https://pmd.github.io/pmd/pmd_rules_java_design.html#signaturedeclarethrowsexception" priority="3">
A method/constructor should not explicitly throw java.lang.Exception
</violation>
<violation beginline="241" endline="249" begincolumn="12" endcolumn="5" rule="JUnitTestContainsTooManyAsserts" ruleset="Best Practices" package="org.junit.tests.running.methods" class="TimeoutTest" method="timeoutFailureMultithreadedStuckInMain" externalInfoUrl="https://pmd.github.io/pmd/pmd_rules_java_bestpractices.html#junittestcontainstoomanyasserts" priority="3">
Unit tests should not contain more than 1 assert(s).
</violation>
<violation beginline="244" endline="244" begincolumn="9" endcolumn="20" rule="JUnitAssertionsShouldIncludeMessage" ruleset="Best Practices" package="org.junit.tests.running.methods" class="TimeoutTest" method="timeoutFailureMultithreadedStuckInMain" externalInfoUrl="https://pmd.github.io/pmd/pmd_rules_java_bestpractices.html#junitassertionsshouldincludemessage" priority="3">
JUnit assertions should include a message
</violation>
<violation beginline="245" endline="245" begincolumn="9" endcolumn="20" rule="JUnitAssertionsShouldIncludeMessage" ruleset="Best Practices" package="org.junit.tests.running.methods" class="TimeoutTest" method="timeoutFailureMultithreadedStuckInMain" externalInfoUrl="https://pmd.github.io/pmd/pmd_rules_java_bestpractices.html#junitassertionsshouldincludemessage" priority="3">
JUnit assertions should include a message
</violation>
<violation beginline="247" endline="247" begincolumn="9" endcolumn="18" rule="JUnitAssertionsShouldIncludeMessage" ruleset="Best Practices" package="org.junit.tests.running.methods" class="TimeoutTest" method="timeoutFailureMultithreadedStuckInMain" externalInfoUrl="https://pmd.github.io/pmd/pmd_rules_java_bestpractices.html#junitassertionsshouldincludemessage" priority="3">
JUnit assertions should include a message
</violation>
<violation beginline="248" endline="248" begincolumn="9" endcolumn="18" rule="JUnitAssertionsShouldIncludeMessage" ruleset="Best Practices" package="org.junit.tests.running.methods" class="TimeoutTest" method="timeoutFailureMultithreadedStuckInMain" externalInfoUrl="https://pmd.github.io/pmd/pmd_rules_java_bestpractices.html#junitassertionsshouldincludemessage" priority="3">
JUnit assertions should include a message
</violation>
<violation beginline="255" endline="255" begincolumn="9" endcolumn="20" rule="JUnitAssertionsShouldIncludeMessage" ruleset="Best Practices" package="org.junit.tests.running.methods" class="TimeoutTest" method="compatibility" externalInfoUrl="https://pmd.github.io/pmd/pmd_rules_java_bestpractices.html#junitassertionsshouldincludemessage" priority="3">
JUnit assertions should include a message
</violation>
<violation beginline="259" endline="259" begincolumn="24" endcolumn="45" rule="RedundantFieldInitializer" ruleset="Performance" package="org.junit.tests.running.methods" class="TimeoutTest$WillTimeOut" variable="afterWasCalled" externalInfoUrl="https://pmd.github.io/pmd/pmd_rules_java_performance.html#redundantfieldinitializer" priority="3">
Avoid using redundant field initializer for 'afterWasCalled'
</violation>
<violation beginline="259" endline="259" begincolumn="9" endcolumn="46" rule="DefaultPackage" ruleset="Code Style" package="org.junit.tests.running.methods" class="TimeoutTest$WillTimeOut" externalInfoUrl="https://pmd.github.io/pmd/pmd_rules_java_codestyle.html#defaultpackage" priority="3">
Use explicit scoping instead of the default package private level
</violation>
<violation beginline="262" endline="270" begincolumn="16" endcolumn="9" rule="JUnitTestsShouldIncludeAssert" ruleset="Best Practices" package="org.junit.tests.running.methods" class="TimeoutTest$WillTimeOut" method="test" externalInfoUrl="https://pmd.github.io/pmd/pmd_rules_java_bestpractices.html#junittestsshouldincludeassert" priority="3">
JUnit tests should include assert() or fail()
</violation>
<violation beginline="265" endline="265" begincolumn="34" endcolumn="38" rule="UseUnderscoresInNumericLiterals" ruleset="Code Style" package="org.junit.tests.running.methods" class="TimeoutTest$WillTimeOut" method="test" externalInfoUrl="https://pmd.github.io/pmd/pmd_rules_java_codestyle.html#useunderscoresinnumericliterals" priority="3">
Number 10000 should separate every third digit with an underscore
</violation>
<violation beginline="281" endline="281" begincolumn="9" endcolumn="18" rule="JUnitAssertionsShouldIncludeMessage" ruleset="Best Practices" package="org.junit.tests.running.methods" class="TimeoutTest" method="makeSureAfterIsCalledAfterATimeout" externalInfoUrl="https://pmd.github.io/pmd/pmd_rules_java_bestpractices.html#junitassertionsshouldincludemessage" priority="3">
JUnit assertions should include a message
</violation>
<violation beginline="289" endline="295" begincolumn="16" endcolumn="9" rule="JUnitTestsShouldIncludeAssert" ruleset="Best Practices" package="org.junit.tests.running.methods" class="TimeoutTest$TimeOutZero" method="test" externalInfoUrl="https://pmd.github.io/pmd/pmd_rules_java_bestpractices.html#junittestsshouldincludeassert" priority="3">
JUnit tests should include assert() or fail()
</violation>
<violation beginline="299" endline="304" begincolumn="12" endcolumn="5" rule="JUnitTestContainsTooManyAsserts" ruleset="Best Practices" package="org.junit.tests.running.methods" class="TimeoutTest" method="testZeroTimeoutIsIgnored" externalInfoUrl="https://pmd.github.io/pmd/pmd_rules_java_bestpractices.html#junittestcontainstoomanyasserts" priority="3">
Unit tests should not contain more than 1 assert(s).
</violation>
<violation beginline="323" endline="323" begincolumn="13" endcolumn="24" rule="JUnitAssertionsShouldIncludeMessage" ruleset="Best Practices" package="org.junit.tests.running.methods" class="TimeoutTest$TimeOutOneSecond" method="test" externalInfoUrl="https://pmd.github.io/pmd/pmd_rules_java_bestpractices.html#junitassertionsshouldincludemessage" priority="3">
JUnit assertions should include a message
</violation>
<violation beginline="328" endline="333" begincolumn="12" endcolumn="5" rule="JUnitTestContainsTooManyAsserts" ruleset="Best Practices" package="org.junit.tests.running.methods" class="TimeoutTest" method="testGetTimeout" externalInfoUrl="https://pmd.github.io/pmd/pmd_rules_java_bestpractices.html#junittestcontainstoomanyasserts" priority="3">
Unit tests should not contain more than 1 assert(s).
</violation>
</file>
<file name="C:\Users\Deyan\Downloads\junit4-r4.13.2\src\test\java\org\junit\tests\validation\BadlyFormedClassesTest.java">
<violation beginline="18" endline="18" begincolumn="43" endcolumn="51" rule="SignatureDeclareThrowsException" ruleset="Design" package="org.junit.tests.validation" class="BadlyFormedClassesTest$FaultyConstructor" method="FaultyConstructor" externalInfoUrl="https://pmd.github.io/pmd/pmd_rules_java_design.html#signaturedeclarethrowsexception" priority="3">
A method/constructor should not explicitly throw java.lang.Exception
</violation>
<violation beginline="19" endline="19" begincolumn="23" endcolumn="31" rule="AvoidThrowingRawExceptionTypes" ruleset="Design" package="org.junit.tests.validation" class="BadlyFormedClassesTest$FaultyConstructor" method="FaultyConstructor" externalInfoUrl="https://pmd.github.io/pmd/pmd_rules_java_design.html#avoidthrowingrawexceptiontypes" priority="1">
Avoid throwing raw exception types.
</violation>
<violation beginline="23" endline="28" begincolumn="16" endcolumn="9" rule="JUnitTestsShouldIncludeAssert" ruleset="Best Practices" package="org.junit.tests.validation" class="BadlyFormedClassesTest$FaultyConstructor" method="someTest" externalInfoUrl="https://pmd.github.io/pmd/pmd_rules_java_bestpractices.html#junittestsshouldincludeassert" priority="3">
JUnit tests should include assert() or fail()
</violation>
<violation beginline="33" endline="36" begincolumn="9" endcolumn="9" rule="DefaultPackage" ruleset="Code Style" package="org.junit.tests.validation" class="BadlyFormedClassesTest$BadBeforeMethodWithLegacyRunner" externalInfoUrl="https://pmd.github.io/pmd/pmd_rules_java_codestyle.html#defaultpackage" priority="3">
Use explicit scoping instead of the default package private level
</violation>
<violation beginline="34" endline="36" begincolumn="23" endcolumn="9" rule="UncommentedEmptyMethodBody" ruleset="Documentation" package="org.junit.tests.validation" class="BadlyFormedClassesTest$BadBeforeMethodWithLegacyRunner" method="before" externalInfoUrl="https://pmd.github.io/pmd/pmd_rules_java_documentation.html#uncommentedemptymethodbody" priority="3">
Document empty method body
</violation>
<violation beginline="39" endline="40" begincolumn="32" endcolumn="9" rule="UncommentedEmptyMethodBody" ruleset="Documentation" package="org.junit.tests.validation" class="BadlyFormedClassesTest$BadBeforeMethodWithLegacyRunner" method="someTest" externalInfoUrl="https://pmd.github.io/pmd/pmd_rules_java_documentation.html#uncommentedemptymethodbody" priority="3">
Document empty method body
</violation>
<violation beginline="39" endline="40" begincolumn="16" endcolumn="9" rule="JUnitTestsShouldIncludeAssert" ruleset="Best Practices" package="org.junit.tests.validation" class="BadlyFormedClassesTest$BadBeforeMethodWithLegacyRunner" method="someTest" externalInfoUrl="https://pmd.github.io/pmd/pmd_rules_java_bestpractices.html#junittestsshouldincludeassert" priority="3">
JUnit tests should include assert() or fail()
</violation>
<violation beginline="50" endline="50" begincolumn="9" endcolumn="20" rule="JUnitAssertionsShouldIncludeMessage" ruleset="Best Practices" package="org.junit.tests.validation" class="BadlyFormedClassesTest" method="constructorException" externalInfoUrl="https://pmd.github.io/pmd/pmd_rules_java_bestpractices.html#junitassertionsshouldincludemessage" priority="3">
JUnit assertions should include a message
</violation>
<violation beginline="55" endline="55" begincolumn="9" endcolumn="18" rule="JUnitAssertionsShouldIncludeMessage" ruleset="Best Practices" package="org.junit.tests.validation" class="BadlyFormedClassesTest" method="noRunnableMethods" externalInfoUrl="https://pmd.github.io/pmd/pmd_rules_java_bestpractices.html#junitassertionsshouldincludemessage" priority="3">
JUnit assertions should include a message
</violation>
<violation beginline="60" endline="60" begincolumn="9" endcolumn="20" rule="JUnitAssertionsShouldIncludeMessage" ruleset="Best Practices" package="org.junit.tests.validation" class="BadlyFormedClassesTest" method="badBeforeMethodWithLegacyRunner" externalInfoUrl="https://pmd.github.io/pmd/pmd_rules_java_bestpractices.html#junitassertionsshouldincludemessage" priority="3">
JUnit assertions should include a message
</violation>
<violation beginline="69" endline="69" begincolumn="9" endcolumn="23" rule="UnnecessaryLocalBeforeReturn" ruleset="Code Style" package="org.junit.tests.validation" class="BadlyFormedClassesTest" method="exceptionMessageFrom" externalInfoUrl="https://pmd.github.io/pmd/pmd_rules_java_codestyle.html#unnecessarylocalbeforereturn" priority="3">
Consider simply returning the value vs storing it in local variable 'message'
</violation>
</file>
<file name="C:\Users\Deyan\Downloads\junit4-r4.13.2\src\test\java\org\junit\tests\validation\FailedConstructionTest.java">
<violation beginline="13" endline="13" begincolumn="23" endcolumn="38" rule="AvoidThrowingRawExceptionTypes" ruleset="Design" package="org.junit.tests.validation" class="FailedConstructionTest$CantConstruct" method="CantConstruct" externalInfoUrl="https://pmd.github.io/pmd/pmd_rules_java_design.html#avoidthrowingrawexceptiontypes" priority="1">
Avoid throwing raw exception types.
</violation>
<violation beginline="17" endline="18" begincolumn="27" endcolumn="9" rule="UncommentedEmptyMethodBody" ruleset="Documentation" package="org.junit.tests.validation" class="FailedConstructionTest$CantConstruct" method="foo" externalInfoUrl="https://pmd.github.io/pmd/pmd_rules_java_documentation.html#uncommentedemptymethodbody" priority="3">
Document empty method body
</violation>
<violation beginline="17" endline="18" begincolumn="16" endcolumn="9" rule="JUnitTestsShouldIncludeAssert" ruleset="Best Practices" package="org.junit.tests.validation" class="FailedConstructionTest$CantConstruct" method="foo" externalInfoUrl="https://pmd.github.io/pmd/pmd_rules_java_bestpractices.html#junittestsshouldincludeassert" priority="3">
JUnit tests should include assert() or fail()
</violation>
</file>
<file name="C:\Users\Deyan\Downloads\junit4-r4.13.2\src\test\java\org\junit\tests\validation\ValidationTest.java">
<violation beginline="16" endline="18" begincolumn="19" endcolumn="9" rule="ShortMethodName" ruleset="Code Style" package="org.junit.tests.validation" class="ValidationTest$WrongBeforeClass" method="a" externalInfoUrl="https://pmd.github.io/pmd/pmd_rules_java_codestyle.html#shortmethodname" priority="3">
Avoid using short method names
</violation>
<violation beginline="23" endline="23" begincolumn="9" endcolumn="20" rule="JUnitAssertionsShouldIncludeMessage" ruleset="Best Practices" package="org.junit.tests.validation" class="ValidationTest" method="initializationErrorIsOnCorrectClass" externalInfoUrl="https://pmd.github.io/pmd/pmd_rules_java_bestpractices.html#junitassertionsshouldincludemessage" priority="3">
JUnit assertions should include a message
</violation>
<violation beginline="29" endline="30" begincolumn="30" endcolumn="9" rule="UncommentedEmptyMethodBody" ruleset="Documentation" package="org.junit.tests.validation" class="ValidationTest$NonStaticBeforeClass" method="before" externalInfoUrl="https://pmd.github.io/pmd/pmd_rules_java_documentation.html#uncommentedemptymethodbody" priority="3">
Document empty method body
</violation>
<violation beginline="33" endline="34" begincolumn="59" endcolumn="9" rule="UncommentedEmptyMethodBody" ruleset="Documentation" package="org.junit.tests.validation" class="ValidationTest$NonStaticBeforeClass" method="hereBecauseEveryTestClassNeedsATest" externalInfoUrl="https://pmd.github.io/pmd/pmd_rules_java_documentation.html#uncommentedemptymethodbody" priority="3">
Document empty method body
</violation>
<violation beginline="33" endline="34" begincolumn="16" endcolumn="9" rule="JUnitTestsShouldIncludeAssert" ruleset="Best Practices" package="org.junit.tests.validation" class="ValidationTest$NonStaticBeforeClass" method="hereBecauseEveryTestClassNeedsATest" externalInfoUrl="https://pmd.github.io/pmd/pmd_rules_java_bestpractices.html#junittestsshouldincludeassert" priority="3">
JUnit tests should include assert() or fail()
</violation>
<violation beginline="40" endline="40" begincolumn="9" endcolumn="18" rule="JUnitAssertionsShouldIncludeMessage" ruleset="Best Practices" package="org.junit.tests.validation" class="ValidationTest" method="nonStaticBeforeClass" externalInfoUrl="https://pmd.github.io/pmd/pmd_rules_java_bestpractices.html#junitassertionsshouldincludemessage" priority="3">
JUnit assertions should include a message
</violation>
</file>
<file name="C:\Users\Deyan\Downloads\junit4-r4.13.2\src\test\java\org\junit\tests\validation\anotherpackage\Sub.java">
<violation beginline="3" endline="5" begincolumn="8" endcolumn="1" rule="ShortClassName" ruleset="Code Style" package="org.junit.tests.validation.anotherpackage" class="Sub" externalInfoUrl="https://pmd.github.io/pmd/pmd_rules_java_codestyle.html#shortclassname" priority="4">
Avoid short class names like Sub
</violation>
</file>
<file name="C:\Users\Deyan\Downloads\junit4-r4.13.2\src\test\java\org\junit\tests\validation\anotherpackage\Super.java">
<violation beginline="7" endline="8" begincolumn="12" endcolumn="5" rule="ShortMethodName" ruleset="Code Style" package="org.junit.tests.validation.anotherpackage" class="Super" method="a" externalInfoUrl="https://pmd.github.io/pmd/pmd_rules_java_codestyle.html#shortmethodname" priority="3">
Avoid using short method names
</violation>
<violation beginline="7" endline="8" begincolumn="21" endcolumn="5" rule="UncommentedEmptyMethodBody" ruleset="Documentation" package="org.junit.tests.validation.anotherpackage" class="Super" method="a" externalInfoUrl="https://pmd.github.io/pmd/pmd_rules_java_documentation.html#uncommentedemptymethodbody" priority="3">
Document empty method body
</violation>
<violation beginline="7" endline="8" begincolumn="12" endcolumn="5" rule="JUnitTestsShouldIncludeAssert" ruleset="Best Practices" package="org.junit.tests.validation.anotherpackage" class="Super" method="a" externalInfoUrl="https://pmd.github.io/pmd/pmd_rules_java_bestpractices.html#junittestsshouldincludeassert" priority="3">
JUnit tests should include assert() or fail()
</violation>
</file>
<file name="C:\Users\Deyan\Downloads\junit4-r4.13.2\src\test\java\org\junit\validator\AnnotationValidatorFactoryTest.java">
<violation beginline="19" endline="19" begincolumn="9" endcolumn="18" rule="JUnitAssertionsShouldIncludeMessage" ruleset="Best Practices" package="org.junit.validator" class="AnnotationValidatorFactoryTest" method="createAnnotationValidator" externalInfoUrl="https://pmd.github.io/pmd/pmd_rules_java_bestpractices.html#junitassertionsshouldincludemessage" priority="3">
JUnit assertions should include a message
</violation>
<violation beginline="22" endline="22" begincolumn="5" endcolumn="42" rule="UnnecessaryAnnotationValueElement" ruleset="Code Style" package="org.junit.validator" class="AnnotationValidatorFactoryTest" externalInfoUrl="https://pmd.github.io/pmd/pmd_rules_java_codestyle.html#unnecessaryannotationvalueelement" priority="3">
Avoid the use of value in annotations when its the only element
</violation>
<violation beginline="38" endline="38" begincolumn="5" endcolumn="61" rule="UnnecessaryAnnotationValueElement" ruleset="Code Style" package="org.junit.validator" class="AnnotationValidatorFactoryTest" externalInfoUrl="https://pmd.github.io/pmd/pmd_rules_java_codestyle.html#unnecessaryannotationvalueelement" priority="3">
Avoid the use of value in annotations when its the only element
</violation>
</file>
<file name="C:\Users\Deyan\Downloads\junit4-r4.13.2\src\test\java\org\junit\validator\AnnotationsValidatorTest.java">
<violation beginline="51" endline="52" begincolumn="28" endcolumn="9" rule="UncommentedEmptyMethodBody" ruleset="Documentation" package="org.junit.validator" class="AnnotationsValidatorTest$AnnotationValidatorMethodTest" method="test" externalInfoUrl="https://pmd.github.io/pmd/pmd_rules_java_documentation.html#uncommentedemptymethodbody" priority="3">
Document empty method body
</violation>
<violation beginline="51" endline="52" begincolumn="16" endcolumn="9" rule="JUnitTestsShouldIncludeAssert" ruleset="Best Practices" package="org.junit.validator" class="AnnotationsValidatorTest$AnnotationValidatorMethodTest" method="test" externalInfoUrl="https://pmd.github.io/pmd/pmd_rules_java_bestpractices.html#junittestsshouldincludeassert" priority="3">
JUnit tests should include assert() or fail()
</violation>
<violation beginline="57" endline="57" begincolumn="24" endcolumn="28" rule="UnusedPrivateField" ruleset="Best Practices" package="org.junit.validator" class="AnnotationsValidatorTest$AnnotationValidatorFieldTest" variable="field" externalInfoUrl="https://pmd.github.io/pmd/pmd_rules_java_bestpractices.html#unusedprivatefield" priority="3">
Avoid unused private fields such as 'field'.
</violation>
<violation beginline="60" endline="61" begincolumn="28" endcolumn="9" rule="UncommentedEmptyMethodBody" ruleset="Documentation" package="org.junit.validator" class="AnnotationsValidatorTest$AnnotationValidatorFieldTest" method="test" externalInfoUrl="https://pmd.github.io/pmd/pmd_rules_java_documentation.html#uncommentedemptymethodbody" priority="3">
Document empty method body
</violation>
<violation beginline="60" endline="61" begincolumn="16" endcolumn="9" rule="JUnitTestsShouldIncludeAssert" ruleset="Best Practices" package="org.junit.validator" class="AnnotationsValidatorTest$AnnotationValidatorFieldTest" method="test" externalInfoUrl="https://pmd.github.io/pmd/pmd_rules_java_bestpractices.html#junittestsshouldincludeassert" priority="3">
JUnit tests should include assert() or fail()
</violation>
<violation beginline="67" endline="68" begincolumn="28" endcolumn="9" rule="UncommentedEmptyMethodBody" ruleset="Documentation" package="org.junit.validator" class="AnnotationsValidatorTest$AnnotationValidatorClassTest" method="test" externalInfoUrl="https://pmd.github.io/pmd/pmd_rules_java_documentation.html#uncommentedemptymethodbody" priority="3">
Document empty method body
</violation>
<violation beginline="67" endline="68" begincolumn="16" endcolumn="9" rule="JUnitTestsShouldIncludeAssert" ruleset="Best Practices" package="org.junit.validator" class="AnnotationsValidatorTest$AnnotationValidatorClassTest" method="test" externalInfoUrl="https://pmd.github.io/pmd/pmd_rules_java_bestpractices.html#junittestsshouldincludeassert" priority="3">
JUnit tests should include assert() or fail()
</violation>
<violation beginline="94" endline="94" begincolumn="9" endcolumn="18" rule="JUnitAssertionsShouldIncludeMessage" ruleset="Best Practices" package="org.junit.validator" class="AnnotationsValidatorTest" method="assertClassHasFailureMessage" externalInfoUrl="https://pmd.github.io/pmd/pmd_rules_java_bestpractices.html#junitassertionsshouldincludemessage" priority="3">
JUnit assertions should include a message
</violation>
<violation beginline="95" endline="95" begincolumn="9" endcolumn="18" rule="JUnitAssertionsShouldIncludeMessage" ruleset="Best Practices" package="org.junit.validator" class="AnnotationsValidatorTest" method="assertClassHasFailureMessage" externalInfoUrl="https://pmd.github.io/pmd/pmd_rules_java_bestpractices.html#junitassertionsshouldincludemessage" priority="3">
JUnit assertions should include a message
</violation>
</file>
<file name="C:\Users\Deyan\Downloads\junit4-r4.13.2\src\test\java\org\junit\validator\PublicClassValidatorTest.java">
<violation beginline="25" endline="25" begincolumn="9" endcolumn="18" rule="JUnitAssertionsShouldIncludeMessage" ruleset="Best Practices" package="org.junit.validator" class="PublicClassValidatorTest" method="acceptsPublicClass" externalInfoUrl="https://pmd.github.io/pmd/pmd_rules_java_bestpractices.html#junitassertionsshouldincludemessage" priority="3">
JUnit assertions should include a message
</violation>
</file>
<error filename="C:\Users\Deyan\Downloads\junit4-r4.13.2\src\test\java\org\junit\rules\MethodRulesTest.java" msg="NullPointerException: null">
<![CDATA[java.lang.NullPointerException
	at net.sourceforge.pmd.lang.java.rule.bestpractices.JUnitTestsShouldIncludeAssertRule.getRuleAnnotatedExpectedExceptions(JUnitTestsShouldIncludeAssertRule.java:110)
	at net.sourceforge.pmd.lang.java.rule.bestpractices.JUnitTestsShouldIncludeAssertRule.visit(JUnitTestsShouldIncludeAssertRule.java:48)
	at net.sourceforge.pmd.lang.java.ast.ASTMethodDeclaration.jjtAccept(ASTMethodDeclaration.java:37)
	at net.sourceforge.pmd.lang.java.rule.AbstractJavaRule.visit(AbstractJavaRule.java:220)
	at net.sourceforge.pmd.lang.java.rule.AbstractJavaRule.visit(AbstractJavaRule.java:267)
	at net.sourceforge.pmd.lang.java.ast.ASTClassOrInterfaceBodyDeclaration.jjtAccept(ASTClassOrInterfaceBodyDeclaration.java:44)
	at net.sourceforge.pmd.lang.java.rule.AbstractJavaRule.visit(AbstractJavaRule.java:220)
	at net.sourceforge.pmd.lang.java.rule.AbstractJavaRule.visit(AbstractJavaRule.java:262)
	at net.sourceforge.pmd.lang.java.ast.ASTClassOrInterfaceBody.jjtAccept(ASTClassOrInterfaceBody.java:35)
	at net.sourceforge.pmd.lang.java.rule.AbstractJavaRule.visit(AbstractJavaRule.java:220)
	at net.sourceforge.pmd.lang.java.rule.AbstractJavaRule.visit(AbstractJavaRule.java:232)
	at net.sourceforge.pmd.lang.java.rule.bestpractices.JUnitTestsShouldIncludeAssertRule.visit(JUnitTestsShouldIncludeAssertRule.java:38)
	at net.sourceforge.pmd.lang.java.ast.ASTClassOrInterfaceDeclaration.jjtAccept(ASTClassOrInterfaceDeclaration.java:56)
	at net.sourceforge.pmd.lang.java.rule.AbstractJavaRule.visit(AbstractJavaRule.java:220)
	at net.sourceforge.pmd.lang.java.rule.AbstractJavaRule.visit(AbstractJavaRule.java:267)
	at net.sourceforge.pmd.lang.java.ast.ASTClassOrInterfaceBodyDeclaration.jjtAccept(ASTClassOrInterfaceBodyDeclaration.java:44)
	at net.sourceforge.pmd.lang.java.rule.AbstractJavaRule.visit(AbstractJavaRule.java:220)
	at net.sourceforge.pmd.lang.java.rule.AbstractJavaRule.visit(AbstractJavaRule.java:262)
	at net.sourceforge.pmd.lang.java.ast.ASTClassOrInterfaceBody.jjtAccept(ASTClassOrInterfaceBody.java:35)
	at net.sourceforge.pmd.lang.java.rule.AbstractJavaRule.visit(AbstractJavaRule.java:220)
	at net.sourceforge.pmd.lang.java.rule.AbstractJavaRule.visit(AbstractJavaRule.java:232)
	at net.sourceforge.pmd.lang.java.rule.bestpractices.JUnitTestsShouldIncludeAssertRule.visit(JUnitTestsShouldIncludeAssertRule.java:38)
	at net.sourceforge.pmd.lang.java.ast.ASTClassOrInterfaceDeclaration.jjtAccept(ASTClassOrInterfaceDeclaration.java:56)
	at net.sourceforge.pmd.lang.java.rule.AbstractJavaRule.visit(AbstractJavaRule.java:220)
	at net.sourceforge.pmd.lang.java.rule.AbstractJavaRule.visit(AbstractJavaRule.java:417)
	at net.sourceforge.pmd.lang.java.ast.ASTTypeDeclaration.jjtAccept(ASTTypeDeclaration.java:39)
	at net.sourceforge.pmd.lang.java.rule.AbstractJavaRule.visit(AbstractJavaRule.java:220)
	at net.sourceforge.pmd.lang.java.rule.AbstractJavaRule.visit(AbstractJavaRule.java:392)
	at net.sourceforge.pmd.lang.java.rule.AbstractJUnitRule.visit(AbstractJUnitRule.java:52)
	at net.sourceforge.pmd.lang.java.ast.ASTCompilationUnit.jjtAccept(ASTCompilationUnit.java:44)
	at net.sourceforge.pmd.lang.java.rule.AbstractJavaRule.visitAll(AbstractJavaRule.java:163)
	at net.sourceforge.pmd.lang.java.rule.AbstractJavaRule.apply(AbstractJavaRule.java:157)
	at net.sourceforge.pmd.lang.rule.AbstractDelegateRule.apply(AbstractDelegateRule.java:336)
	at net.sourceforge.pmd.RuleSet.apply(RuleSet.java:659)
	at net.sourceforge.pmd.RuleSets.apply(RuleSets.java:163)
	at net.sourceforge.pmd.SourceCodeProcessor.processSource(SourceCodeProcessor.java:200)
	at net.sourceforge.pmd.SourceCodeProcessor.processSourceCodeWithoutCache(SourceCodeProcessor.java:113)
	at net.sourceforge.pmd.SourceCodeProcessor.processSourceCode(SourceCodeProcessor.java:95)
	at net.sourceforge.pmd.SourceCodeProcessor.processSourceCode(SourceCodeProcessor.java:57)
	at net.sourceforge.pmd.processor.PmdRunnable.call(PmdRunnable.java:85)
	at net.sourceforge.pmd.processor.PmdRunnable.call(PmdRunnable.java:29)
	at java.base/java.util.concurrent.FutureTask.run(FutureTask.java:264)
	at java.base/java.util.concurrent.Executors$RunnableAdapter.call(Executors.java:515)
	at java.base/java.util.concurrent.FutureTask.run(FutureTask.java:264)
	at java.base/java.util.concurrent.ThreadPoolExecutor.runWorker(ThreadPoolExecutor.java:1128)
	at java.base/java.util.concurrent.ThreadPoolExecutor$Worker.run(ThreadPoolExecutor.java:628)
	at java.base/java.lang.Thread.run(Thread.java:834)
]]>
</error>
<error filename="C:\Users\Deyan\Downloads\junit4-r4.13.2\src\test\java\org\junit\rules\StopwatchTest.java" msg="PMDException: Error while parsing C:\Users\Deyan\Downloads\junit4-r4.13.2\src\test\java\org\junit\rules\StopwatchTest.java">
<![CDATA[net.sourceforge.pmd.PMDException: Error while parsing C:\Users\Deyan\Downloads\junit4-r4.13.2\src\test\java\org\junit\rules\StopwatchTest.java
	at net.sourceforge.pmd.SourceCodeProcessor.processSourceCodeWithoutCache(SourceCodeProcessor.java:116)
	at net.sourceforge.pmd.SourceCodeProcessor.processSourceCode(SourceCodeProcessor.java:95)
	at net.sourceforge.pmd.SourceCodeProcessor.processSourceCode(SourceCodeProcessor.java:57)
	at net.sourceforge.pmd.processor.PmdRunnable.call(PmdRunnable.java:85)
	at net.sourceforge.pmd.processor.PmdRunnable.call(PmdRunnable.java:29)
	at java.base/java.util.concurrent.FutureTask.run(FutureTask.java:264)
	at java.base/java.util.concurrent.Executors$RunnableAdapter.call(Executors.java:515)
	at java.base/java.util.concurrent.FutureTask.run(FutureTask.java:264)
	at java.base/java.util.concurrent.ThreadPoolExecutor.runWorker(ThreadPoolExecutor.java:1128)
	at java.base/java.util.concurrent.ThreadPoolExecutor$Worker.run(ThreadPoolExecutor.java:628)
	at java.base/java.lang.Thread.run(Thread.java:834)
Caused by: net.sourceforge.pmd.lang.java.ast.ParseException: Encountered " "=" "= "" at line 153, column 16.
Was expecting:
    <IDENTIFIER> ...
    
	at net.sourceforge.pmd.lang.java.ast.JavaParser.generateParseException(JavaParser.java:13324)
	at net.sourceforge.pmd.lang.java.ast.JavaParser.jj_consume_token(JavaParser.java:13208)
	at net.sourceforge.pmd.lang.java.ast.JavaParser.RecordDeclaration(JavaParser.java:1304)
	at net.sourceforge.pmd.lang.java.ast.JavaParser.LocalTypeDecl(JavaParser.java:5605)
	at net.sourceforge.pmd.lang.java.ast.JavaParser.BlockStatement(JavaParser.java:5566)
	at net.sourceforge.pmd.lang.java.ast.JavaParser.Block(JavaParser.java:5488)
	at net.sourceforge.pmd.lang.java.ast.JavaParser.MethodDeclaration(JavaParser.java:2104)
	at net.sourceforge.pmd.lang.java.ast.JavaParser.ClassOrInterfaceBodyDeclaration(JavaParser.java:1785)
	at net.sourceforge.pmd.lang.java.ast.JavaParser.ClassOrInterfaceBody(JavaParser.java:1738)
	at net.sourceforge.pmd.lang.java.ast.JavaParser.ClassOrInterfaceDeclaration(JavaParser.java:879)
	at net.sourceforge.pmd.lang.java.ast.JavaParser.TypeDeclaration(JavaParser.java:781)
	at net.sourceforge.pmd.lang.java.ast.JavaParser.CompilationUnit(JavaParser.java:501)
	at net.sourceforge.pmd.lang.java.AbstractJavaParser.parse(AbstractJavaParser.java:62)
	at net.sourceforge.pmd.SourceCodeProcessor.parse(SourceCodeProcessor.java:127)
	at net.sourceforge.pmd.SourceCodeProcessor.processSource(SourceCodeProcessor.java:191)
	at net.sourceforge.pmd.SourceCodeProcessor.processSourceCodeWithoutCache(SourceCodeProcessor.java:113)
	... 10 more
]]>
</error>
<error filename="C:\Users\Deyan\Downloads\junit4-r4.13.2\src\test\java\org\junit\rules\TestRuleTest.java" msg="NullPointerException: null">
<![CDATA[java.lang.NullPointerException
	at net.sourceforge.pmd.lang.java.rule.bestpractices.JUnitTestsShouldIncludeAssertRule.getRuleAnnotatedExpectedExceptions(JUnitTestsShouldIncludeAssertRule.java:110)
	at net.sourceforge.pmd.lang.java.rule.bestpractices.JUnitTestsShouldIncludeAssertRule.visit(JUnitTestsShouldIncludeAssertRule.java:48)
	at net.sourceforge.pmd.lang.java.ast.ASTMethodDeclaration.jjtAccept(ASTMethodDeclaration.java:37)
	at net.sourceforge.pmd.lang.java.rule.AbstractJavaRule.visit(AbstractJavaRule.java:220)
	at net.sourceforge.pmd.lang.java.rule.AbstractJavaRule.visit(AbstractJavaRule.java:267)
	at net.sourceforge.pmd.lang.java.ast.ASTClassOrInterfaceBodyDeclaration.jjtAccept(ASTClassOrInterfaceBodyDeclaration.java:44)
	at net.sourceforge.pmd.lang.java.rule.AbstractJavaRule.visit(AbstractJavaRule.java:220)
	at net.sourceforge.pmd.lang.java.rule.AbstractJavaRule.visit(AbstractJavaRule.java:262)
	at net.sourceforge.pmd.lang.java.ast.ASTClassOrInterfaceBody.jjtAccept(ASTClassOrInterfaceBody.java:35)
	at net.sourceforge.pmd.lang.java.rule.AbstractJavaRule.visit(AbstractJavaRule.java:220)
	at net.sourceforge.pmd.lang.java.rule.AbstractJavaRule.visit(AbstractJavaRule.java:232)
	at net.sourceforge.pmd.lang.java.rule.bestpractices.JUnitTestsShouldIncludeAssertRule.visit(JUnitTestsShouldIncludeAssertRule.java:38)
	at net.sourceforge.pmd.lang.java.ast.ASTClassOrInterfaceDeclaration.jjtAccept(ASTClassOrInterfaceDeclaration.java:56)
	at net.sourceforge.pmd.lang.java.rule.AbstractJavaRule.visit(AbstractJavaRule.java:220)
	at net.sourceforge.pmd.lang.java.rule.AbstractJavaRule.visit(AbstractJavaRule.java:267)
	at net.sourceforge.pmd.lang.java.ast.ASTClassOrInterfaceBodyDeclaration.jjtAccept(ASTClassOrInterfaceBodyDeclaration.java:44)
	at net.sourceforge.pmd.lang.java.rule.AbstractJavaRule.visit(AbstractJavaRule.java:220)
	at net.sourceforge.pmd.lang.java.rule.AbstractJavaRule.visit(AbstractJavaRule.java:262)
	at net.sourceforge.pmd.lang.java.ast.ASTClassOrInterfaceBody.jjtAccept(ASTClassOrInterfaceBody.java:35)
	at net.sourceforge.pmd.lang.java.rule.AbstractJavaRule.visit(AbstractJavaRule.java:220)
	at net.sourceforge.pmd.lang.java.rule.AbstractJavaRule.visit(AbstractJavaRule.java:232)
	at net.sourceforge.pmd.lang.java.rule.bestpractices.JUnitTestsShouldIncludeAssertRule.visit(JUnitTestsShouldIncludeAssertRule.java:38)
	at net.sourceforge.pmd.lang.java.ast.ASTClassOrInterfaceDeclaration.jjtAccept(ASTClassOrInterfaceDeclaration.java:56)
	at net.sourceforge.pmd.lang.java.rule.AbstractJavaRule.visit(AbstractJavaRule.java:220)
	at net.sourceforge.pmd.lang.java.rule.AbstractJavaRule.visit(AbstractJavaRule.java:417)
	at net.sourceforge.pmd.lang.java.ast.ASTTypeDeclaration.jjtAccept(ASTTypeDeclaration.java:39)
	at net.sourceforge.pmd.lang.java.rule.AbstractJavaRule.visit(AbstractJavaRule.java:220)
	at net.sourceforge.pmd.lang.java.rule.AbstractJavaRule.visit(AbstractJavaRule.java:392)
	at net.sourceforge.pmd.lang.java.rule.AbstractJUnitRule.visit(AbstractJUnitRule.java:52)
	at net.sourceforge.pmd.lang.java.ast.ASTCompilationUnit.jjtAccept(ASTCompilationUnit.java:44)
	at net.sourceforge.pmd.lang.java.rule.AbstractJavaRule.visitAll(AbstractJavaRule.java:163)
	at net.sourceforge.pmd.lang.java.rule.AbstractJavaRule.apply(AbstractJavaRule.java:157)
	at net.sourceforge.pmd.lang.rule.AbstractDelegateRule.apply(AbstractDelegateRule.java:336)
	at net.sourceforge.pmd.RuleSet.apply(RuleSet.java:659)
	at net.sourceforge.pmd.RuleSets.apply(RuleSets.java:163)
	at net.sourceforge.pmd.SourceCodeProcessor.processSource(SourceCodeProcessor.java:200)
	at net.sourceforge.pmd.SourceCodeProcessor.processSourceCodeWithoutCache(SourceCodeProcessor.java:113)
	at net.sourceforge.pmd.SourceCodeProcessor.processSourceCode(SourceCodeProcessor.java:95)
	at net.sourceforge.pmd.SourceCodeProcessor.processSourceCode(SourceCodeProcessor.java:57)
	at net.sourceforge.pmd.processor.PmdRunnable.call(PmdRunnable.java:85)
	at net.sourceforge.pmd.processor.PmdRunnable.call(PmdRunnable.java:29)
	at java.base/java.util.concurrent.FutureTask.run(FutureTask.java:264)
	at java.base/java.util.concurrent.Executors$RunnableAdapter.call(Executors.java:515)
	at java.base/java.util.concurrent.FutureTask.run(FutureTask.java:264)
	at java.base/java.util.concurrent.ThreadPoolExecutor.runWorker(ThreadPoolExecutor.java:1128)
	at java.base/java.util.concurrent.ThreadPoolExecutor$Worker.run(ThreadPoolExecutor.java:628)
	at java.base/java.lang.Thread.run(Thread.java:834)
]]>
</error>
</pmd>
